[2024-11-15T18:29:44.031+0000] {local_task_job_runner.py:123} INFO - ::group::Pre task execution logs
[2024-11-15T18:29:44.055+0000] {taskinstance.py:2613} INFO - Dependencies all met for dep_context=non-requeueable deps ti=<TaskInstance: brew-dag.connect_api scheduled__2024-11-14T07:00:00+00:00 [queued]>
[2024-11-15T18:29:44.064+0000] {taskinstance.py:2613} INFO - Dependencies all met for dep_context=requeueable deps ti=<TaskInstance: brew-dag.connect_api scheduled__2024-11-14T07:00:00+00:00 [queued]>
[2024-11-15T18:29:44.065+0000] {taskinstance.py:2866} INFO - Starting attempt 4 of 5
[2024-11-15T18:29:44.249+0000] {taskinstance.py:2889} INFO - Executing <Task(PythonOperator): connect_api> on 2024-11-14 07:00:00+00:00
[2024-11-15T18:29:44.259+0000] {warnings.py:112} WARNING - /home/***/.local/lib/python3.12/site-packages/***/task/task_runner/standard_task_runner.py:70: DeprecationWarning: This process (pid=82) is multi-threaded, use of fork() may lead to deadlocks in the child.
  pid = os.fork()

[2024-11-15T18:29:44.263+0000] {standard_task_runner.py:72} INFO - Started process 84 to run task
[2024-11-15T18:29:44.263+0000] {standard_task_runner.py:104} INFO - Running: ['***', 'tasks', 'run', 'brew-dag', 'connect_api', 'scheduled__2024-11-14T07:00:00+00:00', '--job-id', '105', '--raw', '--subdir', 'DAGS_FOLDER/brew-dag.py', '--cfg-path', '/tmp/tmp65qwf8l_']
[2024-11-15T18:29:44.264+0000] {standard_task_runner.py:105} INFO - Job 105: Subtask connect_api
[2024-11-15T18:29:44.333+0000] {task_command.py:467} INFO - Running <TaskInstance: brew-dag.connect_api scheduled__2024-11-14T07:00:00+00:00 [running]> on host 6cae2946a8ad
[2024-11-15T18:29:44.779+0000] {taskinstance.py:3132} INFO - Exporting env vars: AIRFLOW_CTX_DAG_EMAIL='nelsonlsn@outlook.com' AIRFLOW_CTX_DAG_OWNER='***' AIRFLOW_CTX_DAG_ID='brew-dag' AIRFLOW_CTX_TASK_ID='connect_api' AIRFLOW_CTX_EXECUTION_DATE='2024-11-14T07:00:00+00:00' AIRFLOW_CTX_TRY_NUMBER='4' AIRFLOW_CTX_DAG_RUN_ID='scheduled__2024-11-14T07:00:00+00:00'
[2024-11-15T18:29:44.782+0000] {logging_mixin.py:190} INFO - Task instance is in running state
[2024-11-15T18:29:44.785+0000] {logging_mixin.py:190} INFO -  Previous state of the Task instance: queued
[2024-11-15T18:29:44.786+0000] {logging_mixin.py:190} INFO - Current task name:connect_api state:running start_date:2024-11-15 18:29:44.056978+00:00
[2024-11-15T18:29:44.786+0000] {logging_mixin.py:190} INFO - Dag name:brew-dag and current dag run status:running
[2024-11-15T18:29:44.787+0000] {taskinstance.py:731} INFO - ::endgroup::
[2024-11-15T18:29:47.182+0000] {python.py:240} INFO - Done. Returned value was: 404
[2024-11-15T18:29:47.226+0000] {taskinstance.py:340} INFO - ::group::Post task execution logs
[2024-11-15T18:29:47.227+0000] {taskinstance.py:352} INFO - Marking task as SUCCESS. dag_id=brew-dag, task_id=connect_api, run_id=scheduled__2024-11-14T07:00:00+00:00, execution_date=20241114T070000, start_date=20241115T182944, end_date=20241115T182947
[2024-11-15T18:29:47.244+0000] {logging_mixin.py:190} INFO - Task instance in success state
[2024-11-15T18:29:47.245+0000] {logging_mixin.py:190} INFO -  Previous state of the Task instance: running
[2024-11-15T18:29:47.245+0000] {logging_mixin.py:190} INFO - Dag name:brew-dag queued_at:2024-11-15 18:19:01.369242+00:00
[2024-11-15T18:29:47.258+0000] {logging_mixin.py:190} INFO - Task hostname:6cae2946a8ad operator:PythonOperator
[2024-11-15T18:29:47.302+0000] {local_task_job_runner.py:266} INFO - Task exited with return code 0
[2024-11-15T18:29:47.338+0000] {taskinstance.py:3895} INFO - 1 downstream tasks scheduled from follow-on schedule check
[2024-11-15T18:29:47.385+0000] {local_task_job_runner.py:245} INFO - ::endgroup::
