[2024-11-15T18:18:30.259+0000] {local_task_job_runner.py:123} INFO - ::group::Pre task execution logs
[2024-11-15T18:18:30.277+0000] {taskinstance.py:2613} INFO - Dependencies all met for dep_context=non-requeueable deps ti=<TaskInstance: brew-dag.connect_api scheduled__2024-11-14T07:00:00+00:00 [queued]>
[2024-11-15T18:18:30.288+0000] {taskinstance.py:2613} INFO - Dependencies all met for dep_context=requeueable deps ti=<TaskInstance: brew-dag.connect_api scheduled__2024-11-14T07:00:00+00:00 [queued]>
[2024-11-15T18:18:30.289+0000] {taskinstance.py:2866} INFO - Starting attempt 2 of 3
[2024-11-15T18:18:30.312+0000] {taskinstance.py:2889} INFO - Executing <Task(PythonOperator): connect_api> on 2024-11-14 07:00:00+00:00
[2024-11-15T18:18:30.324+0000] {warnings.py:112} WARNING - /home/***/.local/lib/python3.12/site-packages/***/task/task_runner/standard_task_runner.py:70: DeprecationWarning: This process (pid=336) is multi-threaded, use of fork() may lead to deadlocks in the child.
  pid = os.fork()

[2024-11-15T18:18:30.326+0000] {standard_task_runner.py:72} INFO - Started process 338 to run task
[2024-11-15T18:18:30.325+0000] {standard_task_runner.py:104} INFO - Running: ['***', 'tasks', 'run', 'brew-dag', 'connect_api', 'scheduled__2024-11-14T07:00:00+00:00', '--job-id', '99', '--raw', '--subdir', 'DAGS_FOLDER/brew-dag.py', '--cfg-path', '/tmp/tmp80e0hoib']
[2024-11-15T18:18:30.329+0000] {standard_task_runner.py:105} INFO - Job 99: Subtask connect_api
[2024-11-15T18:18:30.388+0000] {task_command.py:467} INFO - Running <TaskInstance: brew-dag.connect_api scheduled__2024-11-14T07:00:00+00:00 [running]> on host 73e505f999af
[2024-11-15T18:18:30.508+0000] {taskinstance.py:3132} INFO - Exporting env vars: AIRFLOW_CTX_DAG_EMAIL='nelsonlsn@outlook.com' AIRFLOW_CTX_DAG_OWNER='***' AIRFLOW_CTX_DAG_ID='brew-dag' AIRFLOW_CTX_TASK_ID='connect_api' AIRFLOW_CTX_EXECUTION_DATE='2024-11-14T07:00:00+00:00' AIRFLOW_CTX_TRY_NUMBER='2' AIRFLOW_CTX_DAG_RUN_ID='scheduled__2024-11-14T07:00:00+00:00'
[2024-11-15T18:18:30.510+0000] {logging_mixin.py:190} INFO - Task instance is in running state
[2024-11-15T18:18:30.512+0000] {logging_mixin.py:190} INFO -  Previous state of the Task instance: queued
[2024-11-15T18:18:30.513+0000] {logging_mixin.py:190} INFO - Current task name:connect_api state:running start_date:2024-11-15 18:18:30.279559+00:00
[2024-11-15T18:18:30.514+0000] {logging_mixin.py:190} INFO - Dag name:brew-dag and current dag run status:running
[2024-11-15T18:18:30.515+0000] {taskinstance.py:731} INFO - ::endgroup::
[2024-11-15T18:18:32.005+0000] {python.py:240} INFO - Done. Returned value was: 404
[2024-11-15T18:18:32.514+0000] {taskinstance.py:340} INFO - ::group::Post task execution logs
[2024-11-15T18:18:32.515+0000] {taskinstance.py:352} INFO - Marking task as SUCCESS. dag_id=brew-dag, task_id=connect_api, run_id=scheduled__2024-11-14T07:00:00+00:00, execution_date=20241114T070000, start_date=20241115T181830, end_date=20241115T181832
[2024-11-15T18:18:32.536+0000] {logging_mixin.py:190} INFO - Task instance in success state
[2024-11-15T18:18:32.537+0000] {logging_mixin.py:190} INFO -  Previous state of the Task instance: running
[2024-11-15T18:18:32.537+0000] {logging_mixin.py:190} INFO - Dag name:brew-dag queued_at:2024-11-15 18:02:08.216255+00:00
[2024-11-15T18:18:32.538+0000] {logging_mixin.py:190} INFO - Task hostname:73e505f999af operator:PythonOperator
[2024-11-15T18:18:32.563+0000] {local_task_job_runner.py:266} INFO - Task exited with return code 0
[2024-11-15T18:18:32.598+0000] {taskinstance.py:3895} INFO - 1 downstream tasks scheduled from follow-on schedule check
[2024-11-15T18:18:32.605+0000] {local_task_job_runner.py:245} INFO - ::endgroup::
