[2024-11-15T18:24:16.180+0000] {local_task_job_runner.py:123} INFO - ::group::Pre task execution logs
[2024-11-15T18:24:16.283+0000] {taskinstance.py:2613} INFO - Dependencies all met for dep_context=non-requeueable deps ti=<TaskInstance: brew-dag.connect_api scheduled__2024-11-14T07:00:00+00:00 [queued]>
[2024-11-15T18:24:16.296+0000] {taskinstance.py:2613} INFO - Dependencies all met for dep_context=requeueable deps ti=<TaskInstance: brew-dag.connect_api scheduled__2024-11-14T07:00:00+00:00 [queued]>
[2024-11-15T18:24:16.297+0000] {taskinstance.py:2866} INFO - Starting attempt 3 of 4
[2024-11-15T18:24:16.323+0000] {taskinstance.py:2889} INFO - Executing <Task(PythonOperator): connect_api> on 2024-11-14 07:00:00+00:00
[2024-11-15T18:24:16.383+0000] {warnings.py:112} WARNING - /home/***/.local/lib/python3.12/site-packages/***/task/task_runner/standard_task_runner.py:70: DeprecationWarning: This process (pid=372) is multi-threaded, use of fork() may lead to deadlocks in the child.
  pid = os.fork()

[2024-11-15T18:24:16.363+0000] {standard_task_runner.py:104} INFO - Running: ['***', 'tasks', 'run', 'brew-dag', 'connect_api', 'scheduled__2024-11-14T07:00:00+00:00', '--job-id', '102', '--raw', '--subdir', 'DAGS_FOLDER/brew-dag.py', '--cfg-path', '/tmp/tmphpv4r1vt']
[2024-11-15T18:24:16.388+0000] {standard_task_runner.py:72} INFO - Started process 382 to run task
[2024-11-15T18:24:16.388+0000] {standard_task_runner.py:105} INFO - Job 102: Subtask connect_api
[2024-11-15T18:24:17.092+0000] {task_command.py:467} INFO - Running <TaskInstance: brew-dag.connect_api scheduled__2024-11-14T07:00:00+00:00 [running]> on host 73e505f999af
[2024-11-15T18:24:18.617+0000] {taskinstance.py:3132} INFO - Exporting env vars: AIRFLOW_CTX_DAG_EMAIL='nelsonlsn@outlook.com' AIRFLOW_CTX_DAG_OWNER='***' AIRFLOW_CTX_DAG_ID='brew-dag' AIRFLOW_CTX_TASK_ID='connect_api' AIRFLOW_CTX_EXECUTION_DATE='2024-11-14T07:00:00+00:00' AIRFLOW_CTX_TRY_NUMBER='3' AIRFLOW_CTX_DAG_RUN_ID='scheduled__2024-11-14T07:00:00+00:00'
[2024-11-15T18:24:18.642+0000] {logging_mixin.py:190} INFO - Task instance is in running state
[2024-11-15T18:24:18.643+0000] {logging_mixin.py:190} INFO -  Previous state of the Task instance: queued
[2024-11-15T18:24:18.645+0000] {logging_mixin.py:190} INFO - Current task name:connect_api state:running start_date:2024-11-15 18:24:16.284922+00:00
[2024-11-15T18:24:18.647+0000] {logging_mixin.py:190} INFO - Dag name:brew-dag and current dag run status:running
[2024-11-15T18:24:18.651+0000] {taskinstance.py:731} INFO - ::endgroup::
[2024-11-15T18:24:20.371+0000] {python.py:240} INFO - Done. Returned value was: 404
[2024-11-15T18:24:20.665+0000] {taskinstance.py:340} INFO - ::group::Post task execution logs
[2024-11-15T18:24:20.666+0000] {taskinstance.py:352} INFO - Marking task as SUCCESS. dag_id=brew-dag, task_id=connect_api, run_id=scheduled__2024-11-14T07:00:00+00:00, execution_date=20241114T070000, start_date=20241115T182416, end_date=20241115T182420
[2024-11-15T18:24:20.706+0000] {logging_mixin.py:190} INFO - Task instance in success state
[2024-11-15T18:24:20.708+0000] {logging_mixin.py:190} INFO -  Previous state of the Task instance: running
[2024-11-15T18:24:20.710+0000] {logging_mixin.py:190} INFO - Dag name:brew-dag queued_at:2024-11-15 18:19:01.369242+00:00
[2024-11-15T18:24:20.710+0000] {logging_mixin.py:190} INFO - Task hostname:73e505f999af operator:PythonOperator
[2024-11-15T18:24:20.749+0000] {local_task_job_runner.py:266} INFO - Task exited with return code 0
[2024-11-15T18:24:20.800+0000] {taskinstance.py:3895} INFO - 1 downstream tasks scheduled from follow-on schedule check
[2024-11-15T18:24:20.806+0000] {local_task_job_runner.py:245} INFO - ::endgroup::
