[2024-11-13T23:06:11.882+0000] {local_task_job_runner.py:123} INFO - ::group::Pre task execution logs
[2024-11-13T23:06:11.900+0000] {taskinstance.py:2613} INFO - Dependencies all met for dep_context=non-requeueable deps ti=<TaskInstance: brew-dag.bronze_silver scheduled__2024-11-12T07:00:00+00:00 [queued]>
[2024-11-13T23:06:11.912+0000] {taskinstance.py:2613} INFO - Dependencies all met for dep_context=requeueable deps ti=<TaskInstance: brew-dag.bronze_silver scheduled__2024-11-12T07:00:00+00:00 [queued]>
[2024-11-13T23:06:11.913+0000] {taskinstance.py:2866} INFO - Starting attempt 5 of 6
[2024-11-13T23:06:11.932+0000] {taskinstance.py:2889} INFO - Executing <Task(PythonOperator): bronze_silver> on 2024-11-12 07:00:00+00:00
[2024-11-13T23:06:11.943+0000] {warnings.py:112} WARNING - /home/***/.local/lib/python3.12/site-packages/***/task/task_runner/standard_task_runner.py:70: DeprecationWarning: This process (pid=641) is multi-threaded, use of fork() may lead to deadlocks in the child.
  pid = os.fork()

[2024-11-13T23:06:11.945+0000] {standard_task_runner.py:72} INFO - Started process 643 to run task
[2024-11-13T23:06:11.945+0000] {standard_task_runner.py:104} INFO - Running: ['***', 'tasks', 'run', 'brew-dag', 'bronze_silver', 'scheduled__2024-11-12T07:00:00+00:00', '--job-id', '81', '--raw', '--subdir', 'DAGS_FOLDER/brew-dag.py', '--cfg-path', '/tmp/tmp3epi90hp']
[2024-11-13T23:06:11.947+0000] {standard_task_runner.py:105} INFO - Job 81: Subtask bronze_silver
[2024-11-13T23:06:12.004+0000] {task_command.py:467} INFO - Running <TaskInstance: brew-dag.bronze_silver scheduled__2024-11-12T07:00:00+00:00 [running]> on host 453aae92f04c
[2024-11-13T23:06:12.120+0000] {taskinstance.py:3132} INFO - Exporting env vars: AIRFLOW_CTX_DAG_EMAIL='nelsonlsn@gmail.com' AIRFLOW_CTX_DAG_OWNER='***' AIRFLOW_CTX_DAG_ID='brew-dag' AIRFLOW_CTX_TASK_ID='bronze_silver' AIRFLOW_CTX_EXECUTION_DATE='2024-11-12T07:00:00+00:00' AIRFLOW_CTX_TRY_NUMBER='5' AIRFLOW_CTX_DAG_RUN_ID='scheduled__2024-11-12T07:00:00+00:00'
[2024-11-13T23:06:12.125+0000] {logging_mixin.py:190} INFO - Task instance is in running state
[2024-11-13T23:06:12.125+0000] {logging_mixin.py:190} INFO -  Previous state of the Task instance: queued
[2024-11-13T23:06:12.126+0000] {logging_mixin.py:190} INFO - Current task name:bronze_silver state:running start_date:2024-11-13 23:06:11.901663+00:00
[2024-11-13T23:06:12.127+0000] {logging_mixin.py:190} INFO - Dag name:brew-dag and current dag run status:running
[2024-11-13T23:06:12.128+0000] {taskinstance.py:731} INFO - ::endgroup::
[2024-11-13T23:06:12.544+0000] {python.py:240} INFO - Done. Returned value was: None
[2024-11-13T23:06:12.561+0000] {taskinstance.py:340} INFO - ::group::Post task execution logs
[2024-11-13T23:06:12.562+0000] {taskinstance.py:352} INFO - Marking task as SUCCESS. dag_id=brew-dag, task_id=bronze_silver, run_id=scheduled__2024-11-12T07:00:00+00:00, execution_date=20241112T070000, start_date=20241113T230611, end_date=20241113T230612
[2024-11-13T23:06:12.578+0000] {logging_mixin.py:190} INFO - Task instance in success state
[2024-11-13T23:06:12.588+0000] {logging_mixin.py:190} INFO -  Previous state of the Task instance: running
[2024-11-13T23:06:12.591+0000] {logging_mixin.py:190} INFO - Dag name:brew-dag queued_at:2024-11-13 23:03:11.406720+00:00
[2024-11-13T23:06:12.592+0000] {logging_mixin.py:190} INFO - Task hostname:453aae92f04c operator:PythonOperator
[2024-11-13T23:06:12.648+0000] {local_task_job_runner.py:266} INFO - Task exited with return code 0
[2024-11-13T23:06:12.670+0000] {taskinstance.py:3895} INFO - 1 downstream tasks scheduled from follow-on schedule check
[2024-11-13T23:06:12.677+0000] {local_task_job_runner.py:245} INFO - ::endgroup::
