[2024-11-13T22:52:23.023+0000] {local_task_job_runner.py:123} INFO - ::group::Pre task execution logs
[2024-11-13T22:52:23.040+0000] {taskinstance.py:2613} INFO - Dependencies all met for dep_context=non-requeueable deps ti=<TaskInstance: brew-dag.bronze_silver scheduled__2024-11-12T07:00:00+00:00 [queued]>
[2024-11-13T22:52:23.051+0000] {taskinstance.py:2613} INFO - Dependencies all met for dep_context=requeueable deps ti=<TaskInstance: brew-dag.bronze_silver scheduled__2024-11-12T07:00:00+00:00 [queued]>
[2024-11-13T22:52:23.053+0000] {taskinstance.py:2866} INFO - Starting attempt 2 of 3
[2024-11-13T22:52:23.071+0000] {taskinstance.py:2889} INFO - Executing <Task(PythonOperator): bronze_silver> on 2024-11-12 07:00:00+00:00
[2024-11-13T22:52:23.083+0000] {warnings.py:112} WARNING - /home/***/.local/lib/python3.12/site-packages/***/task/task_runner/standard_task_runner.py:70: DeprecationWarning: This process (pid=296) is multi-threaded, use of fork() may lead to deadlocks in the child.
  pid = os.fork()

[2024-11-13T22:52:23.085+0000] {standard_task_runner.py:72} INFO - Started process 298 to run task
[2024-11-13T22:52:23.085+0000] {standard_task_runner.py:104} INFO - Running: ['***', 'tasks', 'run', 'brew-dag', 'bronze_silver', 'scheduled__2024-11-12T07:00:00+00:00', '--job-id', '58', '--raw', '--subdir', 'DAGS_FOLDER/brew-dag.py', '--cfg-path', '/tmp/tmpyv4p7hey']
[2024-11-13T22:52:23.087+0000] {standard_task_runner.py:105} INFO - Job 58: Subtask bronze_silver
[2024-11-13T22:52:23.144+0000] {task_command.py:467} INFO - Running <TaskInstance: brew-dag.bronze_silver scheduled__2024-11-12T07:00:00+00:00 [running]> on host 453aae92f04c
[2024-11-13T22:52:23.237+0000] {taskinstance.py:3132} INFO - Exporting env vars: AIRFLOW_CTX_DAG_EMAIL='nelsonlsn@gmail.com' AIRFLOW_CTX_DAG_OWNER='***' AIRFLOW_CTX_DAG_ID='brew-dag' AIRFLOW_CTX_TASK_ID='bronze_silver' AIRFLOW_CTX_EXECUTION_DATE='2024-11-12T07:00:00+00:00' AIRFLOW_CTX_TRY_NUMBER='2' AIRFLOW_CTX_DAG_RUN_ID='scheduled__2024-11-12T07:00:00+00:00'
[2024-11-13T22:52:23.239+0000] {logging_mixin.py:190} INFO - Task instance is in running state
[2024-11-13T22:52:23.240+0000] {logging_mixin.py:190} INFO -  Previous state of the Task instance: queued
[2024-11-13T22:52:23.241+0000] {logging_mixin.py:190} INFO - Current task name:bronze_silver state:running start_date:2024-11-13 22:52:23.041693+00:00
[2024-11-13T22:52:23.241+0000] {logging_mixin.py:190} INFO - Dag name:brew-dag and current dag run status:running
[2024-11-13T22:52:23.242+0000] {taskinstance.py:731} INFO - ::endgroup::
[2024-11-13T22:52:23.697+0000] {python.py:240} INFO - Done. Returned value was: None
[2024-11-13T22:52:23.707+0000] {taskinstance.py:340} INFO - ::group::Post task execution logs
[2024-11-13T22:52:23.708+0000] {taskinstance.py:352} INFO - Marking task as SUCCESS. dag_id=brew-dag, task_id=bronze_silver, run_id=scheduled__2024-11-12T07:00:00+00:00, execution_date=20241112T070000, start_date=20241113T225223, end_date=20241113T225223
[2024-11-13T22:52:23.724+0000] {logging_mixin.py:190} INFO - Task instance in success state
[2024-11-13T22:52:23.724+0000] {logging_mixin.py:190} INFO -  Previous state of the Task instance: running
[2024-11-13T22:52:23.725+0000] {logging_mixin.py:190} INFO - Dag name:brew-dag queued_at:2024-11-13 22:47:20.279583+00:00
[2024-11-13T22:52:23.725+0000] {logging_mixin.py:190} INFO - Task hostname:453aae92f04c operator:PythonOperator
[2024-11-13T22:52:23.747+0000] {local_task_job_runner.py:266} INFO - Task exited with return code 0
[2024-11-13T22:52:23.770+0000] {taskinstance.py:3895} INFO - 1 downstream tasks scheduled from follow-on schedule check
[2024-11-13T22:52:23.777+0000] {local_task_job_runner.py:245} INFO - ::endgroup::
