[2024-11-15T19:12:35.910+0000] {processor.py:186} INFO - Started process (PID=92) to work on /home/airflow/.local/lib/python3.12/site-packages/airflow/example_dags/example_skip_dag.py
[2024-11-15T19:12:35.911+0000] {processor.py:914} INFO - Processing file /home/airflow/.local/lib/python3.12/site-packages/airflow/example_dags/example_skip_dag.py for tasks to queue
[2024-11-15T19:12:35.914+0000] {logging_mixin.py:190} INFO - [2024-11-15T19:12:35.913+0000] {dagbag.py:588} INFO - Filling up the DagBag from /home/airflow/.local/lib/python3.12/site-packages/airflow/example_dags/example_skip_dag.py
[2024-11-15T19:12:35.966+0000] {processor.py:925} INFO - DAG(s) 'example_skip_dag' retrieved from /home/airflow/.local/lib/python3.12/site-packages/airflow/example_dags/example_skip_dag.py
[2024-11-15T19:12:36.004+0000] {logging_mixin.py:190} INFO - [2024-11-15T19:12:36.004+0000] {dag.py:3239} INFO - Sync 1 DAGs
[2024-11-15T19:12:37.141+0000] {logging_mixin.py:190} INFO - [2024-11-15T19:12:37.141+0000] {dag.py:4180} INFO - Setting next_dagrun for example_skip_dag to 2024-11-14 00:00:00+00:00, run_after=2024-11-15 00:00:00+00:00
[2024-11-15T19:12:37.172+0000] {processor.py:208} INFO - Processing /home/airflow/.local/lib/python3.12/site-packages/airflow/example_dags/example_skip_dag.py took 1.268 seconds
[2024-11-15T19:13:14.177+0000] {processor.py:186} INFO - Started process (PID=157) to work on /home/airflow/.local/lib/python3.12/site-packages/airflow/example_dags/example_skip_dag.py
[2024-11-15T19:13:14.179+0000] {processor.py:914} INFO - Processing file /home/airflow/.local/lib/python3.12/site-packages/airflow/example_dags/example_skip_dag.py for tasks to queue
[2024-11-15T19:13:14.182+0000] {logging_mixin.py:190} INFO - [2024-11-15T19:13:14.182+0000] {dagbag.py:588} INFO - Filling up the DagBag from /home/airflow/.local/lib/python3.12/site-packages/airflow/example_dags/example_skip_dag.py
[2024-11-15T19:13:14.192+0000] {processor.py:925} INFO - DAG(s) 'example_skip_dag' retrieved from /home/airflow/.local/lib/python3.12/site-packages/airflow/example_dags/example_skip_dag.py
[2024-11-15T19:13:14.219+0000] {logging_mixin.py:190} INFO - [2024-11-15T19:13:14.219+0000] {dag.py:3239} INFO - Sync 1 DAGs
[2024-11-15T19:13:14.248+0000] {logging_mixin.py:190} INFO - [2024-11-15T19:13:14.248+0000] {dag.py:4180} INFO - Setting next_dagrun for example_skip_dag to 2024-11-14 00:00:00+00:00, run_after=2024-11-15 00:00:00+00:00
[2024-11-15T19:13:14.280+0000] {processor.py:208} INFO - Processing /home/airflow/.local/lib/python3.12/site-packages/airflow/example_dags/example_skip_dag.py took 0.111 seconds
[2024-11-15T19:13:51.207+0000] {processor.py:186} INFO - Started process (PID=220) to work on /home/airflow/.local/lib/python3.12/site-packages/airflow/example_dags/example_skip_dag.py
[2024-11-15T19:13:51.209+0000] {processor.py:914} INFO - Processing file /home/airflow/.local/lib/python3.12/site-packages/airflow/example_dags/example_skip_dag.py for tasks to queue
[2024-11-15T19:13:51.226+0000] {logging_mixin.py:190} INFO - [2024-11-15T19:13:51.225+0000] {dagbag.py:588} INFO - Filling up the DagBag from /home/airflow/.local/lib/python3.12/site-packages/airflow/example_dags/example_skip_dag.py
[2024-11-15T19:13:51.242+0000] {processor.py:925} INFO - DAG(s) 'example_skip_dag' retrieved from /home/airflow/.local/lib/python3.12/site-packages/airflow/example_dags/example_skip_dag.py
[2024-11-15T19:13:51.292+0000] {logging_mixin.py:190} INFO - [2024-11-15T19:13:51.291+0000] {dag.py:3239} INFO - Sync 1 DAGs
[2024-11-15T19:13:51.333+0000] {logging_mixin.py:190} INFO - [2024-11-15T19:13:51.332+0000] {dag.py:4180} INFO - Setting next_dagrun for example_skip_dag to 2024-11-14 00:00:00+00:00, run_after=2024-11-15 00:00:00+00:00
[2024-11-15T19:13:51.367+0000] {processor.py:208} INFO - Processing /home/airflow/.local/lib/python3.12/site-packages/airflow/example_dags/example_skip_dag.py took 0.172 seconds
[2024-11-15T19:14:22.337+0000] {processor.py:186} INFO - Started process (PID=284) to work on /home/airflow/.local/lib/python3.12/site-packages/airflow/example_dags/example_skip_dag.py
[2024-11-15T19:14:22.339+0000] {processor.py:914} INFO - Processing file /home/airflow/.local/lib/python3.12/site-packages/airflow/example_dags/example_skip_dag.py for tasks to queue
[2024-11-15T19:14:22.345+0000] {logging_mixin.py:190} INFO - [2024-11-15T19:14:22.344+0000] {dagbag.py:588} INFO - Filling up the DagBag from /home/airflow/.local/lib/python3.12/site-packages/airflow/example_dags/example_skip_dag.py
[2024-11-15T19:14:22.358+0000] {processor.py:925} INFO - DAG(s) 'example_skip_dag' retrieved from /home/airflow/.local/lib/python3.12/site-packages/airflow/example_dags/example_skip_dag.py
[2024-11-15T19:14:22.400+0000] {logging_mixin.py:190} INFO - [2024-11-15T19:14:22.399+0000] {dag.py:3239} INFO - Sync 1 DAGs
[2024-11-15T19:14:22.439+0000] {logging_mixin.py:190} INFO - [2024-11-15T19:14:22.438+0000] {dag.py:4180} INFO - Setting next_dagrun for example_skip_dag to 2024-11-14 00:00:00+00:00, run_after=2024-11-15 00:00:00+00:00
[2024-11-15T19:14:22.471+0000] {processor.py:208} INFO - Processing /home/airflow/.local/lib/python3.12/site-packages/airflow/example_dags/example_skip_dag.py took 0.150 seconds
[2024-11-15T19:14:54.159+0000] {processor.py:186} INFO - Started process (PID=348) to work on /home/airflow/.local/lib/python3.12/site-packages/airflow/example_dags/example_skip_dag.py
[2024-11-15T19:14:54.160+0000] {processor.py:914} INFO - Processing file /home/airflow/.local/lib/python3.12/site-packages/airflow/example_dags/example_skip_dag.py for tasks to queue
[2024-11-15T19:14:54.163+0000] {logging_mixin.py:190} INFO - [2024-11-15T19:14:54.163+0000] {dagbag.py:588} INFO - Filling up the DagBag from /home/airflow/.local/lib/python3.12/site-packages/airflow/example_dags/example_skip_dag.py
[2024-11-15T19:14:54.171+0000] {processor.py:925} INFO - DAG(s) 'example_skip_dag' retrieved from /home/airflow/.local/lib/python3.12/site-packages/airflow/example_dags/example_skip_dag.py
[2024-11-15T19:14:54.193+0000] {logging_mixin.py:190} INFO - [2024-11-15T19:14:54.192+0000] {dag.py:3239} INFO - Sync 1 DAGs
[2024-11-15T19:14:54.215+0000] {logging_mixin.py:190} INFO - [2024-11-15T19:14:54.215+0000] {dag.py:4180} INFO - Setting next_dagrun for example_skip_dag to 2024-11-14 00:00:00+00:00, run_after=2024-11-15 00:00:00+00:00
[2024-11-15T19:14:54.245+0000] {processor.py:208} INFO - Processing /home/airflow/.local/lib/python3.12/site-packages/airflow/example_dags/example_skip_dag.py took 0.091 seconds
[2024-11-15T19:15:25.022+0000] {processor.py:186} INFO - Started process (PID=412) to work on /home/airflow/.local/lib/python3.12/site-packages/airflow/example_dags/example_skip_dag.py
[2024-11-15T19:15:25.023+0000] {processor.py:914} INFO - Processing file /home/airflow/.local/lib/python3.12/site-packages/airflow/example_dags/example_skip_dag.py for tasks to queue
[2024-11-15T19:15:25.026+0000] {logging_mixin.py:190} INFO - [2024-11-15T19:15:25.026+0000] {dagbag.py:588} INFO - Filling up the DagBag from /home/airflow/.local/lib/python3.12/site-packages/airflow/example_dags/example_skip_dag.py
[2024-11-15T19:15:25.034+0000] {processor.py:925} INFO - DAG(s) 'example_skip_dag' retrieved from /home/airflow/.local/lib/python3.12/site-packages/airflow/example_dags/example_skip_dag.py
[2024-11-15T19:15:25.057+0000] {logging_mixin.py:190} INFO - [2024-11-15T19:15:25.056+0000] {dag.py:3239} INFO - Sync 1 DAGs
[2024-11-15T19:15:25.079+0000] {logging_mixin.py:190} INFO - [2024-11-15T19:15:25.079+0000] {dag.py:4180} INFO - Setting next_dagrun for example_skip_dag to 2024-11-14 00:00:00+00:00, run_after=2024-11-15 00:00:00+00:00
[2024-11-15T19:15:25.100+0000] {processor.py:208} INFO - Processing /home/airflow/.local/lib/python3.12/site-packages/airflow/example_dags/example_skip_dag.py took 0.086 seconds
