[2024-11-15T19:12:18.904+0000] {processor.py:186} INFO - Started process (PID=73) to work on /home/airflow/.local/lib/python3.12/site-packages/airflow/example_dags/example_complex.py
[2024-11-15T19:12:18.905+0000] {processor.py:914} INFO - Processing file /home/airflow/.local/lib/python3.12/site-packages/airflow/example_dags/example_complex.py for tasks to queue
[2024-11-15T19:12:18.908+0000] {logging_mixin.py:190} INFO - [2024-11-15T19:12:18.908+0000] {dagbag.py:588} INFO - Filling up the DagBag from /home/airflow/.local/lib/python3.12/site-packages/airflow/example_dags/example_complex.py
[2024-11-15T19:12:18.943+0000] {processor.py:925} INFO - DAG(s) 'example_complex' retrieved from /home/airflow/.local/lib/python3.12/site-packages/airflow/example_dags/example_complex.py
[2024-11-15T19:12:19.004+0000] {logging_mixin.py:190} INFO - [2024-11-15T19:12:19.003+0000] {dag.py:3239} INFO - Sync 1 DAGs
[2024-11-15T19:12:19.055+0000] {logging_mixin.py:190} INFO - [2024-11-15T19:12:19.055+0000] {dag.py:4180} INFO - Setting next_dagrun for example_complex to None, run_after=None
[2024-11-15T19:12:19.205+0000] {processor.py:208} INFO - Processing /home/airflow/.local/lib/python3.12/site-packages/airflow/example_dags/example_complex.py took 0.307 seconds
[2024-11-15T19:12:50.293+0000] {processor.py:186} INFO - Started process (PID=137) to work on /home/airflow/.local/lib/python3.12/site-packages/airflow/example_dags/example_complex.py
[2024-11-15T19:12:50.294+0000] {processor.py:914} INFO - Processing file /home/airflow/.local/lib/python3.12/site-packages/airflow/example_dags/example_complex.py for tasks to queue
[2024-11-15T19:12:50.296+0000] {logging_mixin.py:190} INFO - [2024-11-15T19:12:50.296+0000] {dagbag.py:588} INFO - Filling up the DagBag from /home/airflow/.local/lib/python3.12/site-packages/airflow/example_dags/example_complex.py
[2024-11-15T19:12:50.335+0000] {processor.py:925} INFO - DAG(s) 'example_complex' retrieved from /home/airflow/.local/lib/python3.12/site-packages/airflow/example_dags/example_complex.py
[2024-11-15T19:12:50.364+0000] {logging_mixin.py:190} INFO - [2024-11-15T19:12:50.364+0000] {dag.py:3239} INFO - Sync 1 DAGs
[2024-11-15T19:12:50.377+0000] {logging_mixin.py:190} INFO - [2024-11-15T19:12:50.376+0000] {dag.py:4180} INFO - Setting next_dagrun for example_complex to None, run_after=None
[2024-11-15T19:12:50.507+0000] {processor.py:208} INFO - Processing /home/airflow/.local/lib/python3.12/site-packages/airflow/example_dags/example_complex.py took 0.220 seconds
[2024-11-15T19:13:23.610+0000] {processor.py:186} INFO - Started process (PID=201) to work on /home/airflow/.local/lib/python3.12/site-packages/airflow/example_dags/example_complex.py
[2024-11-15T19:13:23.612+0000] {processor.py:914} INFO - Processing file /home/airflow/.local/lib/python3.12/site-packages/airflow/example_dags/example_complex.py for tasks to queue
[2024-11-15T19:13:23.615+0000] {logging_mixin.py:190} INFO - [2024-11-15T19:13:23.614+0000] {dagbag.py:588} INFO - Filling up the DagBag from /home/airflow/.local/lib/python3.12/site-packages/airflow/example_dags/example_complex.py
[2024-11-15T19:13:23.627+0000] {processor.py:925} INFO - DAG(s) 'example_complex' retrieved from /home/airflow/.local/lib/python3.12/site-packages/airflow/example_dags/example_complex.py
[2024-11-15T19:13:23.658+0000] {logging_mixin.py:190} INFO - [2024-11-15T19:13:23.657+0000] {dag.py:3239} INFO - Sync 1 DAGs
[2024-11-15T19:13:23.683+0000] {logging_mixin.py:190} INFO - [2024-11-15T19:13:23.682+0000] {dag.py:4180} INFO - Setting next_dagrun for example_complex to None, run_after=None
[2024-11-15T19:13:23.722+0000] {processor.py:208} INFO - Processing /home/airflow/.local/lib/python3.12/site-packages/airflow/example_dags/example_complex.py took 0.117 seconds
[2024-11-15T19:13:58.302+0000] {processor.py:186} INFO - Started process (PID=254) to work on /home/airflow/.local/lib/python3.12/site-packages/airflow/example_dags/example_complex.py
[2024-11-15T19:13:58.304+0000] {processor.py:914} INFO - Processing file /home/airflow/.local/lib/python3.12/site-packages/airflow/example_dags/example_complex.py for tasks to queue
[2024-11-15T19:13:58.312+0000] {logging_mixin.py:190} INFO - [2024-11-15T19:13:58.308+0000] {dagbag.py:588} INFO - Filling up the DagBag from /home/airflow/.local/lib/python3.12/site-packages/airflow/example_dags/example_complex.py
[2024-11-15T19:13:58.339+0000] {processor.py:925} INFO - DAG(s) 'example_complex' retrieved from /home/airflow/.local/lib/python3.12/site-packages/airflow/example_dags/example_complex.py
[2024-11-15T19:13:58.394+0000] {logging_mixin.py:190} INFO - [2024-11-15T19:13:58.394+0000] {dag.py:3239} INFO - Sync 1 DAGs
[2024-11-15T19:13:58.424+0000] {logging_mixin.py:190} INFO - [2024-11-15T19:13:58.424+0000] {dag.py:4180} INFO - Setting next_dagrun for example_complex to None, run_after=None
[2024-11-15T19:13:58.456+0000] {processor.py:208} INFO - Processing /home/airflow/.local/lib/python3.12/site-packages/airflow/example_dags/example_complex.py took 0.166 seconds
[2024-11-15T19:14:28.534+0000] {processor.py:186} INFO - Started process (PID=317) to work on /home/airflow/.local/lib/python3.12/site-packages/airflow/example_dags/example_complex.py
[2024-11-15T19:14:28.535+0000] {processor.py:914} INFO - Processing file /home/airflow/.local/lib/python3.12/site-packages/airflow/example_dags/example_complex.py for tasks to queue
[2024-11-15T19:14:28.541+0000] {logging_mixin.py:190} INFO - [2024-11-15T19:14:28.541+0000] {dagbag.py:588} INFO - Filling up the DagBag from /home/airflow/.local/lib/python3.12/site-packages/airflow/example_dags/example_complex.py
[2024-11-15T19:14:28.553+0000] {processor.py:925} INFO - DAG(s) 'example_complex' retrieved from /home/airflow/.local/lib/python3.12/site-packages/airflow/example_dags/example_complex.py
[2024-11-15T19:14:28.590+0000] {logging_mixin.py:190} INFO - [2024-11-15T19:14:28.589+0000] {dag.py:3239} INFO - Sync 1 DAGs
[2024-11-15T19:14:28.607+0000] {logging_mixin.py:190} INFO - [2024-11-15T19:14:28.607+0000] {dag.py:4180} INFO - Setting next_dagrun for example_complex to None, run_after=None
[2024-11-15T19:14:28.635+0000] {processor.py:208} INFO - Processing /home/airflow/.local/lib/python3.12/site-packages/airflow/example_dags/example_complex.py took 0.108 seconds
[2024-11-15T19:14:58.725+0000] {processor.py:186} INFO - Started process (PID=381) to work on /home/airflow/.local/lib/python3.12/site-packages/airflow/example_dags/example_complex.py
[2024-11-15T19:14:58.726+0000] {processor.py:914} INFO - Processing file /home/airflow/.local/lib/python3.12/site-packages/airflow/example_dags/example_complex.py for tasks to queue
[2024-11-15T19:14:58.729+0000] {logging_mixin.py:190} INFO - [2024-11-15T19:14:58.728+0000] {dagbag.py:588} INFO - Filling up the DagBag from /home/airflow/.local/lib/python3.12/site-packages/airflow/example_dags/example_complex.py
[2024-11-15T19:14:58.741+0000] {processor.py:925} INFO - DAG(s) 'example_complex' retrieved from /home/airflow/.local/lib/python3.12/site-packages/airflow/example_dags/example_complex.py
[2024-11-15T19:14:58.772+0000] {logging_mixin.py:190} INFO - [2024-11-15T19:14:58.772+0000] {dag.py:3239} INFO - Sync 1 DAGs
[2024-11-15T19:14:58.788+0000] {logging_mixin.py:190} INFO - [2024-11-15T19:14:58.788+0000] {dag.py:4180} INFO - Setting next_dagrun for example_complex to None, run_after=None
[2024-11-15T19:14:58.817+0000] {processor.py:208} INFO - Processing /home/airflow/.local/lib/python3.12/site-packages/airflow/example_dags/example_complex.py took 0.098 seconds
[2024-11-15T19:15:29.180+0000] {processor.py:186} INFO - Started process (PID=445) to work on /home/airflow/.local/lib/python3.12/site-packages/airflow/example_dags/example_complex.py
[2024-11-15T19:15:29.181+0000] {processor.py:914} INFO - Processing file /home/airflow/.local/lib/python3.12/site-packages/airflow/example_dags/example_complex.py for tasks to queue
[2024-11-15T19:15:29.184+0000] {logging_mixin.py:190} INFO - [2024-11-15T19:15:29.183+0000] {dagbag.py:588} INFO - Filling up the DagBag from /home/airflow/.local/lib/python3.12/site-packages/airflow/example_dags/example_complex.py
[2024-11-15T19:15:29.196+0000] {processor.py:925} INFO - DAG(s) 'example_complex' retrieved from /home/airflow/.local/lib/python3.12/site-packages/airflow/example_dags/example_complex.py
[2024-11-15T19:15:29.244+0000] {logging_mixin.py:190} INFO - [2024-11-15T19:15:29.243+0000] {dag.py:3239} INFO - Sync 1 DAGs
[2024-11-15T19:15:29.263+0000] {logging_mixin.py:190} INFO - [2024-11-15T19:15:29.263+0000] {dag.py:4180} INFO - Setting next_dagrun for example_complex to None, run_after=None
[2024-11-15T19:15:29.285+0000] {processor.py:208} INFO - Processing /home/airflow/.local/lib/python3.12/site-packages/airflow/example_dags/example_complex.py took 0.111 seconds
