[2024-11-15T19:12:18.288+0000] {processor.py:186} INFO - Started process (PID=71) to work on /home/airflow/.local/lib/python3.12/site-packages/airflow/example_dags/example_external_task_marker_dag.py
[2024-11-15T19:12:18.290+0000] {processor.py:914} INFO - Processing file /home/airflow/.local/lib/python3.12/site-packages/airflow/example_dags/example_external_task_marker_dag.py for tasks to queue
[2024-11-15T19:12:18.293+0000] {logging_mixin.py:190} INFO - [2024-11-15T19:12:18.293+0000] {dagbag.py:588} INFO - Filling up the DagBag from /home/airflow/.local/lib/python3.12/site-packages/airflow/example_dags/example_external_task_marker_dag.py
[2024-11-15T19:12:18.331+0000] {processor.py:925} INFO - DAG(s) 'example_external_task_marker_parent', 'example_external_task_marker_child' retrieved from /home/airflow/.local/lib/python3.12/site-packages/airflow/example_dags/example_external_task_marker_dag.py
[2024-11-15T19:12:18.408+0000] {logging_mixin.py:190} INFO - [2024-11-15T19:12:18.407+0000] {dag.py:3239} INFO - Sync 2 DAGs
[2024-11-15T19:12:18.518+0000] {logging_mixin.py:190} INFO - [2024-11-15T19:12:18.518+0000] {dag.py:4180} INFO - Setting next_dagrun for example_external_task_marker_child to None, run_after=None
[2024-11-15T19:12:18.531+0000] {logging_mixin.py:190} INFO - [2024-11-15T19:12:18.530+0000] {dag.py:4180} INFO - Setting next_dagrun for example_external_task_marker_parent to None, run_after=None
[2024-11-15T19:12:18.696+0000] {processor.py:208} INFO - Processing /home/airflow/.local/lib/python3.12/site-packages/airflow/example_dags/example_external_task_marker_dag.py took 0.426 seconds
[2024-11-15T19:12:49.374+0000] {processor.py:186} INFO - Started process (PID=135) to work on /home/airflow/.local/lib/python3.12/site-packages/airflow/example_dags/example_external_task_marker_dag.py
[2024-11-15T19:12:49.375+0000] {processor.py:914} INFO - Processing file /home/airflow/.local/lib/python3.12/site-packages/airflow/example_dags/example_external_task_marker_dag.py for tasks to queue
[2024-11-15T19:12:49.378+0000] {logging_mixin.py:190} INFO - [2024-11-15T19:12:49.377+0000] {dagbag.py:588} INFO - Filling up the DagBag from /home/airflow/.local/lib/python3.12/site-packages/airflow/example_dags/example_external_task_marker_dag.py
[2024-11-15T19:12:49.405+0000] {processor.py:925} INFO - DAG(s) 'example_external_task_marker_child', 'example_external_task_marker_parent' retrieved from /home/airflow/.local/lib/python3.12/site-packages/airflow/example_dags/example_external_task_marker_dag.py
[2024-11-15T19:12:49.429+0000] {logging_mixin.py:190} INFO - [2024-11-15T19:12:49.429+0000] {dag.py:3239} INFO - Sync 2 DAGs
[2024-11-15T19:12:49.444+0000] {logging_mixin.py:190} INFO - [2024-11-15T19:12:49.444+0000] {dag.py:4180} INFO - Setting next_dagrun for example_external_task_marker_child to None, run_after=None
[2024-11-15T19:12:49.449+0000] {logging_mixin.py:190} INFO - [2024-11-15T19:12:49.449+0000] {dag.py:4180} INFO - Setting next_dagrun for example_external_task_marker_parent to None, run_after=None
[2024-11-15T19:12:49.712+0000] {processor.py:208} INFO - Processing /home/airflow/.local/lib/python3.12/site-packages/airflow/example_dags/example_external_task_marker_dag.py took 0.343 seconds
[2024-11-15T19:13:23.444+0000] {processor.py:186} INFO - Started process (PID=199) to work on /home/airflow/.local/lib/python3.12/site-packages/airflow/example_dags/example_external_task_marker_dag.py
[2024-11-15T19:13:23.445+0000] {processor.py:914} INFO - Processing file /home/airflow/.local/lib/python3.12/site-packages/airflow/example_dags/example_external_task_marker_dag.py for tasks to queue
[2024-11-15T19:13:23.449+0000] {logging_mixin.py:190} INFO - [2024-11-15T19:13:23.448+0000] {dagbag.py:588} INFO - Filling up the DagBag from /home/airflow/.local/lib/python3.12/site-packages/airflow/example_dags/example_external_task_marker_dag.py
[2024-11-15T19:13:23.458+0000] {processor.py:925} INFO - DAG(s) 'example_external_task_marker_parent', 'example_external_task_marker_child' retrieved from /home/airflow/.local/lib/python3.12/site-packages/airflow/example_dags/example_external_task_marker_dag.py
[2024-11-15T19:13:23.482+0000] {logging_mixin.py:190} INFO - [2024-11-15T19:13:23.482+0000] {dag.py:3239} INFO - Sync 2 DAGs
[2024-11-15T19:13:23.497+0000] {logging_mixin.py:190} INFO - [2024-11-15T19:13:23.496+0000] {dag.py:4180} INFO - Setting next_dagrun for example_external_task_marker_child to None, run_after=None
[2024-11-15T19:13:23.501+0000] {logging_mixin.py:190} INFO - [2024-11-15T19:13:23.501+0000] {dag.py:4180} INFO - Setting next_dagrun for example_external_task_marker_parent to None, run_after=None
[2024-11-15T19:13:23.520+0000] {processor.py:208} INFO - Processing /home/airflow/.local/lib/python3.12/site-packages/airflow/example_dags/example_external_task_marker_dag.py took 0.083 seconds
[2024-11-15T19:13:57.897+0000] {processor.py:186} INFO - Started process (PID=252) to work on /home/airflow/.local/lib/python3.12/site-packages/airflow/example_dags/example_external_task_marker_dag.py
[2024-11-15T19:13:57.899+0000] {processor.py:914} INFO - Processing file /home/airflow/.local/lib/python3.12/site-packages/airflow/example_dags/example_external_task_marker_dag.py for tasks to queue
[2024-11-15T19:13:57.903+0000] {logging_mixin.py:190} INFO - [2024-11-15T19:13:57.902+0000] {dagbag.py:588} INFO - Filling up the DagBag from /home/airflow/.local/lib/python3.12/site-packages/airflow/example_dags/example_external_task_marker_dag.py
[2024-11-15T19:13:57.921+0000] {processor.py:925} INFO - DAG(s) 'example_external_task_marker_parent', 'example_external_task_marker_child' retrieved from /home/airflow/.local/lib/python3.12/site-packages/airflow/example_dags/example_external_task_marker_dag.py
[2024-11-15T19:13:57.967+0000] {logging_mixin.py:190} INFO - [2024-11-15T19:13:57.967+0000] {dag.py:3239} INFO - Sync 2 DAGs
[2024-11-15T19:13:58.001+0000] {logging_mixin.py:190} INFO - [2024-11-15T19:13:58.000+0000] {dag.py:4180} INFO - Setting next_dagrun for example_external_task_marker_child to None, run_after=None
[2024-11-15T19:13:58.014+0000] {logging_mixin.py:190} INFO - [2024-11-15T19:13:58.013+0000] {dag.py:4180} INFO - Setting next_dagrun for example_external_task_marker_parent to None, run_after=None
[2024-11-15T19:13:58.045+0000] {processor.py:208} INFO - Processing /home/airflow/.local/lib/python3.12/site-packages/airflow/example_dags/example_external_task_marker_dag.py took 0.158 seconds
[2024-11-15T19:14:28.199+0000] {processor.py:186} INFO - Started process (PID=315) to work on /home/airflow/.local/lib/python3.12/site-packages/airflow/example_dags/example_external_task_marker_dag.py
[2024-11-15T19:14:28.201+0000] {processor.py:914} INFO - Processing file /home/airflow/.local/lib/python3.12/site-packages/airflow/example_dags/example_external_task_marker_dag.py for tasks to queue
[2024-11-15T19:14:28.208+0000] {logging_mixin.py:190} INFO - [2024-11-15T19:14:28.207+0000] {dagbag.py:588} INFO - Filling up the DagBag from /home/airflow/.local/lib/python3.12/site-packages/airflow/example_dags/example_external_task_marker_dag.py
[2024-11-15T19:14:28.217+0000] {processor.py:925} INFO - DAG(s) 'example_external_task_marker_parent', 'example_external_task_marker_child' retrieved from /home/airflow/.local/lib/python3.12/site-packages/airflow/example_dags/example_external_task_marker_dag.py
[2024-11-15T19:14:28.250+0000] {logging_mixin.py:190} INFO - [2024-11-15T19:14:28.250+0000] {dag.py:3239} INFO - Sync 2 DAGs
[2024-11-15T19:14:28.273+0000] {logging_mixin.py:190} INFO - [2024-11-15T19:14:28.272+0000] {dag.py:4180} INFO - Setting next_dagrun for example_external_task_marker_child to None, run_after=None
[2024-11-15T19:14:28.277+0000] {logging_mixin.py:190} INFO - [2024-11-15T19:14:28.277+0000] {dag.py:4180} INFO - Setting next_dagrun for example_external_task_marker_parent to None, run_after=None
[2024-11-15T19:14:28.300+0000] {processor.py:208} INFO - Processing /home/airflow/.local/lib/python3.12/site-packages/airflow/example_dags/example_external_task_marker_dag.py took 0.109 seconds
[2024-11-15T19:14:58.389+0000] {processor.py:186} INFO - Started process (PID=379) to work on /home/airflow/.local/lib/python3.12/site-packages/airflow/example_dags/example_external_task_marker_dag.py
[2024-11-15T19:14:58.391+0000] {processor.py:914} INFO - Processing file /home/airflow/.local/lib/python3.12/site-packages/airflow/example_dags/example_external_task_marker_dag.py for tasks to queue
[2024-11-15T19:14:58.394+0000] {logging_mixin.py:190} INFO - [2024-11-15T19:14:58.393+0000] {dagbag.py:588} INFO - Filling up the DagBag from /home/airflow/.local/lib/python3.12/site-packages/airflow/example_dags/example_external_task_marker_dag.py
[2024-11-15T19:14:58.409+0000] {processor.py:925} INFO - DAG(s) 'example_external_task_marker_parent', 'example_external_task_marker_child' retrieved from /home/airflow/.local/lib/python3.12/site-packages/airflow/example_dags/example_external_task_marker_dag.py
[2024-11-15T19:14:58.460+0000] {logging_mixin.py:190} INFO - [2024-11-15T19:14:58.460+0000] {dag.py:3239} INFO - Sync 2 DAGs
[2024-11-15T19:14:58.486+0000] {logging_mixin.py:190} INFO - [2024-11-15T19:14:58.485+0000] {dag.py:4180} INFO - Setting next_dagrun for example_external_task_marker_child to None, run_after=None
[2024-11-15T19:14:58.491+0000] {logging_mixin.py:190} INFO - [2024-11-15T19:14:58.491+0000] {dag.py:4180} INFO - Setting next_dagrun for example_external_task_marker_parent to None, run_after=None
[2024-11-15T19:14:58.523+0000] {processor.py:208} INFO - Processing /home/airflow/.local/lib/python3.12/site-packages/airflow/example_dags/example_external_task_marker_dag.py took 0.145 seconds
[2024-11-15T19:15:29.013+0000] {processor.py:186} INFO - Started process (PID=443) to work on /home/airflow/.local/lib/python3.12/site-packages/airflow/example_dags/example_external_task_marker_dag.py
[2024-11-15T19:15:29.014+0000] {processor.py:914} INFO - Processing file /home/airflow/.local/lib/python3.12/site-packages/airflow/example_dags/example_external_task_marker_dag.py for tasks to queue
[2024-11-15T19:15:29.016+0000] {logging_mixin.py:190} INFO - [2024-11-15T19:15:29.016+0000] {dagbag.py:588} INFO - Filling up the DagBag from /home/airflow/.local/lib/python3.12/site-packages/airflow/example_dags/example_external_task_marker_dag.py
[2024-11-15T19:15:29.025+0000] {processor.py:925} INFO - DAG(s) 'example_external_task_marker_parent', 'example_external_task_marker_child' retrieved from /home/airflow/.local/lib/python3.12/site-packages/airflow/example_dags/example_external_task_marker_dag.py
[2024-11-15T19:15:29.048+0000] {logging_mixin.py:190} INFO - [2024-11-15T19:15:29.047+0000] {dag.py:3239} INFO - Sync 2 DAGs
[2024-11-15T19:15:29.066+0000] {logging_mixin.py:190} INFO - [2024-11-15T19:15:29.065+0000] {dag.py:4180} INFO - Setting next_dagrun for example_external_task_marker_child to None, run_after=None
[2024-11-15T19:15:29.071+0000] {logging_mixin.py:190} INFO - [2024-11-15T19:15:29.071+0000] {dag.py:4180} INFO - Setting next_dagrun for example_external_task_marker_parent to None, run_after=None
[2024-11-15T19:15:29.093+0000] {processor.py:208} INFO - Processing /home/airflow/.local/lib/python3.12/site-packages/airflow/example_dags/example_external_task_marker_dag.py took 0.087 seconds
