[2024-11-15T19:12:37.616+0000] {processor.py:186} INFO - Started process (PID=99) to work on /home/airflow/.local/lib/python3.12/site-packages/airflow/example_dags/example_nested_branch_dag.py
[2024-11-15T19:12:37.618+0000] {processor.py:914} INFO - Processing file /home/airflow/.local/lib/python3.12/site-packages/airflow/example_dags/example_nested_branch_dag.py for tasks to queue
[2024-11-15T19:12:37.621+0000] {logging_mixin.py:190} INFO - [2024-11-15T19:12:37.620+0000] {dagbag.py:588} INFO - Filling up the DagBag from /home/airflow/.local/lib/python3.12/site-packages/airflow/example_dags/example_nested_branch_dag.py
[2024-11-15T19:12:37.636+0000] {processor.py:925} INFO - DAG(s) 'example_nested_branch_dag' retrieved from /home/airflow/.local/lib/python3.12/site-packages/airflow/example_dags/example_nested_branch_dag.py
[2024-11-15T19:12:37.660+0000] {logging_mixin.py:190} INFO - [2024-11-15T19:12:37.660+0000] {dag.py:3239} INFO - Sync 1 DAGs
[2024-11-15T19:12:37.691+0000] {logging_mixin.py:190} INFO - [2024-11-15T19:12:37.691+0000] {dag.py:4180} INFO - Setting next_dagrun for example_nested_branch_dag to 2024-11-14 00:00:00+00:00, run_after=2024-11-15 00:00:00+00:00
[2024-11-15T19:12:37.724+0000] {processor.py:208} INFO - Processing /home/airflow/.local/lib/python3.12/site-packages/airflow/example_dags/example_nested_branch_dag.py took 0.116 seconds
[2024-11-15T19:13:14.838+0000] {processor.py:186} INFO - Started process (PID=163) to work on /home/airflow/.local/lib/python3.12/site-packages/airflow/example_dags/example_nested_branch_dag.py
[2024-11-15T19:13:14.842+0000] {processor.py:914} INFO - Processing file /home/airflow/.local/lib/python3.12/site-packages/airflow/example_dags/example_nested_branch_dag.py for tasks to queue
[2024-11-15T19:13:14.860+0000] {logging_mixin.py:190} INFO - [2024-11-15T19:13:14.859+0000] {dagbag.py:588} INFO - Filling up the DagBag from /home/airflow/.local/lib/python3.12/site-packages/airflow/example_dags/example_nested_branch_dag.py
[2024-11-15T19:13:14.918+0000] {processor.py:925} INFO - DAG(s) 'example_nested_branch_dag' retrieved from /home/airflow/.local/lib/python3.12/site-packages/airflow/example_dags/example_nested_branch_dag.py
[2024-11-15T19:13:15.059+0000] {logging_mixin.py:190} INFO - [2024-11-15T19:13:15.058+0000] {dag.py:3239} INFO - Sync 1 DAGs
[2024-11-15T19:13:15.236+0000] {logging_mixin.py:190} INFO - [2024-11-15T19:13:15.236+0000] {dag.py:4180} INFO - Setting next_dagrun for example_nested_branch_dag to 2024-11-14 00:00:00+00:00, run_after=2024-11-15 00:00:00+00:00
[2024-11-15T19:13:15.339+0000] {processor.py:208} INFO - Processing /home/airflow/.local/lib/python3.12/site-packages/airflow/example_dags/example_nested_branch_dag.py took 0.523 seconds
[2024-11-15T19:13:52.029+0000] {processor.py:186} INFO - Started process (PID=227) to work on /home/airflow/.local/lib/python3.12/site-packages/airflow/example_dags/example_nested_branch_dag.py
[2024-11-15T19:13:52.046+0000] {processor.py:914} INFO - Processing file /home/airflow/.local/lib/python3.12/site-packages/airflow/example_dags/example_nested_branch_dag.py for tasks to queue
[2024-11-15T19:13:52.049+0000] {logging_mixin.py:190} INFO - [2024-11-15T19:13:52.049+0000] {dagbag.py:588} INFO - Filling up the DagBag from /home/airflow/.local/lib/python3.12/site-packages/airflow/example_dags/example_nested_branch_dag.py
[2024-11-15T19:13:52.099+0000] {processor.py:925} INFO - DAG(s) 'example_nested_branch_dag' retrieved from /home/airflow/.local/lib/python3.12/site-packages/airflow/example_dags/example_nested_branch_dag.py
[2024-11-15T19:13:52.125+0000] {logging_mixin.py:190} INFO - [2024-11-15T19:13:52.124+0000] {dag.py:3239} INFO - Sync 1 DAGs
[2024-11-15T19:13:52.153+0000] {logging_mixin.py:190} INFO - [2024-11-15T19:13:52.153+0000] {dag.py:4180} INFO - Setting next_dagrun for example_nested_branch_dag to 2024-11-14 00:00:00+00:00, run_after=2024-11-15 00:00:00+00:00
[2024-11-15T19:13:52.208+0000] {processor.py:208} INFO - Processing /home/airflow/.local/lib/python3.12/site-packages/airflow/example_dags/example_nested_branch_dag.py took 0.191 seconds
[2024-11-15T19:14:23.108+0000] {processor.py:186} INFO - Started process (PID=291) to work on /home/airflow/.local/lib/python3.12/site-packages/airflow/example_dags/example_nested_branch_dag.py
[2024-11-15T19:14:23.109+0000] {processor.py:914} INFO - Processing file /home/airflow/.local/lib/python3.12/site-packages/airflow/example_dags/example_nested_branch_dag.py for tasks to queue
[2024-11-15T19:14:23.114+0000] {logging_mixin.py:190} INFO - [2024-11-15T19:14:23.113+0000] {dagbag.py:588} INFO - Filling up the DagBag from /home/airflow/.local/lib/python3.12/site-packages/airflow/example_dags/example_nested_branch_dag.py
[2024-11-15T19:14:23.131+0000] {processor.py:925} INFO - DAG(s) 'example_nested_branch_dag' retrieved from /home/airflow/.local/lib/python3.12/site-packages/airflow/example_dags/example_nested_branch_dag.py
[2024-11-15T19:14:23.163+0000] {logging_mixin.py:190} INFO - [2024-11-15T19:14:23.163+0000] {dag.py:3239} INFO - Sync 1 DAGs
[2024-11-15T19:14:23.202+0000] {logging_mixin.py:190} INFO - [2024-11-15T19:14:23.201+0000] {dag.py:4180} INFO - Setting next_dagrun for example_nested_branch_dag to 2024-11-14 00:00:00+00:00, run_after=2024-11-15 00:00:00+00:00
[2024-11-15T19:14:23.242+0000] {processor.py:208} INFO - Processing /home/airflow/.local/lib/python3.12/site-packages/airflow/example_dags/example_nested_branch_dag.py took 0.147 seconds
[2024-11-15T19:14:54.690+0000] {processor.py:186} INFO - Started process (PID=355) to work on /home/airflow/.local/lib/python3.12/site-packages/airflow/example_dags/example_nested_branch_dag.py
[2024-11-15T19:14:54.692+0000] {processor.py:914} INFO - Processing file /home/airflow/.local/lib/python3.12/site-packages/airflow/example_dags/example_nested_branch_dag.py for tasks to queue
[2024-11-15T19:14:54.694+0000] {logging_mixin.py:190} INFO - [2024-11-15T19:14:54.694+0000] {dagbag.py:588} INFO - Filling up the DagBag from /home/airflow/.local/lib/python3.12/site-packages/airflow/example_dags/example_nested_branch_dag.py
[2024-11-15T19:14:54.706+0000] {processor.py:925} INFO - DAG(s) 'example_nested_branch_dag' retrieved from /home/airflow/.local/lib/python3.12/site-packages/airflow/example_dags/example_nested_branch_dag.py
[2024-11-15T19:14:54.728+0000] {logging_mixin.py:190} INFO - [2024-11-15T19:14:54.728+0000] {dag.py:3239} INFO - Sync 1 DAGs
[2024-11-15T19:14:54.755+0000] {logging_mixin.py:190} INFO - [2024-11-15T19:14:54.755+0000] {dag.py:4180} INFO - Setting next_dagrun for example_nested_branch_dag to 2024-11-14 00:00:00+00:00, run_after=2024-11-15 00:00:00+00:00
[2024-11-15T19:14:54.791+0000] {processor.py:208} INFO - Processing /home/airflow/.local/lib/python3.12/site-packages/airflow/example_dags/example_nested_branch_dag.py took 0.107 seconds
[2024-11-15T19:15:25.965+0000] {processor.py:186} INFO - Started process (PID=419) to work on /home/airflow/.local/lib/python3.12/site-packages/airflow/example_dags/example_nested_branch_dag.py
[2024-11-15T19:15:25.966+0000] {processor.py:914} INFO - Processing file /home/airflow/.local/lib/python3.12/site-packages/airflow/example_dags/example_nested_branch_dag.py for tasks to queue
[2024-11-15T19:15:25.969+0000] {logging_mixin.py:190} INFO - [2024-11-15T19:15:25.969+0000] {dagbag.py:588} INFO - Filling up the DagBag from /home/airflow/.local/lib/python3.12/site-packages/airflow/example_dags/example_nested_branch_dag.py
[2024-11-15T19:15:25.980+0000] {processor.py:925} INFO - DAG(s) 'example_nested_branch_dag' retrieved from /home/airflow/.local/lib/python3.12/site-packages/airflow/example_dags/example_nested_branch_dag.py
[2024-11-15T19:15:26.001+0000] {logging_mixin.py:190} INFO - [2024-11-15T19:15:26.001+0000] {dag.py:3239} INFO - Sync 1 DAGs
[2024-11-15T19:15:26.026+0000] {logging_mixin.py:190} INFO - [2024-11-15T19:15:26.025+0000] {dag.py:4180} INFO - Setting next_dagrun for example_nested_branch_dag to 2024-11-14 00:00:00+00:00, run_after=2024-11-15 00:00:00+00:00
[2024-11-15T19:15:26.177+0000] {processor.py:208} INFO - Processing /home/airflow/.local/lib/python3.12/site-packages/airflow/example_dags/example_nested_branch_dag.py took 0.217 seconds
