[2024-11-15T19:12:19.856+0000] {processor.py:186} INFO - Started process (PID=75) to work on /home/airflow/.local/lib/python3.12/site-packages/airflow/example_dags/example_xcomargs.py
[2024-11-15T19:12:19.857+0000] {processor.py:914} INFO - Processing file /home/airflow/.local/lib/python3.12/site-packages/airflow/example_dags/example_xcomargs.py for tasks to queue
[2024-11-15T19:12:19.860+0000] {logging_mixin.py:190} INFO - [2024-11-15T19:12:19.860+0000] {dagbag.py:588} INFO - Filling up the DagBag from /home/airflow/.local/lib/python3.12/site-packages/airflow/example_dags/example_xcomargs.py
[2024-11-15T19:12:19.881+0000] {processor.py:925} INFO - DAG(s) 'example_xcom_args', 'example_xcom_args_with_operators' retrieved from /home/airflow/.local/lib/python3.12/site-packages/airflow/example_dags/example_xcomargs.py
[2024-11-15T19:12:19.921+0000] {logging_mixin.py:190} INFO - [2024-11-15T19:12:19.920+0000] {dag.py:3239} INFO - Sync 2 DAGs
[2024-11-15T19:12:19.936+0000] {logging_mixin.py:190} INFO - [2024-11-15T19:12:19.936+0000] {dag.py:4180} INFO - Setting next_dagrun for example_xcom_args to None, run_after=None
[2024-11-15T19:12:19.941+0000] {logging_mixin.py:190} INFO - [2024-11-15T19:12:19.941+0000] {dag.py:4180} INFO - Setting next_dagrun for example_xcom_args_with_operators to None, run_after=None
[2024-11-15T19:12:20.086+0000] {processor.py:208} INFO - Processing /home/airflow/.local/lib/python3.12/site-packages/airflow/example_dags/example_xcomargs.py took 0.235 seconds
[2024-11-15T19:12:50.551+0000] {processor.py:186} INFO - Started process (PID=139) to work on /home/airflow/.local/lib/python3.12/site-packages/airflow/example_dags/example_xcomargs.py
[2024-11-15T19:12:50.552+0000] {processor.py:914} INFO - Processing file /home/airflow/.local/lib/python3.12/site-packages/airflow/example_dags/example_xcomargs.py for tasks to queue
[2024-11-15T19:12:50.555+0000] {logging_mixin.py:190} INFO - [2024-11-15T19:12:50.555+0000] {dagbag.py:588} INFO - Filling up the DagBag from /home/airflow/.local/lib/python3.12/site-packages/airflow/example_dags/example_xcomargs.py
[2024-11-15T19:12:50.610+0000] {processor.py:925} INFO - DAG(s) 'example_xcom_args', 'example_xcom_args_with_operators' retrieved from /home/airflow/.local/lib/python3.12/site-packages/airflow/example_dags/example_xcomargs.py
[2024-11-15T19:12:50.635+0000] {logging_mixin.py:190} INFO - [2024-11-15T19:12:50.635+0000] {dag.py:3239} INFO - Sync 2 DAGs
[2024-11-15T19:12:50.648+0000] {logging_mixin.py:190} INFO - [2024-11-15T19:12:50.648+0000] {dag.py:4180} INFO - Setting next_dagrun for example_xcom_args to None, run_after=None
[2024-11-15T19:12:50.653+0000] {logging_mixin.py:190} INFO - [2024-11-15T19:12:50.652+0000] {dag.py:4180} INFO - Setting next_dagrun for example_xcom_args_with_operators to None, run_after=None
[2024-11-15T19:12:50.749+0000] {processor.py:208} INFO - Processing /home/airflow/.local/lib/python3.12/site-packages/airflow/example_dags/example_xcomargs.py took 0.204 seconds
[2024-11-15T19:13:23.778+0000] {processor.py:186} INFO - Started process (PID=203) to work on /home/airflow/.local/lib/python3.12/site-packages/airflow/example_dags/example_xcomargs.py
[2024-11-15T19:13:23.779+0000] {processor.py:914} INFO - Processing file /home/airflow/.local/lib/python3.12/site-packages/airflow/example_dags/example_xcomargs.py for tasks to queue
[2024-11-15T19:13:23.783+0000] {logging_mixin.py:190} INFO - [2024-11-15T19:13:23.782+0000] {dagbag.py:588} INFO - Filling up the DagBag from /home/airflow/.local/lib/python3.12/site-packages/airflow/example_dags/example_xcomargs.py
[2024-11-15T19:13:23.794+0000] {processor.py:925} INFO - DAG(s) 'example_xcom_args_with_operators', 'example_xcom_args' retrieved from /home/airflow/.local/lib/python3.12/site-packages/airflow/example_dags/example_xcomargs.py
[2024-11-15T19:13:23.824+0000] {logging_mixin.py:190} INFO - [2024-11-15T19:13:23.824+0000] {dag.py:3239} INFO - Sync 2 DAGs
[2024-11-15T19:13:23.844+0000] {logging_mixin.py:190} INFO - [2024-11-15T19:13:23.844+0000] {dag.py:4180} INFO - Setting next_dagrun for example_xcom_args to None, run_after=None
[2024-11-15T19:13:23.854+0000] {logging_mixin.py:190} INFO - [2024-11-15T19:13:23.853+0000] {dag.py:4180} INFO - Setting next_dagrun for example_xcom_args_with_operators to None, run_after=None
[2024-11-15T19:13:23.879+0000] {processor.py:208} INFO - Processing /home/airflow/.local/lib/python3.12/site-packages/airflow/example_dags/example_xcomargs.py took 0.108 seconds
[2024-11-15T19:13:58.688+0000] {processor.py:186} INFO - Started process (PID=256) to work on /home/airflow/.local/lib/python3.12/site-packages/airflow/example_dags/example_xcomargs.py
[2024-11-15T19:13:58.690+0000] {processor.py:914} INFO - Processing file /home/airflow/.local/lib/python3.12/site-packages/airflow/example_dags/example_xcomargs.py for tasks to queue
[2024-11-15T19:13:58.696+0000] {logging_mixin.py:190} INFO - [2024-11-15T19:13:58.696+0000] {dagbag.py:588} INFO - Filling up the DagBag from /home/airflow/.local/lib/python3.12/site-packages/airflow/example_dags/example_xcomargs.py
[2024-11-15T19:13:58.715+0000] {processor.py:925} INFO - DAG(s) 'example_xcom_args', 'example_xcom_args_with_operators' retrieved from /home/airflow/.local/lib/python3.12/site-packages/airflow/example_dags/example_xcomargs.py
[2024-11-15T19:13:58.751+0000] {logging_mixin.py:190} INFO - [2024-11-15T19:13:58.751+0000] {dag.py:3239} INFO - Sync 2 DAGs
[2024-11-15T19:13:58.779+0000] {logging_mixin.py:190} INFO - [2024-11-15T19:13:58.779+0000] {dag.py:4180} INFO - Setting next_dagrun for example_xcom_args to None, run_after=None
[2024-11-15T19:13:58.785+0000] {logging_mixin.py:190} INFO - [2024-11-15T19:13:58.784+0000] {dag.py:4180} INFO - Setting next_dagrun for example_xcom_args_with_operators to None, run_after=None
[2024-11-15T19:13:58.817+0000] {processor.py:208} INFO - Processing /home/airflow/.local/lib/python3.12/site-packages/airflow/example_dags/example_xcomargs.py took 0.137 seconds
[2024-11-15T19:14:29.551+0000] {processor.py:186} INFO - Started process (PID=319) to work on /home/airflow/.local/lib/python3.12/site-packages/airflow/example_dags/example_xcomargs.py
[2024-11-15T19:14:29.552+0000] {processor.py:914} INFO - Processing file /home/airflow/.local/lib/python3.12/site-packages/airflow/example_dags/example_xcomargs.py for tasks to queue
[2024-11-15T19:14:29.558+0000] {logging_mixin.py:190} INFO - [2024-11-15T19:14:29.557+0000] {dagbag.py:588} INFO - Filling up the DagBag from /home/airflow/.local/lib/python3.12/site-packages/airflow/example_dags/example_xcomargs.py
[2024-11-15T19:14:29.568+0000] {processor.py:925} INFO - DAG(s) 'example_xcom_args_with_operators', 'example_xcom_args' retrieved from /home/airflow/.local/lib/python3.12/site-packages/airflow/example_dags/example_xcomargs.py
[2024-11-15T19:14:29.602+0000] {logging_mixin.py:190} INFO - [2024-11-15T19:14:29.601+0000] {dag.py:3239} INFO - Sync 2 DAGs
[2024-11-15T19:14:29.625+0000] {logging_mixin.py:190} INFO - [2024-11-15T19:14:29.624+0000] {dag.py:4180} INFO - Setting next_dagrun for example_xcom_args to None, run_after=None
[2024-11-15T19:14:29.629+0000] {logging_mixin.py:190} INFO - [2024-11-15T19:14:29.629+0000] {dag.py:4180} INFO - Setting next_dagrun for example_xcom_args_with_operators to None, run_after=None
[2024-11-15T19:14:29.662+0000] {processor.py:208} INFO - Processing /home/airflow/.local/lib/python3.12/site-packages/airflow/example_dags/example_xcomargs.py took 0.117 seconds
[2024-11-15T19:14:59.748+0000] {processor.py:186} INFO - Started process (PID=383) to work on /home/airflow/.local/lib/python3.12/site-packages/airflow/example_dags/example_xcomargs.py
[2024-11-15T19:14:59.750+0000] {processor.py:914} INFO - Processing file /home/airflow/.local/lib/python3.12/site-packages/airflow/example_dags/example_xcomargs.py for tasks to queue
[2024-11-15T19:14:59.753+0000] {logging_mixin.py:190} INFO - [2024-11-15T19:14:59.752+0000] {dagbag.py:588} INFO - Filling up the DagBag from /home/airflow/.local/lib/python3.12/site-packages/airflow/example_dags/example_xcomargs.py
[2024-11-15T19:14:59.764+0000] {processor.py:925} INFO - DAG(s) 'example_xcom_args', 'example_xcom_args_with_operators' retrieved from /home/airflow/.local/lib/python3.12/site-packages/airflow/example_dags/example_xcomargs.py
[2024-11-15T19:14:59.792+0000] {logging_mixin.py:190} INFO - [2024-11-15T19:14:59.792+0000] {dag.py:3239} INFO - Sync 2 DAGs
[2024-11-15T19:14:59.810+0000] {logging_mixin.py:190} INFO - [2024-11-15T19:14:59.809+0000] {dag.py:4180} INFO - Setting next_dagrun for example_xcom_args to None, run_after=None
[2024-11-15T19:14:59.815+0000] {logging_mixin.py:190} INFO - [2024-11-15T19:14:59.814+0000] {dag.py:4180} INFO - Setting next_dagrun for example_xcom_args_with_operators to None, run_after=None
[2024-11-15T19:14:59.844+0000] {processor.py:208} INFO - Processing /home/airflow/.local/lib/python3.12/site-packages/airflow/example_dags/example_xcomargs.py took 0.102 seconds
[2024-11-15T19:15:30.321+0000] {processor.py:186} INFO - Started process (PID=453) to work on /home/airflow/.local/lib/python3.12/site-packages/airflow/example_dags/example_xcomargs.py
[2024-11-15T19:15:30.323+0000] {processor.py:914} INFO - Processing file /home/airflow/.local/lib/python3.12/site-packages/airflow/example_dags/example_xcomargs.py for tasks to queue
[2024-11-15T19:15:30.327+0000] {logging_mixin.py:190} INFO - [2024-11-15T19:15:30.326+0000] {dagbag.py:588} INFO - Filling up the DagBag from /home/airflow/.local/lib/python3.12/site-packages/airflow/example_dags/example_xcomargs.py
[2024-11-15T19:15:30.336+0000] {processor.py:925} INFO - DAG(s) 'example_xcom_args_with_operators', 'example_xcom_args' retrieved from /home/airflow/.local/lib/python3.12/site-packages/airflow/example_dags/example_xcomargs.py
[2024-11-15T19:15:30.361+0000] {logging_mixin.py:190} INFO - [2024-11-15T19:15:30.361+0000] {dag.py:3239} INFO - Sync 2 DAGs
[2024-11-15T19:15:30.378+0000] {logging_mixin.py:190} INFO - [2024-11-15T19:15:30.378+0000] {dag.py:4180} INFO - Setting next_dagrun for example_xcom_args to None, run_after=None
[2024-11-15T19:15:30.382+0000] {logging_mixin.py:190} INFO - [2024-11-15T19:15:30.382+0000] {dag.py:4180} INFO - Setting next_dagrun for example_xcom_args_with_operators to None, run_after=None
[2024-11-15T19:15:30.402+0000] {processor.py:208} INFO - Processing /home/airflow/.local/lib/python3.12/site-packages/airflow/example_dags/example_xcomargs.py took 0.086 seconds
