[2024-11-15T19:12:39.755+0000] {processor.py:186} INFO - Started process (PID=118) to work on /home/airflow/.local/lib/python3.12/site-packages/airflow/example_dags/example_task_group.py
[2024-11-15T19:12:39.757+0000] {processor.py:914} INFO - Processing file /home/airflow/.local/lib/python3.12/site-packages/airflow/example_dags/example_task_group.py for tasks to queue
[2024-11-15T19:12:39.761+0000] {logging_mixin.py:190} INFO - [2024-11-15T19:12:39.761+0000] {dagbag.py:588} INFO - Filling up the DagBag from /home/airflow/.local/lib/python3.12/site-packages/airflow/example_dags/example_task_group.py
[2024-11-15T19:12:39.777+0000] {processor.py:925} INFO - DAG(s) 'example_task_group' retrieved from /home/airflow/.local/lib/python3.12/site-packages/airflow/example_dags/example_task_group.py
[2024-11-15T19:12:39.808+0000] {logging_mixin.py:190} INFO - [2024-11-15T19:12:39.807+0000] {dag.py:3239} INFO - Sync 1 DAGs
[2024-11-15T19:12:39.829+0000] {logging_mixin.py:190} INFO - [2024-11-15T19:12:39.828+0000] {dag.py:4180} INFO - Setting next_dagrun for example_task_group to None, run_after=None
[2024-11-15T19:12:39.861+0000] {processor.py:208} INFO - Processing /home/airflow/.local/lib/python3.12/site-packages/airflow/example_dags/example_task_group.py took 0.114 seconds
[2024-11-15T19:13:19.833+0000] {processor.py:186} INFO - Started process (PID=182) to work on /home/airflow/.local/lib/python3.12/site-packages/airflow/example_dags/example_task_group.py
[2024-11-15T19:13:19.835+0000] {processor.py:914} INFO - Processing file /home/airflow/.local/lib/python3.12/site-packages/airflow/example_dags/example_task_group.py for tasks to queue
[2024-11-15T19:13:19.839+0000] {logging_mixin.py:190} INFO - [2024-11-15T19:13:19.838+0000] {dagbag.py:588} INFO - Filling up the DagBag from /home/airflow/.local/lib/python3.12/site-packages/airflow/example_dags/example_task_group.py
[2024-11-15T19:13:19.859+0000] {processor.py:925} INFO - DAG(s) 'example_task_group' retrieved from /home/airflow/.local/lib/python3.12/site-packages/airflow/example_dags/example_task_group.py
[2024-11-15T19:13:19.898+0000] {logging_mixin.py:190} INFO - [2024-11-15T19:13:19.898+0000] {dag.py:3239} INFO - Sync 1 DAGs
[2024-11-15T19:13:19.920+0000] {logging_mixin.py:190} INFO - [2024-11-15T19:13:19.919+0000] {dag.py:4180} INFO - Setting next_dagrun for example_task_group to None, run_after=None
[2024-11-15T19:13:20.014+0000] {processor.py:208} INFO - Processing /home/airflow/.local/lib/python3.12/site-packages/airflow/example_dags/example_task_group.py took 0.191 seconds
[2024-11-15T19:13:55.289+0000] {processor.py:186} INFO - Started process (PID=246) to work on /home/airflow/.local/lib/python3.12/site-packages/airflow/example_dags/example_task_group.py
[2024-11-15T19:13:55.314+0000] {processor.py:914} INFO - Processing file /home/airflow/.local/lib/python3.12/site-packages/airflow/example_dags/example_task_group.py for tasks to queue
[2024-11-15T19:13:55.318+0000] {logging_mixin.py:190} INFO - [2024-11-15T19:13:55.317+0000] {dagbag.py:588} INFO - Filling up the DagBag from /home/airflow/.local/lib/python3.12/site-packages/airflow/example_dags/example_task_group.py
[2024-11-15T19:13:55.330+0000] {processor.py:925} INFO - DAG(s) 'example_task_group' retrieved from /home/airflow/.local/lib/python3.12/site-packages/airflow/example_dags/example_task_group.py
[2024-11-15T19:13:55.354+0000] {logging_mixin.py:190} INFO - [2024-11-15T19:13:55.353+0000] {dag.py:3239} INFO - Sync 1 DAGs
[2024-11-15T19:13:55.369+0000] {logging_mixin.py:190} INFO - [2024-11-15T19:13:55.369+0000] {dag.py:4180} INFO - Setting next_dagrun for example_task_group to None, run_after=None
[2024-11-15T19:13:55.492+0000] {processor.py:208} INFO - Processing /home/airflow/.local/lib/python3.12/site-packages/airflow/example_dags/example_task_group.py took 0.210 seconds
[2024-11-15T19:14:26.122+0000] {processor.py:186} INFO - Started process (PID=309) to work on /home/airflow/.local/lib/python3.12/site-packages/airflow/example_dags/example_task_group.py
[2024-11-15T19:14:26.123+0000] {processor.py:914} INFO - Processing file /home/airflow/.local/lib/python3.12/site-packages/airflow/example_dags/example_task_group.py for tasks to queue
[2024-11-15T19:14:26.126+0000] {logging_mixin.py:190} INFO - [2024-11-15T19:14:26.126+0000] {dagbag.py:588} INFO - Filling up the DagBag from /home/airflow/.local/lib/python3.12/site-packages/airflow/example_dags/example_task_group.py
[2024-11-15T19:14:26.137+0000] {processor.py:925} INFO - DAG(s) 'example_task_group' retrieved from /home/airflow/.local/lib/python3.12/site-packages/airflow/example_dags/example_task_group.py
[2024-11-15T19:14:26.164+0000] {logging_mixin.py:190} INFO - [2024-11-15T19:14:26.163+0000] {dag.py:3239} INFO - Sync 1 DAGs
[2024-11-15T19:14:26.183+0000] {logging_mixin.py:190} INFO - [2024-11-15T19:14:26.183+0000] {dag.py:4180} INFO - Setting next_dagrun for example_task_group to None, run_after=None
[2024-11-15T19:14:26.221+0000] {processor.py:208} INFO - Processing /home/airflow/.local/lib/python3.12/site-packages/airflow/example_dags/example_task_group.py took 0.108 seconds
[2024-11-15T19:14:56.910+0000] {processor.py:186} INFO - Started process (PID=373) to work on /home/airflow/.local/lib/python3.12/site-packages/airflow/example_dags/example_task_group.py
[2024-11-15T19:14:56.911+0000] {processor.py:914} INFO - Processing file /home/airflow/.local/lib/python3.12/site-packages/airflow/example_dags/example_task_group.py for tasks to queue
[2024-11-15T19:14:56.913+0000] {logging_mixin.py:190} INFO - [2024-11-15T19:14:56.913+0000] {dagbag.py:588} INFO - Filling up the DagBag from /home/airflow/.local/lib/python3.12/site-packages/airflow/example_dags/example_task_group.py
[2024-11-15T19:14:56.923+0000] {processor.py:925} INFO - DAG(s) 'example_task_group' retrieved from /home/airflow/.local/lib/python3.12/site-packages/airflow/example_dags/example_task_group.py
[2024-11-15T19:14:56.943+0000] {logging_mixin.py:190} INFO - [2024-11-15T19:14:56.943+0000] {dag.py:3239} INFO - Sync 1 DAGs
[2024-11-15T19:14:56.962+0000] {logging_mixin.py:190} INFO - [2024-11-15T19:14:56.961+0000] {dag.py:4180} INFO - Setting next_dagrun for example_task_group to None, run_after=None
[2024-11-15T19:14:56.995+0000] {processor.py:208} INFO - Processing /home/airflow/.local/lib/python3.12/site-packages/airflow/example_dags/example_task_group.py took 0.091 seconds
[2024-11-15T19:15:27.725+0000] {processor.py:186} INFO - Started process (PID=437) to work on /home/airflow/.local/lib/python3.12/site-packages/airflow/example_dags/example_task_group.py
[2024-11-15T19:15:27.726+0000] {processor.py:914} INFO - Processing file /home/airflow/.local/lib/python3.12/site-packages/airflow/example_dags/example_task_group.py for tasks to queue
[2024-11-15T19:15:27.728+0000] {logging_mixin.py:190} INFO - [2024-11-15T19:15:27.728+0000] {dagbag.py:588} INFO - Filling up the DagBag from /home/airflow/.local/lib/python3.12/site-packages/airflow/example_dags/example_task_group.py
[2024-11-15T19:15:27.737+0000] {processor.py:925} INFO - DAG(s) 'example_task_group' retrieved from /home/airflow/.local/lib/python3.12/site-packages/airflow/example_dags/example_task_group.py
[2024-11-15T19:15:27.757+0000] {logging_mixin.py:190} INFO - [2024-11-15T19:15:27.757+0000] {dag.py:3239} INFO - Sync 1 DAGs
[2024-11-15T19:15:27.771+0000] {logging_mixin.py:190} INFO - [2024-11-15T19:15:27.771+0000] {dag.py:4180} INFO - Setting next_dagrun for example_task_group to None, run_after=None
[2024-11-15T19:15:27.793+0000] {processor.py:208} INFO - Processing /home/airflow/.local/lib/python3.12/site-packages/airflow/example_dags/example_task_group.py took 0.074 seconds
