[2024-11-15T19:12:36.112+0000] {processor.py:186} INFO - Started process (PID=93) to work on /home/airflow/.local/lib/python3.12/site-packages/airflow/example_dags/example_sensors.py
[2024-11-15T19:12:36.113+0000] {processor.py:914} INFO - Processing file /home/airflow/.local/lib/python3.12/site-packages/airflow/example_dags/example_sensors.py for tasks to queue
[2024-11-15T19:12:36.116+0000] {logging_mixin.py:190} INFO - [2024-11-15T19:12:36.115+0000] {dagbag.py:588} INFO - Filling up the DagBag from /home/airflow/.local/lib/python3.12/site-packages/airflow/example_dags/example_sensors.py
[2024-11-15T19:12:36.136+0000] {processor.py:925} INFO - DAG(s) 'example_sensors' retrieved from /home/airflow/.local/lib/python3.12/site-packages/airflow/example_dags/example_sensors.py
[2024-11-15T19:12:36.182+0000] {logging_mixin.py:190} INFO - [2024-11-15T19:12:36.182+0000] {dag.py:3239} INFO - Sync 1 DAGs
[2024-11-15T19:12:36.194+0000] {logging_mixin.py:190} INFO - [2024-11-15T19:12:36.194+0000] {dag.py:4180} INFO - Setting next_dagrun for example_sensors to None, run_after=None
[2024-11-15T19:12:36.293+0000] {processor.py:208} INFO - Processing /home/airflow/.local/lib/python3.12/site-packages/airflow/example_dags/example_sensors.py took 0.186 seconds
[2024-11-15T19:13:14.157+0000] {processor.py:186} INFO - Started process (PID=156) to work on /home/airflow/.local/lib/python3.12/site-packages/airflow/example_dags/example_sensors.py
[2024-11-15T19:13:14.159+0000] {processor.py:914} INFO - Processing file /home/airflow/.local/lib/python3.12/site-packages/airflow/example_dags/example_sensors.py for tasks to queue
[2024-11-15T19:13:14.162+0000] {logging_mixin.py:190} INFO - [2024-11-15T19:13:14.162+0000] {dagbag.py:588} INFO - Filling up the DagBag from /home/airflow/.local/lib/python3.12/site-packages/airflow/example_dags/example_sensors.py
[2024-11-15T19:13:14.174+0000] {processor.py:925} INFO - DAG(s) 'example_sensors' retrieved from /home/airflow/.local/lib/python3.12/site-packages/airflow/example_dags/example_sensors.py
[2024-11-15T19:13:14.202+0000] {logging_mixin.py:190} INFO - [2024-11-15T19:13:14.202+0000] {dag.py:3239} INFO - Sync 1 DAGs
[2024-11-15T19:13:14.221+0000] {logging_mixin.py:190} INFO - [2024-11-15T19:13:14.220+0000] {dag.py:4180} INFO - Setting next_dagrun for example_sensors to None, run_after=None
[2024-11-15T19:13:14.247+0000] {processor.py:208} INFO - Processing /home/airflow/.local/lib/python3.12/site-packages/airflow/example_dags/example_sensors.py took 0.097 seconds
[2024-11-15T19:13:51.403+0000] {processor.py:186} INFO - Started process (PID=221) to work on /home/airflow/.local/lib/python3.12/site-packages/airflow/example_dags/example_sensors.py
[2024-11-15T19:13:51.404+0000] {processor.py:914} INFO - Processing file /home/airflow/.local/lib/python3.12/site-packages/airflow/example_dags/example_sensors.py for tasks to queue
[2024-11-15T19:13:51.417+0000] {logging_mixin.py:190} INFO - [2024-11-15T19:13:51.414+0000] {dagbag.py:588} INFO - Filling up the DagBag from /home/airflow/.local/lib/python3.12/site-packages/airflow/example_dags/example_sensors.py
[2024-11-15T19:13:51.450+0000] {processor.py:925} INFO - DAG(s) 'example_sensors' retrieved from /home/airflow/.local/lib/python3.12/site-packages/airflow/example_dags/example_sensors.py
[2024-11-15T19:13:51.496+0000] {logging_mixin.py:190} INFO - [2024-11-15T19:13:51.495+0000] {dag.py:3239} INFO - Sync 1 DAGs
[2024-11-15T19:13:51.516+0000] {logging_mixin.py:190} INFO - [2024-11-15T19:13:51.516+0000] {dag.py:4180} INFO - Setting next_dagrun for example_sensors to None, run_after=None
[2024-11-15T19:13:51.563+0000] {processor.py:208} INFO - Processing /home/airflow/.local/lib/python3.12/site-packages/airflow/example_dags/example_sensors.py took 0.173 seconds
[2024-11-15T19:14:22.348+0000] {processor.py:186} INFO - Started process (PID=285) to work on /home/airflow/.local/lib/python3.12/site-packages/airflow/example_dags/example_sensors.py
[2024-11-15T19:14:22.350+0000] {processor.py:914} INFO - Processing file /home/airflow/.local/lib/python3.12/site-packages/airflow/example_dags/example_sensors.py for tasks to queue
[2024-11-15T19:14:22.356+0000] {logging_mixin.py:190} INFO - [2024-11-15T19:14:22.355+0000] {dagbag.py:588} INFO - Filling up the DagBag from /home/airflow/.local/lib/python3.12/site-packages/airflow/example_dags/example_sensors.py
[2024-11-15T19:14:22.374+0000] {processor.py:925} INFO - DAG(s) 'example_sensors' retrieved from /home/airflow/.local/lib/python3.12/site-packages/airflow/example_dags/example_sensors.py
[2024-11-15T19:14:22.424+0000] {logging_mixin.py:190} INFO - [2024-11-15T19:14:22.423+0000] {dag.py:3239} INFO - Sync 1 DAGs
[2024-11-15T19:14:22.454+0000] {logging_mixin.py:190} INFO - [2024-11-15T19:14:22.452+0000] {dag.py:4180} INFO - Setting next_dagrun for example_sensors to None, run_after=None
[2024-11-15T19:14:22.491+0000] {processor.py:208} INFO - Processing /home/airflow/.local/lib/python3.12/site-packages/airflow/example_dags/example_sensors.py took 0.155 seconds
[2024-11-15T19:14:54.258+0000] {processor.py:186} INFO - Started process (PID=349) to work on /home/airflow/.local/lib/python3.12/site-packages/airflow/example_dags/example_sensors.py
[2024-11-15T19:14:54.259+0000] {processor.py:914} INFO - Processing file /home/airflow/.local/lib/python3.12/site-packages/airflow/example_dags/example_sensors.py for tasks to queue
[2024-11-15T19:14:54.262+0000] {logging_mixin.py:190} INFO - [2024-11-15T19:14:54.262+0000] {dagbag.py:588} INFO - Filling up the DagBag from /home/airflow/.local/lib/python3.12/site-packages/airflow/example_dags/example_sensors.py
[2024-11-15T19:14:54.273+0000] {processor.py:925} INFO - DAG(s) 'example_sensors' retrieved from /home/airflow/.local/lib/python3.12/site-packages/airflow/example_dags/example_sensors.py
[2024-11-15T19:14:54.296+0000] {logging_mixin.py:190} INFO - [2024-11-15T19:14:54.295+0000] {dag.py:3239} INFO - Sync 1 DAGs
[2024-11-15T19:14:54.309+0000] {logging_mixin.py:190} INFO - [2024-11-15T19:14:54.309+0000] {dag.py:4180} INFO - Setting next_dagrun for example_sensors to None, run_after=None
[2024-11-15T19:14:54.331+0000] {processor.py:208} INFO - Processing /home/airflow/.local/lib/python3.12/site-packages/airflow/example_dags/example_sensors.py took 0.079 seconds
[2024-11-15T19:15:25.136+0000] {processor.py:186} INFO - Started process (PID=413) to work on /home/airflow/.local/lib/python3.12/site-packages/airflow/example_dags/example_sensors.py
[2024-11-15T19:15:25.137+0000] {processor.py:914} INFO - Processing file /home/airflow/.local/lib/python3.12/site-packages/airflow/example_dags/example_sensors.py for tasks to queue
[2024-11-15T19:15:25.139+0000] {logging_mixin.py:190} INFO - [2024-11-15T19:15:25.139+0000] {dagbag.py:588} INFO - Filling up the DagBag from /home/airflow/.local/lib/python3.12/site-packages/airflow/example_dags/example_sensors.py
[2024-11-15T19:15:25.151+0000] {processor.py:925} INFO - DAG(s) 'example_sensors' retrieved from /home/airflow/.local/lib/python3.12/site-packages/airflow/example_dags/example_sensors.py
[2024-11-15T19:15:25.175+0000] {logging_mixin.py:190} INFO - [2024-11-15T19:15:25.174+0000] {dag.py:3239} INFO - Sync 1 DAGs
[2024-11-15T19:15:25.187+0000] {logging_mixin.py:190} INFO - [2024-11-15T19:15:25.187+0000] {dag.py:4180} INFO - Setting next_dagrun for example_sensors to None, run_after=None
[2024-11-15T19:15:25.209+0000] {processor.py:208} INFO - Processing /home/airflow/.local/lib/python3.12/site-packages/airflow/example_dags/example_sensors.py took 0.079 seconds
