[2024-11-15T19:12:39.903+0000] {processor.py:186} INFO - Started process (PID=119) to work on /home/airflow/.local/lib/python3.12/site-packages/airflow/example_dags/tutorial_taskflow_templates.py
[2024-11-15T19:12:39.904+0000] {processor.py:914} INFO - Processing file /home/airflow/.local/lib/python3.12/site-packages/airflow/example_dags/tutorial_taskflow_templates.py for tasks to queue
[2024-11-15T19:12:39.906+0000] {logging_mixin.py:190} INFO - [2024-11-15T19:12:39.906+0000] {dagbag.py:588} INFO - Filling up the DagBag from /home/airflow/.local/lib/python3.12/site-packages/airflow/example_dags/tutorial_taskflow_templates.py
[2024-11-15T19:12:39.920+0000] {processor.py:925} INFO - DAG(s) 'tutorial_taskflow_templates' retrieved from /home/airflow/.local/lib/python3.12/site-packages/airflow/example_dags/tutorial_taskflow_templates.py
[2024-11-15T19:12:39.956+0000] {logging_mixin.py:190} INFO - [2024-11-15T19:12:39.956+0000] {dag.py:3239} INFO - Sync 1 DAGs
[2024-11-15T19:12:39.985+0000] {logging_mixin.py:190} INFO - [2024-11-15T19:12:39.985+0000] {dag.py:4180} INFO - Setting next_dagrun for tutorial_taskflow_templates to 2024-11-14 00:00:00+00:00, run_after=2024-11-15 00:00:00+00:00
[2024-11-15T19:12:40.019+0000] {processor.py:208} INFO - Processing /home/airflow/.local/lib/python3.12/site-packages/airflow/example_dags/tutorial_taskflow_templates.py took 0.124 seconds
[2024-11-15T19:13:20.079+0000] {processor.py:186} INFO - Started process (PID=183) to work on /home/airflow/.local/lib/python3.12/site-packages/airflow/example_dags/tutorial_taskflow_templates.py
[2024-11-15T19:13:20.084+0000] {processor.py:914} INFO - Processing file /home/airflow/.local/lib/python3.12/site-packages/airflow/example_dags/tutorial_taskflow_templates.py for tasks to queue
[2024-11-15T19:13:20.089+0000] {logging_mixin.py:190} INFO - [2024-11-15T19:13:20.088+0000] {dagbag.py:588} INFO - Filling up the DagBag from /home/airflow/.local/lib/python3.12/site-packages/airflow/example_dags/tutorial_taskflow_templates.py
[2024-11-15T19:13:20.118+0000] {processor.py:925} INFO - DAG(s) 'tutorial_taskflow_templates' retrieved from /home/airflow/.local/lib/python3.12/site-packages/airflow/example_dags/tutorial_taskflow_templates.py
[2024-11-15T19:13:20.155+0000] {logging_mixin.py:190} INFO - [2024-11-15T19:13:20.155+0000] {dag.py:3239} INFO - Sync 1 DAGs
[2024-11-15T19:13:20.217+0000] {logging_mixin.py:190} INFO - [2024-11-15T19:13:20.217+0000] {dag.py:4180} INFO - Setting next_dagrun for tutorial_taskflow_templates to 2024-11-14 00:00:00+00:00, run_after=2024-11-15 00:00:00+00:00
[2024-11-15T19:13:20.278+0000] {processor.py:208} INFO - Processing /home/airflow/.local/lib/python3.12/site-packages/airflow/example_dags/tutorial_taskflow_templates.py took 0.220 seconds
[2024-11-15T19:13:55.535+0000] {processor.py:186} INFO - Started process (PID=247) to work on /home/airflow/.local/lib/python3.12/site-packages/airflow/example_dags/tutorial_taskflow_templates.py
[2024-11-15T19:13:55.568+0000] {processor.py:914} INFO - Processing file /home/airflow/.local/lib/python3.12/site-packages/airflow/example_dags/tutorial_taskflow_templates.py for tasks to queue
[2024-11-15T19:13:55.571+0000] {logging_mixin.py:190} INFO - [2024-11-15T19:13:55.571+0000] {dagbag.py:588} INFO - Filling up the DagBag from /home/airflow/.local/lib/python3.12/site-packages/airflow/example_dags/tutorial_taskflow_templates.py
[2024-11-15T19:13:55.585+0000] {processor.py:925} INFO - DAG(s) 'tutorial_taskflow_templates' retrieved from /home/airflow/.local/lib/python3.12/site-packages/airflow/example_dags/tutorial_taskflow_templates.py
[2024-11-15T19:13:55.608+0000] {logging_mixin.py:190} INFO - [2024-11-15T19:13:55.608+0000] {dag.py:3239} INFO - Sync 1 DAGs
[2024-11-15T19:13:55.635+0000] {logging_mixin.py:190} INFO - [2024-11-15T19:13:55.635+0000] {dag.py:4180} INFO - Setting next_dagrun for tutorial_taskflow_templates to 2024-11-14 00:00:00+00:00, run_after=2024-11-15 00:00:00+00:00
[2024-11-15T19:13:55.807+0000] {processor.py:208} INFO - Processing /home/airflow/.local/lib/python3.12/site-packages/airflow/example_dags/tutorial_taskflow_templates.py took 0.278 seconds
[2024-11-15T19:14:26.285+0000] {processor.py:186} INFO - Started process (PID=310) to work on /home/airflow/.local/lib/python3.12/site-packages/airflow/example_dags/tutorial_taskflow_templates.py
[2024-11-15T19:14:26.288+0000] {processor.py:914} INFO - Processing file /home/airflow/.local/lib/python3.12/site-packages/airflow/example_dags/tutorial_taskflow_templates.py for tasks to queue
[2024-11-15T19:14:26.298+0000] {logging_mixin.py:190} INFO - [2024-11-15T19:14:26.297+0000] {dagbag.py:588} INFO - Filling up the DagBag from /home/airflow/.local/lib/python3.12/site-packages/airflow/example_dags/tutorial_taskflow_templates.py
[2024-11-15T19:14:26.325+0000] {processor.py:925} INFO - DAG(s) 'tutorial_taskflow_templates' retrieved from /home/airflow/.local/lib/python3.12/site-packages/airflow/example_dags/tutorial_taskflow_templates.py
[2024-11-15T19:14:26.364+0000] {logging_mixin.py:190} INFO - [2024-11-15T19:14:26.364+0000] {dag.py:3239} INFO - Sync 1 DAGs
[2024-11-15T19:14:26.427+0000] {logging_mixin.py:190} INFO - [2024-11-15T19:14:26.427+0000] {dag.py:4180} INFO - Setting next_dagrun for tutorial_taskflow_templates to 2024-11-14 00:00:00+00:00, run_after=2024-11-15 00:00:00+00:00
[2024-11-15T19:14:26.466+0000] {processor.py:208} INFO - Processing /home/airflow/.local/lib/python3.12/site-packages/airflow/example_dags/tutorial_taskflow_templates.py took 0.194 seconds
[2024-11-15T19:14:57.048+0000] {processor.py:186} INFO - Started process (PID=374) to work on /home/airflow/.local/lib/python3.12/site-packages/airflow/example_dags/tutorial_taskflow_templates.py
[2024-11-15T19:14:57.050+0000] {processor.py:914} INFO - Processing file /home/airflow/.local/lib/python3.12/site-packages/airflow/example_dags/tutorial_taskflow_templates.py for tasks to queue
[2024-11-15T19:14:57.053+0000] {logging_mixin.py:190} INFO - [2024-11-15T19:14:57.052+0000] {dagbag.py:588} INFO - Filling up the DagBag from /home/airflow/.local/lib/python3.12/site-packages/airflow/example_dags/tutorial_taskflow_templates.py
[2024-11-15T19:14:57.072+0000] {processor.py:925} INFO - DAG(s) 'tutorial_taskflow_templates' retrieved from /home/airflow/.local/lib/python3.12/site-packages/airflow/example_dags/tutorial_taskflow_templates.py
[2024-11-15T19:14:57.093+0000] {logging_mixin.py:190} INFO - [2024-11-15T19:14:57.093+0000] {dag.py:3239} INFO - Sync 1 DAGs
[2024-11-15T19:14:57.120+0000] {logging_mixin.py:190} INFO - [2024-11-15T19:14:57.120+0000] {dag.py:4180} INFO - Setting next_dagrun for tutorial_taskflow_templates to 2024-11-14 00:00:00+00:00, run_after=2024-11-15 00:00:00+00:00
[2024-11-15T19:14:57.151+0000] {processor.py:208} INFO - Processing /home/airflow/.local/lib/python3.12/site-packages/airflow/example_dags/tutorial_taskflow_templates.py took 0.114 seconds
[2024-11-15T19:15:27.744+0000] {processor.py:186} INFO - Started process (PID=438) to work on /home/airflow/.local/lib/python3.12/site-packages/airflow/example_dags/tutorial_taskflow_templates.py
[2024-11-15T19:15:27.745+0000] {processor.py:914} INFO - Processing file /home/airflow/.local/lib/python3.12/site-packages/airflow/example_dags/tutorial_taskflow_templates.py for tasks to queue
[2024-11-15T19:15:27.748+0000] {logging_mixin.py:190} INFO - [2024-11-15T19:15:27.747+0000] {dagbag.py:588} INFO - Filling up the DagBag from /home/airflow/.local/lib/python3.12/site-packages/airflow/example_dags/tutorial_taskflow_templates.py
[2024-11-15T19:15:27.760+0000] {processor.py:925} INFO - DAG(s) 'tutorial_taskflow_templates' retrieved from /home/airflow/.local/lib/python3.12/site-packages/airflow/example_dags/tutorial_taskflow_templates.py
[2024-11-15T19:15:27.781+0000] {logging_mixin.py:190} INFO - [2024-11-15T19:15:27.781+0000] {dag.py:3239} INFO - Sync 1 DAGs
[2024-11-15T19:15:27.804+0000] {logging_mixin.py:190} INFO - [2024-11-15T19:15:27.804+0000] {dag.py:4180} INFO - Setting next_dagrun for tutorial_taskflow_templates to 2024-11-14 00:00:00+00:00, run_after=2024-11-15 00:00:00+00:00
[2024-11-15T19:15:27.828+0000] {processor.py:208} INFO - Processing /home/airflow/.local/lib/python3.12/site-packages/airflow/example_dags/tutorial_taskflow_templates.py took 0.090 seconds
