[2024-11-15T19:12:37.300+0000] {processor.py:186} INFO - Started process (PID=96) to work on /home/airflow/.local/lib/python3.12/site-packages/airflow/example_dags/tutorial.py
[2024-11-15T19:12:37.301+0000] {processor.py:914} INFO - Processing file /home/airflow/.local/lib/python3.12/site-packages/airflow/example_dags/tutorial.py for tasks to queue
[2024-11-15T19:12:37.304+0000] {logging_mixin.py:190} INFO - [2024-11-15T19:12:37.304+0000] {dagbag.py:588} INFO - Filling up the DagBag from /home/airflow/.local/lib/python3.12/site-packages/airflow/example_dags/tutorial.py
[2024-11-15T19:12:37.317+0000] {processor.py:925} INFO - DAG(s) 'tutorial' retrieved from /home/airflow/.local/lib/python3.12/site-packages/airflow/example_dags/tutorial.py
[2024-11-15T19:12:37.343+0000] {logging_mixin.py:190} INFO - [2024-11-15T19:12:37.343+0000] {dag.py:3239} INFO - Sync 1 DAGs
[2024-11-15T19:12:37.369+0000] {logging_mixin.py:190} INFO - [2024-11-15T19:12:37.369+0000] {dag.py:4180} INFO - Setting next_dagrun for tutorial to 2024-11-14 00:00:00+00:00, run_after=2024-11-15 00:00:00+00:00
[2024-11-15T19:12:37.399+0000] {processor.py:208} INFO - Processing /home/airflow/.local/lib/python3.12/site-packages/airflow/example_dags/tutorial.py took 0.106 seconds
[2024-11-15T19:13:14.465+0000] {processor.py:186} INFO - Started process (PID=160) to work on /home/airflow/.local/lib/python3.12/site-packages/airflow/example_dags/tutorial.py
[2024-11-15T19:13:14.466+0000] {processor.py:914} INFO - Processing file /home/airflow/.local/lib/python3.12/site-packages/airflow/example_dags/tutorial.py for tasks to queue
[2024-11-15T19:13:14.469+0000] {logging_mixin.py:190} INFO - [2024-11-15T19:13:14.469+0000] {dagbag.py:588} INFO - Filling up the DagBag from /home/airflow/.local/lib/python3.12/site-packages/airflow/example_dags/tutorial.py
[2024-11-15T19:13:14.485+0000] {processor.py:925} INFO - DAG(s) 'tutorial' retrieved from /home/airflow/.local/lib/python3.12/site-packages/airflow/example_dags/tutorial.py
[2024-11-15T19:13:14.514+0000] {logging_mixin.py:190} INFO - [2024-11-15T19:13:14.513+0000] {dag.py:3239} INFO - Sync 1 DAGs
[2024-11-15T19:13:14.556+0000] {logging_mixin.py:190} INFO - [2024-11-15T19:13:14.555+0000] {dag.py:4180} INFO - Setting next_dagrun for tutorial to 2024-11-14 00:00:00+00:00, run_after=2024-11-15 00:00:00+00:00
[2024-11-15T19:13:14.593+0000] {processor.py:208} INFO - Processing /home/airflow/.local/lib/python3.12/site-packages/airflow/example_dags/tutorial.py took 0.138 seconds
[2024-11-15T19:13:51.658+0000] {processor.py:186} INFO - Started process (PID=224) to work on /home/airflow/.local/lib/python3.12/site-packages/airflow/example_dags/tutorial.py
[2024-11-15T19:13:51.661+0000] {processor.py:914} INFO - Processing file /home/airflow/.local/lib/python3.12/site-packages/airflow/example_dags/tutorial.py for tasks to queue
[2024-11-15T19:13:51.664+0000] {logging_mixin.py:190} INFO - [2024-11-15T19:13:51.664+0000] {dagbag.py:588} INFO - Filling up the DagBag from /home/airflow/.local/lib/python3.12/site-packages/airflow/example_dags/tutorial.py
[2024-11-15T19:13:51.674+0000] {processor.py:925} INFO - DAG(s) 'tutorial' retrieved from /home/airflow/.local/lib/python3.12/site-packages/airflow/example_dags/tutorial.py
[2024-11-15T19:13:51.705+0000] {logging_mixin.py:190} INFO - [2024-11-15T19:13:51.704+0000] {dag.py:3239} INFO - Sync 1 DAGs
[2024-11-15T19:13:51.733+0000] {logging_mixin.py:190} INFO - [2024-11-15T19:13:51.733+0000] {dag.py:4180} INFO - Setting next_dagrun for tutorial to 2024-11-14 00:00:00+00:00, run_after=2024-11-15 00:00:00+00:00
[2024-11-15T19:13:51.766+0000] {processor.py:208} INFO - Processing /home/airflow/.local/lib/python3.12/site-packages/airflow/example_dags/tutorial.py took 0.114 seconds
[2024-11-15T19:14:22.729+0000] {processor.py:186} INFO - Started process (PID=288) to work on /home/airflow/.local/lib/python3.12/site-packages/airflow/example_dags/tutorial.py
[2024-11-15T19:14:22.730+0000] {processor.py:914} INFO - Processing file /home/airflow/.local/lib/python3.12/site-packages/airflow/example_dags/tutorial.py for tasks to queue
[2024-11-15T19:14:22.734+0000] {logging_mixin.py:190} INFO - [2024-11-15T19:14:22.733+0000] {dagbag.py:588} INFO - Filling up the DagBag from /home/airflow/.local/lib/python3.12/site-packages/airflow/example_dags/tutorial.py
[2024-11-15T19:14:22.747+0000] {processor.py:925} INFO - DAG(s) 'tutorial' retrieved from /home/airflow/.local/lib/python3.12/site-packages/airflow/example_dags/tutorial.py
[2024-11-15T19:14:22.769+0000] {logging_mixin.py:190} INFO - [2024-11-15T19:14:22.769+0000] {dag.py:3239} INFO - Sync 1 DAGs
[2024-11-15T19:14:22.796+0000] {logging_mixin.py:190} INFO - [2024-11-15T19:14:22.795+0000] {dag.py:4180} INFO - Setting next_dagrun for tutorial to 2024-11-14 00:00:00+00:00, run_after=2024-11-15 00:00:00+00:00
[2024-11-15T19:14:22.827+0000] {processor.py:208} INFO - Processing /home/airflow/.local/lib/python3.12/site-packages/airflow/example_dags/tutorial.py took 0.108 seconds
[2024-11-15T19:14:54.428+0000] {processor.py:186} INFO - Started process (PID=352) to work on /home/airflow/.local/lib/python3.12/site-packages/airflow/example_dags/tutorial.py
[2024-11-15T19:14:54.429+0000] {processor.py:914} INFO - Processing file /home/airflow/.local/lib/python3.12/site-packages/airflow/example_dags/tutorial.py for tasks to queue
[2024-11-15T19:14:54.432+0000] {logging_mixin.py:190} INFO - [2024-11-15T19:14:54.432+0000] {dagbag.py:588} INFO - Filling up the DagBag from /home/airflow/.local/lib/python3.12/site-packages/airflow/example_dags/tutorial.py
[2024-11-15T19:14:54.441+0000] {processor.py:925} INFO - DAG(s) 'tutorial' retrieved from /home/airflow/.local/lib/python3.12/site-packages/airflow/example_dags/tutorial.py
[2024-11-15T19:14:54.462+0000] {logging_mixin.py:190} INFO - [2024-11-15T19:14:54.462+0000] {dag.py:3239} INFO - Sync 1 DAGs
[2024-11-15T19:14:54.487+0000] {logging_mixin.py:190} INFO - [2024-11-15T19:14:54.487+0000] {dag.py:4180} INFO - Setting next_dagrun for tutorial to 2024-11-14 00:00:00+00:00, run_after=2024-11-15 00:00:00+00:00
[2024-11-15T19:14:54.510+0000] {processor.py:208} INFO - Processing /home/airflow/.local/lib/python3.12/site-packages/airflow/example_dags/tutorial.py took 0.088 seconds
[2024-11-15T19:15:25.735+0000] {processor.py:186} INFO - Started process (PID=416) to work on /home/airflow/.local/lib/python3.12/site-packages/airflow/example_dags/tutorial.py
[2024-11-15T19:15:25.736+0000] {processor.py:914} INFO - Processing file /home/airflow/.local/lib/python3.12/site-packages/airflow/example_dags/tutorial.py for tasks to queue
[2024-11-15T19:15:25.738+0000] {logging_mixin.py:190} INFO - [2024-11-15T19:15:25.738+0000] {dagbag.py:588} INFO - Filling up the DagBag from /home/airflow/.local/lib/python3.12/site-packages/airflow/example_dags/tutorial.py
[2024-11-15T19:15:25.746+0000] {processor.py:925} INFO - DAG(s) 'tutorial' retrieved from /home/airflow/.local/lib/python3.12/site-packages/airflow/example_dags/tutorial.py
[2024-11-15T19:15:25.769+0000] {logging_mixin.py:190} INFO - [2024-11-15T19:15:25.768+0000] {dag.py:3239} INFO - Sync 1 DAGs
[2024-11-15T19:15:25.794+0000] {logging_mixin.py:190} INFO - [2024-11-15T19:15:25.793+0000] {dag.py:4180} INFO - Setting next_dagrun for tutorial to 2024-11-14 00:00:00+00:00, run_after=2024-11-15 00:00:00+00:00
[2024-11-15T19:15:25.873+0000] {processor.py:208} INFO - Processing /home/airflow/.local/lib/python3.12/site-packages/airflow/example_dags/tutorial.py took 0.144 seconds
