[2024-11-13T22:58:55.276+0000] {local_task_job_runner.py:123} INFO - ::group::Pre task execution logs
[2024-11-13T22:58:55.293+0000] {taskinstance.py:2613} INFO - Dependencies all met for dep_context=non-requeueable deps ti=<TaskInstance: brew-dag.connect_api scheduled__2024-11-12T07:00:00+00:00 [queued]>
[2024-11-13T22:58:55.303+0000] {taskinstance.py:2613} INFO - Dependencies all met for dep_context=requeueable deps ti=<TaskInstance: brew-dag.connect_api scheduled__2024-11-12T07:00:00+00:00 [queued]>
[2024-11-13T22:58:55.304+0000] {taskinstance.py:2866} INFO - Starting attempt 4 of 5
[2024-11-13T22:58:55.348+0000] {taskinstance.py:2889} INFO - Executing <Task(PythonOperator): connect_api> on 2024-11-12 07:00:00+00:00
[2024-11-13T22:58:55.363+0000] {warnings.py:112} WARNING - /home/***/.local/lib/python3.12/site-packages/***/task/task_runner/standard_task_runner.py:70: DeprecationWarning: This process (pid=462) is multi-threaded, use of fork() may lead to deadlocks in the child.
  pid = os.fork()

[2024-11-13T22:58:55.365+0000] {standard_task_runner.py:72} INFO - Started process 464 to run task
[2024-11-13T22:58:55.365+0000] {standard_task_runner.py:104} INFO - Running: ['***', 'tasks', 'run', 'brew-dag', 'connect_api', 'scheduled__2024-11-12T07:00:00+00:00', '--job-id', '68', '--raw', '--subdir', 'DAGS_FOLDER/brew-dag.py', '--cfg-path', '/tmp/tmplnyjko06']
[2024-11-13T22:58:55.366+0000] {standard_task_runner.py:105} INFO - Job 68: Subtask connect_api
[2024-11-13T22:58:55.437+0000] {task_command.py:467} INFO - Running <TaskInstance: brew-dag.connect_api scheduled__2024-11-12T07:00:00+00:00 [running]> on host 453aae92f04c
[2024-11-13T22:58:55.594+0000] {taskinstance.py:3132} INFO - Exporting env vars: AIRFLOW_CTX_DAG_EMAIL='nelsonlsn@gmail.com' AIRFLOW_CTX_DAG_OWNER='***' AIRFLOW_CTX_DAG_ID='brew-dag' AIRFLOW_CTX_TASK_ID='connect_api' AIRFLOW_CTX_EXECUTION_DATE='2024-11-12T07:00:00+00:00' AIRFLOW_CTX_TRY_NUMBER='4' AIRFLOW_CTX_DAG_RUN_ID='scheduled__2024-11-12T07:00:00+00:00'
[2024-11-13T22:58:55.596+0000] {logging_mixin.py:190} INFO - Task instance is in running state
[2024-11-13T22:58:55.597+0000] {logging_mixin.py:190} INFO -  Previous state of the Task instance: queued
[2024-11-13T22:58:55.597+0000] {logging_mixin.py:190} INFO - Current task name:connect_api state:running start_date:2024-11-13 22:58:55.294319+00:00
[2024-11-13T22:58:55.597+0000] {logging_mixin.py:190} INFO - Dag name:brew-dag and current dag run status:running
[2024-11-13T22:58:55.598+0000] {taskinstance.py:731} INFO - ::endgroup::
[2024-11-13T22:58:55.692+0000] {python.py:240} INFO - Done. Returned value was: 200
[2024-11-13T22:58:55.731+0000] {taskinstance.py:340} INFO - ::group::Post task execution logs
[2024-11-13T22:58:55.732+0000] {taskinstance.py:352} INFO - Marking task as SUCCESS. dag_id=brew-dag, task_id=connect_api, run_id=scheduled__2024-11-12T07:00:00+00:00, execution_date=20241112T070000, start_date=20241113T225855, end_date=20241113T225855
[2024-11-13T22:58:55.750+0000] {logging_mixin.py:190} INFO - Task instance in success state
[2024-11-13T22:58:55.754+0000] {logging_mixin.py:190} INFO -  Previous state of the Task instance: running
[2024-11-13T22:58:55.756+0000] {logging_mixin.py:190} INFO - Dag name:brew-dag queued_at:2024-11-13 22:57:57.035135+00:00
[2024-11-13T22:58:55.757+0000] {logging_mixin.py:190} INFO - Task hostname:453aae92f04c operator:PythonOperator
[2024-11-13T22:58:55.787+0000] {local_task_job_runner.py:266} INFO - Task exited with return code 0
[2024-11-13T22:58:55.816+0000] {taskinstance.py:3895} INFO - 1 downstream tasks scheduled from follow-on schedule check
[2024-11-13T22:58:55.824+0000] {local_task_job_runner.py:245} INFO - ::endgroup::
