[2024-11-13T23:05:27.360+0000] {local_task_job_runner.py:123} INFO - ::group::Pre task execution logs
[2024-11-13T23:05:27.380+0000] {taskinstance.py:2613} INFO - Dependencies all met for dep_context=non-requeueable deps ti=<TaskInstance: brew-dag.connect_api scheduled__2024-11-12T07:00:00+00:00 [queued]>
[2024-11-13T23:05:27.388+0000] {taskinstance.py:2613} INFO - Dependencies all met for dep_context=requeueable deps ti=<TaskInstance: brew-dag.connect_api scheduled__2024-11-12T07:00:00+00:00 [queued]>
[2024-11-13T23:05:27.390+0000] {taskinstance.py:2866} INFO - Starting attempt 5 of 6
[2024-11-13T23:05:27.410+0000] {taskinstance.py:2889} INFO - Executing <Task(PythonOperator): connect_api> on 2024-11-12 07:00:00+00:00
[2024-11-13T23:05:27.418+0000] {warnings.py:112} WARNING - /home/***/.local/lib/python3.12/site-packages/***/task/task_runner/standard_task_runner.py:70: DeprecationWarning: This process (pid=612) is multi-threaded, use of fork() may lead to deadlocks in the child.
  pid = os.fork()

[2024-11-13T23:05:27.420+0000] {standard_task_runner.py:72} INFO - Started process 614 to run task
[2024-11-13T23:05:27.420+0000] {standard_task_runner.py:104} INFO - Running: ['***', 'tasks', 'run', 'brew-dag', 'connect_api', 'scheduled__2024-11-12T07:00:00+00:00', '--job-id', '76', '--raw', '--subdir', 'DAGS_FOLDER/brew-dag.py', '--cfg-path', '/tmp/tmpqq7vgbie']
[2024-11-13T23:05:27.421+0000] {standard_task_runner.py:105} INFO - Job 76: Subtask connect_api
[2024-11-13T23:05:27.481+0000] {task_command.py:467} INFO - Running <TaskInstance: brew-dag.connect_api scheduled__2024-11-12T07:00:00+00:00 [running]> on host 453aae92f04c
[2024-11-13T23:05:27.587+0000] {taskinstance.py:3132} INFO - Exporting env vars: AIRFLOW_CTX_DAG_EMAIL='nelsonlsn@gmail.com' AIRFLOW_CTX_DAG_OWNER='***' AIRFLOW_CTX_DAG_ID='brew-dag' AIRFLOW_CTX_TASK_ID='connect_api' AIRFLOW_CTX_EXECUTION_DATE='2024-11-12T07:00:00+00:00' AIRFLOW_CTX_TRY_NUMBER='5' AIRFLOW_CTX_DAG_RUN_ID='scheduled__2024-11-12T07:00:00+00:00'
[2024-11-13T23:05:27.588+0000] {logging_mixin.py:190} INFO - Task instance is in running state
[2024-11-13T23:05:27.591+0000] {logging_mixin.py:190} INFO -  Previous state of the Task instance: queued
[2024-11-13T23:05:27.593+0000] {logging_mixin.py:190} INFO - Current task name:connect_api state:running start_date:2024-11-13 23:05:27.381483+00:00
[2024-11-13T23:05:27.594+0000] {logging_mixin.py:190} INFO - Dag name:brew-dag and current dag run status:running
[2024-11-13T23:05:27.594+0000] {taskinstance.py:731} INFO - ::endgroup::
[2024-11-13T23:05:28.251+0000] {python.py:240} INFO - Done. Returned value was: 200
[2024-11-13T23:05:28.297+0000] {taskinstance.py:340} INFO - ::group::Post task execution logs
[2024-11-13T23:05:28.298+0000] {taskinstance.py:352} INFO - Marking task as SUCCESS. dag_id=brew-dag, task_id=connect_api, run_id=scheduled__2024-11-12T07:00:00+00:00, execution_date=20241112T070000, start_date=20241113T230527, end_date=20241113T230528
[2024-11-13T23:05:28.320+0000] {logging_mixin.py:190} INFO - Task instance in success state
[2024-11-13T23:05:28.321+0000] {logging_mixin.py:190} INFO -  Previous state of the Task instance: running
[2024-11-13T23:05:28.321+0000] {logging_mixin.py:190} INFO - Dag name:brew-dag queued_at:2024-11-13 23:03:11.406720+00:00
[2024-11-13T23:05:28.322+0000] {logging_mixin.py:190} INFO - Task hostname:453aae92f04c operator:PythonOperator
[2024-11-13T23:05:28.375+0000] {local_task_job_runner.py:266} INFO - Task exited with return code 0
[2024-11-13T23:05:28.431+0000] {taskinstance.py:3895} INFO - 1 downstream tasks scheduled from follow-on schedule check
[2024-11-13T23:05:28.437+0000] {local_task_job_runner.py:245} INFO - ::endgroup::
