[2024-11-15T19:14:48.195+0000] {local_task_job_runner.py:123} INFO - ::group::Pre task execution logs
[2024-11-15T19:14:48.212+0000] {taskinstance.py:2613} INFO - Dependencies all met for dep_context=non-requeueable deps ti=<TaskInstance: brew-dag.bronze_silver scheduled__2024-11-14T07:00:00+00:00 [queued]>
[2024-11-15T19:14:48.222+0000] {taskinstance.py:2613} INFO - Dependencies all met for dep_context=requeueable deps ti=<TaskInstance: brew-dag.bronze_silver scheduled__2024-11-14T07:00:00+00:00 [queued]>
[2024-11-15T19:14:48.223+0000] {taskinstance.py:2866} INFO - Starting attempt 1 of 2
[2024-11-15T19:14:48.240+0000] {taskinstance.py:2889} INFO - Executing <Task(PythonOperator): bronze_silver> on 2024-11-14 07:00:00+00:00
[2024-11-15T19:14:48.252+0000] {warnings.py:112} WARNING - /home/***/.local/lib/python3.12/site-packages/***/task/task_runner/standard_task_runner.py:70: DeprecationWarning: This process (pid=126) is multi-threaded, use of fork() may lead to deadlocks in the child.
  pid = os.fork()

[2024-11-15T19:14:48.254+0000] {standard_task_runner.py:72} INFO - Started process 128 to run task
[2024-11-15T19:14:48.254+0000] {standard_task_runner.py:104} INFO - Running: ['***', 'tasks', 'run', 'brew-dag', 'bronze_silver', 'scheduled__2024-11-14T07:00:00+00:00', '--job-id', '122', '--raw', '--subdir', 'DAGS_FOLDER/brew-dag.py', '--cfg-path', '/tmp/tmp3l3hsn_q']
[2024-11-15T19:14:48.256+0000] {standard_task_runner.py:105} INFO - Job 122: Subtask bronze_silver
[2024-11-15T19:14:48.329+0000] {task_command.py:467} INFO - Running <TaskInstance: brew-dag.bronze_silver scheduled__2024-11-14T07:00:00+00:00 [running]> on host 4922c02ec363
[2024-11-15T19:14:48.460+0000] {taskinstance.py:3132} INFO - Exporting env vars: AIRFLOW_CTX_DAG_OWNER='***' AIRFLOW_CTX_DAG_ID='brew-dag' AIRFLOW_CTX_TASK_ID='bronze_silver' AIRFLOW_CTX_EXECUTION_DATE='2024-11-14T07:00:00+00:00' AIRFLOW_CTX_TRY_NUMBER='1' AIRFLOW_CTX_DAG_RUN_ID='scheduled__2024-11-14T07:00:00+00:00'
[2024-11-15T19:14:48.466+0000] {logging_mixin.py:190} INFO - Task instance is in running state
[2024-11-15T19:14:48.468+0000] {logging_mixin.py:190} INFO -  Previous state of the Task instance: queued
[2024-11-15T19:14:48.468+0000] {logging_mixin.py:190} INFO - Current task name:bronze_silver state:running start_date:2024-11-15 19:14:48.213460+00:00
[2024-11-15T19:14:48.469+0000] {logging_mixin.py:190} INFO - Dag name:brew-dag and current dag run status:running
[2024-11-15T19:14:48.470+0000] {taskinstance.py:731} INFO - ::endgroup::
[2024-11-15T19:14:48.874+0000] {python.py:240} INFO - Done. Returned value was: None
[2024-11-15T19:14:48.884+0000] {taskinstance.py:340} INFO - ::group::Post task execution logs
[2024-11-15T19:14:48.885+0000] {taskinstance.py:352} INFO - Marking task as SUCCESS. dag_id=brew-dag, task_id=bronze_silver, run_id=scheduled__2024-11-14T07:00:00+00:00, execution_date=20241114T070000, start_date=20241115T191448, end_date=20241115T191448
[2024-11-15T19:14:48.900+0000] {logging_mixin.py:190} INFO - Task instance in success state
[2024-11-15T19:14:48.901+0000] {logging_mixin.py:190} INFO -  Previous state of the Task instance: running
[2024-11-15T19:14:48.902+0000] {logging_mixin.py:190} INFO - Dag name:brew-dag queued_at:2024-11-15 18:35:35.263489+00:00
[2024-11-15T19:14:48.902+0000] {logging_mixin.py:190} INFO - Task hostname:4922c02ec363 operator:PythonOperator
[2024-11-15T19:14:48.916+0000] {local_task_job_runner.py:266} INFO - Task exited with return code 0
[2024-11-15T19:14:48.939+0000] {taskinstance.py:3895} INFO - 1 downstream tasks scheduled from follow-on schedule check
[2024-11-15T19:14:48.945+0000] {local_task_job_runner.py:245} INFO - ::endgroup::
