[2024-11-12T23:24:39.888+0000] {local_task_job_runner.py:123} INFO - ::group::Pre task execution logs
[2024-11-12T23:24:40.222+0000] {taskinstance.py:2613} INFO - Dependencies all met for dep_context=non-requeueable deps ti=<TaskInstance: brew-dag.connect_api scheduled__2024-11-11T07:00:00+00:00 [queued]>
[2024-11-12T23:24:40.254+0000] {taskinstance.py:2613} INFO - Dependencies all met for dep_context=requeueable deps ti=<TaskInstance: brew-dag.connect_api scheduled__2024-11-11T07:00:00+00:00 [queued]>
[2024-11-12T23:24:40.256+0000] {taskinstance.py:2866} INFO - Starting attempt 2 of 3
[2024-11-12T23:24:40.290+0000] {taskinstance.py:2889} INFO - Executing <Task(PythonOperator): connect_api> on 2024-11-11 07:00:00+00:00
[2024-11-12T23:24:40.325+0000] {warnings.py:112} WARNING - /home/***/.local/lib/python3.12/site-packages/***/task/task_runner/standard_task_runner.py:70: DeprecationWarning: This process (pid=718) is multi-threaded, use of fork() may lead to deadlocks in the child.
  pid = os.fork()

[2024-11-12T23:24:40.327+0000] {standard_task_runner.py:72} INFO - Started process 720 to run task
[2024-11-12T23:24:40.327+0000] {standard_task_runner.py:104} INFO - Running: ['***', 'tasks', 'run', 'brew-dag', 'connect_api', 'scheduled__2024-11-11T07:00:00+00:00', '--job-id', '14', '--raw', '--subdir', 'DAGS_FOLDER/brew-dag.py', '--cfg-path', '/tmp/tmpfn_jq3xc']
[2024-11-12T23:24:40.328+0000] {standard_task_runner.py:105} INFO - Job 14: Subtask connect_api
[2024-11-12T23:24:40.396+0000] {task_command.py:467} INFO - Running <TaskInstance: brew-dag.connect_api scheduled__2024-11-11T07:00:00+00:00 [running]> on host 60459ae802f2
[2024-11-12T23:24:40.520+0000] {taskinstance.py:3132} INFO - Exporting env vars: AIRFLOW_CTX_DAG_OWNER='***' AIRFLOW_CTX_DAG_ID='brew-dag' AIRFLOW_CTX_TASK_ID='connect_api' AIRFLOW_CTX_EXECUTION_DATE='2024-11-11T07:00:00+00:00' AIRFLOW_CTX_TRY_NUMBER='2' AIRFLOW_CTX_DAG_RUN_ID='scheduled__2024-11-11T07:00:00+00:00'
[2024-11-12T23:24:40.522+0000] {logging_mixin.py:190} INFO - Task instance is in running state
[2024-11-12T23:24:40.523+0000] {logging_mixin.py:190} INFO -  Previous state of the Task instance: queued
[2024-11-12T23:24:40.524+0000] {logging_mixin.py:190} INFO - Current task name:connect_api state:running start_date:2024-11-12 23:24:40.223979+00:00
[2024-11-12T23:24:40.524+0000] {logging_mixin.py:190} INFO - Dag name:brew-dag and current dag run status:running
[2024-11-12T23:24:40.525+0000] {taskinstance.py:731} INFO - ::endgroup::
[2024-11-12T23:24:41.410+0000] {python.py:240} INFO - Done. Returned value was: 200
[2024-11-12T23:24:41.442+0000] {taskinstance.py:340} INFO - ::group::Post task execution logs
[2024-11-12T23:24:41.443+0000] {taskinstance.py:352} INFO - Marking task as SUCCESS. dag_id=brew-dag, task_id=connect_api, run_id=scheduled__2024-11-11T07:00:00+00:00, execution_date=20241111T070000, start_date=20241112T232440, end_date=20241112T232441
[2024-11-12T23:24:41.458+0000] {logging_mixin.py:190} INFO - Task instance in success state
[2024-11-12T23:24:41.459+0000] {logging_mixin.py:190} INFO -  Previous state of the Task instance: running
[2024-11-12T23:24:41.459+0000] {logging_mixin.py:190} INFO - Dag name:brew-dag queued_at:2024-11-12 23:24:14.838184+00:00
[2024-11-12T23:24:41.459+0000] {logging_mixin.py:190} INFO - Task hostname:60459ae802f2 operator:PythonOperator
[2024-11-12T23:24:41.476+0000] {local_task_job_runner.py:266} INFO - Task exited with return code 0
[2024-11-12T23:24:41.504+0000] {taskinstance.py:3895} INFO - 1 downstream tasks scheduled from follow-on schedule check
[2024-11-12T23:24:41.547+0000] {local_task_job_runner.py:245} INFO - ::endgroup::
