[2024-11-13T23:06:15.171+0000] {local_task_job_runner.py:123} INFO - ::group::Pre task execution logs
[2024-11-13T23:06:15.196+0000] {taskinstance.py:2613} INFO - Dependencies all met for dep_context=non-requeueable deps ti=<TaskInstance: brew-dag.silver_gold scheduled__2024-11-12T07:00:00+00:00 [queued]>
[2024-11-13T23:06:15.211+0000] {taskinstance.py:2613} INFO - Dependencies all met for dep_context=requeueable deps ti=<TaskInstance: brew-dag.silver_gold scheduled__2024-11-12T07:00:00+00:00 [queued]>
[2024-11-13T23:06:15.212+0000] {taskinstance.py:2866} INFO - Starting attempt 6 of 7
[2024-11-13T23:06:15.235+0000] {taskinstance.py:2889} INFO - Executing <Task(PythonOperator): silver_gold> on 2024-11-12 07:00:00+00:00
[2024-11-13T23:06:15.249+0000] {warnings.py:112} WARNING - /home/***/.local/lib/python3.12/site-packages/***/task/task_runner/standard_task_runner.py:70: DeprecationWarning: This process (pid=660) is multi-threaded, use of fork() may lead to deadlocks in the child.
  pid = os.fork()

[2024-11-13T23:06:15.251+0000] {standard_task_runner.py:72} INFO - Started process 662 to run task
[2024-11-13T23:06:15.251+0000] {standard_task_runner.py:104} INFO - Running: ['***', 'tasks', 'run', 'brew-dag', 'silver_gold', 'scheduled__2024-11-12T07:00:00+00:00', '--job-id', '82', '--raw', '--subdir', 'DAGS_FOLDER/brew-dag.py', '--cfg-path', '/tmp/tmpnf600rk4']
[2024-11-13T23:06:15.252+0000] {standard_task_runner.py:105} INFO - Job 82: Subtask silver_gold
[2024-11-13T23:06:15.309+0000] {task_command.py:467} INFO - Running <TaskInstance: brew-dag.silver_gold scheduled__2024-11-12T07:00:00+00:00 [running]> on host 453aae92f04c
[2024-11-13T23:06:15.414+0000] {taskinstance.py:3132} INFO - Exporting env vars: AIRFLOW_CTX_DAG_EMAIL='nelsonlsn@gmail.com' AIRFLOW_CTX_DAG_OWNER='***' AIRFLOW_CTX_DAG_ID='brew-dag' AIRFLOW_CTX_TASK_ID='silver_gold' AIRFLOW_CTX_EXECUTION_DATE='2024-11-12T07:00:00+00:00' AIRFLOW_CTX_TRY_NUMBER='6' AIRFLOW_CTX_DAG_RUN_ID='scheduled__2024-11-12T07:00:00+00:00'
[2024-11-13T23:06:15.415+0000] {logging_mixin.py:190} INFO - Task instance is in running state
[2024-11-13T23:06:15.416+0000] {logging_mixin.py:190} INFO -  Previous state of the Task instance: queued
[2024-11-13T23:06:15.417+0000] {logging_mixin.py:190} INFO - Current task name:silver_gold state:running start_date:2024-11-13 23:06:15.197664+00:00
[2024-11-13T23:06:15.417+0000] {logging_mixin.py:190} INFO - Dag name:brew-dag and current dag run status:running
[2024-11-13T23:06:15.418+0000] {taskinstance.py:731} INFO - ::endgroup::
[2024-11-13T23:06:15.673+0000] {warnings.py:112} WARNING - /opt/***/dags/brew-dag.py:71: FutureWarning: The default of observed=False is deprecated and will be changed to True in a future version of pandas. Pass observed=False to retain current behavior or observed=True to adopt the future default and silence this warning.
  df_gl = df_sl.groupby(['country', 'brewery_type'])['id'].agg('count').reset_index()

[2024-11-13T23:06:15.720+0000] {python.py:240} INFO - Done. Returned value was: None
[2024-11-13T23:06:15.732+0000] {taskinstance.py:340} INFO - ::group::Post task execution logs
[2024-11-13T23:06:15.733+0000] {taskinstance.py:352} INFO - Marking task as SUCCESS. dag_id=brew-dag, task_id=silver_gold, run_id=scheduled__2024-11-12T07:00:00+00:00, execution_date=20241112T070000, start_date=20241113T230615, end_date=20241113T230615
[2024-11-13T23:06:15.749+0000] {logging_mixin.py:190} INFO - Task instance in success state
[2024-11-13T23:06:15.750+0000] {logging_mixin.py:190} INFO -  Previous state of the Task instance: running
[2024-11-13T23:06:15.750+0000] {logging_mixin.py:190} INFO - Dag name:brew-dag queued_at:2024-11-13 23:03:11.406720+00:00
[2024-11-13T23:06:15.751+0000] {logging_mixin.py:190} INFO - Task hostname:453aae92f04c operator:PythonOperator
[2024-11-13T23:06:15.790+0000] {local_task_job_runner.py:266} INFO - Task exited with return code 0
[2024-11-13T23:06:15.809+0000] {taskinstance.py:3895} INFO - 0 downstream tasks scheduled from follow-on schedule check
[2024-11-13T23:06:15.815+0000] {local_task_job_runner.py:245} INFO - ::endgroup::
