[2024-11-13T22:59:35.241+0000] {local_task_job_runner.py:123} INFO - ::group::Pre task execution logs
[2024-11-13T22:59:35.259+0000] {taskinstance.py:2613} INFO - Dependencies all met for dep_context=non-requeueable deps ti=<TaskInstance: brew-dag.silver_gold scheduled__2024-11-12T07:00:00+00:00 [queued]>
[2024-11-13T22:59:35.270+0000] {taskinstance.py:2613} INFO - Dependencies all met for dep_context=requeueable deps ti=<TaskInstance: brew-dag.silver_gold scheduled__2024-11-12T07:00:00+00:00 [queued]>
[2024-11-13T22:59:35.272+0000] {taskinstance.py:2866} INFO - Starting attempt 4 of 5
[2024-11-13T22:59:35.291+0000] {taskinstance.py:2889} INFO - Executing <Task(PythonOperator): silver_gold> on 2024-11-12 07:00:00+00:00
[2024-11-13T22:59:35.303+0000] {warnings.py:112} WARNING - /home/***/.local/lib/python3.12/site-packages/***/task/task_runner/standard_task_runner.py:70: DeprecationWarning: This process (pid=508) is multi-threaded, use of fork() may lead to deadlocks in the child.
  pid = os.fork()

[2024-11-13T22:59:35.305+0000] {standard_task_runner.py:72} INFO - Started process 510 to run task
[2024-11-13T22:59:35.305+0000] {standard_task_runner.py:104} INFO - Running: ['***', 'tasks', 'run', 'brew-dag', 'silver_gold', 'scheduled__2024-11-12T07:00:00+00:00', '--job-id', '74', '--raw', '--subdir', 'DAGS_FOLDER/brew-dag.py', '--cfg-path', '/tmp/tmpmluro5jf']
[2024-11-13T22:59:35.306+0000] {standard_task_runner.py:105} INFO - Job 74: Subtask silver_gold
[2024-11-13T22:59:35.366+0000] {task_command.py:467} INFO - Running <TaskInstance: brew-dag.silver_gold scheduled__2024-11-12T07:00:00+00:00 [running]> on host 453aae92f04c
[2024-11-13T22:59:35.474+0000] {taskinstance.py:3132} INFO - Exporting env vars: AIRFLOW_CTX_DAG_EMAIL='nelsonlsn@gmail.com' AIRFLOW_CTX_DAG_OWNER='***' AIRFLOW_CTX_DAG_ID='brew-dag' AIRFLOW_CTX_TASK_ID='silver_gold' AIRFLOW_CTX_EXECUTION_DATE='2024-11-12T07:00:00+00:00' AIRFLOW_CTX_TRY_NUMBER='4' AIRFLOW_CTX_DAG_RUN_ID='scheduled__2024-11-12T07:00:00+00:00'
[2024-11-13T22:59:35.476+0000] {logging_mixin.py:190} INFO - Task instance is in running state
[2024-11-13T22:59:35.477+0000] {logging_mixin.py:190} INFO -  Previous state of the Task instance: queued
[2024-11-13T22:59:35.477+0000] {logging_mixin.py:190} INFO - Current task name:silver_gold state:running start_date:2024-11-13 22:59:35.260182+00:00
[2024-11-13T22:59:35.478+0000] {logging_mixin.py:190} INFO - Dag name:brew-dag and current dag run status:running
[2024-11-13T22:59:35.479+0000] {taskinstance.py:731} INFO - ::endgroup::
[2024-11-13T22:59:35.678+0000] {warnings.py:112} WARNING - /opt/***/dags/brew-dag.py:66: FutureWarning: The default of observed=False is deprecated and will be changed to True in a future version of pandas. Pass observed=False to retain current behavior or observed=True to adopt the future default and silence this warning.
  df_gl = df_sl.groupby(['country', 'brewery_type'])['id'].agg('count').reset_index()

[2024-11-13T22:59:35.709+0000] {taskinstance.py:3311} ERROR - Task failed with exception
Traceback (most recent call last):
  File "/home/airflow/.local/lib/python3.12/site-packages/airflow/models/taskinstance.py", line 762, in _execute_task
    result = _execute_callable(context=context, **execute_callable_kwargs)
             ^^^^^^^^^^^^^^^^^^^^^^^^^^^^^^^^^^^^^^^^^^^^^^^^^^^^^^^^^^^^^
  File "/home/airflow/.local/lib/python3.12/site-packages/airflow/models/taskinstance.py", line 733, in _execute_callable
    return ExecutionCallableRunner(
           ^^^^^^^^^^^^^^^^^^^^^^^^
  File "/home/airflow/.local/lib/python3.12/site-packages/airflow/utils/operator_helpers.py", line 252, in run
    return self.func(*args, **kwargs)
           ^^^^^^^^^^^^^^^^^^^^^^^^^^
  File "/home/airflow/.local/lib/python3.12/site-packages/airflow/models/baseoperator.py", line 417, in wrapper
    return func(self, *args, **kwargs)
           ^^^^^^^^^^^^^^^^^^^^^^^^^^^
  File "/home/airflow/.local/lib/python3.12/site-packages/airflow/operators/python.py", line 238, in execute
    return_value = self.execute_callable()
                   ^^^^^^^^^^^^^^^^^^^^^^^
  File "/home/airflow/.local/lib/python3.12/site-packages/airflow/operators/python.py", line 256, in execute_callable
    return runner.run(*self.op_args, **self.op_kwargs)
           ^^^^^^^^^^^^^^^^^^^^^^^^^^^^^^^^^^^^^^^^^^^
  File "/home/airflow/.local/lib/python3.12/site-packages/airflow/utils/operator_helpers.py", line 252, in run
    return self.func(*args, **kwargs)
           ^^^^^^^^^^^^^^^^^^^^^^^^^^
  File "/opt/airflow/dags/brew-dag.py", line 68, in silver_gold
    df_gl.to_parquet("/opt/airflow/datalake/gold/breweries/breweries.parquet", index = False)
  File "/home/airflow/.local/lib/python3.12/site-packages/pandas/core/frame.py", line 2970, in to_parquet
    return to_parquet(
           ^^^^^^^^^^^
  File "/home/airflow/.local/lib/python3.12/site-packages/pandas/io/parquet.py", line 483, in to_parquet
    impl.write(
  File "/home/airflow/.local/lib/python3.12/site-packages/pandas/io/parquet.py", line 197, in write
    path_or_handle, handles, filesystem = _get_path_or_handle(
                                          ^^^^^^^^^^^^^^^^^^^^
  File "/home/airflow/.local/lib/python3.12/site-packages/pandas/io/parquet.py", line 139, in _get_path_or_handle
    handles = get_handle(
              ^^^^^^^^^^^
  File "/home/airflow/.local/lib/python3.12/site-packages/pandas/io/common.py", line 739, in get_handle
    check_parent_directory(str(handle))
  File "/home/airflow/.local/lib/python3.12/site-packages/pandas/io/common.py", line 604, in check_parent_directory
    raise OSError(rf"Cannot save file into a non-existent directory: '{parent}'")
OSError: Cannot save file into a non-existent directory: '/opt/***/datalake/gold/breweries'
[2024-11-13T22:59:35.737+0000] {logging_mixin.py:190} INFO - Task instance in failure state
[2024-11-13T22:59:35.738+0000] {logging_mixin.py:190} INFO - Task start:2024-11-13 22:59:35.260182+00:00 end:2024-11-13 22:59:35.736788+00:00 duration:0.476606
[2024-11-13T22:59:35.739+0000] {logging_mixin.py:190} INFO - Task:<Task(PythonOperator): silver_gold> dag:<DAG: brew-dag> dagrun:<DagRun brew-dag @ 2024-11-12 07:00:00+00:00: scheduled__2024-11-12T07:00:00+00:00, state:running, queued_at: 2024-11-13 22:57:57.035135+00:00. externally triggered: False>
[2024-11-13T22:59:35.739+0000] {logging_mixin.py:190} INFO - Failure caused by Cannot save file into a non-existent directory: '/opt/***/datalake/gold/breweries'
[2024-11-13T22:59:35.740+0000] {taskinstance.py:1225} INFO - Marking task as UP_FOR_RETRY. dag_id=brew-dag, task_id=silver_gold, run_id=scheduled__2024-11-12T07:00:00+00:00, execution_date=20241112T070000, start_date=20241113T225935, end_date=20241113T225935
[2024-11-13T22:59:35.762+0000] {taskinstance.py:340} INFO - ::group::Post task execution logs
[2024-11-13T22:59:35.765+0000] {standard_task_runner.py:124} ERROR - Failed to execute job 74 for task silver_gold (Cannot save file into a non-existent directory: '/opt/***/datalake/gold/breweries'; 510)
Traceback (most recent call last):
  File "/home/airflow/.local/lib/python3.12/site-packages/airflow/task/task_runner/standard_task_runner.py", line 117, in _start_by_fork
    ret = args.func(args, dag=self.dag)
          ^^^^^^^^^^^^^^^^^^^^^^^^^^^^^
  File "/home/airflow/.local/lib/python3.12/site-packages/airflow/cli/cli_config.py", line 49, in command
    return func(*args, **kwargs)
           ^^^^^^^^^^^^^^^^^^^^^
  File "/home/airflow/.local/lib/python3.12/site-packages/airflow/utils/cli.py", line 116, in wrapper
    return f(*args, **kwargs)
           ^^^^^^^^^^^^^^^^^^
  File "/home/airflow/.local/lib/python3.12/site-packages/airflow/cli/commands/task_command.py", line 483, in task_run
    task_return_code = _run_task_by_selected_method(args, _dag, ti)
                       ^^^^^^^^^^^^^^^^^^^^^^^^^^^^^^^^^^^^^^^^^^^^
  File "/home/airflow/.local/lib/python3.12/site-packages/airflow/cli/commands/task_command.py", line 256, in _run_task_by_selected_method
    return _run_raw_task(args, ti)
           ^^^^^^^^^^^^^^^^^^^^^^^
  File "/home/airflow/.local/lib/python3.12/site-packages/airflow/cli/commands/task_command.py", line 341, in _run_raw_task
    return ti._run_raw_task(
           ^^^^^^^^^^^^^^^^^
  File "/home/airflow/.local/lib/python3.12/site-packages/airflow/utils/session.py", line 97, in wrapper
    return func(*args, session=session, **kwargs)
           ^^^^^^^^^^^^^^^^^^^^^^^^^^^^^^^^^^^^^^
  File "/home/airflow/.local/lib/python3.12/site-packages/airflow/models/taskinstance.py", line 3005, in _run_raw_task
    return _run_raw_task(
           ^^^^^^^^^^^^^^
  File "/home/airflow/.local/lib/python3.12/site-packages/airflow/models/taskinstance.py", line 273, in _run_raw_task
    TaskInstance._execute_task_with_callbacks(
  File "/home/airflow/.local/lib/python3.12/site-packages/airflow/models/taskinstance.py", line 3159, in _execute_task_with_callbacks
    result = self._execute_task(context, task_orig)
             ^^^^^^^^^^^^^^^^^^^^^^^^^^^^^^^^^^^^^^
  File "/home/airflow/.local/lib/python3.12/site-packages/airflow/models/taskinstance.py", line 3183, in _execute_task
    return _execute_task(self, context, task_orig)
           ^^^^^^^^^^^^^^^^^^^^^^^^^^^^^^^^^^^^^^^
  File "/home/airflow/.local/lib/python3.12/site-packages/airflow/models/taskinstance.py", line 762, in _execute_task
    result = _execute_callable(context=context, **execute_callable_kwargs)
             ^^^^^^^^^^^^^^^^^^^^^^^^^^^^^^^^^^^^^^^^^^^^^^^^^^^^^^^^^^^^^
  File "/home/airflow/.local/lib/python3.12/site-packages/airflow/models/taskinstance.py", line 733, in _execute_callable
    return ExecutionCallableRunner(
           ^^^^^^^^^^^^^^^^^^^^^^^^
  File "/home/airflow/.local/lib/python3.12/site-packages/airflow/utils/operator_helpers.py", line 252, in run
    return self.func(*args, **kwargs)
           ^^^^^^^^^^^^^^^^^^^^^^^^^^
  File "/home/airflow/.local/lib/python3.12/site-packages/airflow/models/baseoperator.py", line 417, in wrapper
    return func(self, *args, **kwargs)
           ^^^^^^^^^^^^^^^^^^^^^^^^^^^
  File "/home/airflow/.local/lib/python3.12/site-packages/airflow/operators/python.py", line 238, in execute
    return_value = self.execute_callable()
                   ^^^^^^^^^^^^^^^^^^^^^^^
  File "/home/airflow/.local/lib/python3.12/site-packages/airflow/operators/python.py", line 256, in execute_callable
    return runner.run(*self.op_args, **self.op_kwargs)
           ^^^^^^^^^^^^^^^^^^^^^^^^^^^^^^^^^^^^^^^^^^^
  File "/home/airflow/.local/lib/python3.12/site-packages/airflow/utils/operator_helpers.py", line 252, in run
    return self.func(*args, **kwargs)
           ^^^^^^^^^^^^^^^^^^^^^^^^^^
  File "/opt/airflow/dags/brew-dag.py", line 68, in silver_gold
    df_gl.to_parquet("/opt/airflow/datalake/gold/breweries/breweries.parquet", index = False)
  File "/home/airflow/.local/lib/python3.12/site-packages/pandas/core/frame.py", line 2970, in to_parquet
    return to_parquet(
           ^^^^^^^^^^^
  File "/home/airflow/.local/lib/python3.12/site-packages/pandas/io/parquet.py", line 483, in to_parquet
    impl.write(
  File "/home/airflow/.local/lib/python3.12/site-packages/pandas/io/parquet.py", line 197, in write
    path_or_handle, handles, filesystem = _get_path_or_handle(
                                          ^^^^^^^^^^^^^^^^^^^^
  File "/home/airflow/.local/lib/python3.12/site-packages/pandas/io/parquet.py", line 139, in _get_path_or_handle
    handles = get_handle(
              ^^^^^^^^^^^
  File "/home/airflow/.local/lib/python3.12/site-packages/pandas/io/common.py", line 739, in get_handle
    check_parent_directory(str(handle))
  File "/home/airflow/.local/lib/python3.12/site-packages/pandas/io/common.py", line 604, in check_parent_directory
    raise OSError(rf"Cannot save file into a non-existent directory: '{parent}'")
OSError: Cannot save file into a non-existent directory: '/opt/***/datalake/gold/breweries'
[2024-11-13T22:59:35.803+0000] {local_task_job_runner.py:266} INFO - Task exited with return code 1
[2024-11-13T22:59:35.826+0000] {taskinstance.py:3895} INFO - 0 downstream tasks scheduled from follow-on schedule check
[2024-11-13T22:59:35.832+0000] {local_task_job_runner.py:245} INFO - ::endgroup::
