[2024-11-12T00:00:21.498+0000] {processor.py:186} INFO - Started process (PID=2123) to work on /home/airflow/.local/lib/python3.12/site-packages/airflow/example_dags/example_branch_python_dop_operator_3.py
[2024-11-12T00:00:21.502+0000] {processor.py:914} INFO - Processing file /home/airflow/.local/lib/python3.12/site-packages/airflow/example_dags/example_branch_python_dop_operator_3.py for tasks to queue
[2024-11-12T00:00:21.505+0000] {logging_mixin.py:190} INFO - [2024-11-12T00:00:21.505+0000] {dagbag.py:588} INFO - Filling up the DagBag from /home/airflow/.local/lib/python3.12/site-packages/airflow/example_dags/example_branch_python_dop_operator_3.py
[2024-11-12T00:00:21.518+0000] {processor.py:925} INFO - DAG(s) 'example_branch_dop_operator_v3' retrieved from /home/airflow/.local/lib/python3.12/site-packages/airflow/example_dags/example_branch_python_dop_operator_3.py
[2024-11-12T00:00:21.552+0000] {logging_mixin.py:190} INFO - [2024-11-12T00:00:21.550+0000] {dag.py:3239} INFO - Sync 1 DAGs
[2024-11-12T00:00:21.591+0000] {logging_mixin.py:190} INFO - [2024-11-12T00:00:21.590+0000] {dag.py:4180} INFO - Setting next_dagrun for example_branch_dop_operator_v3 to 2024-11-11 23:59:00+00:00, run_after=2024-11-12 00:00:00+00:00
[2024-11-12T00:00:21.619+0000] {processor.py:208} INFO - Processing /home/airflow/.local/lib/python3.12/site-packages/airflow/example_dags/example_branch_python_dop_operator_3.py took 0.127 seconds
[2024-11-12T00:00:52.377+0000] {processor.py:186} INFO - Started process (PID=2187) to work on /home/airflow/.local/lib/python3.12/site-packages/airflow/example_dags/example_branch_python_dop_operator_3.py
[2024-11-12T00:00:52.378+0000] {processor.py:914} INFO - Processing file /home/airflow/.local/lib/python3.12/site-packages/airflow/example_dags/example_branch_python_dop_operator_3.py for tasks to queue
[2024-11-12T00:00:52.381+0000] {logging_mixin.py:190} INFO - [2024-11-12T00:00:52.380+0000] {dagbag.py:588} INFO - Filling up the DagBag from /home/airflow/.local/lib/python3.12/site-packages/airflow/example_dags/example_branch_python_dop_operator_3.py
[2024-11-12T00:00:52.393+0000] {processor.py:925} INFO - DAG(s) 'example_branch_dop_operator_v3' retrieved from /home/airflow/.local/lib/python3.12/site-packages/airflow/example_dags/example_branch_python_dop_operator_3.py
[2024-11-12T00:00:52.416+0000] {logging_mixin.py:190} INFO - [2024-11-12T00:00:52.416+0000] {dag.py:3239} INFO - Sync 1 DAGs
[2024-11-12T00:00:52.445+0000] {logging_mixin.py:190} INFO - [2024-11-12T00:00:52.445+0000] {dag.py:4180} INFO - Setting next_dagrun for example_branch_dop_operator_v3 to 2024-11-11 23:59:00+00:00, run_after=2024-11-12 00:00:00+00:00
[2024-11-12T00:00:52.467+0000] {processor.py:208} INFO - Processing /home/airflow/.local/lib/python3.12/site-packages/airflow/example_dags/example_branch_python_dop_operator_3.py took 0.095 seconds
[2024-11-12T00:01:23.382+0000] {processor.py:186} INFO - Started process (PID=2251) to work on /home/airflow/.local/lib/python3.12/site-packages/airflow/example_dags/example_branch_python_dop_operator_3.py
[2024-11-12T00:01:23.383+0000] {processor.py:914} INFO - Processing file /home/airflow/.local/lib/python3.12/site-packages/airflow/example_dags/example_branch_python_dop_operator_3.py for tasks to queue
[2024-11-12T00:01:23.385+0000] {logging_mixin.py:190} INFO - [2024-11-12T00:01:23.385+0000] {dagbag.py:588} INFO - Filling up the DagBag from /home/airflow/.local/lib/python3.12/site-packages/airflow/example_dags/example_branch_python_dop_operator_3.py
[2024-11-12T00:01:23.397+0000] {processor.py:925} INFO - DAG(s) 'example_branch_dop_operator_v3' retrieved from /home/airflow/.local/lib/python3.12/site-packages/airflow/example_dags/example_branch_python_dop_operator_3.py
[2024-11-12T00:01:23.420+0000] {logging_mixin.py:190} INFO - [2024-11-12T00:01:23.419+0000] {dag.py:3239} INFO - Sync 1 DAGs
[2024-11-12T00:01:23.448+0000] {logging_mixin.py:190} INFO - [2024-11-12T00:01:23.447+0000] {dag.py:4180} INFO - Setting next_dagrun for example_branch_dop_operator_v3 to 2024-11-12 00:00:00+00:00, run_after=2024-11-12 00:01:00+00:00
[2024-11-12T00:01:23.469+0000] {processor.py:208} INFO - Processing /home/airflow/.local/lib/python3.12/site-packages/airflow/example_dags/example_branch_python_dop_operator_3.py took 0.094 seconds
