[2024-11-12T00:00:20.982+0000] {processor.py:186} INFO - Started process (PID=2118) to work on /home/airflow/.local/lib/python3.12/site-packages/airflow/example_dags/example_sensor_decorator.py
[2024-11-12T00:00:20.986+0000] {processor.py:914} INFO - Processing file /home/airflow/.local/lib/python3.12/site-packages/airflow/example_dags/example_sensor_decorator.py for tasks to queue
[2024-11-12T00:00:20.989+0000] {logging_mixin.py:190} INFO - [2024-11-12T00:00:20.989+0000] {dagbag.py:588} INFO - Filling up the DagBag from /home/airflow/.local/lib/python3.12/site-packages/airflow/example_dags/example_sensor_decorator.py
[2024-11-12T00:00:20.998+0000] {processor.py:925} INFO - DAG(s) 'example_sensor_decorator' retrieved from /home/airflow/.local/lib/python3.12/site-packages/airflow/example_dags/example_sensor_decorator.py
[2024-11-12T00:00:21.024+0000] {logging_mixin.py:190} INFO - [2024-11-12T00:00:21.024+0000] {dag.py:3239} INFO - Sync 1 DAGs
[2024-11-12T00:00:21.041+0000] {logging_mixin.py:190} INFO - [2024-11-12T00:00:21.040+0000] {dag.py:4180} INFO - Setting next_dagrun for example_sensor_decorator to None, run_after=None
[2024-11-12T00:00:21.068+0000] {processor.py:208} INFO - Processing /home/airflow/.local/lib/python3.12/site-packages/airflow/example_dags/example_sensor_decorator.py took 0.092 seconds
[2024-11-12T00:00:51.296+0000] {processor.py:186} INFO - Started process (PID=2180) to work on /home/airflow/.local/lib/python3.12/site-packages/airflow/example_dags/example_sensor_decorator.py
[2024-11-12T00:00:51.297+0000] {processor.py:914} INFO - Processing file /home/airflow/.local/lib/python3.12/site-packages/airflow/example_dags/example_sensor_decorator.py for tasks to queue
[2024-11-12T00:00:51.300+0000] {logging_mixin.py:190} INFO - [2024-11-12T00:00:51.299+0000] {dagbag.py:588} INFO - Filling up the DagBag from /home/airflow/.local/lib/python3.12/site-packages/airflow/example_dags/example_sensor_decorator.py
[2024-11-12T00:00:51.307+0000] {processor.py:925} INFO - DAG(s) 'example_sensor_decorator' retrieved from /home/airflow/.local/lib/python3.12/site-packages/airflow/example_dags/example_sensor_decorator.py
[2024-11-12T00:00:51.326+0000] {logging_mixin.py:190} INFO - [2024-11-12T00:00:51.326+0000] {dag.py:3239} INFO - Sync 1 DAGs
[2024-11-12T00:00:51.339+0000] {logging_mixin.py:190} INFO - [2024-11-12T00:00:51.338+0000] {dag.py:4180} INFO - Setting next_dagrun for example_sensor_decorator to None, run_after=None
[2024-11-12T00:00:51.360+0000] {processor.py:208} INFO - Processing /home/airflow/.local/lib/python3.12/site-packages/airflow/example_dags/example_sensor_decorator.py took 0.070 seconds
[2024-11-12T00:01:22.231+0000] {processor.py:186} INFO - Started process (PID=2244) to work on /home/airflow/.local/lib/python3.12/site-packages/airflow/example_dags/example_sensor_decorator.py
[2024-11-12T00:01:22.233+0000] {processor.py:914} INFO - Processing file /home/airflow/.local/lib/python3.12/site-packages/airflow/example_dags/example_sensor_decorator.py for tasks to queue
[2024-11-12T00:01:22.236+0000] {logging_mixin.py:190} INFO - [2024-11-12T00:01:22.235+0000] {dagbag.py:588} INFO - Filling up the DagBag from /home/airflow/.local/lib/python3.12/site-packages/airflow/example_dags/example_sensor_decorator.py
[2024-11-12T00:01:22.246+0000] {processor.py:925} INFO - DAG(s) 'example_sensor_decorator' retrieved from /home/airflow/.local/lib/python3.12/site-packages/airflow/example_dags/example_sensor_decorator.py
[2024-11-12T00:01:22.264+0000] {logging_mixin.py:190} INFO - [2024-11-12T00:01:22.264+0000] {dag.py:3239} INFO - Sync 1 DAGs
[2024-11-12T00:01:22.278+0000] {logging_mixin.py:190} INFO - [2024-11-12T00:01:22.278+0000] {dag.py:4180} INFO - Setting next_dagrun for example_sensor_decorator to None, run_after=None
[2024-11-12T00:01:22.301+0000] {processor.py:208} INFO - Processing /home/airflow/.local/lib/python3.12/site-packages/airflow/example_dags/example_sensor_decorator.py took 0.075 seconds
[2024-11-12T00:01:52.966+0000] {processor.py:186} INFO - Started process (PID=2308) to work on /home/airflow/.local/lib/python3.12/site-packages/airflow/example_dags/example_sensor_decorator.py
[2024-11-12T00:01:52.971+0000] {processor.py:914} INFO - Processing file /home/airflow/.local/lib/python3.12/site-packages/airflow/example_dags/example_sensor_decorator.py for tasks to queue
[2024-11-12T00:01:52.981+0000] {logging_mixin.py:190} INFO - [2024-11-12T00:01:52.980+0000] {dagbag.py:588} INFO - Filling up the DagBag from /home/airflow/.local/lib/python3.12/site-packages/airflow/example_dags/example_sensor_decorator.py
[2024-11-12T00:01:53.058+0000] {processor.py:925} INFO - DAG(s) 'example_sensor_decorator' retrieved from /home/airflow/.local/lib/python3.12/site-packages/airflow/example_dags/example_sensor_decorator.py
[2024-11-12T00:01:53.086+0000] {logging_mixin.py:190} INFO - [2024-11-12T00:01:53.085+0000] {dag.py:3239} INFO - Sync 1 DAGs
[2024-11-12T00:01:53.103+0000] {logging_mixin.py:190} INFO - [2024-11-12T00:01:53.103+0000] {dag.py:4180} INFO - Setting next_dagrun for example_sensor_decorator to None, run_after=None
[2024-11-12T00:01:53.129+0000] {processor.py:208} INFO - Processing /home/airflow/.local/lib/python3.12/site-packages/airflow/example_dags/example_sensor_decorator.py took 0.213 seconds
