[2024-11-12T00:00:19.127+0000] {processor.py:186} INFO - Started process (PID=2111) to work on /home/airflow/.local/lib/python3.12/site-packages/airflow/example_dags/example_display_name.py
[2024-11-12T00:00:19.128+0000] {processor.py:914} INFO - Processing file /home/airflow/.local/lib/python3.12/site-packages/airflow/example_dags/example_display_name.py for tasks to queue
[2024-11-12T00:00:19.131+0000] {logging_mixin.py:190} INFO - [2024-11-12T00:00:19.131+0000] {dagbag.py:588} INFO - Filling up the DagBag from /home/airflow/.local/lib/python3.12/site-packages/airflow/example_dags/example_display_name.py
[2024-11-12T00:00:19.143+0000] {processor.py:925} INFO - DAG(s) 'example_display_name' retrieved from /home/airflow/.local/lib/python3.12/site-packages/airflow/example_dags/example_display_name.py
[2024-11-12T00:00:19.169+0000] {logging_mixin.py:190} INFO - [2024-11-12T00:00:19.169+0000] {dag.py:3239} INFO - Sync 1 DAGs
[2024-11-12T00:00:19.189+0000] {logging_mixin.py:190} INFO - [2024-11-12T00:00:19.188+0000] {dag.py:4180} INFO - Setting next_dagrun for example_display_name to None, run_after=None
[2024-11-12T00:00:19.233+0000] {processor.py:208} INFO - Processing /home/airflow/.local/lib/python3.12/site-packages/airflow/example_dags/example_display_name.py took 0.111 seconds
[2024-11-12T00:00:50.032+0000] {processor.py:186} INFO - Started process (PID=2175) to work on /home/airflow/.local/lib/python3.12/site-packages/airflow/example_dags/example_display_name.py
[2024-11-12T00:00:50.033+0000] {processor.py:914} INFO - Processing file /home/airflow/.local/lib/python3.12/site-packages/airflow/example_dags/example_display_name.py for tasks to queue
[2024-11-12T00:00:50.036+0000] {logging_mixin.py:190} INFO - [2024-11-12T00:00:50.036+0000] {dagbag.py:588} INFO - Filling up the DagBag from /home/airflow/.local/lib/python3.12/site-packages/airflow/example_dags/example_display_name.py
[2024-11-12T00:00:50.043+0000] {processor.py:925} INFO - DAG(s) 'example_display_name' retrieved from /home/airflow/.local/lib/python3.12/site-packages/airflow/example_dags/example_display_name.py
[2024-11-12T00:00:50.062+0000] {logging_mixin.py:190} INFO - [2024-11-12T00:00:50.061+0000] {dag.py:3239} INFO - Sync 1 DAGs
[2024-11-12T00:00:50.074+0000] {logging_mixin.py:190} INFO - [2024-11-12T00:00:50.074+0000] {dag.py:4180} INFO - Setting next_dagrun for example_display_name to None, run_after=None
[2024-11-12T00:00:50.095+0000] {processor.py:208} INFO - Processing /home/airflow/.local/lib/python3.12/site-packages/airflow/example_dags/example_display_name.py took 0.069 seconds
[2024-11-12T00:01:20.960+0000] {processor.py:186} INFO - Started process (PID=2239) to work on /home/airflow/.local/lib/python3.12/site-packages/airflow/example_dags/example_display_name.py
[2024-11-12T00:01:20.962+0000] {processor.py:914} INFO - Processing file /home/airflow/.local/lib/python3.12/site-packages/airflow/example_dags/example_display_name.py for tasks to queue
[2024-11-12T00:01:20.967+0000] {logging_mixin.py:190} INFO - [2024-11-12T00:01:20.966+0000] {dagbag.py:588} INFO - Filling up the DagBag from /home/airflow/.local/lib/python3.12/site-packages/airflow/example_dags/example_display_name.py
[2024-11-12T00:01:20.977+0000] {processor.py:925} INFO - DAG(s) 'example_display_name' retrieved from /home/airflow/.local/lib/python3.12/site-packages/airflow/example_dags/example_display_name.py
[2024-11-12T00:01:20.998+0000] {logging_mixin.py:190} INFO - [2024-11-12T00:01:20.997+0000] {dag.py:3239} INFO - Sync 1 DAGs
[2024-11-12T00:01:21.012+0000] {logging_mixin.py:190} INFO - [2024-11-12T00:01:21.012+0000] {dag.py:4180} INFO - Setting next_dagrun for example_display_name to None, run_after=None
[2024-11-12T00:01:21.038+0000] {processor.py:208} INFO - Processing /home/airflow/.local/lib/python3.12/site-packages/airflow/example_dags/example_display_name.py took 0.086 seconds
[2024-11-12T00:01:51.605+0000] {processor.py:186} INFO - Started process (PID=2301) to work on /home/airflow/.local/lib/python3.12/site-packages/airflow/example_dags/example_display_name.py
[2024-11-12T00:01:51.606+0000] {processor.py:914} INFO - Processing file /home/airflow/.local/lib/python3.12/site-packages/airflow/example_dags/example_display_name.py for tasks to queue
[2024-11-12T00:01:51.608+0000] {logging_mixin.py:190} INFO - [2024-11-12T00:01:51.608+0000] {dagbag.py:588} INFO - Filling up the DagBag from /home/airflow/.local/lib/python3.12/site-packages/airflow/example_dags/example_display_name.py
[2024-11-12T00:01:51.617+0000] {processor.py:925} INFO - DAG(s) 'example_display_name' retrieved from /home/airflow/.local/lib/python3.12/site-packages/airflow/example_dags/example_display_name.py
[2024-11-12T00:01:51.643+0000] {logging_mixin.py:190} INFO - [2024-11-12T00:01:51.642+0000] {dag.py:3239} INFO - Sync 1 DAGs
[2024-11-12T00:01:51.659+0000] {logging_mixin.py:190} INFO - [2024-11-12T00:01:51.659+0000] {dag.py:4180} INFO - Setting next_dagrun for example_display_name to None, run_after=None
[2024-11-12T00:01:51.688+0000] {processor.py:208} INFO - Processing /home/airflow/.local/lib/python3.12/site-packages/airflow/example_dags/example_display_name.py took 0.091 seconds
