[2024-11-12T00:00:25.805+0000] {processor.py:186} INFO - Started process (PID=2135) to work on /home/airflow/.local/lib/python3.12/site-packages/airflow/example_dags/example_nested_branch_dag.py
[2024-11-12T00:00:25.807+0000] {processor.py:914} INFO - Processing file /home/airflow/.local/lib/python3.12/site-packages/airflow/example_dags/example_nested_branch_dag.py for tasks to queue
[2024-11-12T00:00:25.810+0000] {logging_mixin.py:190} INFO - [2024-11-12T00:00:25.810+0000] {dagbag.py:588} INFO - Filling up the DagBag from /home/airflow/.local/lib/python3.12/site-packages/airflow/example_dags/example_nested_branch_dag.py
[2024-11-12T00:00:25.826+0000] {processor.py:925} INFO - DAG(s) 'example_nested_branch_dag' retrieved from /home/airflow/.local/lib/python3.12/site-packages/airflow/example_dags/example_nested_branch_dag.py
[2024-11-12T00:00:25.858+0000] {logging_mixin.py:190} INFO - [2024-11-12T00:00:25.858+0000] {dag.py:3239} INFO - Sync 1 DAGs
[2024-11-12T00:00:25.889+0000] {logging_mixin.py:190} INFO - [2024-11-12T00:00:25.889+0000] {dag.py:4180} INFO - Setting next_dagrun for example_nested_branch_dag to 2024-11-11 00:00:00+00:00, run_after=2024-11-12 00:00:00+00:00
[2024-11-12T00:00:25.920+0000] {processor.py:208} INFO - Processing /home/airflow/.local/lib/python3.12/site-packages/airflow/example_dags/example_nested_branch_dag.py took 0.124 seconds
[2024-11-12T00:00:56.136+0000] {processor.py:186} INFO - Started process (PID=2199) to work on /home/airflow/.local/lib/python3.12/site-packages/airflow/example_dags/example_nested_branch_dag.py
[2024-11-12T00:00:56.137+0000] {processor.py:914} INFO - Processing file /home/airflow/.local/lib/python3.12/site-packages/airflow/example_dags/example_nested_branch_dag.py for tasks to queue
[2024-11-12T00:00:56.140+0000] {logging_mixin.py:190} INFO - [2024-11-12T00:00:56.140+0000] {dagbag.py:588} INFO - Filling up the DagBag from /home/airflow/.local/lib/python3.12/site-packages/airflow/example_dags/example_nested_branch_dag.py
[2024-11-12T00:00:56.151+0000] {processor.py:925} INFO - DAG(s) 'example_nested_branch_dag' retrieved from /home/airflow/.local/lib/python3.12/site-packages/airflow/example_dags/example_nested_branch_dag.py
[2024-11-12T00:00:56.187+0000] {logging_mixin.py:190} INFO - [2024-11-12T00:00:56.186+0000] {dag.py:3239} INFO - Sync 1 DAGs
[2024-11-12T00:00:56.214+0000] {logging_mixin.py:190} INFO - [2024-11-12T00:00:56.214+0000] {dag.py:4180} INFO - Setting next_dagrun for example_nested_branch_dag to 2024-11-11 00:00:00+00:00, run_after=2024-11-12 00:00:00+00:00
[2024-11-12T00:00:56.236+0000] {processor.py:208} INFO - Processing /home/airflow/.local/lib/python3.12/site-packages/airflow/example_dags/example_nested_branch_dag.py took 0.106 seconds
[2024-11-12T00:01:27.146+0000] {processor.py:186} INFO - Started process (PID=2263) to work on /home/airflow/.local/lib/python3.12/site-packages/airflow/example_dags/example_nested_branch_dag.py
[2024-11-12T00:01:27.147+0000] {processor.py:914} INFO - Processing file /home/airflow/.local/lib/python3.12/site-packages/airflow/example_dags/example_nested_branch_dag.py for tasks to queue
[2024-11-12T00:01:27.150+0000] {logging_mixin.py:190} INFO - [2024-11-12T00:01:27.150+0000] {dagbag.py:588} INFO - Filling up the DagBag from /home/airflow/.local/lib/python3.12/site-packages/airflow/example_dags/example_nested_branch_dag.py
[2024-11-12T00:01:27.162+0000] {processor.py:925} INFO - DAG(s) 'example_nested_branch_dag' retrieved from /home/airflow/.local/lib/python3.12/site-packages/airflow/example_dags/example_nested_branch_dag.py
[2024-11-12T00:01:27.182+0000] {logging_mixin.py:190} INFO - [2024-11-12T00:01:27.182+0000] {dag.py:3239} INFO - Sync 1 DAGs
[2024-11-12T00:01:27.214+0000] {logging_mixin.py:190} INFO - [2024-11-12T00:01:27.213+0000] {dag.py:4180} INFO - Setting next_dagrun for example_nested_branch_dag to 2024-11-11 00:00:00+00:00, run_after=2024-11-12 00:00:00+00:00
[2024-11-12T00:01:27.238+0000] {processor.py:208} INFO - Processing /home/airflow/.local/lib/python3.12/site-packages/airflow/example_dags/example_nested_branch_dag.py took 0.099 seconds
