[2024-11-12T00:00:25.964+0000] {processor.py:186} INFO - Started process (PID=2137) to work on /home/airflow/.local/lib/python3.12/site-packages/airflow/example_dags/example_python_operator.py
[2024-11-12T00:00:25.965+0000] {processor.py:914} INFO - Processing file /home/airflow/.local/lib/python3.12/site-packages/airflow/example_dags/example_python_operator.py for tasks to queue
[2024-11-12T00:00:25.970+0000] {logging_mixin.py:190} INFO - [2024-11-12T00:00:25.970+0000] {dagbag.py:588} INFO - Filling up the DagBag from /home/airflow/.local/lib/python3.12/site-packages/airflow/example_dags/example_python_operator.py
[2024-11-12T00:00:25.990+0000] {processor.py:925} INFO - DAG(s) 'example_python_operator' retrieved from /home/airflow/.local/lib/python3.12/site-packages/airflow/example_dags/example_python_operator.py
[2024-11-12T00:00:26.022+0000] {logging_mixin.py:190} INFO - [2024-11-12T00:00:26.021+0000] {dag.py:3239} INFO - Sync 1 DAGs
[2024-11-12T00:00:26.047+0000] {logging_mixin.py:190} INFO - [2024-11-12T00:00:26.046+0000] {dag.py:4180} INFO - Setting next_dagrun for example_python_operator to None, run_after=None
[2024-11-12T00:00:26.082+0000] {processor.py:208} INFO - Processing /home/airflow/.local/lib/python3.12/site-packages/airflow/example_dags/example_python_operator.py took 0.124 seconds
[2024-11-12T00:00:56.275+0000] {processor.py:186} INFO - Started process (PID=2201) to work on /home/airflow/.local/lib/python3.12/site-packages/airflow/example_dags/example_python_operator.py
[2024-11-12T00:00:56.276+0000] {processor.py:914} INFO - Processing file /home/airflow/.local/lib/python3.12/site-packages/airflow/example_dags/example_python_operator.py for tasks to queue
[2024-11-12T00:00:56.279+0000] {logging_mixin.py:190} INFO - [2024-11-12T00:00:56.279+0000] {dagbag.py:588} INFO - Filling up the DagBag from /home/airflow/.local/lib/python3.12/site-packages/airflow/example_dags/example_python_operator.py
[2024-11-12T00:00:56.291+0000] {processor.py:925} INFO - DAG(s) 'example_python_operator' retrieved from /home/airflow/.local/lib/python3.12/site-packages/airflow/example_dags/example_python_operator.py
[2024-11-12T00:00:56.314+0000] {logging_mixin.py:190} INFO - [2024-11-12T00:00:56.314+0000] {dag.py:3239} INFO - Sync 1 DAGs
[2024-11-12T00:00:56.329+0000] {logging_mixin.py:190} INFO - [2024-11-12T00:00:56.328+0000] {dag.py:4180} INFO - Setting next_dagrun for example_python_operator to None, run_after=None
[2024-11-12T00:00:56.350+0000] {processor.py:208} INFO - Processing /home/airflow/.local/lib/python3.12/site-packages/airflow/example_dags/example_python_operator.py took 0.081 seconds
[2024-11-12T00:01:27.283+0000] {processor.py:186} INFO - Started process (PID=2265) to work on /home/airflow/.local/lib/python3.12/site-packages/airflow/example_dags/example_python_operator.py
[2024-11-12T00:01:27.284+0000] {processor.py:914} INFO - Processing file /home/airflow/.local/lib/python3.12/site-packages/airflow/example_dags/example_python_operator.py for tasks to queue
[2024-11-12T00:01:27.287+0000] {logging_mixin.py:190} INFO - [2024-11-12T00:01:27.287+0000] {dagbag.py:588} INFO - Filling up the DagBag from /home/airflow/.local/lib/python3.12/site-packages/airflow/example_dags/example_python_operator.py
[2024-11-12T00:01:27.300+0000] {processor.py:925} INFO - DAG(s) 'example_python_operator' retrieved from /home/airflow/.local/lib/python3.12/site-packages/airflow/example_dags/example_python_operator.py
[2024-11-12T00:01:27.325+0000] {logging_mixin.py:190} INFO - [2024-11-12T00:01:27.325+0000] {dag.py:3239} INFO - Sync 1 DAGs
[2024-11-12T00:01:27.345+0000] {logging_mixin.py:190} INFO - [2024-11-12T00:01:27.344+0000] {dag.py:4180} INFO - Setting next_dagrun for example_python_operator to None, run_after=None
[2024-11-12T00:01:27.367+0000] {processor.py:208} INFO - Processing /home/airflow/.local/lib/python3.12/site-packages/airflow/example_dags/example_python_operator.py took 0.090 seconds
