[2024-11-15T19:14:45.174+0000] {local_task_job_runner.py:123} INFO - ::group::Pre task execution logs
[2024-11-15T19:14:45.193+0000] {taskinstance.py:2613} INFO - Dependencies all met for dep_context=non-requeueable deps ti=<TaskInstance: brew-dag.api_bronze scheduled__2024-11-14T07:00:00+00:00 [queued]>
[2024-11-15T19:14:45.204+0000] {taskinstance.py:2613} INFO - Dependencies all met for dep_context=requeueable deps ti=<TaskInstance: brew-dag.api_bronze scheduled__2024-11-14T07:00:00+00:00 [queued]>
[2024-11-15T19:14:45.205+0000] {taskinstance.py:2866} INFO - Starting attempt 1 of 2
[2024-11-15T19:14:45.223+0000] {taskinstance.py:2889} INFO - Executing <Task(PythonOperator): api_bronze> on 2024-11-14 07:00:00+00:00
[2024-11-15T19:14:45.235+0000] {warnings.py:112} WARNING - /home/***/.local/lib/python3.12/site-packages/***/task/task_runner/standard_task_runner.py:70: DeprecationWarning: This process (pid=122) is multi-threaded, use of fork() may lead to deadlocks in the child.
  pid = os.fork()

[2024-11-15T19:14:45.237+0000] {standard_task_runner.py:72} INFO - Started process 124 to run task
[2024-11-15T19:14:45.237+0000] {standard_task_runner.py:104} INFO - Running: ['***', 'tasks', 'run', 'brew-dag', 'api_bronze', 'scheduled__2024-11-14T07:00:00+00:00', '--job-id', '121', '--raw', '--subdir', 'DAGS_FOLDER/brew-dag.py', '--cfg-path', '/tmp/tmpswpwse4a']
[2024-11-15T19:14:45.239+0000] {standard_task_runner.py:105} INFO - Job 121: Subtask api_bronze
[2024-11-15T19:14:45.304+0000] {task_command.py:467} INFO - Running <TaskInstance: brew-dag.api_bronze scheduled__2024-11-14T07:00:00+00:00 [running]> on host 4922c02ec363
[2024-11-15T19:14:45.423+0000] {taskinstance.py:3132} INFO - Exporting env vars: AIRFLOW_CTX_DAG_OWNER='***' AIRFLOW_CTX_DAG_ID='brew-dag' AIRFLOW_CTX_TASK_ID='api_bronze' AIRFLOW_CTX_EXECUTION_DATE='2024-11-14T07:00:00+00:00' AIRFLOW_CTX_TRY_NUMBER='1' AIRFLOW_CTX_DAG_RUN_ID='scheduled__2024-11-14T07:00:00+00:00'
[2024-11-15T19:14:45.424+0000] {logging_mixin.py:190} INFO - Task instance is in running state
[2024-11-15T19:14:45.425+0000] {logging_mixin.py:190} INFO -  Previous state of the Task instance: queued
[2024-11-15T19:14:45.426+0000] {logging_mixin.py:190} INFO - Current task name:api_bronze state:running start_date:2024-11-15 19:14:45.195520+00:00
[2024-11-15T19:14:45.427+0000] {logging_mixin.py:190} INFO - Dag name:brew-dag and current dag run status:running
[2024-11-15T19:14:45.430+0000] {taskinstance.py:731} INFO - ::endgroup::
[2024-11-15T19:14:45.866+0000] {python.py:240} INFO - Done. Returned value was: None
[2024-11-15T19:14:45.877+0000] {taskinstance.py:340} INFO - ::group::Post task execution logs
[2024-11-15T19:14:45.880+0000] {taskinstance.py:352} INFO - Marking task as SUCCESS. dag_id=brew-dag, task_id=api_bronze, run_id=scheduled__2024-11-14T07:00:00+00:00, execution_date=20241114T070000, start_date=20241115T191445, end_date=20241115T191445
[2024-11-15T19:14:45.897+0000] {logging_mixin.py:190} INFO - Task instance in success state
[2024-11-15T19:14:45.898+0000] {logging_mixin.py:190} INFO -  Previous state of the Task instance: running
[2024-11-15T19:14:45.899+0000] {logging_mixin.py:190} INFO - Dag name:brew-dag queued_at:2024-11-15 18:35:35.263489+00:00
[2024-11-15T19:14:45.899+0000] {logging_mixin.py:190} INFO - Task hostname:4922c02ec363 operator:PythonOperator
[2024-11-15T19:14:45.937+0000] {local_task_job_runner.py:266} INFO - Task exited with return code 0
[2024-11-15T19:14:45.968+0000] {taskinstance.py:3895} INFO - 1 downstream tasks scheduled from follow-on schedule check
[2024-11-15T19:14:45.986+0000] {local_task_job_runner.py:245} INFO - ::endgroup::
