[2024-11-13T00:00:02.924+0000] {processor.py:186} INFO - Started process (PID=10864) to work on /home/airflow/.local/lib/python3.12/site-packages/airflow/example_dags/example_short_circuit_decorator.py
[2024-11-13T00:00:02.928+0000] {processor.py:914} INFO - Processing file /home/airflow/.local/lib/python3.12/site-packages/airflow/example_dags/example_short_circuit_decorator.py for tasks to queue
[2024-11-13T00:00:02.929+0000] {logging_mixin.py:190} INFO - [2024-11-13T00:00:02.929+0000] {dagbag.py:588} INFO - Filling up the DagBag from /home/airflow/.local/lib/python3.12/site-packages/airflow/example_dags/example_short_circuit_decorator.py
[2024-11-13T00:00:02.950+0000] {processor.py:925} INFO - DAG(s) 'example_short_circuit_decorator' retrieved from /home/airflow/.local/lib/python3.12/site-packages/airflow/example_dags/example_short_circuit_decorator.py
[2024-11-13T00:00:02.985+0000] {logging_mixin.py:190} INFO - [2024-11-13T00:00:02.984+0000] {dag.py:3239} INFO - Sync 1 DAGs
[2024-11-13T00:00:03.024+0000] {logging_mixin.py:190} INFO - [2024-11-13T00:00:03.022+0000] {dag.py:4180} INFO - Setting next_dagrun for example_short_circuit_decorator to None, run_after=None
[2024-11-13T00:00:03.079+0000] {processor.py:208} INFO - Processing /home/airflow/.local/lib/python3.12/site-packages/airflow/example_dags/example_short_circuit_decorator.py took 0.170 seconds
[2024-11-13T00:00:33.840+0000] {processor.py:186} INFO - Started process (PID=10929) to work on /home/airflow/.local/lib/python3.12/site-packages/airflow/example_dags/example_short_circuit_decorator.py
[2024-11-13T00:00:33.841+0000] {processor.py:914} INFO - Processing file /home/airflow/.local/lib/python3.12/site-packages/airflow/example_dags/example_short_circuit_decorator.py for tasks to queue
[2024-11-13T00:00:33.843+0000] {logging_mixin.py:190} INFO - [2024-11-13T00:00:33.843+0000] {dagbag.py:588} INFO - Filling up the DagBag from /home/airflow/.local/lib/python3.12/site-packages/airflow/example_dags/example_short_circuit_decorator.py
[2024-11-13T00:00:33.875+0000] {processor.py:925} INFO - DAG(s) 'example_short_circuit_decorator' retrieved from /home/airflow/.local/lib/python3.12/site-packages/airflow/example_dags/example_short_circuit_decorator.py
[2024-11-13T00:00:33.929+0000] {logging_mixin.py:190} INFO - [2024-11-13T00:00:33.929+0000] {dag.py:3239} INFO - Sync 1 DAGs
[2024-11-13T00:00:33.976+0000] {logging_mixin.py:190} INFO - [2024-11-13T00:00:33.975+0000] {dag.py:4180} INFO - Setting next_dagrun for example_short_circuit_decorator to None, run_after=None
[2024-11-13T00:00:34.024+0000] {processor.py:208} INFO - Processing /home/airflow/.local/lib/python3.12/site-packages/airflow/example_dags/example_short_circuit_decorator.py took 0.199 seconds
[2024-11-13T00:01:04.103+0000] {processor.py:186} INFO - Started process (PID=10999) to work on /home/airflow/.local/lib/python3.12/site-packages/airflow/example_dags/example_short_circuit_decorator.py
[2024-11-13T00:01:04.104+0000] {processor.py:914} INFO - Processing file /home/airflow/.local/lib/python3.12/site-packages/airflow/example_dags/example_short_circuit_decorator.py for tasks to queue
[2024-11-13T00:01:04.105+0000] {logging_mixin.py:190} INFO - [2024-11-13T00:01:04.105+0000] {dagbag.py:588} INFO - Filling up the DagBag from /home/airflow/.local/lib/python3.12/site-packages/airflow/example_dags/example_short_circuit_decorator.py
[2024-11-13T00:01:04.120+0000] {processor.py:925} INFO - DAG(s) 'example_short_circuit_decorator' retrieved from /home/airflow/.local/lib/python3.12/site-packages/airflow/example_dags/example_short_circuit_decorator.py
[2024-11-13T00:01:04.148+0000] {logging_mixin.py:190} INFO - [2024-11-13T00:01:04.148+0000] {dag.py:3239} INFO - Sync 1 DAGs
[2024-11-13T00:01:04.166+0000] {logging_mixin.py:190} INFO - [2024-11-13T00:01:04.165+0000] {dag.py:4180} INFO - Setting next_dagrun for example_short_circuit_decorator to None, run_after=None
[2024-11-13T00:01:04.201+0000] {processor.py:208} INFO - Processing /home/airflow/.local/lib/python3.12/site-packages/airflow/example_dags/example_short_circuit_decorator.py took 0.109 seconds
[2024-11-13T00:01:34.746+0000] {processor.py:186} INFO - Started process (PID=11063) to work on /home/airflow/.local/lib/python3.12/site-packages/airflow/example_dags/example_short_circuit_decorator.py
[2024-11-13T00:01:34.747+0000] {processor.py:914} INFO - Processing file /home/airflow/.local/lib/python3.12/site-packages/airflow/example_dags/example_short_circuit_decorator.py for tasks to queue
[2024-11-13T00:01:34.748+0000] {logging_mixin.py:190} INFO - [2024-11-13T00:01:34.748+0000] {dagbag.py:588} INFO - Filling up the DagBag from /home/airflow/.local/lib/python3.12/site-packages/airflow/example_dags/example_short_circuit_decorator.py
[2024-11-13T00:01:34.761+0000] {processor.py:925} INFO - DAG(s) 'example_short_circuit_decorator' retrieved from /home/airflow/.local/lib/python3.12/site-packages/airflow/example_dags/example_short_circuit_decorator.py
[2024-11-13T00:01:34.786+0000] {logging_mixin.py:190} INFO - [2024-11-13T00:01:34.786+0000] {dag.py:3239} INFO - Sync 1 DAGs
[2024-11-13T00:01:34.801+0000] {logging_mixin.py:190} INFO - [2024-11-13T00:01:34.800+0000] {dag.py:4180} INFO - Setting next_dagrun for example_short_circuit_decorator to None, run_after=None
[2024-11-13T00:01:34.822+0000] {processor.py:208} INFO - Processing /home/airflow/.local/lib/python3.12/site-packages/airflow/example_dags/example_short_circuit_decorator.py took 0.084 seconds
[2024-11-13T00:02:05.605+0000] {processor.py:186} INFO - Started process (PID=11127) to work on /home/airflow/.local/lib/python3.12/site-packages/airflow/example_dags/example_short_circuit_decorator.py
[2024-11-13T00:02:05.606+0000] {processor.py:914} INFO - Processing file /home/airflow/.local/lib/python3.12/site-packages/airflow/example_dags/example_short_circuit_decorator.py for tasks to queue
[2024-11-13T00:02:05.608+0000] {logging_mixin.py:190} INFO - [2024-11-13T00:02:05.607+0000] {dagbag.py:588} INFO - Filling up the DagBag from /home/airflow/.local/lib/python3.12/site-packages/airflow/example_dags/example_short_circuit_decorator.py
[2024-11-13T00:02:05.625+0000] {processor.py:925} INFO - DAG(s) 'example_short_circuit_decorator' retrieved from /home/airflow/.local/lib/python3.12/site-packages/airflow/example_dags/example_short_circuit_decorator.py
[2024-11-13T00:02:05.666+0000] {logging_mixin.py:190} INFO - [2024-11-13T00:02:05.666+0000] {dag.py:3239} INFO - Sync 1 DAGs
[2024-11-13T00:02:05.687+0000] {logging_mixin.py:190} INFO - [2024-11-13T00:02:05.687+0000] {dag.py:4180} INFO - Setting next_dagrun for example_short_circuit_decorator to None, run_after=None
[2024-11-13T00:02:05.720+0000] {processor.py:208} INFO - Processing /home/airflow/.local/lib/python3.12/site-packages/airflow/example_dags/example_short_circuit_decorator.py took 0.125 seconds
[2024-11-13T00:02:35.926+0000] {processor.py:186} INFO - Started process (PID=11192) to work on /home/airflow/.local/lib/python3.12/site-packages/airflow/example_dags/example_short_circuit_decorator.py
[2024-11-13T00:02:35.930+0000] {processor.py:914} INFO - Processing file /home/airflow/.local/lib/python3.12/site-packages/airflow/example_dags/example_short_circuit_decorator.py for tasks to queue
[2024-11-13T00:02:35.932+0000] {logging_mixin.py:190} INFO - [2024-11-13T00:02:35.932+0000] {dagbag.py:588} INFO - Filling up the DagBag from /home/airflow/.local/lib/python3.12/site-packages/airflow/example_dags/example_short_circuit_decorator.py
[2024-11-13T00:02:35.962+0000] {processor.py:925} INFO - DAG(s) 'example_short_circuit_decorator' retrieved from /home/airflow/.local/lib/python3.12/site-packages/airflow/example_dags/example_short_circuit_decorator.py
[2024-11-13T00:02:35.997+0000] {logging_mixin.py:190} INFO - [2024-11-13T00:02:35.997+0000] {dag.py:3239} INFO - Sync 1 DAGs
[2024-11-13T00:02:36.028+0000] {logging_mixin.py:190} INFO - [2024-11-13T00:02:36.028+0000] {dag.py:4180} INFO - Setting next_dagrun for example_short_circuit_decorator to None, run_after=None
[2024-11-13T00:02:36.075+0000] {processor.py:208} INFO - Processing /home/airflow/.local/lib/python3.12/site-packages/airflow/example_dags/example_short_circuit_decorator.py took 0.167 seconds
[2024-11-13T00:03:06.576+0000] {processor.py:186} INFO - Started process (PID=11256) to work on /home/airflow/.local/lib/python3.12/site-packages/airflow/example_dags/example_short_circuit_decorator.py
[2024-11-13T00:03:06.577+0000] {processor.py:914} INFO - Processing file /home/airflow/.local/lib/python3.12/site-packages/airflow/example_dags/example_short_circuit_decorator.py for tasks to queue
[2024-11-13T00:03:06.580+0000] {logging_mixin.py:190} INFO - [2024-11-13T00:03:06.579+0000] {dagbag.py:588} INFO - Filling up the DagBag from /home/airflow/.local/lib/python3.12/site-packages/airflow/example_dags/example_short_circuit_decorator.py
[2024-11-13T00:03:06.605+0000] {processor.py:925} INFO - DAG(s) 'example_short_circuit_decorator' retrieved from /home/airflow/.local/lib/python3.12/site-packages/airflow/example_dags/example_short_circuit_decorator.py
[2024-11-13T00:03:06.639+0000] {logging_mixin.py:190} INFO - [2024-11-13T00:03:06.639+0000] {dag.py:3239} INFO - Sync 1 DAGs
[2024-11-13T00:03:06.659+0000] {logging_mixin.py:190} INFO - [2024-11-13T00:03:06.659+0000] {dag.py:4180} INFO - Setting next_dagrun for example_short_circuit_decorator to None, run_after=None
[2024-11-13T00:03:06.710+0000] {processor.py:208} INFO - Processing /home/airflow/.local/lib/python3.12/site-packages/airflow/example_dags/example_short_circuit_decorator.py took 0.153 seconds
[2024-11-13T00:03:37.117+0000] {processor.py:186} INFO - Started process (PID=11320) to work on /home/airflow/.local/lib/python3.12/site-packages/airflow/example_dags/example_short_circuit_decorator.py
[2024-11-13T00:03:37.118+0000] {processor.py:914} INFO - Processing file /home/airflow/.local/lib/python3.12/site-packages/airflow/example_dags/example_short_circuit_decorator.py for tasks to queue
[2024-11-13T00:03:37.119+0000] {logging_mixin.py:190} INFO - [2024-11-13T00:03:37.119+0000] {dagbag.py:588} INFO - Filling up the DagBag from /home/airflow/.local/lib/python3.12/site-packages/airflow/example_dags/example_short_circuit_decorator.py
[2024-11-13T00:03:37.130+0000] {processor.py:925} INFO - DAG(s) 'example_short_circuit_decorator' retrieved from /home/airflow/.local/lib/python3.12/site-packages/airflow/example_dags/example_short_circuit_decorator.py
[2024-11-13T00:03:37.153+0000] {logging_mixin.py:190} INFO - [2024-11-13T00:03:37.153+0000] {dag.py:3239} INFO - Sync 1 DAGs
[2024-11-13T00:03:37.167+0000] {logging_mixin.py:190} INFO - [2024-11-13T00:03:37.167+0000] {dag.py:4180} INFO - Setting next_dagrun for example_short_circuit_decorator to None, run_after=None
[2024-11-13T00:03:37.192+0000] {processor.py:208} INFO - Processing /home/airflow/.local/lib/python3.12/site-packages/airflow/example_dags/example_short_circuit_decorator.py took 0.083 seconds
[2024-11-13T00:04:07.268+0000] {processor.py:186} INFO - Started process (PID=11384) to work on /home/airflow/.local/lib/python3.12/site-packages/airflow/example_dags/example_short_circuit_decorator.py
[2024-11-13T00:04:07.269+0000] {processor.py:914} INFO - Processing file /home/airflow/.local/lib/python3.12/site-packages/airflow/example_dags/example_short_circuit_decorator.py for tasks to queue
[2024-11-13T00:04:07.272+0000] {logging_mixin.py:190} INFO - [2024-11-13T00:04:07.271+0000] {dagbag.py:588} INFO - Filling up the DagBag from /home/airflow/.local/lib/python3.12/site-packages/airflow/example_dags/example_short_circuit_decorator.py
[2024-11-13T00:04:07.295+0000] {processor.py:925} INFO - DAG(s) 'example_short_circuit_decorator' retrieved from /home/airflow/.local/lib/python3.12/site-packages/airflow/example_dags/example_short_circuit_decorator.py
[2024-11-13T00:04:07.330+0000] {logging_mixin.py:190} INFO - [2024-11-13T00:04:07.329+0000] {dag.py:3239} INFO - Sync 1 DAGs
[2024-11-13T00:04:07.361+0000] {logging_mixin.py:190} INFO - [2024-11-13T00:04:07.360+0000] {dag.py:4180} INFO - Setting next_dagrun for example_short_circuit_decorator to None, run_after=None
[2024-11-13T00:04:07.388+0000] {processor.py:208} INFO - Processing /home/airflow/.local/lib/python3.12/site-packages/airflow/example_dags/example_short_circuit_decorator.py took 0.128 seconds
[2024-11-13T00:04:37.987+0000] {processor.py:186} INFO - Started process (PID=11448) to work on /home/airflow/.local/lib/python3.12/site-packages/airflow/example_dags/example_short_circuit_decorator.py
[2024-11-13T00:04:37.988+0000] {processor.py:914} INFO - Processing file /home/airflow/.local/lib/python3.12/site-packages/airflow/example_dags/example_short_circuit_decorator.py for tasks to queue
[2024-11-13T00:04:37.989+0000] {logging_mixin.py:190} INFO - [2024-11-13T00:04:37.989+0000] {dagbag.py:588} INFO - Filling up the DagBag from /home/airflow/.local/lib/python3.12/site-packages/airflow/example_dags/example_short_circuit_decorator.py
[2024-11-13T00:04:37.999+0000] {processor.py:925} INFO - DAG(s) 'example_short_circuit_decorator' retrieved from /home/airflow/.local/lib/python3.12/site-packages/airflow/example_dags/example_short_circuit_decorator.py
[2024-11-13T00:04:38.021+0000] {logging_mixin.py:190} INFO - [2024-11-13T00:04:38.021+0000] {dag.py:3239} INFO - Sync 1 DAGs
[2024-11-13T00:04:38.035+0000] {logging_mixin.py:190} INFO - [2024-11-13T00:04:38.034+0000] {dag.py:4180} INFO - Setting next_dagrun for example_short_circuit_decorator to None, run_after=None
[2024-11-13T00:04:38.057+0000] {processor.py:208} INFO - Processing /home/airflow/.local/lib/python3.12/site-packages/airflow/example_dags/example_short_circuit_decorator.py took 0.077 seconds
[2024-11-13T00:05:08.882+0000] {processor.py:186} INFO - Started process (PID=11512) to work on /home/airflow/.local/lib/python3.12/site-packages/airflow/example_dags/example_short_circuit_decorator.py
[2024-11-13T00:05:08.883+0000] {processor.py:914} INFO - Processing file /home/airflow/.local/lib/python3.12/site-packages/airflow/example_dags/example_short_circuit_decorator.py for tasks to queue
[2024-11-13T00:05:08.885+0000] {logging_mixin.py:190} INFO - [2024-11-13T00:05:08.884+0000] {dagbag.py:588} INFO - Filling up the DagBag from /home/airflow/.local/lib/python3.12/site-packages/airflow/example_dags/example_short_circuit_decorator.py
[2024-11-13T00:05:08.905+0000] {processor.py:925} INFO - DAG(s) 'example_short_circuit_decorator' retrieved from /home/airflow/.local/lib/python3.12/site-packages/airflow/example_dags/example_short_circuit_decorator.py
[2024-11-13T00:05:08.956+0000] {logging_mixin.py:190} INFO - [2024-11-13T00:05:08.955+0000] {dag.py:3239} INFO - Sync 1 DAGs
[2024-11-13T00:05:08.998+0000] {logging_mixin.py:190} INFO - [2024-11-13T00:05:08.997+0000] {dag.py:4180} INFO - Setting next_dagrun for example_short_circuit_decorator to None, run_after=None
[2024-11-13T00:05:09.179+0000] {processor.py:208} INFO - Processing /home/airflow/.local/lib/python3.12/site-packages/airflow/example_dags/example_short_circuit_decorator.py took 0.312 seconds
[2024-11-13T00:05:40.047+0000] {processor.py:186} INFO - Started process (PID=11577) to work on /home/airflow/.local/lib/python3.12/site-packages/airflow/example_dags/example_short_circuit_decorator.py
[2024-11-13T00:05:40.048+0000] {processor.py:914} INFO - Processing file /home/airflow/.local/lib/python3.12/site-packages/airflow/example_dags/example_short_circuit_decorator.py for tasks to queue
[2024-11-13T00:05:40.051+0000] {logging_mixin.py:190} INFO - [2024-11-13T00:05:40.050+0000] {dagbag.py:588} INFO - Filling up the DagBag from /home/airflow/.local/lib/python3.12/site-packages/airflow/example_dags/example_short_circuit_decorator.py
[2024-11-13T00:05:40.085+0000] {processor.py:925} INFO - DAG(s) 'example_short_circuit_decorator' retrieved from /home/airflow/.local/lib/python3.12/site-packages/airflow/example_dags/example_short_circuit_decorator.py
[2024-11-13T00:05:40.129+0000] {logging_mixin.py:190} INFO - [2024-11-13T00:05:40.128+0000] {dag.py:3239} INFO - Sync 1 DAGs
[2024-11-13T00:05:40.161+0000] {logging_mixin.py:190} INFO - [2024-11-13T00:05:40.160+0000] {dag.py:4180} INFO - Setting next_dagrun for example_short_circuit_decorator to None, run_after=None
[2024-11-13T00:05:40.199+0000] {processor.py:208} INFO - Processing /home/airflow/.local/lib/python3.12/site-packages/airflow/example_dags/example_short_circuit_decorator.py took 0.164 seconds
[2024-11-13T00:06:10.360+0000] {processor.py:186} INFO - Started process (PID=11641) to work on /home/airflow/.local/lib/python3.12/site-packages/airflow/example_dags/example_short_circuit_decorator.py
[2024-11-13T00:06:10.361+0000] {processor.py:914} INFO - Processing file /home/airflow/.local/lib/python3.12/site-packages/airflow/example_dags/example_short_circuit_decorator.py for tasks to queue
[2024-11-13T00:06:10.363+0000] {logging_mixin.py:190} INFO - [2024-11-13T00:06:10.363+0000] {dagbag.py:588} INFO - Filling up the DagBag from /home/airflow/.local/lib/python3.12/site-packages/airflow/example_dags/example_short_circuit_decorator.py
[2024-11-13T00:06:10.377+0000] {processor.py:925} INFO - DAG(s) 'example_short_circuit_decorator' retrieved from /home/airflow/.local/lib/python3.12/site-packages/airflow/example_dags/example_short_circuit_decorator.py
[2024-11-13T00:06:10.412+0000] {logging_mixin.py:190} INFO - [2024-11-13T00:06:10.412+0000] {dag.py:3239} INFO - Sync 1 DAGs
[2024-11-13T00:06:10.431+0000] {logging_mixin.py:190} INFO - [2024-11-13T00:06:10.431+0000] {dag.py:4180} INFO - Setting next_dagrun for example_short_circuit_decorator to None, run_after=None
[2024-11-13T00:06:10.465+0000] {processor.py:208} INFO - Processing /home/airflow/.local/lib/python3.12/site-packages/airflow/example_dags/example_short_circuit_decorator.py took 0.115 seconds
[2024-11-13T00:06:40.522+0000] {processor.py:186} INFO - Started process (PID=11704) to work on /home/airflow/.local/lib/python3.12/site-packages/airflow/example_dags/example_short_circuit_decorator.py
[2024-11-13T00:06:40.523+0000] {processor.py:914} INFO - Processing file /home/airflow/.local/lib/python3.12/site-packages/airflow/example_dags/example_short_circuit_decorator.py for tasks to queue
[2024-11-13T00:06:40.524+0000] {logging_mixin.py:190} INFO - [2024-11-13T00:06:40.524+0000] {dagbag.py:588} INFO - Filling up the DagBag from /home/airflow/.local/lib/python3.12/site-packages/airflow/example_dags/example_short_circuit_decorator.py
[2024-11-13T00:06:40.535+0000] {processor.py:925} INFO - DAG(s) 'example_short_circuit_decorator' retrieved from /home/airflow/.local/lib/python3.12/site-packages/airflow/example_dags/example_short_circuit_decorator.py
[2024-11-13T00:06:40.558+0000] {logging_mixin.py:190} INFO - [2024-11-13T00:06:40.558+0000] {dag.py:3239} INFO - Sync 1 DAGs
[2024-11-13T00:06:40.572+0000] {logging_mixin.py:190} INFO - [2024-11-13T00:06:40.572+0000] {dag.py:4180} INFO - Setting next_dagrun for example_short_circuit_decorator to None, run_after=None
[2024-11-13T00:06:40.601+0000] {processor.py:208} INFO - Processing /home/airflow/.local/lib/python3.12/site-packages/airflow/example_dags/example_short_circuit_decorator.py took 0.086 seconds
[2024-11-13T00:07:10.872+0000] {processor.py:186} INFO - Started process (PID=11768) to work on /home/airflow/.local/lib/python3.12/site-packages/airflow/example_dags/example_short_circuit_decorator.py
[2024-11-13T00:07:10.874+0000] {processor.py:914} INFO - Processing file /home/airflow/.local/lib/python3.12/site-packages/airflow/example_dags/example_short_circuit_decorator.py for tasks to queue
[2024-11-13T00:07:10.875+0000] {logging_mixin.py:190} INFO - [2024-11-13T00:07:10.875+0000] {dagbag.py:588} INFO - Filling up the DagBag from /home/airflow/.local/lib/python3.12/site-packages/airflow/example_dags/example_short_circuit_decorator.py
[2024-11-13T00:07:10.885+0000] {processor.py:925} INFO - DAG(s) 'example_short_circuit_decorator' retrieved from /home/airflow/.local/lib/python3.12/site-packages/airflow/example_dags/example_short_circuit_decorator.py
[2024-11-13T00:07:10.912+0000] {logging_mixin.py:190} INFO - [2024-11-13T00:07:10.912+0000] {dag.py:3239} INFO - Sync 1 DAGs
[2024-11-13T00:07:10.927+0000] {logging_mixin.py:190} INFO - [2024-11-13T00:07:10.927+0000] {dag.py:4180} INFO - Setting next_dagrun for example_short_circuit_decorator to None, run_after=None
[2024-11-13T00:07:10.952+0000] {processor.py:208} INFO - Processing /home/airflow/.local/lib/python3.12/site-packages/airflow/example_dags/example_short_circuit_decorator.py took 0.087 seconds
[2024-11-13T00:07:41.502+0000] {processor.py:186} INFO - Started process (PID=11832) to work on /home/airflow/.local/lib/python3.12/site-packages/airflow/example_dags/example_short_circuit_decorator.py
[2024-11-13T00:07:41.503+0000] {processor.py:914} INFO - Processing file /home/airflow/.local/lib/python3.12/site-packages/airflow/example_dags/example_short_circuit_decorator.py for tasks to queue
[2024-11-13T00:07:41.504+0000] {logging_mixin.py:190} INFO - [2024-11-13T00:07:41.504+0000] {dagbag.py:588} INFO - Filling up the DagBag from /home/airflow/.local/lib/python3.12/site-packages/airflow/example_dags/example_short_circuit_decorator.py
[2024-11-13T00:07:41.514+0000] {processor.py:925} INFO - DAG(s) 'example_short_circuit_decorator' retrieved from /home/airflow/.local/lib/python3.12/site-packages/airflow/example_dags/example_short_circuit_decorator.py
[2024-11-13T00:07:41.538+0000] {logging_mixin.py:190} INFO - [2024-11-13T00:07:41.538+0000] {dag.py:3239} INFO - Sync 1 DAGs
[2024-11-13T00:07:41.553+0000] {logging_mixin.py:190} INFO - [2024-11-13T00:07:41.553+0000] {dag.py:4180} INFO - Setting next_dagrun for example_short_circuit_decorator to None, run_after=None
[2024-11-13T00:07:41.580+0000] {processor.py:208} INFO - Processing /home/airflow/.local/lib/python3.12/site-packages/airflow/example_dags/example_short_circuit_decorator.py took 0.086 seconds
[2024-11-13T00:08:12.033+0000] {processor.py:186} INFO - Started process (PID=11895) to work on /home/airflow/.local/lib/python3.12/site-packages/airflow/example_dags/example_short_circuit_decorator.py
[2024-11-13T00:08:12.034+0000] {processor.py:914} INFO - Processing file /home/airflow/.local/lib/python3.12/site-packages/airflow/example_dags/example_short_circuit_decorator.py for tasks to queue
[2024-11-13T00:08:12.035+0000] {logging_mixin.py:190} INFO - [2024-11-13T00:08:12.035+0000] {dagbag.py:588} INFO - Filling up the DagBag from /home/airflow/.local/lib/python3.12/site-packages/airflow/example_dags/example_short_circuit_decorator.py
[2024-11-13T00:08:12.046+0000] {processor.py:925} INFO - DAG(s) 'example_short_circuit_decorator' retrieved from /home/airflow/.local/lib/python3.12/site-packages/airflow/example_dags/example_short_circuit_decorator.py
[2024-11-13T00:08:12.070+0000] {logging_mixin.py:190} INFO - [2024-11-13T00:08:12.069+0000] {dag.py:3239} INFO - Sync 1 DAGs
[2024-11-13T00:08:12.086+0000] {logging_mixin.py:190} INFO - [2024-11-13T00:08:12.086+0000] {dag.py:4180} INFO - Setting next_dagrun for example_short_circuit_decorator to None, run_after=None
[2024-11-13T00:08:12.112+0000] {processor.py:208} INFO - Processing /home/airflow/.local/lib/python3.12/site-packages/airflow/example_dags/example_short_circuit_decorator.py took 0.087 seconds
[2024-11-13T00:08:42.687+0000] {processor.py:186} INFO - Started process (PID=11959) to work on /home/airflow/.local/lib/python3.12/site-packages/airflow/example_dags/example_short_circuit_decorator.py
[2024-11-13T00:08:42.693+0000] {processor.py:914} INFO - Processing file /home/airflow/.local/lib/python3.12/site-packages/airflow/example_dags/example_short_circuit_decorator.py for tasks to queue
[2024-11-13T00:08:42.695+0000] {logging_mixin.py:190} INFO - [2024-11-13T00:08:42.694+0000] {dagbag.py:588} INFO - Filling up the DagBag from /home/airflow/.local/lib/python3.12/site-packages/airflow/example_dags/example_short_circuit_decorator.py
[2024-11-13T00:08:42.711+0000] {processor.py:925} INFO - DAG(s) 'example_short_circuit_decorator' retrieved from /home/airflow/.local/lib/python3.12/site-packages/airflow/example_dags/example_short_circuit_decorator.py
[2024-11-13T00:08:42.778+0000] {logging_mixin.py:190} INFO - [2024-11-13T00:08:42.777+0000] {dag.py:3239} INFO - Sync 1 DAGs
[2024-11-13T00:08:42.804+0000] {logging_mixin.py:190} INFO - [2024-11-13T00:08:42.804+0000] {dag.py:4180} INFO - Setting next_dagrun for example_short_circuit_decorator to None, run_after=None
[2024-11-13T00:08:42.845+0000] {processor.py:208} INFO - Processing /home/airflow/.local/lib/python3.12/site-packages/airflow/example_dags/example_short_circuit_decorator.py took 0.164 seconds
[2024-11-13T00:09:13.073+0000] {processor.py:186} INFO - Started process (PID=12023) to work on /home/airflow/.local/lib/python3.12/site-packages/airflow/example_dags/example_short_circuit_decorator.py
[2024-11-13T00:09:13.074+0000] {processor.py:914} INFO - Processing file /home/airflow/.local/lib/python3.12/site-packages/airflow/example_dags/example_short_circuit_decorator.py for tasks to queue
[2024-11-13T00:09:13.075+0000] {logging_mixin.py:190} INFO - [2024-11-13T00:09:13.075+0000] {dagbag.py:588} INFO - Filling up the DagBag from /home/airflow/.local/lib/python3.12/site-packages/airflow/example_dags/example_short_circuit_decorator.py
[2024-11-13T00:09:13.091+0000] {processor.py:925} INFO - DAG(s) 'example_short_circuit_decorator' retrieved from /home/airflow/.local/lib/python3.12/site-packages/airflow/example_dags/example_short_circuit_decorator.py
[2024-11-13T00:09:13.130+0000] {logging_mixin.py:190} INFO - [2024-11-13T00:09:13.130+0000] {dag.py:3239} INFO - Sync 1 DAGs
[2024-11-13T00:09:13.163+0000] {logging_mixin.py:190} INFO - [2024-11-13T00:09:13.163+0000] {dag.py:4180} INFO - Setting next_dagrun for example_short_circuit_decorator to None, run_after=None
[2024-11-13T00:09:13.204+0000] {processor.py:208} INFO - Processing /home/airflow/.local/lib/python3.12/site-packages/airflow/example_dags/example_short_circuit_decorator.py took 0.141 seconds
[2024-11-13T00:09:43.280+0000] {processor.py:186} INFO - Started process (PID=12087) to work on /home/airflow/.local/lib/python3.12/site-packages/airflow/example_dags/example_short_circuit_decorator.py
[2024-11-13T00:09:43.281+0000] {processor.py:914} INFO - Processing file /home/airflow/.local/lib/python3.12/site-packages/airflow/example_dags/example_short_circuit_decorator.py for tasks to queue
[2024-11-13T00:09:43.282+0000] {logging_mixin.py:190} INFO - [2024-11-13T00:09:43.282+0000] {dagbag.py:588} INFO - Filling up the DagBag from /home/airflow/.local/lib/python3.12/site-packages/airflow/example_dags/example_short_circuit_decorator.py
[2024-11-13T00:09:43.296+0000] {processor.py:925} INFO - DAG(s) 'example_short_circuit_decorator' retrieved from /home/airflow/.local/lib/python3.12/site-packages/airflow/example_dags/example_short_circuit_decorator.py
[2024-11-13T00:09:43.322+0000] {logging_mixin.py:190} INFO - [2024-11-13T00:09:43.322+0000] {dag.py:3239} INFO - Sync 1 DAGs
[2024-11-13T00:09:43.338+0000] {logging_mixin.py:190} INFO - [2024-11-13T00:09:43.338+0000] {dag.py:4180} INFO - Setting next_dagrun for example_short_circuit_decorator to None, run_after=None
[2024-11-13T00:09:43.370+0000] {processor.py:208} INFO - Processing /home/airflow/.local/lib/python3.12/site-packages/airflow/example_dags/example_short_circuit_decorator.py took 0.100 seconds
[2024-11-13T00:10:13.647+0000] {processor.py:186} INFO - Started process (PID=12151) to work on /home/airflow/.local/lib/python3.12/site-packages/airflow/example_dags/example_short_circuit_decorator.py
[2024-11-13T00:10:13.648+0000] {processor.py:914} INFO - Processing file /home/airflow/.local/lib/python3.12/site-packages/airflow/example_dags/example_short_circuit_decorator.py for tasks to queue
[2024-11-13T00:10:13.649+0000] {logging_mixin.py:190} INFO - [2024-11-13T00:10:13.649+0000] {dagbag.py:588} INFO - Filling up the DagBag from /home/airflow/.local/lib/python3.12/site-packages/airflow/example_dags/example_short_circuit_decorator.py
[2024-11-13T00:10:13.662+0000] {processor.py:925} INFO - DAG(s) 'example_short_circuit_decorator' retrieved from /home/airflow/.local/lib/python3.12/site-packages/airflow/example_dags/example_short_circuit_decorator.py
[2024-11-13T00:10:13.690+0000] {logging_mixin.py:190} INFO - [2024-11-13T00:10:13.690+0000] {dag.py:3239} INFO - Sync 1 DAGs
[2024-11-13T00:10:13.706+0000] {logging_mixin.py:190} INFO - [2024-11-13T00:10:13.706+0000] {dag.py:4180} INFO - Setting next_dagrun for example_short_circuit_decorator to None, run_after=None
[2024-11-13T00:10:13.730+0000] {processor.py:208} INFO - Processing /home/airflow/.local/lib/python3.12/site-packages/airflow/example_dags/example_short_circuit_decorator.py took 0.090 seconds
[2024-11-13T00:10:44.458+0000] {processor.py:186} INFO - Started process (PID=12214) to work on /home/airflow/.local/lib/python3.12/site-packages/airflow/example_dags/example_short_circuit_decorator.py
[2024-11-13T00:10:44.459+0000] {processor.py:914} INFO - Processing file /home/airflow/.local/lib/python3.12/site-packages/airflow/example_dags/example_short_circuit_decorator.py for tasks to queue
[2024-11-13T00:10:44.460+0000] {logging_mixin.py:190} INFO - [2024-11-13T00:10:44.460+0000] {dagbag.py:588} INFO - Filling up the DagBag from /home/airflow/.local/lib/python3.12/site-packages/airflow/example_dags/example_short_circuit_decorator.py
[2024-11-13T00:10:44.477+0000] {processor.py:925} INFO - DAG(s) 'example_short_circuit_decorator' retrieved from /home/airflow/.local/lib/python3.12/site-packages/airflow/example_dags/example_short_circuit_decorator.py
[2024-11-13T00:10:44.520+0000] {logging_mixin.py:190} INFO - [2024-11-13T00:10:44.519+0000] {dag.py:3239} INFO - Sync 1 DAGs
[2024-11-13T00:10:44.540+0000] {logging_mixin.py:190} INFO - [2024-11-13T00:10:44.540+0000] {dag.py:4180} INFO - Setting next_dagrun for example_short_circuit_decorator to None, run_after=None
[2024-11-13T00:10:44.573+0000] {processor.py:208} INFO - Processing /home/airflow/.local/lib/python3.12/site-packages/airflow/example_dags/example_short_circuit_decorator.py took 0.127 seconds
[2024-11-13T00:11:14.923+0000] {processor.py:186} INFO - Started process (PID=12278) to work on /home/airflow/.local/lib/python3.12/site-packages/airflow/example_dags/example_short_circuit_decorator.py
[2024-11-13T00:11:14.924+0000] {processor.py:914} INFO - Processing file /home/airflow/.local/lib/python3.12/site-packages/airflow/example_dags/example_short_circuit_decorator.py for tasks to queue
[2024-11-13T00:11:14.928+0000] {logging_mixin.py:190} INFO - [2024-11-13T00:11:14.927+0000] {dagbag.py:588} INFO - Filling up the DagBag from /home/airflow/.local/lib/python3.12/site-packages/airflow/example_dags/example_short_circuit_decorator.py
[2024-11-13T00:11:14.946+0000] {processor.py:925} INFO - DAG(s) 'example_short_circuit_decorator' retrieved from /home/airflow/.local/lib/python3.12/site-packages/airflow/example_dags/example_short_circuit_decorator.py
[2024-11-13T00:11:14.972+0000] {logging_mixin.py:190} INFO - [2024-11-13T00:11:14.971+0000] {dag.py:3239} INFO - Sync 1 DAGs
[2024-11-13T00:11:14.995+0000] {logging_mixin.py:190} INFO - [2024-11-13T00:11:14.995+0000] {dag.py:4180} INFO - Setting next_dagrun for example_short_circuit_decorator to None, run_after=None
[2024-11-13T00:11:15.025+0000] {processor.py:208} INFO - Processing /home/airflow/.local/lib/python3.12/site-packages/airflow/example_dags/example_short_circuit_decorator.py took 0.113 seconds
[2024-11-13T00:11:45.097+0000] {processor.py:186} INFO - Started process (PID=12342) to work on /home/airflow/.local/lib/python3.12/site-packages/airflow/example_dags/example_short_circuit_decorator.py
[2024-11-13T00:11:45.098+0000] {processor.py:914} INFO - Processing file /home/airflow/.local/lib/python3.12/site-packages/airflow/example_dags/example_short_circuit_decorator.py for tasks to queue
[2024-11-13T00:11:45.101+0000] {logging_mixin.py:190} INFO - [2024-11-13T00:11:45.100+0000] {dagbag.py:588} INFO - Filling up the DagBag from /home/airflow/.local/lib/python3.12/site-packages/airflow/example_dags/example_short_circuit_decorator.py
[2024-11-13T00:11:45.116+0000] {processor.py:925} INFO - DAG(s) 'example_short_circuit_decorator' retrieved from /home/airflow/.local/lib/python3.12/site-packages/airflow/example_dags/example_short_circuit_decorator.py
[2024-11-13T00:11:45.148+0000] {logging_mixin.py:190} INFO - [2024-11-13T00:11:45.148+0000] {dag.py:3239} INFO - Sync 1 DAGs
[2024-11-13T00:11:45.167+0000] {logging_mixin.py:190} INFO - [2024-11-13T00:11:45.167+0000] {dag.py:4180} INFO - Setting next_dagrun for example_short_circuit_decorator to None, run_after=None
[2024-11-13T00:11:45.199+0000] {processor.py:208} INFO - Processing /home/airflow/.local/lib/python3.12/site-packages/airflow/example_dags/example_short_circuit_decorator.py took 0.110 seconds
[2024-11-13T00:12:15.650+0000] {processor.py:186} INFO - Started process (PID=12406) to work on /home/airflow/.local/lib/python3.12/site-packages/airflow/example_dags/example_short_circuit_decorator.py
[2024-11-13T00:12:15.651+0000] {processor.py:914} INFO - Processing file /home/airflow/.local/lib/python3.12/site-packages/airflow/example_dags/example_short_circuit_decorator.py for tasks to queue
[2024-11-13T00:12:15.652+0000] {logging_mixin.py:190} INFO - [2024-11-13T00:12:15.652+0000] {dagbag.py:588} INFO - Filling up the DagBag from /home/airflow/.local/lib/python3.12/site-packages/airflow/example_dags/example_short_circuit_decorator.py
[2024-11-13T00:12:15.662+0000] {processor.py:925} INFO - DAG(s) 'example_short_circuit_decorator' retrieved from /home/airflow/.local/lib/python3.12/site-packages/airflow/example_dags/example_short_circuit_decorator.py
[2024-11-13T00:12:15.686+0000] {logging_mixin.py:190} INFO - [2024-11-13T00:12:15.686+0000] {dag.py:3239} INFO - Sync 1 DAGs
[2024-11-13T00:12:15.701+0000] {logging_mixin.py:190} INFO - [2024-11-13T00:12:15.700+0000] {dag.py:4180} INFO - Setting next_dagrun for example_short_circuit_decorator to None, run_after=None
[2024-11-13T00:12:15.732+0000] {processor.py:208} INFO - Processing /home/airflow/.local/lib/python3.12/site-packages/airflow/example_dags/example_short_circuit_decorator.py took 0.088 seconds
[2024-11-13T00:12:46.020+0000] {processor.py:186} INFO - Started process (PID=12470) to work on /home/airflow/.local/lib/python3.12/site-packages/airflow/example_dags/example_short_circuit_decorator.py
[2024-11-13T00:12:46.021+0000] {processor.py:914} INFO - Processing file /home/airflow/.local/lib/python3.12/site-packages/airflow/example_dags/example_short_circuit_decorator.py for tasks to queue
[2024-11-13T00:12:46.023+0000] {logging_mixin.py:190} INFO - [2024-11-13T00:12:46.023+0000] {dagbag.py:588} INFO - Filling up the DagBag from /home/airflow/.local/lib/python3.12/site-packages/airflow/example_dags/example_short_circuit_decorator.py
[2024-11-13T00:12:46.041+0000] {processor.py:925} INFO - DAG(s) 'example_short_circuit_decorator' retrieved from /home/airflow/.local/lib/python3.12/site-packages/airflow/example_dags/example_short_circuit_decorator.py
[2024-11-13T00:12:46.071+0000] {logging_mixin.py:190} INFO - [2024-11-13T00:12:46.071+0000] {dag.py:3239} INFO - Sync 1 DAGs
[2024-11-13T00:12:46.087+0000] {logging_mixin.py:190} INFO - [2024-11-13T00:12:46.087+0000] {dag.py:4180} INFO - Setting next_dagrun for example_short_circuit_decorator to None, run_after=None
[2024-11-13T00:12:46.127+0000] {processor.py:208} INFO - Processing /home/airflow/.local/lib/python3.12/site-packages/airflow/example_dags/example_short_circuit_decorator.py took 0.115 seconds
[2024-11-13T00:13:16.815+0000] {processor.py:186} INFO - Started process (PID=12535) to work on /home/airflow/.local/lib/python3.12/site-packages/airflow/example_dags/example_short_circuit_decorator.py
[2024-11-13T00:13:16.816+0000] {processor.py:914} INFO - Processing file /home/airflow/.local/lib/python3.12/site-packages/airflow/example_dags/example_short_circuit_decorator.py for tasks to queue
[2024-11-13T00:13:16.818+0000] {logging_mixin.py:190} INFO - [2024-11-13T00:13:16.817+0000] {dagbag.py:588} INFO - Filling up the DagBag from /home/airflow/.local/lib/python3.12/site-packages/airflow/example_dags/example_short_circuit_decorator.py
[2024-11-13T00:13:16.839+0000] {processor.py:925} INFO - DAG(s) 'example_short_circuit_decorator' retrieved from /home/airflow/.local/lib/python3.12/site-packages/airflow/example_dags/example_short_circuit_decorator.py
[2024-11-13T00:13:16.867+0000] {logging_mixin.py:190} INFO - [2024-11-13T00:13:16.866+0000] {dag.py:3239} INFO - Sync 1 DAGs
[2024-11-13T00:13:16.893+0000] {logging_mixin.py:190} INFO - [2024-11-13T00:13:16.893+0000] {dag.py:4180} INFO - Setting next_dagrun for example_short_circuit_decorator to None, run_after=None
[2024-11-13T00:13:16.934+0000] {processor.py:208} INFO - Processing /home/airflow/.local/lib/python3.12/site-packages/airflow/example_dags/example_short_circuit_decorator.py took 0.128 seconds
[2024-11-13T00:13:47.015+0000] {processor.py:186} INFO - Started process (PID=12599) to work on /home/airflow/.local/lib/python3.12/site-packages/airflow/example_dags/example_short_circuit_decorator.py
[2024-11-13T00:13:47.016+0000] {processor.py:914} INFO - Processing file /home/airflow/.local/lib/python3.12/site-packages/airflow/example_dags/example_short_circuit_decorator.py for tasks to queue
[2024-11-13T00:13:47.017+0000] {logging_mixin.py:190} INFO - [2024-11-13T00:13:47.017+0000] {dagbag.py:588} INFO - Filling up the DagBag from /home/airflow/.local/lib/python3.12/site-packages/airflow/example_dags/example_short_circuit_decorator.py
[2024-11-13T00:13:47.027+0000] {processor.py:925} INFO - DAG(s) 'example_short_circuit_decorator' retrieved from /home/airflow/.local/lib/python3.12/site-packages/airflow/example_dags/example_short_circuit_decorator.py
[2024-11-13T00:13:47.049+0000] {logging_mixin.py:190} INFO - [2024-11-13T00:13:47.049+0000] {dag.py:3239} INFO - Sync 1 DAGs
[2024-11-13T00:13:47.064+0000] {logging_mixin.py:190} INFO - [2024-11-13T00:13:47.064+0000] {dag.py:4180} INFO - Setting next_dagrun for example_short_circuit_decorator to None, run_after=None
[2024-11-13T00:13:47.090+0000] {processor.py:208} INFO - Processing /home/airflow/.local/lib/python3.12/site-packages/airflow/example_dags/example_short_circuit_decorator.py took 0.084 seconds
[2024-11-13T00:14:17.232+0000] {processor.py:186} INFO - Started process (PID=12663) to work on /home/airflow/.local/lib/python3.12/site-packages/airflow/example_dags/example_short_circuit_decorator.py
[2024-11-13T00:14:17.234+0000] {processor.py:914} INFO - Processing file /home/airflow/.local/lib/python3.12/site-packages/airflow/example_dags/example_short_circuit_decorator.py for tasks to queue
[2024-11-13T00:14:17.236+0000] {logging_mixin.py:190} INFO - [2024-11-13T00:14:17.235+0000] {dagbag.py:588} INFO - Filling up the DagBag from /home/airflow/.local/lib/python3.12/site-packages/airflow/example_dags/example_short_circuit_decorator.py
[2024-11-13T00:14:17.261+0000] {processor.py:925} INFO - DAG(s) 'example_short_circuit_decorator' retrieved from /home/airflow/.local/lib/python3.12/site-packages/airflow/example_dags/example_short_circuit_decorator.py
[2024-11-13T00:14:17.310+0000] {logging_mixin.py:190} INFO - [2024-11-13T00:14:17.310+0000] {dag.py:3239} INFO - Sync 1 DAGs
[2024-11-13T00:14:17.333+0000] {logging_mixin.py:190} INFO - [2024-11-13T00:14:17.333+0000] {dag.py:4180} INFO - Setting next_dagrun for example_short_circuit_decorator to None, run_after=None
[2024-11-13T00:14:17.360+0000] {processor.py:208} INFO - Processing /home/airflow/.local/lib/python3.12/site-packages/airflow/example_dags/example_short_circuit_decorator.py took 0.146 seconds
[2024-11-13T00:14:47.967+0000] {processor.py:186} INFO - Started process (PID=12726) to work on /home/airflow/.local/lib/python3.12/site-packages/airflow/example_dags/example_short_circuit_decorator.py
[2024-11-13T00:14:47.968+0000] {processor.py:914} INFO - Processing file /home/airflow/.local/lib/python3.12/site-packages/airflow/example_dags/example_short_circuit_decorator.py for tasks to queue
[2024-11-13T00:14:47.970+0000] {logging_mixin.py:190} INFO - [2024-11-13T00:14:47.970+0000] {dagbag.py:588} INFO - Filling up the DagBag from /home/airflow/.local/lib/python3.12/site-packages/airflow/example_dags/example_short_circuit_decorator.py
[2024-11-13T00:14:47.979+0000] {processor.py:925} INFO - DAG(s) 'example_short_circuit_decorator' retrieved from /home/airflow/.local/lib/python3.12/site-packages/airflow/example_dags/example_short_circuit_decorator.py
[2024-11-13T00:14:48.005+0000] {logging_mixin.py:190} INFO - [2024-11-13T00:14:48.005+0000] {dag.py:3239} INFO - Sync 1 DAGs
[2024-11-13T00:14:48.020+0000] {logging_mixin.py:190} INFO - [2024-11-13T00:14:48.019+0000] {dag.py:4180} INFO - Setting next_dagrun for example_short_circuit_decorator to None, run_after=None
[2024-11-13T00:14:48.044+0000] {processor.py:208} INFO - Processing /home/airflow/.local/lib/python3.12/site-packages/airflow/example_dags/example_short_circuit_decorator.py took 0.085 seconds
[2024-11-13T00:15:18.420+0000] {processor.py:186} INFO - Started process (PID=12790) to work on /home/airflow/.local/lib/python3.12/site-packages/airflow/example_dags/example_short_circuit_decorator.py
[2024-11-13T00:15:18.421+0000] {processor.py:914} INFO - Processing file /home/airflow/.local/lib/python3.12/site-packages/airflow/example_dags/example_short_circuit_decorator.py for tasks to queue
[2024-11-13T00:15:18.423+0000] {logging_mixin.py:190} INFO - [2024-11-13T00:15:18.423+0000] {dagbag.py:588} INFO - Filling up the DagBag from /home/airflow/.local/lib/python3.12/site-packages/airflow/example_dags/example_short_circuit_decorator.py
[2024-11-13T00:15:18.446+0000] {processor.py:925} INFO - DAG(s) 'example_short_circuit_decorator' retrieved from /home/airflow/.local/lib/python3.12/site-packages/airflow/example_dags/example_short_circuit_decorator.py
[2024-11-13T00:15:18.483+0000] {logging_mixin.py:190} INFO - [2024-11-13T00:15:18.483+0000] {dag.py:3239} INFO - Sync 1 DAGs
[2024-11-13T00:15:18.506+0000] {logging_mixin.py:190} INFO - [2024-11-13T00:15:18.505+0000] {dag.py:4180} INFO - Setting next_dagrun for example_short_circuit_decorator to None, run_after=None
[2024-11-13T00:15:18.540+0000] {processor.py:208} INFO - Processing /home/airflow/.local/lib/python3.12/site-packages/airflow/example_dags/example_short_circuit_decorator.py took 0.130 seconds
[2024-11-13T00:15:49.108+0000] {processor.py:186} INFO - Started process (PID=12853) to work on /home/airflow/.local/lib/python3.12/site-packages/airflow/example_dags/example_short_circuit_decorator.py
[2024-11-13T00:15:49.109+0000] {processor.py:914} INFO - Processing file /home/airflow/.local/lib/python3.12/site-packages/airflow/example_dags/example_short_circuit_decorator.py for tasks to queue
[2024-11-13T00:15:49.111+0000] {logging_mixin.py:190} INFO - [2024-11-13T00:15:49.110+0000] {dagbag.py:588} INFO - Filling up the DagBag from /home/airflow/.local/lib/python3.12/site-packages/airflow/example_dags/example_short_circuit_decorator.py
[2024-11-13T00:15:49.120+0000] {processor.py:925} INFO - DAG(s) 'example_short_circuit_decorator' retrieved from /home/airflow/.local/lib/python3.12/site-packages/airflow/example_dags/example_short_circuit_decorator.py
[2024-11-13T00:15:49.144+0000] {logging_mixin.py:190} INFO - [2024-11-13T00:15:49.143+0000] {dag.py:3239} INFO - Sync 1 DAGs
[2024-11-13T00:15:49.157+0000] {logging_mixin.py:190} INFO - [2024-11-13T00:15:49.157+0000] {dag.py:4180} INFO - Setting next_dagrun for example_short_circuit_decorator to None, run_after=None
[2024-11-13T00:15:49.186+0000] {processor.py:208} INFO - Processing /home/airflow/.local/lib/python3.12/site-packages/airflow/example_dags/example_short_circuit_decorator.py took 0.086 seconds
[2024-11-13T00:16:19.555+0000] {processor.py:186} INFO - Started process (PID=12918) to work on /home/airflow/.local/lib/python3.12/site-packages/airflow/example_dags/example_short_circuit_decorator.py
[2024-11-13T00:16:19.556+0000] {processor.py:914} INFO - Processing file /home/airflow/.local/lib/python3.12/site-packages/airflow/example_dags/example_short_circuit_decorator.py for tasks to queue
[2024-11-13T00:16:19.557+0000] {logging_mixin.py:190} INFO - [2024-11-13T00:16:19.557+0000] {dagbag.py:588} INFO - Filling up the DagBag from /home/airflow/.local/lib/python3.12/site-packages/airflow/example_dags/example_short_circuit_decorator.py
[2024-11-13T00:16:19.569+0000] {processor.py:925} INFO - DAG(s) 'example_short_circuit_decorator' retrieved from /home/airflow/.local/lib/python3.12/site-packages/airflow/example_dags/example_short_circuit_decorator.py
[2024-11-13T00:16:19.617+0000] {logging_mixin.py:190} INFO - [2024-11-13T00:16:19.617+0000] {dag.py:3239} INFO - Sync 1 DAGs
[2024-11-13T00:16:19.636+0000] {logging_mixin.py:190} INFO - [2024-11-13T00:16:19.635+0000] {dag.py:4180} INFO - Setting next_dagrun for example_short_circuit_decorator to None, run_after=None
[2024-11-13T00:16:19.661+0000] {processor.py:208} INFO - Processing /home/airflow/.local/lib/python3.12/site-packages/airflow/example_dags/example_short_circuit_decorator.py took 0.114 seconds
[2024-11-13T00:16:49.861+0000] {processor.py:186} INFO - Started process (PID=12982) to work on /home/airflow/.local/lib/python3.12/site-packages/airflow/example_dags/example_short_circuit_decorator.py
[2024-11-13T00:16:49.863+0000] {processor.py:914} INFO - Processing file /home/airflow/.local/lib/python3.12/site-packages/airflow/example_dags/example_short_circuit_decorator.py for tasks to queue
[2024-11-13T00:16:49.864+0000] {logging_mixin.py:190} INFO - [2024-11-13T00:16:49.864+0000] {dagbag.py:588} INFO - Filling up the DagBag from /home/airflow/.local/lib/python3.12/site-packages/airflow/example_dags/example_short_circuit_decorator.py
[2024-11-13T00:16:49.875+0000] {processor.py:925} INFO - DAG(s) 'example_short_circuit_decorator' retrieved from /home/airflow/.local/lib/python3.12/site-packages/airflow/example_dags/example_short_circuit_decorator.py
[2024-11-13T00:16:49.909+0000] {logging_mixin.py:190} INFO - [2024-11-13T00:16:49.908+0000] {dag.py:3239} INFO - Sync 1 DAGs
[2024-11-13T00:16:49.924+0000] {logging_mixin.py:190} INFO - [2024-11-13T00:16:49.924+0000] {dag.py:4180} INFO - Setting next_dagrun for example_short_circuit_decorator to None, run_after=None
[2024-11-13T00:16:49.950+0000] {processor.py:208} INFO - Processing /home/airflow/.local/lib/python3.12/site-packages/airflow/example_dags/example_short_circuit_decorator.py took 0.096 seconds
[2024-11-13T00:17:20.212+0000] {processor.py:186} INFO - Started process (PID=13046) to work on /home/airflow/.local/lib/python3.12/site-packages/airflow/example_dags/example_short_circuit_decorator.py
[2024-11-13T00:17:20.212+0000] {processor.py:914} INFO - Processing file /home/airflow/.local/lib/python3.12/site-packages/airflow/example_dags/example_short_circuit_decorator.py for tasks to queue
[2024-11-13T00:17:20.214+0000] {logging_mixin.py:190} INFO - [2024-11-13T00:17:20.213+0000] {dagbag.py:588} INFO - Filling up the DagBag from /home/airflow/.local/lib/python3.12/site-packages/airflow/example_dags/example_short_circuit_decorator.py
[2024-11-13T00:17:20.225+0000] {processor.py:925} INFO - DAG(s) 'example_short_circuit_decorator' retrieved from /home/airflow/.local/lib/python3.12/site-packages/airflow/example_dags/example_short_circuit_decorator.py
[2024-11-13T00:17:20.247+0000] {logging_mixin.py:190} INFO - [2024-11-13T00:17:20.247+0000] {dag.py:3239} INFO - Sync 1 DAGs
[2024-11-13T00:17:20.261+0000] {logging_mixin.py:190} INFO - [2024-11-13T00:17:20.261+0000] {dag.py:4180} INFO - Setting next_dagrun for example_short_circuit_decorator to None, run_after=None
[2024-11-13T00:17:20.286+0000] {processor.py:208} INFO - Processing /home/airflow/.local/lib/python3.12/site-packages/airflow/example_dags/example_short_circuit_decorator.py took 0.081 seconds
[2024-11-13T00:17:50.604+0000] {processor.py:186} INFO - Started process (PID=13110) to work on /home/airflow/.local/lib/python3.12/site-packages/airflow/example_dags/example_short_circuit_decorator.py
[2024-11-13T00:17:50.605+0000] {processor.py:914} INFO - Processing file /home/airflow/.local/lib/python3.12/site-packages/airflow/example_dags/example_short_circuit_decorator.py for tasks to queue
[2024-11-13T00:17:50.607+0000] {logging_mixin.py:190} INFO - [2024-11-13T00:17:50.606+0000] {dagbag.py:588} INFO - Filling up the DagBag from /home/airflow/.local/lib/python3.12/site-packages/airflow/example_dags/example_short_circuit_decorator.py
[2024-11-13T00:17:50.622+0000] {processor.py:925} INFO - DAG(s) 'example_short_circuit_decorator' retrieved from /home/airflow/.local/lib/python3.12/site-packages/airflow/example_dags/example_short_circuit_decorator.py
[2024-11-13T00:17:50.658+0000] {logging_mixin.py:190} INFO - [2024-11-13T00:17:50.658+0000] {dag.py:3239} INFO - Sync 1 DAGs
[2024-11-13T00:17:50.677+0000] {logging_mixin.py:190} INFO - [2024-11-13T00:17:50.677+0000] {dag.py:4180} INFO - Setting next_dagrun for example_short_circuit_decorator to None, run_after=None
[2024-11-13T00:17:50.754+0000] {processor.py:208} INFO - Processing /home/airflow/.local/lib/python3.12/site-packages/airflow/example_dags/example_short_circuit_decorator.py took 0.159 seconds
[2024-11-13T00:18:21.563+0000] {processor.py:186} INFO - Started process (PID=13173) to work on /home/airflow/.local/lib/python3.12/site-packages/airflow/example_dags/example_short_circuit_decorator.py
[2024-11-13T00:18:21.564+0000] {processor.py:914} INFO - Processing file /home/airflow/.local/lib/python3.12/site-packages/airflow/example_dags/example_short_circuit_decorator.py for tasks to queue
[2024-11-13T00:18:21.566+0000] {logging_mixin.py:190} INFO - [2024-11-13T00:18:21.566+0000] {dagbag.py:588} INFO - Filling up the DagBag from /home/airflow/.local/lib/python3.12/site-packages/airflow/example_dags/example_short_circuit_decorator.py
[2024-11-13T00:18:21.582+0000] {processor.py:925} INFO - DAG(s) 'example_short_circuit_decorator' retrieved from /home/airflow/.local/lib/python3.12/site-packages/airflow/example_dags/example_short_circuit_decorator.py
[2024-11-13T00:18:21.615+0000] {logging_mixin.py:190} INFO - [2024-11-13T00:18:21.615+0000] {dag.py:3239} INFO - Sync 1 DAGs
[2024-11-13T00:18:21.632+0000] {logging_mixin.py:190} INFO - [2024-11-13T00:18:21.632+0000] {dag.py:4180} INFO - Setting next_dagrun for example_short_circuit_decorator to None, run_after=None
[2024-11-13T00:18:21.659+0000] {processor.py:208} INFO - Processing /home/airflow/.local/lib/python3.12/site-packages/airflow/example_dags/example_short_circuit_decorator.py took 0.107 seconds
[2024-11-13T00:18:54.189+0000] {processor.py:186} INFO - Started process (PID=13233) to work on /home/airflow/.local/lib/python3.12/site-packages/airflow/example_dags/example_short_circuit_decorator.py
[2024-11-13T00:18:54.190+0000] {processor.py:914} INFO - Processing file /home/airflow/.local/lib/python3.12/site-packages/airflow/example_dags/example_short_circuit_decorator.py for tasks to queue
[2024-11-13T00:18:54.191+0000] {logging_mixin.py:190} INFO - [2024-11-13T00:18:54.191+0000] {dagbag.py:588} INFO - Filling up the DagBag from /home/airflow/.local/lib/python3.12/site-packages/airflow/example_dags/example_short_circuit_decorator.py
[2024-11-13T00:18:54.213+0000] {processor.py:925} INFO - DAG(s) 'example_short_circuit_decorator' retrieved from /home/airflow/.local/lib/python3.12/site-packages/airflow/example_dags/example_short_circuit_decorator.py
[2024-11-13T00:18:54.245+0000] {logging_mixin.py:190} INFO - [2024-11-13T00:18:54.244+0000] {dag.py:3239} INFO - Sync 1 DAGs
[2024-11-13T00:18:54.276+0000] {logging_mixin.py:190} INFO - [2024-11-13T00:18:54.276+0000] {dag.py:4180} INFO - Setting next_dagrun for example_short_circuit_decorator to None, run_after=None
[2024-11-13T00:18:54.311+0000] {processor.py:208} INFO - Processing /home/airflow/.local/lib/python3.12/site-packages/airflow/example_dags/example_short_circuit_decorator.py took 0.130 seconds
[2024-11-13T00:19:37.899+0000] {processor.py:186} INFO - Started process (PID=13277) to work on /home/airflow/.local/lib/python3.12/site-packages/airflow/example_dags/example_short_circuit_decorator.py
[2024-11-13T00:19:37.900+0000] {processor.py:914} INFO - Processing file /home/airflow/.local/lib/python3.12/site-packages/airflow/example_dags/example_short_circuit_decorator.py for tasks to queue
[2024-11-13T00:19:37.902+0000] {logging_mixin.py:190} INFO - [2024-11-13T00:19:37.901+0000] {dagbag.py:588} INFO - Filling up the DagBag from /home/airflow/.local/lib/python3.12/site-packages/airflow/example_dags/example_short_circuit_decorator.py
[2024-11-13T00:19:37.913+0000] {processor.py:925} INFO - DAG(s) 'example_short_circuit_decorator' retrieved from /home/airflow/.local/lib/python3.12/site-packages/airflow/example_dags/example_short_circuit_decorator.py
[2024-11-13T00:19:37.955+0000] {logging_mixin.py:190} INFO - [2024-11-13T00:19:37.955+0000] {dag.py:3239} INFO - Sync 1 DAGs
[2024-11-13T00:19:37.974+0000] {logging_mixin.py:190} INFO - [2024-11-13T00:19:37.973+0000] {dag.py:4180} INFO - Setting next_dagrun for example_short_circuit_decorator to None, run_after=None
[2024-11-13T00:19:37.997+0000] {processor.py:208} INFO - Processing /home/airflow/.local/lib/python3.12/site-packages/airflow/example_dags/example_short_circuit_decorator.py took 0.105 seconds
[2024-11-13T00:20:09.024+0000] {processor.py:186} INFO - Started process (PID=13340) to work on /home/airflow/.local/lib/python3.12/site-packages/airflow/example_dags/example_short_circuit_decorator.py
[2024-11-13T00:20:09.026+0000] {processor.py:914} INFO - Processing file /home/airflow/.local/lib/python3.12/site-packages/airflow/example_dags/example_short_circuit_decorator.py for tasks to queue
[2024-11-13T00:20:09.027+0000] {logging_mixin.py:190} INFO - [2024-11-13T00:20:09.027+0000] {dagbag.py:588} INFO - Filling up the DagBag from /home/airflow/.local/lib/python3.12/site-packages/airflow/example_dags/example_short_circuit_decorator.py
[2024-11-13T00:20:09.059+0000] {processor.py:925} INFO - DAG(s) 'example_short_circuit_decorator' retrieved from /home/airflow/.local/lib/python3.12/site-packages/airflow/example_dags/example_short_circuit_decorator.py
[2024-11-13T00:20:09.109+0000] {logging_mixin.py:190} INFO - [2024-11-13T00:20:09.109+0000] {dag.py:3239} INFO - Sync 1 DAGs
[2024-11-13T00:20:09.158+0000] {logging_mixin.py:190} INFO - [2024-11-13T00:20:09.158+0000] {dag.py:4180} INFO - Setting next_dagrun for example_short_circuit_decorator to None, run_after=None
[2024-11-13T00:20:09.240+0000] {processor.py:208} INFO - Processing /home/airflow/.local/lib/python3.12/site-packages/airflow/example_dags/example_short_circuit_decorator.py took 0.228 seconds
[2024-11-13T00:20:40.190+0000] {processor.py:186} INFO - Started process (PID=13404) to work on /home/airflow/.local/lib/python3.12/site-packages/airflow/example_dags/example_short_circuit_decorator.py
[2024-11-13T00:20:40.191+0000] {processor.py:914} INFO - Processing file /home/airflow/.local/lib/python3.12/site-packages/airflow/example_dags/example_short_circuit_decorator.py for tasks to queue
[2024-11-13T00:20:40.193+0000] {logging_mixin.py:190} INFO - [2024-11-13T00:20:40.192+0000] {dagbag.py:588} INFO - Filling up the DagBag from /home/airflow/.local/lib/python3.12/site-packages/airflow/example_dags/example_short_circuit_decorator.py
[2024-11-13T00:20:40.206+0000] {processor.py:925} INFO - DAG(s) 'example_short_circuit_decorator' retrieved from /home/airflow/.local/lib/python3.12/site-packages/airflow/example_dags/example_short_circuit_decorator.py
[2024-11-13T00:20:40.231+0000] {logging_mixin.py:190} INFO - [2024-11-13T00:20:40.231+0000] {dag.py:3239} INFO - Sync 1 DAGs
[2024-11-13T00:20:40.248+0000] {logging_mixin.py:190} INFO - [2024-11-13T00:20:40.247+0000] {dag.py:4180} INFO - Setting next_dagrun for example_short_circuit_decorator to None, run_after=None
[2024-11-13T00:20:40.290+0000] {processor.py:208} INFO - Processing /home/airflow/.local/lib/python3.12/site-packages/airflow/example_dags/example_short_circuit_decorator.py took 0.110 seconds
[2024-11-13T00:21:10.613+0000] {processor.py:186} INFO - Started process (PID=13467) to work on /home/airflow/.local/lib/python3.12/site-packages/airflow/example_dags/example_short_circuit_decorator.py
[2024-11-13T00:21:10.614+0000] {processor.py:914} INFO - Processing file /home/airflow/.local/lib/python3.12/site-packages/airflow/example_dags/example_short_circuit_decorator.py for tasks to queue
[2024-11-13T00:21:10.616+0000] {logging_mixin.py:190} INFO - [2024-11-13T00:21:10.615+0000] {dagbag.py:588} INFO - Filling up the DagBag from /home/airflow/.local/lib/python3.12/site-packages/airflow/example_dags/example_short_circuit_decorator.py
[2024-11-13T00:21:10.630+0000] {processor.py:925} INFO - DAG(s) 'example_short_circuit_decorator' retrieved from /home/airflow/.local/lib/python3.12/site-packages/airflow/example_dags/example_short_circuit_decorator.py
[2024-11-13T00:21:10.664+0000] {logging_mixin.py:190} INFO - [2024-11-13T00:21:10.663+0000] {dag.py:3239} INFO - Sync 1 DAGs
[2024-11-13T00:21:10.682+0000] {logging_mixin.py:190} INFO - [2024-11-13T00:21:10.682+0000] {dag.py:4180} INFO - Setting next_dagrun for example_short_circuit_decorator to None, run_after=None
[2024-11-13T00:21:10.715+0000] {processor.py:208} INFO - Processing /home/airflow/.local/lib/python3.12/site-packages/airflow/example_dags/example_short_circuit_decorator.py took 0.114 seconds
[2024-11-13T00:21:40.902+0000] {processor.py:186} INFO - Started process (PID=13530) to work on /home/airflow/.local/lib/python3.12/site-packages/airflow/example_dags/example_short_circuit_decorator.py
[2024-11-13T00:21:40.903+0000] {processor.py:914} INFO - Processing file /home/airflow/.local/lib/python3.12/site-packages/airflow/example_dags/example_short_circuit_decorator.py for tasks to queue
[2024-11-13T00:21:40.904+0000] {logging_mixin.py:190} INFO - [2024-11-13T00:21:40.904+0000] {dagbag.py:588} INFO - Filling up the DagBag from /home/airflow/.local/lib/python3.12/site-packages/airflow/example_dags/example_short_circuit_decorator.py
[2024-11-13T00:21:40.917+0000] {processor.py:925} INFO - DAG(s) 'example_short_circuit_decorator' retrieved from /home/airflow/.local/lib/python3.12/site-packages/airflow/example_dags/example_short_circuit_decorator.py
[2024-11-13T00:21:40.942+0000] {logging_mixin.py:190} INFO - [2024-11-13T00:21:40.942+0000] {dag.py:3239} INFO - Sync 1 DAGs
[2024-11-13T00:21:40.959+0000] {logging_mixin.py:190} INFO - [2024-11-13T00:21:40.959+0000] {dag.py:4180} INFO - Setting next_dagrun for example_short_circuit_decorator to None, run_after=None
[2024-11-13T00:21:40.989+0000] {processor.py:208} INFO - Processing /home/airflow/.local/lib/python3.12/site-packages/airflow/example_dags/example_short_circuit_decorator.py took 0.097 seconds
[2024-11-13T00:22:11.746+0000] {processor.py:186} INFO - Started process (PID=13594) to work on /home/airflow/.local/lib/python3.12/site-packages/airflow/example_dags/example_short_circuit_decorator.py
[2024-11-13T00:22:11.747+0000] {processor.py:914} INFO - Processing file /home/airflow/.local/lib/python3.12/site-packages/airflow/example_dags/example_short_circuit_decorator.py for tasks to queue
[2024-11-13T00:22:11.748+0000] {logging_mixin.py:190} INFO - [2024-11-13T00:22:11.748+0000] {dagbag.py:588} INFO - Filling up the DagBag from /home/airflow/.local/lib/python3.12/site-packages/airflow/example_dags/example_short_circuit_decorator.py
[2024-11-13T00:22:11.758+0000] {processor.py:925} INFO - DAG(s) 'example_short_circuit_decorator' retrieved from /home/airflow/.local/lib/python3.12/site-packages/airflow/example_dags/example_short_circuit_decorator.py
[2024-11-13T00:22:11.785+0000] {logging_mixin.py:190} INFO - [2024-11-13T00:22:11.785+0000] {dag.py:3239} INFO - Sync 1 DAGs
[2024-11-13T00:22:11.801+0000] {logging_mixin.py:190} INFO - [2024-11-13T00:22:11.801+0000] {dag.py:4180} INFO - Setting next_dagrun for example_short_circuit_decorator to None, run_after=None
[2024-11-13T00:22:11.830+0000] {processor.py:208} INFO - Processing /home/airflow/.local/lib/python3.12/site-packages/airflow/example_dags/example_short_circuit_decorator.py took 0.094 seconds
[2024-11-13T00:22:42.665+0000] {processor.py:186} INFO - Started process (PID=13658) to work on /home/airflow/.local/lib/python3.12/site-packages/airflow/example_dags/example_short_circuit_decorator.py
[2024-11-13T00:22:42.666+0000] {processor.py:914} INFO - Processing file /home/airflow/.local/lib/python3.12/site-packages/airflow/example_dags/example_short_circuit_decorator.py for tasks to queue
[2024-11-13T00:22:42.667+0000] {logging_mixin.py:190} INFO - [2024-11-13T00:22:42.667+0000] {dagbag.py:588} INFO - Filling up the DagBag from /home/airflow/.local/lib/python3.12/site-packages/airflow/example_dags/example_short_circuit_decorator.py
[2024-11-13T00:22:42.679+0000] {processor.py:925} INFO - DAG(s) 'example_short_circuit_decorator' retrieved from /home/airflow/.local/lib/python3.12/site-packages/airflow/example_dags/example_short_circuit_decorator.py
[2024-11-13T00:22:42.704+0000] {logging_mixin.py:190} INFO - [2024-11-13T00:22:42.704+0000] {dag.py:3239} INFO - Sync 1 DAGs
[2024-11-13T00:22:42.720+0000] {logging_mixin.py:190} INFO - [2024-11-13T00:22:42.719+0000] {dag.py:4180} INFO - Setting next_dagrun for example_short_circuit_decorator to None, run_after=None
[2024-11-13T00:22:42.745+0000] {processor.py:208} INFO - Processing /home/airflow/.local/lib/python3.12/site-packages/airflow/example_dags/example_short_circuit_decorator.py took 0.088 seconds
[2024-11-13T00:23:13.688+0000] {processor.py:186} INFO - Started process (PID=13722) to work on /home/airflow/.local/lib/python3.12/site-packages/airflow/example_dags/example_short_circuit_decorator.py
[2024-11-13T00:23:13.689+0000] {processor.py:914} INFO - Processing file /home/airflow/.local/lib/python3.12/site-packages/airflow/example_dags/example_short_circuit_decorator.py for tasks to queue
[2024-11-13T00:23:13.690+0000] {logging_mixin.py:190} INFO - [2024-11-13T00:23:13.690+0000] {dagbag.py:588} INFO - Filling up the DagBag from /home/airflow/.local/lib/python3.12/site-packages/airflow/example_dags/example_short_circuit_decorator.py
[2024-11-13T00:23:13.705+0000] {processor.py:925} INFO - DAG(s) 'example_short_circuit_decorator' retrieved from /home/airflow/.local/lib/python3.12/site-packages/airflow/example_dags/example_short_circuit_decorator.py
[2024-11-13T00:23:13.732+0000] {logging_mixin.py:190} INFO - [2024-11-13T00:23:13.732+0000] {dag.py:3239} INFO - Sync 1 DAGs
[2024-11-13T00:23:13.750+0000] {logging_mixin.py:190} INFO - [2024-11-13T00:23:13.750+0000] {dag.py:4180} INFO - Setting next_dagrun for example_short_circuit_decorator to None, run_after=None
[2024-11-13T00:23:13.774+0000] {processor.py:208} INFO - Processing /home/airflow/.local/lib/python3.12/site-packages/airflow/example_dags/example_short_circuit_decorator.py took 0.096 seconds
[2024-11-13T00:23:44.834+0000] {processor.py:186} INFO - Started process (PID=13787) to work on /home/airflow/.local/lib/python3.12/site-packages/airflow/example_dags/example_short_circuit_decorator.py
[2024-11-13T00:23:44.835+0000] {processor.py:914} INFO - Processing file /home/airflow/.local/lib/python3.12/site-packages/airflow/example_dags/example_short_circuit_decorator.py for tasks to queue
[2024-11-13T00:23:44.837+0000] {logging_mixin.py:190} INFO - [2024-11-13T00:23:44.836+0000] {dagbag.py:588} INFO - Filling up the DagBag from /home/airflow/.local/lib/python3.12/site-packages/airflow/example_dags/example_short_circuit_decorator.py
[2024-11-13T00:23:44.848+0000] {processor.py:925} INFO - DAG(s) 'example_short_circuit_decorator' retrieved from /home/airflow/.local/lib/python3.12/site-packages/airflow/example_dags/example_short_circuit_decorator.py
[2024-11-13T00:23:44.876+0000] {logging_mixin.py:190} INFO - [2024-11-13T00:23:44.875+0000] {dag.py:3239} INFO - Sync 1 DAGs
[2024-11-13T00:23:44.889+0000] {logging_mixin.py:190} INFO - [2024-11-13T00:23:44.889+0000] {dag.py:4180} INFO - Setting next_dagrun for example_short_circuit_decorator to None, run_after=None
[2024-11-13T00:23:44.914+0000] {processor.py:208} INFO - Processing /home/airflow/.local/lib/python3.12/site-packages/airflow/example_dags/example_short_circuit_decorator.py took 0.087 seconds
[2024-11-13T00:24:15.064+0000] {processor.py:186} INFO - Started process (PID=13851) to work on /home/airflow/.local/lib/python3.12/site-packages/airflow/example_dags/example_short_circuit_decorator.py
[2024-11-13T00:24:15.065+0000] {processor.py:914} INFO - Processing file /home/airflow/.local/lib/python3.12/site-packages/airflow/example_dags/example_short_circuit_decorator.py for tasks to queue
[2024-11-13T00:24:15.067+0000] {logging_mixin.py:190} INFO - [2024-11-13T00:24:15.066+0000] {dagbag.py:588} INFO - Filling up the DagBag from /home/airflow/.local/lib/python3.12/site-packages/airflow/example_dags/example_short_circuit_decorator.py
[2024-11-13T00:24:15.079+0000] {processor.py:925} INFO - DAG(s) 'example_short_circuit_decorator' retrieved from /home/airflow/.local/lib/python3.12/site-packages/airflow/example_dags/example_short_circuit_decorator.py
[2024-11-13T00:24:15.103+0000] {logging_mixin.py:190} INFO - [2024-11-13T00:24:15.103+0000] {dag.py:3239} INFO - Sync 1 DAGs
[2024-11-13T00:24:15.118+0000] {logging_mixin.py:190} INFO - [2024-11-13T00:24:15.117+0000] {dag.py:4180} INFO - Setting next_dagrun for example_short_circuit_decorator to None, run_after=None
[2024-11-13T00:24:15.144+0000] {processor.py:208} INFO - Processing /home/airflow/.local/lib/python3.12/site-packages/airflow/example_dags/example_short_circuit_decorator.py took 0.090 seconds
[2024-11-13T00:24:45.241+0000] {processor.py:186} INFO - Started process (PID=13916) to work on /home/airflow/.local/lib/python3.12/site-packages/airflow/example_dags/example_short_circuit_decorator.py
[2024-11-13T00:24:45.242+0000] {processor.py:914} INFO - Processing file /home/airflow/.local/lib/python3.12/site-packages/airflow/example_dags/example_short_circuit_decorator.py for tasks to queue
[2024-11-13T00:24:45.244+0000] {logging_mixin.py:190} INFO - [2024-11-13T00:24:45.244+0000] {dagbag.py:588} INFO - Filling up the DagBag from /home/airflow/.local/lib/python3.12/site-packages/airflow/example_dags/example_short_circuit_decorator.py
[2024-11-13T00:24:45.263+0000] {processor.py:925} INFO - DAG(s) 'example_short_circuit_decorator' retrieved from /home/airflow/.local/lib/python3.12/site-packages/airflow/example_dags/example_short_circuit_decorator.py
[2024-11-13T00:24:45.305+0000] {logging_mixin.py:190} INFO - [2024-11-13T00:24:45.305+0000] {dag.py:3239} INFO - Sync 1 DAGs
[2024-11-13T00:24:45.327+0000] {logging_mixin.py:190} INFO - [2024-11-13T00:24:45.326+0000] {dag.py:4180} INFO - Setting next_dagrun for example_short_circuit_decorator to None, run_after=None
[2024-11-13T00:24:45.364+0000] {processor.py:208} INFO - Processing /home/airflow/.local/lib/python3.12/site-packages/airflow/example_dags/example_short_circuit_decorator.py took 0.131 seconds
[2024-11-13T00:25:15.713+0000] {processor.py:186} INFO - Started process (PID=13980) to work on /home/airflow/.local/lib/python3.12/site-packages/airflow/example_dags/example_short_circuit_decorator.py
[2024-11-13T00:25:15.714+0000] {processor.py:914} INFO - Processing file /home/airflow/.local/lib/python3.12/site-packages/airflow/example_dags/example_short_circuit_decorator.py for tasks to queue
[2024-11-13T00:25:15.716+0000] {logging_mixin.py:190} INFO - [2024-11-13T00:25:15.715+0000] {dagbag.py:588} INFO - Filling up the DagBag from /home/airflow/.local/lib/python3.12/site-packages/airflow/example_dags/example_short_circuit_decorator.py
[2024-11-13T00:25:15.735+0000] {processor.py:925} INFO - DAG(s) 'example_short_circuit_decorator' retrieved from /home/airflow/.local/lib/python3.12/site-packages/airflow/example_dags/example_short_circuit_decorator.py
[2024-11-13T00:25:15.785+0000] {logging_mixin.py:190} INFO - [2024-11-13T00:25:15.784+0000] {dag.py:3239} INFO - Sync 1 DAGs
[2024-11-13T00:25:15.809+0000] {logging_mixin.py:190} INFO - [2024-11-13T00:25:15.808+0000] {dag.py:4180} INFO - Setting next_dagrun for example_short_circuit_decorator to None, run_after=None
[2024-11-13T00:25:15.838+0000] {processor.py:208} INFO - Processing /home/airflow/.local/lib/python3.12/site-packages/airflow/example_dags/example_short_circuit_decorator.py took 0.139 seconds
[2024-11-13T00:25:46.424+0000] {processor.py:186} INFO - Started process (PID=14044) to work on /home/airflow/.local/lib/python3.12/site-packages/airflow/example_dags/example_short_circuit_decorator.py
[2024-11-13T00:25:46.425+0000] {processor.py:914} INFO - Processing file /home/airflow/.local/lib/python3.12/site-packages/airflow/example_dags/example_short_circuit_decorator.py for tasks to queue
[2024-11-13T00:25:46.427+0000] {logging_mixin.py:190} INFO - [2024-11-13T00:25:46.426+0000] {dagbag.py:588} INFO - Filling up the DagBag from /home/airflow/.local/lib/python3.12/site-packages/airflow/example_dags/example_short_circuit_decorator.py
[2024-11-13T00:25:46.442+0000] {processor.py:925} INFO - DAG(s) 'example_short_circuit_decorator' retrieved from /home/airflow/.local/lib/python3.12/site-packages/airflow/example_dags/example_short_circuit_decorator.py
[2024-11-13T00:25:46.477+0000] {logging_mixin.py:190} INFO - [2024-11-13T00:25:46.477+0000] {dag.py:3239} INFO - Sync 1 DAGs
[2024-11-13T00:25:46.499+0000] {logging_mixin.py:190} INFO - [2024-11-13T00:25:46.499+0000] {dag.py:4180} INFO - Setting next_dagrun for example_short_circuit_decorator to None, run_after=None
[2024-11-13T00:25:46.531+0000] {processor.py:208} INFO - Processing /home/airflow/.local/lib/python3.12/site-packages/airflow/example_dags/example_short_circuit_decorator.py took 0.120 seconds
[2024-11-13T00:26:17.044+0000] {processor.py:186} INFO - Started process (PID=14108) to work on /home/airflow/.local/lib/python3.12/site-packages/airflow/example_dags/example_short_circuit_decorator.py
[2024-11-13T00:26:17.045+0000] {processor.py:914} INFO - Processing file /home/airflow/.local/lib/python3.12/site-packages/airflow/example_dags/example_short_circuit_decorator.py for tasks to queue
[2024-11-13T00:26:17.049+0000] {logging_mixin.py:190} INFO - [2024-11-13T00:26:17.048+0000] {dagbag.py:588} INFO - Filling up the DagBag from /home/airflow/.local/lib/python3.12/site-packages/airflow/example_dags/example_short_circuit_decorator.py
[2024-11-13T00:26:17.387+0000] {processor.py:925} INFO - DAG(s) 'example_short_circuit_decorator' retrieved from /home/airflow/.local/lib/python3.12/site-packages/airflow/example_dags/example_short_circuit_decorator.py
[2024-11-13T00:26:17.409+0000] {logging_mixin.py:190} INFO - [2024-11-13T00:26:17.409+0000] {dag.py:3239} INFO - Sync 1 DAGs
[2024-11-13T00:26:17.424+0000] {logging_mixin.py:190} INFO - [2024-11-13T00:26:17.423+0000] {dag.py:4180} INFO - Setting next_dagrun for example_short_circuit_decorator to None, run_after=None
[2024-11-13T00:26:17.452+0000] {processor.py:208} INFO - Processing /home/airflow/.local/lib/python3.12/site-packages/airflow/example_dags/example_short_circuit_decorator.py took 0.417 seconds
[2024-11-13T00:26:47.596+0000] {processor.py:186} INFO - Started process (PID=14173) to work on /home/airflow/.local/lib/python3.12/site-packages/airflow/example_dags/example_short_circuit_decorator.py
[2024-11-13T00:26:47.597+0000] {processor.py:914} INFO - Processing file /home/airflow/.local/lib/python3.12/site-packages/airflow/example_dags/example_short_circuit_decorator.py for tasks to queue
[2024-11-13T00:26:47.599+0000] {logging_mixin.py:190} INFO - [2024-11-13T00:26:47.598+0000] {dagbag.py:588} INFO - Filling up the DagBag from /home/airflow/.local/lib/python3.12/site-packages/airflow/example_dags/example_short_circuit_decorator.py
[2024-11-13T00:26:47.617+0000] {processor.py:925} INFO - DAG(s) 'example_short_circuit_decorator' retrieved from /home/airflow/.local/lib/python3.12/site-packages/airflow/example_dags/example_short_circuit_decorator.py
[2024-11-13T00:26:47.648+0000] {logging_mixin.py:190} INFO - [2024-11-13T00:26:47.648+0000] {dag.py:3239} INFO - Sync 1 DAGs
[2024-11-13T00:26:47.667+0000] {logging_mixin.py:190} INFO - [2024-11-13T00:26:47.666+0000] {dag.py:4180} INFO - Setting next_dagrun for example_short_circuit_decorator to None, run_after=None
[2024-11-13T00:26:47.694+0000] {processor.py:208} INFO - Processing /home/airflow/.local/lib/python3.12/site-packages/airflow/example_dags/example_short_circuit_decorator.py took 0.111 seconds
[2024-11-13T00:27:17.783+0000] {processor.py:186} INFO - Started process (PID=14237) to work on /home/airflow/.local/lib/python3.12/site-packages/airflow/example_dags/example_short_circuit_decorator.py
[2024-11-13T00:27:17.786+0000] {processor.py:914} INFO - Processing file /home/airflow/.local/lib/python3.12/site-packages/airflow/example_dags/example_short_circuit_decorator.py for tasks to queue
[2024-11-13T00:27:17.789+0000] {logging_mixin.py:190} INFO - [2024-11-13T00:27:17.788+0000] {dagbag.py:588} INFO - Filling up the DagBag from /home/airflow/.local/lib/python3.12/site-packages/airflow/example_dags/example_short_circuit_decorator.py
[2024-11-13T00:27:17.802+0000] {processor.py:925} INFO - DAG(s) 'example_short_circuit_decorator' retrieved from /home/airflow/.local/lib/python3.12/site-packages/airflow/example_dags/example_short_circuit_decorator.py
[2024-11-13T00:27:17.827+0000] {logging_mixin.py:190} INFO - [2024-11-13T00:27:17.827+0000] {dag.py:3239} INFO - Sync 1 DAGs
[2024-11-13T00:27:17.847+0000] {logging_mixin.py:190} INFO - [2024-11-13T00:27:17.846+0000] {dag.py:4180} INFO - Setting next_dagrun for example_short_circuit_decorator to None, run_after=None
[2024-11-13T00:27:17.894+0000] {processor.py:208} INFO - Processing /home/airflow/.local/lib/python3.12/site-packages/airflow/example_dags/example_short_circuit_decorator.py took 0.119 seconds
[2024-11-13T00:27:48.077+0000] {processor.py:186} INFO - Started process (PID=14300) to work on /home/airflow/.local/lib/python3.12/site-packages/airflow/example_dags/example_short_circuit_decorator.py
[2024-11-13T00:27:48.078+0000] {processor.py:914} INFO - Processing file /home/airflow/.local/lib/python3.12/site-packages/airflow/example_dags/example_short_circuit_decorator.py for tasks to queue
[2024-11-13T00:27:48.080+0000] {logging_mixin.py:190} INFO - [2024-11-13T00:27:48.080+0000] {dagbag.py:588} INFO - Filling up the DagBag from /home/airflow/.local/lib/python3.12/site-packages/airflow/example_dags/example_short_circuit_decorator.py
[2024-11-13T00:27:48.090+0000] {processor.py:925} INFO - DAG(s) 'example_short_circuit_decorator' retrieved from /home/airflow/.local/lib/python3.12/site-packages/airflow/example_dags/example_short_circuit_decorator.py
[2024-11-13T00:27:48.113+0000] {logging_mixin.py:190} INFO - [2024-11-13T00:27:48.113+0000] {dag.py:3239} INFO - Sync 1 DAGs
[2024-11-13T00:27:48.127+0000] {logging_mixin.py:190} INFO - [2024-11-13T00:27:48.126+0000] {dag.py:4180} INFO - Setting next_dagrun for example_short_circuit_decorator to None, run_after=None
[2024-11-13T00:27:48.151+0000] {processor.py:208} INFO - Processing /home/airflow/.local/lib/python3.12/site-packages/airflow/example_dags/example_short_circuit_decorator.py took 0.081 seconds
[2024-11-13T00:28:18.557+0000] {processor.py:186} INFO - Started process (PID=14364) to work on /home/airflow/.local/lib/python3.12/site-packages/airflow/example_dags/example_short_circuit_decorator.py
[2024-11-13T00:28:18.558+0000] {processor.py:914} INFO - Processing file /home/airflow/.local/lib/python3.12/site-packages/airflow/example_dags/example_short_circuit_decorator.py for tasks to queue
[2024-11-13T00:28:18.559+0000] {logging_mixin.py:190} INFO - [2024-11-13T00:28:18.558+0000] {dagbag.py:588} INFO - Filling up the DagBag from /home/airflow/.local/lib/python3.12/site-packages/airflow/example_dags/example_short_circuit_decorator.py
[2024-11-13T00:28:18.569+0000] {processor.py:925} INFO - DAG(s) 'example_short_circuit_decorator' retrieved from /home/airflow/.local/lib/python3.12/site-packages/airflow/example_dags/example_short_circuit_decorator.py
[2024-11-13T00:28:18.593+0000] {logging_mixin.py:190} INFO - [2024-11-13T00:28:18.593+0000] {dag.py:3239} INFO - Sync 1 DAGs
[2024-11-13T00:28:18.608+0000] {logging_mixin.py:190} INFO - [2024-11-13T00:28:18.608+0000] {dag.py:4180} INFO - Setting next_dagrun for example_short_circuit_decorator to None, run_after=None
[2024-11-13T00:28:18.648+0000] {processor.py:208} INFO - Processing /home/airflow/.local/lib/python3.12/site-packages/airflow/example_dags/example_short_circuit_decorator.py took 0.099 seconds
[2024-11-13T00:28:48.718+0000] {processor.py:186} INFO - Started process (PID=14428) to work on /home/airflow/.local/lib/python3.12/site-packages/airflow/example_dags/example_short_circuit_decorator.py
[2024-11-13T00:28:48.719+0000] {processor.py:914} INFO - Processing file /home/airflow/.local/lib/python3.12/site-packages/airflow/example_dags/example_short_circuit_decorator.py for tasks to queue
[2024-11-13T00:28:48.721+0000] {logging_mixin.py:190} INFO - [2024-11-13T00:28:48.721+0000] {dagbag.py:588} INFO - Filling up the DagBag from /home/airflow/.local/lib/python3.12/site-packages/airflow/example_dags/example_short_circuit_decorator.py
[2024-11-13T00:28:48.732+0000] {processor.py:925} INFO - DAG(s) 'example_short_circuit_decorator' retrieved from /home/airflow/.local/lib/python3.12/site-packages/airflow/example_dags/example_short_circuit_decorator.py
[2024-11-13T00:28:48.755+0000] {logging_mixin.py:190} INFO - [2024-11-13T00:28:48.754+0000] {dag.py:3239} INFO - Sync 1 DAGs
[2024-11-13T00:28:48.768+0000] {logging_mixin.py:190} INFO - [2024-11-13T00:28:48.768+0000] {dag.py:4180} INFO - Setting next_dagrun for example_short_circuit_decorator to None, run_after=None
[2024-11-13T00:28:48.795+0000] {processor.py:208} INFO - Processing /home/airflow/.local/lib/python3.12/site-packages/airflow/example_dags/example_short_circuit_decorator.py took 0.084 seconds
[2024-11-13T00:29:18.925+0000] {processor.py:186} INFO - Started process (PID=14492) to work on /home/airflow/.local/lib/python3.12/site-packages/airflow/example_dags/example_short_circuit_decorator.py
[2024-11-13T00:29:18.926+0000] {processor.py:914} INFO - Processing file /home/airflow/.local/lib/python3.12/site-packages/airflow/example_dags/example_short_circuit_decorator.py for tasks to queue
[2024-11-13T00:29:18.928+0000] {logging_mixin.py:190} INFO - [2024-11-13T00:29:18.927+0000] {dagbag.py:588} INFO - Filling up the DagBag from /home/airflow/.local/lib/python3.12/site-packages/airflow/example_dags/example_short_circuit_decorator.py
[2024-11-13T00:29:18.938+0000] {processor.py:925} INFO - DAG(s) 'example_short_circuit_decorator' retrieved from /home/airflow/.local/lib/python3.12/site-packages/airflow/example_dags/example_short_circuit_decorator.py
[2024-11-13T00:29:18.967+0000] {logging_mixin.py:190} INFO - [2024-11-13T00:29:18.966+0000] {dag.py:3239} INFO - Sync 1 DAGs
[2024-11-13T00:29:18.989+0000] {logging_mixin.py:190} INFO - [2024-11-13T00:29:18.988+0000] {dag.py:4180} INFO - Setting next_dagrun for example_short_circuit_decorator to None, run_after=None
[2024-11-13T00:29:19.020+0000] {processor.py:208} INFO - Processing /home/airflow/.local/lib/python3.12/site-packages/airflow/example_dags/example_short_circuit_decorator.py took 0.102 seconds
[2024-11-13T00:29:49.229+0000] {processor.py:186} INFO - Started process (PID=14556) to work on /home/airflow/.local/lib/python3.12/site-packages/airflow/example_dags/example_short_circuit_decorator.py
[2024-11-13T00:29:49.230+0000] {processor.py:914} INFO - Processing file /home/airflow/.local/lib/python3.12/site-packages/airflow/example_dags/example_short_circuit_decorator.py for tasks to queue
[2024-11-13T00:29:49.231+0000] {logging_mixin.py:190} INFO - [2024-11-13T00:29:49.231+0000] {dagbag.py:588} INFO - Filling up the DagBag from /home/airflow/.local/lib/python3.12/site-packages/airflow/example_dags/example_short_circuit_decorator.py
[2024-11-13T00:29:49.242+0000] {processor.py:925} INFO - DAG(s) 'example_short_circuit_decorator' retrieved from /home/airflow/.local/lib/python3.12/site-packages/airflow/example_dags/example_short_circuit_decorator.py
[2024-11-13T00:29:49.267+0000] {logging_mixin.py:190} INFO - [2024-11-13T00:29:49.267+0000] {dag.py:3239} INFO - Sync 1 DAGs
[2024-11-13T00:29:49.281+0000] {logging_mixin.py:190} INFO - [2024-11-13T00:29:49.281+0000] {dag.py:4180} INFO - Setting next_dagrun for example_short_circuit_decorator to None, run_after=None
[2024-11-13T00:29:49.305+0000] {processor.py:208} INFO - Processing /home/airflow/.local/lib/python3.12/site-packages/airflow/example_dags/example_short_circuit_decorator.py took 0.084 seconds
[2024-11-13T00:30:19.539+0000] {processor.py:186} INFO - Started process (PID=14620) to work on /home/airflow/.local/lib/python3.12/site-packages/airflow/example_dags/example_short_circuit_decorator.py
[2024-11-13T00:30:19.540+0000] {processor.py:914} INFO - Processing file /home/airflow/.local/lib/python3.12/site-packages/airflow/example_dags/example_short_circuit_decorator.py for tasks to queue
[2024-11-13T00:30:19.541+0000] {logging_mixin.py:190} INFO - [2024-11-13T00:30:19.541+0000] {dagbag.py:588} INFO - Filling up the DagBag from /home/airflow/.local/lib/python3.12/site-packages/airflow/example_dags/example_short_circuit_decorator.py
[2024-11-13T00:30:19.554+0000] {processor.py:925} INFO - DAG(s) 'example_short_circuit_decorator' retrieved from /home/airflow/.local/lib/python3.12/site-packages/airflow/example_dags/example_short_circuit_decorator.py
[2024-11-13T00:30:19.578+0000] {logging_mixin.py:190} INFO - [2024-11-13T00:30:19.578+0000] {dag.py:3239} INFO - Sync 1 DAGs
[2024-11-13T00:30:19.595+0000] {logging_mixin.py:190} INFO - [2024-11-13T00:30:19.594+0000] {dag.py:4180} INFO - Setting next_dagrun for example_short_circuit_decorator to None, run_after=None
[2024-11-13T00:30:19.619+0000] {processor.py:208} INFO - Processing /home/airflow/.local/lib/python3.12/site-packages/airflow/example_dags/example_short_circuit_decorator.py took 0.087 seconds
[2024-11-13T00:30:49.990+0000] {processor.py:186} INFO - Started process (PID=14684) to work on /home/airflow/.local/lib/python3.12/site-packages/airflow/example_dags/example_short_circuit_decorator.py
[2024-11-13T00:30:49.991+0000] {processor.py:914} INFO - Processing file /home/airflow/.local/lib/python3.12/site-packages/airflow/example_dags/example_short_circuit_decorator.py for tasks to queue
[2024-11-13T00:30:49.992+0000] {logging_mixin.py:190} INFO - [2024-11-13T00:30:49.992+0000] {dagbag.py:588} INFO - Filling up the DagBag from /home/airflow/.local/lib/python3.12/site-packages/airflow/example_dags/example_short_circuit_decorator.py
[2024-11-13T00:30:50.002+0000] {processor.py:925} INFO - DAG(s) 'example_short_circuit_decorator' retrieved from /home/airflow/.local/lib/python3.12/site-packages/airflow/example_dags/example_short_circuit_decorator.py
[2024-11-13T00:30:50.025+0000] {logging_mixin.py:190} INFO - [2024-11-13T00:30:50.024+0000] {dag.py:3239} INFO - Sync 1 DAGs
[2024-11-13T00:30:50.039+0000] {logging_mixin.py:190} INFO - [2024-11-13T00:30:50.039+0000] {dag.py:4180} INFO - Setting next_dagrun for example_short_circuit_decorator to None, run_after=None
[2024-11-13T00:30:50.063+0000] {processor.py:208} INFO - Processing /home/airflow/.local/lib/python3.12/site-packages/airflow/example_dags/example_short_circuit_decorator.py took 0.080 seconds
[2024-11-13T00:31:20.872+0000] {processor.py:186} INFO - Started process (PID=14748) to work on /home/airflow/.local/lib/python3.12/site-packages/airflow/example_dags/example_short_circuit_decorator.py
[2024-11-13T00:31:20.873+0000] {processor.py:914} INFO - Processing file /home/airflow/.local/lib/python3.12/site-packages/airflow/example_dags/example_short_circuit_decorator.py for tasks to queue
[2024-11-13T00:31:20.876+0000] {logging_mixin.py:190} INFO - [2024-11-13T00:31:20.875+0000] {dagbag.py:588} INFO - Filling up the DagBag from /home/airflow/.local/lib/python3.12/site-packages/airflow/example_dags/example_short_circuit_decorator.py
[2024-11-13T00:31:20.890+0000] {processor.py:925} INFO - DAG(s) 'example_short_circuit_decorator' retrieved from /home/airflow/.local/lib/python3.12/site-packages/airflow/example_dags/example_short_circuit_decorator.py
[2024-11-13T00:31:20.917+0000] {logging_mixin.py:190} INFO - [2024-11-13T00:31:20.917+0000] {dag.py:3239} INFO - Sync 1 DAGs
[2024-11-13T00:31:20.936+0000] {logging_mixin.py:190} INFO - [2024-11-13T00:31:20.936+0000] {dag.py:4180} INFO - Setting next_dagrun for example_short_circuit_decorator to None, run_after=None
[2024-11-13T00:31:20.964+0000] {processor.py:208} INFO - Processing /home/airflow/.local/lib/python3.12/site-packages/airflow/example_dags/example_short_circuit_decorator.py took 0.101 seconds
