[2024-11-13T00:00:24.291+0000] {processor.py:186} INFO - Started process (PID=10909) to work on /home/airflow/.local/lib/python3.12/site-packages/airflow/example_dags/example_trigger_controller_dag.py
[2024-11-13T00:00:24.304+0000] {processor.py:914} INFO - Processing file /home/airflow/.local/lib/python3.12/site-packages/airflow/example_dags/example_trigger_controller_dag.py for tasks to queue
[2024-11-13T00:00:24.307+0000] {logging_mixin.py:190} INFO - [2024-11-13T00:00:24.307+0000] {dagbag.py:588} INFO - Filling up the DagBag from /home/airflow/.local/lib/python3.12/site-packages/airflow/example_dags/example_trigger_controller_dag.py
[2024-11-13T00:00:24.328+0000] {processor.py:925} INFO - DAG(s) 'example_trigger_controller_dag' retrieved from /home/airflow/.local/lib/python3.12/site-packages/airflow/example_dags/example_trigger_controller_dag.py
[2024-11-13T00:00:24.393+0000] {logging_mixin.py:190} INFO - [2024-11-13T00:00:24.385+0000] {dag.py:3239} INFO - Sync 1 DAGs
[2024-11-13T00:00:24.439+0000] {logging_mixin.py:190} INFO - [2024-11-13T00:00:24.439+0000] {dag.py:4180} INFO - Setting next_dagrun for example_trigger_controller_dag to 2021-01-01 00:00:00+00:00, run_after=2021-01-01 00:00:00+00:00
[2024-11-13T00:00:24.475+0000] {processor.py:208} INFO - Processing /home/airflow/.local/lib/python3.12/site-packages/airflow/example_dags/example_trigger_controller_dag.py took 0.204 seconds
[2024-11-13T00:00:56.250+0000] {processor.py:186} INFO - Started process (PID=10973) to work on /home/airflow/.local/lib/python3.12/site-packages/airflow/example_dags/example_trigger_controller_dag.py
[2024-11-13T00:00:56.251+0000] {processor.py:914} INFO - Processing file /home/airflow/.local/lib/python3.12/site-packages/airflow/example_dags/example_trigger_controller_dag.py for tasks to queue
[2024-11-13T00:00:56.256+0000] {logging_mixin.py:190} INFO - [2024-11-13T00:00:56.254+0000] {dagbag.py:588} INFO - Filling up the DagBag from /home/airflow/.local/lib/python3.12/site-packages/airflow/example_dags/example_trigger_controller_dag.py
[2024-11-13T00:00:56.276+0000] {processor.py:925} INFO - DAG(s) 'example_trigger_controller_dag' retrieved from /home/airflow/.local/lib/python3.12/site-packages/airflow/example_dags/example_trigger_controller_dag.py
[2024-11-13T00:00:56.332+0000] {logging_mixin.py:190} INFO - [2024-11-13T00:00:56.331+0000] {dag.py:3239} INFO - Sync 1 DAGs
[2024-11-13T00:00:56.397+0000] {logging_mixin.py:190} INFO - [2024-11-13T00:00:56.397+0000] {dag.py:4180} INFO - Setting next_dagrun for example_trigger_controller_dag to 2021-01-01 00:00:00+00:00, run_after=2021-01-01 00:00:00+00:00
[2024-11-13T00:00:56.466+0000] {processor.py:208} INFO - Processing /home/airflow/.local/lib/python3.12/site-packages/airflow/example_dags/example_trigger_controller_dag.py took 0.230 seconds
[2024-11-13T00:01:27.267+0000] {processor.py:186} INFO - Started process (PID=11038) to work on /home/airflow/.local/lib/python3.12/site-packages/airflow/example_dags/example_trigger_controller_dag.py
[2024-11-13T00:01:27.267+0000] {processor.py:914} INFO - Processing file /home/airflow/.local/lib/python3.12/site-packages/airflow/example_dags/example_trigger_controller_dag.py for tasks to queue
[2024-11-13T00:01:27.269+0000] {logging_mixin.py:190} INFO - [2024-11-13T00:01:27.269+0000] {dagbag.py:588} INFO - Filling up the DagBag from /home/airflow/.local/lib/python3.12/site-packages/airflow/example_dags/example_trigger_controller_dag.py
[2024-11-13T00:01:27.276+0000] {processor.py:925} INFO - DAG(s) 'example_trigger_controller_dag' retrieved from /home/airflow/.local/lib/python3.12/site-packages/airflow/example_dags/example_trigger_controller_dag.py
[2024-11-13T00:01:27.296+0000] {logging_mixin.py:190} INFO - [2024-11-13T00:01:27.295+0000] {dag.py:3239} INFO - Sync 1 DAGs
[2024-11-13T00:01:27.324+0000] {logging_mixin.py:190} INFO - [2024-11-13T00:01:27.324+0000] {dag.py:4180} INFO - Setting next_dagrun for example_trigger_controller_dag to 2021-01-01 00:00:00+00:00, run_after=2021-01-01 00:00:00+00:00
[2024-11-13T00:01:27.348+0000] {processor.py:208} INFO - Processing /home/airflow/.local/lib/python3.12/site-packages/airflow/example_dags/example_trigger_controller_dag.py took 0.088 seconds
[2024-11-13T00:01:58.673+0000] {processor.py:186} INFO - Started process (PID=11102) to work on /home/airflow/.local/lib/python3.12/site-packages/airflow/example_dags/example_trigger_controller_dag.py
[2024-11-13T00:01:58.674+0000] {processor.py:914} INFO - Processing file /home/airflow/.local/lib/python3.12/site-packages/airflow/example_dags/example_trigger_controller_dag.py for tasks to queue
[2024-11-13T00:01:58.676+0000] {logging_mixin.py:190} INFO - [2024-11-13T00:01:58.675+0000] {dagbag.py:588} INFO - Filling up the DagBag from /home/airflow/.local/lib/python3.12/site-packages/airflow/example_dags/example_trigger_controller_dag.py
[2024-11-13T00:01:58.691+0000] {processor.py:925} INFO - DAG(s) 'example_trigger_controller_dag' retrieved from /home/airflow/.local/lib/python3.12/site-packages/airflow/example_dags/example_trigger_controller_dag.py
[2024-11-13T00:01:58.712+0000] {logging_mixin.py:190} INFO - [2024-11-13T00:01:58.711+0000] {dag.py:3239} INFO - Sync 1 DAGs
[2024-11-13T00:01:58.742+0000] {logging_mixin.py:190} INFO - [2024-11-13T00:01:58.741+0000] {dag.py:4180} INFO - Setting next_dagrun for example_trigger_controller_dag to 2021-01-01 00:00:00+00:00, run_after=2021-01-01 00:00:00+00:00
[2024-11-13T00:01:58.783+0000] {processor.py:208} INFO - Processing /home/airflow/.local/lib/python3.12/site-packages/airflow/example_dags/example_trigger_controller_dag.py took 0.128 seconds
[2024-11-13T00:02:29.053+0000] {processor.py:186} INFO - Started process (PID=11165) to work on /home/airflow/.local/lib/python3.12/site-packages/airflow/example_dags/example_trigger_controller_dag.py
[2024-11-13T00:02:29.054+0000] {processor.py:914} INFO - Processing file /home/airflow/.local/lib/python3.12/site-packages/airflow/example_dags/example_trigger_controller_dag.py for tasks to queue
[2024-11-13T00:02:29.056+0000] {logging_mixin.py:190} INFO - [2024-11-13T00:02:29.055+0000] {dagbag.py:588} INFO - Filling up the DagBag from /home/airflow/.local/lib/python3.12/site-packages/airflow/example_dags/example_trigger_controller_dag.py
[2024-11-13T00:02:29.065+0000] {processor.py:925} INFO - DAG(s) 'example_trigger_controller_dag' retrieved from /home/airflow/.local/lib/python3.12/site-packages/airflow/example_dags/example_trigger_controller_dag.py
[2024-11-13T00:02:29.088+0000] {logging_mixin.py:190} INFO - [2024-11-13T00:02:29.088+0000] {dag.py:3239} INFO - Sync 1 DAGs
[2024-11-13T00:02:29.117+0000] {logging_mixin.py:190} INFO - [2024-11-13T00:02:29.117+0000] {dag.py:4180} INFO - Setting next_dagrun for example_trigger_controller_dag to 2021-01-01 00:00:00+00:00, run_after=2021-01-01 00:00:00+00:00
[2024-11-13T00:02:29.148+0000] {processor.py:208} INFO - Processing /home/airflow/.local/lib/python3.12/site-packages/airflow/example_dags/example_trigger_controller_dag.py took 0.103 seconds
[2024-11-13T00:02:59.854+0000] {processor.py:186} INFO - Started process (PID=11230) to work on /home/airflow/.local/lib/python3.12/site-packages/airflow/example_dags/example_trigger_controller_dag.py
[2024-11-13T00:02:59.856+0000] {processor.py:914} INFO - Processing file /home/airflow/.local/lib/python3.12/site-packages/airflow/example_dags/example_trigger_controller_dag.py for tasks to queue
[2024-11-13T00:02:59.857+0000] {logging_mixin.py:190} INFO - [2024-11-13T00:02:59.857+0000] {dagbag.py:588} INFO - Filling up the DagBag from /home/airflow/.local/lib/python3.12/site-packages/airflow/example_dags/example_trigger_controller_dag.py
[2024-11-13T00:02:59.865+0000] {processor.py:925} INFO - DAG(s) 'example_trigger_controller_dag' retrieved from /home/airflow/.local/lib/python3.12/site-packages/airflow/example_dags/example_trigger_controller_dag.py
[2024-11-13T00:02:59.894+0000] {logging_mixin.py:190} INFO - [2024-11-13T00:02:59.893+0000] {dag.py:3239} INFO - Sync 1 DAGs
[2024-11-13T00:02:59.929+0000] {logging_mixin.py:190} INFO - [2024-11-13T00:02:59.929+0000] {dag.py:4180} INFO - Setting next_dagrun for example_trigger_controller_dag to 2021-01-01 00:00:00+00:00, run_after=2021-01-01 00:00:00+00:00
[2024-11-13T00:02:59.962+0000] {processor.py:208} INFO - Processing /home/airflow/.local/lib/python3.12/site-packages/airflow/example_dags/example_trigger_controller_dag.py took 0.119 seconds
[2024-11-13T00:03:30.744+0000] {processor.py:186} INFO - Started process (PID=11294) to work on /home/airflow/.local/lib/python3.12/site-packages/airflow/example_dags/example_trigger_controller_dag.py
[2024-11-13T00:03:30.745+0000] {processor.py:914} INFO - Processing file /home/airflow/.local/lib/python3.12/site-packages/airflow/example_dags/example_trigger_controller_dag.py for tasks to queue
[2024-11-13T00:03:30.747+0000] {logging_mixin.py:190} INFO - [2024-11-13T00:03:30.747+0000] {dagbag.py:588} INFO - Filling up the DagBag from /home/airflow/.local/lib/python3.12/site-packages/airflow/example_dags/example_trigger_controller_dag.py
[2024-11-13T00:03:30.755+0000] {processor.py:925} INFO - DAG(s) 'example_trigger_controller_dag' retrieved from /home/airflow/.local/lib/python3.12/site-packages/airflow/example_dags/example_trigger_controller_dag.py
[2024-11-13T00:03:30.779+0000] {logging_mixin.py:190} INFO - [2024-11-13T00:03:30.779+0000] {dag.py:3239} INFO - Sync 1 DAGs
[2024-11-13T00:03:30.808+0000] {logging_mixin.py:190} INFO - [2024-11-13T00:03:30.808+0000] {dag.py:4180} INFO - Setting next_dagrun for example_trigger_controller_dag to 2021-01-01 00:00:00+00:00, run_after=2021-01-01 00:00:00+00:00
[2024-11-13T00:03:30.836+0000] {processor.py:208} INFO - Processing /home/airflow/.local/lib/python3.12/site-packages/airflow/example_dags/example_trigger_controller_dag.py took 0.100 seconds
[2024-11-13T00:04:01.201+0000] {processor.py:186} INFO - Started process (PID=11357) to work on /home/airflow/.local/lib/python3.12/site-packages/airflow/example_dags/example_trigger_controller_dag.py
[2024-11-13T00:04:01.202+0000] {processor.py:914} INFO - Processing file /home/airflow/.local/lib/python3.12/site-packages/airflow/example_dags/example_trigger_controller_dag.py for tasks to queue
[2024-11-13T00:04:01.204+0000] {logging_mixin.py:190} INFO - [2024-11-13T00:04:01.203+0000] {dagbag.py:588} INFO - Filling up the DagBag from /home/airflow/.local/lib/python3.12/site-packages/airflow/example_dags/example_trigger_controller_dag.py
[2024-11-13T00:04:01.211+0000] {processor.py:925} INFO - DAG(s) 'example_trigger_controller_dag' retrieved from /home/airflow/.local/lib/python3.12/site-packages/airflow/example_dags/example_trigger_controller_dag.py
[2024-11-13T00:04:01.232+0000] {logging_mixin.py:190} INFO - [2024-11-13T00:04:01.231+0000] {dag.py:3239} INFO - Sync 1 DAGs
[2024-11-13T00:04:01.256+0000] {logging_mixin.py:190} INFO - [2024-11-13T00:04:01.256+0000] {dag.py:4180} INFO - Setting next_dagrun for example_trigger_controller_dag to 2021-01-01 00:00:00+00:00, run_after=2021-01-01 00:00:00+00:00
[2024-11-13T00:04:01.283+0000] {processor.py:208} INFO - Processing /home/airflow/.local/lib/python3.12/site-packages/airflow/example_dags/example_trigger_controller_dag.py took 0.088 seconds
[2024-11-13T00:04:31.655+0000] {processor.py:186} INFO - Started process (PID=11421) to work on /home/airflow/.local/lib/python3.12/site-packages/airflow/example_dags/example_trigger_controller_dag.py
[2024-11-13T00:04:31.656+0000] {processor.py:914} INFO - Processing file /home/airflow/.local/lib/python3.12/site-packages/airflow/example_dags/example_trigger_controller_dag.py for tasks to queue
[2024-11-13T00:04:31.657+0000] {logging_mixin.py:190} INFO - [2024-11-13T00:04:31.657+0000] {dagbag.py:588} INFO - Filling up the DagBag from /home/airflow/.local/lib/python3.12/site-packages/airflow/example_dags/example_trigger_controller_dag.py
[2024-11-13T00:04:31.667+0000] {processor.py:925} INFO - DAG(s) 'example_trigger_controller_dag' retrieved from /home/airflow/.local/lib/python3.12/site-packages/airflow/example_dags/example_trigger_controller_dag.py
[2024-11-13T00:04:31.689+0000] {logging_mixin.py:190} INFO - [2024-11-13T00:04:31.689+0000] {dag.py:3239} INFO - Sync 1 DAGs
[2024-11-13T00:04:31.718+0000] {logging_mixin.py:190} INFO - [2024-11-13T00:04:31.718+0000] {dag.py:4180} INFO - Setting next_dagrun for example_trigger_controller_dag to 2021-01-01 00:00:00+00:00, run_after=2021-01-01 00:00:00+00:00
[2024-11-13T00:04:31.743+0000] {processor.py:208} INFO - Processing /home/airflow/.local/lib/python3.12/site-packages/airflow/example_dags/example_trigger_controller_dag.py took 0.097 seconds
[2024-11-13T00:05:01.966+0000] {processor.py:186} INFO - Started process (PID=11485) to work on /home/airflow/.local/lib/python3.12/site-packages/airflow/example_dags/example_trigger_controller_dag.py
[2024-11-13T00:05:01.967+0000] {processor.py:914} INFO - Processing file /home/airflow/.local/lib/python3.12/site-packages/airflow/example_dags/example_trigger_controller_dag.py for tasks to queue
[2024-11-13T00:05:01.968+0000] {logging_mixin.py:190} INFO - [2024-11-13T00:05:01.968+0000] {dagbag.py:588} INFO - Filling up the DagBag from /home/airflow/.local/lib/python3.12/site-packages/airflow/example_dags/example_trigger_controller_dag.py
[2024-11-13T00:05:01.975+0000] {processor.py:925} INFO - DAG(s) 'example_trigger_controller_dag' retrieved from /home/airflow/.local/lib/python3.12/site-packages/airflow/example_dags/example_trigger_controller_dag.py
[2024-11-13T00:05:01.996+0000] {logging_mixin.py:190} INFO - [2024-11-13T00:05:01.996+0000] {dag.py:3239} INFO - Sync 1 DAGs
[2024-11-13T00:05:02.020+0000] {logging_mixin.py:190} INFO - [2024-11-13T00:05:02.020+0000] {dag.py:4180} INFO - Setting next_dagrun for example_trigger_controller_dag to 2021-01-01 00:00:00+00:00, run_after=2021-01-01 00:00:00+00:00
[2024-11-13T00:05:02.053+0000] {processor.py:208} INFO - Processing /home/airflow/.local/lib/python3.12/site-packages/airflow/example_dags/example_trigger_controller_dag.py took 0.096 seconds
[2024-11-13T00:05:32.396+0000] {processor.py:186} INFO - Started process (PID=11549) to work on /home/airflow/.local/lib/python3.12/site-packages/airflow/example_dags/example_trigger_controller_dag.py
[2024-11-13T00:05:32.397+0000] {processor.py:914} INFO - Processing file /home/airflow/.local/lib/python3.12/site-packages/airflow/example_dags/example_trigger_controller_dag.py for tasks to queue
[2024-11-13T00:05:32.399+0000] {logging_mixin.py:190} INFO - [2024-11-13T00:05:32.399+0000] {dagbag.py:588} INFO - Filling up the DagBag from /home/airflow/.local/lib/python3.12/site-packages/airflow/example_dags/example_trigger_controller_dag.py
[2024-11-13T00:05:32.409+0000] {processor.py:925} INFO - DAG(s) 'example_trigger_controller_dag' retrieved from /home/airflow/.local/lib/python3.12/site-packages/airflow/example_dags/example_trigger_controller_dag.py
[2024-11-13T00:05:32.439+0000] {logging_mixin.py:190} INFO - [2024-11-13T00:05:32.437+0000] {dag.py:3239} INFO - Sync 1 DAGs
[2024-11-13T00:05:32.490+0000] {logging_mixin.py:190} INFO - [2024-11-13T00:05:32.488+0000] {dag.py:4180} INFO - Setting next_dagrun for example_trigger_controller_dag to 2021-01-01 00:00:00+00:00, run_after=2021-01-01 00:00:00+00:00
[2024-11-13T00:05:32.538+0000] {processor.py:208} INFO - Processing /home/airflow/.local/lib/python3.12/site-packages/airflow/example_dags/example_trigger_controller_dag.py took 0.150 seconds
[2024-11-13T00:06:02.697+0000] {processor.py:186} INFO - Started process (PID=11614) to work on /home/airflow/.local/lib/python3.12/site-packages/airflow/example_dags/example_trigger_controller_dag.py
[2024-11-13T00:06:02.698+0000] {processor.py:914} INFO - Processing file /home/airflow/.local/lib/python3.12/site-packages/airflow/example_dags/example_trigger_controller_dag.py for tasks to queue
[2024-11-13T00:06:02.701+0000] {logging_mixin.py:190} INFO - [2024-11-13T00:06:02.701+0000] {dagbag.py:588} INFO - Filling up the DagBag from /home/airflow/.local/lib/python3.12/site-packages/airflow/example_dags/example_trigger_controller_dag.py
[2024-11-13T00:06:02.709+0000] {processor.py:925} INFO - DAG(s) 'example_trigger_controller_dag' retrieved from /home/airflow/.local/lib/python3.12/site-packages/airflow/example_dags/example_trigger_controller_dag.py
[2024-11-13T00:06:02.731+0000] {logging_mixin.py:190} INFO - [2024-11-13T00:06:02.730+0000] {dag.py:3239} INFO - Sync 1 DAGs
[2024-11-13T00:06:02.763+0000] {logging_mixin.py:190} INFO - [2024-11-13T00:06:02.763+0000] {dag.py:4180} INFO - Setting next_dagrun for example_trigger_controller_dag to 2021-01-01 00:00:00+00:00, run_after=2021-01-01 00:00:00+00:00
[2024-11-13T00:06:02.792+0000] {processor.py:208} INFO - Processing /home/airflow/.local/lib/python3.12/site-packages/airflow/example_dags/example_trigger_controller_dag.py took 0.102 seconds
[2024-11-13T00:06:33.434+0000] {processor.py:186} INFO - Started process (PID=11677) to work on /home/airflow/.local/lib/python3.12/site-packages/airflow/example_dags/example_trigger_controller_dag.py
[2024-11-13T00:06:33.435+0000] {processor.py:914} INFO - Processing file /home/airflow/.local/lib/python3.12/site-packages/airflow/example_dags/example_trigger_controller_dag.py for tasks to queue
[2024-11-13T00:06:33.437+0000] {logging_mixin.py:190} INFO - [2024-11-13T00:06:33.437+0000] {dagbag.py:588} INFO - Filling up the DagBag from /home/airflow/.local/lib/python3.12/site-packages/airflow/example_dags/example_trigger_controller_dag.py
[2024-11-13T00:06:33.449+0000] {processor.py:925} INFO - DAG(s) 'example_trigger_controller_dag' retrieved from /home/airflow/.local/lib/python3.12/site-packages/airflow/example_dags/example_trigger_controller_dag.py
[2024-11-13T00:06:33.480+0000] {logging_mixin.py:190} INFO - [2024-11-13T00:06:33.479+0000] {dag.py:3239} INFO - Sync 1 DAGs
[2024-11-13T00:06:33.515+0000] {logging_mixin.py:190} INFO - [2024-11-13T00:06:33.515+0000] {dag.py:4180} INFO - Setting next_dagrun for example_trigger_controller_dag to 2021-01-01 00:00:00+00:00, run_after=2021-01-01 00:00:00+00:00
[2024-11-13T00:06:33.549+0000] {processor.py:208} INFO - Processing /home/airflow/.local/lib/python3.12/site-packages/airflow/example_dags/example_trigger_controller_dag.py took 0.127 seconds
[2024-11-13T00:07:03.635+0000] {processor.py:186} INFO - Started process (PID=11741) to work on /home/airflow/.local/lib/python3.12/site-packages/airflow/example_dags/example_trigger_controller_dag.py
[2024-11-13T00:07:03.637+0000] {processor.py:914} INFO - Processing file /home/airflow/.local/lib/python3.12/site-packages/airflow/example_dags/example_trigger_controller_dag.py for tasks to queue
[2024-11-13T00:07:03.638+0000] {logging_mixin.py:190} INFO - [2024-11-13T00:07:03.638+0000] {dagbag.py:588} INFO - Filling up the DagBag from /home/airflow/.local/lib/python3.12/site-packages/airflow/example_dags/example_trigger_controller_dag.py
[2024-11-13T00:07:03.647+0000] {processor.py:925} INFO - DAG(s) 'example_trigger_controller_dag' retrieved from /home/airflow/.local/lib/python3.12/site-packages/airflow/example_dags/example_trigger_controller_dag.py
[2024-11-13T00:07:03.670+0000] {logging_mixin.py:190} INFO - [2024-11-13T00:07:03.670+0000] {dag.py:3239} INFO - Sync 1 DAGs
[2024-11-13T00:07:03.693+0000] {logging_mixin.py:190} INFO - [2024-11-13T00:07:03.693+0000] {dag.py:4180} INFO - Setting next_dagrun for example_trigger_controller_dag to 2021-01-01 00:00:00+00:00, run_after=2021-01-01 00:00:00+00:00
[2024-11-13T00:07:03.718+0000] {processor.py:208} INFO - Processing /home/airflow/.local/lib/python3.12/site-packages/airflow/example_dags/example_trigger_controller_dag.py took 0.090 seconds
[2024-11-13T00:07:34.580+0000] {processor.py:186} INFO - Started process (PID=11805) to work on /home/airflow/.local/lib/python3.12/site-packages/airflow/example_dags/example_trigger_controller_dag.py
[2024-11-13T00:07:34.581+0000] {processor.py:914} INFO - Processing file /home/airflow/.local/lib/python3.12/site-packages/airflow/example_dags/example_trigger_controller_dag.py for tasks to queue
[2024-11-13T00:07:34.583+0000] {logging_mixin.py:190} INFO - [2024-11-13T00:07:34.583+0000] {dagbag.py:588} INFO - Filling up the DagBag from /home/airflow/.local/lib/python3.12/site-packages/airflow/example_dags/example_trigger_controller_dag.py
[2024-11-13T00:07:34.590+0000] {processor.py:925} INFO - DAG(s) 'example_trigger_controller_dag' retrieved from /home/airflow/.local/lib/python3.12/site-packages/airflow/example_dags/example_trigger_controller_dag.py
[2024-11-13T00:07:34.612+0000] {logging_mixin.py:190} INFO - [2024-11-13T00:07:34.612+0000] {dag.py:3239} INFO - Sync 1 DAGs
[2024-11-13T00:07:34.647+0000] {logging_mixin.py:190} INFO - [2024-11-13T00:07:34.647+0000] {dag.py:4180} INFO - Setting next_dagrun for example_trigger_controller_dag to 2021-01-01 00:00:00+00:00, run_after=2021-01-01 00:00:00+00:00
[2024-11-13T00:07:34.679+0000] {processor.py:208} INFO - Processing /home/airflow/.local/lib/python3.12/site-packages/airflow/example_dags/example_trigger_controller_dag.py took 0.109 seconds
[2024-11-13T00:08:05.470+0000] {processor.py:186} INFO - Started process (PID=11875) to work on /home/airflow/.local/lib/python3.12/site-packages/airflow/example_dags/example_trigger_controller_dag.py
[2024-11-13T00:08:05.471+0000] {processor.py:914} INFO - Processing file /home/airflow/.local/lib/python3.12/site-packages/airflow/example_dags/example_trigger_controller_dag.py for tasks to queue
[2024-11-13T00:08:05.472+0000] {logging_mixin.py:190} INFO - [2024-11-13T00:08:05.472+0000] {dagbag.py:588} INFO - Filling up the DagBag from /home/airflow/.local/lib/python3.12/site-packages/airflow/example_dags/example_trigger_controller_dag.py
[2024-11-13T00:08:05.480+0000] {processor.py:925} INFO - DAG(s) 'example_trigger_controller_dag' retrieved from /home/airflow/.local/lib/python3.12/site-packages/airflow/example_dags/example_trigger_controller_dag.py
[2024-11-13T00:08:05.500+0000] {logging_mixin.py:190} INFO - [2024-11-13T00:08:05.500+0000] {dag.py:3239} INFO - Sync 1 DAGs
[2024-11-13T00:08:05.524+0000] {logging_mixin.py:190} INFO - [2024-11-13T00:08:05.523+0000] {dag.py:4180} INFO - Setting next_dagrun for example_trigger_controller_dag to 2021-01-01 00:00:00+00:00, run_after=2021-01-01 00:00:00+00:00
[2024-11-13T00:08:05.547+0000] {processor.py:208} INFO - Processing /home/airflow/.local/lib/python3.12/site-packages/airflow/example_dags/example_trigger_controller_dag.py took 0.084 seconds
[2024-11-13T00:08:37.329+0000] {processor.py:186} INFO - Started process (PID=11939) to work on /home/airflow/.local/lib/python3.12/site-packages/airflow/example_dags/example_trigger_controller_dag.py
[2024-11-13T00:08:37.330+0000] {processor.py:914} INFO - Processing file /home/airflow/.local/lib/python3.12/site-packages/airflow/example_dags/example_trigger_controller_dag.py for tasks to queue
[2024-11-13T00:08:37.331+0000] {logging_mixin.py:190} INFO - [2024-11-13T00:08:37.331+0000] {dagbag.py:588} INFO - Filling up the DagBag from /home/airflow/.local/lib/python3.12/site-packages/airflow/example_dags/example_trigger_controller_dag.py
[2024-11-13T00:08:37.343+0000] {processor.py:925} INFO - DAG(s) 'example_trigger_controller_dag' retrieved from /home/airflow/.local/lib/python3.12/site-packages/airflow/example_dags/example_trigger_controller_dag.py
[2024-11-13T00:08:37.365+0000] {logging_mixin.py:190} INFO - [2024-11-13T00:08:37.365+0000] {dag.py:3239} INFO - Sync 1 DAGs
[2024-11-13T00:08:37.396+0000] {logging_mixin.py:190} INFO - [2024-11-13T00:08:37.396+0000] {dag.py:4180} INFO - Setting next_dagrun for example_trigger_controller_dag to 2021-01-01 00:00:00+00:00, run_after=2021-01-01 00:00:00+00:00
[2024-11-13T00:08:37.425+0000] {processor.py:208} INFO - Processing /home/airflow/.local/lib/python3.12/site-packages/airflow/example_dags/example_trigger_controller_dag.py took 0.106 seconds
[2024-11-13T00:09:08.143+0000] {processor.py:186} INFO - Started process (PID=12003) to work on /home/airflow/.local/lib/python3.12/site-packages/airflow/example_dags/example_trigger_controller_dag.py
[2024-11-13T00:09:08.144+0000] {processor.py:914} INFO - Processing file /home/airflow/.local/lib/python3.12/site-packages/airflow/example_dags/example_trigger_controller_dag.py for tasks to queue
[2024-11-13T00:09:08.145+0000] {logging_mixin.py:190} INFO - [2024-11-13T00:09:08.145+0000] {dagbag.py:588} INFO - Filling up the DagBag from /home/airflow/.local/lib/python3.12/site-packages/airflow/example_dags/example_trigger_controller_dag.py
[2024-11-13T00:09:08.157+0000] {processor.py:925} INFO - DAG(s) 'example_trigger_controller_dag' retrieved from /home/airflow/.local/lib/python3.12/site-packages/airflow/example_dags/example_trigger_controller_dag.py
[2024-11-13T00:09:08.183+0000] {logging_mixin.py:190} INFO - [2024-11-13T00:09:08.181+0000] {dag.py:3239} INFO - Sync 1 DAGs
[2024-11-13T00:09:08.209+0000] {logging_mixin.py:190} INFO - [2024-11-13T00:09:08.209+0000] {dag.py:4180} INFO - Setting next_dagrun for example_trigger_controller_dag to 2021-01-01 00:00:00+00:00, run_after=2021-01-01 00:00:00+00:00
[2024-11-13T00:09:08.241+0000] {processor.py:208} INFO - Processing /home/airflow/.local/lib/python3.12/site-packages/airflow/example_dags/example_trigger_controller_dag.py took 0.107 seconds
[2024-11-13T00:09:38.395+0000] {processor.py:186} INFO - Started process (PID=12067) to work on /home/airflow/.local/lib/python3.12/site-packages/airflow/example_dags/example_trigger_controller_dag.py
[2024-11-13T00:09:38.396+0000] {processor.py:914} INFO - Processing file /home/airflow/.local/lib/python3.12/site-packages/airflow/example_dags/example_trigger_controller_dag.py for tasks to queue
[2024-11-13T00:09:38.397+0000] {logging_mixin.py:190} INFO - [2024-11-13T00:09:38.397+0000] {dagbag.py:588} INFO - Filling up the DagBag from /home/airflow/.local/lib/python3.12/site-packages/airflow/example_dags/example_trigger_controller_dag.py
[2024-11-13T00:09:38.406+0000] {processor.py:925} INFO - DAG(s) 'example_trigger_controller_dag' retrieved from /home/airflow/.local/lib/python3.12/site-packages/airflow/example_dags/example_trigger_controller_dag.py
[2024-11-13T00:09:38.434+0000] {logging_mixin.py:190} INFO - [2024-11-13T00:09:38.433+0000] {dag.py:3239} INFO - Sync 1 DAGs
[2024-11-13T00:09:38.459+0000] {logging_mixin.py:190} INFO - [2024-11-13T00:09:38.458+0000] {dag.py:4180} INFO - Setting next_dagrun for example_trigger_controller_dag to 2021-01-01 00:00:00+00:00, run_after=2021-01-01 00:00:00+00:00
[2024-11-13T00:09:38.485+0000] {processor.py:208} INFO - Processing /home/airflow/.local/lib/python3.12/site-packages/airflow/example_dags/example_trigger_controller_dag.py took 0.101 seconds
[2024-11-13T00:10:08.686+0000] {processor.py:186} INFO - Started process (PID=12131) to work on /home/airflow/.local/lib/python3.12/site-packages/airflow/example_dags/example_trigger_controller_dag.py
[2024-11-13T00:10:08.686+0000] {processor.py:914} INFO - Processing file /home/airflow/.local/lib/python3.12/site-packages/airflow/example_dags/example_trigger_controller_dag.py for tasks to queue
[2024-11-13T00:10:08.688+0000] {logging_mixin.py:190} INFO - [2024-11-13T00:10:08.687+0000] {dagbag.py:588} INFO - Filling up the DagBag from /home/airflow/.local/lib/python3.12/site-packages/airflow/example_dags/example_trigger_controller_dag.py
[2024-11-13T00:10:08.697+0000] {processor.py:925} INFO - DAG(s) 'example_trigger_controller_dag' retrieved from /home/airflow/.local/lib/python3.12/site-packages/airflow/example_dags/example_trigger_controller_dag.py
[2024-11-13T00:10:08.721+0000] {logging_mixin.py:190} INFO - [2024-11-13T00:10:08.721+0000] {dag.py:3239} INFO - Sync 1 DAGs
[2024-11-13T00:10:08.746+0000] {logging_mixin.py:190} INFO - [2024-11-13T00:10:08.746+0000] {dag.py:4180} INFO - Setting next_dagrun for example_trigger_controller_dag to 2021-01-01 00:00:00+00:00, run_after=2021-01-01 00:00:00+00:00
[2024-11-13T00:10:08.777+0000] {processor.py:208} INFO - Processing /home/airflow/.local/lib/python3.12/site-packages/airflow/example_dags/example_trigger_controller_dag.py took 0.100 seconds
[2024-11-13T00:10:39.094+0000] {processor.py:186} INFO - Started process (PID=12195) to work on /home/airflow/.local/lib/python3.12/site-packages/airflow/example_dags/example_trigger_controller_dag.py
[2024-11-13T00:10:39.096+0000] {processor.py:914} INFO - Processing file /home/airflow/.local/lib/python3.12/site-packages/airflow/example_dags/example_trigger_controller_dag.py for tasks to queue
[2024-11-13T00:10:39.100+0000] {logging_mixin.py:190} INFO - [2024-11-13T00:10:39.099+0000] {dagbag.py:588} INFO - Filling up the DagBag from /home/airflow/.local/lib/python3.12/site-packages/airflow/example_dags/example_trigger_controller_dag.py
[2024-11-13T00:10:39.107+0000] {processor.py:925} INFO - DAG(s) 'example_trigger_controller_dag' retrieved from /home/airflow/.local/lib/python3.12/site-packages/airflow/example_dags/example_trigger_controller_dag.py
[2024-11-13T00:10:39.127+0000] {logging_mixin.py:190} INFO - [2024-11-13T00:10:39.127+0000] {dag.py:3239} INFO - Sync 1 DAGs
[2024-11-13T00:10:39.155+0000] {logging_mixin.py:190} INFO - [2024-11-13T00:10:39.155+0000] {dag.py:4180} INFO - Setting next_dagrun for example_trigger_controller_dag to 2021-01-01 00:00:00+00:00, run_after=2021-01-01 00:00:00+00:00
[2024-11-13T00:10:39.186+0000] {processor.py:208} INFO - Processing /home/airflow/.local/lib/python3.12/site-packages/airflow/example_dags/example_trigger_controller_dag.py took 0.099 seconds
[2024-11-13T00:11:09.385+0000] {processor.py:186} INFO - Started process (PID=12259) to work on /home/airflow/.local/lib/python3.12/site-packages/airflow/example_dags/example_trigger_controller_dag.py
[2024-11-13T00:11:09.386+0000] {processor.py:914} INFO - Processing file /home/airflow/.local/lib/python3.12/site-packages/airflow/example_dags/example_trigger_controller_dag.py for tasks to queue
[2024-11-13T00:11:09.387+0000] {logging_mixin.py:190} INFO - [2024-11-13T00:11:09.387+0000] {dagbag.py:588} INFO - Filling up the DagBag from /home/airflow/.local/lib/python3.12/site-packages/airflow/example_dags/example_trigger_controller_dag.py
[2024-11-13T00:11:09.394+0000] {processor.py:925} INFO - DAG(s) 'example_trigger_controller_dag' retrieved from /home/airflow/.local/lib/python3.12/site-packages/airflow/example_dags/example_trigger_controller_dag.py
[2024-11-13T00:11:09.414+0000] {logging_mixin.py:190} INFO - [2024-11-13T00:11:09.414+0000] {dag.py:3239} INFO - Sync 1 DAGs
[2024-11-13T00:11:09.434+0000] {logging_mixin.py:190} INFO - [2024-11-13T00:11:09.434+0000] {dag.py:4180} INFO - Setting next_dagrun for example_trigger_controller_dag to 2021-01-01 00:00:00+00:00, run_after=2021-01-01 00:00:00+00:00
[2024-11-13T00:11:09.456+0000] {processor.py:208} INFO - Processing /home/airflow/.local/lib/python3.12/site-packages/airflow/example_dags/example_trigger_controller_dag.py took 0.078 seconds
[2024-11-13T00:11:39.569+0000] {processor.py:186} INFO - Started process (PID=12323) to work on /home/airflow/.local/lib/python3.12/site-packages/airflow/example_dags/example_trigger_controller_dag.py
[2024-11-13T00:11:39.570+0000] {processor.py:914} INFO - Processing file /home/airflow/.local/lib/python3.12/site-packages/airflow/example_dags/example_trigger_controller_dag.py for tasks to queue
[2024-11-13T00:11:39.572+0000] {logging_mixin.py:190} INFO - [2024-11-13T00:11:39.571+0000] {dagbag.py:588} INFO - Filling up the DagBag from /home/airflow/.local/lib/python3.12/site-packages/airflow/example_dags/example_trigger_controller_dag.py
[2024-11-13T00:11:39.579+0000] {processor.py:925} INFO - DAG(s) 'example_trigger_controller_dag' retrieved from /home/airflow/.local/lib/python3.12/site-packages/airflow/example_dags/example_trigger_controller_dag.py
[2024-11-13T00:11:39.600+0000] {logging_mixin.py:190} INFO - [2024-11-13T00:11:39.600+0000] {dag.py:3239} INFO - Sync 1 DAGs
[2024-11-13T00:11:39.621+0000] {logging_mixin.py:190} INFO - [2024-11-13T00:11:39.621+0000] {dag.py:4180} INFO - Setting next_dagrun for example_trigger_controller_dag to 2021-01-01 00:00:00+00:00, run_after=2021-01-01 00:00:00+00:00
[2024-11-13T00:11:39.644+0000] {processor.py:208} INFO - Processing /home/airflow/.local/lib/python3.12/site-packages/airflow/example_dags/example_trigger_controller_dag.py took 0.082 seconds
[2024-11-13T00:12:10.196+0000] {processor.py:186} INFO - Started process (PID=12387) to work on /home/airflow/.local/lib/python3.12/site-packages/airflow/example_dags/example_trigger_controller_dag.py
[2024-11-13T00:12:10.197+0000] {processor.py:914} INFO - Processing file /home/airflow/.local/lib/python3.12/site-packages/airflow/example_dags/example_trigger_controller_dag.py for tasks to queue
[2024-11-13T00:12:10.199+0000] {logging_mixin.py:190} INFO - [2024-11-13T00:12:10.198+0000] {dagbag.py:588} INFO - Filling up the DagBag from /home/airflow/.local/lib/python3.12/site-packages/airflow/example_dags/example_trigger_controller_dag.py
[2024-11-13T00:12:10.207+0000] {processor.py:925} INFO - DAG(s) 'example_trigger_controller_dag' retrieved from /home/airflow/.local/lib/python3.12/site-packages/airflow/example_dags/example_trigger_controller_dag.py
[2024-11-13T00:12:10.229+0000] {logging_mixin.py:190} INFO - [2024-11-13T00:12:10.229+0000] {dag.py:3239} INFO - Sync 1 DAGs
[2024-11-13T00:12:10.252+0000] {logging_mixin.py:190} INFO - [2024-11-13T00:12:10.251+0000] {dag.py:4180} INFO - Setting next_dagrun for example_trigger_controller_dag to 2021-01-01 00:00:00+00:00, run_after=2021-01-01 00:00:00+00:00
[2024-11-13T00:12:10.275+0000] {processor.py:208} INFO - Processing /home/airflow/.local/lib/python3.12/site-packages/airflow/example_dags/example_trigger_controller_dag.py took 0.087 seconds
[2024-11-13T00:12:41.185+0000] {processor.py:186} INFO - Started process (PID=12449) to work on /home/airflow/.local/lib/python3.12/site-packages/airflow/example_dags/example_trigger_controller_dag.py
[2024-11-13T00:12:41.186+0000] {processor.py:914} INFO - Processing file /home/airflow/.local/lib/python3.12/site-packages/airflow/example_dags/example_trigger_controller_dag.py for tasks to queue
[2024-11-13T00:12:41.188+0000] {logging_mixin.py:190} INFO - [2024-11-13T00:12:41.187+0000] {dagbag.py:588} INFO - Filling up the DagBag from /home/airflow/.local/lib/python3.12/site-packages/airflow/example_dags/example_trigger_controller_dag.py
[2024-11-13T00:12:41.194+0000] {processor.py:925} INFO - DAG(s) 'example_trigger_controller_dag' retrieved from /home/airflow/.local/lib/python3.12/site-packages/airflow/example_dags/example_trigger_controller_dag.py
[2024-11-13T00:12:41.214+0000] {logging_mixin.py:190} INFO - [2024-11-13T00:12:41.214+0000] {dag.py:3239} INFO - Sync 1 DAGs
[2024-11-13T00:12:41.234+0000] {logging_mixin.py:190} INFO - [2024-11-13T00:12:41.234+0000] {dag.py:4180} INFO - Setting next_dagrun for example_trigger_controller_dag to 2021-01-01 00:00:00+00:00, run_after=2021-01-01 00:00:00+00:00
[2024-11-13T00:12:41.257+0000] {processor.py:208} INFO - Processing /home/airflow/.local/lib/python3.12/site-packages/airflow/example_dags/example_trigger_controller_dag.py took 0.079 seconds
[2024-11-13T00:13:11.668+0000] {processor.py:186} INFO - Started process (PID=12514) to work on /home/airflow/.local/lib/python3.12/site-packages/airflow/example_dags/example_trigger_controller_dag.py
[2024-11-13T00:13:11.669+0000] {processor.py:914} INFO - Processing file /home/airflow/.local/lib/python3.12/site-packages/airflow/example_dags/example_trigger_controller_dag.py for tasks to queue
[2024-11-13T00:13:11.670+0000] {logging_mixin.py:190} INFO - [2024-11-13T00:13:11.670+0000] {dagbag.py:588} INFO - Filling up the DagBag from /home/airflow/.local/lib/python3.12/site-packages/airflow/example_dags/example_trigger_controller_dag.py
[2024-11-13T00:13:11.678+0000] {processor.py:925} INFO - DAG(s) 'example_trigger_controller_dag' retrieved from /home/airflow/.local/lib/python3.12/site-packages/airflow/example_dags/example_trigger_controller_dag.py
[2024-11-13T00:13:11.700+0000] {logging_mixin.py:190} INFO - [2024-11-13T00:13:11.700+0000] {dag.py:3239} INFO - Sync 1 DAGs
[2024-11-13T00:13:11.732+0000] {logging_mixin.py:190} INFO - [2024-11-13T00:13:11.731+0000] {dag.py:4180} INFO - Setting next_dagrun for example_trigger_controller_dag to 2021-01-01 00:00:00+00:00, run_after=2021-01-01 00:00:00+00:00
[2024-11-13T00:13:11.755+0000] {processor.py:208} INFO - Processing /home/airflow/.local/lib/python3.12/site-packages/airflow/example_dags/example_trigger_controller_dag.py took 0.097 seconds
[2024-11-13T00:13:42.274+0000] {processor.py:186} INFO - Started process (PID=12578) to work on /home/airflow/.local/lib/python3.12/site-packages/airflow/example_dags/example_trigger_controller_dag.py
[2024-11-13T00:13:42.275+0000] {processor.py:914} INFO - Processing file /home/airflow/.local/lib/python3.12/site-packages/airflow/example_dags/example_trigger_controller_dag.py for tasks to queue
[2024-11-13T00:13:42.277+0000] {logging_mixin.py:190} INFO - [2024-11-13T00:13:42.276+0000] {dagbag.py:588} INFO - Filling up the DagBag from /home/airflow/.local/lib/python3.12/site-packages/airflow/example_dags/example_trigger_controller_dag.py
[2024-11-13T00:13:42.285+0000] {processor.py:925} INFO - DAG(s) 'example_trigger_controller_dag' retrieved from /home/airflow/.local/lib/python3.12/site-packages/airflow/example_dags/example_trigger_controller_dag.py
[2024-11-13T00:13:42.312+0000] {logging_mixin.py:190} INFO - [2024-11-13T00:13:42.312+0000] {dag.py:3239} INFO - Sync 1 DAGs
[2024-11-13T00:13:42.334+0000] {logging_mixin.py:190} INFO - [2024-11-13T00:13:42.334+0000] {dag.py:4180} INFO - Setting next_dagrun for example_trigger_controller_dag to 2021-01-01 00:00:00+00:00, run_after=2021-01-01 00:00:00+00:00
[2024-11-13T00:13:42.358+0000] {processor.py:208} INFO - Processing /home/airflow/.local/lib/python3.12/site-packages/airflow/example_dags/example_trigger_controller_dag.py took 0.092 seconds
[2024-11-13T00:14:12.572+0000] {processor.py:186} INFO - Started process (PID=12642) to work on /home/airflow/.local/lib/python3.12/site-packages/airflow/example_dags/example_trigger_controller_dag.py
[2024-11-13T00:14:12.573+0000] {processor.py:914} INFO - Processing file /home/airflow/.local/lib/python3.12/site-packages/airflow/example_dags/example_trigger_controller_dag.py for tasks to queue
[2024-11-13T00:14:12.574+0000] {logging_mixin.py:190} INFO - [2024-11-13T00:14:12.574+0000] {dagbag.py:588} INFO - Filling up the DagBag from /home/airflow/.local/lib/python3.12/site-packages/airflow/example_dags/example_trigger_controller_dag.py
[2024-11-13T00:14:12.582+0000] {processor.py:925} INFO - DAG(s) 'example_trigger_controller_dag' retrieved from /home/airflow/.local/lib/python3.12/site-packages/airflow/example_dags/example_trigger_controller_dag.py
[2024-11-13T00:14:12.604+0000] {logging_mixin.py:190} INFO - [2024-11-13T00:14:12.604+0000] {dag.py:3239} INFO - Sync 1 DAGs
[2024-11-13T00:14:12.631+0000] {logging_mixin.py:190} INFO - [2024-11-13T00:14:12.630+0000] {dag.py:4180} INFO - Setting next_dagrun for example_trigger_controller_dag to 2021-01-01 00:00:00+00:00, run_after=2021-01-01 00:00:00+00:00
[2024-11-13T00:14:12.655+0000] {processor.py:208} INFO - Processing /home/airflow/.local/lib/python3.12/site-packages/airflow/example_dags/example_trigger_controller_dag.py took 0.092 seconds
[2024-11-13T00:14:42.943+0000] {processor.py:186} INFO - Started process (PID=12706) to work on /home/airflow/.local/lib/python3.12/site-packages/airflow/example_dags/example_trigger_controller_dag.py
[2024-11-13T00:14:42.944+0000] {processor.py:914} INFO - Processing file /home/airflow/.local/lib/python3.12/site-packages/airflow/example_dags/example_trigger_controller_dag.py for tasks to queue
[2024-11-13T00:14:42.946+0000] {logging_mixin.py:190} INFO - [2024-11-13T00:14:42.945+0000] {dagbag.py:588} INFO - Filling up the DagBag from /home/airflow/.local/lib/python3.12/site-packages/airflow/example_dags/example_trigger_controller_dag.py
[2024-11-13T00:14:42.954+0000] {processor.py:925} INFO - DAG(s) 'example_trigger_controller_dag' retrieved from /home/airflow/.local/lib/python3.12/site-packages/airflow/example_dags/example_trigger_controller_dag.py
[2024-11-13T00:14:42.972+0000] {logging_mixin.py:190} INFO - [2024-11-13T00:14:42.972+0000] {dag.py:3239} INFO - Sync 1 DAGs
[2024-11-13T00:14:42.996+0000] {logging_mixin.py:190} INFO - [2024-11-13T00:14:42.996+0000] {dag.py:4180} INFO - Setting next_dagrun for example_trigger_controller_dag to 2021-01-01 00:00:00+00:00, run_after=2021-01-01 00:00:00+00:00
[2024-11-13T00:14:43.021+0000] {processor.py:208} INFO - Processing /home/airflow/.local/lib/python3.12/site-packages/airflow/example_dags/example_trigger_controller_dag.py took 0.086 seconds
[2024-11-13T00:15:13.417+0000] {processor.py:186} INFO - Started process (PID=12770) to work on /home/airflow/.local/lib/python3.12/site-packages/airflow/example_dags/example_trigger_controller_dag.py
[2024-11-13T00:15:13.418+0000] {processor.py:914} INFO - Processing file /home/airflow/.local/lib/python3.12/site-packages/airflow/example_dags/example_trigger_controller_dag.py for tasks to queue
[2024-11-13T00:15:13.420+0000] {logging_mixin.py:190} INFO - [2024-11-13T00:15:13.420+0000] {dagbag.py:588} INFO - Filling up the DagBag from /home/airflow/.local/lib/python3.12/site-packages/airflow/example_dags/example_trigger_controller_dag.py
[2024-11-13T00:15:13.427+0000] {processor.py:925} INFO - DAG(s) 'example_trigger_controller_dag' retrieved from /home/airflow/.local/lib/python3.12/site-packages/airflow/example_dags/example_trigger_controller_dag.py
[2024-11-13T00:15:13.448+0000] {logging_mixin.py:190} INFO - [2024-11-13T00:15:13.448+0000] {dag.py:3239} INFO - Sync 1 DAGs
[2024-11-13T00:15:13.471+0000] {logging_mixin.py:190} INFO - [2024-11-13T00:15:13.470+0000] {dag.py:4180} INFO - Setting next_dagrun for example_trigger_controller_dag to 2021-01-01 00:00:00+00:00, run_after=2021-01-01 00:00:00+00:00
[2024-11-13T00:15:13.494+0000] {processor.py:208} INFO - Processing /home/airflow/.local/lib/python3.12/site-packages/airflow/example_dags/example_trigger_controller_dag.py took 0.086 seconds
[2024-11-13T00:15:43.832+0000] {processor.py:186} INFO - Started process (PID=12834) to work on /home/airflow/.local/lib/python3.12/site-packages/airflow/example_dags/example_trigger_controller_dag.py
[2024-11-13T00:15:43.833+0000] {processor.py:914} INFO - Processing file /home/airflow/.local/lib/python3.12/site-packages/airflow/example_dags/example_trigger_controller_dag.py for tasks to queue
[2024-11-13T00:15:43.834+0000] {logging_mixin.py:190} INFO - [2024-11-13T00:15:43.834+0000] {dagbag.py:588} INFO - Filling up the DagBag from /home/airflow/.local/lib/python3.12/site-packages/airflow/example_dags/example_trigger_controller_dag.py
[2024-11-13T00:15:43.842+0000] {processor.py:925} INFO - DAG(s) 'example_trigger_controller_dag' retrieved from /home/airflow/.local/lib/python3.12/site-packages/airflow/example_dags/example_trigger_controller_dag.py
[2024-11-13T00:15:43.862+0000] {logging_mixin.py:190} INFO - [2024-11-13T00:15:43.862+0000] {dag.py:3239} INFO - Sync 1 DAGs
[2024-11-13T00:15:43.885+0000] {logging_mixin.py:190} INFO - [2024-11-13T00:15:43.885+0000] {dag.py:4180} INFO - Setting next_dagrun for example_trigger_controller_dag to 2021-01-01 00:00:00+00:00, run_after=2021-01-01 00:00:00+00:00
[2024-11-13T00:15:43.914+0000] {processor.py:208} INFO - Processing /home/airflow/.local/lib/python3.12/site-packages/airflow/example_dags/example_trigger_controller_dag.py took 0.089 seconds
[2024-11-13T00:16:14.471+0000] {processor.py:186} INFO - Started process (PID=12899) to work on /home/airflow/.local/lib/python3.12/site-packages/airflow/example_dags/example_trigger_controller_dag.py
[2024-11-13T00:16:14.473+0000] {processor.py:914} INFO - Processing file /home/airflow/.local/lib/python3.12/site-packages/airflow/example_dags/example_trigger_controller_dag.py for tasks to queue
[2024-11-13T00:16:14.476+0000] {logging_mixin.py:190} INFO - [2024-11-13T00:16:14.476+0000] {dagbag.py:588} INFO - Filling up the DagBag from /home/airflow/.local/lib/python3.12/site-packages/airflow/example_dags/example_trigger_controller_dag.py
[2024-11-13T00:16:14.494+0000] {processor.py:925} INFO - DAG(s) 'example_trigger_controller_dag' retrieved from /home/airflow/.local/lib/python3.12/site-packages/airflow/example_dags/example_trigger_controller_dag.py
[2024-11-13T00:16:14.531+0000] {logging_mixin.py:190} INFO - [2024-11-13T00:16:14.530+0000] {dag.py:3239} INFO - Sync 1 DAGs
[2024-11-13T00:16:14.575+0000] {logging_mixin.py:190} INFO - [2024-11-13T00:16:14.574+0000] {dag.py:4180} INFO - Setting next_dagrun for example_trigger_controller_dag to 2021-01-01 00:00:00+00:00, run_after=2021-01-01 00:00:00+00:00
[2024-11-13T00:16:14.610+0000] {processor.py:208} INFO - Processing /home/airflow/.local/lib/python3.12/site-packages/airflow/example_dags/example_trigger_controller_dag.py took 0.152 seconds
[2024-11-13T00:16:45.114+0000] {processor.py:186} INFO - Started process (PID=12963) to work on /home/airflow/.local/lib/python3.12/site-packages/airflow/example_dags/example_trigger_controller_dag.py
[2024-11-13T00:16:45.115+0000] {processor.py:914} INFO - Processing file /home/airflow/.local/lib/python3.12/site-packages/airflow/example_dags/example_trigger_controller_dag.py for tasks to queue
[2024-11-13T00:16:45.117+0000] {logging_mixin.py:190} INFO - [2024-11-13T00:16:45.117+0000] {dagbag.py:588} INFO - Filling up the DagBag from /home/airflow/.local/lib/python3.12/site-packages/airflow/example_dags/example_trigger_controller_dag.py
[2024-11-13T00:16:45.135+0000] {processor.py:925} INFO - DAG(s) 'example_trigger_controller_dag' retrieved from /home/airflow/.local/lib/python3.12/site-packages/airflow/example_dags/example_trigger_controller_dag.py
[2024-11-13T00:16:45.178+0000] {logging_mixin.py:190} INFO - [2024-11-13T00:16:45.178+0000] {dag.py:3239} INFO - Sync 1 DAGs
[2024-11-13T00:16:45.235+0000] {logging_mixin.py:190} INFO - [2024-11-13T00:16:45.234+0000] {dag.py:4180} INFO - Setting next_dagrun for example_trigger_controller_dag to 2021-01-01 00:00:00+00:00, run_after=2021-01-01 00:00:00+00:00
[2024-11-13T00:16:45.270+0000] {processor.py:208} INFO - Processing /home/airflow/.local/lib/python3.12/site-packages/airflow/example_dags/example_trigger_controller_dag.py took 0.167 seconds
[2024-11-13T00:17:15.913+0000] {processor.py:186} INFO - Started process (PID=13027) to work on /home/airflow/.local/lib/python3.12/site-packages/airflow/example_dags/example_trigger_controller_dag.py
[2024-11-13T00:17:15.914+0000] {processor.py:914} INFO - Processing file /home/airflow/.local/lib/python3.12/site-packages/airflow/example_dags/example_trigger_controller_dag.py for tasks to queue
[2024-11-13T00:17:15.915+0000] {logging_mixin.py:190} INFO - [2024-11-13T00:17:15.915+0000] {dagbag.py:588} INFO - Filling up the DagBag from /home/airflow/.local/lib/python3.12/site-packages/airflow/example_dags/example_trigger_controller_dag.py
[2024-11-13T00:17:15.923+0000] {processor.py:925} INFO - DAG(s) 'example_trigger_controller_dag' retrieved from /home/airflow/.local/lib/python3.12/site-packages/airflow/example_dags/example_trigger_controller_dag.py
[2024-11-13T00:17:15.949+0000] {logging_mixin.py:190} INFO - [2024-11-13T00:17:15.949+0000] {dag.py:3239} INFO - Sync 1 DAGs
[2024-11-13T00:17:15.978+0000] {logging_mixin.py:190} INFO - [2024-11-13T00:17:15.978+0000] {dag.py:4180} INFO - Setting next_dagrun for example_trigger_controller_dag to 2021-01-01 00:00:00+00:00, run_after=2021-01-01 00:00:00+00:00
[2024-11-13T00:17:16.006+0000] {processor.py:208} INFO - Processing /home/airflow/.local/lib/python3.12/site-packages/airflow/example_dags/example_trigger_controller_dag.py took 0.100 seconds
[2024-11-13T00:17:46.074+0000] {processor.py:186} INFO - Started process (PID=13091) to work on /home/airflow/.local/lib/python3.12/site-packages/airflow/example_dags/example_trigger_controller_dag.py
[2024-11-13T00:17:46.075+0000] {processor.py:914} INFO - Processing file /home/airflow/.local/lib/python3.12/site-packages/airflow/example_dags/example_trigger_controller_dag.py for tasks to queue
[2024-11-13T00:17:46.078+0000] {logging_mixin.py:190} INFO - [2024-11-13T00:17:46.077+0000] {dagbag.py:588} INFO - Filling up the DagBag from /home/airflow/.local/lib/python3.12/site-packages/airflow/example_dags/example_trigger_controller_dag.py
[2024-11-13T00:17:46.090+0000] {processor.py:925} INFO - DAG(s) 'example_trigger_controller_dag' retrieved from /home/airflow/.local/lib/python3.12/site-packages/airflow/example_dags/example_trigger_controller_dag.py
[2024-11-13T00:17:46.114+0000] {logging_mixin.py:190} INFO - [2024-11-13T00:17:46.114+0000] {dag.py:3239} INFO - Sync 1 DAGs
[2024-11-13T00:17:46.147+0000] {logging_mixin.py:190} INFO - [2024-11-13T00:17:46.146+0000] {dag.py:4180} INFO - Setting next_dagrun for example_trigger_controller_dag to 2021-01-01 00:00:00+00:00, run_after=2021-01-01 00:00:00+00:00
[2024-11-13T00:17:46.181+0000] {processor.py:208} INFO - Processing /home/airflow/.local/lib/python3.12/site-packages/airflow/example_dags/example_trigger_controller_dag.py took 0.113 seconds
[2024-11-13T00:18:16.401+0000] {processor.py:186} INFO - Started process (PID=13154) to work on /home/airflow/.local/lib/python3.12/site-packages/airflow/example_dags/example_trigger_controller_dag.py
[2024-11-13T00:18:16.402+0000] {processor.py:914} INFO - Processing file /home/airflow/.local/lib/python3.12/site-packages/airflow/example_dags/example_trigger_controller_dag.py for tasks to queue
[2024-11-13T00:18:16.404+0000] {logging_mixin.py:190} INFO - [2024-11-13T00:18:16.403+0000] {dagbag.py:588} INFO - Filling up the DagBag from /home/airflow/.local/lib/python3.12/site-packages/airflow/example_dags/example_trigger_controller_dag.py
[2024-11-13T00:18:16.412+0000] {processor.py:925} INFO - DAG(s) 'example_trigger_controller_dag' retrieved from /home/airflow/.local/lib/python3.12/site-packages/airflow/example_dags/example_trigger_controller_dag.py
[2024-11-13T00:18:16.436+0000] {logging_mixin.py:190} INFO - [2024-11-13T00:18:16.435+0000] {dag.py:3239} INFO - Sync 1 DAGs
[2024-11-13T00:18:16.474+0000] {logging_mixin.py:190} INFO - [2024-11-13T00:18:16.474+0000] {dag.py:4180} INFO - Setting next_dagrun for example_trigger_controller_dag to 2021-01-01 00:00:00+00:00, run_after=2021-01-01 00:00:00+00:00
[2024-11-13T00:18:16.556+0000] {processor.py:208} INFO - Processing /home/airflow/.local/lib/python3.12/site-packages/airflow/example_dags/example_trigger_controller_dag.py took 0.163 seconds
[2024-11-13T00:18:47.575+0000] {processor.py:186} INFO - Started process (PID=13218) to work on /home/airflow/.local/lib/python3.12/site-packages/airflow/example_dags/example_trigger_controller_dag.py
[2024-11-13T00:18:47.576+0000] {processor.py:914} INFO - Processing file /home/airflow/.local/lib/python3.12/site-packages/airflow/example_dags/example_trigger_controller_dag.py for tasks to queue
[2024-11-13T00:18:47.578+0000] {logging_mixin.py:190} INFO - [2024-11-13T00:18:47.577+0000] {dagbag.py:588} INFO - Filling up the DagBag from /home/airflow/.local/lib/python3.12/site-packages/airflow/example_dags/example_trigger_controller_dag.py
[2024-11-13T00:18:47.585+0000] {processor.py:925} INFO - DAG(s) 'example_trigger_controller_dag' retrieved from /home/airflow/.local/lib/python3.12/site-packages/airflow/example_dags/example_trigger_controller_dag.py
[2024-11-13T00:18:47.607+0000] {logging_mixin.py:190} INFO - [2024-11-13T00:18:47.606+0000] {dag.py:3239} INFO - Sync 1 DAGs
[2024-11-13T00:18:47.651+0000] {logging_mixin.py:190} INFO - [2024-11-13T00:18:47.650+0000] {dag.py:4180} INFO - Setting next_dagrun for example_trigger_controller_dag to 2021-01-01 00:00:00+00:00, run_after=2021-01-01 00:00:00+00:00
[2024-11-13T00:18:47.684+0000] {processor.py:208} INFO - Processing /home/airflow/.local/lib/python3.12/site-packages/airflow/example_dags/example_trigger_controller_dag.py took 0.117 seconds
[2024-11-13T00:19:41.613+0000] {processor.py:186} INFO - Started process (PID=13300) to work on /home/airflow/.local/lib/python3.12/site-packages/airflow/example_dags/example_trigger_controller_dag.py
[2024-11-13T00:19:41.614+0000] {processor.py:914} INFO - Processing file /home/airflow/.local/lib/python3.12/site-packages/airflow/example_dags/example_trigger_controller_dag.py for tasks to queue
[2024-11-13T00:19:41.616+0000] {logging_mixin.py:190} INFO - [2024-11-13T00:19:41.615+0000] {dagbag.py:588} INFO - Filling up the DagBag from /home/airflow/.local/lib/python3.12/site-packages/airflow/example_dags/example_trigger_controller_dag.py
[2024-11-13T00:19:41.628+0000] {processor.py:925} INFO - DAG(s) 'example_trigger_controller_dag' retrieved from /home/airflow/.local/lib/python3.12/site-packages/airflow/example_dags/example_trigger_controller_dag.py
[2024-11-13T00:19:41.651+0000] {logging_mixin.py:190} INFO - [2024-11-13T00:19:41.651+0000] {dag.py:3239} INFO - Sync 1 DAGs
[2024-11-13T00:19:41.679+0000] {logging_mixin.py:190} INFO - [2024-11-13T00:19:41.679+0000] {dag.py:4180} INFO - Setting next_dagrun for example_trigger_controller_dag to 2021-01-01 00:00:00+00:00, run_after=2021-01-01 00:00:00+00:00
[2024-11-13T00:19:41.715+0000] {processor.py:208} INFO - Processing /home/airflow/.local/lib/python3.12/site-packages/airflow/example_dags/example_trigger_controller_dag.py took 0.112 seconds
[2024-11-13T00:20:14.080+0000] {processor.py:186} INFO - Started process (PID=13364) to work on /home/airflow/.local/lib/python3.12/site-packages/airflow/example_dags/example_trigger_controller_dag.py
[2024-11-13T00:20:14.081+0000] {processor.py:914} INFO - Processing file /home/airflow/.local/lib/python3.12/site-packages/airflow/example_dags/example_trigger_controller_dag.py for tasks to queue
[2024-11-13T00:20:14.083+0000] {logging_mixin.py:190} INFO - [2024-11-13T00:20:14.082+0000] {dagbag.py:588} INFO - Filling up the DagBag from /home/airflow/.local/lib/python3.12/site-packages/airflow/example_dags/example_trigger_controller_dag.py
[2024-11-13T00:20:14.105+0000] {processor.py:925} INFO - DAG(s) 'example_trigger_controller_dag' retrieved from /home/airflow/.local/lib/python3.12/site-packages/airflow/example_dags/example_trigger_controller_dag.py
[2024-11-13T00:20:14.154+0000] {logging_mixin.py:190} INFO - [2024-11-13T00:20:14.151+0000] {dag.py:3239} INFO - Sync 1 DAGs
[2024-11-13T00:20:14.204+0000] {logging_mixin.py:190} INFO - [2024-11-13T00:20:14.203+0000] {dag.py:4180} INFO - Setting next_dagrun for example_trigger_controller_dag to 2021-01-01 00:00:00+00:00, run_after=2021-01-01 00:00:00+00:00
[2024-11-13T00:20:14.256+0000] {processor.py:208} INFO - Processing /home/airflow/.local/lib/python3.12/site-packages/airflow/example_dags/example_trigger_controller_dag.py took 0.185 seconds
[2024-11-13T00:20:44.868+0000] {processor.py:186} INFO - Started process (PID=13428) to work on /home/airflow/.local/lib/python3.12/site-packages/airflow/example_dags/example_trigger_controller_dag.py
[2024-11-13T00:20:44.869+0000] {processor.py:914} INFO - Processing file /home/airflow/.local/lib/python3.12/site-packages/airflow/example_dags/example_trigger_controller_dag.py for tasks to queue
[2024-11-13T00:20:44.872+0000] {logging_mixin.py:190} INFO - [2024-11-13T00:20:44.871+0000] {dagbag.py:588} INFO - Filling up the DagBag from /home/airflow/.local/lib/python3.12/site-packages/airflow/example_dags/example_trigger_controller_dag.py
[2024-11-13T00:20:44.884+0000] {processor.py:925} INFO - DAG(s) 'example_trigger_controller_dag' retrieved from /home/airflow/.local/lib/python3.12/site-packages/airflow/example_dags/example_trigger_controller_dag.py
[2024-11-13T00:20:44.925+0000] {logging_mixin.py:190} INFO - [2024-11-13T00:20:44.925+0000] {dag.py:3239} INFO - Sync 1 DAGs
[2024-11-13T00:20:44.962+0000] {logging_mixin.py:190} INFO - [2024-11-13T00:20:44.961+0000] {dag.py:4180} INFO - Setting next_dagrun for example_trigger_controller_dag to 2021-01-01 00:00:00+00:00, run_after=2021-01-01 00:00:00+00:00
[2024-11-13T00:20:45.006+0000] {processor.py:208} INFO - Processing /home/airflow/.local/lib/python3.12/site-packages/airflow/example_dags/example_trigger_controller_dag.py took 0.153 seconds
[2024-11-13T00:21:15.681+0000] {processor.py:186} INFO - Started process (PID=13492) to work on /home/airflow/.local/lib/python3.12/site-packages/airflow/example_dags/example_trigger_controller_dag.py
[2024-11-13T00:21:15.682+0000] {processor.py:914} INFO - Processing file /home/airflow/.local/lib/python3.12/site-packages/airflow/example_dags/example_trigger_controller_dag.py for tasks to queue
[2024-11-13T00:21:15.684+0000] {logging_mixin.py:190} INFO - [2024-11-13T00:21:15.684+0000] {dagbag.py:588} INFO - Filling up the DagBag from /home/airflow/.local/lib/python3.12/site-packages/airflow/example_dags/example_trigger_controller_dag.py
[2024-11-13T00:21:15.702+0000] {processor.py:925} INFO - DAG(s) 'example_trigger_controller_dag' retrieved from /home/airflow/.local/lib/python3.12/site-packages/airflow/example_dags/example_trigger_controller_dag.py
[2024-11-13T00:21:15.742+0000] {logging_mixin.py:190} INFO - [2024-11-13T00:21:15.741+0000] {dag.py:3239} INFO - Sync 1 DAGs
[2024-11-13T00:21:15.819+0000] {logging_mixin.py:190} INFO - [2024-11-13T00:21:15.818+0000] {dag.py:4180} INFO - Setting next_dagrun for example_trigger_controller_dag to 2021-01-01 00:00:00+00:00, run_after=2021-01-01 00:00:00+00:00
[2024-11-13T00:21:15.880+0000] {processor.py:208} INFO - Processing /home/airflow/.local/lib/python3.12/site-packages/airflow/example_dags/example_trigger_controller_dag.py took 0.216 seconds
[2024-11-13T00:21:47.274+0000] {processor.py:186} INFO - Started process (PID=13556) to work on /home/airflow/.local/lib/python3.12/site-packages/airflow/example_dags/example_trigger_controller_dag.py
[2024-11-13T00:21:47.275+0000] {processor.py:914} INFO - Processing file /home/airflow/.local/lib/python3.12/site-packages/airflow/example_dags/example_trigger_controller_dag.py for tasks to queue
[2024-11-13T00:21:47.277+0000] {logging_mixin.py:190} INFO - [2024-11-13T00:21:47.276+0000] {dagbag.py:588} INFO - Filling up the DagBag from /home/airflow/.local/lib/python3.12/site-packages/airflow/example_dags/example_trigger_controller_dag.py
[2024-11-13T00:21:47.287+0000] {processor.py:925} INFO - DAG(s) 'example_trigger_controller_dag' retrieved from /home/airflow/.local/lib/python3.12/site-packages/airflow/example_dags/example_trigger_controller_dag.py
[2024-11-13T00:21:47.308+0000] {logging_mixin.py:190} INFO - [2024-11-13T00:21:47.307+0000] {dag.py:3239} INFO - Sync 1 DAGs
[2024-11-13T00:21:47.338+0000] {logging_mixin.py:190} INFO - [2024-11-13T00:21:47.338+0000] {dag.py:4180} INFO - Setting next_dagrun for example_trigger_controller_dag to 2021-01-01 00:00:00+00:00, run_after=2021-01-01 00:00:00+00:00
[2024-11-13T00:21:47.371+0000] {processor.py:208} INFO - Processing /home/airflow/.local/lib/python3.12/site-packages/airflow/example_dags/example_trigger_controller_dag.py took 0.108 seconds
[2024-11-13T00:22:18.605+0000] {processor.py:186} INFO - Started process (PID=13620) to work on /home/airflow/.local/lib/python3.12/site-packages/airflow/example_dags/example_trigger_controller_dag.py
[2024-11-13T00:22:18.606+0000] {processor.py:914} INFO - Processing file /home/airflow/.local/lib/python3.12/site-packages/airflow/example_dags/example_trigger_controller_dag.py for tasks to queue
[2024-11-13T00:22:18.608+0000] {logging_mixin.py:190} INFO - [2024-11-13T00:22:18.607+0000] {dagbag.py:588} INFO - Filling up the DagBag from /home/airflow/.local/lib/python3.12/site-packages/airflow/example_dags/example_trigger_controller_dag.py
[2024-11-13T00:22:18.618+0000] {processor.py:925} INFO - DAG(s) 'example_trigger_controller_dag' retrieved from /home/airflow/.local/lib/python3.12/site-packages/airflow/example_dags/example_trigger_controller_dag.py
[2024-11-13T00:22:18.641+0000] {logging_mixin.py:190} INFO - [2024-11-13T00:22:18.641+0000] {dag.py:3239} INFO - Sync 1 DAGs
[2024-11-13T00:22:18.671+0000] {logging_mixin.py:190} INFO - [2024-11-13T00:22:18.671+0000] {dag.py:4180} INFO - Setting next_dagrun for example_trigger_controller_dag to 2021-01-01 00:00:00+00:00, run_after=2021-01-01 00:00:00+00:00
[2024-11-13T00:22:18.702+0000] {processor.py:208} INFO - Processing /home/airflow/.local/lib/python3.12/site-packages/airflow/example_dags/example_trigger_controller_dag.py took 0.104 seconds
[2024-11-13T00:22:49.528+0000] {processor.py:186} INFO - Started process (PID=13684) to work on /home/airflow/.local/lib/python3.12/site-packages/airflow/example_dags/example_trigger_controller_dag.py
[2024-11-13T00:22:49.529+0000] {processor.py:914} INFO - Processing file /home/airflow/.local/lib/python3.12/site-packages/airflow/example_dags/example_trigger_controller_dag.py for tasks to queue
[2024-11-13T00:22:49.530+0000] {logging_mixin.py:190} INFO - [2024-11-13T00:22:49.530+0000] {dagbag.py:588} INFO - Filling up the DagBag from /home/airflow/.local/lib/python3.12/site-packages/airflow/example_dags/example_trigger_controller_dag.py
[2024-11-13T00:22:49.538+0000] {processor.py:925} INFO - DAG(s) 'example_trigger_controller_dag' retrieved from /home/airflow/.local/lib/python3.12/site-packages/airflow/example_dags/example_trigger_controller_dag.py
[2024-11-13T00:22:49.558+0000] {logging_mixin.py:190} INFO - [2024-11-13T00:22:49.558+0000] {dag.py:3239} INFO - Sync 1 DAGs
[2024-11-13T00:22:49.584+0000] {logging_mixin.py:190} INFO - [2024-11-13T00:22:49.584+0000] {dag.py:4180} INFO - Setting next_dagrun for example_trigger_controller_dag to 2021-01-01 00:00:00+00:00, run_after=2021-01-01 00:00:00+00:00
[2024-11-13T00:22:49.604+0000] {processor.py:208} INFO - Processing /home/airflow/.local/lib/python3.12/site-packages/airflow/example_dags/example_trigger_controller_dag.py took 0.088 seconds
[2024-11-13T00:23:20.775+0000] {processor.py:186} INFO - Started process (PID=13748) to work on /home/airflow/.local/lib/python3.12/site-packages/airflow/example_dags/example_trigger_controller_dag.py
[2024-11-13T00:23:20.776+0000] {processor.py:914} INFO - Processing file /home/airflow/.local/lib/python3.12/site-packages/airflow/example_dags/example_trigger_controller_dag.py for tasks to queue
[2024-11-13T00:23:20.778+0000] {logging_mixin.py:190} INFO - [2024-11-13T00:23:20.778+0000] {dagbag.py:588} INFO - Filling up the DagBag from /home/airflow/.local/lib/python3.12/site-packages/airflow/example_dags/example_trigger_controller_dag.py
[2024-11-13T00:23:20.790+0000] {processor.py:925} INFO - DAG(s) 'example_trigger_controller_dag' retrieved from /home/airflow/.local/lib/python3.12/site-packages/airflow/example_dags/example_trigger_controller_dag.py
[2024-11-13T00:23:20.812+0000] {logging_mixin.py:190} INFO - [2024-11-13T00:23:20.812+0000] {dag.py:3239} INFO - Sync 1 DAGs
[2024-11-13T00:23:20.837+0000] {logging_mixin.py:190} INFO - [2024-11-13T00:23:20.837+0000] {dag.py:4180} INFO - Setting next_dagrun for example_trigger_controller_dag to 2021-01-01 00:00:00+00:00, run_after=2021-01-01 00:00:00+00:00
[2024-11-13T00:23:20.859+0000] {processor.py:208} INFO - Processing /home/airflow/.local/lib/python3.12/site-packages/airflow/example_dags/example_trigger_controller_dag.py took 0.093 seconds
[2024-11-13T00:23:52.735+0000] {processor.py:186} INFO - Started process (PID=13813) to work on /home/airflow/.local/lib/python3.12/site-packages/airflow/example_dags/example_trigger_controller_dag.py
[2024-11-13T00:23:52.736+0000] {processor.py:914} INFO - Processing file /home/airflow/.local/lib/python3.12/site-packages/airflow/example_dags/example_trigger_controller_dag.py for tasks to queue
[2024-11-13T00:23:52.737+0000] {logging_mixin.py:190} INFO - [2024-11-13T00:23:52.737+0000] {dagbag.py:588} INFO - Filling up the DagBag from /home/airflow/.local/lib/python3.12/site-packages/airflow/example_dags/example_trigger_controller_dag.py
[2024-11-13T00:23:52.746+0000] {processor.py:925} INFO - DAG(s) 'example_trigger_controller_dag' retrieved from /home/airflow/.local/lib/python3.12/site-packages/airflow/example_dags/example_trigger_controller_dag.py
[2024-11-13T00:23:52.766+0000] {logging_mixin.py:190} INFO - [2024-11-13T00:23:52.765+0000] {dag.py:3239} INFO - Sync 1 DAGs
[2024-11-13T00:23:52.789+0000] {logging_mixin.py:190} INFO - [2024-11-13T00:23:52.789+0000] {dag.py:4180} INFO - Setting next_dagrun for example_trigger_controller_dag to 2021-01-01 00:00:00+00:00, run_after=2021-01-01 00:00:00+00:00
[2024-11-13T00:23:52.814+0000] {processor.py:208} INFO - Processing /home/airflow/.local/lib/python3.12/site-packages/airflow/example_dags/example_trigger_controller_dag.py took 0.088 seconds
[2024-11-13T00:24:23.921+0000] {processor.py:186} INFO - Started process (PID=13878) to work on /home/airflow/.local/lib/python3.12/site-packages/airflow/example_dags/example_trigger_controller_dag.py
[2024-11-13T00:24:23.922+0000] {processor.py:914} INFO - Processing file /home/airflow/.local/lib/python3.12/site-packages/airflow/example_dags/example_trigger_controller_dag.py for tasks to queue
[2024-11-13T00:24:23.923+0000] {logging_mixin.py:190} INFO - [2024-11-13T00:24:23.923+0000] {dagbag.py:588} INFO - Filling up the DagBag from /home/airflow/.local/lib/python3.12/site-packages/airflow/example_dags/example_trigger_controller_dag.py
[2024-11-13T00:24:23.933+0000] {processor.py:925} INFO - DAG(s) 'example_trigger_controller_dag' retrieved from /home/airflow/.local/lib/python3.12/site-packages/airflow/example_dags/example_trigger_controller_dag.py
[2024-11-13T00:24:23.956+0000] {logging_mixin.py:190} INFO - [2024-11-13T00:24:23.956+0000] {dag.py:3239} INFO - Sync 1 DAGs
[2024-11-13T00:24:23.987+0000] {logging_mixin.py:190} INFO - [2024-11-13T00:24:23.987+0000] {dag.py:4180} INFO - Setting next_dagrun for example_trigger_controller_dag to 2021-01-01 00:00:00+00:00, run_after=2021-01-01 00:00:00+00:00
[2024-11-13T00:24:24.013+0000] {processor.py:208} INFO - Processing /home/airflow/.local/lib/python3.12/site-packages/airflow/example_dags/example_trigger_controller_dag.py took 0.101 seconds
[2024-11-13T00:24:54.317+0000] {processor.py:186} INFO - Started process (PID=13942) to work on /home/airflow/.local/lib/python3.12/site-packages/airflow/example_dags/example_trigger_controller_dag.py
[2024-11-13T00:24:54.318+0000] {processor.py:914} INFO - Processing file /home/airflow/.local/lib/python3.12/site-packages/airflow/example_dags/example_trigger_controller_dag.py for tasks to queue
[2024-11-13T00:24:54.320+0000] {logging_mixin.py:190} INFO - [2024-11-13T00:24:54.320+0000] {dagbag.py:588} INFO - Filling up the DagBag from /home/airflow/.local/lib/python3.12/site-packages/airflow/example_dags/example_trigger_controller_dag.py
[2024-11-13T00:24:54.328+0000] {processor.py:925} INFO - DAG(s) 'example_trigger_controller_dag' retrieved from /home/airflow/.local/lib/python3.12/site-packages/airflow/example_dags/example_trigger_controller_dag.py
[2024-11-13T00:24:54.349+0000] {logging_mixin.py:190} INFO - [2024-11-13T00:24:54.349+0000] {dag.py:3239} INFO - Sync 1 DAGs
[2024-11-13T00:24:54.382+0000] {logging_mixin.py:190} INFO - [2024-11-13T00:24:54.381+0000] {dag.py:4180} INFO - Setting next_dagrun for example_trigger_controller_dag to 2021-01-01 00:00:00+00:00, run_after=2021-01-01 00:00:00+00:00
[2024-11-13T00:24:54.581+0000] {processor.py:208} INFO - Processing /home/airflow/.local/lib/python3.12/site-packages/airflow/example_dags/example_trigger_controller_dag.py took 0.271 seconds
[2024-11-13T00:25:27.000+0000] {processor.py:186} INFO - Started process (PID=14006) to work on /home/airflow/.local/lib/python3.12/site-packages/airflow/example_dags/example_trigger_controller_dag.py
[2024-11-13T00:25:27.001+0000] {processor.py:914} INFO - Processing file /home/airflow/.local/lib/python3.12/site-packages/airflow/example_dags/example_trigger_controller_dag.py for tasks to queue
[2024-11-13T00:25:27.002+0000] {logging_mixin.py:190} INFO - [2024-11-13T00:25:27.001+0000] {dagbag.py:588} INFO - Filling up the DagBag from /home/airflow/.local/lib/python3.12/site-packages/airflow/example_dags/example_trigger_controller_dag.py
[2024-11-13T00:25:27.010+0000] {processor.py:925} INFO - DAG(s) 'example_trigger_controller_dag' retrieved from /home/airflow/.local/lib/python3.12/site-packages/airflow/example_dags/example_trigger_controller_dag.py
[2024-11-13T00:25:27.034+0000] {logging_mixin.py:190} INFO - [2024-11-13T00:25:27.034+0000] {dag.py:3239} INFO - Sync 1 DAGs
[2024-11-13T00:25:27.060+0000] {logging_mixin.py:190} INFO - [2024-11-13T00:25:27.059+0000] {dag.py:4180} INFO - Setting next_dagrun for example_trigger_controller_dag to 2021-01-01 00:00:00+00:00, run_after=2021-01-01 00:00:00+00:00
[2024-11-13T00:25:27.289+0000] {processor.py:208} INFO - Processing /home/airflow/.local/lib/python3.12/site-packages/airflow/example_dags/example_trigger_controller_dag.py took 0.301 seconds
[2024-11-13T00:25:59.030+0000] {processor.py:186} INFO - Started process (PID=14070) to work on /home/airflow/.local/lib/python3.12/site-packages/airflow/example_dags/example_trigger_controller_dag.py
[2024-11-13T00:25:59.031+0000] {processor.py:914} INFO - Processing file /home/airflow/.local/lib/python3.12/site-packages/airflow/example_dags/example_trigger_controller_dag.py for tasks to queue
[2024-11-13T00:25:59.032+0000] {logging_mixin.py:190} INFO - [2024-11-13T00:25:59.032+0000] {dagbag.py:588} INFO - Filling up the DagBag from /home/airflow/.local/lib/python3.12/site-packages/airflow/example_dags/example_trigger_controller_dag.py
[2024-11-13T00:25:59.044+0000] {processor.py:925} INFO - DAG(s) 'example_trigger_controller_dag' retrieved from /home/airflow/.local/lib/python3.12/site-packages/airflow/example_dags/example_trigger_controller_dag.py
[2024-11-13T00:25:59.068+0000] {logging_mixin.py:190} INFO - [2024-11-13T00:25:59.067+0000] {dag.py:3239} INFO - Sync 1 DAGs
[2024-11-13T00:25:59.097+0000] {logging_mixin.py:190} INFO - [2024-11-13T00:25:59.096+0000] {dag.py:4180} INFO - Setting next_dagrun for example_trigger_controller_dag to 2021-01-01 00:00:00+00:00, run_after=2021-01-01 00:00:00+00:00
[2024-11-13T00:25:59.331+0000] {processor.py:208} INFO - Processing /home/airflow/.local/lib/python3.12/site-packages/airflow/example_dags/example_trigger_controller_dag.py took 0.312 seconds
[2024-11-13T00:26:30.192+0000] {processor.py:186} INFO - Started process (PID=14134) to work on /home/airflow/.local/lib/python3.12/site-packages/airflow/example_dags/example_trigger_controller_dag.py
[2024-11-13T00:26:30.193+0000] {processor.py:914} INFO - Processing file /home/airflow/.local/lib/python3.12/site-packages/airflow/example_dags/example_trigger_controller_dag.py for tasks to queue
[2024-11-13T00:26:30.195+0000] {logging_mixin.py:190} INFO - [2024-11-13T00:26:30.194+0000] {dagbag.py:588} INFO - Filling up the DagBag from /home/airflow/.local/lib/python3.12/site-packages/airflow/example_dags/example_trigger_controller_dag.py
[2024-11-13T00:26:30.207+0000] {processor.py:925} INFO - DAG(s) 'example_trigger_controller_dag' retrieved from /home/airflow/.local/lib/python3.12/site-packages/airflow/example_dags/example_trigger_controller_dag.py
[2024-11-13T00:26:30.229+0000] {logging_mixin.py:190} INFO - [2024-11-13T00:26:30.228+0000] {dag.py:3239} INFO - Sync 1 DAGs
[2024-11-13T00:26:30.255+0000] {logging_mixin.py:190} INFO - [2024-11-13T00:26:30.255+0000] {dag.py:4180} INFO - Setting next_dagrun for example_trigger_controller_dag to 2021-01-01 00:00:00+00:00, run_after=2021-01-01 00:00:00+00:00
[2024-11-13T00:26:30.281+0000] {processor.py:208} INFO - Processing /home/airflow/.local/lib/python3.12/site-packages/airflow/example_dags/example_trigger_controller_dag.py took 0.098 seconds
[2024-11-13T00:27:00.976+0000] {processor.py:186} INFO - Started process (PID=14198) to work on /home/airflow/.local/lib/python3.12/site-packages/airflow/example_dags/example_trigger_controller_dag.py
[2024-11-13T00:27:00.977+0000] {processor.py:914} INFO - Processing file /home/airflow/.local/lib/python3.12/site-packages/airflow/example_dags/example_trigger_controller_dag.py for tasks to queue
[2024-11-13T00:27:00.978+0000] {logging_mixin.py:190} INFO - [2024-11-13T00:27:00.978+0000] {dagbag.py:588} INFO - Filling up the DagBag from /home/airflow/.local/lib/python3.12/site-packages/airflow/example_dags/example_trigger_controller_dag.py
[2024-11-13T00:27:00.986+0000] {processor.py:925} INFO - DAG(s) 'example_trigger_controller_dag' retrieved from /home/airflow/.local/lib/python3.12/site-packages/airflow/example_dags/example_trigger_controller_dag.py
[2024-11-13T00:27:01.007+0000] {logging_mixin.py:190} INFO - [2024-11-13T00:27:01.006+0000] {dag.py:3239} INFO - Sync 1 DAGs
[2024-11-13T00:27:01.031+0000] {logging_mixin.py:190} INFO - [2024-11-13T00:27:01.030+0000] {dag.py:4180} INFO - Setting next_dagrun for example_trigger_controller_dag to 2021-01-01 00:00:00+00:00, run_after=2021-01-01 00:00:00+00:00
[2024-11-13T00:27:01.056+0000] {processor.py:208} INFO - Processing /home/airflow/.local/lib/python3.12/site-packages/airflow/example_dags/example_trigger_controller_dag.py took 0.087 seconds
[2024-11-13T00:27:32.040+0000] {processor.py:186} INFO - Started process (PID=14262) to work on /home/airflow/.local/lib/python3.12/site-packages/airflow/example_dags/example_trigger_controller_dag.py
[2024-11-13T00:27:32.042+0000] {processor.py:914} INFO - Processing file /home/airflow/.local/lib/python3.12/site-packages/airflow/example_dags/example_trigger_controller_dag.py for tasks to queue
[2024-11-13T00:27:32.043+0000] {logging_mixin.py:190} INFO - [2024-11-13T00:27:32.043+0000] {dagbag.py:588} INFO - Filling up the DagBag from /home/airflow/.local/lib/python3.12/site-packages/airflow/example_dags/example_trigger_controller_dag.py
[2024-11-13T00:27:32.052+0000] {processor.py:925} INFO - DAG(s) 'example_trigger_controller_dag' retrieved from /home/airflow/.local/lib/python3.12/site-packages/airflow/example_dags/example_trigger_controller_dag.py
[2024-11-13T00:27:32.074+0000] {logging_mixin.py:190} INFO - [2024-11-13T00:27:32.073+0000] {dag.py:3239} INFO - Sync 1 DAGs
[2024-11-13T00:27:32.098+0000] {logging_mixin.py:190} INFO - [2024-11-13T00:27:32.098+0000] {dag.py:4180} INFO - Setting next_dagrun for example_trigger_controller_dag to 2021-01-01 00:00:00+00:00, run_after=2021-01-01 00:00:00+00:00
[2024-11-13T00:27:32.122+0000] {processor.py:208} INFO - Processing /home/airflow/.local/lib/python3.12/site-packages/airflow/example_dags/example_trigger_controller_dag.py took 0.090 seconds
[2024-11-13T00:28:02.775+0000] {processor.py:186} INFO - Started process (PID=14326) to work on /home/airflow/.local/lib/python3.12/site-packages/airflow/example_dags/example_trigger_controller_dag.py
[2024-11-13T00:28:02.776+0000] {processor.py:914} INFO - Processing file /home/airflow/.local/lib/python3.12/site-packages/airflow/example_dags/example_trigger_controller_dag.py for tasks to queue
[2024-11-13T00:28:02.777+0000] {logging_mixin.py:190} INFO - [2024-11-13T00:28:02.777+0000] {dagbag.py:588} INFO - Filling up the DagBag from /home/airflow/.local/lib/python3.12/site-packages/airflow/example_dags/example_trigger_controller_dag.py
[2024-11-13T00:28:02.784+0000] {processor.py:925} INFO - DAG(s) 'example_trigger_controller_dag' retrieved from /home/airflow/.local/lib/python3.12/site-packages/airflow/example_dags/example_trigger_controller_dag.py
[2024-11-13T00:28:02.805+0000] {logging_mixin.py:190} INFO - [2024-11-13T00:28:02.805+0000] {dag.py:3239} INFO - Sync 1 DAGs
[2024-11-13T00:28:02.829+0000] {logging_mixin.py:190} INFO - [2024-11-13T00:28:02.829+0000] {dag.py:4180} INFO - Setting next_dagrun for example_trigger_controller_dag to 2021-01-01 00:00:00+00:00, run_after=2021-01-01 00:00:00+00:00
[2024-11-13T00:28:02.854+0000] {processor.py:208} INFO - Processing /home/airflow/.local/lib/python3.12/site-packages/airflow/example_dags/example_trigger_controller_dag.py took 0.086 seconds
[2024-11-13T00:28:35.751+0000] {processor.py:186} INFO - Started process (PID=14390) to work on /home/airflow/.local/lib/python3.12/site-packages/airflow/example_dags/example_trigger_controller_dag.py
[2024-11-13T00:28:35.752+0000] {processor.py:914} INFO - Processing file /home/airflow/.local/lib/python3.12/site-packages/airflow/example_dags/example_trigger_controller_dag.py for tasks to queue
[2024-11-13T00:28:35.755+0000] {logging_mixin.py:190} INFO - [2024-11-13T00:28:35.754+0000] {dagbag.py:588} INFO - Filling up the DagBag from /home/airflow/.local/lib/python3.12/site-packages/airflow/example_dags/example_trigger_controller_dag.py
[2024-11-13T00:28:35.773+0000] {processor.py:925} INFO - DAG(s) 'example_trigger_controller_dag' retrieved from /home/airflow/.local/lib/python3.12/site-packages/airflow/example_dags/example_trigger_controller_dag.py
[2024-11-13T00:28:35.809+0000] {logging_mixin.py:190} INFO - [2024-11-13T00:28:35.808+0000] {dag.py:3239} INFO - Sync 1 DAGs
[2024-11-13T00:28:35.859+0000] {logging_mixin.py:190} INFO - [2024-11-13T00:28:35.858+0000] {dag.py:4180} INFO - Setting next_dagrun for example_trigger_controller_dag to 2021-01-01 00:00:00+00:00, run_after=2021-01-01 00:00:00+00:00
[2024-11-13T00:28:35.914+0000] {processor.py:208} INFO - Processing /home/airflow/.local/lib/python3.12/site-packages/airflow/example_dags/example_trigger_controller_dag.py took 0.181 seconds
[2024-11-13T00:29:06.525+0000] {processor.py:186} INFO - Started process (PID=14453) to work on /home/airflow/.local/lib/python3.12/site-packages/airflow/example_dags/example_trigger_controller_dag.py
[2024-11-13T00:29:06.525+0000] {processor.py:914} INFO - Processing file /home/airflow/.local/lib/python3.12/site-packages/airflow/example_dags/example_trigger_controller_dag.py for tasks to queue
[2024-11-13T00:29:06.527+0000] {logging_mixin.py:190} INFO - [2024-11-13T00:29:06.526+0000] {dagbag.py:588} INFO - Filling up the DagBag from /home/airflow/.local/lib/python3.12/site-packages/airflow/example_dags/example_trigger_controller_dag.py
[2024-11-13T00:29:06.535+0000] {processor.py:925} INFO - DAG(s) 'example_trigger_controller_dag' retrieved from /home/airflow/.local/lib/python3.12/site-packages/airflow/example_dags/example_trigger_controller_dag.py
[2024-11-13T00:29:06.559+0000] {logging_mixin.py:190} INFO - [2024-11-13T00:29:06.558+0000] {dag.py:3239} INFO - Sync 1 DAGs
[2024-11-13T00:29:06.585+0000] {logging_mixin.py:190} INFO - [2024-11-13T00:29:06.585+0000] {dag.py:4180} INFO - Setting next_dagrun for example_trigger_controller_dag to 2021-01-01 00:00:00+00:00, run_after=2021-01-01 00:00:00+00:00
[2024-11-13T00:29:06.619+0000] {processor.py:208} INFO - Processing /home/airflow/.local/lib/python3.12/site-packages/airflow/example_dags/example_trigger_controller_dag.py took 0.102 seconds
[2024-11-13T00:29:36.760+0000] {processor.py:186} INFO - Started process (PID=14517) to work on /home/airflow/.local/lib/python3.12/site-packages/airflow/example_dags/example_trigger_controller_dag.py
[2024-11-13T00:29:36.761+0000] {processor.py:914} INFO - Processing file /home/airflow/.local/lib/python3.12/site-packages/airflow/example_dags/example_trigger_controller_dag.py for tasks to queue
[2024-11-13T00:29:36.762+0000] {logging_mixin.py:190} INFO - [2024-11-13T00:29:36.762+0000] {dagbag.py:588} INFO - Filling up the DagBag from /home/airflow/.local/lib/python3.12/site-packages/airflow/example_dags/example_trigger_controller_dag.py
[2024-11-13T00:29:36.771+0000] {processor.py:925} INFO - DAG(s) 'example_trigger_controller_dag' retrieved from /home/airflow/.local/lib/python3.12/site-packages/airflow/example_dags/example_trigger_controller_dag.py
[2024-11-13T00:29:36.811+0000] {logging_mixin.py:190} INFO - [2024-11-13T00:29:36.811+0000] {dag.py:3239} INFO - Sync 1 DAGs
[2024-11-13T00:29:36.856+0000] {logging_mixin.py:190} INFO - [2024-11-13T00:29:36.855+0000] {dag.py:4180} INFO - Setting next_dagrun for example_trigger_controller_dag to 2021-01-01 00:00:00+00:00, run_after=2021-01-01 00:00:00+00:00
[2024-11-13T00:29:36.883+0000] {processor.py:208} INFO - Processing /home/airflow/.local/lib/python3.12/site-packages/airflow/example_dags/example_trigger_controller_dag.py took 0.133 seconds
[2024-11-13T00:30:07.144+0000] {processor.py:186} INFO - Started process (PID=14581) to work on /home/airflow/.local/lib/python3.12/site-packages/airflow/example_dags/example_trigger_controller_dag.py
[2024-11-13T00:30:07.145+0000] {processor.py:914} INFO - Processing file /home/airflow/.local/lib/python3.12/site-packages/airflow/example_dags/example_trigger_controller_dag.py for tasks to queue
[2024-11-13T00:30:07.148+0000] {logging_mixin.py:190} INFO - [2024-11-13T00:30:07.148+0000] {dagbag.py:588} INFO - Filling up the DagBag from /home/airflow/.local/lib/python3.12/site-packages/airflow/example_dags/example_trigger_controller_dag.py
[2024-11-13T00:30:07.157+0000] {processor.py:925} INFO - DAG(s) 'example_trigger_controller_dag' retrieved from /home/airflow/.local/lib/python3.12/site-packages/airflow/example_dags/example_trigger_controller_dag.py
[2024-11-13T00:30:07.181+0000] {logging_mixin.py:190} INFO - [2024-11-13T00:30:07.180+0000] {dag.py:3239} INFO - Sync 1 DAGs
[2024-11-13T00:30:07.202+0000] {logging_mixin.py:190} INFO - [2024-11-13T00:30:07.202+0000] {dag.py:4180} INFO - Setting next_dagrun for example_trigger_controller_dag to 2021-01-01 00:00:00+00:00, run_after=2021-01-01 00:00:00+00:00
[2024-11-13T00:30:07.224+0000] {processor.py:208} INFO - Processing /home/airflow/.local/lib/python3.12/site-packages/airflow/example_dags/example_trigger_controller_dag.py took 0.091 seconds
[2024-11-13T00:30:37.466+0000] {processor.py:186} INFO - Started process (PID=14645) to work on /home/airflow/.local/lib/python3.12/site-packages/airflow/example_dags/example_trigger_controller_dag.py
[2024-11-13T00:30:37.467+0000] {processor.py:914} INFO - Processing file /home/airflow/.local/lib/python3.12/site-packages/airflow/example_dags/example_trigger_controller_dag.py for tasks to queue
[2024-11-13T00:30:37.469+0000] {logging_mixin.py:190} INFO - [2024-11-13T00:30:37.469+0000] {dagbag.py:588} INFO - Filling up the DagBag from /home/airflow/.local/lib/python3.12/site-packages/airflow/example_dags/example_trigger_controller_dag.py
[2024-11-13T00:30:37.479+0000] {processor.py:925} INFO - DAG(s) 'example_trigger_controller_dag' retrieved from /home/airflow/.local/lib/python3.12/site-packages/airflow/example_dags/example_trigger_controller_dag.py
[2024-11-13T00:30:37.505+0000] {logging_mixin.py:190} INFO - [2024-11-13T00:30:37.505+0000] {dag.py:3239} INFO - Sync 1 DAGs
[2024-11-13T00:30:37.530+0000] {logging_mixin.py:190} INFO - [2024-11-13T00:30:37.530+0000] {dag.py:4180} INFO - Setting next_dagrun for example_trigger_controller_dag to 2021-01-01 00:00:00+00:00, run_after=2021-01-01 00:00:00+00:00
[2024-11-13T00:30:37.553+0000] {processor.py:208} INFO - Processing /home/airflow/.local/lib/python3.12/site-packages/airflow/example_dags/example_trigger_controller_dag.py took 0.097 seconds
[2024-11-13T00:31:08.703+0000] {processor.py:186} INFO - Started process (PID=14708) to work on /home/airflow/.local/lib/python3.12/site-packages/airflow/example_dags/example_trigger_controller_dag.py
[2024-11-13T00:31:08.704+0000] {processor.py:914} INFO - Processing file /home/airflow/.local/lib/python3.12/site-packages/airflow/example_dags/example_trigger_controller_dag.py for tasks to queue
[2024-11-13T00:31:08.706+0000] {logging_mixin.py:190} INFO - [2024-11-13T00:31:08.705+0000] {dagbag.py:588} INFO - Filling up the DagBag from /home/airflow/.local/lib/python3.12/site-packages/airflow/example_dags/example_trigger_controller_dag.py
[2024-11-13T00:31:08.714+0000] {processor.py:925} INFO - DAG(s) 'example_trigger_controller_dag' retrieved from /home/airflow/.local/lib/python3.12/site-packages/airflow/example_dags/example_trigger_controller_dag.py
[2024-11-13T00:31:08.737+0000] {logging_mixin.py:190} INFO - [2024-11-13T00:31:08.737+0000] {dag.py:3239} INFO - Sync 1 DAGs
[2024-11-13T00:31:08.765+0000] {logging_mixin.py:190} INFO - [2024-11-13T00:31:08.764+0000] {dag.py:4180} INFO - Setting next_dagrun for example_trigger_controller_dag to 2021-01-01 00:00:00+00:00, run_after=2021-01-01 00:00:00+00:00
[2024-11-13T00:31:08.791+0000] {processor.py:208} INFO - Processing /home/airflow/.local/lib/python3.12/site-packages/airflow/example_dags/example_trigger_controller_dag.py took 0.098 seconds
[2024-11-13T00:31:39.113+0000] {processor.py:186} INFO - Started process (PID=14772) to work on /home/airflow/.local/lib/python3.12/site-packages/airflow/example_dags/example_trigger_controller_dag.py
[2024-11-13T00:31:39.114+0000] {processor.py:914} INFO - Processing file /home/airflow/.local/lib/python3.12/site-packages/airflow/example_dags/example_trigger_controller_dag.py for tasks to queue
[2024-11-13T00:31:39.116+0000] {logging_mixin.py:190} INFO - [2024-11-13T00:31:39.115+0000] {dagbag.py:588} INFO - Filling up the DagBag from /home/airflow/.local/lib/python3.12/site-packages/airflow/example_dags/example_trigger_controller_dag.py
[2024-11-13T00:31:39.123+0000] {processor.py:925} INFO - DAG(s) 'example_trigger_controller_dag' retrieved from /home/airflow/.local/lib/python3.12/site-packages/airflow/example_dags/example_trigger_controller_dag.py
[2024-11-13T00:31:39.141+0000] {logging_mixin.py:190} INFO - [2024-11-13T00:31:39.140+0000] {dag.py:3239} INFO - Sync 1 DAGs
[2024-11-13T00:31:39.166+0000] {logging_mixin.py:190} INFO - [2024-11-13T00:31:39.165+0000] {dag.py:4180} INFO - Setting next_dagrun for example_trigger_controller_dag to 2021-01-01 00:00:00+00:00, run_after=2021-01-01 00:00:00+00:00
[2024-11-13T00:31:39.187+0000] {processor.py:208} INFO - Processing /home/airflow/.local/lib/python3.12/site-packages/airflow/example_dags/example_trigger_controller_dag.py took 0.082 seconds
