[2024-11-13T00:00:06.682+0000] {processor.py:186} INFO - Started process (PID=10890) to work on /home/airflow/.local/lib/python3.12/site-packages/airflow/example_dags/example_python_operator.py
[2024-11-13T00:00:06.684+0000] {processor.py:914} INFO - Processing file /home/airflow/.local/lib/python3.12/site-packages/airflow/example_dags/example_python_operator.py for tasks to queue
[2024-11-13T00:00:06.687+0000] {logging_mixin.py:190} INFO - [2024-11-13T00:00:06.686+0000] {dagbag.py:588} INFO - Filling up the DagBag from /home/airflow/.local/lib/python3.12/site-packages/airflow/example_dags/example_python_operator.py
[2024-11-13T00:00:06.712+0000] {processor.py:925} INFO - DAG(s) 'example_python_operator' retrieved from /home/airflow/.local/lib/python3.12/site-packages/airflow/example_dags/example_python_operator.py
[2024-11-13T00:00:06.787+0000] {logging_mixin.py:190} INFO - [2024-11-13T00:00:06.787+0000] {dag.py:3239} INFO - Sync 1 DAGs
[2024-11-13T00:00:06.839+0000] {logging_mixin.py:190} INFO - [2024-11-13T00:00:06.838+0000] {dag.py:4180} INFO - Setting next_dagrun for example_python_operator to None, run_after=None
[2024-11-13T00:00:06.894+0000] {processor.py:208} INFO - Processing /home/airflow/.local/lib/python3.12/site-packages/airflow/example_dags/example_python_operator.py took 0.238 seconds
[2024-11-13T00:00:37.684+0000] {processor.py:186} INFO - Started process (PID=10954) to work on /home/airflow/.local/lib/python3.12/site-packages/airflow/example_dags/example_python_operator.py
[2024-11-13T00:00:37.686+0000] {processor.py:914} INFO - Processing file /home/airflow/.local/lib/python3.12/site-packages/airflow/example_dags/example_python_operator.py for tasks to queue
[2024-11-13T00:00:37.688+0000] {logging_mixin.py:190} INFO - [2024-11-13T00:00:37.687+0000] {dagbag.py:588} INFO - Filling up the DagBag from /home/airflow/.local/lib/python3.12/site-packages/airflow/example_dags/example_python_operator.py
[2024-11-13T00:00:37.707+0000] {processor.py:925} INFO - DAG(s) 'example_python_operator' retrieved from /home/airflow/.local/lib/python3.12/site-packages/airflow/example_dags/example_python_operator.py
[2024-11-13T00:00:37.737+0000] {logging_mixin.py:190} INFO - [2024-11-13T00:00:37.737+0000] {dag.py:3239} INFO - Sync 1 DAGs
[2024-11-13T00:00:37.759+0000] {logging_mixin.py:190} INFO - [2024-11-13T00:00:37.759+0000] {dag.py:4180} INFO - Setting next_dagrun for example_python_operator to None, run_after=None
[2024-11-13T00:00:37.789+0000] {processor.py:208} INFO - Processing /home/airflow/.local/lib/python3.12/site-packages/airflow/example_dags/example_python_operator.py took 0.114 seconds
[2024-11-13T00:01:08.403+0000] {processor.py:186} INFO - Started process (PID=11016) to work on /home/airflow/.local/lib/python3.12/site-packages/airflow/example_dags/example_python_operator.py
[2024-11-13T00:01:08.404+0000] {processor.py:914} INFO - Processing file /home/airflow/.local/lib/python3.12/site-packages/airflow/example_dags/example_python_operator.py for tasks to queue
[2024-11-13T00:01:08.405+0000] {logging_mixin.py:190} INFO - [2024-11-13T00:01:08.405+0000] {dagbag.py:588} INFO - Filling up the DagBag from /home/airflow/.local/lib/python3.12/site-packages/airflow/example_dags/example_python_operator.py
[2024-11-13T00:01:08.420+0000] {processor.py:925} INFO - DAG(s) 'example_python_operator' retrieved from /home/airflow/.local/lib/python3.12/site-packages/airflow/example_dags/example_python_operator.py
[2024-11-13T00:01:08.443+0000] {logging_mixin.py:190} INFO - [2024-11-13T00:01:08.442+0000] {dag.py:3239} INFO - Sync 1 DAGs
[2024-11-13T00:01:08.456+0000] {logging_mixin.py:190} INFO - [2024-11-13T00:01:08.456+0000] {dag.py:4180} INFO - Setting next_dagrun for example_python_operator to None, run_after=None
[2024-11-13T00:01:08.481+0000] {processor.py:208} INFO - Processing /home/airflow/.local/lib/python3.12/site-packages/airflow/example_dags/example_python_operator.py took 0.087 seconds
[2024-11-13T00:01:39.744+0000] {processor.py:186} INFO - Started process (PID=11080) to work on /home/airflow/.local/lib/python3.12/site-packages/airflow/example_dags/example_python_operator.py
[2024-11-13T00:01:39.745+0000] {processor.py:914} INFO - Processing file /home/airflow/.local/lib/python3.12/site-packages/airflow/example_dags/example_python_operator.py for tasks to queue
[2024-11-13T00:01:39.746+0000] {logging_mixin.py:190} INFO - [2024-11-13T00:01:39.746+0000] {dagbag.py:588} INFO - Filling up the DagBag from /home/airflow/.local/lib/python3.12/site-packages/airflow/example_dags/example_python_operator.py
[2024-11-13T00:01:39.760+0000] {processor.py:925} INFO - DAG(s) 'example_python_operator' retrieved from /home/airflow/.local/lib/python3.12/site-packages/airflow/example_dags/example_python_operator.py
[2024-11-13T00:01:39.784+0000] {logging_mixin.py:190} INFO - [2024-11-13T00:01:39.783+0000] {dag.py:3239} INFO - Sync 1 DAGs
[2024-11-13T00:01:39.800+0000] {logging_mixin.py:190} INFO - [2024-11-13T00:01:39.800+0000] {dag.py:4180} INFO - Setting next_dagrun for example_python_operator to None, run_after=None
[2024-11-13T00:01:39.825+0000] {processor.py:208} INFO - Processing /home/airflow/.local/lib/python3.12/site-packages/airflow/example_dags/example_python_operator.py took 0.089 seconds
[2024-11-13T00:02:10.609+0000] {processor.py:186} INFO - Started process (PID=11144) to work on /home/airflow/.local/lib/python3.12/site-packages/airflow/example_dags/example_python_operator.py
[2024-11-13T00:02:10.610+0000] {processor.py:914} INFO - Processing file /home/airflow/.local/lib/python3.12/site-packages/airflow/example_dags/example_python_operator.py for tasks to queue
[2024-11-13T00:02:10.611+0000] {logging_mixin.py:190} INFO - [2024-11-13T00:02:10.611+0000] {dagbag.py:588} INFO - Filling up the DagBag from /home/airflow/.local/lib/python3.12/site-packages/airflow/example_dags/example_python_operator.py
[2024-11-13T00:02:10.627+0000] {processor.py:925} INFO - DAG(s) 'example_python_operator' retrieved from /home/airflow/.local/lib/python3.12/site-packages/airflow/example_dags/example_python_operator.py
[2024-11-13T00:02:10.655+0000] {logging_mixin.py:190} INFO - [2024-11-13T00:02:10.655+0000] {dag.py:3239} INFO - Sync 1 DAGs
[2024-11-13T00:02:10.673+0000] {logging_mixin.py:190} INFO - [2024-11-13T00:02:10.672+0000] {dag.py:4180} INFO - Setting next_dagrun for example_python_operator to None, run_after=None
[2024-11-13T00:02:10.700+0000] {processor.py:208} INFO - Processing /home/airflow/.local/lib/python3.12/site-packages/airflow/example_dags/example_python_operator.py took 0.101 seconds
[2024-11-13T00:02:41.159+0000] {processor.py:186} INFO - Started process (PID=11207) to work on /home/airflow/.local/lib/python3.12/site-packages/airflow/example_dags/example_python_operator.py
[2024-11-13T00:02:41.159+0000] {processor.py:914} INFO - Processing file /home/airflow/.local/lib/python3.12/site-packages/airflow/example_dags/example_python_operator.py for tasks to queue
[2024-11-13T00:02:41.161+0000] {logging_mixin.py:190} INFO - [2024-11-13T00:02:41.161+0000] {dagbag.py:588} INFO - Filling up the DagBag from /home/airflow/.local/lib/python3.12/site-packages/airflow/example_dags/example_python_operator.py
[2024-11-13T00:02:41.180+0000] {processor.py:925} INFO - DAG(s) 'example_python_operator' retrieved from /home/airflow/.local/lib/python3.12/site-packages/airflow/example_dags/example_python_operator.py
[2024-11-13T00:02:41.209+0000] {logging_mixin.py:190} INFO - [2024-11-13T00:02:41.209+0000] {dag.py:3239} INFO - Sync 1 DAGs
[2024-11-13T00:02:41.234+0000] {logging_mixin.py:190} INFO - [2024-11-13T00:02:41.234+0000] {dag.py:4180} INFO - Setting next_dagrun for example_python_operator to None, run_after=None
[2024-11-13T00:02:41.399+0000] {processor.py:208} INFO - Processing /home/airflow/.local/lib/python3.12/site-packages/airflow/example_dags/example_python_operator.py took 0.250 seconds
[2024-11-13T00:03:11.801+0000] {processor.py:186} INFO - Started process (PID=11271) to work on /home/airflow/.local/lib/python3.12/site-packages/airflow/example_dags/example_python_operator.py
[2024-11-13T00:03:11.802+0000] {processor.py:914} INFO - Processing file /home/airflow/.local/lib/python3.12/site-packages/airflow/example_dags/example_python_operator.py for tasks to queue
[2024-11-13T00:03:11.804+0000] {logging_mixin.py:190} INFO - [2024-11-13T00:03:11.804+0000] {dagbag.py:588} INFO - Filling up the DagBag from /home/airflow/.local/lib/python3.12/site-packages/airflow/example_dags/example_python_operator.py
[2024-11-13T00:03:11.817+0000] {processor.py:925} INFO - DAG(s) 'example_python_operator' retrieved from /home/airflow/.local/lib/python3.12/site-packages/airflow/example_dags/example_python_operator.py
[2024-11-13T00:03:11.841+0000] {logging_mixin.py:190} INFO - [2024-11-13T00:03:11.840+0000] {dag.py:3239} INFO - Sync 1 DAGs
[2024-11-13T00:03:11.857+0000] {logging_mixin.py:190} INFO - [2024-11-13T00:03:11.856+0000] {dag.py:4180} INFO - Setting next_dagrun for example_python_operator to None, run_after=None
[2024-11-13T00:03:11.883+0000] {processor.py:208} INFO - Processing /home/airflow/.local/lib/python3.12/site-packages/airflow/example_dags/example_python_operator.py took 0.092 seconds
[2024-11-13T00:03:42.384+0000] {processor.py:186} INFO - Started process (PID=11335) to work on /home/airflow/.local/lib/python3.12/site-packages/airflow/example_dags/example_python_operator.py
[2024-11-13T00:03:42.385+0000] {processor.py:914} INFO - Processing file /home/airflow/.local/lib/python3.12/site-packages/airflow/example_dags/example_python_operator.py for tasks to queue
[2024-11-13T00:03:42.386+0000] {logging_mixin.py:190} INFO - [2024-11-13T00:03:42.386+0000] {dagbag.py:588} INFO - Filling up the DagBag from /home/airflow/.local/lib/python3.12/site-packages/airflow/example_dags/example_python_operator.py
[2024-11-13T00:03:42.401+0000] {processor.py:925} INFO - DAG(s) 'example_python_operator' retrieved from /home/airflow/.local/lib/python3.12/site-packages/airflow/example_dags/example_python_operator.py
[2024-11-13T00:03:42.428+0000] {logging_mixin.py:190} INFO - [2024-11-13T00:03:42.427+0000] {dag.py:3239} INFO - Sync 1 DAGs
[2024-11-13T00:03:42.442+0000] {logging_mixin.py:190} INFO - [2024-11-13T00:03:42.442+0000] {dag.py:4180} INFO - Setting next_dagrun for example_python_operator to None, run_after=None
[2024-11-13T00:03:42.479+0000] {processor.py:208} INFO - Processing /home/airflow/.local/lib/python3.12/site-packages/airflow/example_dags/example_python_operator.py took 0.105 seconds
[2024-11-13T00:04:12.615+0000] {processor.py:186} INFO - Started process (PID=11399) to work on /home/airflow/.local/lib/python3.12/site-packages/airflow/example_dags/example_python_operator.py
[2024-11-13T00:04:12.616+0000] {processor.py:914} INFO - Processing file /home/airflow/.local/lib/python3.12/site-packages/airflow/example_dags/example_python_operator.py for tasks to queue
[2024-11-13T00:04:12.617+0000] {logging_mixin.py:190} INFO - [2024-11-13T00:04:12.617+0000] {dagbag.py:588} INFO - Filling up the DagBag from /home/airflow/.local/lib/python3.12/site-packages/airflow/example_dags/example_python_operator.py
[2024-11-13T00:04:12.632+0000] {processor.py:925} INFO - DAG(s) 'example_python_operator' retrieved from /home/airflow/.local/lib/python3.12/site-packages/airflow/example_dags/example_python_operator.py
[2024-11-13T00:04:12.658+0000] {logging_mixin.py:190} INFO - [2024-11-13T00:04:12.657+0000] {dag.py:3239} INFO - Sync 1 DAGs
[2024-11-13T00:04:12.675+0000] {logging_mixin.py:190} INFO - [2024-11-13T00:04:12.675+0000] {dag.py:4180} INFO - Setting next_dagrun for example_python_operator to None, run_after=None
[2024-11-13T00:04:12.700+0000] {processor.py:208} INFO - Processing /home/airflow/.local/lib/python3.12/site-packages/airflow/example_dags/example_python_operator.py took 0.093 seconds
[2024-11-13T00:04:43.017+0000] {processor.py:186} INFO - Started process (PID=11463) to work on /home/airflow/.local/lib/python3.12/site-packages/airflow/example_dags/example_python_operator.py
[2024-11-13T00:04:43.018+0000] {processor.py:914} INFO - Processing file /home/airflow/.local/lib/python3.12/site-packages/airflow/example_dags/example_python_operator.py for tasks to queue
[2024-11-13T00:04:43.021+0000] {logging_mixin.py:190} INFO - [2024-11-13T00:04:43.020+0000] {dagbag.py:588} INFO - Filling up the DagBag from /home/airflow/.local/lib/python3.12/site-packages/airflow/example_dags/example_python_operator.py
[2024-11-13T00:04:43.034+0000] {processor.py:925} INFO - DAG(s) 'example_python_operator' retrieved from /home/airflow/.local/lib/python3.12/site-packages/airflow/example_dags/example_python_operator.py
[2024-11-13T00:04:43.058+0000] {logging_mixin.py:190} INFO - [2024-11-13T00:04:43.058+0000] {dag.py:3239} INFO - Sync 1 DAGs
[2024-11-13T00:04:43.073+0000] {logging_mixin.py:190} INFO - [2024-11-13T00:04:43.072+0000] {dag.py:4180} INFO - Setting next_dagrun for example_python_operator to None, run_after=None
[2024-11-13T00:04:43.097+0000] {processor.py:208} INFO - Processing /home/airflow/.local/lib/python3.12/site-packages/airflow/example_dags/example_python_operator.py took 0.086 seconds
[2024-11-13T00:05:13.686+0000] {processor.py:186} INFO - Started process (PID=11527) to work on /home/airflow/.local/lib/python3.12/site-packages/airflow/example_dags/example_python_operator.py
[2024-11-13T00:05:13.687+0000] {processor.py:914} INFO - Processing file /home/airflow/.local/lib/python3.12/site-packages/airflow/example_dags/example_python_operator.py for tasks to queue
[2024-11-13T00:05:13.688+0000] {logging_mixin.py:190} INFO - [2024-11-13T00:05:13.688+0000] {dagbag.py:588} INFO - Filling up the DagBag from /home/airflow/.local/lib/python3.12/site-packages/airflow/example_dags/example_python_operator.py
[2024-11-13T00:05:13.703+0000] {processor.py:925} INFO - DAG(s) 'example_python_operator' retrieved from /home/airflow/.local/lib/python3.12/site-packages/airflow/example_dags/example_python_operator.py
[2024-11-13T00:05:13.727+0000] {logging_mixin.py:190} INFO - [2024-11-13T00:05:13.727+0000] {dag.py:3239} INFO - Sync 1 DAGs
[2024-11-13T00:05:13.745+0000] {logging_mixin.py:190} INFO - [2024-11-13T00:05:13.744+0000] {dag.py:4180} INFO - Setting next_dagrun for example_python_operator to None, run_after=None
[2024-11-13T00:05:13.776+0000] {processor.py:208} INFO - Processing /home/airflow/.local/lib/python3.12/site-packages/airflow/example_dags/example_python_operator.py took 0.100 seconds
[2024-11-13T00:05:44.750+0000] {processor.py:186} INFO - Started process (PID=11592) to work on /home/airflow/.local/lib/python3.12/site-packages/airflow/example_dags/example_python_operator.py
[2024-11-13T00:05:44.752+0000] {processor.py:914} INFO - Processing file /home/airflow/.local/lib/python3.12/site-packages/airflow/example_dags/example_python_operator.py for tasks to queue
[2024-11-13T00:05:44.757+0000] {logging_mixin.py:190} INFO - [2024-11-13T00:05:44.756+0000] {dagbag.py:588} INFO - Filling up the DagBag from /home/airflow/.local/lib/python3.12/site-packages/airflow/example_dags/example_python_operator.py
[2024-11-13T00:05:44.806+0000] {processor.py:925} INFO - DAG(s) 'example_python_operator' retrieved from /home/airflow/.local/lib/python3.12/site-packages/airflow/example_dags/example_python_operator.py
[2024-11-13T00:05:44.870+0000] {logging_mixin.py:190} INFO - [2024-11-13T00:05:44.870+0000] {dag.py:3239} INFO - Sync 1 DAGs
[2024-11-13T00:05:44.922+0000] {logging_mixin.py:190} INFO - [2024-11-13T00:05:44.921+0000] {dag.py:4180} INFO - Setting next_dagrun for example_python_operator to None, run_after=None
[2024-11-13T00:05:44.991+0000] {processor.py:208} INFO - Processing /home/airflow/.local/lib/python3.12/site-packages/airflow/example_dags/example_python_operator.py took 0.252 seconds
[2024-11-13T00:06:15.573+0000] {processor.py:186} INFO - Started process (PID=11656) to work on /home/airflow/.local/lib/python3.12/site-packages/airflow/example_dags/example_python_operator.py
[2024-11-13T00:06:15.574+0000] {processor.py:914} INFO - Processing file /home/airflow/.local/lib/python3.12/site-packages/airflow/example_dags/example_python_operator.py for tasks to queue
[2024-11-13T00:06:15.575+0000] {logging_mixin.py:190} INFO - [2024-11-13T00:06:15.575+0000] {dagbag.py:588} INFO - Filling up the DagBag from /home/airflow/.local/lib/python3.12/site-packages/airflow/example_dags/example_python_operator.py
[2024-11-13T00:06:15.606+0000] {processor.py:925} INFO - DAG(s) 'example_python_operator' retrieved from /home/airflow/.local/lib/python3.12/site-packages/airflow/example_dags/example_python_operator.py
[2024-11-13T00:06:15.631+0000] {logging_mixin.py:190} INFO - [2024-11-13T00:06:15.631+0000] {dag.py:3239} INFO - Sync 1 DAGs
[2024-11-13T00:06:15.651+0000] {logging_mixin.py:190} INFO - [2024-11-13T00:06:15.651+0000] {dag.py:4180} INFO - Setting next_dagrun for example_python_operator to None, run_after=None
[2024-11-13T00:06:15.684+0000] {processor.py:208} INFO - Processing /home/airflow/.local/lib/python3.12/site-packages/airflow/example_dags/example_python_operator.py took 0.123 seconds
[2024-11-13T00:06:45.907+0000] {processor.py:186} INFO - Started process (PID=11720) to work on /home/airflow/.local/lib/python3.12/site-packages/airflow/example_dags/example_python_operator.py
[2024-11-13T00:06:45.908+0000] {processor.py:914} INFO - Processing file /home/airflow/.local/lib/python3.12/site-packages/airflow/example_dags/example_python_operator.py for tasks to queue
[2024-11-13T00:06:45.909+0000] {logging_mixin.py:190} INFO - [2024-11-13T00:06:45.909+0000] {dagbag.py:588} INFO - Filling up the DagBag from /home/airflow/.local/lib/python3.12/site-packages/airflow/example_dags/example_python_operator.py
[2024-11-13T00:06:45.924+0000] {processor.py:925} INFO - DAG(s) 'example_python_operator' retrieved from /home/airflow/.local/lib/python3.12/site-packages/airflow/example_dags/example_python_operator.py
[2024-11-13T00:06:45.946+0000] {logging_mixin.py:190} INFO - [2024-11-13T00:06:45.946+0000] {dag.py:3239} INFO - Sync 1 DAGs
[2024-11-13T00:06:45.962+0000] {logging_mixin.py:190} INFO - [2024-11-13T00:06:45.961+0000] {dag.py:4180} INFO - Setting next_dagrun for example_python_operator to None, run_after=None
[2024-11-13T00:06:45.985+0000] {processor.py:208} INFO - Processing /home/airflow/.local/lib/python3.12/site-packages/airflow/example_dags/example_python_operator.py took 0.086 seconds
[2024-11-13T00:07:16.468+0000] {processor.py:186} INFO - Started process (PID=11784) to work on /home/airflow/.local/lib/python3.12/site-packages/airflow/example_dags/example_python_operator.py
[2024-11-13T00:07:16.468+0000] {processor.py:914} INFO - Processing file /home/airflow/.local/lib/python3.12/site-packages/airflow/example_dags/example_python_operator.py for tasks to queue
[2024-11-13T00:07:16.470+0000] {logging_mixin.py:190} INFO - [2024-11-13T00:07:16.470+0000] {dagbag.py:588} INFO - Filling up the DagBag from /home/airflow/.local/lib/python3.12/site-packages/airflow/example_dags/example_python_operator.py
[2024-11-13T00:07:16.483+0000] {processor.py:925} INFO - DAG(s) 'example_python_operator' retrieved from /home/airflow/.local/lib/python3.12/site-packages/airflow/example_dags/example_python_operator.py
[2024-11-13T00:07:16.506+0000] {logging_mixin.py:190} INFO - [2024-11-13T00:07:16.506+0000] {dag.py:3239} INFO - Sync 1 DAGs
[2024-11-13T00:07:16.524+0000] {logging_mixin.py:190} INFO - [2024-11-13T00:07:16.524+0000] {dag.py:4180} INFO - Setting next_dagrun for example_python_operator to None, run_after=None
[2024-11-13T00:07:16.550+0000] {processor.py:208} INFO - Processing /home/airflow/.local/lib/python3.12/site-packages/airflow/example_dags/example_python_operator.py took 0.089 seconds
[2024-11-13T00:07:47.084+0000] {processor.py:186} INFO - Started process (PID=11848) to work on /home/airflow/.local/lib/python3.12/site-packages/airflow/example_dags/example_python_operator.py
[2024-11-13T00:07:47.085+0000] {processor.py:914} INFO - Processing file /home/airflow/.local/lib/python3.12/site-packages/airflow/example_dags/example_python_operator.py for tasks to queue
[2024-11-13T00:07:47.087+0000] {logging_mixin.py:190} INFO - [2024-11-13T00:07:47.087+0000] {dagbag.py:588} INFO - Filling up the DagBag from /home/airflow/.local/lib/python3.12/site-packages/airflow/example_dags/example_python_operator.py
[2024-11-13T00:07:47.101+0000] {processor.py:925} INFO - DAG(s) 'example_python_operator' retrieved from /home/airflow/.local/lib/python3.12/site-packages/airflow/example_dags/example_python_operator.py
[2024-11-13T00:07:47.124+0000] {logging_mixin.py:190} INFO - [2024-11-13T00:07:47.124+0000] {dag.py:3239} INFO - Sync 1 DAGs
[2024-11-13T00:07:47.143+0000] {logging_mixin.py:190} INFO - [2024-11-13T00:07:47.142+0000] {dag.py:4180} INFO - Setting next_dagrun for example_python_operator to None, run_after=None
[2024-11-13T00:07:47.170+0000] {processor.py:208} INFO - Processing /home/airflow/.local/lib/python3.12/site-packages/airflow/example_dags/example_python_operator.py took 0.095 seconds
[2024-11-13T00:08:17.593+0000] {processor.py:186} INFO - Started process (PID=11912) to work on /home/airflow/.local/lib/python3.12/site-packages/airflow/example_dags/example_python_operator.py
[2024-11-13T00:08:17.594+0000] {processor.py:914} INFO - Processing file /home/airflow/.local/lib/python3.12/site-packages/airflow/example_dags/example_python_operator.py for tasks to queue
[2024-11-13T00:08:17.596+0000] {logging_mixin.py:190} INFO - [2024-11-13T00:08:17.595+0000] {dagbag.py:588} INFO - Filling up the DagBag from /home/airflow/.local/lib/python3.12/site-packages/airflow/example_dags/example_python_operator.py
[2024-11-13T00:08:17.611+0000] {processor.py:925} INFO - DAG(s) 'example_python_operator' retrieved from /home/airflow/.local/lib/python3.12/site-packages/airflow/example_dags/example_python_operator.py
[2024-11-13T00:08:17.636+0000] {logging_mixin.py:190} INFO - [2024-11-13T00:08:17.636+0000] {dag.py:3239} INFO - Sync 1 DAGs
[2024-11-13T00:08:17.652+0000] {logging_mixin.py:190} INFO - [2024-11-13T00:08:17.651+0000] {dag.py:4180} INFO - Setting next_dagrun for example_python_operator to None, run_after=None
[2024-11-13T00:08:17.676+0000] {processor.py:208} INFO - Processing /home/airflow/.local/lib/python3.12/site-packages/airflow/example_dags/example_python_operator.py took 0.090 seconds
[2024-11-13T00:08:49.040+0000] {processor.py:186} INFO - Started process (PID=11976) to work on /home/airflow/.local/lib/python3.12/site-packages/airflow/example_dags/example_python_operator.py
[2024-11-13T00:08:49.050+0000] {processor.py:914} INFO - Processing file /home/airflow/.local/lib/python3.12/site-packages/airflow/example_dags/example_python_operator.py for tasks to queue
[2024-11-13T00:08:49.054+0000] {logging_mixin.py:190} INFO - [2024-11-13T00:08:49.054+0000] {dagbag.py:588} INFO - Filling up the DagBag from /home/airflow/.local/lib/python3.12/site-packages/airflow/example_dags/example_python_operator.py
[2024-11-13T00:08:49.090+0000] {processor.py:925} INFO - DAG(s) 'example_python_operator' retrieved from /home/airflow/.local/lib/python3.12/site-packages/airflow/example_dags/example_python_operator.py
[2024-11-13T00:08:49.137+0000] {logging_mixin.py:190} INFO - [2024-11-13T00:08:49.137+0000] {dag.py:3239} INFO - Sync 1 DAGs
[2024-11-13T00:08:49.160+0000] {logging_mixin.py:190} INFO - [2024-11-13T00:08:49.159+0000] {dag.py:4180} INFO - Setting next_dagrun for example_python_operator to None, run_after=None
[2024-11-13T00:08:49.188+0000] {processor.py:208} INFO - Processing /home/airflow/.local/lib/python3.12/site-packages/airflow/example_dags/example_python_operator.py took 0.165 seconds
[2024-11-13T00:09:19.958+0000] {processor.py:186} INFO - Started process (PID=12040) to work on /home/airflow/.local/lib/python3.12/site-packages/airflow/example_dags/example_python_operator.py
[2024-11-13T00:09:19.959+0000] {processor.py:914} INFO - Processing file /home/airflow/.local/lib/python3.12/site-packages/airflow/example_dags/example_python_operator.py for tasks to queue
[2024-11-13T00:09:19.960+0000] {logging_mixin.py:190} INFO - [2024-11-13T00:09:19.960+0000] {dagbag.py:588} INFO - Filling up the DagBag from /home/airflow/.local/lib/python3.12/site-packages/airflow/example_dags/example_python_operator.py
[2024-11-13T00:09:19.988+0000] {processor.py:925} INFO - DAG(s) 'example_python_operator' retrieved from /home/airflow/.local/lib/python3.12/site-packages/airflow/example_dags/example_python_operator.py
[2024-11-13T00:09:20.027+0000] {logging_mixin.py:190} INFO - [2024-11-13T00:09:20.026+0000] {dag.py:3239} INFO - Sync 1 DAGs
[2024-11-13T00:09:20.054+0000] {logging_mixin.py:190} INFO - [2024-11-13T00:09:20.052+0000] {dag.py:4180} INFO - Setting next_dagrun for example_python_operator to None, run_after=None
[2024-11-13T00:09:20.085+0000] {processor.py:208} INFO - Processing /home/airflow/.local/lib/python3.12/site-packages/airflow/example_dags/example_python_operator.py took 0.139 seconds
[2024-11-13T00:09:50.234+0000] {processor.py:186} INFO - Started process (PID=12103) to work on /home/airflow/.local/lib/python3.12/site-packages/airflow/example_dags/example_python_operator.py
[2024-11-13T00:09:50.235+0000] {processor.py:914} INFO - Processing file /home/airflow/.local/lib/python3.12/site-packages/airflow/example_dags/example_python_operator.py for tasks to queue
[2024-11-13T00:09:50.236+0000] {logging_mixin.py:190} INFO - [2024-11-13T00:09:50.236+0000] {dagbag.py:588} INFO - Filling up the DagBag from /home/airflow/.local/lib/python3.12/site-packages/airflow/example_dags/example_python_operator.py
[2024-11-13T00:09:50.252+0000] {processor.py:925} INFO - DAG(s) 'example_python_operator' retrieved from /home/airflow/.local/lib/python3.12/site-packages/airflow/example_dags/example_python_operator.py
[2024-11-13T00:09:50.277+0000] {logging_mixin.py:190} INFO - [2024-11-13T00:09:50.277+0000] {dag.py:3239} INFO - Sync 1 DAGs
[2024-11-13T00:09:50.293+0000] {logging_mixin.py:190} INFO - [2024-11-13T00:09:50.293+0000] {dag.py:4180} INFO - Setting next_dagrun for example_python_operator to None, run_after=None
[2024-11-13T00:09:50.321+0000] {processor.py:208} INFO - Processing /home/airflow/.local/lib/python3.12/site-packages/airflow/example_dags/example_python_operator.py took 0.103 seconds
[2024-11-13T00:10:20.451+0000] {processor.py:186} INFO - Started process (PID=12167) to work on /home/airflow/.local/lib/python3.12/site-packages/airflow/example_dags/example_python_operator.py
[2024-11-13T00:10:20.452+0000] {processor.py:914} INFO - Processing file /home/airflow/.local/lib/python3.12/site-packages/airflow/example_dags/example_python_operator.py for tasks to queue
[2024-11-13T00:10:20.456+0000] {logging_mixin.py:190} INFO - [2024-11-13T00:10:20.454+0000] {dagbag.py:588} INFO - Filling up the DagBag from /home/airflow/.local/lib/python3.12/site-packages/airflow/example_dags/example_python_operator.py
[2024-11-13T00:10:20.469+0000] {processor.py:925} INFO - DAG(s) 'example_python_operator' retrieved from /home/airflow/.local/lib/python3.12/site-packages/airflow/example_dags/example_python_operator.py
[2024-11-13T00:10:20.497+0000] {logging_mixin.py:190} INFO - [2024-11-13T00:10:20.497+0000] {dag.py:3239} INFO - Sync 1 DAGs
[2024-11-13T00:10:20.515+0000] {logging_mixin.py:190} INFO - [2024-11-13T00:10:20.514+0000] {dag.py:4180} INFO - Setting next_dagrun for example_python_operator to None, run_after=None
[2024-11-13T00:10:20.549+0000] {processor.py:208} INFO - Processing /home/airflow/.local/lib/python3.12/site-packages/airflow/example_dags/example_python_operator.py took 0.107 seconds
[2024-11-13T00:10:50.965+0000] {processor.py:186} INFO - Started process (PID=12231) to work on /home/airflow/.local/lib/python3.12/site-packages/airflow/example_dags/example_python_operator.py
[2024-11-13T00:10:50.966+0000] {processor.py:914} INFO - Processing file /home/airflow/.local/lib/python3.12/site-packages/airflow/example_dags/example_python_operator.py for tasks to queue
[2024-11-13T00:10:50.969+0000] {logging_mixin.py:190} INFO - [2024-11-13T00:10:50.968+0000] {dagbag.py:588} INFO - Filling up the DagBag from /home/airflow/.local/lib/python3.12/site-packages/airflow/example_dags/example_python_operator.py
[2024-11-13T00:10:50.982+0000] {processor.py:925} INFO - DAG(s) 'example_python_operator' retrieved from /home/airflow/.local/lib/python3.12/site-packages/airflow/example_dags/example_python_operator.py
[2024-11-13T00:10:51.009+0000] {logging_mixin.py:190} INFO - [2024-11-13T00:10:51.009+0000] {dag.py:3239} INFO - Sync 1 DAGs
[2024-11-13T00:10:51.024+0000] {logging_mixin.py:190} INFO - [2024-11-13T00:10:51.023+0000] {dag.py:4180} INFO - Setting next_dagrun for example_python_operator to None, run_after=None
[2024-11-13T00:10:51.047+0000] {processor.py:208} INFO - Processing /home/airflow/.local/lib/python3.12/site-packages/airflow/example_dags/example_python_operator.py took 0.090 seconds
[2024-11-13T00:11:21.387+0000] {processor.py:186} INFO - Started process (PID=12295) to work on /home/airflow/.local/lib/python3.12/site-packages/airflow/example_dags/example_python_operator.py
[2024-11-13T00:11:21.388+0000] {processor.py:914} INFO - Processing file /home/airflow/.local/lib/python3.12/site-packages/airflow/example_dags/example_python_operator.py for tasks to queue
[2024-11-13T00:11:21.389+0000] {logging_mixin.py:190} INFO - [2024-11-13T00:11:21.389+0000] {dagbag.py:588} INFO - Filling up the DagBag from /home/airflow/.local/lib/python3.12/site-packages/airflow/example_dags/example_python_operator.py
[2024-11-13T00:11:21.402+0000] {processor.py:925} INFO - DAG(s) 'example_python_operator' retrieved from /home/airflow/.local/lib/python3.12/site-packages/airflow/example_dags/example_python_operator.py
[2024-11-13T00:11:21.425+0000] {logging_mixin.py:190} INFO - [2024-11-13T00:11:21.425+0000] {dag.py:3239} INFO - Sync 1 DAGs
[2024-11-13T00:11:21.441+0000] {logging_mixin.py:190} INFO - [2024-11-13T00:11:21.441+0000] {dag.py:4180} INFO - Setting next_dagrun for example_python_operator to None, run_after=None
[2024-11-13T00:11:21.463+0000] {processor.py:208} INFO - Processing /home/airflow/.local/lib/python3.12/site-packages/airflow/example_dags/example_python_operator.py took 0.083 seconds
[2024-11-13T00:11:51.642+0000] {processor.py:186} INFO - Started process (PID=12359) to work on /home/airflow/.local/lib/python3.12/site-packages/airflow/example_dags/example_python_operator.py
[2024-11-13T00:11:51.643+0000] {processor.py:914} INFO - Processing file /home/airflow/.local/lib/python3.12/site-packages/airflow/example_dags/example_python_operator.py for tasks to queue
[2024-11-13T00:11:51.644+0000] {logging_mixin.py:190} INFO - [2024-11-13T00:11:51.644+0000] {dagbag.py:588} INFO - Filling up the DagBag from /home/airflow/.local/lib/python3.12/site-packages/airflow/example_dags/example_python_operator.py
[2024-11-13T00:11:51.657+0000] {processor.py:925} INFO - DAG(s) 'example_python_operator' retrieved from /home/airflow/.local/lib/python3.12/site-packages/airflow/example_dags/example_python_operator.py
[2024-11-13T00:11:51.679+0000] {logging_mixin.py:190} INFO - [2024-11-13T00:11:51.678+0000] {dag.py:3239} INFO - Sync 1 DAGs
[2024-11-13T00:11:51.692+0000] {logging_mixin.py:190} INFO - [2024-11-13T00:11:51.691+0000] {dag.py:4180} INFO - Setting next_dagrun for example_python_operator to None, run_after=None
[2024-11-13T00:11:51.714+0000] {processor.py:208} INFO - Processing /home/airflow/.local/lib/python3.12/site-packages/airflow/example_dags/example_python_operator.py took 0.079 seconds
[2024-11-13T00:12:22.003+0000] {processor.py:186} INFO - Started process (PID=12423) to work on /home/airflow/.local/lib/python3.12/site-packages/airflow/example_dags/example_python_operator.py
[2024-11-13T00:12:22.004+0000] {processor.py:914} INFO - Processing file /home/airflow/.local/lib/python3.12/site-packages/airflow/example_dags/example_python_operator.py for tasks to queue
[2024-11-13T00:12:22.006+0000] {logging_mixin.py:190} INFO - [2024-11-13T00:12:22.005+0000] {dagbag.py:588} INFO - Filling up the DagBag from /home/airflow/.local/lib/python3.12/site-packages/airflow/example_dags/example_python_operator.py
[2024-11-13T00:12:22.021+0000] {processor.py:925} INFO - DAG(s) 'example_python_operator' retrieved from /home/airflow/.local/lib/python3.12/site-packages/airflow/example_dags/example_python_operator.py
[2024-11-13T00:12:22.051+0000] {logging_mixin.py:190} INFO - [2024-11-13T00:12:22.051+0000] {dag.py:3239} INFO - Sync 1 DAGs
[2024-11-13T00:12:22.068+0000] {logging_mixin.py:190} INFO - [2024-11-13T00:12:22.067+0000] {dag.py:4180} INFO - Setting next_dagrun for example_python_operator to None, run_after=None
[2024-11-13T00:12:22.094+0000] {processor.py:208} INFO - Processing /home/airflow/.local/lib/python3.12/site-packages/airflow/example_dags/example_python_operator.py took 0.102 seconds
[2024-11-13T00:12:53.057+0000] {processor.py:186} INFO - Started process (PID=12487) to work on /home/airflow/.local/lib/python3.12/site-packages/airflow/example_dags/example_python_operator.py
[2024-11-13T00:12:53.058+0000] {processor.py:914} INFO - Processing file /home/airflow/.local/lib/python3.12/site-packages/airflow/example_dags/example_python_operator.py for tasks to queue
[2024-11-13T00:12:53.059+0000] {logging_mixin.py:190} INFO - [2024-11-13T00:12:53.059+0000] {dagbag.py:588} INFO - Filling up the DagBag from /home/airflow/.local/lib/python3.12/site-packages/airflow/example_dags/example_python_operator.py
[2024-11-13T00:12:53.072+0000] {processor.py:925} INFO - DAG(s) 'example_python_operator' retrieved from /home/airflow/.local/lib/python3.12/site-packages/airflow/example_dags/example_python_operator.py
[2024-11-13T00:12:53.096+0000] {logging_mixin.py:190} INFO - [2024-11-13T00:12:53.096+0000] {dag.py:3239} INFO - Sync 1 DAGs
[2024-11-13T00:12:53.110+0000] {logging_mixin.py:190} INFO - [2024-11-13T00:12:53.110+0000] {dag.py:4180} INFO - Setting next_dagrun for example_python_operator to None, run_after=None
[2024-11-13T00:12:53.134+0000] {processor.py:208} INFO - Processing /home/airflow/.local/lib/python3.12/site-packages/airflow/example_dags/example_python_operator.py took 0.084 seconds
[2024-11-13T00:13:23.211+0000] {processor.py:186} INFO - Started process (PID=12551) to work on /home/airflow/.local/lib/python3.12/site-packages/airflow/example_dags/example_python_operator.py
[2024-11-13T00:13:23.212+0000] {processor.py:914} INFO - Processing file /home/airflow/.local/lib/python3.12/site-packages/airflow/example_dags/example_python_operator.py for tasks to queue
[2024-11-13T00:13:23.213+0000] {logging_mixin.py:190} INFO - [2024-11-13T00:13:23.213+0000] {dagbag.py:588} INFO - Filling up the DagBag from /home/airflow/.local/lib/python3.12/site-packages/airflow/example_dags/example_python_operator.py
[2024-11-13T00:13:23.226+0000] {processor.py:925} INFO - DAG(s) 'example_python_operator' retrieved from /home/airflow/.local/lib/python3.12/site-packages/airflow/example_dags/example_python_operator.py
[2024-11-13T00:13:23.253+0000] {logging_mixin.py:190} INFO - [2024-11-13T00:13:23.252+0000] {dag.py:3239} INFO - Sync 1 DAGs
[2024-11-13T00:13:23.267+0000] {logging_mixin.py:190} INFO - [2024-11-13T00:13:23.267+0000] {dag.py:4180} INFO - Setting next_dagrun for example_python_operator to None, run_after=None
[2024-11-13T00:13:23.289+0000] {processor.py:208} INFO - Processing /home/airflow/.local/lib/python3.12/site-packages/airflow/example_dags/example_python_operator.py took 0.088 seconds
[2024-11-13T00:13:53.941+0000] {processor.py:186} INFO - Started process (PID=12615) to work on /home/airflow/.local/lib/python3.12/site-packages/airflow/example_dags/example_python_operator.py
[2024-11-13T00:13:53.942+0000] {processor.py:914} INFO - Processing file /home/airflow/.local/lib/python3.12/site-packages/airflow/example_dags/example_python_operator.py for tasks to queue
[2024-11-13T00:13:53.943+0000] {logging_mixin.py:190} INFO - [2024-11-13T00:13:53.943+0000] {dagbag.py:588} INFO - Filling up the DagBag from /home/airflow/.local/lib/python3.12/site-packages/airflow/example_dags/example_python_operator.py
[2024-11-13T00:13:53.957+0000] {processor.py:925} INFO - DAG(s) 'example_python_operator' retrieved from /home/airflow/.local/lib/python3.12/site-packages/airflow/example_dags/example_python_operator.py
[2024-11-13T00:13:53.980+0000] {logging_mixin.py:190} INFO - [2024-11-13T00:13:53.980+0000] {dag.py:3239} INFO - Sync 1 DAGs
[2024-11-13T00:13:53.997+0000] {logging_mixin.py:190} INFO - [2024-11-13T00:13:53.997+0000] {dag.py:4180} INFO - Setting next_dagrun for example_python_operator to None, run_after=None
[2024-11-13T00:13:54.022+0000] {processor.py:208} INFO - Processing /home/airflow/.local/lib/python3.12/site-packages/airflow/example_dags/example_python_operator.py took 0.089 seconds
[2024-11-13T00:14:24.200+0000] {processor.py:186} INFO - Started process (PID=12679) to work on /home/airflow/.local/lib/python3.12/site-packages/airflow/example_dags/example_python_operator.py
[2024-11-13T00:14:24.201+0000] {processor.py:914} INFO - Processing file /home/airflow/.local/lib/python3.12/site-packages/airflow/example_dags/example_python_operator.py for tasks to queue
[2024-11-13T00:14:24.204+0000] {logging_mixin.py:190} INFO - [2024-11-13T00:14:24.203+0000] {dagbag.py:588} INFO - Filling up the DagBag from /home/airflow/.local/lib/python3.12/site-packages/airflow/example_dags/example_python_operator.py
[2024-11-13T00:14:24.220+0000] {processor.py:925} INFO - DAG(s) 'example_python_operator' retrieved from /home/airflow/.local/lib/python3.12/site-packages/airflow/example_dags/example_python_operator.py
[2024-11-13T00:14:24.245+0000] {logging_mixin.py:190} INFO - [2024-11-13T00:14:24.245+0000] {dag.py:3239} INFO - Sync 1 DAGs
[2024-11-13T00:14:24.259+0000] {logging_mixin.py:190} INFO - [2024-11-13T00:14:24.259+0000] {dag.py:4180} INFO - Setting next_dagrun for example_python_operator to None, run_after=None
[2024-11-13T00:14:24.284+0000] {processor.py:208} INFO - Processing /home/airflow/.local/lib/python3.12/site-packages/airflow/example_dags/example_python_operator.py took 0.093 seconds
[2024-11-13T00:14:54.662+0000] {processor.py:186} INFO - Started process (PID=12742) to work on /home/airflow/.local/lib/python3.12/site-packages/airflow/example_dags/example_python_operator.py
[2024-11-13T00:14:54.663+0000] {processor.py:914} INFO - Processing file /home/airflow/.local/lib/python3.12/site-packages/airflow/example_dags/example_python_operator.py for tasks to queue
[2024-11-13T00:14:54.666+0000] {logging_mixin.py:190} INFO - [2024-11-13T00:14:54.665+0000] {dagbag.py:588} INFO - Filling up the DagBag from /home/airflow/.local/lib/python3.12/site-packages/airflow/example_dags/example_python_operator.py
[2024-11-13T00:14:54.679+0000] {processor.py:925} INFO - DAG(s) 'example_python_operator' retrieved from /home/airflow/.local/lib/python3.12/site-packages/airflow/example_dags/example_python_operator.py
[2024-11-13T00:14:54.705+0000] {logging_mixin.py:190} INFO - [2024-11-13T00:14:54.705+0000] {dag.py:3239} INFO - Sync 1 DAGs
[2024-11-13T00:14:54.723+0000] {logging_mixin.py:190} INFO - [2024-11-13T00:14:54.722+0000] {dag.py:4180} INFO - Setting next_dagrun for example_python_operator to None, run_after=None
[2024-11-13T00:14:54.746+0000] {processor.py:208} INFO - Processing /home/airflow/.local/lib/python3.12/site-packages/airflow/example_dags/example_python_operator.py took 0.091 seconds
[2024-11-13T00:15:25.044+0000] {processor.py:186} INFO - Started process (PID=12806) to work on /home/airflow/.local/lib/python3.12/site-packages/airflow/example_dags/example_python_operator.py
[2024-11-13T00:15:25.045+0000] {processor.py:914} INFO - Processing file /home/airflow/.local/lib/python3.12/site-packages/airflow/example_dags/example_python_operator.py for tasks to queue
[2024-11-13T00:15:25.047+0000] {logging_mixin.py:190} INFO - [2024-11-13T00:15:25.047+0000] {dagbag.py:588} INFO - Filling up the DagBag from /home/airflow/.local/lib/python3.12/site-packages/airflow/example_dags/example_python_operator.py
[2024-11-13T00:15:25.061+0000] {processor.py:925} INFO - DAG(s) 'example_python_operator' retrieved from /home/airflow/.local/lib/python3.12/site-packages/airflow/example_dags/example_python_operator.py
[2024-11-13T00:15:25.088+0000] {logging_mixin.py:190} INFO - [2024-11-13T00:15:25.087+0000] {dag.py:3239} INFO - Sync 1 DAGs
[2024-11-13T00:15:25.120+0000] {logging_mixin.py:190} INFO - [2024-11-13T00:15:25.119+0000] {dag.py:4180} INFO - Setting next_dagrun for example_python_operator to None, run_after=None
[2024-11-13T00:15:25.173+0000] {processor.py:208} INFO - Processing /home/airflow/.local/lib/python3.12/site-packages/airflow/example_dags/example_python_operator.py took 0.137 seconds
[2024-11-13T00:15:55.319+0000] {processor.py:186} INFO - Started process (PID=12870) to work on /home/airflow/.local/lib/python3.12/site-packages/airflow/example_dags/example_python_operator.py
[2024-11-13T00:15:55.320+0000] {processor.py:914} INFO - Processing file /home/airflow/.local/lib/python3.12/site-packages/airflow/example_dags/example_python_operator.py for tasks to queue
[2024-11-13T00:15:55.321+0000] {logging_mixin.py:190} INFO - [2024-11-13T00:15:55.321+0000] {dagbag.py:588} INFO - Filling up the DagBag from /home/airflow/.local/lib/python3.12/site-packages/airflow/example_dags/example_python_operator.py
[2024-11-13T00:15:55.335+0000] {processor.py:925} INFO - DAG(s) 'example_python_operator' retrieved from /home/airflow/.local/lib/python3.12/site-packages/airflow/example_dags/example_python_operator.py
[2024-11-13T00:15:55.358+0000] {logging_mixin.py:190} INFO - [2024-11-13T00:15:55.358+0000] {dag.py:3239} INFO - Sync 1 DAGs
[2024-11-13T00:15:55.375+0000] {logging_mixin.py:190} INFO - [2024-11-13T00:15:55.375+0000] {dag.py:4180} INFO - Setting next_dagrun for example_python_operator to None, run_after=None
[2024-11-13T00:15:55.406+0000] {processor.py:208} INFO - Processing /home/airflow/.local/lib/python3.12/site-packages/airflow/example_dags/example_python_operator.py took 0.095 seconds
[2024-11-13T00:16:26.199+0000] {processor.py:186} INFO - Started process (PID=12935) to work on /home/airflow/.local/lib/python3.12/site-packages/airflow/example_dags/example_python_operator.py
[2024-11-13T00:16:26.200+0000] {processor.py:914} INFO - Processing file /home/airflow/.local/lib/python3.12/site-packages/airflow/example_dags/example_python_operator.py for tasks to queue
[2024-11-13T00:16:26.202+0000] {logging_mixin.py:190} INFO - [2024-11-13T00:16:26.201+0000] {dagbag.py:588} INFO - Filling up the DagBag from /home/airflow/.local/lib/python3.12/site-packages/airflow/example_dags/example_python_operator.py
[2024-11-13T00:16:26.215+0000] {processor.py:925} INFO - DAG(s) 'example_python_operator' retrieved from /home/airflow/.local/lib/python3.12/site-packages/airflow/example_dags/example_python_operator.py
[2024-11-13T00:16:26.242+0000] {logging_mixin.py:190} INFO - [2024-11-13T00:16:26.241+0000] {dag.py:3239} INFO - Sync 1 DAGs
[2024-11-13T00:16:26.261+0000] {logging_mixin.py:190} INFO - [2024-11-13T00:16:26.260+0000] {dag.py:4180} INFO - Setting next_dagrun for example_python_operator to None, run_after=None
[2024-11-13T00:16:26.288+0000] {processor.py:208} INFO - Processing /home/airflow/.local/lib/python3.12/site-packages/airflow/example_dags/example_python_operator.py took 0.098 seconds
[2024-11-13T00:16:56.589+0000] {processor.py:186} INFO - Started process (PID=12999) to work on /home/airflow/.local/lib/python3.12/site-packages/airflow/example_dags/example_python_operator.py
[2024-11-13T00:16:56.590+0000] {processor.py:914} INFO - Processing file /home/airflow/.local/lib/python3.12/site-packages/airflow/example_dags/example_python_operator.py for tasks to queue
[2024-11-13T00:16:56.592+0000] {logging_mixin.py:190} INFO - [2024-11-13T00:16:56.591+0000] {dagbag.py:588} INFO - Filling up the DagBag from /home/airflow/.local/lib/python3.12/site-packages/airflow/example_dags/example_python_operator.py
[2024-11-13T00:16:56.607+0000] {processor.py:925} INFO - DAG(s) 'example_python_operator' retrieved from /home/airflow/.local/lib/python3.12/site-packages/airflow/example_dags/example_python_operator.py
[2024-11-13T00:16:56.631+0000] {logging_mixin.py:190} INFO - [2024-11-13T00:16:56.631+0000] {dag.py:3239} INFO - Sync 1 DAGs
[2024-11-13T00:16:56.649+0000] {logging_mixin.py:190} INFO - [2024-11-13T00:16:56.649+0000] {dag.py:4180} INFO - Setting next_dagrun for example_python_operator to None, run_after=None
[2024-11-13T00:16:56.677+0000] {processor.py:208} INFO - Processing /home/airflow/.local/lib/python3.12/site-packages/airflow/example_dags/example_python_operator.py took 0.098 seconds
[2024-11-13T00:17:27.476+0000] {processor.py:186} INFO - Started process (PID=13063) to work on /home/airflow/.local/lib/python3.12/site-packages/airflow/example_dags/example_python_operator.py
[2024-11-13T00:17:27.478+0000] {processor.py:914} INFO - Processing file /home/airflow/.local/lib/python3.12/site-packages/airflow/example_dags/example_python_operator.py for tasks to queue
[2024-11-13T00:17:27.481+0000] {logging_mixin.py:190} INFO - [2024-11-13T00:17:27.480+0000] {dagbag.py:588} INFO - Filling up the DagBag from /home/airflow/.local/lib/python3.12/site-packages/airflow/example_dags/example_python_operator.py
[2024-11-13T00:17:27.516+0000] {processor.py:925} INFO - DAG(s) 'example_python_operator' retrieved from /home/airflow/.local/lib/python3.12/site-packages/airflow/example_dags/example_python_operator.py
[2024-11-13T00:17:27.575+0000] {logging_mixin.py:190} INFO - [2024-11-13T00:17:27.574+0000] {dag.py:3239} INFO - Sync 1 DAGs
[2024-11-13T00:17:27.598+0000] {logging_mixin.py:190} INFO - [2024-11-13T00:17:27.597+0000] {dag.py:4180} INFO - Setting next_dagrun for example_python_operator to None, run_after=None
[2024-11-13T00:17:27.637+0000] {processor.py:208} INFO - Processing /home/airflow/.local/lib/python3.12/site-packages/airflow/example_dags/example_python_operator.py took 0.184 seconds
[2024-11-13T00:17:57.849+0000] {processor.py:186} INFO - Started process (PID=13128) to work on /home/airflow/.local/lib/python3.12/site-packages/airflow/example_dags/example_python_operator.py
[2024-11-13T00:17:57.852+0000] {processor.py:914} INFO - Processing file /home/airflow/.local/lib/python3.12/site-packages/airflow/example_dags/example_python_operator.py for tasks to queue
[2024-11-13T00:17:57.863+0000] {logging_mixin.py:190} INFO - [2024-11-13T00:17:57.862+0000] {dagbag.py:588} INFO - Filling up the DagBag from /home/airflow/.local/lib/python3.12/site-packages/airflow/example_dags/example_python_operator.py
[2024-11-13T00:17:57.900+0000] {processor.py:925} INFO - DAG(s) 'example_python_operator' retrieved from /home/airflow/.local/lib/python3.12/site-packages/airflow/example_dags/example_python_operator.py
[2024-11-13T00:17:57.953+0000] {logging_mixin.py:190} INFO - [2024-11-13T00:17:57.952+0000] {dag.py:3239} INFO - Sync 1 DAGs
[2024-11-13T00:17:57.980+0000] {logging_mixin.py:190} INFO - [2024-11-13T00:17:57.979+0000] {dag.py:4180} INFO - Setting next_dagrun for example_python_operator to None, run_after=None
[2024-11-13T00:17:58.012+0000] {processor.py:208} INFO - Processing /home/airflow/.local/lib/python3.12/site-packages/airflow/example_dags/example_python_operator.py took 0.180 seconds
[2024-11-13T00:18:29.173+0000] {processor.py:186} INFO - Started process (PID=13192) to work on /home/airflow/.local/lib/python3.12/site-packages/airflow/example_dags/example_python_operator.py
[2024-11-13T00:18:29.175+0000] {processor.py:914} INFO - Processing file /home/airflow/.local/lib/python3.12/site-packages/airflow/example_dags/example_python_operator.py for tasks to queue
[2024-11-13T00:18:29.176+0000] {logging_mixin.py:190} INFO - [2024-11-13T00:18:29.176+0000] {dagbag.py:588} INFO - Filling up the DagBag from /home/airflow/.local/lib/python3.12/site-packages/airflow/example_dags/example_python_operator.py
[2024-11-13T00:18:29.192+0000] {processor.py:925} INFO - DAG(s) 'example_python_operator' retrieved from /home/airflow/.local/lib/python3.12/site-packages/airflow/example_dags/example_python_operator.py
[2024-11-13T00:18:29.221+0000] {logging_mixin.py:190} INFO - [2024-11-13T00:18:29.221+0000] {dag.py:3239} INFO - Sync 1 DAGs
[2024-11-13T00:18:29.240+0000] {logging_mixin.py:190} INFO - [2024-11-13T00:18:29.239+0000] {dag.py:4180} INFO - Setting next_dagrun for example_python_operator to None, run_after=None
[2024-11-13T00:18:29.268+0000] {processor.py:208} INFO - Processing /home/airflow/.local/lib/python3.12/site-packages/airflow/example_dags/example_python_operator.py took 0.119 seconds
[2024-11-13T00:18:59.708+0000] {processor.py:186} INFO - Started process (PID=13254) to work on /home/airflow/.local/lib/python3.12/site-packages/airflow/example_dags/example_python_operator.py
[2024-11-13T00:18:59.709+0000] {processor.py:914} INFO - Processing file /home/airflow/.local/lib/python3.12/site-packages/airflow/example_dags/example_python_operator.py for tasks to queue
[2024-11-13T00:18:59.711+0000] {logging_mixin.py:190} INFO - [2024-11-13T00:18:59.710+0000] {dagbag.py:588} INFO - Filling up the DagBag from /home/airflow/.local/lib/python3.12/site-packages/airflow/example_dags/example_python_operator.py
[2024-11-13T00:18:59.729+0000] {processor.py:925} INFO - DAG(s) 'example_python_operator' retrieved from /home/airflow/.local/lib/python3.12/site-packages/airflow/example_dags/example_python_operator.py
[2024-11-13T00:18:59.764+0000] {logging_mixin.py:190} INFO - [2024-11-13T00:18:59.764+0000] {dag.py:3239} INFO - Sync 1 DAGs
[2024-11-13T00:18:59.785+0000] {logging_mixin.py:190} INFO - [2024-11-13T00:18:59.785+0000] {dag.py:4180} INFO - Setting next_dagrun for example_python_operator to None, run_after=None
[2024-11-13T00:18:59.813+0000] {processor.py:208} INFO - Processing /home/airflow/.local/lib/python3.12/site-packages/airflow/example_dags/example_python_operator.py took 0.114 seconds
[2024-11-13T00:19:40.433+0000] {processor.py:186} INFO - Started process (PID=13292) to work on /home/airflow/.local/lib/python3.12/site-packages/airflow/example_dags/example_python_operator.py
[2024-11-13T00:19:40.434+0000] {processor.py:914} INFO - Processing file /home/airflow/.local/lib/python3.12/site-packages/airflow/example_dags/example_python_operator.py for tasks to queue
[2024-11-13T00:19:40.435+0000] {logging_mixin.py:190} INFO - [2024-11-13T00:19:40.435+0000] {dagbag.py:588} INFO - Filling up the DagBag from /home/airflow/.local/lib/python3.12/site-packages/airflow/example_dags/example_python_operator.py
[2024-11-13T00:19:40.451+0000] {processor.py:925} INFO - DAG(s) 'example_python_operator' retrieved from /home/airflow/.local/lib/python3.12/site-packages/airflow/example_dags/example_python_operator.py
[2024-11-13T00:19:40.484+0000] {logging_mixin.py:190} INFO - [2024-11-13T00:19:40.484+0000] {dag.py:3239} INFO - Sync 1 DAGs
[2024-11-13T00:19:40.502+0000] {logging_mixin.py:190} INFO - [2024-11-13T00:19:40.501+0000] {dag.py:4180} INFO - Setting next_dagrun for example_python_operator to None, run_after=None
[2024-11-13T00:19:40.529+0000] {processor.py:208} INFO - Processing /home/airflow/.local/lib/python3.12/site-packages/airflow/example_dags/example_python_operator.py took 0.107 seconds
[2024-11-13T00:20:13.246+0000] {processor.py:186} INFO - Started process (PID=13356) to work on /home/airflow/.local/lib/python3.12/site-packages/airflow/example_dags/example_python_operator.py
[2024-11-13T00:20:13.247+0000] {processor.py:914} INFO - Processing file /home/airflow/.local/lib/python3.12/site-packages/airflow/example_dags/example_python_operator.py for tasks to queue
[2024-11-13T00:20:13.249+0000] {logging_mixin.py:190} INFO - [2024-11-13T00:20:13.248+0000] {dagbag.py:588} INFO - Filling up the DagBag from /home/airflow/.local/lib/python3.12/site-packages/airflow/example_dags/example_python_operator.py
[2024-11-13T00:20:13.273+0000] {processor.py:925} INFO - DAG(s) 'example_python_operator' retrieved from /home/airflow/.local/lib/python3.12/site-packages/airflow/example_dags/example_python_operator.py
[2024-11-13T00:20:13.307+0000] {logging_mixin.py:190} INFO - [2024-11-13T00:20:13.307+0000] {dag.py:3239} INFO - Sync 1 DAGs
[2024-11-13T00:20:13.328+0000] {logging_mixin.py:190} INFO - [2024-11-13T00:20:13.328+0000] {dag.py:4180} INFO - Setting next_dagrun for example_python_operator to None, run_after=None
[2024-11-13T00:20:13.362+0000] {processor.py:208} INFO - Processing /home/airflow/.local/lib/python3.12/site-packages/airflow/example_dags/example_python_operator.py took 0.123 seconds
[2024-11-13T00:20:44.094+0000] {processor.py:186} INFO - Started process (PID=13420) to work on /home/airflow/.local/lib/python3.12/site-packages/airflow/example_dags/example_python_operator.py
[2024-11-13T00:20:44.097+0000] {processor.py:914} INFO - Processing file /home/airflow/.local/lib/python3.12/site-packages/airflow/example_dags/example_python_operator.py for tasks to queue
[2024-11-13T00:20:44.099+0000] {logging_mixin.py:190} INFO - [2024-11-13T00:20:44.099+0000] {dagbag.py:588} INFO - Filling up the DagBag from /home/airflow/.local/lib/python3.12/site-packages/airflow/example_dags/example_python_operator.py
[2024-11-13T00:20:44.118+0000] {processor.py:925} INFO - DAG(s) 'example_python_operator' retrieved from /home/airflow/.local/lib/python3.12/site-packages/airflow/example_dags/example_python_operator.py
[2024-11-13T00:20:44.148+0000] {logging_mixin.py:190} INFO - [2024-11-13T00:20:44.147+0000] {dag.py:3239} INFO - Sync 1 DAGs
[2024-11-13T00:20:44.168+0000] {logging_mixin.py:190} INFO - [2024-11-13T00:20:44.168+0000] {dag.py:4180} INFO - Setting next_dagrun for example_python_operator to None, run_after=None
[2024-11-13T00:20:44.203+0000] {processor.py:208} INFO - Processing /home/airflow/.local/lib/python3.12/site-packages/airflow/example_dags/example_python_operator.py took 0.120 seconds
[2024-11-13T00:21:15.032+0000] {processor.py:186} INFO - Started process (PID=13484) to work on /home/airflow/.local/lib/python3.12/site-packages/airflow/example_dags/example_python_operator.py
[2024-11-13T00:21:15.033+0000] {processor.py:914} INFO - Processing file /home/airflow/.local/lib/python3.12/site-packages/airflow/example_dags/example_python_operator.py for tasks to queue
[2024-11-13T00:21:15.034+0000] {logging_mixin.py:190} INFO - [2024-11-13T00:21:15.034+0000] {dagbag.py:588} INFO - Filling up the DagBag from /home/airflow/.local/lib/python3.12/site-packages/airflow/example_dags/example_python_operator.py
[2024-11-13T00:21:15.056+0000] {processor.py:925} INFO - DAG(s) 'example_python_operator' retrieved from /home/airflow/.local/lib/python3.12/site-packages/airflow/example_dags/example_python_operator.py
[2024-11-13T00:21:15.081+0000] {logging_mixin.py:190} INFO - [2024-11-13T00:21:15.081+0000] {dag.py:3239} INFO - Sync 1 DAGs
[2024-11-13T00:21:15.099+0000] {logging_mixin.py:190} INFO - [2024-11-13T00:21:15.099+0000] {dag.py:4180} INFO - Setting next_dagrun for example_python_operator to None, run_after=None
[2024-11-13T00:21:15.127+0000] {processor.py:208} INFO - Processing /home/airflow/.local/lib/python3.12/site-packages/airflow/example_dags/example_python_operator.py took 0.104 seconds
[2024-11-13T00:21:46.705+0000] {processor.py:186} INFO - Started process (PID=13548) to work on /home/airflow/.local/lib/python3.12/site-packages/airflow/example_dags/example_python_operator.py
[2024-11-13T00:21:46.706+0000] {processor.py:914} INFO - Processing file /home/airflow/.local/lib/python3.12/site-packages/airflow/example_dags/example_python_operator.py for tasks to queue
[2024-11-13T00:21:46.707+0000] {logging_mixin.py:190} INFO - [2024-11-13T00:21:46.707+0000] {dagbag.py:588} INFO - Filling up the DagBag from /home/airflow/.local/lib/python3.12/site-packages/airflow/example_dags/example_python_operator.py
[2024-11-13T00:21:46.723+0000] {processor.py:925} INFO - DAG(s) 'example_python_operator' retrieved from /home/airflow/.local/lib/python3.12/site-packages/airflow/example_dags/example_python_operator.py
[2024-11-13T00:21:46.749+0000] {logging_mixin.py:190} INFO - [2024-11-13T00:21:46.748+0000] {dag.py:3239} INFO - Sync 1 DAGs
[2024-11-13T00:21:46.774+0000] {logging_mixin.py:190} INFO - [2024-11-13T00:21:46.774+0000] {dag.py:4180} INFO - Setting next_dagrun for example_python_operator to None, run_after=None
[2024-11-13T00:21:46.806+0000] {processor.py:208} INFO - Processing /home/airflow/.local/lib/python3.12/site-packages/airflow/example_dags/example_python_operator.py took 0.110 seconds
[2024-11-13T00:22:17.993+0000] {processor.py:186} INFO - Started process (PID=13612) to work on /home/airflow/.local/lib/python3.12/site-packages/airflow/example_dags/example_python_operator.py
[2024-11-13T00:22:17.996+0000] {processor.py:914} INFO - Processing file /home/airflow/.local/lib/python3.12/site-packages/airflow/example_dags/example_python_operator.py for tasks to queue
[2024-11-13T00:22:17.998+0000] {logging_mixin.py:190} INFO - [2024-11-13T00:22:17.998+0000] {dagbag.py:588} INFO - Filling up the DagBag from /home/airflow/.local/lib/python3.12/site-packages/airflow/example_dags/example_python_operator.py
[2024-11-13T00:22:18.018+0000] {processor.py:925} INFO - DAG(s) 'example_python_operator' retrieved from /home/airflow/.local/lib/python3.12/site-packages/airflow/example_dags/example_python_operator.py
[2024-11-13T00:22:18.048+0000] {logging_mixin.py:190} INFO - [2024-11-13T00:22:18.047+0000] {dag.py:3239} INFO - Sync 1 DAGs
[2024-11-13T00:22:18.065+0000] {logging_mixin.py:190} INFO - [2024-11-13T00:22:18.065+0000] {dag.py:4180} INFO - Setting next_dagrun for example_python_operator to None, run_after=None
[2024-11-13T00:22:18.091+0000] {processor.py:208} INFO - Processing /home/airflow/.local/lib/python3.12/site-packages/airflow/example_dags/example_python_operator.py took 0.107 seconds
[2024-11-13T00:22:48.977+0000] {processor.py:186} INFO - Started process (PID=13676) to work on /home/airflow/.local/lib/python3.12/site-packages/airflow/example_dags/example_python_operator.py
[2024-11-13T00:22:48.978+0000] {processor.py:914} INFO - Processing file /home/airflow/.local/lib/python3.12/site-packages/airflow/example_dags/example_python_operator.py for tasks to queue
[2024-11-13T00:22:48.980+0000] {logging_mixin.py:190} INFO - [2024-11-13T00:22:48.980+0000] {dagbag.py:588} INFO - Filling up the DagBag from /home/airflow/.local/lib/python3.12/site-packages/airflow/example_dags/example_python_operator.py
[2024-11-13T00:22:48.997+0000] {processor.py:925} INFO - DAG(s) 'example_python_operator' retrieved from /home/airflow/.local/lib/python3.12/site-packages/airflow/example_dags/example_python_operator.py
[2024-11-13T00:22:49.024+0000] {logging_mixin.py:190} INFO - [2024-11-13T00:22:49.024+0000] {dag.py:3239} INFO - Sync 1 DAGs
[2024-11-13T00:22:49.039+0000] {logging_mixin.py:190} INFO - [2024-11-13T00:22:49.039+0000] {dag.py:4180} INFO - Setting next_dagrun for example_python_operator to None, run_after=None
[2024-11-13T00:22:49.060+0000] {processor.py:208} INFO - Processing /home/airflow/.local/lib/python3.12/site-packages/airflow/example_dags/example_python_operator.py took 0.097 seconds
[2024-11-13T00:23:20.031+0000] {processor.py:186} INFO - Started process (PID=13740) to work on /home/airflow/.local/lib/python3.12/site-packages/airflow/example_dags/example_python_operator.py
[2024-11-13T00:23:20.032+0000] {processor.py:914} INFO - Processing file /home/airflow/.local/lib/python3.12/site-packages/airflow/example_dags/example_python_operator.py for tasks to queue
[2024-11-13T00:23:20.033+0000] {logging_mixin.py:190} INFO - [2024-11-13T00:23:20.033+0000] {dagbag.py:588} INFO - Filling up the DagBag from /home/airflow/.local/lib/python3.12/site-packages/airflow/example_dags/example_python_operator.py
[2024-11-13T00:23:20.050+0000] {processor.py:925} INFO - DAG(s) 'example_python_operator' retrieved from /home/airflow/.local/lib/python3.12/site-packages/airflow/example_dags/example_python_operator.py
[2024-11-13T00:23:20.079+0000] {logging_mixin.py:190} INFO - [2024-11-13T00:23:20.078+0000] {dag.py:3239} INFO - Sync 1 DAGs
[2024-11-13T00:23:20.100+0000] {logging_mixin.py:190} INFO - [2024-11-13T00:23:20.099+0000] {dag.py:4180} INFO - Setting next_dagrun for example_python_operator to None, run_after=None
[2024-11-13T00:23:20.124+0000] {processor.py:208} INFO - Processing /home/airflow/.local/lib/python3.12/site-packages/airflow/example_dags/example_python_operator.py took 0.102 seconds
[2024-11-13T00:23:51.820+0000] {processor.py:186} INFO - Started process (PID=13805) to work on /home/airflow/.local/lib/python3.12/site-packages/airflow/example_dags/example_python_operator.py
[2024-11-13T00:23:51.821+0000] {processor.py:914} INFO - Processing file /home/airflow/.local/lib/python3.12/site-packages/airflow/example_dags/example_python_operator.py for tasks to queue
[2024-11-13T00:23:51.822+0000] {logging_mixin.py:190} INFO - [2024-11-13T00:23:51.822+0000] {dagbag.py:588} INFO - Filling up the DagBag from /home/airflow/.local/lib/python3.12/site-packages/airflow/example_dags/example_python_operator.py
[2024-11-13T00:23:51.849+0000] {processor.py:925} INFO - DAG(s) 'example_python_operator' retrieved from /home/airflow/.local/lib/python3.12/site-packages/airflow/example_dags/example_python_operator.py
[2024-11-13T00:23:51.875+0000] {logging_mixin.py:190} INFO - [2024-11-13T00:23:51.875+0000] {dag.py:3239} INFO - Sync 1 DAGs
[2024-11-13T00:23:51.903+0000] {logging_mixin.py:190} INFO - [2024-11-13T00:23:51.902+0000] {dag.py:4180} INFO - Setting next_dagrun for example_python_operator to None, run_after=None
[2024-11-13T00:23:51.934+0000] {processor.py:208} INFO - Processing /home/airflow/.local/lib/python3.12/site-packages/airflow/example_dags/example_python_operator.py took 0.129 seconds
[2024-11-13T00:24:22.618+0000] {processor.py:186} INFO - Started process (PID=13869) to work on /home/airflow/.local/lib/python3.12/site-packages/airflow/example_dags/example_python_operator.py
[2024-11-13T00:24:22.618+0000] {processor.py:914} INFO - Processing file /home/airflow/.local/lib/python3.12/site-packages/airflow/example_dags/example_python_operator.py for tasks to queue
[2024-11-13T00:24:22.624+0000] {logging_mixin.py:190} INFO - [2024-11-13T00:24:22.621+0000] {dagbag.py:588} INFO - Filling up the DagBag from /home/airflow/.local/lib/python3.12/site-packages/airflow/example_dags/example_python_operator.py
[2024-11-13T00:24:22.648+0000] {processor.py:925} INFO - DAG(s) 'example_python_operator' retrieved from /home/airflow/.local/lib/python3.12/site-packages/airflow/example_dags/example_python_operator.py
[2024-11-13T00:24:22.674+0000] {logging_mixin.py:190} INFO - [2024-11-13T00:24:22.674+0000] {dag.py:3239} INFO - Sync 1 DAGs
[2024-11-13T00:24:22.690+0000] {logging_mixin.py:190} INFO - [2024-11-13T00:24:22.689+0000] {dag.py:4180} INFO - Setting next_dagrun for example_python_operator to None, run_after=None
[2024-11-13T00:24:22.714+0000] {processor.py:208} INFO - Processing /home/airflow/.local/lib/python3.12/site-packages/airflow/example_dags/example_python_operator.py took 0.105 seconds
[2024-11-13T00:24:53.195+0000] {processor.py:186} INFO - Started process (PID=13934) to work on /home/airflow/.local/lib/python3.12/site-packages/airflow/example_dags/example_python_operator.py
[2024-11-13T00:24:53.196+0000] {processor.py:914} INFO - Processing file /home/airflow/.local/lib/python3.12/site-packages/airflow/example_dags/example_python_operator.py for tasks to queue
[2024-11-13T00:24:53.198+0000] {logging_mixin.py:190} INFO - [2024-11-13T00:24:53.197+0000] {dagbag.py:588} INFO - Filling up the DagBag from /home/airflow/.local/lib/python3.12/site-packages/airflow/example_dags/example_python_operator.py
[2024-11-13T00:24:53.215+0000] {processor.py:925} INFO - DAG(s) 'example_python_operator' retrieved from /home/airflow/.local/lib/python3.12/site-packages/airflow/example_dags/example_python_operator.py
[2024-11-13T00:24:53.240+0000] {logging_mixin.py:190} INFO - [2024-11-13T00:24:53.240+0000] {dag.py:3239} INFO - Sync 1 DAGs
[2024-11-13T00:24:53.257+0000] {logging_mixin.py:190} INFO - [2024-11-13T00:24:53.257+0000] {dag.py:4180} INFO - Setting next_dagrun for example_python_operator to None, run_after=None
[2024-11-13T00:24:53.291+0000] {processor.py:208} INFO - Processing /home/airflow/.local/lib/python3.12/site-packages/airflow/example_dags/example_python_operator.py took 0.106 seconds
[2024-11-13T00:25:26.160+0000] {processor.py:186} INFO - Started process (PID=13998) to work on /home/airflow/.local/lib/python3.12/site-packages/airflow/example_dags/example_python_operator.py
[2024-11-13T00:25:26.160+0000] {processor.py:914} INFO - Processing file /home/airflow/.local/lib/python3.12/site-packages/airflow/example_dags/example_python_operator.py for tasks to queue
[2024-11-13T00:25:26.164+0000] {logging_mixin.py:190} INFO - [2024-11-13T00:25:26.163+0000] {dagbag.py:588} INFO - Filling up the DagBag from /home/airflow/.local/lib/python3.12/site-packages/airflow/example_dags/example_python_operator.py
[2024-11-13T00:25:26.188+0000] {processor.py:925} INFO - DAG(s) 'example_python_operator' retrieved from /home/airflow/.local/lib/python3.12/site-packages/airflow/example_dags/example_python_operator.py
[2024-11-13T00:25:26.218+0000] {logging_mixin.py:190} INFO - [2024-11-13T00:25:26.218+0000] {dag.py:3239} INFO - Sync 1 DAGs
[2024-11-13T00:25:26.236+0000] {logging_mixin.py:190} INFO - [2024-11-13T00:25:26.235+0000] {dag.py:4180} INFO - Setting next_dagrun for example_python_operator to None, run_after=None
[2024-11-13T00:25:26.269+0000] {processor.py:208} INFO - Processing /home/airflow/.local/lib/python3.12/site-packages/airflow/example_dags/example_python_operator.py took 0.120 seconds
[2024-11-13T00:25:57.969+0000] {processor.py:186} INFO - Started process (PID=14062) to work on /home/airflow/.local/lib/python3.12/site-packages/airflow/example_dags/example_python_operator.py
[2024-11-13T00:25:57.972+0000] {processor.py:914} INFO - Processing file /home/airflow/.local/lib/python3.12/site-packages/airflow/example_dags/example_python_operator.py for tasks to queue
[2024-11-13T00:25:57.975+0000] {logging_mixin.py:190} INFO - [2024-11-13T00:25:57.974+0000] {dagbag.py:588} INFO - Filling up the DagBag from /home/airflow/.local/lib/python3.12/site-packages/airflow/example_dags/example_python_operator.py
[2024-11-13T00:25:57.990+0000] {processor.py:925} INFO - DAG(s) 'example_python_operator' retrieved from /home/airflow/.local/lib/python3.12/site-packages/airflow/example_dags/example_python_operator.py
[2024-11-13T00:25:58.019+0000] {logging_mixin.py:190} INFO - [2024-11-13T00:25:58.018+0000] {dag.py:3239} INFO - Sync 1 DAGs
[2024-11-13T00:25:58.043+0000] {logging_mixin.py:190} INFO - [2024-11-13T00:25:58.042+0000] {dag.py:4180} INFO - Setting next_dagrun for example_python_operator to None, run_after=None
[2024-11-13T00:25:58.080+0000] {processor.py:208} INFO - Processing /home/airflow/.local/lib/python3.12/site-packages/airflow/example_dags/example_python_operator.py took 0.118 seconds
[2024-11-13T00:26:29.621+0000] {processor.py:186} INFO - Started process (PID=14126) to work on /home/airflow/.local/lib/python3.12/site-packages/airflow/example_dags/example_python_operator.py
[2024-11-13T00:26:29.622+0000] {processor.py:914} INFO - Processing file /home/airflow/.local/lib/python3.12/site-packages/airflow/example_dags/example_python_operator.py for tasks to queue
[2024-11-13T00:26:29.623+0000] {logging_mixin.py:190} INFO - [2024-11-13T00:26:29.623+0000] {dagbag.py:588} INFO - Filling up the DagBag from /home/airflow/.local/lib/python3.12/site-packages/airflow/example_dags/example_python_operator.py
[2024-11-13T00:26:29.638+0000] {processor.py:925} INFO - DAG(s) 'example_python_operator' retrieved from /home/airflow/.local/lib/python3.12/site-packages/airflow/example_dags/example_python_operator.py
[2024-11-13T00:26:29.661+0000] {logging_mixin.py:190} INFO - [2024-11-13T00:26:29.661+0000] {dag.py:3239} INFO - Sync 1 DAGs
[2024-11-13T00:26:29.684+0000] {logging_mixin.py:190} INFO - [2024-11-13T00:26:29.684+0000] {dag.py:4180} INFO - Setting next_dagrun for example_python_operator to None, run_after=None
[2024-11-13T00:26:29.709+0000] {processor.py:208} INFO - Processing /home/airflow/.local/lib/python3.12/site-packages/airflow/example_dags/example_python_operator.py took 0.098 seconds
[2024-11-13T00:27:00.446+0000] {processor.py:186} INFO - Started process (PID=14190) to work on /home/airflow/.local/lib/python3.12/site-packages/airflow/example_dags/example_python_operator.py
[2024-11-13T00:27:00.447+0000] {processor.py:914} INFO - Processing file /home/airflow/.local/lib/python3.12/site-packages/airflow/example_dags/example_python_operator.py for tasks to queue
[2024-11-13T00:27:00.448+0000] {logging_mixin.py:190} INFO - [2024-11-13T00:27:00.448+0000] {dagbag.py:588} INFO - Filling up the DagBag from /home/airflow/.local/lib/python3.12/site-packages/airflow/example_dags/example_python_operator.py
[2024-11-13T00:27:00.460+0000] {processor.py:925} INFO - DAG(s) 'example_python_operator' retrieved from /home/airflow/.local/lib/python3.12/site-packages/airflow/example_dags/example_python_operator.py
[2024-11-13T00:27:00.483+0000] {logging_mixin.py:190} INFO - [2024-11-13T00:27:00.482+0000] {dag.py:3239} INFO - Sync 1 DAGs
[2024-11-13T00:27:00.496+0000] {logging_mixin.py:190} INFO - [2024-11-13T00:27:00.495+0000] {dag.py:4180} INFO - Setting next_dagrun for example_python_operator to None, run_after=None
[2024-11-13T00:27:00.517+0000] {processor.py:208} INFO - Processing /home/airflow/.local/lib/python3.12/site-packages/airflow/example_dags/example_python_operator.py took 0.078 seconds
[2024-11-13T00:27:31.536+0000] {processor.py:186} INFO - Started process (PID=14254) to work on /home/airflow/.local/lib/python3.12/site-packages/airflow/example_dags/example_python_operator.py
[2024-11-13T00:27:31.537+0000] {processor.py:914} INFO - Processing file /home/airflow/.local/lib/python3.12/site-packages/airflow/example_dags/example_python_operator.py for tasks to queue
[2024-11-13T00:27:31.539+0000] {logging_mixin.py:190} INFO - [2024-11-13T00:27:31.538+0000] {dagbag.py:588} INFO - Filling up the DagBag from /home/airflow/.local/lib/python3.12/site-packages/airflow/example_dags/example_python_operator.py
[2024-11-13T00:27:31.551+0000] {processor.py:925} INFO - DAG(s) 'example_python_operator' retrieved from /home/airflow/.local/lib/python3.12/site-packages/airflow/example_dags/example_python_operator.py
[2024-11-13T00:27:31.576+0000] {logging_mixin.py:190} INFO - [2024-11-13T00:27:31.576+0000] {dag.py:3239} INFO - Sync 1 DAGs
[2024-11-13T00:27:31.592+0000] {logging_mixin.py:190} INFO - [2024-11-13T00:27:31.592+0000] {dag.py:4180} INFO - Setting next_dagrun for example_python_operator to None, run_after=None
[2024-11-13T00:27:31.614+0000] {processor.py:208} INFO - Processing /home/airflow/.local/lib/python3.12/site-packages/airflow/example_dags/example_python_operator.py took 0.088 seconds
[2024-11-13T00:28:02.238+0000] {processor.py:186} INFO - Started process (PID=14318) to work on /home/airflow/.local/lib/python3.12/site-packages/airflow/example_dags/example_python_operator.py
[2024-11-13T00:28:02.239+0000] {processor.py:914} INFO - Processing file /home/airflow/.local/lib/python3.12/site-packages/airflow/example_dags/example_python_operator.py for tasks to queue
[2024-11-13T00:28:02.240+0000] {logging_mixin.py:190} INFO - [2024-11-13T00:28:02.240+0000] {dagbag.py:588} INFO - Filling up the DagBag from /home/airflow/.local/lib/python3.12/site-packages/airflow/example_dags/example_python_operator.py
[2024-11-13T00:28:02.253+0000] {processor.py:925} INFO - DAG(s) 'example_python_operator' retrieved from /home/airflow/.local/lib/python3.12/site-packages/airflow/example_dags/example_python_operator.py
[2024-11-13T00:28:02.276+0000] {logging_mixin.py:190} INFO - [2024-11-13T00:28:02.276+0000] {dag.py:3239} INFO - Sync 1 DAGs
[2024-11-13T00:28:02.295+0000] {logging_mixin.py:190} INFO - [2024-11-13T00:28:02.294+0000] {dag.py:4180} INFO - Setting next_dagrun for example_python_operator to None, run_after=None
[2024-11-13T00:28:02.324+0000] {processor.py:208} INFO - Processing /home/airflow/.local/lib/python3.12/site-packages/airflow/example_dags/example_python_operator.py took 0.094 seconds
[2024-11-13T00:28:34.642+0000] {processor.py:186} INFO - Started process (PID=14382) to work on /home/airflow/.local/lib/python3.12/site-packages/airflow/example_dags/example_python_operator.py
[2024-11-13T00:28:34.643+0000] {processor.py:914} INFO - Processing file /home/airflow/.local/lib/python3.12/site-packages/airflow/example_dags/example_python_operator.py for tasks to queue
[2024-11-13T00:28:34.645+0000] {logging_mixin.py:190} INFO - [2024-11-13T00:28:34.645+0000] {dagbag.py:588} INFO - Filling up the DagBag from /home/airflow/.local/lib/python3.12/site-packages/airflow/example_dags/example_python_operator.py
[2024-11-13T00:28:34.662+0000] {processor.py:925} INFO - DAG(s) 'example_python_operator' retrieved from /home/airflow/.local/lib/python3.12/site-packages/airflow/example_dags/example_python_operator.py
[2024-11-13T00:28:34.687+0000] {logging_mixin.py:190} INFO - [2024-11-13T00:28:34.686+0000] {dag.py:3239} INFO - Sync 1 DAGs
[2024-11-13T00:28:34.706+0000] {logging_mixin.py:190} INFO - [2024-11-13T00:28:34.705+0000] {dag.py:4180} INFO - Setting next_dagrun for example_python_operator to None, run_after=None
[2024-11-13T00:28:34.740+0000] {processor.py:208} INFO - Processing /home/airflow/.local/lib/python3.12/site-packages/airflow/example_dags/example_python_operator.py took 0.107 seconds
[2024-11-13T00:29:05.677+0000] {processor.py:186} INFO - Started process (PID=14445) to work on /home/airflow/.local/lib/python3.12/site-packages/airflow/example_dags/example_python_operator.py
[2024-11-13T00:29:05.678+0000] {processor.py:914} INFO - Processing file /home/airflow/.local/lib/python3.12/site-packages/airflow/example_dags/example_python_operator.py for tasks to queue
[2024-11-13T00:29:05.680+0000] {logging_mixin.py:190} INFO - [2024-11-13T00:29:05.679+0000] {dagbag.py:588} INFO - Filling up the DagBag from /home/airflow/.local/lib/python3.12/site-packages/airflow/example_dags/example_python_operator.py
[2024-11-13T00:29:05.695+0000] {processor.py:925} INFO - DAG(s) 'example_python_operator' retrieved from /home/airflow/.local/lib/python3.12/site-packages/airflow/example_dags/example_python_operator.py
[2024-11-13T00:29:05.720+0000] {logging_mixin.py:190} INFO - [2024-11-13T00:29:05.720+0000] {dag.py:3239} INFO - Sync 1 DAGs
[2024-11-13T00:29:05.744+0000] {logging_mixin.py:190} INFO - [2024-11-13T00:29:05.743+0000] {dag.py:4180} INFO - Setting next_dagrun for example_python_operator to None, run_after=None
[2024-11-13T00:29:05.798+0000] {processor.py:208} INFO - Processing /home/airflow/.local/lib/python3.12/site-packages/airflow/example_dags/example_python_operator.py took 0.129 seconds
[2024-11-13T00:29:36.084+0000] {processor.py:186} INFO - Started process (PID=14509) to work on /home/airflow/.local/lib/python3.12/site-packages/airflow/example_dags/example_python_operator.py
[2024-11-13T00:29:36.085+0000] {processor.py:914} INFO - Processing file /home/airflow/.local/lib/python3.12/site-packages/airflow/example_dags/example_python_operator.py for tasks to queue
[2024-11-13T00:29:36.087+0000] {logging_mixin.py:190} INFO - [2024-11-13T00:29:36.087+0000] {dagbag.py:588} INFO - Filling up the DagBag from /home/airflow/.local/lib/python3.12/site-packages/airflow/example_dags/example_python_operator.py
[2024-11-13T00:29:36.102+0000] {processor.py:925} INFO - DAG(s) 'example_python_operator' retrieved from /home/airflow/.local/lib/python3.12/site-packages/airflow/example_dags/example_python_operator.py
[2024-11-13T00:29:36.127+0000] {logging_mixin.py:190} INFO - [2024-11-13T00:29:36.126+0000] {dag.py:3239} INFO - Sync 1 DAGs
[2024-11-13T00:29:36.144+0000] {logging_mixin.py:190} INFO - [2024-11-13T00:29:36.144+0000] {dag.py:4180} INFO - Setting next_dagrun for example_python_operator to None, run_after=None
[2024-11-13T00:29:36.174+0000] {processor.py:208} INFO - Processing /home/airflow/.local/lib/python3.12/site-packages/airflow/example_dags/example_python_operator.py took 0.099 seconds
[2024-11-13T00:30:06.262+0000] {processor.py:186} INFO - Started process (PID=14572) to work on /home/airflow/.local/lib/python3.12/site-packages/airflow/example_dags/example_python_operator.py
[2024-11-13T00:30:06.263+0000] {processor.py:914} INFO - Processing file /home/airflow/.local/lib/python3.12/site-packages/airflow/example_dags/example_python_operator.py for tasks to queue
[2024-11-13T00:30:06.264+0000] {logging_mixin.py:190} INFO - [2024-11-13T00:30:06.264+0000] {dagbag.py:588} INFO - Filling up the DagBag from /home/airflow/.local/lib/python3.12/site-packages/airflow/example_dags/example_python_operator.py
[2024-11-13T00:30:06.276+0000] {processor.py:925} INFO - DAG(s) 'example_python_operator' retrieved from /home/airflow/.local/lib/python3.12/site-packages/airflow/example_dags/example_python_operator.py
[2024-11-13T00:30:06.298+0000] {logging_mixin.py:190} INFO - [2024-11-13T00:30:06.298+0000] {dag.py:3239} INFO - Sync 1 DAGs
[2024-11-13T00:30:06.312+0000] {logging_mixin.py:190} INFO - [2024-11-13T00:30:06.312+0000] {dag.py:4180} INFO - Setting next_dagrun for example_python_operator to None, run_after=None
[2024-11-13T00:30:06.336+0000] {processor.py:208} INFO - Processing /home/airflow/.local/lib/python3.12/site-packages/airflow/example_dags/example_python_operator.py took 0.081 seconds
[2024-11-13T00:30:36.543+0000] {processor.py:186} INFO - Started process (PID=14636) to work on /home/airflow/.local/lib/python3.12/site-packages/airflow/example_dags/example_python_operator.py
[2024-11-13T00:30:36.544+0000] {processor.py:914} INFO - Processing file /home/airflow/.local/lib/python3.12/site-packages/airflow/example_dags/example_python_operator.py for tasks to queue
[2024-11-13T00:30:36.545+0000] {logging_mixin.py:190} INFO - [2024-11-13T00:30:36.545+0000] {dagbag.py:588} INFO - Filling up the DagBag from /home/airflow/.local/lib/python3.12/site-packages/airflow/example_dags/example_python_operator.py
[2024-11-13T00:30:36.558+0000] {processor.py:925} INFO - DAG(s) 'example_python_operator' retrieved from /home/airflow/.local/lib/python3.12/site-packages/airflow/example_dags/example_python_operator.py
[2024-11-13T00:30:36.584+0000] {logging_mixin.py:190} INFO - [2024-11-13T00:30:36.583+0000] {dag.py:3239} INFO - Sync 1 DAGs
[2024-11-13T00:30:36.601+0000] {logging_mixin.py:190} INFO - [2024-11-13T00:30:36.601+0000] {dag.py:4180} INFO - Setting next_dagrun for example_python_operator to None, run_after=None
[2024-11-13T00:30:36.625+0000] {processor.py:208} INFO - Processing /home/airflow/.local/lib/python3.12/site-packages/airflow/example_dags/example_python_operator.py took 0.090 seconds
[2024-11-13T00:31:07.417+0000] {processor.py:186} INFO - Started process (PID=14699) to work on /home/airflow/.local/lib/python3.12/site-packages/airflow/example_dags/example_python_operator.py
[2024-11-13T00:31:07.418+0000] {processor.py:914} INFO - Processing file /home/airflow/.local/lib/python3.12/site-packages/airflow/example_dags/example_python_operator.py for tasks to queue
[2024-11-13T00:31:07.422+0000] {logging_mixin.py:190} INFO - [2024-11-13T00:31:07.421+0000] {dagbag.py:588} INFO - Filling up the DagBag from /home/airflow/.local/lib/python3.12/site-packages/airflow/example_dags/example_python_operator.py
[2024-11-13T00:31:07.456+0000] {processor.py:925} INFO - DAG(s) 'example_python_operator' retrieved from /home/airflow/.local/lib/python3.12/site-packages/airflow/example_dags/example_python_operator.py
[2024-11-13T00:31:07.486+0000] {logging_mixin.py:190} INFO - [2024-11-13T00:31:07.486+0000] {dag.py:3239} INFO - Sync 1 DAGs
[2024-11-13T00:31:07.506+0000] {logging_mixin.py:190} INFO - [2024-11-13T00:31:07.506+0000] {dag.py:4180} INFO - Setting next_dagrun for example_python_operator to None, run_after=None
[2024-11-13T00:31:07.537+0000] {processor.py:208} INFO - Processing /home/airflow/.local/lib/python3.12/site-packages/airflow/example_dags/example_python_operator.py took 0.132 seconds
[2024-11-13T00:31:38.335+0000] {processor.py:186} INFO - Started process (PID=14763) to work on /home/airflow/.local/lib/python3.12/site-packages/airflow/example_dags/example_python_operator.py
[2024-11-13T00:31:38.336+0000] {processor.py:914} INFO - Processing file /home/airflow/.local/lib/python3.12/site-packages/airflow/example_dags/example_python_operator.py for tasks to queue
[2024-11-13T00:31:38.338+0000] {logging_mixin.py:190} INFO - [2024-11-13T00:31:38.338+0000] {dagbag.py:588} INFO - Filling up the DagBag from /home/airflow/.local/lib/python3.12/site-packages/airflow/example_dags/example_python_operator.py
[2024-11-13T00:31:38.352+0000] {processor.py:925} INFO - DAG(s) 'example_python_operator' retrieved from /home/airflow/.local/lib/python3.12/site-packages/airflow/example_dags/example_python_operator.py
[2024-11-13T00:31:38.381+0000] {logging_mixin.py:190} INFO - [2024-11-13T00:31:38.380+0000] {dag.py:3239} INFO - Sync 1 DAGs
[2024-11-13T00:31:38.411+0000] {logging_mixin.py:190} INFO - [2024-11-13T00:31:38.411+0000] {dag.py:4180} INFO - Setting next_dagrun for example_python_operator to None, run_after=None
[2024-11-13T00:31:38.439+0000] {processor.py:208} INFO - Processing /home/airflow/.local/lib/python3.12/site-packages/airflow/example_dags/example_python_operator.py took 0.114 seconds
