[2024-11-13T00:00:06.132+0000] {processor.py:186} INFO - Started process (PID=10887) to work on /home/airflow/.local/lib/python3.12/site-packages/airflow/example_dags/example_workday_timetable.py
[2024-11-13T00:00:06.134+0000] {processor.py:914} INFO - Processing file /home/airflow/.local/lib/python3.12/site-packages/airflow/example_dags/example_workday_timetable.py for tasks to queue
[2024-11-13T00:00:06.137+0000] {logging_mixin.py:190} INFO - [2024-11-13T00:00:06.136+0000] {dagbag.py:588} INFO - Filling up the DagBag from /home/airflow/.local/lib/python3.12/site-packages/airflow/example_dags/example_workday_timetable.py
[2024-11-13T00:00:06.151+0000] {processor.py:925} INFO - DAG(s) 'example_workday_timetable' retrieved from /home/airflow/.local/lib/python3.12/site-packages/airflow/example_dags/example_workday_timetable.py
[2024-11-13T00:00:06.205+0000] {logging_mixin.py:190} INFO - [2024-11-13T00:00:06.204+0000] {dag.py:3239} INFO - Sync 1 DAGs
[2024-11-13T00:00:06.441+0000] {logging_mixin.py:190} INFO - [2024-11-13T00:00:06.440+0000] {dag.py:4180} INFO - Setting next_dagrun for example_workday_timetable to 2021-01-04 00:00:00+00:00, run_after=2021-01-05 00:00:00+00:00
[2024-11-13T00:00:06.510+0000] {processor.py:208} INFO - Processing /home/airflow/.local/lib/python3.12/site-packages/airflow/example_dags/example_workday_timetable.py took 0.392 seconds
[2024-11-13T00:00:37.231+0000] {processor.py:186} INFO - Started process (PID=10949) to work on /home/airflow/.local/lib/python3.12/site-packages/airflow/example_dags/example_workday_timetable.py
[2024-11-13T00:00:37.233+0000] {processor.py:914} INFO - Processing file /home/airflow/.local/lib/python3.12/site-packages/airflow/example_dags/example_workday_timetable.py for tasks to queue
[2024-11-13T00:00:37.237+0000] {logging_mixin.py:190} INFO - [2024-11-13T00:00:37.236+0000] {dagbag.py:588} INFO - Filling up the DagBag from /home/airflow/.local/lib/python3.12/site-packages/airflow/example_dags/example_workday_timetable.py
[2024-11-13T00:00:37.244+0000] {processor.py:925} INFO - DAG(s) 'example_workday_timetable' retrieved from /home/airflow/.local/lib/python3.12/site-packages/airflow/example_dags/example_workday_timetable.py
[2024-11-13T00:00:37.277+0000] {logging_mixin.py:190} INFO - [2024-11-13T00:00:37.277+0000] {dag.py:3239} INFO - Sync 1 DAGs
[2024-11-13T00:00:37.376+0000] {logging_mixin.py:190} INFO - [2024-11-13T00:00:37.376+0000] {dag.py:4180} INFO - Setting next_dagrun for example_workday_timetable to 2021-01-04 00:00:00+00:00, run_after=2021-01-05 00:00:00+00:00
[2024-11-13T00:00:37.411+0000] {processor.py:208} INFO - Processing /home/airflow/.local/lib/python3.12/site-packages/airflow/example_dags/example_workday_timetable.py took 0.194 seconds
[2024-11-13T00:01:08.076+0000] {processor.py:186} INFO - Started process (PID=11013) to work on /home/airflow/.local/lib/python3.12/site-packages/airflow/example_dags/example_workday_timetable.py
[2024-11-13T00:01:08.077+0000] {processor.py:914} INFO - Processing file /home/airflow/.local/lib/python3.12/site-packages/airflow/example_dags/example_workday_timetable.py for tasks to queue
[2024-11-13T00:01:08.078+0000] {logging_mixin.py:190} INFO - [2024-11-13T00:01:08.078+0000] {dagbag.py:588} INFO - Filling up the DagBag from /home/airflow/.local/lib/python3.12/site-packages/airflow/example_dags/example_workday_timetable.py
[2024-11-13T00:01:08.084+0000] {processor.py:925} INFO - DAG(s) 'example_workday_timetable' retrieved from /home/airflow/.local/lib/python3.12/site-packages/airflow/example_dags/example_workday_timetable.py
[2024-11-13T00:01:08.104+0000] {logging_mixin.py:190} INFO - [2024-11-13T00:01:08.104+0000] {dag.py:3239} INFO - Sync 1 DAGs
[2024-11-13T00:01:08.205+0000] {logging_mixin.py:190} INFO - [2024-11-13T00:01:08.205+0000] {dag.py:4180} INFO - Setting next_dagrun for example_workday_timetable to 2021-01-04 00:00:00+00:00, run_after=2021-01-05 00:00:00+00:00
[2024-11-13T00:01:08.230+0000] {processor.py:208} INFO - Processing /home/airflow/.local/lib/python3.12/site-packages/airflow/example_dags/example_workday_timetable.py took 0.161 seconds
[2024-11-13T00:01:39.577+0000] {processor.py:186} INFO - Started process (PID=11077) to work on /home/airflow/.local/lib/python3.12/site-packages/airflow/example_dags/example_workday_timetable.py
[2024-11-13T00:01:39.578+0000] {processor.py:914} INFO - Processing file /home/airflow/.local/lib/python3.12/site-packages/airflow/example_dags/example_workday_timetable.py for tasks to queue
[2024-11-13T00:01:39.579+0000] {logging_mixin.py:190} INFO - [2024-11-13T00:01:39.579+0000] {dagbag.py:588} INFO - Filling up the DagBag from /home/airflow/.local/lib/python3.12/site-packages/airflow/example_dags/example_workday_timetable.py
[2024-11-13T00:01:39.585+0000] {processor.py:925} INFO - DAG(s) 'example_workday_timetable' retrieved from /home/airflow/.local/lib/python3.12/site-packages/airflow/example_dags/example_workday_timetable.py
[2024-11-13T00:01:39.608+0000] {logging_mixin.py:190} INFO - [2024-11-13T00:01:39.608+0000] {dag.py:3239} INFO - Sync 1 DAGs
[2024-11-13T00:01:39.664+0000] {logging_mixin.py:190} INFO - [2024-11-13T00:01:39.664+0000] {dag.py:4180} INFO - Setting next_dagrun for example_workday_timetable to 2021-01-04 00:00:00+00:00, run_after=2021-01-05 00:00:00+00:00
[2024-11-13T00:01:39.691+0000] {processor.py:208} INFO - Processing /home/airflow/.local/lib/python3.12/site-packages/airflow/example_dags/example_workday_timetable.py took 0.122 seconds
[2024-11-13T00:02:10.256+0000] {processor.py:186} INFO - Started process (PID=11141) to work on /home/airflow/.local/lib/python3.12/site-packages/airflow/example_dags/example_workday_timetable.py
[2024-11-13T00:02:10.258+0000] {processor.py:914} INFO - Processing file /home/airflow/.local/lib/python3.12/site-packages/airflow/example_dags/example_workday_timetable.py for tasks to queue
[2024-11-13T00:02:10.259+0000] {logging_mixin.py:190} INFO - [2024-11-13T00:02:10.259+0000] {dagbag.py:588} INFO - Filling up the DagBag from /home/airflow/.local/lib/python3.12/site-packages/airflow/example_dags/example_workday_timetable.py
[2024-11-13T00:02:10.270+0000] {processor.py:925} INFO - DAG(s) 'example_workday_timetable' retrieved from /home/airflow/.local/lib/python3.12/site-packages/airflow/example_dags/example_workday_timetable.py
[2024-11-13T00:02:10.302+0000] {logging_mixin.py:190} INFO - [2024-11-13T00:02:10.302+0000] {dag.py:3239} INFO - Sync 1 DAGs
[2024-11-13T00:02:10.375+0000] {logging_mixin.py:190} INFO - [2024-11-13T00:02:10.375+0000] {dag.py:4180} INFO - Setting next_dagrun for example_workday_timetable to 2021-01-04 00:00:00+00:00, run_after=2021-01-05 00:00:00+00:00
[2024-11-13T00:02:10.401+0000] {processor.py:208} INFO - Processing /home/airflow/.local/lib/python3.12/site-packages/airflow/example_dags/example_workday_timetable.py took 0.154 seconds
[2024-11-13T00:02:40.970+0000] {processor.py:186} INFO - Started process (PID=11204) to work on /home/airflow/.local/lib/python3.12/site-packages/airflow/example_dags/example_workday_timetable.py
[2024-11-13T00:02:40.972+0000] {processor.py:914} INFO - Processing file /home/airflow/.local/lib/python3.12/site-packages/airflow/example_dags/example_workday_timetable.py for tasks to queue
[2024-11-13T00:02:40.973+0000] {logging_mixin.py:190} INFO - [2024-11-13T00:02:40.973+0000] {dagbag.py:588} INFO - Filling up the DagBag from /home/airflow/.local/lib/python3.12/site-packages/airflow/example_dags/example_workday_timetable.py
[2024-11-13T00:02:40.980+0000] {processor.py:925} INFO - DAG(s) 'example_workday_timetable' retrieved from /home/airflow/.local/lib/python3.12/site-packages/airflow/example_dags/example_workday_timetable.py
[2024-11-13T00:02:41.003+0000] {logging_mixin.py:190} INFO - [2024-11-13T00:02:41.003+0000] {dag.py:3239} INFO - Sync 1 DAGs
[2024-11-13T00:02:41.070+0000] {logging_mixin.py:190} INFO - [2024-11-13T00:02:41.070+0000] {dag.py:4180} INFO - Setting next_dagrun for example_workday_timetable to 2021-01-04 00:00:00+00:00, run_after=2021-01-05 00:00:00+00:00
[2024-11-13T00:02:41.108+0000] {processor.py:208} INFO - Processing /home/airflow/.local/lib/python3.12/site-packages/airflow/example_dags/example_workday_timetable.py took 0.148 seconds
[2024-11-13T00:03:11.597+0000] {processor.py:186} INFO - Started process (PID=11268) to work on /home/airflow/.local/lib/python3.12/site-packages/airflow/example_dags/example_workday_timetable.py
[2024-11-13T00:03:11.598+0000] {processor.py:914} INFO - Processing file /home/airflow/.local/lib/python3.12/site-packages/airflow/example_dags/example_workday_timetable.py for tasks to queue
[2024-11-13T00:03:11.601+0000] {logging_mixin.py:190} INFO - [2024-11-13T00:03:11.600+0000] {dagbag.py:588} INFO - Filling up the DagBag from /home/airflow/.local/lib/python3.12/site-packages/airflow/example_dags/example_workday_timetable.py
[2024-11-13T00:03:11.610+0000] {processor.py:925} INFO - DAG(s) 'example_workday_timetable' retrieved from /home/airflow/.local/lib/python3.12/site-packages/airflow/example_dags/example_workday_timetable.py
[2024-11-13T00:03:11.635+0000] {logging_mixin.py:190} INFO - [2024-11-13T00:03:11.634+0000] {dag.py:3239} INFO - Sync 1 DAGs
[2024-11-13T00:03:11.712+0000] {logging_mixin.py:190} INFO - [2024-11-13T00:03:11.712+0000] {dag.py:4180} INFO - Setting next_dagrun for example_workday_timetable to 2021-01-04 00:00:00+00:00, run_after=2021-01-05 00:00:00+00:00
[2024-11-13T00:03:11.736+0000] {processor.py:208} INFO - Processing /home/airflow/.local/lib/python3.12/site-packages/airflow/example_dags/example_workday_timetable.py took 0.152 seconds
[2024-11-13T00:03:42.149+0000] {processor.py:186} INFO - Started process (PID=11332) to work on /home/airflow/.local/lib/python3.12/site-packages/airflow/example_dags/example_workday_timetable.py
[2024-11-13T00:03:42.150+0000] {processor.py:914} INFO - Processing file /home/airflow/.local/lib/python3.12/site-packages/airflow/example_dags/example_workday_timetable.py for tasks to queue
[2024-11-13T00:03:42.153+0000] {logging_mixin.py:190} INFO - [2024-11-13T00:03:42.152+0000] {dagbag.py:588} INFO - Filling up the DagBag from /home/airflow/.local/lib/python3.12/site-packages/airflow/example_dags/example_workday_timetable.py
[2024-11-13T00:03:42.160+0000] {processor.py:925} INFO - DAG(s) 'example_workday_timetable' retrieved from /home/airflow/.local/lib/python3.12/site-packages/airflow/example_dags/example_workday_timetable.py
[2024-11-13T00:03:42.187+0000] {logging_mixin.py:190} INFO - [2024-11-13T00:03:42.187+0000] {dag.py:3239} INFO - Sync 1 DAGs
[2024-11-13T00:03:42.313+0000] {logging_mixin.py:190} INFO - [2024-11-13T00:03:42.312+0000] {dag.py:4180} INFO - Setting next_dagrun for example_workday_timetable to 2021-01-04 00:00:00+00:00, run_after=2021-01-05 00:00:00+00:00
[2024-11-13T00:03:42.337+0000] {processor.py:208} INFO - Processing /home/airflow/.local/lib/python3.12/site-packages/airflow/example_dags/example_workday_timetable.py took 0.197 seconds
[2024-11-13T00:04:12.489+0000] {processor.py:186} INFO - Started process (PID=11397) to work on /home/airflow/.local/lib/python3.12/site-packages/airflow/example_dags/example_workday_timetable.py
[2024-11-13T00:04:12.490+0000] {processor.py:914} INFO - Processing file /home/airflow/.local/lib/python3.12/site-packages/airflow/example_dags/example_workday_timetable.py for tasks to queue
[2024-11-13T00:04:12.492+0000] {logging_mixin.py:190} INFO - [2024-11-13T00:04:12.491+0000] {dagbag.py:588} INFO - Filling up the DagBag from /home/airflow/.local/lib/python3.12/site-packages/airflow/example_dags/example_workday_timetable.py
[2024-11-13T00:04:12.498+0000] {processor.py:925} INFO - DAG(s) 'example_workday_timetable' retrieved from /home/airflow/.local/lib/python3.12/site-packages/airflow/example_dags/example_workday_timetable.py
[2024-11-13T00:04:12.520+0000] {logging_mixin.py:190} INFO - [2024-11-13T00:04:12.520+0000] {dag.py:3239} INFO - Sync 1 DAGs
[2024-11-13T00:04:12.590+0000] {logging_mixin.py:190} INFO - [2024-11-13T00:04:12.590+0000] {dag.py:4180} INFO - Setting next_dagrun for example_workday_timetable to 2021-01-04 00:00:00+00:00, run_after=2021-01-05 00:00:00+00:00
[2024-11-13T00:04:12.617+0000] {processor.py:208} INFO - Processing /home/airflow/.local/lib/python3.12/site-packages/airflow/example_dags/example_workday_timetable.py took 0.135 seconds
[2024-11-13T00:04:42.860+0000] {processor.py:186} INFO - Started process (PID=11460) to work on /home/airflow/.local/lib/python3.12/site-packages/airflow/example_dags/example_workday_timetable.py
[2024-11-13T00:04:42.861+0000] {processor.py:914} INFO - Processing file /home/airflow/.local/lib/python3.12/site-packages/airflow/example_dags/example_workday_timetable.py for tasks to queue
[2024-11-13T00:04:42.863+0000] {logging_mixin.py:190} INFO - [2024-11-13T00:04:42.862+0000] {dagbag.py:588} INFO - Filling up the DagBag from /home/airflow/.local/lib/python3.12/site-packages/airflow/example_dags/example_workday_timetable.py
[2024-11-13T00:04:42.868+0000] {processor.py:925} INFO - DAG(s) 'example_workday_timetable' retrieved from /home/airflow/.local/lib/python3.12/site-packages/airflow/example_dags/example_workday_timetable.py
[2024-11-13T00:04:42.891+0000] {logging_mixin.py:190} INFO - [2024-11-13T00:04:42.891+0000] {dag.py:3239} INFO - Sync 1 DAGs
[2024-11-13T00:04:42.944+0000] {logging_mixin.py:190} INFO - [2024-11-13T00:04:42.944+0000] {dag.py:4180} INFO - Setting next_dagrun for example_workday_timetable to 2021-01-04 00:00:00+00:00, run_after=2021-01-05 00:00:00+00:00
[2024-11-13T00:04:42.973+0000] {processor.py:208} INFO - Processing /home/airflow/.local/lib/python3.12/site-packages/airflow/example_dags/example_workday_timetable.py took 0.119 seconds
[2024-11-13T00:05:13.504+0000] {processor.py:186} INFO - Started process (PID=11524) to work on /home/airflow/.local/lib/python3.12/site-packages/airflow/example_dags/example_workday_timetable.py
[2024-11-13T00:05:13.505+0000] {processor.py:914} INFO - Processing file /home/airflow/.local/lib/python3.12/site-packages/airflow/example_dags/example_workday_timetable.py for tasks to queue
[2024-11-13T00:05:13.506+0000] {logging_mixin.py:190} INFO - [2024-11-13T00:05:13.506+0000] {dagbag.py:588} INFO - Filling up the DagBag from /home/airflow/.local/lib/python3.12/site-packages/airflow/example_dags/example_workday_timetable.py
[2024-11-13T00:05:13.513+0000] {processor.py:925} INFO - DAG(s) 'example_workday_timetable' retrieved from /home/airflow/.local/lib/python3.12/site-packages/airflow/example_dags/example_workday_timetable.py
[2024-11-13T00:05:13.536+0000] {logging_mixin.py:190} INFO - [2024-11-13T00:05:13.536+0000] {dag.py:3239} INFO - Sync 1 DAGs
[2024-11-13T00:05:13.607+0000] {logging_mixin.py:190} INFO - [2024-11-13T00:05:13.607+0000] {dag.py:4180} INFO - Setting next_dagrun for example_workday_timetable to 2021-01-04 00:00:00+00:00, run_after=2021-01-05 00:00:00+00:00
[2024-11-13T00:05:13.638+0000] {processor.py:208} INFO - Processing /home/airflow/.local/lib/python3.12/site-packages/airflow/example_dags/example_workday_timetable.py took 0.142 seconds
[2024-11-13T00:05:44.487+0000] {processor.py:186} INFO - Started process (PID=11589) to work on /home/airflow/.local/lib/python3.12/site-packages/airflow/example_dags/example_workday_timetable.py
[2024-11-13T00:05:44.489+0000] {processor.py:914} INFO - Processing file /home/airflow/.local/lib/python3.12/site-packages/airflow/example_dags/example_workday_timetable.py for tasks to queue
[2024-11-13T00:05:44.490+0000] {logging_mixin.py:190} INFO - [2024-11-13T00:05:44.490+0000] {dagbag.py:588} INFO - Filling up the DagBag from /home/airflow/.local/lib/python3.12/site-packages/airflow/example_dags/example_workday_timetable.py
[2024-11-13T00:05:44.503+0000] {processor.py:925} INFO - DAG(s) 'example_workday_timetable' retrieved from /home/airflow/.local/lib/python3.12/site-packages/airflow/example_dags/example_workday_timetable.py
[2024-11-13T00:05:44.535+0000] {logging_mixin.py:190} INFO - [2024-11-13T00:05:44.535+0000] {dag.py:3239} INFO - Sync 1 DAGs
[2024-11-13T00:05:44.633+0000] {logging_mixin.py:190} INFO - [2024-11-13T00:05:44.633+0000] {dag.py:4180} INFO - Setting next_dagrun for example_workday_timetable to 2021-01-04 00:00:00+00:00, run_after=2021-01-05 00:00:00+00:00
[2024-11-13T00:05:44.673+0000] {processor.py:208} INFO - Processing /home/airflow/.local/lib/python3.12/site-packages/airflow/example_dags/example_workday_timetable.py took 0.198 seconds
[2024-11-13T00:06:15.298+0000] {processor.py:186} INFO - Started process (PID=11653) to work on /home/airflow/.local/lib/python3.12/site-packages/airflow/example_dags/example_workday_timetable.py
[2024-11-13T00:06:15.303+0000] {processor.py:914} INFO - Processing file /home/airflow/.local/lib/python3.12/site-packages/airflow/example_dags/example_workday_timetable.py for tasks to queue
[2024-11-13T00:06:15.308+0000] {logging_mixin.py:190} INFO - [2024-11-13T00:06:15.308+0000] {dagbag.py:588} INFO - Filling up the DagBag from /home/airflow/.local/lib/python3.12/site-packages/airflow/example_dags/example_workday_timetable.py
[2024-11-13T00:06:15.318+0000] {processor.py:925} INFO - DAG(s) 'example_workday_timetable' retrieved from /home/airflow/.local/lib/python3.12/site-packages/airflow/example_dags/example_workday_timetable.py
[2024-11-13T00:06:15.348+0000] {logging_mixin.py:190} INFO - [2024-11-13T00:06:15.347+0000] {dag.py:3239} INFO - Sync 1 DAGs
[2024-11-13T00:06:15.469+0000] {logging_mixin.py:190} INFO - [2024-11-13T00:06:15.469+0000] {dag.py:4180} INFO - Setting next_dagrun for example_workday_timetable to 2021-01-04 00:00:00+00:00, run_after=2021-01-05 00:00:00+00:00
[2024-11-13T00:06:15.504+0000] {processor.py:208} INFO - Processing /home/airflow/.local/lib/python3.12/site-packages/airflow/example_dags/example_workday_timetable.py took 0.217 seconds
[2024-11-13T00:06:45.748+0000] {processor.py:186} INFO - Started process (PID=11717) to work on /home/airflow/.local/lib/python3.12/site-packages/airflow/example_dags/example_workday_timetable.py
[2024-11-13T00:06:45.749+0000] {processor.py:914} INFO - Processing file /home/airflow/.local/lib/python3.12/site-packages/airflow/example_dags/example_workday_timetable.py for tasks to queue
[2024-11-13T00:06:45.751+0000] {logging_mixin.py:190} INFO - [2024-11-13T00:06:45.750+0000] {dagbag.py:588} INFO - Filling up the DagBag from /home/airflow/.local/lib/python3.12/site-packages/airflow/example_dags/example_workday_timetable.py
[2024-11-13T00:06:45.756+0000] {processor.py:925} INFO - DAG(s) 'example_workday_timetable' retrieved from /home/airflow/.local/lib/python3.12/site-packages/airflow/example_dags/example_workday_timetable.py
[2024-11-13T00:06:45.778+0000] {logging_mixin.py:190} INFO - [2024-11-13T00:06:45.778+0000] {dag.py:3239} INFO - Sync 1 DAGs
[2024-11-13T00:06:45.833+0000] {logging_mixin.py:190} INFO - [2024-11-13T00:06:45.833+0000] {dag.py:4180} INFO - Setting next_dagrun for example_workday_timetable to 2021-01-04 00:00:00+00:00, run_after=2021-01-05 00:00:00+00:00
[2024-11-13T00:06:45.859+0000] {processor.py:208} INFO - Processing /home/airflow/.local/lib/python3.12/site-packages/airflow/example_dags/example_workday_timetable.py took 0.118 seconds
[2024-11-13T00:07:16.310+0000] {processor.py:186} INFO - Started process (PID=11781) to work on /home/airflow/.local/lib/python3.12/site-packages/airflow/example_dags/example_workday_timetable.py
[2024-11-13T00:07:16.311+0000] {processor.py:914} INFO - Processing file /home/airflow/.local/lib/python3.12/site-packages/airflow/example_dags/example_workday_timetable.py for tasks to queue
[2024-11-13T00:07:16.313+0000] {logging_mixin.py:190} INFO - [2024-11-13T00:07:16.312+0000] {dagbag.py:588} INFO - Filling up the DagBag from /home/airflow/.local/lib/python3.12/site-packages/airflow/example_dags/example_workday_timetable.py
[2024-11-13T00:07:16.319+0000] {processor.py:925} INFO - DAG(s) 'example_workday_timetable' retrieved from /home/airflow/.local/lib/python3.12/site-packages/airflow/example_dags/example_workday_timetable.py
[2024-11-13T00:07:16.339+0000] {logging_mixin.py:190} INFO - [2024-11-13T00:07:16.338+0000] {dag.py:3239} INFO - Sync 1 DAGs
[2024-11-13T00:07:16.397+0000] {logging_mixin.py:190} INFO - [2024-11-13T00:07:16.397+0000] {dag.py:4180} INFO - Setting next_dagrun for example_workday_timetable to 2021-01-04 00:00:00+00:00, run_after=2021-01-05 00:00:00+00:00
[2024-11-13T00:07:16.423+0000] {processor.py:208} INFO - Processing /home/airflow/.local/lib/python3.12/site-packages/airflow/example_dags/example_workday_timetable.py took 0.122 seconds
[2024-11-13T00:07:46.899+0000] {processor.py:186} INFO - Started process (PID=11845) to work on /home/airflow/.local/lib/python3.12/site-packages/airflow/example_dags/example_workday_timetable.py
[2024-11-13T00:07:46.900+0000] {processor.py:914} INFO - Processing file /home/airflow/.local/lib/python3.12/site-packages/airflow/example_dags/example_workday_timetable.py for tasks to queue
[2024-11-13T00:07:46.903+0000] {logging_mixin.py:190} INFO - [2024-11-13T00:07:46.902+0000] {dagbag.py:588} INFO - Filling up the DagBag from /home/airflow/.local/lib/python3.12/site-packages/airflow/example_dags/example_workday_timetable.py
[2024-11-13T00:07:46.911+0000] {processor.py:925} INFO - DAG(s) 'example_workday_timetable' retrieved from /home/airflow/.local/lib/python3.12/site-packages/airflow/example_dags/example_workday_timetable.py
[2024-11-13T00:07:46.937+0000] {logging_mixin.py:190} INFO - [2024-11-13T00:07:46.937+0000] {dag.py:3239} INFO - Sync 1 DAGs
[2024-11-13T00:07:47.009+0000] {logging_mixin.py:190} INFO - [2024-11-13T00:07:47.009+0000] {dag.py:4180} INFO - Setting next_dagrun for example_workday_timetable to 2021-01-04 00:00:00+00:00, run_after=2021-01-05 00:00:00+00:00
[2024-11-13T00:07:47.037+0000] {processor.py:208} INFO - Processing /home/airflow/.local/lib/python3.12/site-packages/airflow/example_dags/example_workday_timetable.py took 0.146 seconds
[2024-11-13T00:08:17.328+0000] {processor.py:186} INFO - Started process (PID=11909) to work on /home/airflow/.local/lib/python3.12/site-packages/airflow/example_dags/example_workday_timetable.py
[2024-11-13T00:08:17.330+0000] {processor.py:914} INFO - Processing file /home/airflow/.local/lib/python3.12/site-packages/airflow/example_dags/example_workday_timetable.py for tasks to queue
[2024-11-13T00:08:17.332+0000] {logging_mixin.py:190} INFO - [2024-11-13T00:08:17.332+0000] {dagbag.py:588} INFO - Filling up the DagBag from /home/airflow/.local/lib/python3.12/site-packages/airflow/example_dags/example_workday_timetable.py
[2024-11-13T00:08:17.339+0000] {processor.py:925} INFO - DAG(s) 'example_workday_timetable' retrieved from /home/airflow/.local/lib/python3.12/site-packages/airflow/example_dags/example_workday_timetable.py
[2024-11-13T00:08:17.362+0000] {logging_mixin.py:190} INFO - [2024-11-13T00:08:17.361+0000] {dag.py:3239} INFO - Sync 1 DAGs
[2024-11-13T00:08:17.439+0000] {logging_mixin.py:190} INFO - [2024-11-13T00:08:17.439+0000] {dag.py:4180} INFO - Setting next_dagrun for example_workday_timetable to 2021-01-04 00:00:00+00:00, run_after=2021-01-05 00:00:00+00:00
[2024-11-13T00:08:17.470+0000] {processor.py:208} INFO - Processing /home/airflow/.local/lib/python3.12/site-packages/airflow/example_dags/example_workday_timetable.py took 0.153 seconds
[2024-11-13T00:08:48.675+0000] {processor.py:186} INFO - Started process (PID=11973) to work on /home/airflow/.local/lib/python3.12/site-packages/airflow/example_dags/example_workday_timetable.py
[2024-11-13T00:08:48.677+0000] {processor.py:914} INFO - Processing file /home/airflow/.local/lib/python3.12/site-packages/airflow/example_dags/example_workday_timetable.py for tasks to queue
[2024-11-13T00:08:48.679+0000] {logging_mixin.py:190} INFO - [2024-11-13T00:08:48.678+0000] {dagbag.py:588} INFO - Filling up the DagBag from /home/airflow/.local/lib/python3.12/site-packages/airflow/example_dags/example_workday_timetable.py
[2024-11-13T00:08:48.692+0000] {processor.py:925} INFO - DAG(s) 'example_workday_timetable' retrieved from /home/airflow/.local/lib/python3.12/site-packages/airflow/example_dags/example_workday_timetable.py
[2024-11-13T00:08:48.717+0000] {logging_mixin.py:190} INFO - [2024-11-13T00:08:48.716+0000] {dag.py:3239} INFO - Sync 1 DAGs
[2024-11-13T00:08:48.872+0000] {logging_mixin.py:190} INFO - [2024-11-13T00:08:48.871+0000] {dag.py:4180} INFO - Setting next_dagrun for example_workday_timetable to 2021-01-04 00:00:00+00:00, run_after=2021-01-05 00:00:00+00:00
[2024-11-13T00:08:48.926+0000] {processor.py:208} INFO - Processing /home/airflow/.local/lib/python3.12/site-packages/airflow/example_dags/example_workday_timetable.py took 0.269 seconds
[2024-11-13T00:09:19.422+0000] {processor.py:186} INFO - Started process (PID=12037) to work on /home/airflow/.local/lib/python3.12/site-packages/airflow/example_dags/example_workday_timetable.py
[2024-11-13T00:09:19.423+0000] {processor.py:914} INFO - Processing file /home/airflow/.local/lib/python3.12/site-packages/airflow/example_dags/example_workday_timetable.py for tasks to queue
[2024-11-13T00:09:19.425+0000] {logging_mixin.py:190} INFO - [2024-11-13T00:09:19.425+0000] {dagbag.py:588} INFO - Filling up the DagBag from /home/airflow/.local/lib/python3.12/site-packages/airflow/example_dags/example_workday_timetable.py
[2024-11-13T00:09:19.433+0000] {processor.py:925} INFO - DAG(s) 'example_workday_timetable' retrieved from /home/airflow/.local/lib/python3.12/site-packages/airflow/example_dags/example_workday_timetable.py
[2024-11-13T00:09:19.467+0000] {logging_mixin.py:190} INFO - [2024-11-13T00:09:19.466+0000] {dag.py:3239} INFO - Sync 1 DAGs
[2024-11-13T00:09:19.574+0000] {logging_mixin.py:190} INFO - [2024-11-13T00:09:19.574+0000] {dag.py:4180} INFO - Setting next_dagrun for example_workday_timetable to 2021-01-04 00:00:00+00:00, run_after=2021-01-05 00:00:00+00:00
[2024-11-13T00:09:19.605+0000] {processor.py:208} INFO - Processing /home/airflow/.local/lib/python3.12/site-packages/airflow/example_dags/example_workday_timetable.py took 0.195 seconds
[2024-11-13T00:09:49.972+0000] {processor.py:186} INFO - Started process (PID=12100) to work on /home/airflow/.local/lib/python3.12/site-packages/airflow/example_dags/example_workday_timetable.py
[2024-11-13T00:09:49.973+0000] {processor.py:914} INFO - Processing file /home/airflow/.local/lib/python3.12/site-packages/airflow/example_dags/example_workday_timetable.py for tasks to queue
[2024-11-13T00:09:49.974+0000] {logging_mixin.py:190} INFO - [2024-11-13T00:09:49.974+0000] {dagbag.py:588} INFO - Filling up the DagBag from /home/airflow/.local/lib/python3.12/site-packages/airflow/example_dags/example_workday_timetable.py
[2024-11-13T00:09:49.985+0000] {processor.py:925} INFO - DAG(s) 'example_workday_timetable' retrieved from /home/airflow/.local/lib/python3.12/site-packages/airflow/example_dags/example_workday_timetable.py
[2024-11-13T00:09:50.008+0000] {logging_mixin.py:190} INFO - [2024-11-13T00:09:50.008+0000] {dag.py:3239} INFO - Sync 1 DAGs
[2024-11-13T00:09:50.112+0000] {logging_mixin.py:190} INFO - [2024-11-13T00:09:50.112+0000] {dag.py:4180} INFO - Setting next_dagrun for example_workday_timetable to 2021-01-04 00:00:00+00:00, run_after=2021-01-05 00:00:00+00:00
[2024-11-13T00:09:50.142+0000] {processor.py:208} INFO - Processing /home/airflow/.local/lib/python3.12/site-packages/airflow/example_dags/example_workday_timetable.py took 0.180 seconds
[2024-11-13T00:10:20.248+0000] {processor.py:186} INFO - Started process (PID=12165) to work on /home/airflow/.local/lib/python3.12/site-packages/airflow/example_dags/example_workday_timetable.py
[2024-11-13T00:10:20.249+0000] {processor.py:914} INFO - Processing file /home/airflow/.local/lib/python3.12/site-packages/airflow/example_dags/example_workday_timetable.py for tasks to queue
[2024-11-13T00:10:20.250+0000] {logging_mixin.py:190} INFO - [2024-11-13T00:10:20.250+0000] {dagbag.py:588} INFO - Filling up the DagBag from /home/airflow/.local/lib/python3.12/site-packages/airflow/example_dags/example_workday_timetable.py
[2024-11-13T00:10:20.260+0000] {processor.py:925} INFO - DAG(s) 'example_workday_timetable' retrieved from /home/airflow/.local/lib/python3.12/site-packages/airflow/example_dags/example_workday_timetable.py
[2024-11-13T00:10:20.287+0000] {logging_mixin.py:190} INFO - [2024-11-13T00:10:20.287+0000] {dag.py:3239} INFO - Sync 1 DAGs
[2024-11-13T00:10:20.368+0000] {logging_mixin.py:190} INFO - [2024-11-13T00:10:20.368+0000] {dag.py:4180} INFO - Setting next_dagrun for example_workday_timetable to 2021-01-04 00:00:00+00:00, run_after=2021-01-05 00:00:00+00:00
[2024-11-13T00:10:20.397+0000] {processor.py:208} INFO - Processing /home/airflow/.local/lib/python3.12/site-packages/airflow/example_dags/example_workday_timetable.py took 0.160 seconds
[2024-11-13T00:10:50.750+0000] {processor.py:186} INFO - Started process (PID=12228) to work on /home/airflow/.local/lib/python3.12/site-packages/airflow/example_dags/example_workday_timetable.py
[2024-11-13T00:10:50.751+0000] {processor.py:914} INFO - Processing file /home/airflow/.local/lib/python3.12/site-packages/airflow/example_dags/example_workday_timetable.py for tasks to queue
[2024-11-13T00:10:50.752+0000] {logging_mixin.py:190} INFO - [2024-11-13T00:10:50.752+0000] {dagbag.py:588} INFO - Filling up the DagBag from /home/airflow/.local/lib/python3.12/site-packages/airflow/example_dags/example_workday_timetable.py
[2024-11-13T00:10:50.758+0000] {processor.py:925} INFO - DAG(s) 'example_workday_timetable' retrieved from /home/airflow/.local/lib/python3.12/site-packages/airflow/example_dags/example_workday_timetable.py
[2024-11-13T00:10:50.781+0000] {logging_mixin.py:190} INFO - [2024-11-13T00:10:50.781+0000] {dag.py:3239} INFO - Sync 1 DAGs
[2024-11-13T00:10:50.890+0000] {logging_mixin.py:190} INFO - [2024-11-13T00:10:50.889+0000] {dag.py:4180} INFO - Setting next_dagrun for example_workday_timetable to 2021-01-04 00:00:00+00:00, run_after=2021-01-05 00:00:00+00:00
[2024-11-13T00:10:50.916+0000] {processor.py:208} INFO - Processing /home/airflow/.local/lib/python3.12/site-packages/airflow/example_dags/example_workday_timetable.py took 0.173 seconds
[2024-11-13T00:11:21.182+0000] {processor.py:186} INFO - Started process (PID=12292) to work on /home/airflow/.local/lib/python3.12/site-packages/airflow/example_dags/example_workday_timetable.py
[2024-11-13T00:11:21.183+0000] {processor.py:914} INFO - Processing file /home/airflow/.local/lib/python3.12/site-packages/airflow/example_dags/example_workday_timetable.py for tasks to queue
[2024-11-13T00:11:21.184+0000] {logging_mixin.py:190} INFO - [2024-11-13T00:11:21.184+0000] {dagbag.py:588} INFO - Filling up the DagBag from /home/airflow/.local/lib/python3.12/site-packages/airflow/example_dags/example_workday_timetable.py
[2024-11-13T00:11:21.204+0000] {processor.py:925} INFO - DAG(s) 'example_workday_timetable' retrieved from /home/airflow/.local/lib/python3.12/site-packages/airflow/example_dags/example_workday_timetable.py
[2024-11-13T00:11:21.228+0000] {logging_mixin.py:190} INFO - [2024-11-13T00:11:21.228+0000] {dag.py:3239} INFO - Sync 1 DAGs
[2024-11-13T00:11:21.318+0000] {logging_mixin.py:190} INFO - [2024-11-13T00:11:21.318+0000] {dag.py:4180} INFO - Setting next_dagrun for example_workday_timetable to 2021-01-04 00:00:00+00:00, run_after=2021-01-05 00:00:00+00:00
[2024-11-13T00:11:21.345+0000] {processor.py:208} INFO - Processing /home/airflow/.local/lib/python3.12/site-packages/airflow/example_dags/example_workday_timetable.py took 0.172 seconds
[2024-11-13T00:11:51.481+0000] {processor.py:186} INFO - Started process (PID=12357) to work on /home/airflow/.local/lib/python3.12/site-packages/airflow/example_dags/example_workday_timetable.py
[2024-11-13T00:11:51.482+0000] {processor.py:914} INFO - Processing file /home/airflow/.local/lib/python3.12/site-packages/airflow/example_dags/example_workday_timetable.py for tasks to queue
[2024-11-13T00:11:51.484+0000] {logging_mixin.py:190} INFO - [2024-11-13T00:11:51.483+0000] {dagbag.py:588} INFO - Filling up the DagBag from /home/airflow/.local/lib/python3.12/site-packages/airflow/example_dags/example_workday_timetable.py
[2024-11-13T00:11:51.490+0000] {processor.py:925} INFO - DAG(s) 'example_workday_timetable' retrieved from /home/airflow/.local/lib/python3.12/site-packages/airflow/example_dags/example_workday_timetable.py
[2024-11-13T00:11:51.513+0000] {logging_mixin.py:190} INFO - [2024-11-13T00:11:51.513+0000] {dag.py:3239} INFO - Sync 1 DAGs
[2024-11-13T00:11:51.569+0000] {logging_mixin.py:190} INFO - [2024-11-13T00:11:51.569+0000] {dag.py:4180} INFO - Setting next_dagrun for example_workday_timetable to 2021-01-04 00:00:00+00:00, run_after=2021-01-05 00:00:00+00:00
[2024-11-13T00:11:51.593+0000] {processor.py:208} INFO - Processing /home/airflow/.local/lib/python3.12/site-packages/airflow/example_dags/example_workday_timetable.py took 0.119 seconds
[2024-11-13T00:12:21.721+0000] {processor.py:186} INFO - Started process (PID=12421) to work on /home/airflow/.local/lib/python3.12/site-packages/airflow/example_dags/example_workday_timetable.py
[2024-11-13T00:12:21.722+0000] {processor.py:914} INFO - Processing file /home/airflow/.local/lib/python3.12/site-packages/airflow/example_dags/example_workday_timetable.py for tasks to queue
[2024-11-13T00:12:21.723+0000] {logging_mixin.py:190} INFO - [2024-11-13T00:12:21.723+0000] {dagbag.py:588} INFO - Filling up the DagBag from /home/airflow/.local/lib/python3.12/site-packages/airflow/example_dags/example_workday_timetable.py
[2024-11-13T00:12:21.729+0000] {processor.py:925} INFO - DAG(s) 'example_workday_timetable' retrieved from /home/airflow/.local/lib/python3.12/site-packages/airflow/example_dags/example_workday_timetable.py
[2024-11-13T00:12:21.749+0000] {logging_mixin.py:190} INFO - [2024-11-13T00:12:21.749+0000] {dag.py:3239} INFO - Sync 1 DAGs
[2024-11-13T00:12:21.808+0000] {logging_mixin.py:190} INFO - [2024-11-13T00:12:21.808+0000] {dag.py:4180} INFO - Setting next_dagrun for example_workday_timetable to 2021-01-04 00:00:00+00:00, run_after=2021-01-05 00:00:00+00:00
[2024-11-13T00:12:21.833+0000] {processor.py:208} INFO - Processing /home/airflow/.local/lib/python3.12/site-packages/airflow/example_dags/example_workday_timetable.py took 0.119 seconds
[2024-11-13T00:12:52.782+0000] {processor.py:186} INFO - Started process (PID=12485) to work on /home/airflow/.local/lib/python3.12/site-packages/airflow/example_dags/example_workday_timetable.py
[2024-11-13T00:12:52.783+0000] {processor.py:914} INFO - Processing file /home/airflow/.local/lib/python3.12/site-packages/airflow/example_dags/example_workday_timetable.py for tasks to queue
[2024-11-13T00:12:52.784+0000] {logging_mixin.py:190} INFO - [2024-11-13T00:12:52.784+0000] {dagbag.py:588} INFO - Filling up the DagBag from /home/airflow/.local/lib/python3.12/site-packages/airflow/example_dags/example_workday_timetable.py
[2024-11-13T00:12:52.791+0000] {processor.py:925} INFO - DAG(s) 'example_workday_timetable' retrieved from /home/airflow/.local/lib/python3.12/site-packages/airflow/example_dags/example_workday_timetable.py
[2024-11-13T00:12:52.814+0000] {logging_mixin.py:190} INFO - [2024-11-13T00:12:52.814+0000] {dag.py:3239} INFO - Sync 1 DAGs
[2024-11-13T00:12:52.869+0000] {logging_mixin.py:190} INFO - [2024-11-13T00:12:52.868+0000] {dag.py:4180} INFO - Setting next_dagrun for example_workday_timetable to 2021-01-04 00:00:00+00:00, run_after=2021-01-05 00:00:00+00:00
[2024-11-13T00:12:52.897+0000] {processor.py:208} INFO - Processing /home/airflow/.local/lib/python3.12/site-packages/airflow/example_dags/example_workday_timetable.py took 0.122 seconds
[2024-11-13T00:13:23.094+0000] {processor.py:186} INFO - Started process (PID=12549) to work on /home/airflow/.local/lib/python3.12/site-packages/airflow/example_dags/example_workday_timetable.py
[2024-11-13T00:13:23.096+0000] {processor.py:914} INFO - Processing file /home/airflow/.local/lib/python3.12/site-packages/airflow/example_dags/example_workday_timetable.py for tasks to queue
[2024-11-13T00:13:23.097+0000] {logging_mixin.py:190} INFO - [2024-11-13T00:13:23.097+0000] {dagbag.py:588} INFO - Filling up the DagBag from /home/airflow/.local/lib/python3.12/site-packages/airflow/example_dags/example_workday_timetable.py
[2024-11-13T00:13:23.105+0000] {processor.py:925} INFO - DAG(s) 'example_workday_timetable' retrieved from /home/airflow/.local/lib/python3.12/site-packages/airflow/example_dags/example_workday_timetable.py
[2024-11-13T00:13:23.130+0000] {logging_mixin.py:190} INFO - [2024-11-13T00:13:23.129+0000] {dag.py:3239} INFO - Sync 1 DAGs
[2024-11-13T00:13:23.197+0000] {logging_mixin.py:190} INFO - [2024-11-13T00:13:23.197+0000] {dag.py:4180} INFO - Setting next_dagrun for example_workday_timetable to 2021-01-04 00:00:00+00:00, run_after=2021-01-05 00:00:00+00:00
[2024-11-13T00:13:23.227+0000] {processor.py:208} INFO - Processing /home/airflow/.local/lib/python3.12/site-packages/airflow/example_dags/example_workday_timetable.py took 0.142 seconds
[2024-11-13T00:13:53.812+0000] {processor.py:186} INFO - Started process (PID=12613) to work on /home/airflow/.local/lib/python3.12/site-packages/airflow/example_dags/example_workday_timetable.py
[2024-11-13T00:13:53.813+0000] {processor.py:914} INFO - Processing file /home/airflow/.local/lib/python3.12/site-packages/airflow/example_dags/example_workday_timetable.py for tasks to queue
[2024-11-13T00:13:53.815+0000] {logging_mixin.py:190} INFO - [2024-11-13T00:13:53.815+0000] {dagbag.py:588} INFO - Filling up the DagBag from /home/airflow/.local/lib/python3.12/site-packages/airflow/example_dags/example_workday_timetable.py
[2024-11-13T00:13:53.822+0000] {processor.py:925} INFO - DAG(s) 'example_workday_timetable' retrieved from /home/airflow/.local/lib/python3.12/site-packages/airflow/example_dags/example_workday_timetable.py
[2024-11-13T00:13:53.846+0000] {logging_mixin.py:190} INFO - [2024-11-13T00:13:53.846+0000] {dag.py:3239} INFO - Sync 1 DAGs
[2024-11-13T00:13:53.915+0000] {logging_mixin.py:190} INFO - [2024-11-13T00:13:53.915+0000] {dag.py:4180} INFO - Setting next_dagrun for example_workday_timetable to 2021-01-04 00:00:00+00:00, run_after=2021-01-05 00:00:00+00:00
[2024-11-13T00:13:53.941+0000] {processor.py:208} INFO - Processing /home/airflow/.local/lib/python3.12/site-packages/airflow/example_dags/example_workday_timetable.py took 0.136 seconds
[2024-11-13T00:14:24.063+0000] {processor.py:186} INFO - Started process (PID=12677) to work on /home/airflow/.local/lib/python3.12/site-packages/airflow/example_dags/example_workday_timetable.py
[2024-11-13T00:14:24.064+0000] {processor.py:914} INFO - Processing file /home/airflow/.local/lib/python3.12/site-packages/airflow/example_dags/example_workday_timetable.py for tasks to queue
[2024-11-13T00:14:24.067+0000] {logging_mixin.py:190} INFO - [2024-11-13T00:14:24.066+0000] {dagbag.py:588} INFO - Filling up the DagBag from /home/airflow/.local/lib/python3.12/site-packages/airflow/example_dags/example_workday_timetable.py
[2024-11-13T00:14:24.076+0000] {processor.py:925} INFO - DAG(s) 'example_workday_timetable' retrieved from /home/airflow/.local/lib/python3.12/site-packages/airflow/example_dags/example_workday_timetable.py
[2024-11-13T00:14:24.102+0000] {logging_mixin.py:190} INFO - [2024-11-13T00:14:24.102+0000] {dag.py:3239} INFO - Sync 1 DAGs
[2024-11-13T00:14:24.171+0000] {logging_mixin.py:190} INFO - [2024-11-13T00:14:24.171+0000] {dag.py:4180} INFO - Setting next_dagrun for example_workday_timetable to 2021-01-04 00:00:00+00:00, run_after=2021-01-05 00:00:00+00:00
[2024-11-13T00:14:24.199+0000] {processor.py:208} INFO - Processing /home/airflow/.local/lib/python3.12/site-packages/airflow/example_dags/example_workday_timetable.py took 0.147 seconds
[2024-11-13T00:14:54.531+0000] {processor.py:186} INFO - Started process (PID=12740) to work on /home/airflow/.local/lib/python3.12/site-packages/airflow/example_dags/example_workday_timetable.py
[2024-11-13T00:14:54.533+0000] {processor.py:914} INFO - Processing file /home/airflow/.local/lib/python3.12/site-packages/airflow/example_dags/example_workday_timetable.py for tasks to queue
[2024-11-13T00:14:54.538+0000] {logging_mixin.py:190} INFO - [2024-11-13T00:14:54.536+0000] {dagbag.py:588} INFO - Filling up the DagBag from /home/airflow/.local/lib/python3.12/site-packages/airflow/example_dags/example_workday_timetable.py
[2024-11-13T00:14:54.547+0000] {processor.py:925} INFO - DAG(s) 'example_workday_timetable' retrieved from /home/airflow/.local/lib/python3.12/site-packages/airflow/example_dags/example_workday_timetable.py
[2024-11-13T00:14:54.576+0000] {logging_mixin.py:190} INFO - [2024-11-13T00:14:54.576+0000] {dag.py:3239} INFO - Sync 1 DAGs
[2024-11-13T00:14:54.659+0000] {logging_mixin.py:190} INFO - [2024-11-13T00:14:54.659+0000] {dag.py:4180} INFO - Setting next_dagrun for example_workday_timetable to 2021-01-04 00:00:00+00:00, run_after=2021-01-05 00:00:00+00:00
[2024-11-13T00:14:54.686+0000] {processor.py:208} INFO - Processing /home/airflow/.local/lib/python3.12/site-packages/airflow/example_dags/example_workday_timetable.py took 0.165 seconds
[2024-11-13T00:15:24.924+0000] {processor.py:186} INFO - Started process (PID=12804) to work on /home/airflow/.local/lib/python3.12/site-packages/airflow/example_dags/example_workday_timetable.py
[2024-11-13T00:15:24.925+0000] {processor.py:914} INFO - Processing file /home/airflow/.local/lib/python3.12/site-packages/airflow/example_dags/example_workday_timetable.py for tasks to queue
[2024-11-13T00:15:24.926+0000] {logging_mixin.py:190} INFO - [2024-11-13T00:15:24.926+0000] {dagbag.py:588} INFO - Filling up the DagBag from /home/airflow/.local/lib/python3.12/site-packages/airflow/example_dags/example_workday_timetable.py
[2024-11-13T00:15:24.933+0000] {processor.py:925} INFO - DAG(s) 'example_workday_timetable' retrieved from /home/airflow/.local/lib/python3.12/site-packages/airflow/example_dags/example_workday_timetable.py
[2024-11-13T00:15:24.957+0000] {logging_mixin.py:190} INFO - [2024-11-13T00:15:24.957+0000] {dag.py:3239} INFO - Sync 1 DAGs
[2024-11-13T00:15:25.021+0000] {logging_mixin.py:190} INFO - [2024-11-13T00:15:25.020+0000] {dag.py:4180} INFO - Setting next_dagrun for example_workday_timetable to 2021-01-04 00:00:00+00:00, run_after=2021-01-05 00:00:00+00:00
[2024-11-13T00:15:25.045+0000] {processor.py:208} INFO - Processing /home/airflow/.local/lib/python3.12/site-packages/airflow/example_dags/example_workday_timetable.py took 0.132 seconds
[2024-11-13T00:15:55.188+0000] {processor.py:186} INFO - Started process (PID=12868) to work on /home/airflow/.local/lib/python3.12/site-packages/airflow/example_dags/example_workday_timetable.py
[2024-11-13T00:15:55.189+0000] {processor.py:914} INFO - Processing file /home/airflow/.local/lib/python3.12/site-packages/airflow/example_dags/example_workday_timetable.py for tasks to queue
[2024-11-13T00:15:55.191+0000] {logging_mixin.py:190} INFO - [2024-11-13T00:15:55.191+0000] {dagbag.py:588} INFO - Filling up the DagBag from /home/airflow/.local/lib/python3.12/site-packages/airflow/example_dags/example_workday_timetable.py
[2024-11-13T00:15:55.199+0000] {processor.py:925} INFO - DAG(s) 'example_workday_timetable' retrieved from /home/airflow/.local/lib/python3.12/site-packages/airflow/example_dags/example_workday_timetable.py
[2024-11-13T00:15:55.228+0000] {logging_mixin.py:190} INFO - [2024-11-13T00:15:55.228+0000] {dag.py:3239} INFO - Sync 1 DAGs
[2024-11-13T00:15:55.310+0000] {logging_mixin.py:190} INFO - [2024-11-13T00:15:55.309+0000] {dag.py:4180} INFO - Setting next_dagrun for example_workday_timetable to 2021-01-04 00:00:00+00:00, run_after=2021-01-05 00:00:00+00:00
[2024-11-13T00:15:55.335+0000] {processor.py:208} INFO - Processing /home/airflow/.local/lib/python3.12/site-packages/airflow/example_dags/example_workday_timetable.py took 0.156 seconds
[2024-11-13T00:16:25.999+0000] {processor.py:186} INFO - Started process (PID=12933) to work on /home/airflow/.local/lib/python3.12/site-packages/airflow/example_dags/example_workday_timetable.py
[2024-11-13T00:16:26.002+0000] {processor.py:914} INFO - Processing file /home/airflow/.local/lib/python3.12/site-packages/airflow/example_dags/example_workday_timetable.py for tasks to queue
[2024-11-13T00:16:26.013+0000] {logging_mixin.py:190} INFO - [2024-11-13T00:16:26.006+0000] {dagbag.py:588} INFO - Filling up the DagBag from /home/airflow/.local/lib/python3.12/site-packages/airflow/example_dags/example_workday_timetable.py
[2024-11-13T00:16:26.029+0000] {processor.py:925} INFO - DAG(s) 'example_workday_timetable' retrieved from /home/airflow/.local/lib/python3.12/site-packages/airflow/example_dags/example_workday_timetable.py
[2024-11-13T00:16:26.065+0000] {logging_mixin.py:190} INFO - [2024-11-13T00:16:26.064+0000] {dag.py:3239} INFO - Sync 1 DAGs
[2024-11-13T00:16:26.184+0000] {logging_mixin.py:190} INFO - [2024-11-13T00:16:26.184+0000] {dag.py:4180} INFO - Setting next_dagrun for example_workday_timetable to 2021-01-04 00:00:00+00:00, run_after=2021-01-05 00:00:00+00:00
[2024-11-13T00:16:26.214+0000] {processor.py:208} INFO - Processing /home/airflow/.local/lib/python3.12/site-packages/airflow/example_dags/example_workday_timetable.py took 0.227 seconds
[2024-11-13T00:16:56.431+0000] {processor.py:186} INFO - Started process (PID=12997) to work on /home/airflow/.local/lib/python3.12/site-packages/airflow/example_dags/example_workday_timetable.py
[2024-11-13T00:16:56.432+0000] {processor.py:914} INFO - Processing file /home/airflow/.local/lib/python3.12/site-packages/airflow/example_dags/example_workday_timetable.py for tasks to queue
[2024-11-13T00:16:56.433+0000] {logging_mixin.py:190} INFO - [2024-11-13T00:16:56.433+0000] {dagbag.py:588} INFO - Filling up the DagBag from /home/airflow/.local/lib/python3.12/site-packages/airflow/example_dags/example_workday_timetable.py
[2024-11-13T00:16:56.440+0000] {processor.py:925} INFO - DAG(s) 'example_workday_timetable' retrieved from /home/airflow/.local/lib/python3.12/site-packages/airflow/example_dags/example_workday_timetable.py
[2024-11-13T00:16:56.464+0000] {logging_mixin.py:190} INFO - [2024-11-13T00:16:56.464+0000] {dag.py:3239} INFO - Sync 1 DAGs
[2024-11-13T00:16:56.555+0000] {logging_mixin.py:190} INFO - [2024-11-13T00:16:56.554+0000] {dag.py:4180} INFO - Setting next_dagrun for example_workday_timetable to 2021-01-04 00:00:00+00:00, run_after=2021-01-05 00:00:00+00:00
[2024-11-13T00:16:56.601+0000] {processor.py:208} INFO - Processing /home/airflow/.local/lib/python3.12/site-packages/airflow/example_dags/example_workday_timetable.py took 0.179 seconds
[2024-11-13T00:17:27.165+0000] {processor.py:186} INFO - Started process (PID=13061) to work on /home/airflow/.local/lib/python3.12/site-packages/airflow/example_dags/example_workday_timetable.py
[2024-11-13T00:17:27.166+0000] {processor.py:914} INFO - Processing file /home/airflow/.local/lib/python3.12/site-packages/airflow/example_dags/example_workday_timetable.py for tasks to queue
[2024-11-13T00:17:27.168+0000] {logging_mixin.py:190} INFO - [2024-11-13T00:17:27.167+0000] {dagbag.py:588} INFO - Filling up the DagBag from /home/airflow/.local/lib/python3.12/site-packages/airflow/example_dags/example_workday_timetable.py
[2024-11-13T00:17:27.177+0000] {processor.py:925} INFO - DAG(s) 'example_workday_timetable' retrieved from /home/airflow/.local/lib/python3.12/site-packages/airflow/example_dags/example_workday_timetable.py
[2024-11-13T00:17:27.224+0000] {logging_mixin.py:190} INFO - [2024-11-13T00:17:27.224+0000] {dag.py:3239} INFO - Sync 1 DAGs
[2024-11-13T00:17:27.446+0000] {logging_mixin.py:190} INFO - [2024-11-13T00:17:27.445+0000] {dag.py:4180} INFO - Setting next_dagrun for example_workday_timetable to 2021-01-04 00:00:00+00:00, run_after=2021-01-05 00:00:00+00:00
[2024-11-13T00:17:27.511+0000] {processor.py:208} INFO - Processing /home/airflow/.local/lib/python3.12/site-packages/airflow/example_dags/example_workday_timetable.py took 0.357 seconds
[2024-11-13T00:17:57.660+0000] {processor.py:186} INFO - Started process (PID=13126) to work on /home/airflow/.local/lib/python3.12/site-packages/airflow/example_dags/example_workday_timetable.py
[2024-11-13T00:17:57.662+0000] {processor.py:914} INFO - Processing file /home/airflow/.local/lib/python3.12/site-packages/airflow/example_dags/example_workday_timetable.py for tasks to queue
[2024-11-13T00:17:57.663+0000] {logging_mixin.py:190} INFO - [2024-11-13T00:17:57.663+0000] {dagbag.py:588} INFO - Filling up the DagBag from /home/airflow/.local/lib/python3.12/site-packages/airflow/example_dags/example_workday_timetable.py
[2024-11-13T00:17:57.672+0000] {processor.py:925} INFO - DAG(s) 'example_workday_timetable' retrieved from /home/airflow/.local/lib/python3.12/site-packages/airflow/example_dags/example_workday_timetable.py
[2024-11-13T00:17:57.699+0000] {logging_mixin.py:190} INFO - [2024-11-13T00:17:57.698+0000] {dag.py:3239} INFO - Sync 1 DAGs
[2024-11-13T00:17:57.813+0000] {logging_mixin.py:190} INFO - [2024-11-13T00:17:57.812+0000] {dag.py:4180} INFO - Setting next_dagrun for example_workday_timetable to 2021-01-04 00:00:00+00:00, run_after=2021-01-05 00:00:00+00:00
[2024-11-13T00:17:57.877+0000] {processor.py:208} INFO - Processing /home/airflow/.local/lib/python3.12/site-packages/airflow/example_dags/example_workday_timetable.py took 0.227 seconds
[2024-11-13T00:18:28.006+0000] {processor.py:186} INFO - Started process (PID=13189) to work on /home/airflow/.local/lib/python3.12/site-packages/airflow/example_dags/example_workday_timetable.py
[2024-11-13T00:18:28.007+0000] {processor.py:914} INFO - Processing file /home/airflow/.local/lib/python3.12/site-packages/airflow/example_dags/example_workday_timetable.py for tasks to queue
[2024-11-13T00:18:28.008+0000] {logging_mixin.py:190} INFO - [2024-11-13T00:18:28.008+0000] {dagbag.py:588} INFO - Filling up the DagBag from /home/airflow/.local/lib/python3.12/site-packages/airflow/example_dags/example_workday_timetable.py
[2024-11-13T00:18:28.016+0000] {processor.py:925} INFO - DAG(s) 'example_workday_timetable' retrieved from /home/airflow/.local/lib/python3.12/site-packages/airflow/example_dags/example_workday_timetable.py
[2024-11-13T00:18:28.035+0000] {logging_mixin.py:190} INFO - [2024-11-13T00:18:28.035+0000] {dag.py:3239} INFO - Sync 1 DAGs
[2024-11-13T00:18:28.139+0000] {logging_mixin.py:190} INFO - [2024-11-13T00:18:28.139+0000] {dag.py:4180} INFO - Setting next_dagrun for example_workday_timetable to 2021-01-04 00:00:00+00:00, run_after=2021-01-05 00:00:00+00:00
[2024-11-13T00:18:28.192+0000] {processor.py:208} INFO - Processing /home/airflow/.local/lib/python3.12/site-packages/airflow/example_dags/example_workday_timetable.py took 0.194 seconds
[2024-11-13T00:18:58.366+0000] {processor.py:186} INFO - Started process (PID=13250) to work on /home/airflow/.local/lib/python3.12/site-packages/airflow/example_dags/example_workday_timetable.py
[2024-11-13T00:18:58.367+0000] {processor.py:914} INFO - Processing file /home/airflow/.local/lib/python3.12/site-packages/airflow/example_dags/example_workday_timetable.py for tasks to queue
[2024-11-13T00:18:58.369+0000] {logging_mixin.py:190} INFO - [2024-11-13T00:18:58.369+0000] {dagbag.py:588} INFO - Filling up the DagBag from /home/airflow/.local/lib/python3.12/site-packages/airflow/example_dags/example_workday_timetable.py
[2024-11-13T00:18:58.382+0000] {processor.py:925} INFO - DAG(s) 'example_workday_timetable' retrieved from /home/airflow/.local/lib/python3.12/site-packages/airflow/example_dags/example_workday_timetable.py
[2024-11-13T00:18:58.418+0000] {logging_mixin.py:190} INFO - [2024-11-13T00:18:58.417+0000] {dag.py:3239} INFO - Sync 1 DAGs
[2024-11-13T00:18:58.589+0000] {logging_mixin.py:190} INFO - [2024-11-13T00:18:58.588+0000] {dag.py:4180} INFO - Setting next_dagrun for example_workday_timetable to 2021-01-04 00:00:00+00:00, run_after=2021-01-05 00:00:00+00:00
[2024-11-13T00:18:58.622+0000] {processor.py:208} INFO - Processing /home/airflow/.local/lib/python3.12/site-packages/airflow/example_dags/example_workday_timetable.py took 0.267 seconds
[2024-11-13T00:19:39.981+0000] {processor.py:186} INFO - Started process (PID=13289) to work on /home/airflow/.local/lib/python3.12/site-packages/airflow/example_dags/example_workday_timetable.py
[2024-11-13T00:19:39.982+0000] {processor.py:914} INFO - Processing file /home/airflow/.local/lib/python3.12/site-packages/airflow/example_dags/example_workday_timetable.py for tasks to queue
[2024-11-13T00:19:39.984+0000] {logging_mixin.py:190} INFO - [2024-11-13T00:19:39.983+0000] {dagbag.py:588} INFO - Filling up the DagBag from /home/airflow/.local/lib/python3.12/site-packages/airflow/example_dags/example_workday_timetable.py
[2024-11-13T00:19:39.992+0000] {processor.py:925} INFO - DAG(s) 'example_workday_timetable' retrieved from /home/airflow/.local/lib/python3.12/site-packages/airflow/example_dags/example_workday_timetable.py
[2024-11-13T00:19:40.022+0000] {logging_mixin.py:190} INFO - [2024-11-13T00:19:40.021+0000] {dag.py:3239} INFO - Sync 1 DAGs
[2024-11-13T00:19:40.135+0000] {logging_mixin.py:190} INFO - [2024-11-13T00:19:40.135+0000] {dag.py:4180} INFO - Setting next_dagrun for example_workday_timetable to 2021-01-04 00:00:00+00:00, run_after=2021-01-05 00:00:00+00:00
[2024-11-13T00:19:40.162+0000] {processor.py:208} INFO - Processing /home/airflow/.local/lib/python3.12/site-packages/airflow/example_dags/example_workday_timetable.py took 0.199 seconds
[2024-11-13T00:20:12.729+0000] {processor.py:186} INFO - Started process (PID=13353) to work on /home/airflow/.local/lib/python3.12/site-packages/airflow/example_dags/example_workday_timetable.py
[2024-11-13T00:20:12.731+0000] {processor.py:914} INFO - Processing file /home/airflow/.local/lib/python3.12/site-packages/airflow/example_dags/example_workday_timetable.py for tasks to queue
[2024-11-13T00:20:12.745+0000] {logging_mixin.py:190} INFO - [2024-11-13T00:20:12.734+0000] {dagbag.py:588} INFO - Filling up the DagBag from /home/airflow/.local/lib/python3.12/site-packages/airflow/example_dags/example_workday_timetable.py
[2024-11-13T00:20:12.788+0000] {processor.py:925} INFO - DAG(s) 'example_workday_timetable' retrieved from /home/airflow/.local/lib/python3.12/site-packages/airflow/example_dags/example_workday_timetable.py
[2024-11-13T00:20:12.832+0000] {logging_mixin.py:190} INFO - [2024-11-13T00:20:12.831+0000] {dag.py:3239} INFO - Sync 1 DAGs
[2024-11-13T00:20:12.979+0000] {logging_mixin.py:190} INFO - [2024-11-13T00:20:12.979+0000] {dag.py:4180} INFO - Setting next_dagrun for example_workday_timetable to 2021-01-04 00:00:00+00:00, run_after=2021-01-05 00:00:00+00:00
[2024-11-13T00:20:13.012+0000] {processor.py:208} INFO - Processing /home/airflow/.local/lib/python3.12/site-packages/airflow/example_dags/example_workday_timetable.py took 0.304 seconds
[2024-11-13T00:20:43.847+0000] {processor.py:186} INFO - Started process (PID=13417) to work on /home/airflow/.local/lib/python3.12/site-packages/airflow/example_dags/example_workday_timetable.py
[2024-11-13T00:20:43.848+0000] {processor.py:914} INFO - Processing file /home/airflow/.local/lib/python3.12/site-packages/airflow/example_dags/example_workday_timetable.py for tasks to queue
[2024-11-13T00:20:43.850+0000] {logging_mixin.py:190} INFO - [2024-11-13T00:20:43.849+0000] {dagbag.py:588} INFO - Filling up the DagBag from /home/airflow/.local/lib/python3.12/site-packages/airflow/example_dags/example_workday_timetable.py
[2024-11-13T00:20:43.857+0000] {processor.py:925} INFO - DAG(s) 'example_workday_timetable' retrieved from /home/airflow/.local/lib/python3.12/site-packages/airflow/example_dags/example_workday_timetable.py
[2024-11-13T00:20:43.889+0000] {logging_mixin.py:190} INFO - [2024-11-13T00:20:43.888+0000] {dag.py:3239} INFO - Sync 1 DAGs
[2024-11-13T00:20:43.990+0000] {logging_mixin.py:190} INFO - [2024-11-13T00:20:43.989+0000] {dag.py:4180} INFO - Setting next_dagrun for example_workday_timetable to 2021-01-04 00:00:00+00:00, run_after=2021-01-05 00:00:00+00:00
[2024-11-13T00:20:44.034+0000] {processor.py:208} INFO - Processing /home/airflow/.local/lib/python3.12/site-packages/airflow/example_dags/example_workday_timetable.py took 0.195 seconds
[2024-11-13T00:21:14.700+0000] {processor.py:186} INFO - Started process (PID=13481) to work on /home/airflow/.local/lib/python3.12/site-packages/airflow/example_dags/example_workday_timetable.py
[2024-11-13T00:21:14.701+0000] {processor.py:914} INFO - Processing file /home/airflow/.local/lib/python3.12/site-packages/airflow/example_dags/example_workday_timetable.py for tasks to queue
[2024-11-13T00:21:14.702+0000] {logging_mixin.py:190} INFO - [2024-11-13T00:21:14.702+0000] {dagbag.py:588} INFO - Filling up the DagBag from /home/airflow/.local/lib/python3.12/site-packages/airflow/example_dags/example_workday_timetable.py
[2024-11-13T00:21:14.711+0000] {processor.py:925} INFO - DAG(s) 'example_workday_timetable' retrieved from /home/airflow/.local/lib/python3.12/site-packages/airflow/example_dags/example_workday_timetable.py
[2024-11-13T00:21:14.735+0000] {logging_mixin.py:190} INFO - [2024-11-13T00:21:14.735+0000] {dag.py:3239} INFO - Sync 1 DAGs
[2024-11-13T00:21:14.887+0000] {logging_mixin.py:190} INFO - [2024-11-13T00:21:14.886+0000] {dag.py:4180} INFO - Setting next_dagrun for example_workday_timetable to 2021-01-04 00:00:00+00:00, run_after=2021-01-05 00:00:00+00:00
[2024-11-13T00:21:14.914+0000] {processor.py:208} INFO - Processing /home/airflow/.local/lib/python3.12/site-packages/airflow/example_dags/example_workday_timetable.py took 0.222 seconds
[2024-11-13T00:21:46.395+0000] {processor.py:186} INFO - Started process (PID=13545) to work on /home/airflow/.local/lib/python3.12/site-packages/airflow/example_dags/example_workday_timetable.py
[2024-11-13T00:21:46.396+0000] {processor.py:914} INFO - Processing file /home/airflow/.local/lib/python3.12/site-packages/airflow/example_dags/example_workday_timetable.py for tasks to queue
[2024-11-13T00:21:46.398+0000] {logging_mixin.py:190} INFO - [2024-11-13T00:21:46.397+0000] {dagbag.py:588} INFO - Filling up the DagBag from /home/airflow/.local/lib/python3.12/site-packages/airflow/example_dags/example_workday_timetable.py
[2024-11-13T00:21:46.408+0000] {processor.py:925} INFO - DAG(s) 'example_workday_timetable' retrieved from /home/airflow/.local/lib/python3.12/site-packages/airflow/example_dags/example_workday_timetable.py
[2024-11-13T00:21:46.435+0000] {logging_mixin.py:190} INFO - [2024-11-13T00:21:46.434+0000] {dag.py:3239} INFO - Sync 1 DAGs
[2024-11-13T00:21:46.545+0000] {logging_mixin.py:190} INFO - [2024-11-13T00:21:46.544+0000] {dag.py:4180} INFO - Setting next_dagrun for example_workday_timetable to 2021-01-04 00:00:00+00:00, run_after=2021-01-05 00:00:00+00:00
[2024-11-13T00:21:46.573+0000] {processor.py:208} INFO - Processing /home/airflow/.local/lib/python3.12/site-packages/airflow/example_dags/example_workday_timetable.py took 0.188 seconds
[2024-11-13T00:22:17.737+0000] {processor.py:186} INFO - Started process (PID=13609) to work on /home/airflow/.local/lib/python3.12/site-packages/airflow/example_dags/example_workday_timetable.py
[2024-11-13T00:22:17.737+0000] {processor.py:914} INFO - Processing file /home/airflow/.local/lib/python3.12/site-packages/airflow/example_dags/example_workday_timetable.py for tasks to queue
[2024-11-13T00:22:17.739+0000] {logging_mixin.py:190} INFO - [2024-11-13T00:22:17.738+0000] {dagbag.py:588} INFO - Filling up the DagBag from /home/airflow/.local/lib/python3.12/site-packages/airflow/example_dags/example_workday_timetable.py
[2024-11-13T00:22:17.748+0000] {processor.py:925} INFO - DAG(s) 'example_workday_timetable' retrieved from /home/airflow/.local/lib/python3.12/site-packages/airflow/example_dags/example_workday_timetable.py
[2024-11-13T00:22:17.772+0000] {logging_mixin.py:190} INFO - [2024-11-13T00:22:17.771+0000] {dag.py:3239} INFO - Sync 1 DAGs
[2024-11-13T00:22:17.863+0000] {logging_mixin.py:190} INFO - [2024-11-13T00:22:17.862+0000] {dag.py:4180} INFO - Setting next_dagrun for example_workday_timetable to 2021-01-04 00:00:00+00:00, run_after=2021-01-05 00:00:00+00:00
[2024-11-13T00:22:17.887+0000] {processor.py:208} INFO - Processing /home/airflow/.local/lib/python3.12/site-packages/airflow/example_dags/example_workday_timetable.py took 0.160 seconds
[2024-11-13T00:22:48.709+0000] {processor.py:186} INFO - Started process (PID=13673) to work on /home/airflow/.local/lib/python3.12/site-packages/airflow/example_dags/example_workday_timetable.py
[2024-11-13T00:22:48.710+0000] {processor.py:914} INFO - Processing file /home/airflow/.local/lib/python3.12/site-packages/airflow/example_dags/example_workday_timetable.py for tasks to queue
[2024-11-13T00:22:48.711+0000] {logging_mixin.py:190} INFO - [2024-11-13T00:22:48.711+0000] {dagbag.py:588} INFO - Filling up the DagBag from /home/airflow/.local/lib/python3.12/site-packages/airflow/example_dags/example_workday_timetable.py
[2024-11-13T00:22:48.717+0000] {processor.py:925} INFO - DAG(s) 'example_workday_timetable' retrieved from /home/airflow/.local/lib/python3.12/site-packages/airflow/example_dags/example_workday_timetable.py
[2024-11-13T00:22:48.739+0000] {logging_mixin.py:190} INFO - [2024-11-13T00:22:48.739+0000] {dag.py:3239} INFO - Sync 1 DAGs
[2024-11-13T00:22:48.801+0000] {logging_mixin.py:190} INFO - [2024-11-13T00:22:48.801+0000] {dag.py:4180} INFO - Setting next_dagrun for example_workday_timetable to 2021-01-04 00:00:00+00:00, run_after=2021-01-05 00:00:00+00:00
[2024-11-13T00:22:48.825+0000] {processor.py:208} INFO - Processing /home/airflow/.local/lib/python3.12/site-packages/airflow/example_dags/example_workday_timetable.py took 0.124 seconds
[2024-11-13T00:23:19.689+0000] {processor.py:186} INFO - Started process (PID=13737) to work on /home/airflow/.local/lib/python3.12/site-packages/airflow/example_dags/example_workday_timetable.py
[2024-11-13T00:23:19.690+0000] {processor.py:914} INFO - Processing file /home/airflow/.local/lib/python3.12/site-packages/airflow/example_dags/example_workday_timetable.py for tasks to queue
[2024-11-13T00:23:19.691+0000] {logging_mixin.py:190} INFO - [2024-11-13T00:23:19.691+0000] {dagbag.py:588} INFO - Filling up the DagBag from /home/airflow/.local/lib/python3.12/site-packages/airflow/example_dags/example_workday_timetable.py
[2024-11-13T00:23:19.699+0000] {processor.py:925} INFO - DAG(s) 'example_workday_timetable' retrieved from /home/airflow/.local/lib/python3.12/site-packages/airflow/example_dags/example_workday_timetable.py
[2024-11-13T00:23:19.722+0000] {logging_mixin.py:190} INFO - [2024-11-13T00:23:19.721+0000] {dag.py:3239} INFO - Sync 1 DAGs
[2024-11-13T00:23:19.859+0000] {logging_mixin.py:190} INFO - [2024-11-13T00:23:19.858+0000] {dag.py:4180} INFO - Setting next_dagrun for example_workday_timetable to 2021-01-04 00:00:00+00:00, run_after=2021-01-05 00:00:00+00:00
[2024-11-13T00:23:19.888+0000] {processor.py:208} INFO - Processing /home/airflow/.local/lib/python3.12/site-packages/airflow/example_dags/example_workday_timetable.py took 0.207 seconds
[2024-11-13T00:23:51.308+0000] {processor.py:186} INFO - Started process (PID=13802) to work on /home/airflow/.local/lib/python3.12/site-packages/airflow/example_dags/example_workday_timetable.py
[2024-11-13T00:23:51.309+0000] {processor.py:914} INFO - Processing file /home/airflow/.local/lib/python3.12/site-packages/airflow/example_dags/example_workday_timetable.py for tasks to queue
[2024-11-13T00:23:51.313+0000] {logging_mixin.py:190} INFO - [2024-11-13T00:23:51.312+0000] {dagbag.py:588} INFO - Filling up the DagBag from /home/airflow/.local/lib/python3.12/site-packages/airflow/example_dags/example_workday_timetable.py
[2024-11-13T00:23:51.321+0000] {processor.py:925} INFO - DAG(s) 'example_workday_timetable' retrieved from /home/airflow/.local/lib/python3.12/site-packages/airflow/example_dags/example_workday_timetable.py
[2024-11-13T00:23:51.349+0000] {logging_mixin.py:190} INFO - [2024-11-13T00:23:51.348+0000] {dag.py:3239} INFO - Sync 1 DAGs
[2024-11-13T00:23:51.478+0000] {logging_mixin.py:190} INFO - [2024-11-13T00:23:51.478+0000] {dag.py:4180} INFO - Setting next_dagrun for example_workday_timetable to 2021-01-04 00:00:00+00:00, run_after=2021-01-05 00:00:00+00:00
[2024-11-13T00:23:51.505+0000] {processor.py:208} INFO - Processing /home/airflow/.local/lib/python3.12/site-packages/airflow/example_dags/example_workday_timetable.py took 0.206 seconds
[2024-11-13T00:24:21.725+0000] {processor.py:186} INFO - Started process (PID=13865) to work on /home/airflow/.local/lib/python3.12/site-packages/airflow/example_dags/example_workday_timetable.py
[2024-11-13T00:24:21.726+0000] {processor.py:914} INFO - Processing file /home/airflow/.local/lib/python3.12/site-packages/airflow/example_dags/example_workday_timetable.py for tasks to queue
[2024-11-13T00:24:21.727+0000] {logging_mixin.py:190} INFO - [2024-11-13T00:24:21.727+0000] {dagbag.py:588} INFO - Filling up the DagBag from /home/airflow/.local/lib/python3.12/site-packages/airflow/example_dags/example_workday_timetable.py
[2024-11-13T00:24:21.735+0000] {processor.py:925} INFO - DAG(s) 'example_workday_timetable' retrieved from /home/airflow/.local/lib/python3.12/site-packages/airflow/example_dags/example_workday_timetable.py
[2024-11-13T00:24:21.756+0000] {logging_mixin.py:190} INFO - [2024-11-13T00:24:21.756+0000] {dag.py:3239} INFO - Sync 1 DAGs
[2024-11-13T00:24:21.825+0000] {logging_mixin.py:190} INFO - [2024-11-13T00:24:21.824+0000] {dag.py:4180} INFO - Setting next_dagrun for example_workday_timetable to 2021-01-04 00:00:00+00:00, run_after=2021-01-05 00:00:00+00:00
[2024-11-13T00:24:21.851+0000] {processor.py:208} INFO - Processing /home/airflow/.local/lib/python3.12/site-packages/airflow/example_dags/example_workday_timetable.py took 0.135 seconds
[2024-11-13T00:24:52.901+0000] {processor.py:186} INFO - Started process (PID=13931) to work on /home/airflow/.local/lib/python3.12/site-packages/airflow/example_dags/example_workday_timetable.py
[2024-11-13T00:24:52.902+0000] {processor.py:914} INFO - Processing file /home/airflow/.local/lib/python3.12/site-packages/airflow/example_dags/example_workday_timetable.py for tasks to queue
[2024-11-13T00:24:52.903+0000] {logging_mixin.py:190} INFO - [2024-11-13T00:24:52.903+0000] {dagbag.py:588} INFO - Filling up the DagBag from /home/airflow/.local/lib/python3.12/site-packages/airflow/example_dags/example_workday_timetable.py
[2024-11-13T00:24:52.910+0000] {processor.py:925} INFO - DAG(s) 'example_workday_timetable' retrieved from /home/airflow/.local/lib/python3.12/site-packages/airflow/example_dags/example_workday_timetable.py
[2024-11-13T00:24:52.929+0000] {logging_mixin.py:190} INFO - [2024-11-13T00:24:52.929+0000] {dag.py:3239} INFO - Sync 1 DAGs
[2024-11-13T00:24:52.986+0000] {logging_mixin.py:190} INFO - [2024-11-13T00:24:52.986+0000] {dag.py:4180} INFO - Setting next_dagrun for example_workday_timetable to 2021-01-04 00:00:00+00:00, run_after=2021-01-05 00:00:00+00:00
[2024-11-13T00:24:53.011+0000] {processor.py:208} INFO - Processing /home/airflow/.local/lib/python3.12/site-packages/airflow/example_dags/example_workday_timetable.py took 0.118 seconds
[2024-11-13T00:25:25.704+0000] {processor.py:186} INFO - Started process (PID=13995) to work on /home/airflow/.local/lib/python3.12/site-packages/airflow/example_dags/example_workday_timetable.py
[2024-11-13T00:25:25.705+0000] {processor.py:914} INFO - Processing file /home/airflow/.local/lib/python3.12/site-packages/airflow/example_dags/example_workday_timetable.py for tasks to queue
[2024-11-13T00:25:25.708+0000] {logging_mixin.py:190} INFO - [2024-11-13T00:25:25.707+0000] {dagbag.py:588} INFO - Filling up the DagBag from /home/airflow/.local/lib/python3.12/site-packages/airflow/example_dags/example_workday_timetable.py
[2024-11-13T00:25:25.720+0000] {processor.py:925} INFO - DAG(s) 'example_workday_timetable' retrieved from /home/airflow/.local/lib/python3.12/site-packages/airflow/example_dags/example_workday_timetable.py
[2024-11-13T00:25:25.748+0000] {logging_mixin.py:190} INFO - [2024-11-13T00:25:25.748+0000] {dag.py:3239} INFO - Sync 1 DAGs
[2024-11-13T00:25:25.914+0000] {logging_mixin.py:190} INFO - [2024-11-13T00:25:25.912+0000] {dag.py:4180} INFO - Setting next_dagrun for example_workday_timetable to 2021-01-04 00:00:00+00:00, run_after=2021-01-05 00:00:00+00:00
[2024-11-13T00:25:25.948+0000] {processor.py:208} INFO - Processing /home/airflow/.local/lib/python3.12/site-packages/airflow/example_dags/example_workday_timetable.py took 0.260 seconds
[2024-11-13T00:25:57.650+0000] {processor.py:186} INFO - Started process (PID=14059) to work on /home/airflow/.local/lib/python3.12/site-packages/airflow/example_dags/example_workday_timetable.py
[2024-11-13T00:25:57.651+0000] {processor.py:914} INFO - Processing file /home/airflow/.local/lib/python3.12/site-packages/airflow/example_dags/example_workday_timetable.py for tasks to queue
[2024-11-13T00:25:57.656+0000] {logging_mixin.py:190} INFO - [2024-11-13T00:25:57.653+0000] {dagbag.py:588} INFO - Filling up the DagBag from /home/airflow/.local/lib/python3.12/site-packages/airflow/example_dags/example_workday_timetable.py
[2024-11-13T00:25:57.666+0000] {processor.py:925} INFO - DAG(s) 'example_workday_timetable' retrieved from /home/airflow/.local/lib/python3.12/site-packages/airflow/example_dags/example_workday_timetable.py
[2024-11-13T00:25:57.700+0000] {logging_mixin.py:190} INFO - [2024-11-13T00:25:57.700+0000] {dag.py:3239} INFO - Sync 1 DAGs
[2024-11-13T00:25:57.886+0000] {logging_mixin.py:190} INFO - [2024-11-13T00:25:57.885+0000] {dag.py:4180} INFO - Setting next_dagrun for example_workday_timetable to 2021-01-04 00:00:00+00:00, run_after=2021-01-05 00:00:00+00:00
[2024-11-13T00:25:57.918+0000] {processor.py:208} INFO - Processing /home/airflow/.local/lib/python3.12/site-packages/airflow/example_dags/example_workday_timetable.py took 0.281 seconds
[2024-11-13T00:26:29.342+0000] {processor.py:186} INFO - Started process (PID=14123) to work on /home/airflow/.local/lib/python3.12/site-packages/airflow/example_dags/example_workday_timetable.py
[2024-11-13T00:26:29.343+0000] {processor.py:914} INFO - Processing file /home/airflow/.local/lib/python3.12/site-packages/airflow/example_dags/example_workday_timetable.py for tasks to queue
[2024-11-13T00:26:29.344+0000] {logging_mixin.py:190} INFO - [2024-11-13T00:26:29.344+0000] {dagbag.py:588} INFO - Filling up the DagBag from /home/airflow/.local/lib/python3.12/site-packages/airflow/example_dags/example_workday_timetable.py
[2024-11-13T00:26:29.354+0000] {processor.py:925} INFO - DAG(s) 'example_workday_timetable' retrieved from /home/airflow/.local/lib/python3.12/site-packages/airflow/example_dags/example_workday_timetable.py
[2024-11-13T00:26:29.378+0000] {logging_mixin.py:190} INFO - [2024-11-13T00:26:29.378+0000] {dag.py:3239} INFO - Sync 1 DAGs
[2024-11-13T00:26:29.538+0000] {logging_mixin.py:190} INFO - [2024-11-13T00:26:29.538+0000] {dag.py:4180} INFO - Setting next_dagrun for example_workday_timetable to 2021-01-04 00:00:00+00:00, run_after=2021-01-05 00:00:00+00:00
[2024-11-13T00:26:29.572+0000] {processor.py:208} INFO - Processing /home/airflow/.local/lib/python3.12/site-packages/airflow/example_dags/example_workday_timetable.py took 0.238 seconds
[2024-11-13T00:26:59.944+0000] {processor.py:186} INFO - Started process (PID=14187) to work on /home/airflow/.local/lib/python3.12/site-packages/airflow/example_dags/example_workday_timetable.py
[2024-11-13T00:26:59.945+0000] {processor.py:914} INFO - Processing file /home/airflow/.local/lib/python3.12/site-packages/airflow/example_dags/example_workday_timetable.py for tasks to queue
[2024-11-13T00:26:59.947+0000] {logging_mixin.py:190} INFO - [2024-11-13T00:26:59.947+0000] {dagbag.py:588} INFO - Filling up the DagBag from /home/airflow/.local/lib/python3.12/site-packages/airflow/example_dags/example_workday_timetable.py
[2024-11-13T00:26:59.953+0000] {processor.py:925} INFO - DAG(s) 'example_workday_timetable' retrieved from /home/airflow/.local/lib/python3.12/site-packages/airflow/example_dags/example_workday_timetable.py
[2024-11-13T00:26:59.975+0000] {logging_mixin.py:190} INFO - [2024-11-13T00:26:59.975+0000] {dag.py:3239} INFO - Sync 1 DAGs
[2024-11-13T00:27:00.098+0000] {logging_mixin.py:190} INFO - [2024-11-13T00:27:00.097+0000] {dag.py:4180} INFO - Setting next_dagrun for example_workday_timetable to 2021-01-04 00:00:00+00:00, run_after=2021-01-05 00:00:00+00:00
[2024-11-13T00:27:00.120+0000] {processor.py:208} INFO - Processing /home/airflow/.local/lib/python3.12/site-packages/airflow/example_dags/example_workday_timetable.py took 0.183 seconds
[2024-11-13T00:27:31.313+0000] {processor.py:186} INFO - Started process (PID=14251) to work on /home/airflow/.local/lib/python3.12/site-packages/airflow/example_dags/example_workday_timetable.py
[2024-11-13T00:27:31.314+0000] {processor.py:914} INFO - Processing file /home/airflow/.local/lib/python3.12/site-packages/airflow/example_dags/example_workday_timetable.py for tasks to queue
[2024-11-13T00:27:31.315+0000] {logging_mixin.py:190} INFO - [2024-11-13T00:27:31.315+0000] {dagbag.py:588} INFO - Filling up the DagBag from /home/airflow/.local/lib/python3.12/site-packages/airflow/example_dags/example_workday_timetable.py
[2024-11-13T00:27:31.323+0000] {processor.py:925} INFO - DAG(s) 'example_workday_timetable' retrieved from /home/airflow/.local/lib/python3.12/site-packages/airflow/example_dags/example_workday_timetable.py
[2024-11-13T00:27:31.345+0000] {logging_mixin.py:190} INFO - [2024-11-13T00:27:31.345+0000] {dag.py:3239} INFO - Sync 1 DAGs
[2024-11-13T00:27:31.465+0000] {logging_mixin.py:190} INFO - [2024-11-13T00:27:31.465+0000] {dag.py:4180} INFO - Setting next_dagrun for example_workday_timetable to 2021-01-04 00:00:00+00:00, run_after=2021-01-05 00:00:00+00:00
[2024-11-13T00:27:31.488+0000] {processor.py:208} INFO - Processing /home/airflow/.local/lib/python3.12/site-packages/airflow/example_dags/example_workday_timetable.py took 0.183 seconds
[2024-11-13T00:28:02.023+0000] {processor.py:186} INFO - Started process (PID=14315) to work on /home/airflow/.local/lib/python3.12/site-packages/airflow/example_dags/example_workday_timetable.py
[2024-11-13T00:28:02.024+0000] {processor.py:914} INFO - Processing file /home/airflow/.local/lib/python3.12/site-packages/airflow/example_dags/example_workday_timetable.py for tasks to queue
[2024-11-13T00:28:02.025+0000] {logging_mixin.py:190} INFO - [2024-11-13T00:28:02.025+0000] {dagbag.py:588} INFO - Filling up the DagBag from /home/airflow/.local/lib/python3.12/site-packages/airflow/example_dags/example_workday_timetable.py
[2024-11-13T00:28:02.031+0000] {processor.py:925} INFO - DAG(s) 'example_workday_timetable' retrieved from /home/airflow/.local/lib/python3.12/site-packages/airflow/example_dags/example_workday_timetable.py
[2024-11-13T00:28:02.053+0000] {logging_mixin.py:190} INFO - [2024-11-13T00:28:02.053+0000] {dag.py:3239} INFO - Sync 1 DAGs
[2024-11-13T00:28:02.141+0000] {logging_mixin.py:190} INFO - [2024-11-13T00:28:02.141+0000] {dag.py:4180} INFO - Setting next_dagrun for example_workday_timetable to 2021-01-04 00:00:00+00:00, run_after=2021-01-05 00:00:00+00:00
[2024-11-13T00:28:02.164+0000] {processor.py:208} INFO - Processing /home/airflow/.local/lib/python3.12/site-packages/airflow/example_dags/example_workday_timetable.py took 0.149 seconds
[2024-11-13T00:28:34.134+0000] {processor.py:186} INFO - Started process (PID=14378) to work on /home/airflow/.local/lib/python3.12/site-packages/airflow/example_dags/example_workday_timetable.py
[2024-11-13T00:28:34.135+0000] {processor.py:914} INFO - Processing file /home/airflow/.local/lib/python3.12/site-packages/airflow/example_dags/example_workday_timetable.py for tasks to queue
[2024-11-13T00:28:34.137+0000] {logging_mixin.py:190} INFO - [2024-11-13T00:28:34.136+0000] {dagbag.py:588} INFO - Filling up the DagBag from /home/airflow/.local/lib/python3.12/site-packages/airflow/example_dags/example_workday_timetable.py
[2024-11-13T00:28:34.145+0000] {processor.py:925} INFO - DAG(s) 'example_workday_timetable' retrieved from /home/airflow/.local/lib/python3.12/site-packages/airflow/example_dags/example_workday_timetable.py
[2024-11-13T00:28:34.169+0000] {logging_mixin.py:190} INFO - [2024-11-13T00:28:34.169+0000] {dag.py:3239} INFO - Sync 1 DAGs
[2024-11-13T00:28:34.263+0000] {logging_mixin.py:190} INFO - [2024-11-13T00:28:34.263+0000] {dag.py:4180} INFO - Setting next_dagrun for example_workday_timetable to 2021-01-04 00:00:00+00:00, run_after=2021-01-05 00:00:00+00:00
[2024-11-13T00:28:34.286+0000] {processor.py:208} INFO - Processing /home/airflow/.local/lib/python3.12/site-packages/airflow/example_dags/example_workday_timetable.py took 0.161 seconds
[2024-11-13T00:29:05.178+0000] {processor.py:186} INFO - Started process (PID=14442) to work on /home/airflow/.local/lib/python3.12/site-packages/airflow/example_dags/example_workday_timetable.py
[2024-11-13T00:29:05.179+0000] {processor.py:914} INFO - Processing file /home/airflow/.local/lib/python3.12/site-packages/airflow/example_dags/example_workday_timetable.py for tasks to queue
[2024-11-13T00:29:05.181+0000] {logging_mixin.py:190} INFO - [2024-11-13T00:29:05.181+0000] {dagbag.py:588} INFO - Filling up the DagBag from /home/airflow/.local/lib/python3.12/site-packages/airflow/example_dags/example_workday_timetable.py
[2024-11-13T00:29:05.191+0000] {processor.py:925} INFO - DAG(s) 'example_workday_timetable' retrieved from /home/airflow/.local/lib/python3.12/site-packages/airflow/example_dags/example_workday_timetable.py
[2024-11-13T00:29:05.218+0000] {logging_mixin.py:190} INFO - [2024-11-13T00:29:05.218+0000] {dag.py:3239} INFO - Sync 1 DAGs
[2024-11-13T00:29:05.321+0000] {logging_mixin.py:190} INFO - [2024-11-13T00:29:05.321+0000] {dag.py:4180} INFO - Setting next_dagrun for example_workday_timetable to 2021-01-04 00:00:00+00:00, run_after=2021-01-05 00:00:00+00:00
[2024-11-13T00:29:05.351+0000] {processor.py:208} INFO - Processing /home/airflow/.local/lib/python3.12/site-packages/airflow/example_dags/example_workday_timetable.py took 0.183 seconds
[2024-11-13T00:29:35.632+0000] {processor.py:186} INFO - Started process (PID=14505) to work on /home/airflow/.local/lib/python3.12/site-packages/airflow/example_dags/example_workday_timetable.py
[2024-11-13T00:29:35.633+0000] {processor.py:914} INFO - Processing file /home/airflow/.local/lib/python3.12/site-packages/airflow/example_dags/example_workday_timetable.py for tasks to queue
[2024-11-13T00:29:35.634+0000] {logging_mixin.py:190} INFO - [2024-11-13T00:29:35.634+0000] {dagbag.py:588} INFO - Filling up the DagBag from /home/airflow/.local/lib/python3.12/site-packages/airflow/example_dags/example_workday_timetable.py
[2024-11-13T00:29:35.640+0000] {processor.py:925} INFO - DAG(s) 'example_workday_timetable' retrieved from /home/airflow/.local/lib/python3.12/site-packages/airflow/example_dags/example_workday_timetable.py
[2024-11-13T00:29:35.663+0000] {logging_mixin.py:190} INFO - [2024-11-13T00:29:35.663+0000] {dag.py:3239} INFO - Sync 1 DAGs
[2024-11-13T00:29:35.722+0000] {logging_mixin.py:190} INFO - [2024-11-13T00:29:35.722+0000] {dag.py:4180} INFO - Setting next_dagrun for example_workday_timetable to 2021-01-04 00:00:00+00:00, run_after=2021-01-05 00:00:00+00:00
[2024-11-13T00:29:35.825+0000] {processor.py:208} INFO - Processing /home/airflow/.local/lib/python3.12/site-packages/airflow/example_dags/example_workday_timetable.py took 0.202 seconds
[2024-11-13T00:30:06.003+0000] {processor.py:186} INFO - Started process (PID=14569) to work on /home/airflow/.local/lib/python3.12/site-packages/airflow/example_dags/example_workday_timetable.py
[2024-11-13T00:30:06.004+0000] {processor.py:914} INFO - Processing file /home/airflow/.local/lib/python3.12/site-packages/airflow/example_dags/example_workday_timetable.py for tasks to queue
[2024-11-13T00:30:06.006+0000] {logging_mixin.py:190} INFO - [2024-11-13T00:30:06.005+0000] {dagbag.py:588} INFO - Filling up the DagBag from /home/airflow/.local/lib/python3.12/site-packages/airflow/example_dags/example_workday_timetable.py
[2024-11-13T00:30:06.013+0000] {processor.py:925} INFO - DAG(s) 'example_workday_timetable' retrieved from /home/airflow/.local/lib/python3.12/site-packages/airflow/example_dags/example_workday_timetable.py
[2024-11-13T00:30:06.035+0000] {logging_mixin.py:190} INFO - [2024-11-13T00:30:06.035+0000] {dag.py:3239} INFO - Sync 1 DAGs
[2024-11-13T00:30:06.096+0000] {logging_mixin.py:190} INFO - [2024-11-13T00:30:06.096+0000] {dag.py:4180} INFO - Setting next_dagrun for example_workday_timetable to 2021-01-04 00:00:00+00:00, run_after=2021-01-05 00:00:00+00:00
[2024-11-13T00:30:06.121+0000] {processor.py:208} INFO - Processing /home/airflow/.local/lib/python3.12/site-packages/airflow/example_dags/example_workday_timetable.py took 0.125 seconds
[2024-11-13T00:30:36.284+0000] {processor.py:186} INFO - Started process (PID=14632) to work on /home/airflow/.local/lib/python3.12/site-packages/airflow/example_dags/example_workday_timetable.py
[2024-11-13T00:30:36.284+0000] {processor.py:914} INFO - Processing file /home/airflow/.local/lib/python3.12/site-packages/airflow/example_dags/example_workday_timetable.py for tasks to queue
[2024-11-13T00:30:36.286+0000] {logging_mixin.py:190} INFO - [2024-11-13T00:30:36.285+0000] {dagbag.py:588} INFO - Filling up the DagBag from /home/airflow/.local/lib/python3.12/site-packages/airflow/example_dags/example_workday_timetable.py
[2024-11-13T00:30:36.293+0000] {processor.py:925} INFO - DAG(s) 'example_workday_timetable' retrieved from /home/airflow/.local/lib/python3.12/site-packages/airflow/example_dags/example_workday_timetable.py
[2024-11-13T00:30:36.315+0000] {logging_mixin.py:190} INFO - [2024-11-13T00:30:36.315+0000] {dag.py:3239} INFO - Sync 1 DAGs
[2024-11-13T00:30:36.391+0000] {logging_mixin.py:190} INFO - [2024-11-13T00:30:36.391+0000] {dag.py:4180} INFO - Setting next_dagrun for example_workday_timetable to 2021-01-04 00:00:00+00:00, run_after=2021-01-05 00:00:00+00:00
[2024-11-13T00:30:36.418+0000] {processor.py:208} INFO - Processing /home/airflow/.local/lib/python3.12/site-packages/airflow/example_dags/example_workday_timetable.py took 0.142 seconds
[2024-11-13T00:31:06.968+0000] {processor.py:186} INFO - Started process (PID=14696) to work on /home/airflow/.local/lib/python3.12/site-packages/airflow/example_dags/example_workday_timetable.py
[2024-11-13T00:31:06.969+0000] {processor.py:914} INFO - Processing file /home/airflow/.local/lib/python3.12/site-packages/airflow/example_dags/example_workday_timetable.py for tasks to queue
[2024-11-13T00:31:06.971+0000] {logging_mixin.py:190} INFO - [2024-11-13T00:31:06.970+0000] {dagbag.py:588} INFO - Filling up the DagBag from /home/airflow/.local/lib/python3.12/site-packages/airflow/example_dags/example_workday_timetable.py
[2024-11-13T00:31:06.978+0000] {processor.py:925} INFO - DAG(s) 'example_workday_timetable' retrieved from /home/airflow/.local/lib/python3.12/site-packages/airflow/example_dags/example_workday_timetable.py
[2024-11-13T00:31:07.008+0000] {logging_mixin.py:190} INFO - [2024-11-13T00:31:07.008+0000] {dag.py:3239} INFO - Sync 1 DAGs
[2024-11-13T00:31:07.081+0000] {logging_mixin.py:190} INFO - [2024-11-13T00:31:07.081+0000] {dag.py:4180} INFO - Setting next_dagrun for example_workday_timetable to 2021-01-04 00:00:00+00:00, run_after=2021-01-05 00:00:00+00:00
[2024-11-13T00:31:07.104+0000] {processor.py:208} INFO - Processing /home/airflow/.local/lib/python3.12/site-packages/airflow/example_dags/example_workday_timetable.py took 0.147 seconds
[2024-11-13T00:31:37.906+0000] {processor.py:186} INFO - Started process (PID=14760) to work on /home/airflow/.local/lib/python3.12/site-packages/airflow/example_dags/example_workday_timetable.py
[2024-11-13T00:31:37.907+0000] {processor.py:914} INFO - Processing file /home/airflow/.local/lib/python3.12/site-packages/airflow/example_dags/example_workday_timetable.py for tasks to queue
[2024-11-13T00:31:37.909+0000] {logging_mixin.py:190} INFO - [2024-11-13T00:31:37.908+0000] {dagbag.py:588} INFO - Filling up the DagBag from /home/airflow/.local/lib/python3.12/site-packages/airflow/example_dags/example_workday_timetable.py
[2024-11-13T00:31:37.918+0000] {processor.py:925} INFO - DAG(s) 'example_workday_timetable' retrieved from /home/airflow/.local/lib/python3.12/site-packages/airflow/example_dags/example_workday_timetable.py
[2024-11-13T00:31:37.945+0000] {logging_mixin.py:190} INFO - [2024-11-13T00:31:37.945+0000] {dag.py:3239} INFO - Sync 1 DAGs
[2024-11-13T00:31:38.027+0000] {logging_mixin.py:190} INFO - [2024-11-13T00:31:38.026+0000] {dag.py:4180} INFO - Setting next_dagrun for example_workday_timetable to 2021-01-04 00:00:00+00:00, run_after=2021-01-05 00:00:00+00:00
[2024-11-13T00:31:38.047+0000] {processor.py:208} INFO - Processing /home/airflow/.local/lib/python3.12/site-packages/airflow/example_dags/example_workday_timetable.py took 0.148 seconds
