[2024-11-13T00:00:16.922+0000] {processor.py:186} INFO - Started process (PID=10899) to work on /home/airflow/.local/lib/python3.12/site-packages/airflow/example_dags/example_external_task_marker_dag.py
[2024-11-13T00:00:16.923+0000] {processor.py:914} INFO - Processing file /home/airflow/.local/lib/python3.12/site-packages/airflow/example_dags/example_external_task_marker_dag.py for tasks to queue
[2024-11-13T00:00:16.930+0000] {logging_mixin.py:190} INFO - [2024-11-13T00:00:16.929+0000] {dagbag.py:588} INFO - Filling up the DagBag from /home/airflow/.local/lib/python3.12/site-packages/airflow/example_dags/example_external_task_marker_dag.py
[2024-11-13T00:00:16.946+0000] {processor.py:925} INFO - DAG(s) 'example_external_task_marker_child', 'example_external_task_marker_parent' retrieved from /home/airflow/.local/lib/python3.12/site-packages/airflow/example_dags/example_external_task_marker_dag.py
[2024-11-13T00:00:16.982+0000] {logging_mixin.py:190} INFO - [2024-11-13T00:00:16.981+0000] {dag.py:3239} INFO - Sync 2 DAGs
[2024-11-13T00:00:17.005+0000] {logging_mixin.py:190} INFO - [2024-11-13T00:00:17.005+0000] {dag.py:4180} INFO - Setting next_dagrun for example_external_task_marker_child to None, run_after=None
[2024-11-13T00:00:17.013+0000] {logging_mixin.py:190} INFO - [2024-11-13T00:00:17.012+0000] {dag.py:4180} INFO - Setting next_dagrun for example_external_task_marker_parent to None, run_after=None
[2024-11-13T00:00:17.038+0000] {processor.py:208} INFO - Processing /home/airflow/.local/lib/python3.12/site-packages/airflow/example_dags/example_external_task_marker_dag.py took 0.131 seconds
[2024-11-13T00:00:47.811+0000] {processor.py:186} INFO - Started process (PID=10962) to work on /home/airflow/.local/lib/python3.12/site-packages/airflow/example_dags/example_external_task_marker_dag.py
[2024-11-13T00:00:47.814+0000] {processor.py:914} INFO - Processing file /home/airflow/.local/lib/python3.12/site-packages/airflow/example_dags/example_external_task_marker_dag.py for tasks to queue
[2024-11-13T00:00:47.816+0000] {logging_mixin.py:190} INFO - [2024-11-13T00:00:47.816+0000] {dagbag.py:588} INFO - Filling up the DagBag from /home/airflow/.local/lib/python3.12/site-packages/airflow/example_dags/example_external_task_marker_dag.py
[2024-11-13T00:00:47.834+0000] {processor.py:925} INFO - DAG(s) 'example_external_task_marker_child', 'example_external_task_marker_parent' retrieved from /home/airflow/.local/lib/python3.12/site-packages/airflow/example_dags/example_external_task_marker_dag.py
[2024-11-13T00:00:47.872+0000] {logging_mixin.py:190} INFO - [2024-11-13T00:00:47.872+0000] {dag.py:3239} INFO - Sync 2 DAGs
[2024-11-13T00:00:47.898+0000] {logging_mixin.py:190} INFO - [2024-11-13T00:00:47.897+0000] {dag.py:4180} INFO - Setting next_dagrun for example_external_task_marker_child to None, run_after=None
[2024-11-13T00:00:47.905+0000] {logging_mixin.py:190} INFO - [2024-11-13T00:00:47.904+0000] {dag.py:4180} INFO - Setting next_dagrun for example_external_task_marker_parent to None, run_after=None
[2024-11-13T00:00:48.001+0000] {processor.py:208} INFO - Processing /home/airflow/.local/lib/python3.12/site-packages/airflow/example_dags/example_external_task_marker_dag.py took 0.210 seconds
[2024-11-13T00:01:18.097+0000] {processor.py:186} INFO - Started process (PID=11026) to work on /home/airflow/.local/lib/python3.12/site-packages/airflow/example_dags/example_external_task_marker_dag.py
[2024-11-13T00:01:18.098+0000] {processor.py:914} INFO - Processing file /home/airflow/.local/lib/python3.12/site-packages/airflow/example_dags/example_external_task_marker_dag.py for tasks to queue
[2024-11-13T00:01:18.100+0000] {logging_mixin.py:190} INFO - [2024-11-13T00:01:18.099+0000] {dagbag.py:588} INFO - Filling up the DagBag from /home/airflow/.local/lib/python3.12/site-packages/airflow/example_dags/example_external_task_marker_dag.py
[2024-11-13T00:01:18.108+0000] {processor.py:925} INFO - DAG(s) 'example_external_task_marker_child', 'example_external_task_marker_parent' retrieved from /home/airflow/.local/lib/python3.12/site-packages/airflow/example_dags/example_external_task_marker_dag.py
[2024-11-13T00:01:18.137+0000] {logging_mixin.py:190} INFO - [2024-11-13T00:01:18.136+0000] {dag.py:3239} INFO - Sync 2 DAGs
[2024-11-13T00:01:18.156+0000] {logging_mixin.py:190} INFO - [2024-11-13T00:01:18.156+0000] {dag.py:4180} INFO - Setting next_dagrun for example_external_task_marker_child to None, run_after=None
[2024-11-13T00:01:18.161+0000] {logging_mixin.py:190} INFO - [2024-11-13T00:01:18.161+0000] {dag.py:4180} INFO - Setting next_dagrun for example_external_task_marker_parent to None, run_after=None
[2024-11-13T00:01:18.184+0000] {processor.py:208} INFO - Processing /home/airflow/.local/lib/python3.12/site-packages/airflow/example_dags/example_external_task_marker_dag.py took 0.095 seconds
[2024-11-13T00:01:48.420+0000] {processor.py:186} INFO - Started process (PID=11090) to work on /home/airflow/.local/lib/python3.12/site-packages/airflow/example_dags/example_external_task_marker_dag.py
[2024-11-13T00:01:48.421+0000] {processor.py:914} INFO - Processing file /home/airflow/.local/lib/python3.12/site-packages/airflow/example_dags/example_external_task_marker_dag.py for tasks to queue
[2024-11-13T00:01:48.425+0000] {logging_mixin.py:190} INFO - [2024-11-13T00:01:48.424+0000] {dagbag.py:588} INFO - Filling up the DagBag from /home/airflow/.local/lib/python3.12/site-packages/airflow/example_dags/example_external_task_marker_dag.py
[2024-11-13T00:01:48.438+0000] {processor.py:925} INFO - DAG(s) 'example_external_task_marker_parent', 'example_external_task_marker_child' retrieved from /home/airflow/.local/lib/python3.12/site-packages/airflow/example_dags/example_external_task_marker_dag.py
[2024-11-13T00:01:48.470+0000] {logging_mixin.py:190} INFO - [2024-11-13T00:01:48.470+0000] {dag.py:3239} INFO - Sync 2 DAGs
[2024-11-13T00:01:48.488+0000] {logging_mixin.py:190} INFO - [2024-11-13T00:01:48.487+0000] {dag.py:4180} INFO - Setting next_dagrun for example_external_task_marker_child to None, run_after=None
[2024-11-13T00:01:48.494+0000] {logging_mixin.py:190} INFO - [2024-11-13T00:01:48.494+0000] {dag.py:4180} INFO - Setting next_dagrun for example_external_task_marker_parent to None, run_after=None
[2024-11-13T00:01:48.536+0000] {processor.py:208} INFO - Processing /home/airflow/.local/lib/python3.12/site-packages/airflow/example_dags/example_external_task_marker_dag.py took 0.122 seconds
[2024-11-13T00:02:19.300+0000] {processor.py:186} INFO - Started process (PID=11154) to work on /home/airflow/.local/lib/python3.12/site-packages/airflow/example_dags/example_external_task_marker_dag.py
[2024-11-13T00:02:19.301+0000] {processor.py:914} INFO - Processing file /home/airflow/.local/lib/python3.12/site-packages/airflow/example_dags/example_external_task_marker_dag.py for tasks to queue
[2024-11-13T00:02:19.307+0000] {logging_mixin.py:190} INFO - [2024-11-13T00:02:19.306+0000] {dagbag.py:588} INFO - Filling up the DagBag from /home/airflow/.local/lib/python3.12/site-packages/airflow/example_dags/example_external_task_marker_dag.py
[2024-11-13T00:02:19.315+0000] {processor.py:925} INFO - DAG(s) 'example_external_task_marker_parent', 'example_external_task_marker_child' retrieved from /home/airflow/.local/lib/python3.12/site-packages/airflow/example_dags/example_external_task_marker_dag.py
[2024-11-13T00:02:19.346+0000] {logging_mixin.py:190} INFO - [2024-11-13T00:02:19.345+0000] {dag.py:3239} INFO - Sync 2 DAGs
[2024-11-13T00:02:19.365+0000] {logging_mixin.py:190} INFO - [2024-11-13T00:02:19.364+0000] {dag.py:4180} INFO - Setting next_dagrun for example_external_task_marker_child to None, run_after=None
[2024-11-13T00:02:19.370+0000] {logging_mixin.py:190} INFO - [2024-11-13T00:02:19.369+0000] {dag.py:4180} INFO - Setting next_dagrun for example_external_task_marker_parent to None, run_after=None
[2024-11-13T00:02:19.401+0000] {processor.py:208} INFO - Processing /home/airflow/.local/lib/python3.12/site-packages/airflow/example_dags/example_external_task_marker_dag.py took 0.108 seconds
[2024-11-13T00:02:50.156+0000] {processor.py:186} INFO - Started process (PID=11219) to work on /home/airflow/.local/lib/python3.12/site-packages/airflow/example_dags/example_external_task_marker_dag.py
[2024-11-13T00:02:50.157+0000] {processor.py:914} INFO - Processing file /home/airflow/.local/lib/python3.12/site-packages/airflow/example_dags/example_external_task_marker_dag.py for tasks to queue
[2024-11-13T00:02:50.159+0000] {logging_mixin.py:190} INFO - [2024-11-13T00:02:50.158+0000] {dagbag.py:588} INFO - Filling up the DagBag from /home/airflow/.local/lib/python3.12/site-packages/airflow/example_dags/example_external_task_marker_dag.py
[2024-11-13T00:02:50.167+0000] {processor.py:925} INFO - DAG(s) 'example_external_task_marker_parent', 'example_external_task_marker_child' retrieved from /home/airflow/.local/lib/python3.12/site-packages/airflow/example_dags/example_external_task_marker_dag.py
[2024-11-13T00:02:50.189+0000] {logging_mixin.py:190} INFO - [2024-11-13T00:02:50.188+0000] {dag.py:3239} INFO - Sync 2 DAGs
[2024-11-13T00:02:50.203+0000] {logging_mixin.py:190} INFO - [2024-11-13T00:02:50.202+0000] {dag.py:4180} INFO - Setting next_dagrun for example_external_task_marker_child to None, run_after=None
[2024-11-13T00:02:50.208+0000] {logging_mixin.py:190} INFO - [2024-11-13T00:02:50.208+0000] {dag.py:4180} INFO - Setting next_dagrun for example_external_task_marker_parent to None, run_after=None
[2024-11-13T00:02:50.229+0000] {processor.py:208} INFO - Processing /home/airflow/.local/lib/python3.12/site-packages/airflow/example_dags/example_external_task_marker_dag.py took 0.079 seconds
[2024-11-13T00:03:20.880+0000] {processor.py:186} INFO - Started process (PID=11283) to work on /home/airflow/.local/lib/python3.12/site-packages/airflow/example_dags/example_external_task_marker_dag.py
[2024-11-13T00:03:20.881+0000] {processor.py:914} INFO - Processing file /home/airflow/.local/lib/python3.12/site-packages/airflow/example_dags/example_external_task_marker_dag.py for tasks to queue
[2024-11-13T00:03:20.883+0000] {logging_mixin.py:190} INFO - [2024-11-13T00:03:20.883+0000] {dagbag.py:588} INFO - Filling up the DagBag from /home/airflow/.local/lib/python3.12/site-packages/airflow/example_dags/example_external_task_marker_dag.py
[2024-11-13T00:03:20.895+0000] {processor.py:925} INFO - DAG(s) 'example_external_task_marker_parent', 'example_external_task_marker_child' retrieved from /home/airflow/.local/lib/python3.12/site-packages/airflow/example_dags/example_external_task_marker_dag.py
[2024-11-13T00:03:20.922+0000] {logging_mixin.py:190} INFO - [2024-11-13T00:03:20.922+0000] {dag.py:3239} INFO - Sync 2 DAGs
[2024-11-13T00:03:20.939+0000] {logging_mixin.py:190} INFO - [2024-11-13T00:03:20.939+0000] {dag.py:4180} INFO - Setting next_dagrun for example_external_task_marker_child to None, run_after=None
[2024-11-13T00:03:20.946+0000] {logging_mixin.py:190} INFO - [2024-11-13T00:03:20.946+0000] {dag.py:4180} INFO - Setting next_dagrun for example_external_task_marker_parent to None, run_after=None
[2024-11-13T00:03:20.970+0000] {processor.py:208} INFO - Processing /home/airflow/.local/lib/python3.12/site-packages/airflow/example_dags/example_external_task_marker_dag.py took 0.100 seconds
[2024-11-13T00:03:51.718+0000] {processor.py:186} INFO - Started process (PID=11347) to work on /home/airflow/.local/lib/python3.12/site-packages/airflow/example_dags/example_external_task_marker_dag.py
[2024-11-13T00:03:51.719+0000] {processor.py:914} INFO - Processing file /home/airflow/.local/lib/python3.12/site-packages/airflow/example_dags/example_external_task_marker_dag.py for tasks to queue
[2024-11-13T00:03:51.720+0000] {logging_mixin.py:190} INFO - [2024-11-13T00:03:51.720+0000] {dagbag.py:588} INFO - Filling up the DagBag from /home/airflow/.local/lib/python3.12/site-packages/airflow/example_dags/example_external_task_marker_dag.py
[2024-11-13T00:03:51.730+0000] {processor.py:925} INFO - DAG(s) 'example_external_task_marker_child', 'example_external_task_marker_parent' retrieved from /home/airflow/.local/lib/python3.12/site-packages/airflow/example_dags/example_external_task_marker_dag.py
[2024-11-13T00:03:51.756+0000] {logging_mixin.py:190} INFO - [2024-11-13T00:03:51.755+0000] {dag.py:3239} INFO - Sync 2 DAGs
[2024-11-13T00:03:51.772+0000] {logging_mixin.py:190} INFO - [2024-11-13T00:03:51.771+0000] {dag.py:4180} INFO - Setting next_dagrun for example_external_task_marker_child to None, run_after=None
[2024-11-13T00:03:51.777+0000] {logging_mixin.py:190} INFO - [2024-11-13T00:03:51.776+0000] {dag.py:4180} INFO - Setting next_dagrun for example_external_task_marker_parent to None, run_after=None
[2024-11-13T00:03:51.840+0000] {processor.py:208} INFO - Processing /home/airflow/.local/lib/python3.12/site-packages/airflow/example_dags/example_external_task_marker_dag.py took 0.130 seconds
[2024-11-13T00:04:22.261+0000] {processor.py:186} INFO - Started process (PID=11411) to work on /home/airflow/.local/lib/python3.12/site-packages/airflow/example_dags/example_external_task_marker_dag.py
[2024-11-13T00:04:22.263+0000] {processor.py:914} INFO - Processing file /home/airflow/.local/lib/python3.12/site-packages/airflow/example_dags/example_external_task_marker_dag.py for tasks to queue
[2024-11-13T00:04:22.265+0000] {logging_mixin.py:190} INFO - [2024-11-13T00:04:22.264+0000] {dagbag.py:588} INFO - Filling up the DagBag from /home/airflow/.local/lib/python3.12/site-packages/airflow/example_dags/example_external_task_marker_dag.py
[2024-11-13T00:04:22.277+0000] {processor.py:925} INFO - DAG(s) 'example_external_task_marker_parent', 'example_external_task_marker_child' retrieved from /home/airflow/.local/lib/python3.12/site-packages/airflow/example_dags/example_external_task_marker_dag.py
[2024-11-13T00:04:22.307+0000] {logging_mixin.py:190} INFO - [2024-11-13T00:04:22.306+0000] {dag.py:3239} INFO - Sync 2 DAGs
[2024-11-13T00:04:22.323+0000] {logging_mixin.py:190} INFO - [2024-11-13T00:04:22.323+0000] {dag.py:4180} INFO - Setting next_dagrun for example_external_task_marker_child to None, run_after=None
[2024-11-13T00:04:22.328+0000] {logging_mixin.py:190} INFO - [2024-11-13T00:04:22.327+0000] {dag.py:4180} INFO - Setting next_dagrun for example_external_task_marker_parent to None, run_after=None
[2024-11-13T00:04:22.350+0000] {processor.py:208} INFO - Processing /home/airflow/.local/lib/python3.12/site-packages/airflow/example_dags/example_external_task_marker_dag.py took 0.101 seconds
[2024-11-13T00:04:52.466+0000] {processor.py:186} INFO - Started process (PID=11475) to work on /home/airflow/.local/lib/python3.12/site-packages/airflow/example_dags/example_external_task_marker_dag.py
[2024-11-13T00:04:52.468+0000] {processor.py:914} INFO - Processing file /home/airflow/.local/lib/python3.12/site-packages/airflow/example_dags/example_external_task_marker_dag.py for tasks to queue
[2024-11-13T00:04:52.470+0000] {logging_mixin.py:190} INFO - [2024-11-13T00:04:52.469+0000] {dagbag.py:588} INFO - Filling up the DagBag from /home/airflow/.local/lib/python3.12/site-packages/airflow/example_dags/example_external_task_marker_dag.py
[2024-11-13T00:04:52.488+0000] {processor.py:925} INFO - DAG(s) 'example_external_task_marker_parent', 'example_external_task_marker_child' retrieved from /home/airflow/.local/lib/python3.12/site-packages/airflow/example_dags/example_external_task_marker_dag.py
[2024-11-13T00:04:52.572+0000] {logging_mixin.py:190} INFO - [2024-11-13T00:04:52.571+0000] {dag.py:3239} INFO - Sync 2 DAGs
[2024-11-13T00:04:52.634+0000] {logging_mixin.py:190} INFO - [2024-11-13T00:04:52.632+0000] {dag.py:4180} INFO - Setting next_dagrun for example_external_task_marker_child to None, run_after=None
[2024-11-13T00:04:52.647+0000] {logging_mixin.py:190} INFO - [2024-11-13T00:04:52.646+0000] {dag.py:4180} INFO - Setting next_dagrun for example_external_task_marker_parent to None, run_after=None
[2024-11-13T00:04:52.687+0000] {processor.py:208} INFO - Processing /home/airflow/.local/lib/python3.12/site-packages/airflow/example_dags/example_external_task_marker_dag.py took 0.235 seconds
[2024-11-13T00:05:23.599+0000] {processor.py:186} INFO - Started process (PID=11539) to work on /home/airflow/.local/lib/python3.12/site-packages/airflow/example_dags/example_external_task_marker_dag.py
[2024-11-13T00:05:23.602+0000] {processor.py:914} INFO - Processing file /home/airflow/.local/lib/python3.12/site-packages/airflow/example_dags/example_external_task_marker_dag.py for tasks to queue
[2024-11-13T00:05:23.606+0000] {logging_mixin.py:190} INFO - [2024-11-13T00:05:23.605+0000] {dagbag.py:588} INFO - Filling up the DagBag from /home/airflow/.local/lib/python3.12/site-packages/airflow/example_dags/example_external_task_marker_dag.py
[2024-11-13T00:05:23.619+0000] {processor.py:925} INFO - DAG(s) 'example_external_task_marker_parent', 'example_external_task_marker_child' retrieved from /home/airflow/.local/lib/python3.12/site-packages/airflow/example_dags/example_external_task_marker_dag.py
[2024-11-13T00:05:23.673+0000] {logging_mixin.py:190} INFO - [2024-11-13T00:05:23.673+0000] {dag.py:3239} INFO - Sync 2 DAGs
[2024-11-13T00:05:23.694+0000] {logging_mixin.py:190} INFO - [2024-11-13T00:05:23.693+0000] {dag.py:4180} INFO - Setting next_dagrun for example_external_task_marker_child to None, run_after=None
[2024-11-13T00:05:23.700+0000] {logging_mixin.py:190} INFO - [2024-11-13T00:05:23.700+0000] {dag.py:4180} INFO - Setting next_dagrun for example_external_task_marker_parent to None, run_after=None
[2024-11-13T00:05:23.730+0000] {processor.py:208} INFO - Processing /home/airflow/.local/lib/python3.12/site-packages/airflow/example_dags/example_external_task_marker_dag.py took 0.143 seconds
[2024-11-13T00:05:53.949+0000] {processor.py:186} INFO - Started process (PID=11604) to work on /home/airflow/.local/lib/python3.12/site-packages/airflow/example_dags/example_external_task_marker_dag.py
[2024-11-13T00:05:53.951+0000] {processor.py:914} INFO - Processing file /home/airflow/.local/lib/python3.12/site-packages/airflow/example_dags/example_external_task_marker_dag.py for tasks to queue
[2024-11-13T00:05:53.953+0000] {logging_mixin.py:190} INFO - [2024-11-13T00:05:53.952+0000] {dagbag.py:588} INFO - Filling up the DagBag from /home/airflow/.local/lib/python3.12/site-packages/airflow/example_dags/example_external_task_marker_dag.py
[2024-11-13T00:05:53.964+0000] {processor.py:925} INFO - DAG(s) 'example_external_task_marker_child', 'example_external_task_marker_parent' retrieved from /home/airflow/.local/lib/python3.12/site-packages/airflow/example_dags/example_external_task_marker_dag.py
[2024-11-13T00:05:54.000+0000] {logging_mixin.py:190} INFO - [2024-11-13T00:05:54.000+0000] {dag.py:3239} INFO - Sync 2 DAGs
[2024-11-13T00:05:54.020+0000] {logging_mixin.py:190} INFO - [2024-11-13T00:05:54.019+0000] {dag.py:4180} INFO - Setting next_dagrun for example_external_task_marker_child to None, run_after=None
[2024-11-13T00:05:54.026+0000] {logging_mixin.py:190} INFO - [2024-11-13T00:05:54.025+0000] {dag.py:4180} INFO - Setting next_dagrun for example_external_task_marker_parent to None, run_after=None
[2024-11-13T00:05:54.075+0000] {processor.py:208} INFO - Processing /home/airflow/.local/lib/python3.12/site-packages/airflow/example_dags/example_external_task_marker_dag.py took 0.136 seconds
[2024-11-13T00:06:24.530+0000] {processor.py:186} INFO - Started process (PID=11668) to work on /home/airflow/.local/lib/python3.12/site-packages/airflow/example_dags/example_external_task_marker_dag.py
[2024-11-13T00:06:24.531+0000] {processor.py:914} INFO - Processing file /home/airflow/.local/lib/python3.12/site-packages/airflow/example_dags/example_external_task_marker_dag.py for tasks to queue
[2024-11-13T00:06:24.532+0000] {logging_mixin.py:190} INFO - [2024-11-13T00:06:24.532+0000] {dagbag.py:588} INFO - Filling up the DagBag from /home/airflow/.local/lib/python3.12/site-packages/airflow/example_dags/example_external_task_marker_dag.py
[2024-11-13T00:06:24.545+0000] {processor.py:925} INFO - DAG(s) 'example_external_task_marker_parent', 'example_external_task_marker_child' retrieved from /home/airflow/.local/lib/python3.12/site-packages/airflow/example_dags/example_external_task_marker_dag.py
[2024-11-13T00:06:24.575+0000] {logging_mixin.py:190} INFO - [2024-11-13T00:06:24.574+0000] {dag.py:3239} INFO - Sync 2 DAGs
[2024-11-13T00:06:24.595+0000] {logging_mixin.py:190} INFO - [2024-11-13T00:06:24.594+0000] {dag.py:4180} INFO - Setting next_dagrun for example_external_task_marker_child to None, run_after=None
[2024-11-13T00:06:24.599+0000] {logging_mixin.py:190} INFO - [2024-11-13T00:06:24.599+0000] {dag.py:4180} INFO - Setting next_dagrun for example_external_task_marker_parent to None, run_after=None
[2024-11-13T00:06:24.634+0000] {processor.py:208} INFO - Processing /home/airflow/.local/lib/python3.12/site-packages/airflow/example_dags/example_external_task_marker_dag.py took 0.112 seconds
[2024-11-13T00:06:55.052+0000] {processor.py:186} INFO - Started process (PID=11732) to work on /home/airflow/.local/lib/python3.12/site-packages/airflow/example_dags/example_external_task_marker_dag.py
[2024-11-13T00:06:55.053+0000] {processor.py:914} INFO - Processing file /home/airflow/.local/lib/python3.12/site-packages/airflow/example_dags/example_external_task_marker_dag.py for tasks to queue
[2024-11-13T00:06:55.055+0000] {logging_mixin.py:190} INFO - [2024-11-13T00:06:55.054+0000] {dagbag.py:588} INFO - Filling up the DagBag from /home/airflow/.local/lib/python3.12/site-packages/airflow/example_dags/example_external_task_marker_dag.py
[2024-11-13T00:06:55.063+0000] {processor.py:925} INFO - DAG(s) 'example_external_task_marker_child', 'example_external_task_marker_parent' retrieved from /home/airflow/.local/lib/python3.12/site-packages/airflow/example_dags/example_external_task_marker_dag.py
[2024-11-13T00:06:55.089+0000] {logging_mixin.py:190} INFO - [2024-11-13T00:06:55.089+0000] {dag.py:3239} INFO - Sync 2 DAGs
[2024-11-13T00:06:55.104+0000] {logging_mixin.py:190} INFO - [2024-11-13T00:06:55.104+0000] {dag.py:4180} INFO - Setting next_dagrun for example_external_task_marker_child to None, run_after=None
[2024-11-13T00:06:55.108+0000] {logging_mixin.py:190} INFO - [2024-11-13T00:06:55.108+0000] {dag.py:4180} INFO - Setting next_dagrun for example_external_task_marker_parent to None, run_after=None
[2024-11-13T00:06:55.127+0000] {processor.py:208} INFO - Processing /home/airflow/.local/lib/python3.12/site-packages/airflow/example_dags/example_external_task_marker_dag.py took 0.083 seconds
[2024-11-13T00:07:25.937+0000] {processor.py:186} INFO - Started process (PID=11796) to work on /home/airflow/.local/lib/python3.12/site-packages/airflow/example_dags/example_external_task_marker_dag.py
[2024-11-13T00:07:25.938+0000] {processor.py:914} INFO - Processing file /home/airflow/.local/lib/python3.12/site-packages/airflow/example_dags/example_external_task_marker_dag.py for tasks to queue
[2024-11-13T00:07:25.940+0000] {logging_mixin.py:190} INFO - [2024-11-13T00:07:25.939+0000] {dagbag.py:588} INFO - Filling up the DagBag from /home/airflow/.local/lib/python3.12/site-packages/airflow/example_dags/example_external_task_marker_dag.py
[2024-11-13T00:07:25.954+0000] {processor.py:925} INFO - DAG(s) 'example_external_task_marker_parent', 'example_external_task_marker_child' retrieved from /home/airflow/.local/lib/python3.12/site-packages/airflow/example_dags/example_external_task_marker_dag.py
[2024-11-13T00:07:25.992+0000] {logging_mixin.py:190} INFO - [2024-11-13T00:07:25.991+0000] {dag.py:3239} INFO - Sync 2 DAGs
[2024-11-13T00:07:26.008+0000] {logging_mixin.py:190} INFO - [2024-11-13T00:07:26.008+0000] {dag.py:4180} INFO - Setting next_dagrun for example_external_task_marker_child to None, run_after=None
[2024-11-13T00:07:26.014+0000] {logging_mixin.py:190} INFO - [2024-11-13T00:07:26.014+0000] {dag.py:4180} INFO - Setting next_dagrun for example_external_task_marker_parent to None, run_after=None
[2024-11-13T00:07:26.042+0000] {processor.py:208} INFO - Processing /home/airflow/.local/lib/python3.12/site-packages/airflow/example_dags/example_external_task_marker_dag.py took 0.114 seconds
[2024-11-13T00:07:56.764+0000] {processor.py:186} INFO - Started process (PID=11858) to work on /home/airflow/.local/lib/python3.12/site-packages/airflow/example_dags/example_external_task_marker_dag.py
[2024-11-13T00:07:56.765+0000] {processor.py:914} INFO - Processing file /home/airflow/.local/lib/python3.12/site-packages/airflow/example_dags/example_external_task_marker_dag.py for tasks to queue
[2024-11-13T00:07:56.766+0000] {logging_mixin.py:190} INFO - [2024-11-13T00:07:56.766+0000] {dagbag.py:588} INFO - Filling up the DagBag from /home/airflow/.local/lib/python3.12/site-packages/airflow/example_dags/example_external_task_marker_dag.py
[2024-11-13T00:07:56.777+0000] {processor.py:925} INFO - DAG(s) 'example_external_task_marker_child', 'example_external_task_marker_parent' retrieved from /home/airflow/.local/lib/python3.12/site-packages/airflow/example_dags/example_external_task_marker_dag.py
[2024-11-13T00:07:56.808+0000] {logging_mixin.py:190} INFO - [2024-11-13T00:07:56.808+0000] {dag.py:3239} INFO - Sync 2 DAGs
[2024-11-13T00:07:56.825+0000] {logging_mixin.py:190} INFO - [2024-11-13T00:07:56.825+0000] {dag.py:4180} INFO - Setting next_dagrun for example_external_task_marker_child to None, run_after=None
[2024-11-13T00:07:56.830+0000] {logging_mixin.py:190} INFO - [2024-11-13T00:07:56.830+0000] {dag.py:4180} INFO - Setting next_dagrun for example_external_task_marker_parent to None, run_after=None
[2024-11-13T00:07:56.853+0000] {processor.py:208} INFO - Processing /home/airflow/.local/lib/python3.12/site-packages/airflow/example_dags/example_external_task_marker_dag.py took 0.099 seconds
[2024-11-13T00:08:27.340+0000] {processor.py:186} INFO - Started process (PID=11923) to work on /home/airflow/.local/lib/python3.12/site-packages/airflow/example_dags/example_external_task_marker_dag.py
[2024-11-13T00:08:27.341+0000] {processor.py:914} INFO - Processing file /home/airflow/.local/lib/python3.12/site-packages/airflow/example_dags/example_external_task_marker_dag.py for tasks to queue
[2024-11-13T00:08:27.343+0000] {logging_mixin.py:190} INFO - [2024-11-13T00:08:27.343+0000] {dagbag.py:588} INFO - Filling up the DagBag from /home/airflow/.local/lib/python3.12/site-packages/airflow/example_dags/example_external_task_marker_dag.py
[2024-11-13T00:08:27.365+0000] {processor.py:925} INFO - DAG(s) 'example_external_task_marker_child', 'example_external_task_marker_parent' retrieved from /home/airflow/.local/lib/python3.12/site-packages/airflow/example_dags/example_external_task_marker_dag.py
[2024-11-13T00:08:27.432+0000] {logging_mixin.py:190} INFO - [2024-11-13T00:08:27.431+0000] {dag.py:3239} INFO - Sync 2 DAGs
[2024-11-13T00:08:27.479+0000] {logging_mixin.py:190} INFO - [2024-11-13T00:08:27.479+0000] {dag.py:4180} INFO - Setting next_dagrun for example_external_task_marker_child to None, run_after=None
[2024-11-13T00:08:27.489+0000] {logging_mixin.py:190} INFO - [2024-11-13T00:08:27.488+0000] {dag.py:4180} INFO - Setting next_dagrun for example_external_task_marker_parent to None, run_after=None
[2024-11-13T00:08:27.530+0000] {processor.py:208} INFO - Processing /home/airflow/.local/lib/python3.12/site-packages/airflow/example_dags/example_external_task_marker_dag.py took 0.206 seconds
[2024-11-13T00:08:57.908+0000] {processor.py:186} INFO - Started process (PID=11987) to work on /home/airflow/.local/lib/python3.12/site-packages/airflow/example_dags/example_external_task_marker_dag.py
[2024-11-13T00:08:57.909+0000] {processor.py:914} INFO - Processing file /home/airflow/.local/lib/python3.12/site-packages/airflow/example_dags/example_external_task_marker_dag.py for tasks to queue
[2024-11-13T00:08:57.914+0000] {logging_mixin.py:190} INFO - [2024-11-13T00:08:57.914+0000] {dagbag.py:588} INFO - Filling up the DagBag from /home/airflow/.local/lib/python3.12/site-packages/airflow/example_dags/example_external_task_marker_dag.py
[2024-11-13T00:08:57.929+0000] {processor.py:925} INFO - DAG(s) 'example_external_task_marker_parent', 'example_external_task_marker_child' retrieved from /home/airflow/.local/lib/python3.12/site-packages/airflow/example_dags/example_external_task_marker_dag.py
[2024-11-13T00:08:57.965+0000] {logging_mixin.py:190} INFO - [2024-11-13T00:08:57.965+0000] {dag.py:3239} INFO - Sync 2 DAGs
[2024-11-13T00:08:57.987+0000] {logging_mixin.py:190} INFO - [2024-11-13T00:08:57.987+0000] {dag.py:4180} INFO - Setting next_dagrun for example_external_task_marker_child to None, run_after=None
[2024-11-13T00:08:57.992+0000] {logging_mixin.py:190} INFO - [2024-11-13T00:08:57.991+0000] {dag.py:4180} INFO - Setting next_dagrun for example_external_task_marker_parent to None, run_after=None
[2024-11-13T00:08:58.022+0000] {processor.py:208} INFO - Processing /home/airflow/.local/lib/python3.12/site-packages/airflow/example_dags/example_external_task_marker_dag.py took 0.130 seconds
[2024-11-13T00:09:28.396+0000] {processor.py:186} INFO - Started process (PID=12051) to work on /home/airflow/.local/lib/python3.12/site-packages/airflow/example_dags/example_external_task_marker_dag.py
[2024-11-13T00:09:28.398+0000] {processor.py:914} INFO - Processing file /home/airflow/.local/lib/python3.12/site-packages/airflow/example_dags/example_external_task_marker_dag.py for tasks to queue
[2024-11-13T00:09:28.401+0000] {logging_mixin.py:190} INFO - [2024-11-13T00:09:28.400+0000] {dagbag.py:588} INFO - Filling up the DagBag from /home/airflow/.local/lib/python3.12/site-packages/airflow/example_dags/example_external_task_marker_dag.py
[2024-11-13T00:09:28.492+0000] {processor.py:925} INFO - DAG(s) 'example_external_task_marker_parent', 'example_external_task_marker_child' retrieved from /home/airflow/.local/lib/python3.12/site-packages/airflow/example_dags/example_external_task_marker_dag.py
[2024-11-13T00:09:28.547+0000] {logging_mixin.py:190} INFO - [2024-11-13T00:09:28.547+0000] {dag.py:3239} INFO - Sync 2 DAGs
[2024-11-13T00:09:28.573+0000] {logging_mixin.py:190} INFO - [2024-11-13T00:09:28.572+0000] {dag.py:4180} INFO - Setting next_dagrun for example_external_task_marker_child to None, run_after=None
[2024-11-13T00:09:28.578+0000] {logging_mixin.py:190} INFO - [2024-11-13T00:09:28.578+0000] {dag.py:4180} INFO - Setting next_dagrun for example_external_task_marker_parent to None, run_after=None
[2024-11-13T00:09:28.608+0000] {processor.py:208} INFO - Processing /home/airflow/.local/lib/python3.12/site-packages/airflow/example_dags/example_external_task_marker_dag.py took 0.251 seconds
[2024-11-13T00:09:59.126+0000] {processor.py:186} INFO - Started process (PID=12115) to work on /home/airflow/.local/lib/python3.12/site-packages/airflow/example_dags/example_external_task_marker_dag.py
[2024-11-13T00:09:59.127+0000] {processor.py:914} INFO - Processing file /home/airflow/.local/lib/python3.12/site-packages/airflow/example_dags/example_external_task_marker_dag.py for tasks to queue
[2024-11-13T00:09:59.134+0000] {logging_mixin.py:190} INFO - [2024-11-13T00:09:59.133+0000] {dagbag.py:588} INFO - Filling up the DagBag from /home/airflow/.local/lib/python3.12/site-packages/airflow/example_dags/example_external_task_marker_dag.py
[2024-11-13T00:09:59.151+0000] {processor.py:925} INFO - DAG(s) 'example_external_task_marker_parent', 'example_external_task_marker_child' retrieved from /home/airflow/.local/lib/python3.12/site-packages/airflow/example_dags/example_external_task_marker_dag.py
[2024-11-13T00:09:59.187+0000] {logging_mixin.py:190} INFO - [2024-11-13T00:09:59.187+0000] {dag.py:3239} INFO - Sync 2 DAGs
[2024-11-13T00:09:59.211+0000] {logging_mixin.py:190} INFO - [2024-11-13T00:09:59.211+0000] {dag.py:4180} INFO - Setting next_dagrun for example_external_task_marker_child to None, run_after=None
[2024-11-13T00:09:59.227+0000] {logging_mixin.py:190} INFO - [2024-11-13T00:09:59.226+0000] {dag.py:4180} INFO - Setting next_dagrun for example_external_task_marker_parent to None, run_after=None
[2024-11-13T00:09:59.253+0000] {processor.py:208} INFO - Processing /home/airflow/.local/lib/python3.12/site-packages/airflow/example_dags/example_external_task_marker_dag.py took 0.137 seconds
[2024-11-13T00:10:29.439+0000] {processor.py:186} INFO - Started process (PID=12179) to work on /home/airflow/.local/lib/python3.12/site-packages/airflow/example_dags/example_external_task_marker_dag.py
[2024-11-13T00:10:29.440+0000] {processor.py:914} INFO - Processing file /home/airflow/.local/lib/python3.12/site-packages/airflow/example_dags/example_external_task_marker_dag.py for tasks to queue
[2024-11-13T00:10:29.441+0000] {logging_mixin.py:190} INFO - [2024-11-13T00:10:29.441+0000] {dagbag.py:588} INFO - Filling up the DagBag from /home/airflow/.local/lib/python3.12/site-packages/airflow/example_dags/example_external_task_marker_dag.py
[2024-11-13T00:10:29.451+0000] {processor.py:925} INFO - DAG(s) 'example_external_task_marker_child', 'example_external_task_marker_parent' retrieved from /home/airflow/.local/lib/python3.12/site-packages/airflow/example_dags/example_external_task_marker_dag.py
[2024-11-13T00:10:29.483+0000] {logging_mixin.py:190} INFO - [2024-11-13T00:10:29.483+0000] {dag.py:3239} INFO - Sync 2 DAGs
[2024-11-13T00:10:29.500+0000] {logging_mixin.py:190} INFO - [2024-11-13T00:10:29.500+0000] {dag.py:4180} INFO - Setting next_dagrun for example_external_task_marker_child to None, run_after=None
[2024-11-13T00:10:29.504+0000] {logging_mixin.py:190} INFO - [2024-11-13T00:10:29.504+0000] {dag.py:4180} INFO - Setting next_dagrun for example_external_task_marker_parent to None, run_after=None
[2024-11-13T00:10:29.541+0000] {processor.py:208} INFO - Processing /home/airflow/.local/lib/python3.12/site-packages/airflow/example_dags/example_external_task_marker_dag.py took 0.109 seconds
[2024-11-13T00:10:59.742+0000] {processor.py:186} INFO - Started process (PID=12243) to work on /home/airflow/.local/lib/python3.12/site-packages/airflow/example_dags/example_external_task_marker_dag.py
[2024-11-13T00:10:59.743+0000] {processor.py:914} INFO - Processing file /home/airflow/.local/lib/python3.12/site-packages/airflow/example_dags/example_external_task_marker_dag.py for tasks to queue
[2024-11-13T00:10:59.744+0000] {logging_mixin.py:190} INFO - [2024-11-13T00:10:59.744+0000] {dagbag.py:588} INFO - Filling up the DagBag from /home/airflow/.local/lib/python3.12/site-packages/airflow/example_dags/example_external_task_marker_dag.py
[2024-11-13T00:10:59.754+0000] {processor.py:925} INFO - DAG(s) 'example_external_task_marker_child', 'example_external_task_marker_parent' retrieved from /home/airflow/.local/lib/python3.12/site-packages/airflow/example_dags/example_external_task_marker_dag.py
[2024-11-13T00:10:59.779+0000] {logging_mixin.py:190} INFO - [2024-11-13T00:10:59.779+0000] {dag.py:3239} INFO - Sync 2 DAGs
[2024-11-13T00:10:59.794+0000] {logging_mixin.py:190} INFO - [2024-11-13T00:10:59.793+0000] {dag.py:4180} INFO - Setting next_dagrun for example_external_task_marker_child to None, run_after=None
[2024-11-13T00:10:59.798+0000] {logging_mixin.py:190} INFO - [2024-11-13T00:10:59.798+0000] {dag.py:4180} INFO - Setting next_dagrun for example_external_task_marker_parent to None, run_after=None
[2024-11-13T00:10:59.820+0000] {processor.py:208} INFO - Processing /home/airflow/.local/lib/python3.12/site-packages/airflow/example_dags/example_external_task_marker_dag.py took 0.085 seconds
[2024-11-13T00:11:30.021+0000] {processor.py:186} INFO - Started process (PID=12306) to work on /home/airflow/.local/lib/python3.12/site-packages/airflow/example_dags/example_external_task_marker_dag.py
[2024-11-13T00:11:30.022+0000] {processor.py:914} INFO - Processing file /home/airflow/.local/lib/python3.12/site-packages/airflow/example_dags/example_external_task_marker_dag.py for tasks to queue
[2024-11-13T00:11:30.023+0000] {logging_mixin.py:190} INFO - [2024-11-13T00:11:30.023+0000] {dagbag.py:588} INFO - Filling up the DagBag from /home/airflow/.local/lib/python3.12/site-packages/airflow/example_dags/example_external_task_marker_dag.py
[2024-11-13T00:11:30.032+0000] {processor.py:925} INFO - DAG(s) 'example_external_task_marker_child', 'example_external_task_marker_parent' retrieved from /home/airflow/.local/lib/python3.12/site-packages/airflow/example_dags/example_external_task_marker_dag.py
[2024-11-13T00:11:30.057+0000] {logging_mixin.py:190} INFO - [2024-11-13T00:11:30.056+0000] {dag.py:3239} INFO - Sync 2 DAGs
[2024-11-13T00:11:30.072+0000] {logging_mixin.py:190} INFO - [2024-11-13T00:11:30.071+0000] {dag.py:4180} INFO - Setting next_dagrun for example_external_task_marker_child to None, run_after=None
[2024-11-13T00:11:30.076+0000] {logging_mixin.py:190} INFO - [2024-11-13T00:11:30.075+0000] {dag.py:4180} INFO - Setting next_dagrun for example_external_task_marker_parent to None, run_after=None
[2024-11-13T00:11:30.108+0000] {processor.py:208} INFO - Processing /home/airflow/.local/lib/python3.12/site-packages/airflow/example_dags/example_external_task_marker_dag.py took 0.094 seconds
[2024-11-13T00:12:00.367+0000] {processor.py:186} INFO - Started process (PID=12370) to work on /home/airflow/.local/lib/python3.12/site-packages/airflow/example_dags/example_external_task_marker_dag.py
[2024-11-13T00:12:00.368+0000] {processor.py:914} INFO - Processing file /home/airflow/.local/lib/python3.12/site-packages/airflow/example_dags/example_external_task_marker_dag.py for tasks to queue
[2024-11-13T00:12:00.369+0000] {logging_mixin.py:190} INFO - [2024-11-13T00:12:00.369+0000] {dagbag.py:588} INFO - Filling up the DagBag from /home/airflow/.local/lib/python3.12/site-packages/airflow/example_dags/example_external_task_marker_dag.py
[2024-11-13T00:12:00.378+0000] {processor.py:925} INFO - DAG(s) 'example_external_task_marker_child', 'example_external_task_marker_parent' retrieved from /home/airflow/.local/lib/python3.12/site-packages/airflow/example_dags/example_external_task_marker_dag.py
[2024-11-13T00:12:00.402+0000] {logging_mixin.py:190} INFO - [2024-11-13T00:12:00.402+0000] {dag.py:3239} INFO - Sync 2 DAGs
[2024-11-13T00:12:00.417+0000] {logging_mixin.py:190} INFO - [2024-11-13T00:12:00.417+0000] {dag.py:4180} INFO - Setting next_dagrun for example_external_task_marker_child to None, run_after=None
[2024-11-13T00:12:00.421+0000] {logging_mixin.py:190} INFO - [2024-11-13T00:12:00.421+0000] {dag.py:4180} INFO - Setting next_dagrun for example_external_task_marker_parent to None, run_after=None
[2024-11-13T00:12:00.453+0000] {processor.py:208} INFO - Processing /home/airflow/.local/lib/python3.12/site-packages/airflow/example_dags/example_external_task_marker_dag.py took 0.093 seconds
[2024-11-13T00:12:30.781+0000] {processor.py:186} INFO - Started process (PID=12434) to work on /home/airflow/.local/lib/python3.12/site-packages/airflow/example_dags/example_external_task_marker_dag.py
[2024-11-13T00:12:30.782+0000] {processor.py:914} INFO - Processing file /home/airflow/.local/lib/python3.12/site-packages/airflow/example_dags/example_external_task_marker_dag.py for tasks to queue
[2024-11-13T00:12:30.783+0000] {logging_mixin.py:190} INFO - [2024-11-13T00:12:30.783+0000] {dagbag.py:588} INFO - Filling up the DagBag from /home/airflow/.local/lib/python3.12/site-packages/airflow/example_dags/example_external_task_marker_dag.py
[2024-11-13T00:12:30.794+0000] {processor.py:925} INFO - DAG(s) 'example_external_task_marker_child', 'example_external_task_marker_parent' retrieved from /home/airflow/.local/lib/python3.12/site-packages/airflow/example_dags/example_external_task_marker_dag.py
[2024-11-13T00:12:30.820+0000] {logging_mixin.py:190} INFO - [2024-11-13T00:12:30.820+0000] {dag.py:3239} INFO - Sync 2 DAGs
[2024-11-13T00:12:30.835+0000] {logging_mixin.py:190} INFO - [2024-11-13T00:12:30.835+0000] {dag.py:4180} INFO - Setting next_dagrun for example_external_task_marker_child to None, run_after=None
[2024-11-13T00:12:30.839+0000] {logging_mixin.py:190} INFO - [2024-11-13T00:12:30.839+0000] {dag.py:4180} INFO - Setting next_dagrun for example_external_task_marker_parent to None, run_after=None
[2024-11-13T00:12:30.860+0000] {processor.py:208} INFO - Processing /home/airflow/.local/lib/python3.12/site-packages/airflow/example_dags/example_external_task_marker_dag.py took 0.087 seconds
[2024-11-13T00:13:01.085+0000] {processor.py:186} INFO - Started process (PID=12498) to work on /home/airflow/.local/lib/python3.12/site-packages/airflow/example_dags/example_external_task_marker_dag.py
[2024-11-13T00:13:01.086+0000] {processor.py:914} INFO - Processing file /home/airflow/.local/lib/python3.12/site-packages/airflow/example_dags/example_external_task_marker_dag.py for tasks to queue
[2024-11-13T00:13:01.087+0000] {logging_mixin.py:190} INFO - [2024-11-13T00:13:01.087+0000] {dagbag.py:588} INFO - Filling up the DagBag from /home/airflow/.local/lib/python3.12/site-packages/airflow/example_dags/example_external_task_marker_dag.py
[2024-11-13T00:13:01.097+0000] {processor.py:925} INFO - DAG(s) 'example_external_task_marker_child', 'example_external_task_marker_parent' retrieved from /home/airflow/.local/lib/python3.12/site-packages/airflow/example_dags/example_external_task_marker_dag.py
[2024-11-13T00:13:01.121+0000] {logging_mixin.py:190} INFO - [2024-11-13T00:13:01.121+0000] {dag.py:3239} INFO - Sync 2 DAGs
[2024-11-13T00:13:01.138+0000] {logging_mixin.py:190} INFO - [2024-11-13T00:13:01.138+0000] {dag.py:4180} INFO - Setting next_dagrun for example_external_task_marker_child to None, run_after=None
[2024-11-13T00:13:01.144+0000] {logging_mixin.py:190} INFO - [2024-11-13T00:13:01.144+0000] {dag.py:4180} INFO - Setting next_dagrun for example_external_task_marker_parent to None, run_after=None
[2024-11-13T00:13:01.276+0000] {processor.py:208} INFO - Processing /home/airflow/.local/lib/python3.12/site-packages/airflow/example_dags/example_external_task_marker_dag.py took 0.199 seconds
[2024-11-13T00:13:32.052+0000] {processor.py:186} INFO - Started process (PID=12563) to work on /home/airflow/.local/lib/python3.12/site-packages/airflow/example_dags/example_external_task_marker_dag.py
[2024-11-13T00:13:32.053+0000] {processor.py:914} INFO - Processing file /home/airflow/.local/lib/python3.12/site-packages/airflow/example_dags/example_external_task_marker_dag.py for tasks to queue
[2024-11-13T00:13:32.055+0000] {logging_mixin.py:190} INFO - [2024-11-13T00:13:32.054+0000] {dagbag.py:588} INFO - Filling up the DagBag from /home/airflow/.local/lib/python3.12/site-packages/airflow/example_dags/example_external_task_marker_dag.py
[2024-11-13T00:13:32.063+0000] {processor.py:925} INFO - DAG(s) 'example_external_task_marker_parent', 'example_external_task_marker_child' retrieved from /home/airflow/.local/lib/python3.12/site-packages/airflow/example_dags/example_external_task_marker_dag.py
[2024-11-13T00:13:32.089+0000] {logging_mixin.py:190} INFO - [2024-11-13T00:13:32.088+0000] {dag.py:3239} INFO - Sync 2 DAGs
[2024-11-13T00:13:32.105+0000] {logging_mixin.py:190} INFO - [2024-11-13T00:13:32.104+0000] {dag.py:4180} INFO - Setting next_dagrun for example_external_task_marker_child to None, run_after=None
[2024-11-13T00:13:32.109+0000] {logging_mixin.py:190} INFO - [2024-11-13T00:13:32.109+0000] {dag.py:4180} INFO - Setting next_dagrun for example_external_task_marker_parent to None, run_after=None
[2024-11-13T00:13:32.132+0000] {processor.py:208} INFO - Processing /home/airflow/.local/lib/python3.12/site-packages/airflow/example_dags/example_external_task_marker_dag.py took 0.088 seconds
[2024-11-13T00:14:02.294+0000] {processor.py:186} INFO - Started process (PID=12627) to work on /home/airflow/.local/lib/python3.12/site-packages/airflow/example_dags/example_external_task_marker_dag.py
[2024-11-13T00:14:02.295+0000] {processor.py:914} INFO - Processing file /home/airflow/.local/lib/python3.12/site-packages/airflow/example_dags/example_external_task_marker_dag.py for tasks to queue
[2024-11-13T00:14:02.296+0000] {logging_mixin.py:190} INFO - [2024-11-13T00:14:02.296+0000] {dagbag.py:588} INFO - Filling up the DagBag from /home/airflow/.local/lib/python3.12/site-packages/airflow/example_dags/example_external_task_marker_dag.py
[2024-11-13T00:14:02.306+0000] {processor.py:925} INFO - DAG(s) 'example_external_task_marker_child', 'example_external_task_marker_parent' retrieved from /home/airflow/.local/lib/python3.12/site-packages/airflow/example_dags/example_external_task_marker_dag.py
[2024-11-13T00:14:02.332+0000] {logging_mixin.py:190} INFO - [2024-11-13T00:14:02.332+0000] {dag.py:3239} INFO - Sync 2 DAGs
[2024-11-13T00:14:02.350+0000] {logging_mixin.py:190} INFO - [2024-11-13T00:14:02.350+0000] {dag.py:4180} INFO - Setting next_dagrun for example_external_task_marker_child to None, run_after=None
[2024-11-13T00:14:02.355+0000] {logging_mixin.py:190} INFO - [2024-11-13T00:14:02.355+0000] {dag.py:4180} INFO - Setting next_dagrun for example_external_task_marker_parent to None, run_after=None
[2024-11-13T00:14:02.379+0000] {processor.py:208} INFO - Processing /home/airflow/.local/lib/python3.12/site-packages/airflow/example_dags/example_external_task_marker_dag.py took 0.093 seconds
[2024-11-13T00:14:32.572+0000] {processor.py:186} INFO - Started process (PID=12691) to work on /home/airflow/.local/lib/python3.12/site-packages/airflow/example_dags/example_external_task_marker_dag.py
[2024-11-13T00:14:32.573+0000] {processor.py:914} INFO - Processing file /home/airflow/.local/lib/python3.12/site-packages/airflow/example_dags/example_external_task_marker_dag.py for tasks to queue
[2024-11-13T00:14:32.574+0000] {logging_mixin.py:190} INFO - [2024-11-13T00:14:32.574+0000] {dagbag.py:588} INFO - Filling up the DagBag from /home/airflow/.local/lib/python3.12/site-packages/airflow/example_dags/example_external_task_marker_dag.py
[2024-11-13T00:14:32.584+0000] {processor.py:925} INFO - DAG(s) 'example_external_task_marker_parent', 'example_external_task_marker_child' retrieved from /home/airflow/.local/lib/python3.12/site-packages/airflow/example_dags/example_external_task_marker_dag.py
[2024-11-13T00:14:32.611+0000] {logging_mixin.py:190} INFO - [2024-11-13T00:14:32.611+0000] {dag.py:3239} INFO - Sync 2 DAGs
[2024-11-13T00:14:32.628+0000] {logging_mixin.py:190} INFO - [2024-11-13T00:14:32.628+0000] {dag.py:4180} INFO - Setting next_dagrun for example_external_task_marker_child to None, run_after=None
[2024-11-13T00:14:32.633+0000] {logging_mixin.py:190} INFO - [2024-11-13T00:14:32.633+0000] {dag.py:4180} INFO - Setting next_dagrun for example_external_task_marker_parent to None, run_after=None
[2024-11-13T00:14:32.658+0000] {processor.py:208} INFO - Processing /home/airflow/.local/lib/python3.12/site-packages/airflow/example_dags/example_external_task_marker_dag.py took 0.093 seconds
[2024-11-13T00:15:02.757+0000] {processor.py:186} INFO - Started process (PID=12755) to work on /home/airflow/.local/lib/python3.12/site-packages/airflow/example_dags/example_external_task_marker_dag.py
[2024-11-13T00:15:02.758+0000] {processor.py:914} INFO - Processing file /home/airflow/.local/lib/python3.12/site-packages/airflow/example_dags/example_external_task_marker_dag.py for tasks to queue
[2024-11-13T00:15:02.760+0000] {logging_mixin.py:190} INFO - [2024-11-13T00:15:02.759+0000] {dagbag.py:588} INFO - Filling up the DagBag from /home/airflow/.local/lib/python3.12/site-packages/airflow/example_dags/example_external_task_marker_dag.py
[2024-11-13T00:15:02.771+0000] {processor.py:925} INFO - DAG(s) 'example_external_task_marker_child', 'example_external_task_marker_parent' retrieved from /home/airflow/.local/lib/python3.12/site-packages/airflow/example_dags/example_external_task_marker_dag.py
[2024-11-13T00:15:02.807+0000] {logging_mixin.py:190} INFO - [2024-11-13T00:15:02.807+0000] {dag.py:3239} INFO - Sync 2 DAGs
[2024-11-13T00:15:02.828+0000] {logging_mixin.py:190} INFO - [2024-11-13T00:15:02.827+0000] {dag.py:4180} INFO - Setting next_dagrun for example_external_task_marker_child to None, run_after=None
[2024-11-13T00:15:02.832+0000] {logging_mixin.py:190} INFO - [2024-11-13T00:15:02.832+0000] {dag.py:4180} INFO - Setting next_dagrun for example_external_task_marker_parent to None, run_after=None
[2024-11-13T00:15:02.857+0000] {processor.py:208} INFO - Processing /home/airflow/.local/lib/python3.12/site-packages/airflow/example_dags/example_external_task_marker_dag.py took 0.112 seconds
[2024-11-13T00:15:33.420+0000] {processor.py:186} INFO - Started process (PID=12819) to work on /home/airflow/.local/lib/python3.12/site-packages/airflow/example_dags/example_external_task_marker_dag.py
[2024-11-13T00:15:33.421+0000] {processor.py:914} INFO - Processing file /home/airflow/.local/lib/python3.12/site-packages/airflow/example_dags/example_external_task_marker_dag.py for tasks to queue
[2024-11-13T00:15:33.422+0000] {logging_mixin.py:190} INFO - [2024-11-13T00:15:33.422+0000] {dagbag.py:588} INFO - Filling up the DagBag from /home/airflow/.local/lib/python3.12/site-packages/airflow/example_dags/example_external_task_marker_dag.py
[2024-11-13T00:15:33.431+0000] {processor.py:925} INFO - DAG(s) 'example_external_task_marker_child', 'example_external_task_marker_parent' retrieved from /home/airflow/.local/lib/python3.12/site-packages/airflow/example_dags/example_external_task_marker_dag.py
[2024-11-13T00:15:33.457+0000] {logging_mixin.py:190} INFO - [2024-11-13T00:15:33.457+0000] {dag.py:3239} INFO - Sync 2 DAGs
[2024-11-13T00:15:33.472+0000] {logging_mixin.py:190} INFO - [2024-11-13T00:15:33.472+0000] {dag.py:4180} INFO - Setting next_dagrun for example_external_task_marker_child to None, run_after=None
[2024-11-13T00:15:33.476+0000] {logging_mixin.py:190} INFO - [2024-11-13T00:15:33.476+0000] {dag.py:4180} INFO - Setting next_dagrun for example_external_task_marker_parent to None, run_after=None
[2024-11-13T00:15:33.498+0000] {processor.py:208} INFO - Processing /home/airflow/.local/lib/python3.12/site-packages/airflow/example_dags/example_external_task_marker_dag.py took 0.085 seconds
[2024-11-13T00:16:03.770+0000] {processor.py:186} INFO - Started process (PID=12883) to work on /home/airflow/.local/lib/python3.12/site-packages/airflow/example_dags/example_external_task_marker_dag.py
[2024-11-13T00:16:03.771+0000] {processor.py:914} INFO - Processing file /home/airflow/.local/lib/python3.12/site-packages/airflow/example_dags/example_external_task_marker_dag.py for tasks to queue
[2024-11-13T00:16:03.773+0000] {logging_mixin.py:190} INFO - [2024-11-13T00:16:03.773+0000] {dagbag.py:588} INFO - Filling up the DagBag from /home/airflow/.local/lib/python3.12/site-packages/airflow/example_dags/example_external_task_marker_dag.py
[2024-11-13T00:16:03.791+0000] {processor.py:925} INFO - DAG(s) 'example_external_task_marker_parent', 'example_external_task_marker_child' retrieved from /home/airflow/.local/lib/python3.12/site-packages/airflow/example_dags/example_external_task_marker_dag.py
[2024-11-13T00:16:03.832+0000] {logging_mixin.py:190} INFO - [2024-11-13T00:16:03.832+0000] {dag.py:3239} INFO - Sync 2 DAGs
[2024-11-13T00:16:03.861+0000] {logging_mixin.py:190} INFO - [2024-11-13T00:16:03.860+0000] {dag.py:4180} INFO - Setting next_dagrun for example_external_task_marker_child to None, run_after=None
[2024-11-13T00:16:03.871+0000] {logging_mixin.py:190} INFO - [2024-11-13T00:16:03.870+0000] {dag.py:4180} INFO - Setting next_dagrun for example_external_task_marker_parent to None, run_after=None
[2024-11-13T00:16:03.907+0000] {processor.py:208} INFO - Processing /home/airflow/.local/lib/python3.12/site-packages/airflow/example_dags/example_external_task_marker_dag.py took 0.153 seconds
[2024-11-13T00:16:34.862+0000] {processor.py:186} INFO - Started process (PID=12948) to work on /home/airflow/.local/lib/python3.12/site-packages/airflow/example_dags/example_external_task_marker_dag.py
[2024-11-13T00:16:34.864+0000] {processor.py:914} INFO - Processing file /home/airflow/.local/lib/python3.12/site-packages/airflow/example_dags/example_external_task_marker_dag.py for tasks to queue
[2024-11-13T00:16:34.868+0000] {logging_mixin.py:190} INFO - [2024-11-13T00:16:34.867+0000] {dagbag.py:588} INFO - Filling up the DagBag from /home/airflow/.local/lib/python3.12/site-packages/airflow/example_dags/example_external_task_marker_dag.py
[2024-11-13T00:16:34.914+0000] {processor.py:925} INFO - DAG(s) 'example_external_task_marker_parent', 'example_external_task_marker_child' retrieved from /home/airflow/.local/lib/python3.12/site-packages/airflow/example_dags/example_external_task_marker_dag.py
[2024-11-13T00:16:34.983+0000] {logging_mixin.py:190} INFO - [2024-11-13T00:16:34.982+0000] {dag.py:3239} INFO - Sync 2 DAGs
[2024-11-13T00:16:35.050+0000] {logging_mixin.py:190} INFO - [2024-11-13T00:16:35.049+0000] {dag.py:4180} INFO - Setting next_dagrun for example_external_task_marker_child to None, run_after=None
[2024-11-13T00:16:35.057+0000] {logging_mixin.py:190} INFO - [2024-11-13T00:16:35.057+0000] {dag.py:4180} INFO - Setting next_dagrun for example_external_task_marker_parent to None, run_after=None
[2024-11-13T00:16:35.111+0000] {processor.py:208} INFO - Processing /home/airflow/.local/lib/python3.12/site-packages/airflow/example_dags/example_external_task_marker_dag.py took 0.266 seconds
[2024-11-13T00:17:05.882+0000] {processor.py:186} INFO - Started process (PID=13012) to work on /home/airflow/.local/lib/python3.12/site-packages/airflow/example_dags/example_external_task_marker_dag.py
[2024-11-13T00:17:05.882+0000] {processor.py:914} INFO - Processing file /home/airflow/.local/lib/python3.12/site-packages/airflow/example_dags/example_external_task_marker_dag.py for tasks to queue
[2024-11-13T00:17:05.884+0000] {logging_mixin.py:190} INFO - [2024-11-13T00:17:05.884+0000] {dagbag.py:588} INFO - Filling up the DagBag from /home/airflow/.local/lib/python3.12/site-packages/airflow/example_dags/example_external_task_marker_dag.py
[2024-11-13T00:17:05.893+0000] {processor.py:925} INFO - DAG(s) 'example_external_task_marker_child', 'example_external_task_marker_parent' retrieved from /home/airflow/.local/lib/python3.12/site-packages/airflow/example_dags/example_external_task_marker_dag.py
[2024-11-13T00:17:05.939+0000] {logging_mixin.py:190} INFO - [2024-11-13T00:17:05.938+0000] {dag.py:3239} INFO - Sync 2 DAGs
[2024-11-13T00:17:05.957+0000] {logging_mixin.py:190} INFO - [2024-11-13T00:17:05.956+0000] {dag.py:4180} INFO - Setting next_dagrun for example_external_task_marker_child to None, run_after=None
[2024-11-13T00:17:05.961+0000] {logging_mixin.py:190} INFO - [2024-11-13T00:17:05.960+0000] {dag.py:4180} INFO - Setting next_dagrun for example_external_task_marker_parent to None, run_after=None
[2024-11-13T00:17:05.994+0000] {processor.py:208} INFO - Processing /home/airflow/.local/lib/python3.12/site-packages/airflow/example_dags/example_external_task_marker_dag.py took 0.122 seconds
[2024-11-13T00:17:36.602+0000] {processor.py:186} INFO - Started process (PID=13076) to work on /home/airflow/.local/lib/python3.12/site-packages/airflow/example_dags/example_external_task_marker_dag.py
[2024-11-13T00:17:36.835+0000] {processor.py:914} INFO - Processing file /home/airflow/.local/lib/python3.12/site-packages/airflow/example_dags/example_external_task_marker_dag.py for tasks to queue
[2024-11-13T00:17:36.837+0000] {logging_mixin.py:190} INFO - [2024-11-13T00:17:36.837+0000] {dagbag.py:588} INFO - Filling up the DagBag from /home/airflow/.local/lib/python3.12/site-packages/airflow/example_dags/example_external_task_marker_dag.py
[2024-11-13T00:17:36.847+0000] {processor.py:925} INFO - DAG(s) 'example_external_task_marker_child', 'example_external_task_marker_parent' retrieved from /home/airflow/.local/lib/python3.12/site-packages/airflow/example_dags/example_external_task_marker_dag.py
[2024-11-13T00:17:36.896+0000] {logging_mixin.py:190} INFO - [2024-11-13T00:17:36.895+0000] {dag.py:3239} INFO - Sync 2 DAGs
[2024-11-13T00:17:36.923+0000] {logging_mixin.py:190} INFO - [2024-11-13T00:17:36.923+0000] {dag.py:4180} INFO - Setting next_dagrun for example_external_task_marker_child to None, run_after=None
[2024-11-13T00:17:36.929+0000] {logging_mixin.py:190} INFO - [2024-11-13T00:17:36.928+0000] {dag.py:4180} INFO - Setting next_dagrun for example_external_task_marker_parent to None, run_after=None
[2024-11-13T00:17:36.966+0000] {processor.py:208} INFO - Processing /home/airflow/.local/lib/python3.12/site-packages/airflow/example_dags/example_external_task_marker_dag.py took 0.379 seconds
[2024-11-13T00:18:07.509+0000] {processor.py:186} INFO - Started process (PID=13140) to work on /home/airflow/.local/lib/python3.12/site-packages/airflow/example_dags/example_external_task_marker_dag.py
[2024-11-13T00:18:07.525+0000] {processor.py:914} INFO - Processing file /home/airflow/.local/lib/python3.12/site-packages/airflow/example_dags/example_external_task_marker_dag.py for tasks to queue
[2024-11-13T00:18:07.529+0000] {logging_mixin.py:190} INFO - [2024-11-13T00:18:07.528+0000] {dagbag.py:588} INFO - Filling up the DagBag from /home/airflow/.local/lib/python3.12/site-packages/airflow/example_dags/example_external_task_marker_dag.py
[2024-11-13T00:18:07.568+0000] {processor.py:925} INFO - DAG(s) 'example_external_task_marker_child', 'example_external_task_marker_parent' retrieved from /home/airflow/.local/lib/python3.12/site-packages/airflow/example_dags/example_external_task_marker_dag.py
[2024-11-13T00:18:07.636+0000] {logging_mixin.py:190} INFO - [2024-11-13T00:18:07.635+0000] {dag.py:3239} INFO - Sync 2 DAGs
[2024-11-13T00:18:07.715+0000] {logging_mixin.py:190} INFO - [2024-11-13T00:18:07.715+0000] {dag.py:4180} INFO - Setting next_dagrun for example_external_task_marker_child to None, run_after=None
[2024-11-13T00:18:07.750+0000] {logging_mixin.py:190} INFO - [2024-11-13T00:18:07.749+0000] {dag.py:4180} INFO - Setting next_dagrun for example_external_task_marker_parent to None, run_after=None
[2024-11-13T00:18:07.825+0000] {processor.py:208} INFO - Processing /home/airflow/.local/lib/python3.12/site-packages/airflow/example_dags/example_external_task_marker_dag.py took 0.333 seconds
[2024-11-13T00:18:38.071+0000] {processor.py:186} INFO - Started process (PID=13209) to work on /home/airflow/.local/lib/python3.12/site-packages/airflow/example_dags/example_external_task_marker_dag.py
[2024-11-13T00:18:38.073+0000] {processor.py:914} INFO - Processing file /home/airflow/.local/lib/python3.12/site-packages/airflow/example_dags/example_external_task_marker_dag.py for tasks to queue
[2024-11-13T00:18:38.075+0000] {logging_mixin.py:190} INFO - [2024-11-13T00:18:38.075+0000] {dagbag.py:588} INFO - Filling up the DagBag from /home/airflow/.local/lib/python3.12/site-packages/airflow/example_dags/example_external_task_marker_dag.py
[2024-11-13T00:18:38.085+0000] {processor.py:925} INFO - DAG(s) 'example_external_task_marker_parent', 'example_external_task_marker_child' retrieved from /home/airflow/.local/lib/python3.12/site-packages/airflow/example_dags/example_external_task_marker_dag.py
[2024-11-13T00:18:38.109+0000] {logging_mixin.py:190} INFO - [2024-11-13T00:18:38.109+0000] {dag.py:3239} INFO - Sync 2 DAGs
[2024-11-13T00:18:38.125+0000] {logging_mixin.py:190} INFO - [2024-11-13T00:18:38.124+0000] {dag.py:4180} INFO - Setting next_dagrun for example_external_task_marker_child to None, run_after=None
[2024-11-13T00:18:38.129+0000] {logging_mixin.py:190} INFO - [2024-11-13T00:18:38.129+0000] {dag.py:4180} INFO - Setting next_dagrun for example_external_task_marker_parent to None, run_after=None
[2024-11-13T00:18:38.151+0000] {processor.py:208} INFO - Processing /home/airflow/.local/lib/python3.12/site-packages/airflow/example_dags/example_external_task_marker_dag.py took 0.090 seconds
[2024-11-13T00:19:36.828+0000] {processor.py:186} INFO - Started process (PID=13263) to work on /home/airflow/.local/lib/python3.12/site-packages/airflow/example_dags/example_external_task_marker_dag.py
[2024-11-13T00:19:36.830+0000] {processor.py:914} INFO - Processing file /home/airflow/.local/lib/python3.12/site-packages/airflow/example_dags/example_external_task_marker_dag.py for tasks to queue
[2024-11-13T00:19:36.832+0000] {logging_mixin.py:190} INFO - [2024-11-13T00:19:36.832+0000] {dagbag.py:588} INFO - Filling up the DagBag from /home/airflow/.local/lib/python3.12/site-packages/airflow/example_dags/example_external_task_marker_dag.py
[2024-11-13T00:19:36.848+0000] {processor.py:925} INFO - DAG(s) 'example_external_task_marker_parent', 'example_external_task_marker_child' retrieved from /home/airflow/.local/lib/python3.12/site-packages/airflow/example_dags/example_external_task_marker_dag.py
[2024-11-13T00:19:36.888+0000] {logging_mixin.py:190} INFO - [2024-11-13T00:19:36.888+0000] {dag.py:3239} INFO - Sync 2 DAGs
[2024-11-13T00:19:36.924+0000] {logging_mixin.py:190} INFO - [2024-11-13T00:19:36.924+0000] {dag.py:4180} INFO - Setting next_dagrun for example_external_task_marker_child to None, run_after=None
[2024-11-13T00:19:36.933+0000] {logging_mixin.py:190} INFO - [2024-11-13T00:19:36.933+0000] {dag.py:4180} INFO - Setting next_dagrun for example_external_task_marker_parent to None, run_after=None
[2024-11-13T00:19:37.008+0000] {processor.py:208} INFO - Processing /home/airflow/.local/lib/python3.12/site-packages/airflow/example_dags/example_external_task_marker_dag.py took 0.199 seconds
[2024-11-13T00:20:07.237+0000] {processor.py:186} INFO - Started process (PID=13323) to work on /home/airflow/.local/lib/python3.12/site-packages/airflow/example_dags/example_external_task_marker_dag.py
[2024-11-13T00:20:07.238+0000] {processor.py:914} INFO - Processing file /home/airflow/.local/lib/python3.12/site-packages/airflow/example_dags/example_external_task_marker_dag.py for tasks to queue
[2024-11-13T00:20:07.240+0000] {logging_mixin.py:190} INFO - [2024-11-13T00:20:07.239+0000] {dagbag.py:588} INFO - Filling up the DagBag from /home/airflow/.local/lib/python3.12/site-packages/airflow/example_dags/example_external_task_marker_dag.py
[2024-11-13T00:20:07.259+0000] {processor.py:925} INFO - DAG(s) 'example_external_task_marker_parent', 'example_external_task_marker_child' retrieved from /home/airflow/.local/lib/python3.12/site-packages/airflow/example_dags/example_external_task_marker_dag.py
[2024-11-13T00:20:07.308+0000] {logging_mixin.py:190} INFO - [2024-11-13T00:20:07.307+0000] {dag.py:3239} INFO - Sync 2 DAGs
[2024-11-13T00:20:07.333+0000] {logging_mixin.py:190} INFO - [2024-11-13T00:20:07.332+0000] {dag.py:4180} INFO - Setting next_dagrun for example_external_task_marker_child to None, run_after=None
[2024-11-13T00:20:07.338+0000] {logging_mixin.py:190} INFO - [2024-11-13T00:20:07.338+0000] {dag.py:4180} INFO - Setting next_dagrun for example_external_task_marker_parent to None, run_after=None
[2024-11-13T00:20:07.410+0000] {processor.py:208} INFO - Processing /home/airflow/.local/lib/python3.12/site-packages/airflow/example_dags/example_external_task_marker_dag.py took 0.187 seconds
[2024-11-13T00:20:38.071+0000] {processor.py:186} INFO - Started process (PID=13392) to work on /home/airflow/.local/lib/python3.12/site-packages/airflow/example_dags/example_external_task_marker_dag.py
[2024-11-13T00:20:38.072+0000] {processor.py:914} INFO - Processing file /home/airflow/.local/lib/python3.12/site-packages/airflow/example_dags/example_external_task_marker_dag.py for tasks to queue
[2024-11-13T00:20:38.074+0000] {logging_mixin.py:190} INFO - [2024-11-13T00:20:38.073+0000] {dagbag.py:588} INFO - Filling up the DagBag from /home/airflow/.local/lib/python3.12/site-packages/airflow/example_dags/example_external_task_marker_dag.py
[2024-11-13T00:20:38.094+0000] {processor.py:925} INFO - DAG(s) 'example_external_task_marker_child', 'example_external_task_marker_parent' retrieved from /home/airflow/.local/lib/python3.12/site-packages/airflow/example_dags/example_external_task_marker_dag.py
[2024-11-13T00:20:38.149+0000] {logging_mixin.py:190} INFO - [2024-11-13T00:20:38.147+0000] {dag.py:3239} INFO - Sync 2 DAGs
[2024-11-13T00:20:38.190+0000] {logging_mixin.py:190} INFO - [2024-11-13T00:20:38.190+0000] {dag.py:4180} INFO - Setting next_dagrun for example_external_task_marker_child to None, run_after=None
[2024-11-13T00:20:38.200+0000] {logging_mixin.py:190} INFO - [2024-11-13T00:20:38.200+0000] {dag.py:4180} INFO - Setting next_dagrun for example_external_task_marker_parent to None, run_after=None
[2024-11-13T00:20:38.239+0000] {processor.py:208} INFO - Processing /home/airflow/.local/lib/python3.12/site-packages/airflow/example_dags/example_external_task_marker_dag.py took 0.184 seconds
[2024-11-13T00:21:08.406+0000] {processor.py:186} INFO - Started process (PID=13456) to work on /home/airflow/.local/lib/python3.12/site-packages/airflow/example_dags/example_external_task_marker_dag.py
[2024-11-13T00:21:08.407+0000] {processor.py:914} INFO - Processing file /home/airflow/.local/lib/python3.12/site-packages/airflow/example_dags/example_external_task_marker_dag.py for tasks to queue
[2024-11-13T00:21:08.408+0000] {logging_mixin.py:190} INFO - [2024-11-13T00:21:08.408+0000] {dagbag.py:588} INFO - Filling up the DagBag from /home/airflow/.local/lib/python3.12/site-packages/airflow/example_dags/example_external_task_marker_dag.py
[2024-11-13T00:21:08.423+0000] {processor.py:925} INFO - DAG(s) 'example_external_task_marker_child', 'example_external_task_marker_parent' retrieved from /home/airflow/.local/lib/python3.12/site-packages/airflow/example_dags/example_external_task_marker_dag.py
[2024-11-13T00:21:08.456+0000] {logging_mixin.py:190} INFO - [2024-11-13T00:21:08.455+0000] {dag.py:3239} INFO - Sync 2 DAGs
[2024-11-13T00:21:08.474+0000] {logging_mixin.py:190} INFO - [2024-11-13T00:21:08.474+0000] {dag.py:4180} INFO - Setting next_dagrun for example_external_task_marker_child to None, run_after=None
[2024-11-13T00:21:08.478+0000] {logging_mixin.py:190} INFO - [2024-11-13T00:21:08.478+0000] {dag.py:4180} INFO - Setting next_dagrun for example_external_task_marker_parent to None, run_after=None
[2024-11-13T00:21:08.504+0000] {processor.py:208} INFO - Processing /home/airflow/.local/lib/python3.12/site-packages/airflow/example_dags/example_external_task_marker_dag.py took 0.111 seconds
[2024-11-13T00:21:38.683+0000] {processor.py:186} INFO - Started process (PID=13520) to work on /home/airflow/.local/lib/python3.12/site-packages/airflow/example_dags/example_external_task_marker_dag.py
[2024-11-13T00:21:38.688+0000] {processor.py:914} INFO - Processing file /home/airflow/.local/lib/python3.12/site-packages/airflow/example_dags/example_external_task_marker_dag.py for tasks to queue
[2024-11-13T00:21:38.691+0000] {logging_mixin.py:190} INFO - [2024-11-13T00:21:38.690+0000] {dagbag.py:588} INFO - Filling up the DagBag from /home/airflow/.local/lib/python3.12/site-packages/airflow/example_dags/example_external_task_marker_dag.py
[2024-11-13T00:21:38.706+0000] {processor.py:925} INFO - DAG(s) 'example_external_task_marker_child', 'example_external_task_marker_parent' retrieved from /home/airflow/.local/lib/python3.12/site-packages/airflow/example_dags/example_external_task_marker_dag.py
[2024-11-13T00:21:38.738+0000] {logging_mixin.py:190} INFO - [2024-11-13T00:21:38.738+0000] {dag.py:3239} INFO - Sync 2 DAGs
[2024-11-13T00:21:38.757+0000] {logging_mixin.py:190} INFO - [2024-11-13T00:21:38.756+0000] {dag.py:4180} INFO - Setting next_dagrun for example_external_task_marker_child to None, run_after=None
[2024-11-13T00:21:38.761+0000] {logging_mixin.py:190} INFO - [2024-11-13T00:21:38.761+0000] {dag.py:4180} INFO - Setting next_dagrun for example_external_task_marker_parent to None, run_after=None
[2024-11-13T00:21:38.789+0000] {processor.py:208} INFO - Processing /home/airflow/.local/lib/python3.12/site-packages/airflow/example_dags/example_external_task_marker_dag.py took 0.120 seconds
[2024-11-13T00:22:09.092+0000] {processor.py:186} INFO - Started process (PID=13584) to work on /home/airflow/.local/lib/python3.12/site-packages/airflow/example_dags/example_external_task_marker_dag.py
[2024-11-13T00:22:09.093+0000] {processor.py:914} INFO - Processing file /home/airflow/.local/lib/python3.12/site-packages/airflow/example_dags/example_external_task_marker_dag.py for tasks to queue
[2024-11-13T00:22:09.094+0000] {logging_mixin.py:190} INFO - [2024-11-13T00:22:09.094+0000] {dagbag.py:588} INFO - Filling up the DagBag from /home/airflow/.local/lib/python3.12/site-packages/airflow/example_dags/example_external_task_marker_dag.py
[2024-11-13T00:22:09.102+0000] {processor.py:925} INFO - DAG(s) 'example_external_task_marker_child', 'example_external_task_marker_parent' retrieved from /home/airflow/.local/lib/python3.12/site-packages/airflow/example_dags/example_external_task_marker_dag.py
[2024-11-13T00:22:09.133+0000] {logging_mixin.py:190} INFO - [2024-11-13T00:22:09.132+0000] {dag.py:3239} INFO - Sync 2 DAGs
[2024-11-13T00:22:09.149+0000] {logging_mixin.py:190} INFO - [2024-11-13T00:22:09.149+0000] {dag.py:4180} INFO - Setting next_dagrun for example_external_task_marker_child to None, run_after=None
[2024-11-13T00:22:09.153+0000] {logging_mixin.py:190} INFO - [2024-11-13T00:22:09.153+0000] {dag.py:4180} INFO - Setting next_dagrun for example_external_task_marker_parent to None, run_after=None
[2024-11-13T00:22:09.180+0000] {processor.py:208} INFO - Processing /home/airflow/.local/lib/python3.12/site-packages/airflow/example_dags/example_external_task_marker_dag.py took 0.097 seconds
[2024-11-13T00:22:39.294+0000] {processor.py:186} INFO - Started process (PID=13648) to work on /home/airflow/.local/lib/python3.12/site-packages/airflow/example_dags/example_external_task_marker_dag.py
[2024-11-13T00:22:39.296+0000] {processor.py:914} INFO - Processing file /home/airflow/.local/lib/python3.12/site-packages/airflow/example_dags/example_external_task_marker_dag.py for tasks to queue
[2024-11-13T00:22:39.298+0000] {logging_mixin.py:190} INFO - [2024-11-13T00:22:39.297+0000] {dagbag.py:588} INFO - Filling up the DagBag from /home/airflow/.local/lib/python3.12/site-packages/airflow/example_dags/example_external_task_marker_dag.py
[2024-11-13T00:22:39.329+0000] {processor.py:925} INFO - DAG(s) 'example_external_task_marker_child', 'example_external_task_marker_parent' retrieved from /home/airflow/.local/lib/python3.12/site-packages/airflow/example_dags/example_external_task_marker_dag.py
[2024-11-13T00:22:39.395+0000] {logging_mixin.py:190} INFO - [2024-11-13T00:22:39.395+0000] {dag.py:3239} INFO - Sync 2 DAGs
[2024-11-13T00:22:39.443+0000] {logging_mixin.py:190} INFO - [2024-11-13T00:22:39.443+0000] {dag.py:4180} INFO - Setting next_dagrun for example_external_task_marker_child to None, run_after=None
[2024-11-13T00:22:39.488+0000] {logging_mixin.py:190} INFO - [2024-11-13T00:22:39.488+0000] {dag.py:4180} INFO - Setting next_dagrun for example_external_task_marker_parent to None, run_after=None
[2024-11-13T00:22:39.547+0000] {processor.py:208} INFO - Processing /home/airflow/.local/lib/python3.12/site-packages/airflow/example_dags/example_external_task_marker_dag.py took 0.281 seconds
[2024-11-13T00:23:10.007+0000] {processor.py:186} INFO - Started process (PID=13712) to work on /home/airflow/.local/lib/python3.12/site-packages/airflow/example_dags/example_external_task_marker_dag.py
[2024-11-13T00:23:10.008+0000] {processor.py:914} INFO - Processing file /home/airflow/.local/lib/python3.12/site-packages/airflow/example_dags/example_external_task_marker_dag.py for tasks to queue
[2024-11-13T00:23:10.010+0000] {logging_mixin.py:190} INFO - [2024-11-13T00:23:10.009+0000] {dagbag.py:588} INFO - Filling up the DagBag from /home/airflow/.local/lib/python3.12/site-packages/airflow/example_dags/example_external_task_marker_dag.py
[2024-11-13T00:23:10.025+0000] {processor.py:925} INFO - DAG(s) 'example_external_task_marker_parent', 'example_external_task_marker_child' retrieved from /home/airflow/.local/lib/python3.12/site-packages/airflow/example_dags/example_external_task_marker_dag.py
[2024-11-13T00:23:10.060+0000] {logging_mixin.py:190} INFO - [2024-11-13T00:23:10.060+0000] {dag.py:3239} INFO - Sync 2 DAGs
[2024-11-13T00:23:10.081+0000] {logging_mixin.py:190} INFO - [2024-11-13T00:23:10.081+0000] {dag.py:4180} INFO - Setting next_dagrun for example_external_task_marker_child to None, run_after=None
[2024-11-13T00:23:10.085+0000] {logging_mixin.py:190} INFO - [2024-11-13T00:23:10.085+0000] {dag.py:4180} INFO - Setting next_dagrun for example_external_task_marker_parent to None, run_after=None
[2024-11-13T00:23:10.105+0000] {processor.py:208} INFO - Processing /home/airflow/.local/lib/python3.12/site-packages/airflow/example_dags/example_external_task_marker_dag.py took 0.109 seconds
[2024-11-13T00:23:40.222+0000] {processor.py:186} INFO - Started process (PID=13777) to work on /home/airflow/.local/lib/python3.12/site-packages/airflow/example_dags/example_external_task_marker_dag.py
[2024-11-13T00:23:40.223+0000] {processor.py:914} INFO - Processing file /home/airflow/.local/lib/python3.12/site-packages/airflow/example_dags/example_external_task_marker_dag.py for tasks to queue
[2024-11-13T00:23:40.226+0000] {logging_mixin.py:190} INFO - [2024-11-13T00:23:40.225+0000] {dagbag.py:588} INFO - Filling up the DagBag from /home/airflow/.local/lib/python3.12/site-packages/airflow/example_dags/example_external_task_marker_dag.py
[2024-11-13T00:23:40.235+0000] {processor.py:925} INFO - DAG(s) 'example_external_task_marker_child', 'example_external_task_marker_parent' retrieved from /home/airflow/.local/lib/python3.12/site-packages/airflow/example_dags/example_external_task_marker_dag.py
[2024-11-13T00:23:40.260+0000] {logging_mixin.py:190} INFO - [2024-11-13T00:23:40.260+0000] {dag.py:3239} INFO - Sync 2 DAGs
[2024-11-13T00:23:40.275+0000] {logging_mixin.py:190} INFO - [2024-11-13T00:23:40.275+0000] {dag.py:4180} INFO - Setting next_dagrun for example_external_task_marker_child to None, run_after=None
[2024-11-13T00:23:40.279+0000] {logging_mixin.py:190} INFO - [2024-11-13T00:23:40.279+0000] {dag.py:4180} INFO - Setting next_dagrun for example_external_task_marker_parent to None, run_after=None
[2024-11-13T00:23:40.301+0000] {processor.py:208} INFO - Processing /home/airflow/.local/lib/python3.12/site-packages/airflow/example_dags/example_external_task_marker_dag.py took 0.086 seconds
[2024-11-13T00:24:10.396+0000] {processor.py:186} INFO - Started process (PID=13841) to work on /home/airflow/.local/lib/python3.12/site-packages/airflow/example_dags/example_external_task_marker_dag.py
[2024-11-13T00:24:10.397+0000] {processor.py:914} INFO - Processing file /home/airflow/.local/lib/python3.12/site-packages/airflow/example_dags/example_external_task_marker_dag.py for tasks to queue
[2024-11-13T00:24:10.398+0000] {logging_mixin.py:190} INFO - [2024-11-13T00:24:10.398+0000] {dagbag.py:588} INFO - Filling up the DagBag from /home/airflow/.local/lib/python3.12/site-packages/airflow/example_dags/example_external_task_marker_dag.py
[2024-11-13T00:24:10.409+0000] {processor.py:925} INFO - DAG(s) 'example_external_task_marker_parent', 'example_external_task_marker_child' retrieved from /home/airflow/.local/lib/python3.12/site-packages/airflow/example_dags/example_external_task_marker_dag.py
[2024-11-13T00:24:10.437+0000] {logging_mixin.py:190} INFO - [2024-11-13T00:24:10.437+0000] {dag.py:3239} INFO - Sync 2 DAGs
[2024-11-13T00:24:10.452+0000] {logging_mixin.py:190} INFO - [2024-11-13T00:24:10.452+0000] {dag.py:4180} INFO - Setting next_dagrun for example_external_task_marker_child to None, run_after=None
[2024-11-13T00:24:10.456+0000] {logging_mixin.py:190} INFO - [2024-11-13T00:24:10.456+0000] {dag.py:4180} INFO - Setting next_dagrun for example_external_task_marker_parent to None, run_after=None
[2024-11-13T00:24:10.479+0000] {processor.py:208} INFO - Processing /home/airflow/.local/lib/python3.12/site-packages/airflow/example_dags/example_external_task_marker_dag.py took 0.091 seconds
[2024-11-13T00:24:40.570+0000] {processor.py:186} INFO - Started process (PID=13906) to work on /home/airflow/.local/lib/python3.12/site-packages/airflow/example_dags/example_external_task_marker_dag.py
[2024-11-13T00:24:40.571+0000] {processor.py:914} INFO - Processing file /home/airflow/.local/lib/python3.12/site-packages/airflow/example_dags/example_external_task_marker_dag.py for tasks to queue
[2024-11-13T00:24:40.572+0000] {logging_mixin.py:190} INFO - [2024-11-13T00:24:40.572+0000] {dagbag.py:588} INFO - Filling up the DagBag from /home/airflow/.local/lib/python3.12/site-packages/airflow/example_dags/example_external_task_marker_dag.py
[2024-11-13T00:24:40.586+0000] {processor.py:925} INFO - DAG(s) 'example_external_task_marker_child', 'example_external_task_marker_parent' retrieved from /home/airflow/.local/lib/python3.12/site-packages/airflow/example_dags/example_external_task_marker_dag.py
[2024-11-13T00:24:40.612+0000] {logging_mixin.py:190} INFO - [2024-11-13T00:24:40.611+0000] {dag.py:3239} INFO - Sync 2 DAGs
[2024-11-13T00:24:40.629+0000] {logging_mixin.py:190} INFO - [2024-11-13T00:24:40.629+0000] {dag.py:4180} INFO - Setting next_dagrun for example_external_task_marker_child to None, run_after=None
[2024-11-13T00:24:40.634+0000] {logging_mixin.py:190} INFO - [2024-11-13T00:24:40.634+0000] {dag.py:4180} INFO - Setting next_dagrun for example_external_task_marker_parent to None, run_after=None
[2024-11-13T00:24:40.657+0000] {processor.py:208} INFO - Processing /home/airflow/.local/lib/python3.12/site-packages/airflow/example_dags/example_external_task_marker_dag.py took 0.098 seconds
[2024-11-13T00:25:10.926+0000] {processor.py:186} INFO - Started process (PID=13970) to work on /home/airflow/.local/lib/python3.12/site-packages/airflow/example_dags/example_external_task_marker_dag.py
[2024-11-13T00:25:10.931+0000] {processor.py:914} INFO - Processing file /home/airflow/.local/lib/python3.12/site-packages/airflow/example_dags/example_external_task_marker_dag.py for tasks to queue
[2024-11-13T00:25:10.936+0000] {logging_mixin.py:190} INFO - [2024-11-13T00:25:10.934+0000] {dagbag.py:588} INFO - Filling up the DagBag from /home/airflow/.local/lib/python3.12/site-packages/airflow/example_dags/example_external_task_marker_dag.py
[2024-11-13T00:25:10.967+0000] {processor.py:925} INFO - DAG(s) 'example_external_task_marker_child', 'example_external_task_marker_parent' retrieved from /home/airflow/.local/lib/python3.12/site-packages/airflow/example_dags/example_external_task_marker_dag.py
[2024-11-13T00:25:11.028+0000] {logging_mixin.py:190} INFO - [2024-11-13T00:25:11.027+0000] {dag.py:3239} INFO - Sync 2 DAGs
[2024-11-13T00:25:11.056+0000] {logging_mixin.py:190} INFO - [2024-11-13T00:25:11.054+0000] {dag.py:4180} INFO - Setting next_dagrun for example_external_task_marker_child to None, run_after=None
[2024-11-13T00:25:11.066+0000] {logging_mixin.py:190} INFO - [2024-11-13T00:25:11.066+0000] {dag.py:4180} INFO - Setting next_dagrun for example_external_task_marker_parent to None, run_after=None
[2024-11-13T00:25:11.094+0000] {processor.py:208} INFO - Processing /home/airflow/.local/lib/python3.12/site-packages/airflow/example_dags/example_external_task_marker_dag.py took 0.182 seconds
[2024-11-13T00:25:41.427+0000] {processor.py:186} INFO - Started process (PID=14034) to work on /home/airflow/.local/lib/python3.12/site-packages/airflow/example_dags/example_external_task_marker_dag.py
[2024-11-13T00:25:41.428+0000] {processor.py:914} INFO - Processing file /home/airflow/.local/lib/python3.12/site-packages/airflow/example_dags/example_external_task_marker_dag.py for tasks to queue
[2024-11-13T00:25:41.429+0000] {logging_mixin.py:190} INFO - [2024-11-13T00:25:41.429+0000] {dagbag.py:588} INFO - Filling up the DagBag from /home/airflow/.local/lib/python3.12/site-packages/airflow/example_dags/example_external_task_marker_dag.py
[2024-11-13T00:25:41.447+0000] {processor.py:925} INFO - DAG(s) 'example_external_task_marker_parent', 'example_external_task_marker_child' retrieved from /home/airflow/.local/lib/python3.12/site-packages/airflow/example_dags/example_external_task_marker_dag.py
[2024-11-13T00:25:41.477+0000] {logging_mixin.py:190} INFO - [2024-11-13T00:25:41.477+0000] {dag.py:3239} INFO - Sync 2 DAGs
[2024-11-13T00:25:41.495+0000] {logging_mixin.py:190} INFO - [2024-11-13T00:25:41.495+0000] {dag.py:4180} INFO - Setting next_dagrun for example_external_task_marker_child to None, run_after=None
[2024-11-13T00:25:41.503+0000] {logging_mixin.py:190} INFO - [2024-11-13T00:25:41.502+0000] {dag.py:4180} INFO - Setting next_dagrun for example_external_task_marker_parent to None, run_after=None
[2024-11-13T00:25:41.528+0000] {processor.py:208} INFO - Processing /home/airflow/.local/lib/python3.12/site-packages/airflow/example_dags/example_external_task_marker_dag.py took 0.110 seconds
[2024-11-13T00:26:11.671+0000] {processor.py:186} INFO - Started process (PID=14098) to work on /home/airflow/.local/lib/python3.12/site-packages/airflow/example_dags/example_external_task_marker_dag.py
[2024-11-13T00:26:11.672+0000] {processor.py:914} INFO - Processing file /home/airflow/.local/lib/python3.12/site-packages/airflow/example_dags/example_external_task_marker_dag.py for tasks to queue
[2024-11-13T00:26:11.674+0000] {logging_mixin.py:190} INFO - [2024-11-13T00:26:11.674+0000] {dagbag.py:588} INFO - Filling up the DagBag from /home/airflow/.local/lib/python3.12/site-packages/airflow/example_dags/example_external_task_marker_dag.py
[2024-11-13T00:26:11.689+0000] {processor.py:925} INFO - DAG(s) 'example_external_task_marker_child', 'example_external_task_marker_parent' retrieved from /home/airflow/.local/lib/python3.12/site-packages/airflow/example_dags/example_external_task_marker_dag.py
[2024-11-13T00:26:11.722+0000] {logging_mixin.py:190} INFO - [2024-11-13T00:26:11.722+0000] {dag.py:3239} INFO - Sync 2 DAGs
[2024-11-13T00:26:11.741+0000] {logging_mixin.py:190} INFO - [2024-11-13T00:26:11.740+0000] {dag.py:4180} INFO - Setting next_dagrun for example_external_task_marker_child to None, run_after=None
[2024-11-13T00:26:11.747+0000] {logging_mixin.py:190} INFO - [2024-11-13T00:26:11.747+0000] {dag.py:4180} INFO - Setting next_dagrun for example_external_task_marker_parent to None, run_after=None
[2024-11-13T00:26:11.772+0000] {processor.py:208} INFO - Processing /home/airflow/.local/lib/python3.12/site-packages/airflow/example_dags/example_external_task_marker_dag.py took 0.109 seconds
[2024-11-13T00:26:42.565+0000] {processor.py:186} INFO - Started process (PID=14162) to work on /home/airflow/.local/lib/python3.12/site-packages/airflow/example_dags/example_external_task_marker_dag.py
[2024-11-13T00:26:42.566+0000] {processor.py:914} INFO - Processing file /home/airflow/.local/lib/python3.12/site-packages/airflow/example_dags/example_external_task_marker_dag.py for tasks to queue
[2024-11-13T00:26:42.567+0000] {logging_mixin.py:190} INFO - [2024-11-13T00:26:42.567+0000] {dagbag.py:588} INFO - Filling up the DagBag from /home/airflow/.local/lib/python3.12/site-packages/airflow/example_dags/example_external_task_marker_dag.py
[2024-11-13T00:26:42.578+0000] {processor.py:925} INFO - DAG(s) 'example_external_task_marker_child', 'example_external_task_marker_parent' retrieved from /home/airflow/.local/lib/python3.12/site-packages/airflow/example_dags/example_external_task_marker_dag.py
[2024-11-13T00:26:42.610+0000] {logging_mixin.py:190} INFO - [2024-11-13T00:26:42.610+0000] {dag.py:3239} INFO - Sync 2 DAGs
[2024-11-13T00:26:42.627+0000] {logging_mixin.py:190} INFO - [2024-11-13T00:26:42.627+0000] {dag.py:4180} INFO - Setting next_dagrun for example_external_task_marker_child to None, run_after=None
[2024-11-13T00:26:42.632+0000] {logging_mixin.py:190} INFO - [2024-11-13T00:26:42.632+0000] {dag.py:4180} INFO - Setting next_dagrun for example_external_task_marker_parent to None, run_after=None
[2024-11-13T00:26:42.659+0000] {processor.py:208} INFO - Processing /home/airflow/.local/lib/python3.12/site-packages/airflow/example_dags/example_external_task_marker_dag.py took 0.102 seconds
[2024-11-13T00:27:13.175+0000] {processor.py:186} INFO - Started process (PID=14226) to work on /home/airflow/.local/lib/python3.12/site-packages/airflow/example_dags/example_external_task_marker_dag.py
[2024-11-13T00:27:13.176+0000] {processor.py:914} INFO - Processing file /home/airflow/.local/lib/python3.12/site-packages/airflow/example_dags/example_external_task_marker_dag.py for tasks to queue
[2024-11-13T00:27:13.177+0000] {logging_mixin.py:190} INFO - [2024-11-13T00:27:13.177+0000] {dagbag.py:588} INFO - Filling up the DagBag from /home/airflow/.local/lib/python3.12/site-packages/airflow/example_dags/example_external_task_marker_dag.py
[2024-11-13T00:27:13.187+0000] {processor.py:925} INFO - DAG(s) 'example_external_task_marker_child', 'example_external_task_marker_parent' retrieved from /home/airflow/.local/lib/python3.12/site-packages/airflow/example_dags/example_external_task_marker_dag.py
[2024-11-13T00:27:13.215+0000] {logging_mixin.py:190} INFO - [2024-11-13T00:27:13.215+0000] {dag.py:3239} INFO - Sync 2 DAGs
[2024-11-13T00:27:13.229+0000] {logging_mixin.py:190} INFO - [2024-11-13T00:27:13.229+0000] {dag.py:4180} INFO - Setting next_dagrun for example_external_task_marker_child to None, run_after=None
[2024-11-13T00:27:13.234+0000] {logging_mixin.py:190} INFO - [2024-11-13T00:27:13.233+0000] {dag.py:4180} INFO - Setting next_dagrun for example_external_task_marker_parent to None, run_after=None
[2024-11-13T00:27:13.256+0000] {processor.py:208} INFO - Processing /home/airflow/.local/lib/python3.12/site-packages/airflow/example_dags/example_external_task_marker_dag.py took 0.089 seconds
[2024-11-13T00:27:43.411+0000] {processor.py:186} INFO - Started process (PID=14290) to work on /home/airflow/.local/lib/python3.12/site-packages/airflow/example_dags/example_external_task_marker_dag.py
[2024-11-13T00:27:43.413+0000] {processor.py:914} INFO - Processing file /home/airflow/.local/lib/python3.12/site-packages/airflow/example_dags/example_external_task_marker_dag.py for tasks to queue
[2024-11-13T00:27:43.414+0000] {logging_mixin.py:190} INFO - [2024-11-13T00:27:43.414+0000] {dagbag.py:588} INFO - Filling up the DagBag from /home/airflow/.local/lib/python3.12/site-packages/airflow/example_dags/example_external_task_marker_dag.py
[2024-11-13T00:27:43.422+0000] {processor.py:925} INFO - DAG(s) 'example_external_task_marker_child', 'example_external_task_marker_parent' retrieved from /home/airflow/.local/lib/python3.12/site-packages/airflow/example_dags/example_external_task_marker_dag.py
[2024-11-13T00:27:43.454+0000] {logging_mixin.py:190} INFO - [2024-11-13T00:27:43.453+0000] {dag.py:3239} INFO - Sync 2 DAGs
[2024-11-13T00:27:43.475+0000] {logging_mixin.py:190} INFO - [2024-11-13T00:27:43.475+0000] {dag.py:4180} INFO - Setting next_dagrun for example_external_task_marker_child to None, run_after=None
[2024-11-13T00:27:43.480+0000] {logging_mixin.py:190} INFO - [2024-11-13T00:27:43.480+0000] {dag.py:4180} INFO - Setting next_dagrun for example_external_task_marker_parent to None, run_after=None
[2024-11-13T00:27:43.506+0000] {processor.py:208} INFO - Processing /home/airflow/.local/lib/python3.12/site-packages/airflow/example_dags/example_external_task_marker_dag.py took 0.102 seconds
[2024-11-13T00:28:13.814+0000] {processor.py:186} INFO - Started process (PID=14354) to work on /home/airflow/.local/lib/python3.12/site-packages/airflow/example_dags/example_external_task_marker_dag.py
[2024-11-13T00:28:13.815+0000] {processor.py:914} INFO - Processing file /home/airflow/.local/lib/python3.12/site-packages/airflow/example_dags/example_external_task_marker_dag.py for tasks to queue
[2024-11-13T00:28:13.816+0000] {logging_mixin.py:190} INFO - [2024-11-13T00:28:13.816+0000] {dagbag.py:588} INFO - Filling up the DagBag from /home/airflow/.local/lib/python3.12/site-packages/airflow/example_dags/example_external_task_marker_dag.py
[2024-11-13T00:28:13.825+0000] {processor.py:925} INFO - DAG(s) 'example_external_task_marker_child', 'example_external_task_marker_parent' retrieved from /home/airflow/.local/lib/python3.12/site-packages/airflow/example_dags/example_external_task_marker_dag.py
[2024-11-13T00:28:13.850+0000] {logging_mixin.py:190} INFO - [2024-11-13T00:28:13.850+0000] {dag.py:3239} INFO - Sync 2 DAGs
[2024-11-13T00:28:13.866+0000] {logging_mixin.py:190} INFO - [2024-11-13T00:28:13.866+0000] {dag.py:4180} INFO - Setting next_dagrun for example_external_task_marker_child to None, run_after=None
[2024-11-13T00:28:13.871+0000] {logging_mixin.py:190} INFO - [2024-11-13T00:28:13.870+0000] {dag.py:4180} INFO - Setting next_dagrun for example_external_task_marker_parent to None, run_after=None
[2024-11-13T00:28:13.896+0000] {processor.py:208} INFO - Processing /home/airflow/.local/lib/python3.12/site-packages/airflow/example_dags/example_external_task_marker_dag.py took 0.090 seconds
[2024-11-13T00:28:44.077+0000] {processor.py:186} INFO - Started process (PID=14418) to work on /home/airflow/.local/lib/python3.12/site-packages/airflow/example_dags/example_external_task_marker_dag.py
[2024-11-13T00:28:44.078+0000] {processor.py:914} INFO - Processing file /home/airflow/.local/lib/python3.12/site-packages/airflow/example_dags/example_external_task_marker_dag.py for tasks to queue
[2024-11-13T00:28:44.079+0000] {logging_mixin.py:190} INFO - [2024-11-13T00:28:44.079+0000] {dagbag.py:588} INFO - Filling up the DagBag from /home/airflow/.local/lib/python3.12/site-packages/airflow/example_dags/example_external_task_marker_dag.py
[2024-11-13T00:28:44.094+0000] {processor.py:925} INFO - DAG(s) 'example_external_task_marker_child', 'example_external_task_marker_parent' retrieved from /home/airflow/.local/lib/python3.12/site-packages/airflow/example_dags/example_external_task_marker_dag.py
[2024-11-13T00:28:44.126+0000] {logging_mixin.py:190} INFO - [2024-11-13T00:28:44.126+0000] {dag.py:3239} INFO - Sync 2 DAGs
[2024-11-13T00:28:44.145+0000] {logging_mixin.py:190} INFO - [2024-11-13T00:28:44.144+0000] {dag.py:4180} INFO - Setting next_dagrun for example_external_task_marker_child to None, run_after=None
[2024-11-13T00:28:44.149+0000] {logging_mixin.py:190} INFO - [2024-11-13T00:28:44.149+0000] {dag.py:4180} INFO - Setting next_dagrun for example_external_task_marker_parent to None, run_after=None
[2024-11-13T00:28:44.182+0000] {processor.py:208} INFO - Processing /home/airflow/.local/lib/python3.12/site-packages/airflow/example_dags/example_external_task_marker_dag.py took 0.116 seconds
[2024-11-13T00:29:14.401+0000] {processor.py:186} INFO - Started process (PID=14482) to work on /home/airflow/.local/lib/python3.12/site-packages/airflow/example_dags/example_external_task_marker_dag.py
[2024-11-13T00:29:14.402+0000] {processor.py:914} INFO - Processing file /home/airflow/.local/lib/python3.12/site-packages/airflow/example_dags/example_external_task_marker_dag.py for tasks to queue
[2024-11-13T00:29:14.403+0000] {logging_mixin.py:190} INFO - [2024-11-13T00:29:14.403+0000] {dagbag.py:588} INFO - Filling up the DagBag from /home/airflow/.local/lib/python3.12/site-packages/airflow/example_dags/example_external_task_marker_dag.py
[2024-11-13T00:29:14.414+0000] {processor.py:925} INFO - DAG(s) 'example_external_task_marker_child', 'example_external_task_marker_parent' retrieved from /home/airflow/.local/lib/python3.12/site-packages/airflow/example_dags/example_external_task_marker_dag.py
[2024-11-13T00:29:14.440+0000] {logging_mixin.py:190} INFO - [2024-11-13T00:29:14.440+0000] {dag.py:3239} INFO - Sync 2 DAGs
[2024-11-13T00:29:14.456+0000] {logging_mixin.py:190} INFO - [2024-11-13T00:29:14.455+0000] {dag.py:4180} INFO - Setting next_dagrun for example_external_task_marker_child to None, run_after=None
[2024-11-13T00:29:14.460+0000] {logging_mixin.py:190} INFO - [2024-11-13T00:29:14.460+0000] {dag.py:4180} INFO - Setting next_dagrun for example_external_task_marker_parent to None, run_after=None
[2024-11-13T00:29:14.484+0000] {processor.py:208} INFO - Processing /home/airflow/.local/lib/python3.12/site-packages/airflow/example_dags/example_external_task_marker_dag.py took 0.092 seconds
[2024-11-13T00:29:44.658+0000] {processor.py:186} INFO - Started process (PID=14546) to work on /home/airflow/.local/lib/python3.12/site-packages/airflow/example_dags/example_external_task_marker_dag.py
[2024-11-13T00:29:44.659+0000] {processor.py:914} INFO - Processing file /home/airflow/.local/lib/python3.12/site-packages/airflow/example_dags/example_external_task_marker_dag.py for tasks to queue
[2024-11-13T00:29:44.660+0000] {logging_mixin.py:190} INFO - [2024-11-13T00:29:44.660+0000] {dagbag.py:588} INFO - Filling up the DagBag from /home/airflow/.local/lib/python3.12/site-packages/airflow/example_dags/example_external_task_marker_dag.py
[2024-11-13T00:29:44.672+0000] {processor.py:925} INFO - DAG(s) 'example_external_task_marker_child', 'example_external_task_marker_parent' retrieved from /home/airflow/.local/lib/python3.12/site-packages/airflow/example_dags/example_external_task_marker_dag.py
[2024-11-13T00:29:44.711+0000] {logging_mixin.py:190} INFO - [2024-11-13T00:29:44.710+0000] {dag.py:3239} INFO - Sync 2 DAGs
[2024-11-13T00:29:44.736+0000] {logging_mixin.py:190} INFO - [2024-11-13T00:29:44.735+0000] {dag.py:4180} INFO - Setting next_dagrun for example_external_task_marker_child to None, run_after=None
[2024-11-13T00:29:44.745+0000] {logging_mixin.py:190} INFO - [2024-11-13T00:29:44.745+0000] {dag.py:4180} INFO - Setting next_dagrun for example_external_task_marker_parent to None, run_after=None
[2024-11-13T00:29:44.779+0000] {processor.py:208} INFO - Processing /home/airflow/.local/lib/python3.12/site-packages/airflow/example_dags/example_external_task_marker_dag.py took 0.132 seconds
[2024-11-13T00:30:15.023+0000] {processor.py:186} INFO - Started process (PID=14610) to work on /home/airflow/.local/lib/python3.12/site-packages/airflow/example_dags/example_external_task_marker_dag.py
[2024-11-13T00:30:15.024+0000] {processor.py:914} INFO - Processing file /home/airflow/.local/lib/python3.12/site-packages/airflow/example_dags/example_external_task_marker_dag.py for tasks to queue
[2024-11-13T00:30:15.025+0000] {logging_mixin.py:190} INFO - [2024-11-13T00:30:15.025+0000] {dagbag.py:588} INFO - Filling up the DagBag from /home/airflow/.local/lib/python3.12/site-packages/airflow/example_dags/example_external_task_marker_dag.py
[2024-11-13T00:30:15.034+0000] {processor.py:925} INFO - DAG(s) 'example_external_task_marker_child', 'example_external_task_marker_parent' retrieved from /home/airflow/.local/lib/python3.12/site-packages/airflow/example_dags/example_external_task_marker_dag.py
[2024-11-13T00:30:15.061+0000] {logging_mixin.py:190} INFO - [2024-11-13T00:30:15.061+0000] {dag.py:3239} INFO - Sync 2 DAGs
[2024-11-13T00:30:15.077+0000] {logging_mixin.py:190} INFO - [2024-11-13T00:30:15.077+0000] {dag.py:4180} INFO - Setting next_dagrun for example_external_task_marker_child to None, run_after=None
[2024-11-13T00:30:15.082+0000] {logging_mixin.py:190} INFO - [2024-11-13T00:30:15.082+0000] {dag.py:4180} INFO - Setting next_dagrun for example_external_task_marker_parent to None, run_after=None
[2024-11-13T00:30:15.105+0000] {processor.py:208} INFO - Processing /home/airflow/.local/lib/python3.12/site-packages/airflow/example_dags/example_external_task_marker_dag.py took 0.090 seconds
[2024-11-13T00:30:45.394+0000] {processor.py:186} INFO - Started process (PID=14674) to work on /home/airflow/.local/lib/python3.12/site-packages/airflow/example_dags/example_external_task_marker_dag.py
[2024-11-13T00:30:45.395+0000] {processor.py:914} INFO - Processing file /home/airflow/.local/lib/python3.12/site-packages/airflow/example_dags/example_external_task_marker_dag.py for tasks to queue
[2024-11-13T00:30:45.396+0000] {logging_mixin.py:190} INFO - [2024-11-13T00:30:45.396+0000] {dagbag.py:588} INFO - Filling up the DagBag from /home/airflow/.local/lib/python3.12/site-packages/airflow/example_dags/example_external_task_marker_dag.py
[2024-11-13T00:30:45.405+0000] {processor.py:925} INFO - DAG(s) 'example_external_task_marker_child', 'example_external_task_marker_parent' retrieved from /home/airflow/.local/lib/python3.12/site-packages/airflow/example_dags/example_external_task_marker_dag.py
[2024-11-13T00:30:45.430+0000] {logging_mixin.py:190} INFO - [2024-11-13T00:30:45.430+0000] {dag.py:3239} INFO - Sync 2 DAGs
[2024-11-13T00:30:45.445+0000] {logging_mixin.py:190} INFO - [2024-11-13T00:30:45.445+0000] {dag.py:4180} INFO - Setting next_dagrun for example_external_task_marker_child to None, run_after=None
[2024-11-13T00:30:45.449+0000] {logging_mixin.py:190} INFO - [2024-11-13T00:30:45.449+0000] {dag.py:4180} INFO - Setting next_dagrun for example_external_task_marker_parent to None, run_after=None
[2024-11-13T00:30:45.473+0000] {processor.py:208} INFO - Processing /home/airflow/.local/lib/python3.12/site-packages/airflow/example_dags/example_external_task_marker_dag.py took 0.088 seconds
[2024-11-13T00:31:15.595+0000] {processor.py:186} INFO - Started process (PID=14737) to work on /home/airflow/.local/lib/python3.12/site-packages/airflow/example_dags/example_external_task_marker_dag.py
[2024-11-13T00:31:15.597+0000] {processor.py:914} INFO - Processing file /home/airflow/.local/lib/python3.12/site-packages/airflow/example_dags/example_external_task_marker_dag.py for tasks to queue
[2024-11-13T00:31:15.599+0000] {logging_mixin.py:190} INFO - [2024-11-13T00:31:15.598+0000] {dagbag.py:588} INFO - Filling up the DagBag from /home/airflow/.local/lib/python3.12/site-packages/airflow/example_dags/example_external_task_marker_dag.py
[2024-11-13T00:31:15.608+0000] {processor.py:925} INFO - DAG(s) 'example_external_task_marker_parent', 'example_external_task_marker_child' retrieved from /home/airflow/.local/lib/python3.12/site-packages/airflow/example_dags/example_external_task_marker_dag.py
[2024-11-13T00:31:15.638+0000] {logging_mixin.py:190} INFO - [2024-11-13T00:31:15.637+0000] {dag.py:3239} INFO - Sync 2 DAGs
[2024-11-13T00:31:15.653+0000] {logging_mixin.py:190} INFO - [2024-11-13T00:31:15.652+0000] {dag.py:4180} INFO - Setting next_dagrun for example_external_task_marker_child to None, run_after=None
[2024-11-13T00:31:15.657+0000] {logging_mixin.py:190} INFO - [2024-11-13T00:31:15.656+0000] {dag.py:4180} INFO - Setting next_dagrun for example_external_task_marker_parent to None, run_after=None
[2024-11-13T00:31:15.680+0000] {processor.py:208} INFO - Processing /home/airflow/.local/lib/python3.12/site-packages/airflow/example_dags/example_external_task_marker_dag.py took 0.092 seconds
