[2024-11-13T00:00:24.925+0000] {processor.py:186} INFO - Started process (PID=10913) to work on /home/airflow/.local/lib/python3.12/site-packages/airflow/example_dags/example_bash_operator.py
[2024-11-13T00:00:24.926+0000] {processor.py:914} INFO - Processing file /home/airflow/.local/lib/python3.12/site-packages/airflow/example_dags/example_bash_operator.py for tasks to queue
[2024-11-13T00:00:24.935+0000] {logging_mixin.py:190} INFO - [2024-11-13T00:00:24.934+0000] {dagbag.py:588} INFO - Filling up the DagBag from /home/airflow/.local/lib/python3.12/site-packages/airflow/example_dags/example_bash_operator.py
[2024-11-13T00:00:24.955+0000] {processor.py:925} INFO - DAG(s) 'example_bash_operator' retrieved from /home/airflow/.local/lib/python3.12/site-packages/airflow/example_dags/example_bash_operator.py
[2024-11-13T00:00:24.989+0000] {logging_mixin.py:190} INFO - [2024-11-13T00:00:24.989+0000] {dag.py:3239} INFO - Sync 1 DAGs
[2024-11-13T00:00:25.023+0000] {logging_mixin.py:190} INFO - [2024-11-13T00:00:25.023+0000] {dag.py:4180} INFO - Setting next_dagrun for example_bash_operator to 2024-11-12 00:00:00+00:00, run_after=2024-11-13 00:00:00+00:00
[2024-11-13T00:00:25.058+0000] {processor.py:208} INFO - Processing /home/airflow/.local/lib/python3.12/site-packages/airflow/example_dags/example_bash_operator.py took 0.150 seconds
[2024-11-13T00:00:56.918+0000] {processor.py:186} INFO - Started process (PID=10978) to work on /home/airflow/.local/lib/python3.12/site-packages/airflow/example_dags/example_bash_operator.py
[2024-11-13T00:00:56.919+0000] {processor.py:914} INFO - Processing file /home/airflow/.local/lib/python3.12/site-packages/airflow/example_dags/example_bash_operator.py for tasks to queue
[2024-11-13T00:00:56.921+0000] {logging_mixin.py:190} INFO - [2024-11-13T00:00:56.920+0000] {dagbag.py:588} INFO - Filling up the DagBag from /home/airflow/.local/lib/python3.12/site-packages/airflow/example_dags/example_bash_operator.py
[2024-11-13T00:00:56.945+0000] {processor.py:925} INFO - DAG(s) 'example_bash_operator' retrieved from /home/airflow/.local/lib/python3.12/site-packages/airflow/example_dags/example_bash_operator.py
[2024-11-13T00:00:56.979+0000] {logging_mixin.py:190} INFO - [2024-11-13T00:00:56.978+0000] {dag.py:3239} INFO - Sync 1 DAGs
[2024-11-13T00:00:57.023+0000] {logging_mixin.py:190} INFO - [2024-11-13T00:00:57.023+0000] {dag.py:4180} INFO - Setting next_dagrun for example_bash_operator to 2024-11-12 00:00:00+00:00, run_after=2024-11-13 00:00:00+00:00
[2024-11-13T00:00:57.055+0000] {processor.py:208} INFO - Processing /home/airflow/.local/lib/python3.12/site-packages/airflow/example_dags/example_bash_operator.py took 0.147 seconds
[2024-11-13T00:01:27.635+0000] {processor.py:186} INFO - Started process (PID=11042) to work on /home/airflow/.local/lib/python3.12/site-packages/airflow/example_dags/example_bash_operator.py
[2024-11-13T00:01:27.636+0000] {processor.py:914} INFO - Processing file /home/airflow/.local/lib/python3.12/site-packages/airflow/example_dags/example_bash_operator.py for tasks to queue
[2024-11-13T00:01:27.638+0000] {logging_mixin.py:190} INFO - [2024-11-13T00:01:27.637+0000] {dagbag.py:588} INFO - Filling up the DagBag from /home/airflow/.local/lib/python3.12/site-packages/airflow/example_dags/example_bash_operator.py
[2024-11-13T00:01:27.652+0000] {processor.py:925} INFO - DAG(s) 'example_bash_operator' retrieved from /home/airflow/.local/lib/python3.12/site-packages/airflow/example_dags/example_bash_operator.py
[2024-11-13T00:01:27.682+0000] {logging_mixin.py:190} INFO - [2024-11-13T00:01:27.681+0000] {dag.py:3239} INFO - Sync 1 DAGs
[2024-11-13T00:01:27.705+0000] {logging_mixin.py:190} INFO - [2024-11-13T00:01:27.705+0000] {dag.py:4180} INFO - Setting next_dagrun for example_bash_operator to 2024-11-12 00:00:00+00:00, run_after=2024-11-13 00:00:00+00:00
[2024-11-13T00:01:27.729+0000] {processor.py:208} INFO - Processing /home/airflow/.local/lib/python3.12/site-packages/airflow/example_dags/example_bash_operator.py took 0.103 seconds
[2024-11-13T00:01:59.452+0000] {processor.py:186} INFO - Started process (PID=11106) to work on /home/airflow/.local/lib/python3.12/site-packages/airflow/example_dags/example_bash_operator.py
[2024-11-13T00:01:59.453+0000] {processor.py:914} INFO - Processing file /home/airflow/.local/lib/python3.12/site-packages/airflow/example_dags/example_bash_operator.py for tasks to queue
[2024-11-13T00:01:59.455+0000] {logging_mixin.py:190} INFO - [2024-11-13T00:01:59.454+0000] {dagbag.py:588} INFO - Filling up the DagBag from /home/airflow/.local/lib/python3.12/site-packages/airflow/example_dags/example_bash_operator.py
[2024-11-13T00:01:59.481+0000] {processor.py:925} INFO - DAG(s) 'example_bash_operator' retrieved from /home/airflow/.local/lib/python3.12/site-packages/airflow/example_dags/example_bash_operator.py
[2024-11-13T00:01:59.519+0000] {logging_mixin.py:190} INFO - [2024-11-13T00:01:59.518+0000] {dag.py:3239} INFO - Sync 1 DAGs
[2024-11-13T00:01:59.549+0000] {logging_mixin.py:190} INFO - [2024-11-13T00:01:59.548+0000] {dag.py:4180} INFO - Setting next_dagrun for example_bash_operator to 2024-11-12 00:00:00+00:00, run_after=2024-11-13 00:00:00+00:00
[2024-11-13T00:01:59.575+0000] {processor.py:208} INFO - Processing /home/airflow/.local/lib/python3.12/site-packages/airflow/example_dags/example_bash_operator.py took 0.131 seconds
[2024-11-13T00:02:29.681+0000] {processor.py:186} INFO - Started process (PID=11170) to work on /home/airflow/.local/lib/python3.12/site-packages/airflow/example_dags/example_bash_operator.py
[2024-11-13T00:02:29.682+0000] {processor.py:914} INFO - Processing file /home/airflow/.local/lib/python3.12/site-packages/airflow/example_dags/example_bash_operator.py for tasks to queue
[2024-11-13T00:02:29.684+0000] {logging_mixin.py:190} INFO - [2024-11-13T00:02:29.683+0000] {dagbag.py:588} INFO - Filling up the DagBag from /home/airflow/.local/lib/python3.12/site-packages/airflow/example_dags/example_bash_operator.py
[2024-11-13T00:02:29.699+0000] {processor.py:925} INFO - DAG(s) 'example_bash_operator' retrieved from /home/airflow/.local/lib/python3.12/site-packages/airflow/example_dags/example_bash_operator.py
[2024-11-13T00:02:29.726+0000] {logging_mixin.py:190} INFO - [2024-11-13T00:02:29.726+0000] {dag.py:3239} INFO - Sync 1 DAGs
[2024-11-13T00:02:29.757+0000] {logging_mixin.py:190} INFO - [2024-11-13T00:02:29.757+0000] {dag.py:4180} INFO - Setting next_dagrun for example_bash_operator to 2024-11-12 00:00:00+00:00, run_after=2024-11-13 00:00:00+00:00
[2024-11-13T00:02:29.783+0000] {processor.py:208} INFO - Processing /home/airflow/.local/lib/python3.12/site-packages/airflow/example_dags/example_bash_operator.py took 0.112 seconds
[2024-11-13T00:03:00.313+0000] {processor.py:186} INFO - Started process (PID=11234) to work on /home/airflow/.local/lib/python3.12/site-packages/airflow/example_dags/example_bash_operator.py
[2024-11-13T00:03:00.314+0000] {processor.py:914} INFO - Processing file /home/airflow/.local/lib/python3.12/site-packages/airflow/example_dags/example_bash_operator.py for tasks to queue
[2024-11-13T00:03:00.317+0000] {logging_mixin.py:190} INFO - [2024-11-13T00:03:00.316+0000] {dagbag.py:588} INFO - Filling up the DagBag from /home/airflow/.local/lib/python3.12/site-packages/airflow/example_dags/example_bash_operator.py
[2024-11-13T00:03:00.338+0000] {processor.py:925} INFO - DAG(s) 'example_bash_operator' retrieved from /home/airflow/.local/lib/python3.12/site-packages/airflow/example_dags/example_bash_operator.py
[2024-11-13T00:03:00.368+0000] {logging_mixin.py:190} INFO - [2024-11-13T00:03:00.367+0000] {dag.py:3239} INFO - Sync 1 DAGs
[2024-11-13T00:03:00.393+0000] {logging_mixin.py:190} INFO - [2024-11-13T00:03:00.393+0000] {dag.py:4180} INFO - Setting next_dagrun for example_bash_operator to 2024-11-12 00:00:00+00:00, run_after=2024-11-13 00:00:00+00:00
[2024-11-13T00:03:00.416+0000] {processor.py:208} INFO - Processing /home/airflow/.local/lib/python3.12/site-packages/airflow/example_dags/example_bash_operator.py took 0.113 seconds
[2024-11-13T00:03:31.180+0000] {processor.py:186} INFO - Started process (PID=11298) to work on /home/airflow/.local/lib/python3.12/site-packages/airflow/example_dags/example_bash_operator.py
[2024-11-13T00:03:31.181+0000] {processor.py:914} INFO - Processing file /home/airflow/.local/lib/python3.12/site-packages/airflow/example_dags/example_bash_operator.py for tasks to queue
[2024-11-13T00:03:31.182+0000] {logging_mixin.py:190} INFO - [2024-11-13T00:03:31.182+0000] {dagbag.py:588} INFO - Filling up the DagBag from /home/airflow/.local/lib/python3.12/site-packages/airflow/example_dags/example_bash_operator.py
[2024-11-13T00:03:31.199+0000] {processor.py:925} INFO - DAG(s) 'example_bash_operator' retrieved from /home/airflow/.local/lib/python3.12/site-packages/airflow/example_dags/example_bash_operator.py
[2024-11-13T00:03:31.231+0000] {logging_mixin.py:190} INFO - [2024-11-13T00:03:31.230+0000] {dag.py:3239} INFO - Sync 1 DAGs
[2024-11-13T00:03:31.254+0000] {logging_mixin.py:190} INFO - [2024-11-13T00:03:31.254+0000] {dag.py:4180} INFO - Setting next_dagrun for example_bash_operator to 2024-11-12 00:00:00+00:00, run_after=2024-11-13 00:00:00+00:00
[2024-11-13T00:03:31.274+0000] {processor.py:208} INFO - Processing /home/airflow/.local/lib/python3.12/site-packages/airflow/example_dags/example_bash_operator.py took 0.104 seconds
[2024-11-13T00:04:01.658+0000] {processor.py:186} INFO - Started process (PID=11362) to work on /home/airflow/.local/lib/python3.12/site-packages/airflow/example_dags/example_bash_operator.py
[2024-11-13T00:04:01.659+0000] {processor.py:914} INFO - Processing file /home/airflow/.local/lib/python3.12/site-packages/airflow/example_dags/example_bash_operator.py for tasks to queue
[2024-11-13T00:04:01.660+0000] {logging_mixin.py:190} INFO - [2024-11-13T00:04:01.660+0000] {dagbag.py:588} INFO - Filling up the DagBag from /home/airflow/.local/lib/python3.12/site-packages/airflow/example_dags/example_bash_operator.py
[2024-11-13T00:04:01.673+0000] {processor.py:925} INFO - DAG(s) 'example_bash_operator' retrieved from /home/airflow/.local/lib/python3.12/site-packages/airflow/example_dags/example_bash_operator.py
[2024-11-13T00:04:01.700+0000] {logging_mixin.py:190} INFO - [2024-11-13T00:04:01.700+0000] {dag.py:3239} INFO - Sync 1 DAGs
[2024-11-13T00:04:01.725+0000] {logging_mixin.py:190} INFO - [2024-11-13T00:04:01.724+0000] {dag.py:4180} INFO - Setting next_dagrun for example_bash_operator to 2024-11-12 00:00:00+00:00, run_after=2024-11-13 00:00:00+00:00
[2024-11-13T00:04:01.750+0000] {processor.py:208} INFO - Processing /home/airflow/.local/lib/python3.12/site-packages/airflow/example_dags/example_bash_operator.py took 0.099 seconds
[2024-11-13T00:04:31.936+0000] {processor.py:186} INFO - Started process (PID=11425) to work on /home/airflow/.local/lib/python3.12/site-packages/airflow/example_dags/example_bash_operator.py
[2024-11-13T00:04:31.937+0000] {processor.py:914} INFO - Processing file /home/airflow/.local/lib/python3.12/site-packages/airflow/example_dags/example_bash_operator.py for tasks to queue
[2024-11-13T00:04:31.938+0000] {logging_mixin.py:190} INFO - [2024-11-13T00:04:31.938+0000] {dagbag.py:588} INFO - Filling up the DagBag from /home/airflow/.local/lib/python3.12/site-packages/airflow/example_dags/example_bash_operator.py
[2024-11-13T00:04:31.954+0000] {processor.py:925} INFO - DAG(s) 'example_bash_operator' retrieved from /home/airflow/.local/lib/python3.12/site-packages/airflow/example_dags/example_bash_operator.py
[2024-11-13T00:04:31.982+0000] {logging_mixin.py:190} INFO - [2024-11-13T00:04:31.982+0000] {dag.py:3239} INFO - Sync 1 DAGs
[2024-11-13T00:04:32.005+0000] {logging_mixin.py:190} INFO - [2024-11-13T00:04:32.005+0000] {dag.py:4180} INFO - Setting next_dagrun for example_bash_operator to 2024-11-12 00:00:00+00:00, run_after=2024-11-13 00:00:00+00:00
[2024-11-13T00:04:32.031+0000] {processor.py:208} INFO - Processing /home/airflow/.local/lib/python3.12/site-packages/airflow/example_dags/example_bash_operator.py took 0.103 seconds
[2024-11-13T00:05:02.294+0000] {processor.py:186} INFO - Started process (PID=11489) to work on /home/airflow/.local/lib/python3.12/site-packages/airflow/example_dags/example_bash_operator.py
[2024-11-13T00:05:02.295+0000] {processor.py:914} INFO - Processing file /home/airflow/.local/lib/python3.12/site-packages/airflow/example_dags/example_bash_operator.py for tasks to queue
[2024-11-13T00:05:02.297+0000] {logging_mixin.py:190} INFO - [2024-11-13T00:05:02.297+0000] {dagbag.py:588} INFO - Filling up the DagBag from /home/airflow/.local/lib/python3.12/site-packages/airflow/example_dags/example_bash_operator.py
[2024-11-13T00:05:02.321+0000] {processor.py:925} INFO - DAG(s) 'example_bash_operator' retrieved from /home/airflow/.local/lib/python3.12/site-packages/airflow/example_dags/example_bash_operator.py
[2024-11-13T00:05:02.365+0000] {logging_mixin.py:190} INFO - [2024-11-13T00:05:02.364+0000] {dag.py:3239} INFO - Sync 1 DAGs
[2024-11-13T00:05:02.398+0000] {logging_mixin.py:190} INFO - [2024-11-13T00:05:02.398+0000] {dag.py:4180} INFO - Setting next_dagrun for example_bash_operator to 2024-11-12 00:00:00+00:00, run_after=2024-11-13 00:00:00+00:00
[2024-11-13T00:05:02.424+0000] {processor.py:208} INFO - Processing /home/airflow/.local/lib/python3.12/site-packages/airflow/example_dags/example_bash_operator.py took 0.138 seconds
[2024-11-13T00:05:32.788+0000] {processor.py:186} INFO - Started process (PID=11553) to work on /home/airflow/.local/lib/python3.12/site-packages/airflow/example_dags/example_bash_operator.py
[2024-11-13T00:05:32.789+0000] {processor.py:914} INFO - Processing file /home/airflow/.local/lib/python3.12/site-packages/airflow/example_dags/example_bash_operator.py for tasks to queue
[2024-11-13T00:05:32.791+0000] {logging_mixin.py:190} INFO - [2024-11-13T00:05:32.791+0000] {dagbag.py:588} INFO - Filling up the DagBag from /home/airflow/.local/lib/python3.12/site-packages/airflow/example_dags/example_bash_operator.py
[2024-11-13T00:05:32.806+0000] {processor.py:925} INFO - DAG(s) 'example_bash_operator' retrieved from /home/airflow/.local/lib/python3.12/site-packages/airflow/example_dags/example_bash_operator.py
[2024-11-13T00:05:32.835+0000] {logging_mixin.py:190} INFO - [2024-11-13T00:05:32.835+0000] {dag.py:3239} INFO - Sync 1 DAGs
[2024-11-13T00:05:32.860+0000] {logging_mixin.py:190} INFO - [2024-11-13T00:05:32.860+0000] {dag.py:4180} INFO - Setting next_dagrun for example_bash_operator to 2024-11-12 00:00:00+00:00, run_after=2024-11-13 00:00:00+00:00
[2024-11-13T00:05:32.881+0000] {processor.py:208} INFO - Processing /home/airflow/.local/lib/python3.12/site-packages/airflow/example_dags/example_bash_operator.py took 0.101 seconds
[2024-11-13T00:06:03.062+0000] {processor.py:186} INFO - Started process (PID=11618) to work on /home/airflow/.local/lib/python3.12/site-packages/airflow/example_dags/example_bash_operator.py
[2024-11-13T00:06:03.063+0000] {processor.py:914} INFO - Processing file /home/airflow/.local/lib/python3.12/site-packages/airflow/example_dags/example_bash_operator.py for tasks to queue
[2024-11-13T00:06:03.065+0000] {logging_mixin.py:190} INFO - [2024-11-13T00:06:03.065+0000] {dagbag.py:588} INFO - Filling up the DagBag from /home/airflow/.local/lib/python3.12/site-packages/airflow/example_dags/example_bash_operator.py
[2024-11-13T00:06:03.088+0000] {processor.py:925} INFO - DAG(s) 'example_bash_operator' retrieved from /home/airflow/.local/lib/python3.12/site-packages/airflow/example_dags/example_bash_operator.py
[2024-11-13T00:06:03.122+0000] {logging_mixin.py:190} INFO - [2024-11-13T00:06:03.122+0000] {dag.py:3239} INFO - Sync 1 DAGs
[2024-11-13T00:06:03.154+0000] {logging_mixin.py:190} INFO - [2024-11-13T00:06:03.154+0000] {dag.py:4180} INFO - Setting next_dagrun for example_bash_operator to 2024-11-12 00:00:00+00:00, run_after=2024-11-13 00:00:00+00:00
[2024-11-13T00:06:03.176+0000] {processor.py:208} INFO - Processing /home/airflow/.local/lib/python3.12/site-packages/airflow/example_dags/example_bash_operator.py took 0.136 seconds
[2024-11-13T00:06:33.909+0000] {processor.py:186} INFO - Started process (PID=11682) to work on /home/airflow/.local/lib/python3.12/site-packages/airflow/example_dags/example_bash_operator.py
[2024-11-13T00:06:33.911+0000] {processor.py:914} INFO - Processing file /home/airflow/.local/lib/python3.12/site-packages/airflow/example_dags/example_bash_operator.py for tasks to queue
[2024-11-13T00:06:33.913+0000] {logging_mixin.py:190} INFO - [2024-11-13T00:06:33.913+0000] {dagbag.py:588} INFO - Filling up the DagBag from /home/airflow/.local/lib/python3.12/site-packages/airflow/example_dags/example_bash_operator.py
[2024-11-13T00:06:33.936+0000] {processor.py:925} INFO - DAG(s) 'example_bash_operator' retrieved from /home/airflow/.local/lib/python3.12/site-packages/airflow/example_dags/example_bash_operator.py
[2024-11-13T00:06:33.983+0000] {logging_mixin.py:190} INFO - [2024-11-13T00:06:33.983+0000] {dag.py:3239} INFO - Sync 1 DAGs
[2024-11-13T00:06:34.028+0000] {logging_mixin.py:190} INFO - [2024-11-13T00:06:34.028+0000] {dag.py:4180} INFO - Setting next_dagrun for example_bash_operator to 2024-11-12 00:00:00+00:00, run_after=2024-11-13 00:00:00+00:00
[2024-11-13T00:06:34.058+0000] {processor.py:208} INFO - Processing /home/airflow/.local/lib/python3.12/site-packages/airflow/example_dags/example_bash_operator.py took 0.160 seconds
[2024-11-13T00:07:04.200+0000] {processor.py:186} INFO - Started process (PID=11745) to work on /home/airflow/.local/lib/python3.12/site-packages/airflow/example_dags/example_bash_operator.py
[2024-11-13T00:07:04.201+0000] {processor.py:914} INFO - Processing file /home/airflow/.local/lib/python3.12/site-packages/airflow/example_dags/example_bash_operator.py for tasks to queue
[2024-11-13T00:07:04.203+0000] {logging_mixin.py:190} INFO - [2024-11-13T00:07:04.203+0000] {dagbag.py:588} INFO - Filling up the DagBag from /home/airflow/.local/lib/python3.12/site-packages/airflow/example_dags/example_bash_operator.py
[2024-11-13T00:07:04.221+0000] {processor.py:925} INFO - DAG(s) 'example_bash_operator' retrieved from /home/airflow/.local/lib/python3.12/site-packages/airflow/example_dags/example_bash_operator.py
[2024-11-13T00:07:04.254+0000] {logging_mixin.py:190} INFO - [2024-11-13T00:07:04.253+0000] {dag.py:3239} INFO - Sync 1 DAGs
[2024-11-13T00:07:04.284+0000] {logging_mixin.py:190} INFO - [2024-11-13T00:07:04.284+0000] {dag.py:4180} INFO - Setting next_dagrun for example_bash_operator to 2024-11-12 00:00:00+00:00, run_after=2024-11-13 00:00:00+00:00
[2024-11-13T00:07:04.307+0000] {processor.py:208} INFO - Processing /home/airflow/.local/lib/python3.12/site-packages/airflow/example_dags/example_bash_operator.py took 0.118 seconds
[2024-11-13T00:07:34.900+0000] {processor.py:186} INFO - Started process (PID=11809) to work on /home/airflow/.local/lib/python3.12/site-packages/airflow/example_dags/example_bash_operator.py
[2024-11-13T00:07:34.901+0000] {processor.py:914} INFO - Processing file /home/airflow/.local/lib/python3.12/site-packages/airflow/example_dags/example_bash_operator.py for tasks to queue
[2024-11-13T00:07:34.904+0000] {logging_mixin.py:190} INFO - [2024-11-13T00:07:34.903+0000] {dagbag.py:588} INFO - Filling up the DagBag from /home/airflow/.local/lib/python3.12/site-packages/airflow/example_dags/example_bash_operator.py
[2024-11-13T00:07:34.926+0000] {processor.py:925} INFO - DAG(s) 'example_bash_operator' retrieved from /home/airflow/.local/lib/python3.12/site-packages/airflow/example_dags/example_bash_operator.py
[2024-11-13T00:07:34.967+0000] {logging_mixin.py:190} INFO - [2024-11-13T00:07:34.967+0000] {dag.py:3239} INFO - Sync 1 DAGs
[2024-11-13T00:07:35.003+0000] {logging_mixin.py:190} INFO - [2024-11-13T00:07:35.003+0000] {dag.py:4180} INFO - Setting next_dagrun for example_bash_operator to 2024-11-12 00:00:00+00:00, run_after=2024-11-13 00:00:00+00:00
[2024-11-13T00:07:35.033+0000] {processor.py:208} INFO - Processing /home/airflow/.local/lib/python3.12/site-packages/airflow/example_dags/example_bash_operator.py took 0.146 seconds
[2024-11-13T00:08:05.741+0000] {processor.py:186} INFO - Started process (PID=11879) to work on /home/airflow/.local/lib/python3.12/site-packages/airflow/example_dags/example_bash_operator.py
[2024-11-13T00:08:05.742+0000] {processor.py:914} INFO - Processing file /home/airflow/.local/lib/python3.12/site-packages/airflow/example_dags/example_bash_operator.py for tasks to queue
[2024-11-13T00:08:05.744+0000] {logging_mixin.py:190} INFO - [2024-11-13T00:08:05.743+0000] {dagbag.py:588} INFO - Filling up the DagBag from /home/airflow/.local/lib/python3.12/site-packages/airflow/example_dags/example_bash_operator.py
[2024-11-13T00:08:05.757+0000] {processor.py:925} INFO - DAG(s) 'example_bash_operator' retrieved from /home/airflow/.local/lib/python3.12/site-packages/airflow/example_dags/example_bash_operator.py
[2024-11-13T00:08:05.786+0000] {logging_mixin.py:190} INFO - [2024-11-13T00:08:05.786+0000] {dag.py:3239} INFO - Sync 1 DAGs
[2024-11-13T00:08:05.813+0000] {logging_mixin.py:190} INFO - [2024-11-13T00:08:05.813+0000] {dag.py:4180} INFO - Setting next_dagrun for example_bash_operator to 2024-11-12 00:00:00+00:00, run_after=2024-11-13 00:00:00+00:00
[2024-11-13T00:08:05.837+0000] {processor.py:208} INFO - Processing /home/airflow/.local/lib/python3.12/site-packages/airflow/example_dags/example_bash_operator.py took 0.103 seconds
[2024-11-13T00:08:37.843+0000] {processor.py:186} INFO - Started process (PID=11943) to work on /home/airflow/.local/lib/python3.12/site-packages/airflow/example_dags/example_bash_operator.py
[2024-11-13T00:08:37.844+0000] {processor.py:914} INFO - Processing file /home/airflow/.local/lib/python3.12/site-packages/airflow/example_dags/example_bash_operator.py for tasks to queue
[2024-11-13T00:08:37.846+0000] {logging_mixin.py:190} INFO - [2024-11-13T00:08:37.845+0000] {dagbag.py:588} INFO - Filling up the DagBag from /home/airflow/.local/lib/python3.12/site-packages/airflow/example_dags/example_bash_operator.py
[2024-11-13T00:08:37.868+0000] {processor.py:925} INFO - DAG(s) 'example_bash_operator' retrieved from /home/airflow/.local/lib/python3.12/site-packages/airflow/example_dags/example_bash_operator.py
[2024-11-13T00:08:37.911+0000] {logging_mixin.py:190} INFO - [2024-11-13T00:08:37.910+0000] {dag.py:3239} INFO - Sync 1 DAGs
[2024-11-13T00:08:37.945+0000] {logging_mixin.py:190} INFO - [2024-11-13T00:08:37.944+0000] {dag.py:4180} INFO - Setting next_dagrun for example_bash_operator to 2024-11-12 00:00:00+00:00, run_after=2024-11-13 00:00:00+00:00
[2024-11-13T00:08:37.976+0000] {processor.py:208} INFO - Processing /home/airflow/.local/lib/python3.12/site-packages/airflow/example_dags/example_bash_operator.py took 0.145 seconds
[2024-11-13T00:09:08.686+0000] {processor.py:186} INFO - Started process (PID=12007) to work on /home/airflow/.local/lib/python3.12/site-packages/airflow/example_dags/example_bash_operator.py
[2024-11-13T00:09:08.687+0000] {processor.py:914} INFO - Processing file /home/airflow/.local/lib/python3.12/site-packages/airflow/example_dags/example_bash_operator.py for tasks to queue
[2024-11-13T00:09:08.689+0000] {logging_mixin.py:190} INFO - [2024-11-13T00:09:08.688+0000] {dagbag.py:588} INFO - Filling up the DagBag from /home/airflow/.local/lib/python3.12/site-packages/airflow/example_dags/example_bash_operator.py
[2024-11-13T00:09:08.710+0000] {processor.py:925} INFO - DAG(s) 'example_bash_operator' retrieved from /home/airflow/.local/lib/python3.12/site-packages/airflow/example_dags/example_bash_operator.py
[2024-11-13T00:09:08.747+0000] {logging_mixin.py:190} INFO - [2024-11-13T00:09:08.747+0000] {dag.py:3239} INFO - Sync 1 DAGs
[2024-11-13T00:09:08.778+0000] {logging_mixin.py:190} INFO - [2024-11-13T00:09:08.777+0000] {dag.py:4180} INFO - Setting next_dagrun for example_bash_operator to 2024-11-12 00:00:00+00:00, run_after=2024-11-13 00:00:00+00:00
[2024-11-13T00:09:08.810+0000] {processor.py:208} INFO - Processing /home/airflow/.local/lib/python3.12/site-packages/airflow/example_dags/example_bash_operator.py took 0.138 seconds
[2024-11-13T00:09:38.896+0000] {processor.py:186} INFO - Started process (PID=12072) to work on /home/airflow/.local/lib/python3.12/site-packages/airflow/example_dags/example_bash_operator.py
[2024-11-13T00:09:38.897+0000] {processor.py:914} INFO - Processing file /home/airflow/.local/lib/python3.12/site-packages/airflow/example_dags/example_bash_operator.py for tasks to queue
[2024-11-13T00:09:38.898+0000] {logging_mixin.py:190} INFO - [2024-11-13T00:09:38.898+0000] {dagbag.py:588} INFO - Filling up the DagBag from /home/airflow/.local/lib/python3.12/site-packages/airflow/example_dags/example_bash_operator.py
[2024-11-13T00:09:38.915+0000] {processor.py:925} INFO - DAG(s) 'example_bash_operator' retrieved from /home/airflow/.local/lib/python3.12/site-packages/airflow/example_dags/example_bash_operator.py
[2024-11-13T00:09:38.948+0000] {logging_mixin.py:190} INFO - [2024-11-13T00:09:38.948+0000] {dag.py:3239} INFO - Sync 1 DAGs
[2024-11-13T00:09:38.982+0000] {logging_mixin.py:190} INFO - [2024-11-13T00:09:38.981+0000] {dag.py:4180} INFO - Setting next_dagrun for example_bash_operator to 2024-11-12 00:00:00+00:00, run_after=2024-11-13 00:00:00+00:00
[2024-11-13T00:09:39.013+0000] {processor.py:208} INFO - Processing /home/airflow/.local/lib/python3.12/site-packages/airflow/example_dags/example_bash_operator.py took 0.128 seconds
[2024-11-13T00:10:09.872+0000] {processor.py:186} INFO - Started process (PID=12135) to work on /home/airflow/.local/lib/python3.12/site-packages/airflow/example_dags/example_bash_operator.py
[2024-11-13T00:10:09.874+0000] {processor.py:914} INFO - Processing file /home/airflow/.local/lib/python3.12/site-packages/airflow/example_dags/example_bash_operator.py for tasks to queue
[2024-11-13T00:10:09.875+0000] {logging_mixin.py:190} INFO - [2024-11-13T00:10:09.875+0000] {dagbag.py:588} INFO - Filling up the DagBag from /home/airflow/.local/lib/python3.12/site-packages/airflow/example_dags/example_bash_operator.py
[2024-11-13T00:10:09.893+0000] {processor.py:925} INFO - DAG(s) 'example_bash_operator' retrieved from /home/airflow/.local/lib/python3.12/site-packages/airflow/example_dags/example_bash_operator.py
[2024-11-13T00:10:09.926+0000] {logging_mixin.py:190} INFO - [2024-11-13T00:10:09.925+0000] {dag.py:3239} INFO - Sync 1 DAGs
[2024-11-13T00:10:09.952+0000] {logging_mixin.py:190} INFO - [2024-11-13T00:10:09.951+0000] {dag.py:4180} INFO - Setting next_dagrun for example_bash_operator to 2024-11-12 00:00:00+00:00, run_after=2024-11-13 00:00:00+00:00
[2024-11-13T00:10:09.976+0000] {processor.py:208} INFO - Processing /home/airflow/.local/lib/python3.12/site-packages/airflow/example_dags/example_bash_operator.py took 0.114 seconds
[2024-11-13T00:10:40.423+0000] {processor.py:186} INFO - Started process (PID=12199) to work on /home/airflow/.local/lib/python3.12/site-packages/airflow/example_dags/example_bash_operator.py
[2024-11-13T00:10:40.424+0000] {processor.py:914} INFO - Processing file /home/airflow/.local/lib/python3.12/site-packages/airflow/example_dags/example_bash_operator.py for tasks to queue
[2024-11-13T00:10:40.426+0000] {logging_mixin.py:190} INFO - [2024-11-13T00:10:40.425+0000] {dagbag.py:588} INFO - Filling up the DagBag from /home/airflow/.local/lib/python3.12/site-packages/airflow/example_dags/example_bash_operator.py
[2024-11-13T00:10:40.443+0000] {processor.py:925} INFO - DAG(s) 'example_bash_operator' retrieved from /home/airflow/.local/lib/python3.12/site-packages/airflow/example_dags/example_bash_operator.py
[2024-11-13T00:10:40.475+0000] {logging_mixin.py:190} INFO - [2024-11-13T00:10:40.475+0000] {dag.py:3239} INFO - Sync 1 DAGs
[2024-11-13T00:10:40.504+0000] {logging_mixin.py:190} INFO - [2024-11-13T00:10:40.504+0000] {dag.py:4180} INFO - Setting next_dagrun for example_bash_operator to 2024-11-12 00:00:00+00:00, run_after=2024-11-13 00:00:00+00:00
[2024-11-13T00:10:40.529+0000] {processor.py:208} INFO - Processing /home/airflow/.local/lib/python3.12/site-packages/airflow/example_dags/example_bash_operator.py took 0.113 seconds
[2024-11-13T00:11:10.681+0000] {processor.py:186} INFO - Started process (PID=12263) to work on /home/airflow/.local/lib/python3.12/site-packages/airflow/example_dags/example_bash_operator.py
[2024-11-13T00:11:10.682+0000] {processor.py:914} INFO - Processing file /home/airflow/.local/lib/python3.12/site-packages/airflow/example_dags/example_bash_operator.py for tasks to queue
[2024-11-13T00:11:10.683+0000] {logging_mixin.py:190} INFO - [2024-11-13T00:11:10.683+0000] {dagbag.py:588} INFO - Filling up the DagBag from /home/airflow/.local/lib/python3.12/site-packages/airflow/example_dags/example_bash_operator.py
[2024-11-13T00:11:10.702+0000] {processor.py:925} INFO - DAG(s) 'example_bash_operator' retrieved from /home/airflow/.local/lib/python3.12/site-packages/airflow/example_dags/example_bash_operator.py
[2024-11-13T00:11:10.743+0000] {logging_mixin.py:190} INFO - [2024-11-13T00:11:10.741+0000] {dag.py:3239} INFO - Sync 1 DAGs
[2024-11-13T00:11:10.791+0000] {logging_mixin.py:190} INFO - [2024-11-13T00:11:10.790+0000] {dag.py:4180} INFO - Setting next_dagrun for example_bash_operator to 2024-11-12 00:00:00+00:00, run_after=2024-11-13 00:00:00+00:00
[2024-11-13T00:11:10.817+0000] {processor.py:208} INFO - Processing /home/airflow/.local/lib/python3.12/site-packages/airflow/example_dags/example_bash_operator.py took 0.143 seconds
[2024-11-13T00:11:40.874+0000] {processor.py:186} INFO - Started process (PID=12327) to work on /home/airflow/.local/lib/python3.12/site-packages/airflow/example_dags/example_bash_operator.py
[2024-11-13T00:11:40.875+0000] {processor.py:914} INFO - Processing file /home/airflow/.local/lib/python3.12/site-packages/airflow/example_dags/example_bash_operator.py for tasks to queue
[2024-11-13T00:11:40.877+0000] {logging_mixin.py:190} INFO - [2024-11-13T00:11:40.876+0000] {dagbag.py:588} INFO - Filling up the DagBag from /home/airflow/.local/lib/python3.12/site-packages/airflow/example_dags/example_bash_operator.py
[2024-11-13T00:11:40.895+0000] {processor.py:925} INFO - DAG(s) 'example_bash_operator' retrieved from /home/airflow/.local/lib/python3.12/site-packages/airflow/example_dags/example_bash_operator.py
[2024-11-13T00:11:40.927+0000] {logging_mixin.py:190} INFO - [2024-11-13T00:11:40.927+0000] {dag.py:3239} INFO - Sync 1 DAGs
[2024-11-13T00:11:40.952+0000] {logging_mixin.py:190} INFO - [2024-11-13T00:11:40.951+0000] {dag.py:4180} INFO - Setting next_dagrun for example_bash_operator to 2024-11-12 00:00:00+00:00, run_after=2024-11-13 00:00:00+00:00
[2024-11-13T00:11:40.977+0000] {processor.py:208} INFO - Processing /home/airflow/.local/lib/python3.12/site-packages/airflow/example_dags/example_bash_operator.py took 0.114 seconds
[2024-11-13T00:12:11.490+0000] {processor.py:186} INFO - Started process (PID=12391) to work on /home/airflow/.local/lib/python3.12/site-packages/airflow/example_dags/example_bash_operator.py
[2024-11-13T00:12:11.491+0000] {processor.py:914} INFO - Processing file /home/airflow/.local/lib/python3.12/site-packages/airflow/example_dags/example_bash_operator.py for tasks to queue
[2024-11-13T00:12:11.492+0000] {logging_mixin.py:190} INFO - [2024-11-13T00:12:11.492+0000] {dagbag.py:588} INFO - Filling up the DagBag from /home/airflow/.local/lib/python3.12/site-packages/airflow/example_dags/example_bash_operator.py
[2024-11-13T00:12:11.506+0000] {processor.py:925} INFO - DAG(s) 'example_bash_operator' retrieved from /home/airflow/.local/lib/python3.12/site-packages/airflow/example_dags/example_bash_operator.py
[2024-11-13T00:12:11.536+0000] {logging_mixin.py:190} INFO - [2024-11-13T00:12:11.535+0000] {dag.py:3239} INFO - Sync 1 DAGs
[2024-11-13T00:12:11.570+0000] {logging_mixin.py:190} INFO - [2024-11-13T00:12:11.570+0000] {dag.py:4180} INFO - Setting next_dagrun for example_bash_operator to 2024-11-12 00:00:00+00:00, run_after=2024-11-13 00:00:00+00:00
[2024-11-13T00:12:11.596+0000] {processor.py:208} INFO - Processing /home/airflow/.local/lib/python3.12/site-packages/airflow/example_dags/example_bash_operator.py took 0.114 seconds
[2024-11-13T00:12:42.129+0000] {processor.py:186} INFO - Started process (PID=12455) to work on /home/airflow/.local/lib/python3.12/site-packages/airflow/example_dags/example_bash_operator.py
[2024-11-13T00:12:42.130+0000] {processor.py:914} INFO - Processing file /home/airflow/.local/lib/python3.12/site-packages/airflow/example_dags/example_bash_operator.py for tasks to queue
[2024-11-13T00:12:42.132+0000] {logging_mixin.py:190} INFO - [2024-11-13T00:12:42.132+0000] {dagbag.py:588} INFO - Filling up the DagBag from /home/airflow/.local/lib/python3.12/site-packages/airflow/example_dags/example_bash_operator.py
[2024-11-13T00:12:42.146+0000] {processor.py:925} INFO - DAG(s) 'example_bash_operator' retrieved from /home/airflow/.local/lib/python3.12/site-packages/airflow/example_dags/example_bash_operator.py
[2024-11-13T00:12:42.173+0000] {logging_mixin.py:190} INFO - [2024-11-13T00:12:42.173+0000] {dag.py:3239} INFO - Sync 1 DAGs
[2024-11-13T00:12:42.202+0000] {logging_mixin.py:190} INFO - [2024-11-13T00:12:42.201+0000] {dag.py:4180} INFO - Setting next_dagrun for example_bash_operator to 2024-11-12 00:00:00+00:00, run_after=2024-11-13 00:00:00+00:00
[2024-11-13T00:12:42.227+0000] {processor.py:208} INFO - Processing /home/airflow/.local/lib/python3.12/site-packages/airflow/example_dags/example_bash_operator.py took 0.106 seconds
[2024-11-13T00:13:13.132+0000] {processor.py:186} INFO - Started process (PID=12519) to work on /home/airflow/.local/lib/python3.12/site-packages/airflow/example_dags/example_bash_operator.py
[2024-11-13T00:13:13.134+0000] {processor.py:914} INFO - Processing file /home/airflow/.local/lib/python3.12/site-packages/airflow/example_dags/example_bash_operator.py for tasks to queue
[2024-11-13T00:13:13.136+0000] {logging_mixin.py:190} INFO - [2024-11-13T00:13:13.135+0000] {dagbag.py:588} INFO - Filling up the DagBag from /home/airflow/.local/lib/python3.12/site-packages/airflow/example_dags/example_bash_operator.py
[2024-11-13T00:13:13.155+0000] {processor.py:925} INFO - DAG(s) 'example_bash_operator' retrieved from /home/airflow/.local/lib/python3.12/site-packages/airflow/example_dags/example_bash_operator.py
[2024-11-13T00:13:13.193+0000] {logging_mixin.py:190} INFO - [2024-11-13T00:13:13.193+0000] {dag.py:3239} INFO - Sync 1 DAGs
[2024-11-13T00:13:13.228+0000] {logging_mixin.py:190} INFO - [2024-11-13T00:13:13.228+0000] {dag.py:4180} INFO - Setting next_dagrun for example_bash_operator to 2024-11-12 00:00:00+00:00, run_after=2024-11-13 00:00:00+00:00
[2024-11-13T00:13:13.255+0000] {processor.py:208} INFO - Processing /home/airflow/.local/lib/python3.12/site-packages/airflow/example_dags/example_bash_operator.py took 0.132 seconds
[2024-11-13T00:13:43.560+0000] {processor.py:186} INFO - Started process (PID=12582) to work on /home/airflow/.local/lib/python3.12/site-packages/airflow/example_dags/example_bash_operator.py
[2024-11-13T00:13:43.561+0000] {processor.py:914} INFO - Processing file /home/airflow/.local/lib/python3.12/site-packages/airflow/example_dags/example_bash_operator.py for tasks to queue
[2024-11-13T00:13:43.563+0000] {logging_mixin.py:190} INFO - [2024-11-13T00:13:43.562+0000] {dagbag.py:588} INFO - Filling up the DagBag from /home/airflow/.local/lib/python3.12/site-packages/airflow/example_dags/example_bash_operator.py
[2024-11-13T00:13:43.577+0000] {processor.py:925} INFO - DAG(s) 'example_bash_operator' retrieved from /home/airflow/.local/lib/python3.12/site-packages/airflow/example_dags/example_bash_operator.py
[2024-11-13T00:13:43.607+0000] {logging_mixin.py:190} INFO - [2024-11-13T00:13:43.606+0000] {dag.py:3239} INFO - Sync 1 DAGs
[2024-11-13T00:13:43.634+0000] {logging_mixin.py:190} INFO - [2024-11-13T00:13:43.634+0000] {dag.py:4180} INFO - Setting next_dagrun for example_bash_operator to 2024-11-12 00:00:00+00:00, run_after=2024-11-13 00:00:00+00:00
[2024-11-13T00:13:43.660+0000] {processor.py:208} INFO - Processing /home/airflow/.local/lib/python3.12/site-packages/airflow/example_dags/example_bash_operator.py took 0.109 seconds
[2024-11-13T00:14:13.852+0000] {processor.py:186} INFO - Started process (PID=12646) to work on /home/airflow/.local/lib/python3.12/site-packages/airflow/example_dags/example_bash_operator.py
[2024-11-13T00:14:13.853+0000] {processor.py:914} INFO - Processing file /home/airflow/.local/lib/python3.12/site-packages/airflow/example_dags/example_bash_operator.py for tasks to queue
[2024-11-13T00:14:13.854+0000] {logging_mixin.py:190} INFO - [2024-11-13T00:14:13.854+0000] {dagbag.py:588} INFO - Filling up the DagBag from /home/airflow/.local/lib/python3.12/site-packages/airflow/example_dags/example_bash_operator.py
[2024-11-13T00:14:13.870+0000] {processor.py:925} INFO - DAG(s) 'example_bash_operator' retrieved from /home/airflow/.local/lib/python3.12/site-packages/airflow/example_dags/example_bash_operator.py
[2024-11-13T00:14:13.898+0000] {logging_mixin.py:190} INFO - [2024-11-13T00:14:13.898+0000] {dag.py:3239} INFO - Sync 1 DAGs
[2024-11-13T00:14:13.928+0000] {logging_mixin.py:190} INFO - [2024-11-13T00:14:13.927+0000] {dag.py:4180} INFO - Setting next_dagrun for example_bash_operator to 2024-11-12 00:00:00+00:00, run_after=2024-11-13 00:00:00+00:00
[2024-11-13T00:14:13.951+0000] {processor.py:208} INFO - Processing /home/airflow/.local/lib/python3.12/site-packages/airflow/example_dags/example_bash_operator.py took 0.107 seconds
[2024-11-13T00:14:44.202+0000] {processor.py:186} INFO - Started process (PID=12710) to work on /home/airflow/.local/lib/python3.12/site-packages/airflow/example_dags/example_bash_operator.py
[2024-11-13T00:14:44.203+0000] {processor.py:914} INFO - Processing file /home/airflow/.local/lib/python3.12/site-packages/airflow/example_dags/example_bash_operator.py for tasks to queue
[2024-11-13T00:14:44.204+0000] {logging_mixin.py:190} INFO - [2024-11-13T00:14:44.204+0000] {dagbag.py:588} INFO - Filling up the DagBag from /home/airflow/.local/lib/python3.12/site-packages/airflow/example_dags/example_bash_operator.py
[2024-11-13T00:14:44.219+0000] {processor.py:925} INFO - DAG(s) 'example_bash_operator' retrieved from /home/airflow/.local/lib/python3.12/site-packages/airflow/example_dags/example_bash_operator.py
[2024-11-13T00:14:44.247+0000] {logging_mixin.py:190} INFO - [2024-11-13T00:14:44.247+0000] {dag.py:3239} INFO - Sync 1 DAGs
[2024-11-13T00:14:44.273+0000] {logging_mixin.py:190} INFO - [2024-11-13T00:14:44.272+0000] {dag.py:4180} INFO - Setting next_dagrun for example_bash_operator to 2024-11-12 00:00:00+00:00, run_after=2024-11-13 00:00:00+00:00
[2024-11-13T00:14:44.294+0000] {processor.py:208} INFO - Processing /home/airflow/.local/lib/python3.12/site-packages/airflow/example_dags/example_bash_operator.py took 0.102 seconds
[2024-11-13T00:15:14.704+0000] {processor.py:186} INFO - Started process (PID=12774) to work on /home/airflow/.local/lib/python3.12/site-packages/airflow/example_dags/example_bash_operator.py
[2024-11-13T00:15:14.704+0000] {processor.py:914} INFO - Processing file /home/airflow/.local/lib/python3.12/site-packages/airflow/example_dags/example_bash_operator.py for tasks to queue
[2024-11-13T00:15:14.706+0000] {logging_mixin.py:190} INFO - [2024-11-13T00:15:14.706+0000] {dagbag.py:588} INFO - Filling up the DagBag from /home/airflow/.local/lib/python3.12/site-packages/airflow/example_dags/example_bash_operator.py
[2024-11-13T00:15:14.723+0000] {processor.py:925} INFO - DAG(s) 'example_bash_operator' retrieved from /home/airflow/.local/lib/python3.12/site-packages/airflow/example_dags/example_bash_operator.py
[2024-11-13T00:15:14.751+0000] {logging_mixin.py:190} INFO - [2024-11-13T00:15:14.751+0000] {dag.py:3239} INFO - Sync 1 DAGs
[2024-11-13T00:15:14.776+0000] {logging_mixin.py:190} INFO - [2024-11-13T00:15:14.776+0000] {dag.py:4180} INFO - Setting next_dagrun for example_bash_operator to 2024-11-12 00:00:00+00:00, run_after=2024-11-13 00:00:00+00:00
[2024-11-13T00:15:14.797+0000] {processor.py:208} INFO - Processing /home/airflow/.local/lib/python3.12/site-packages/airflow/example_dags/example_bash_operator.py took 0.102 seconds
[2024-11-13T00:15:45.119+0000] {processor.py:186} INFO - Started process (PID=12838) to work on /home/airflow/.local/lib/python3.12/site-packages/airflow/example_dags/example_bash_operator.py
[2024-11-13T00:15:45.120+0000] {processor.py:914} INFO - Processing file /home/airflow/.local/lib/python3.12/site-packages/airflow/example_dags/example_bash_operator.py for tasks to queue
[2024-11-13T00:15:45.122+0000] {logging_mixin.py:190} INFO - [2024-11-13T00:15:45.122+0000] {dagbag.py:588} INFO - Filling up the DagBag from /home/airflow/.local/lib/python3.12/site-packages/airflow/example_dags/example_bash_operator.py
[2024-11-13T00:15:45.145+0000] {processor.py:925} INFO - DAG(s) 'example_bash_operator' retrieved from /home/airflow/.local/lib/python3.12/site-packages/airflow/example_dags/example_bash_operator.py
[2024-11-13T00:15:45.187+0000] {logging_mixin.py:190} INFO - [2024-11-13T00:15:45.187+0000] {dag.py:3239} INFO - Sync 1 DAGs
[2024-11-13T00:15:45.224+0000] {logging_mixin.py:190} INFO - [2024-11-13T00:15:45.224+0000] {dag.py:4180} INFO - Setting next_dagrun for example_bash_operator to 2024-11-12 00:00:00+00:00, run_after=2024-11-13 00:00:00+00:00
[2024-11-13T00:15:45.259+0000] {processor.py:208} INFO - Processing /home/airflow/.local/lib/python3.12/site-packages/airflow/example_dags/example_bash_operator.py took 0.153 seconds
[2024-11-13T00:16:15.941+0000] {processor.py:186} INFO - Started process (PID=12903) to work on /home/airflow/.local/lib/python3.12/site-packages/airflow/example_dags/example_bash_operator.py
[2024-11-13T00:16:15.942+0000] {processor.py:914} INFO - Processing file /home/airflow/.local/lib/python3.12/site-packages/airflow/example_dags/example_bash_operator.py for tasks to queue
[2024-11-13T00:16:15.943+0000] {logging_mixin.py:190} INFO - [2024-11-13T00:16:15.943+0000] {dagbag.py:588} INFO - Filling up the DagBag from /home/airflow/.local/lib/python3.12/site-packages/airflow/example_dags/example_bash_operator.py
[2024-11-13T00:16:15.956+0000] {processor.py:925} INFO - DAG(s) 'example_bash_operator' retrieved from /home/airflow/.local/lib/python3.12/site-packages/airflow/example_dags/example_bash_operator.py
[2024-11-13T00:16:15.982+0000] {logging_mixin.py:190} INFO - [2024-11-13T00:16:15.982+0000] {dag.py:3239} INFO - Sync 1 DAGs
[2024-11-13T00:16:16.009+0000] {logging_mixin.py:190} INFO - [2024-11-13T00:16:16.009+0000] {dag.py:4180} INFO - Setting next_dagrun for example_bash_operator to 2024-11-12 00:00:00+00:00, run_after=2024-11-13 00:00:00+00:00
[2024-11-13T00:16:16.152+0000] {processor.py:208} INFO - Processing /home/airflow/.local/lib/python3.12/site-packages/airflow/example_dags/example_bash_operator.py took 0.218 seconds
[2024-11-13T00:16:46.499+0000] {processor.py:186} INFO - Started process (PID=12967) to work on /home/airflow/.local/lib/python3.12/site-packages/airflow/example_dags/example_bash_operator.py
[2024-11-13T00:16:46.500+0000] {processor.py:914} INFO - Processing file /home/airflow/.local/lib/python3.12/site-packages/airflow/example_dags/example_bash_operator.py for tasks to queue
[2024-11-13T00:16:46.502+0000] {logging_mixin.py:190} INFO - [2024-11-13T00:16:46.501+0000] {dagbag.py:588} INFO - Filling up the DagBag from /home/airflow/.local/lib/python3.12/site-packages/airflow/example_dags/example_bash_operator.py
[2024-11-13T00:16:46.522+0000] {processor.py:925} INFO - DAG(s) 'example_bash_operator' retrieved from /home/airflow/.local/lib/python3.12/site-packages/airflow/example_dags/example_bash_operator.py
[2024-11-13T00:16:46.579+0000] {logging_mixin.py:190} INFO - [2024-11-13T00:16:46.578+0000] {dag.py:3239} INFO - Sync 1 DAGs
[2024-11-13T00:16:46.616+0000] {logging_mixin.py:190} INFO - [2024-11-13T00:16:46.616+0000] {dag.py:4180} INFO - Setting next_dagrun for example_bash_operator to 2024-11-12 00:00:00+00:00, run_after=2024-11-13 00:00:00+00:00
[2024-11-13T00:16:46.652+0000] {processor.py:208} INFO - Processing /home/airflow/.local/lib/python3.12/site-packages/airflow/example_dags/example_bash_operator.py took 0.164 seconds
[2024-11-13T00:17:17.199+0000] {processor.py:186} INFO - Started process (PID=13031) to work on /home/airflow/.local/lib/python3.12/site-packages/airflow/example_dags/example_bash_operator.py
[2024-11-13T00:17:17.200+0000] {processor.py:914} INFO - Processing file /home/airflow/.local/lib/python3.12/site-packages/airflow/example_dags/example_bash_operator.py for tasks to queue
[2024-11-13T00:17:17.202+0000] {logging_mixin.py:190} INFO - [2024-11-13T00:17:17.202+0000] {dagbag.py:588} INFO - Filling up the DagBag from /home/airflow/.local/lib/python3.12/site-packages/airflow/example_dags/example_bash_operator.py
[2024-11-13T00:17:17.222+0000] {processor.py:925} INFO - DAG(s) 'example_bash_operator' retrieved from /home/airflow/.local/lib/python3.12/site-packages/airflow/example_dags/example_bash_operator.py
[2024-11-13T00:17:17.255+0000] {logging_mixin.py:190} INFO - [2024-11-13T00:17:17.255+0000] {dag.py:3239} INFO - Sync 1 DAGs
[2024-11-13T00:17:17.286+0000] {logging_mixin.py:190} INFO - [2024-11-13T00:17:17.285+0000] {dag.py:4180} INFO - Setting next_dagrun for example_bash_operator to 2024-11-12 00:00:00+00:00, run_after=2024-11-13 00:00:00+00:00
[2024-11-13T00:17:17.324+0000] {processor.py:208} INFO - Processing /home/airflow/.local/lib/python3.12/site-packages/airflow/example_dags/example_bash_operator.py took 0.134 seconds
[2024-11-13T00:17:47.514+0000] {processor.py:186} INFO - Started process (PID=13095) to work on /home/airflow/.local/lib/python3.12/site-packages/airflow/example_dags/example_bash_operator.py
[2024-11-13T00:17:47.515+0000] {processor.py:914} INFO - Processing file /home/airflow/.local/lib/python3.12/site-packages/airflow/example_dags/example_bash_operator.py for tasks to queue
[2024-11-13T00:17:47.516+0000] {logging_mixin.py:190} INFO - [2024-11-13T00:17:47.516+0000] {dagbag.py:588} INFO - Filling up the DagBag from /home/airflow/.local/lib/python3.12/site-packages/airflow/example_dags/example_bash_operator.py
[2024-11-13T00:17:47.530+0000] {processor.py:925} INFO - DAG(s) 'example_bash_operator' retrieved from /home/airflow/.local/lib/python3.12/site-packages/airflow/example_dags/example_bash_operator.py
[2024-11-13T00:17:47.563+0000] {logging_mixin.py:190} INFO - [2024-11-13T00:17:47.563+0000] {dag.py:3239} INFO - Sync 1 DAGs
[2024-11-13T00:17:47.591+0000] {logging_mixin.py:190} INFO - [2024-11-13T00:17:47.591+0000] {dag.py:4180} INFO - Setting next_dagrun for example_bash_operator to 2024-11-12 00:00:00+00:00, run_after=2024-11-13 00:00:00+00:00
[2024-11-13T00:17:47.653+0000] {processor.py:208} INFO - Processing /home/airflow/.local/lib/python3.12/site-packages/airflow/example_dags/example_bash_operator.py took 0.147 seconds
[2024-11-13T00:18:19.239+0000] {processor.py:186} INFO - Started process (PID=13159) to work on /home/airflow/.local/lib/python3.12/site-packages/airflow/example_dags/example_bash_operator.py
[2024-11-13T00:18:19.248+0000] {processor.py:914} INFO - Processing file /home/airflow/.local/lib/python3.12/site-packages/airflow/example_dags/example_bash_operator.py for tasks to queue
[2024-11-13T00:18:19.279+0000] {logging_mixin.py:190} INFO - [2024-11-13T00:18:19.271+0000] {dagbag.py:588} INFO - Filling up the DagBag from /home/airflow/.local/lib/python3.12/site-packages/airflow/example_dags/example_bash_operator.py
[2024-11-13T00:18:19.349+0000] {processor.py:925} INFO - DAG(s) 'example_bash_operator' retrieved from /home/airflow/.local/lib/python3.12/site-packages/airflow/example_dags/example_bash_operator.py
[2024-11-13T00:18:19.484+0000] {logging_mixin.py:190} INFO - [2024-11-13T00:18:19.484+0000] {dag.py:3239} INFO - Sync 1 DAGs
[2024-11-13T00:18:19.557+0000] {logging_mixin.py:190} INFO - [2024-11-13T00:18:19.556+0000] {dag.py:4180} INFO - Setting next_dagrun for example_bash_operator to 2024-11-12 00:00:00+00:00, run_after=2024-11-13 00:00:00+00:00
[2024-11-13T00:18:19.608+0000] {processor.py:208} INFO - Processing /home/airflow/.local/lib/python3.12/site-packages/airflow/example_dags/example_bash_operator.py took 0.391 seconds
[2024-11-13T00:18:49.947+0000] {processor.py:186} INFO - Started process (PID=13222) to work on /home/airflow/.local/lib/python3.12/site-packages/airflow/example_dags/example_bash_operator.py
[2024-11-13T00:18:49.949+0000] {processor.py:914} INFO - Processing file /home/airflow/.local/lib/python3.12/site-packages/airflow/example_dags/example_bash_operator.py for tasks to queue
[2024-11-13T00:18:49.951+0000] {logging_mixin.py:190} INFO - [2024-11-13T00:18:49.950+0000] {dagbag.py:588} INFO - Filling up the DagBag from /home/airflow/.local/lib/python3.12/site-packages/airflow/example_dags/example_bash_operator.py
[2024-11-13T00:18:49.975+0000] {processor.py:925} INFO - DAG(s) 'example_bash_operator' retrieved from /home/airflow/.local/lib/python3.12/site-packages/airflow/example_dags/example_bash_operator.py
[2024-11-13T00:18:50.019+0000] {logging_mixin.py:190} INFO - [2024-11-13T00:18:50.018+0000] {dag.py:3239} INFO - Sync 1 DAGs
[2024-11-13T00:18:50.055+0000] {logging_mixin.py:190} INFO - [2024-11-13T00:18:50.055+0000] {dag.py:4180} INFO - Setting next_dagrun for example_bash_operator to 2024-11-12 00:00:00+00:00, run_after=2024-11-13 00:00:00+00:00
[2024-11-13T00:18:50.079+0000] {processor.py:208} INFO - Processing /home/airflow/.local/lib/python3.12/site-packages/airflow/example_dags/example_bash_operator.py took 0.146 seconds
[2024-11-13T00:19:42.042+0000] {processor.py:186} INFO - Started process (PID=13304) to work on /home/airflow/.local/lib/python3.12/site-packages/airflow/example_dags/example_bash_operator.py
[2024-11-13T00:19:42.043+0000] {processor.py:914} INFO - Processing file /home/airflow/.local/lib/python3.12/site-packages/airflow/example_dags/example_bash_operator.py for tasks to queue
[2024-11-13T00:19:42.045+0000] {logging_mixin.py:190} INFO - [2024-11-13T00:19:42.045+0000] {dagbag.py:588} INFO - Filling up the DagBag from /home/airflow/.local/lib/python3.12/site-packages/airflow/example_dags/example_bash_operator.py
[2024-11-13T00:19:42.061+0000] {processor.py:925} INFO - DAG(s) 'example_bash_operator' retrieved from /home/airflow/.local/lib/python3.12/site-packages/airflow/example_dags/example_bash_operator.py
[2024-11-13T00:19:42.093+0000] {logging_mixin.py:190} INFO - [2024-11-13T00:19:42.093+0000] {dag.py:3239} INFO - Sync 1 DAGs
[2024-11-13T00:19:42.118+0000] {logging_mixin.py:190} INFO - [2024-11-13T00:19:42.118+0000] {dag.py:4180} INFO - Setting next_dagrun for example_bash_operator to 2024-11-12 00:00:00+00:00, run_after=2024-11-13 00:00:00+00:00
[2024-11-13T00:19:42.141+0000] {processor.py:208} INFO - Processing /home/airflow/.local/lib/python3.12/site-packages/airflow/example_dags/example_bash_operator.py took 0.108 seconds
[2024-11-13T00:20:14.737+0000] {processor.py:186} INFO - Started process (PID=13368) to work on /home/airflow/.local/lib/python3.12/site-packages/airflow/example_dags/example_bash_operator.py
[2024-11-13T00:20:14.738+0000] {processor.py:914} INFO - Processing file /home/airflow/.local/lib/python3.12/site-packages/airflow/example_dags/example_bash_operator.py for tasks to queue
[2024-11-13T00:20:14.740+0000] {logging_mixin.py:190} INFO - [2024-11-13T00:20:14.739+0000] {dagbag.py:588} INFO - Filling up the DagBag from /home/airflow/.local/lib/python3.12/site-packages/airflow/example_dags/example_bash_operator.py
[2024-11-13T00:20:14.762+0000] {processor.py:925} INFO - DAG(s) 'example_bash_operator' retrieved from /home/airflow/.local/lib/python3.12/site-packages/airflow/example_dags/example_bash_operator.py
[2024-11-13T00:20:14.809+0000] {logging_mixin.py:190} INFO - [2024-11-13T00:20:14.809+0000] {dag.py:3239} INFO - Sync 1 DAGs
[2024-11-13T00:20:14.862+0000] {logging_mixin.py:190} INFO - [2024-11-13T00:20:14.861+0000] {dag.py:4180} INFO - Setting next_dagrun for example_bash_operator to 2024-11-12 00:00:00+00:00, run_after=2024-11-13 00:00:00+00:00
[2024-11-13T00:20:14.924+0000] {processor.py:208} INFO - Processing /home/airflow/.local/lib/python3.12/site-packages/airflow/example_dags/example_bash_operator.py took 0.200 seconds
[2024-11-13T00:20:45.203+0000] {processor.py:186} INFO - Started process (PID=13432) to work on /home/airflow/.local/lib/python3.12/site-packages/airflow/example_dags/example_bash_operator.py
[2024-11-13T00:20:45.204+0000] {processor.py:914} INFO - Processing file /home/airflow/.local/lib/python3.12/site-packages/airflow/example_dags/example_bash_operator.py for tasks to queue
[2024-11-13T00:20:45.205+0000] {logging_mixin.py:190} INFO - [2024-11-13T00:20:45.205+0000] {dagbag.py:588} INFO - Filling up the DagBag from /home/airflow/.local/lib/python3.12/site-packages/airflow/example_dags/example_bash_operator.py
[2024-11-13T00:20:45.221+0000] {processor.py:925} INFO - DAG(s) 'example_bash_operator' retrieved from /home/airflow/.local/lib/python3.12/site-packages/airflow/example_dags/example_bash_operator.py
[2024-11-13T00:20:45.249+0000] {logging_mixin.py:190} INFO - [2024-11-13T00:20:45.249+0000] {dag.py:3239} INFO - Sync 1 DAGs
[2024-11-13T00:20:45.277+0000] {logging_mixin.py:190} INFO - [2024-11-13T00:20:45.277+0000] {dag.py:4180} INFO - Setting next_dagrun for example_bash_operator to 2024-11-12 00:00:00+00:00, run_after=2024-11-13 00:00:00+00:00
[2024-11-13T00:20:45.303+0000] {processor.py:208} INFO - Processing /home/airflow/.local/lib/python3.12/site-packages/airflow/example_dags/example_bash_operator.py took 0.109 seconds
[2024-11-13T00:21:16.160+0000] {processor.py:186} INFO - Started process (PID=13496) to work on /home/airflow/.local/lib/python3.12/site-packages/airflow/example_dags/example_bash_operator.py
[2024-11-13T00:21:16.161+0000] {processor.py:914} INFO - Processing file /home/airflow/.local/lib/python3.12/site-packages/airflow/example_dags/example_bash_operator.py for tasks to queue
[2024-11-13T00:21:16.162+0000] {logging_mixin.py:190} INFO - [2024-11-13T00:21:16.162+0000] {dagbag.py:588} INFO - Filling up the DagBag from /home/airflow/.local/lib/python3.12/site-packages/airflow/example_dags/example_bash_operator.py
[2024-11-13T00:21:16.182+0000] {processor.py:925} INFO - DAG(s) 'example_bash_operator' retrieved from /home/airflow/.local/lib/python3.12/site-packages/airflow/example_dags/example_bash_operator.py
[2024-11-13T00:21:16.216+0000] {logging_mixin.py:190} INFO - [2024-11-13T00:21:16.216+0000] {dag.py:3239} INFO - Sync 1 DAGs
[2024-11-13T00:21:16.247+0000] {logging_mixin.py:190} INFO - [2024-11-13T00:21:16.246+0000] {dag.py:4180} INFO - Setting next_dagrun for example_bash_operator to 2024-11-12 00:00:00+00:00, run_after=2024-11-13 00:00:00+00:00
[2024-11-13T00:21:16.273+0000] {processor.py:208} INFO - Processing /home/airflow/.local/lib/python3.12/site-packages/airflow/example_dags/example_bash_operator.py took 0.123 seconds
[2024-11-13T00:21:47.594+0000] {processor.py:186} INFO - Started process (PID=13560) to work on /home/airflow/.local/lib/python3.12/site-packages/airflow/example_dags/example_bash_operator.py
[2024-11-13T00:21:47.595+0000] {processor.py:914} INFO - Processing file /home/airflow/.local/lib/python3.12/site-packages/airflow/example_dags/example_bash_operator.py for tasks to queue
[2024-11-13T00:21:47.596+0000] {logging_mixin.py:190} INFO - [2024-11-13T00:21:47.596+0000] {dagbag.py:588} INFO - Filling up the DagBag from /home/airflow/.local/lib/python3.12/site-packages/airflow/example_dags/example_bash_operator.py
[2024-11-13T00:21:47.623+0000] {processor.py:925} INFO - DAG(s) 'example_bash_operator' retrieved from /home/airflow/.local/lib/python3.12/site-packages/airflow/example_dags/example_bash_operator.py
[2024-11-13T00:21:47.674+0000] {logging_mixin.py:190} INFO - [2024-11-13T00:21:47.673+0000] {dag.py:3239} INFO - Sync 1 DAGs
[2024-11-13T00:21:47.715+0000] {logging_mixin.py:190} INFO - [2024-11-13T00:21:47.715+0000] {dag.py:4180} INFO - Setting next_dagrun for example_bash_operator to 2024-11-12 00:00:00+00:00, run_after=2024-11-13 00:00:00+00:00
[2024-11-13T00:21:47.743+0000] {processor.py:208} INFO - Processing /home/airflow/.local/lib/python3.12/site-packages/airflow/example_dags/example_bash_operator.py took 0.162 seconds
[2024-11-13T00:22:18.970+0000] {processor.py:186} INFO - Started process (PID=13624) to work on /home/airflow/.local/lib/python3.12/site-packages/airflow/example_dags/example_bash_operator.py
[2024-11-13T00:22:18.971+0000] {processor.py:914} INFO - Processing file /home/airflow/.local/lib/python3.12/site-packages/airflow/example_dags/example_bash_operator.py for tasks to queue
[2024-11-13T00:22:18.972+0000] {logging_mixin.py:190} INFO - [2024-11-13T00:22:18.972+0000] {dagbag.py:588} INFO - Filling up the DagBag from /home/airflow/.local/lib/python3.12/site-packages/airflow/example_dags/example_bash_operator.py
[2024-11-13T00:22:18.990+0000] {processor.py:925} INFO - DAG(s) 'example_bash_operator' retrieved from /home/airflow/.local/lib/python3.12/site-packages/airflow/example_dags/example_bash_operator.py
[2024-11-13T00:22:19.025+0000] {logging_mixin.py:190} INFO - [2024-11-13T00:22:19.025+0000] {dag.py:3239} INFO - Sync 1 DAGs
[2024-11-13T00:22:19.059+0000] {logging_mixin.py:190} INFO - [2024-11-13T00:22:19.059+0000] {dag.py:4180} INFO - Setting next_dagrun for example_bash_operator to 2024-11-12 00:00:00+00:00, run_after=2024-11-13 00:00:00+00:00
[2024-11-13T00:22:19.087+0000] {processor.py:208} INFO - Processing /home/airflow/.local/lib/python3.12/site-packages/airflow/example_dags/example_bash_operator.py took 0.129 seconds
[2024-11-13T00:22:49.802+0000] {processor.py:186} INFO - Started process (PID=13688) to work on /home/airflow/.local/lib/python3.12/site-packages/airflow/example_dags/example_bash_operator.py
[2024-11-13T00:22:49.803+0000] {processor.py:914} INFO - Processing file /home/airflow/.local/lib/python3.12/site-packages/airflow/example_dags/example_bash_operator.py for tasks to queue
[2024-11-13T00:22:49.805+0000] {logging_mixin.py:190} INFO - [2024-11-13T00:22:49.804+0000] {dagbag.py:588} INFO - Filling up the DagBag from /home/airflow/.local/lib/python3.12/site-packages/airflow/example_dags/example_bash_operator.py
[2024-11-13T00:22:49.820+0000] {processor.py:925} INFO - DAG(s) 'example_bash_operator' retrieved from /home/airflow/.local/lib/python3.12/site-packages/airflow/example_dags/example_bash_operator.py
[2024-11-13T00:22:49.863+0000] {logging_mixin.py:190} INFO - [2024-11-13T00:22:49.863+0000] {dag.py:3239} INFO - Sync 1 DAGs
[2024-11-13T00:22:49.896+0000] {logging_mixin.py:190} INFO - [2024-11-13T00:22:49.896+0000] {dag.py:4180} INFO - Setting next_dagrun for example_bash_operator to 2024-11-12 00:00:00+00:00, run_after=2024-11-13 00:00:00+00:00
[2024-11-13T00:22:49.925+0000] {processor.py:208} INFO - Processing /home/airflow/.local/lib/python3.12/site-packages/airflow/example_dags/example_bash_operator.py took 0.131 seconds
[2024-11-13T00:23:21.069+0000] {processor.py:186} INFO - Started process (PID=13752) to work on /home/airflow/.local/lib/python3.12/site-packages/airflow/example_dags/example_bash_operator.py
[2024-11-13T00:23:21.071+0000] {processor.py:914} INFO - Processing file /home/airflow/.local/lib/python3.12/site-packages/airflow/example_dags/example_bash_operator.py for tasks to queue
[2024-11-13T00:23:21.073+0000] {logging_mixin.py:190} INFO - [2024-11-13T00:23:21.073+0000] {dagbag.py:588} INFO - Filling up the DagBag from /home/airflow/.local/lib/python3.12/site-packages/airflow/example_dags/example_bash_operator.py
[2024-11-13T00:23:21.089+0000] {processor.py:925} INFO - DAG(s) 'example_bash_operator' retrieved from /home/airflow/.local/lib/python3.12/site-packages/airflow/example_dags/example_bash_operator.py
[2024-11-13T00:23:21.119+0000] {logging_mixin.py:190} INFO - [2024-11-13T00:23:21.118+0000] {dag.py:3239} INFO - Sync 1 DAGs
[2024-11-13T00:23:21.145+0000] {logging_mixin.py:190} INFO - [2024-11-13T00:23:21.145+0000] {dag.py:4180} INFO - Setting next_dagrun for example_bash_operator to 2024-11-12 00:00:00+00:00, run_after=2024-11-13 00:00:00+00:00
[2024-11-13T00:23:21.169+0000] {processor.py:208} INFO - Processing /home/airflow/.local/lib/python3.12/site-packages/airflow/example_dags/example_bash_operator.py took 0.117 seconds
[2024-11-13T00:23:53.158+0000] {processor.py:186} INFO - Started process (PID=13818) to work on /home/airflow/.local/lib/python3.12/site-packages/airflow/example_dags/example_bash_operator.py
[2024-11-13T00:23:53.159+0000] {processor.py:914} INFO - Processing file /home/airflow/.local/lib/python3.12/site-packages/airflow/example_dags/example_bash_operator.py for tasks to queue
[2024-11-13T00:23:53.161+0000] {logging_mixin.py:190} INFO - [2024-11-13T00:23:53.161+0000] {dagbag.py:588} INFO - Filling up the DagBag from /home/airflow/.local/lib/python3.12/site-packages/airflow/example_dags/example_bash_operator.py
[2024-11-13T00:23:53.179+0000] {processor.py:925} INFO - DAG(s) 'example_bash_operator' retrieved from /home/airflow/.local/lib/python3.12/site-packages/airflow/example_dags/example_bash_operator.py
[2024-11-13T00:23:53.209+0000] {logging_mixin.py:190} INFO - [2024-11-13T00:23:53.209+0000] {dag.py:3239} INFO - Sync 1 DAGs
[2024-11-13T00:23:53.236+0000] {logging_mixin.py:190} INFO - [2024-11-13T00:23:53.236+0000] {dag.py:4180} INFO - Setting next_dagrun for example_bash_operator to 2024-11-12 00:00:00+00:00, run_after=2024-11-13 00:00:00+00:00
[2024-11-13T00:23:53.262+0000] {processor.py:208} INFO - Processing /home/airflow/.local/lib/python3.12/site-packages/airflow/example_dags/example_bash_operator.py took 0.113 seconds
[2024-11-13T00:24:24.213+0000] {processor.py:186} INFO - Started process (PID=13882) to work on /home/airflow/.local/lib/python3.12/site-packages/airflow/example_dags/example_bash_operator.py
[2024-11-13T00:24:24.214+0000] {processor.py:914} INFO - Processing file /home/airflow/.local/lib/python3.12/site-packages/airflow/example_dags/example_bash_operator.py for tasks to queue
[2024-11-13T00:24:24.216+0000] {logging_mixin.py:190} INFO - [2024-11-13T00:24:24.215+0000] {dagbag.py:588} INFO - Filling up the DagBag from /home/airflow/.local/lib/python3.12/site-packages/airflow/example_dags/example_bash_operator.py
[2024-11-13T00:24:24.231+0000] {processor.py:925} INFO - DAG(s) 'example_bash_operator' retrieved from /home/airflow/.local/lib/python3.12/site-packages/airflow/example_dags/example_bash_operator.py
[2024-11-13T00:24:24.261+0000] {logging_mixin.py:190} INFO - [2024-11-13T00:24:24.260+0000] {dag.py:3239} INFO - Sync 1 DAGs
[2024-11-13T00:24:24.286+0000] {logging_mixin.py:190} INFO - [2024-11-13T00:24:24.285+0000] {dag.py:4180} INFO - Setting next_dagrun for example_bash_operator to 2024-11-12 00:00:00+00:00, run_after=2024-11-13 00:00:00+00:00
[2024-11-13T00:24:24.312+0000] {processor.py:208} INFO - Processing /home/airflow/.local/lib/python3.12/site-packages/airflow/example_dags/example_bash_operator.py took 0.108 seconds
[2024-11-13T00:24:55.147+0000] {processor.py:186} INFO - Started process (PID=13946) to work on /home/airflow/.local/lib/python3.12/site-packages/airflow/example_dags/example_bash_operator.py
[2024-11-13T00:24:55.148+0000] {processor.py:914} INFO - Processing file /home/airflow/.local/lib/python3.12/site-packages/airflow/example_dags/example_bash_operator.py for tasks to queue
[2024-11-13T00:24:55.149+0000] {logging_mixin.py:190} INFO - [2024-11-13T00:24:55.149+0000] {dagbag.py:588} INFO - Filling up the DagBag from /home/airflow/.local/lib/python3.12/site-packages/airflow/example_dags/example_bash_operator.py
[2024-11-13T00:24:55.170+0000] {processor.py:925} INFO - DAG(s) 'example_bash_operator' retrieved from /home/airflow/.local/lib/python3.12/site-packages/airflow/example_dags/example_bash_operator.py
[2024-11-13T00:24:55.204+0000] {logging_mixin.py:190} INFO - [2024-11-13T00:24:55.203+0000] {dag.py:3239} INFO - Sync 1 DAGs
[2024-11-13T00:24:55.446+0000] {logging_mixin.py:190} INFO - [2024-11-13T00:24:55.445+0000] {dag.py:4180} INFO - Setting next_dagrun for example_bash_operator to 2024-11-12 00:00:00+00:00, run_after=2024-11-13 00:00:00+00:00
[2024-11-13T00:24:55.473+0000] {processor.py:208} INFO - Processing /home/airflow/.local/lib/python3.12/site-packages/airflow/example_dags/example_bash_operator.py took 0.337 seconds
[2024-11-13T00:25:27.647+0000] {processor.py:186} INFO - Started process (PID=14010) to work on /home/airflow/.local/lib/python3.12/site-packages/airflow/example_dags/example_bash_operator.py
[2024-11-13T00:25:27.648+0000] {processor.py:914} INFO - Processing file /home/airflow/.local/lib/python3.12/site-packages/airflow/example_dags/example_bash_operator.py for tasks to queue
[2024-11-13T00:25:27.650+0000] {logging_mixin.py:190} INFO - [2024-11-13T00:25:27.650+0000] {dagbag.py:588} INFO - Filling up the DagBag from /home/airflow/.local/lib/python3.12/site-packages/airflow/example_dags/example_bash_operator.py
[2024-11-13T00:25:27.667+0000] {processor.py:925} INFO - DAG(s) 'example_bash_operator' retrieved from /home/airflow/.local/lib/python3.12/site-packages/airflow/example_dags/example_bash_operator.py
[2024-11-13T00:25:27.700+0000] {logging_mixin.py:190} INFO - [2024-11-13T00:25:27.699+0000] {dag.py:3239} INFO - Sync 1 DAGs
[2024-11-13T00:25:27.935+0000] {logging_mixin.py:190} INFO - [2024-11-13T00:25:27.935+0000] {dag.py:4180} INFO - Setting next_dagrun for example_bash_operator to 2024-11-12 00:00:00+00:00, run_after=2024-11-13 00:00:00+00:00
[2024-11-13T00:25:27.966+0000] {processor.py:208} INFO - Processing /home/airflow/.local/lib/python3.12/site-packages/airflow/example_dags/example_bash_operator.py took 0.331 seconds
[2024-11-13T00:25:59.546+0000] {processor.py:186} INFO - Started process (PID=14074) to work on /home/airflow/.local/lib/python3.12/site-packages/airflow/example_dags/example_bash_operator.py
[2024-11-13T00:25:59.547+0000] {processor.py:914} INFO - Processing file /home/airflow/.local/lib/python3.12/site-packages/airflow/example_dags/example_bash_operator.py for tasks to queue
[2024-11-13T00:25:59.548+0000] {logging_mixin.py:190} INFO - [2024-11-13T00:25:59.548+0000] {dagbag.py:588} INFO - Filling up the DagBag from /home/airflow/.local/lib/python3.12/site-packages/airflow/example_dags/example_bash_operator.py
[2024-11-13T00:25:59.564+0000] {processor.py:925} INFO - DAG(s) 'example_bash_operator' retrieved from /home/airflow/.local/lib/python3.12/site-packages/airflow/example_dags/example_bash_operator.py
[2024-11-13T00:25:59.594+0000] {logging_mixin.py:190} INFO - [2024-11-13T00:25:59.594+0000] {dag.py:3239} INFO - Sync 1 DAGs
[2024-11-13T00:25:59.847+0000] {logging_mixin.py:190} INFO - [2024-11-13T00:25:59.847+0000] {dag.py:4180} INFO - Setting next_dagrun for example_bash_operator to 2024-11-12 00:00:00+00:00, run_after=2024-11-13 00:00:00+00:00
[2024-11-13T00:25:59.876+0000] {processor.py:208} INFO - Processing /home/airflow/.local/lib/python3.12/site-packages/airflow/example_dags/example_bash_operator.py took 0.339 seconds
[2024-11-13T00:26:30.512+0000] {processor.py:186} INFO - Started process (PID=14138) to work on /home/airflow/.local/lib/python3.12/site-packages/airflow/example_dags/example_bash_operator.py
[2024-11-13T00:26:30.512+0000] {processor.py:914} INFO - Processing file /home/airflow/.local/lib/python3.12/site-packages/airflow/example_dags/example_bash_operator.py for tasks to queue
[2024-11-13T00:26:30.514+0000] {logging_mixin.py:190} INFO - [2024-11-13T00:26:30.513+0000] {dagbag.py:588} INFO - Filling up the DagBag from /home/airflow/.local/lib/python3.12/site-packages/airflow/example_dags/example_bash_operator.py
[2024-11-13T00:26:30.530+0000] {processor.py:925} INFO - DAG(s) 'example_bash_operator' retrieved from /home/airflow/.local/lib/python3.12/site-packages/airflow/example_dags/example_bash_operator.py
[2024-11-13T00:26:30.567+0000] {logging_mixin.py:190} INFO - [2024-11-13T00:26:30.565+0000] {dag.py:3239} INFO - Sync 1 DAGs
[2024-11-13T00:26:30.597+0000] {logging_mixin.py:190} INFO - [2024-11-13T00:26:30.596+0000] {dag.py:4180} INFO - Setting next_dagrun for example_bash_operator to 2024-11-12 00:00:00+00:00, run_after=2024-11-13 00:00:00+00:00
[2024-11-13T00:26:30.625+0000] {processor.py:208} INFO - Processing /home/airflow/.local/lib/python3.12/site-packages/airflow/example_dags/example_bash_operator.py took 0.121 seconds
[2024-11-13T00:27:01.280+0000] {processor.py:186} INFO - Started process (PID=14202) to work on /home/airflow/.local/lib/python3.12/site-packages/airflow/example_dags/example_bash_operator.py
[2024-11-13T00:27:01.282+0000] {processor.py:914} INFO - Processing file /home/airflow/.local/lib/python3.12/site-packages/airflow/example_dags/example_bash_operator.py for tasks to queue
[2024-11-13T00:27:01.286+0000] {logging_mixin.py:190} INFO - [2024-11-13T00:27:01.286+0000] {dagbag.py:588} INFO - Filling up the DagBag from /home/airflow/.local/lib/python3.12/site-packages/airflow/example_dags/example_bash_operator.py
[2024-11-13T00:27:01.305+0000] {processor.py:925} INFO - DAG(s) 'example_bash_operator' retrieved from /home/airflow/.local/lib/python3.12/site-packages/airflow/example_dags/example_bash_operator.py
[2024-11-13T00:27:01.335+0000] {logging_mixin.py:190} INFO - [2024-11-13T00:27:01.335+0000] {dag.py:3239} INFO - Sync 1 DAGs
[2024-11-13T00:27:01.364+0000] {logging_mixin.py:190} INFO - [2024-11-13T00:27:01.364+0000] {dag.py:4180} INFO - Setting next_dagrun for example_bash_operator to 2024-11-12 00:00:00+00:00, run_after=2024-11-13 00:00:00+00:00
[2024-11-13T00:27:01.385+0000] {processor.py:208} INFO - Processing /home/airflow/.local/lib/python3.12/site-packages/airflow/example_dags/example_bash_operator.py took 0.128 seconds
[2024-11-13T00:27:32.347+0000] {processor.py:186} INFO - Started process (PID=14266) to work on /home/airflow/.local/lib/python3.12/site-packages/airflow/example_dags/example_bash_operator.py
[2024-11-13T00:27:32.348+0000] {processor.py:914} INFO - Processing file /home/airflow/.local/lib/python3.12/site-packages/airflow/example_dags/example_bash_operator.py for tasks to queue
[2024-11-13T00:27:32.350+0000] {logging_mixin.py:190} INFO - [2024-11-13T00:27:32.349+0000] {dagbag.py:588} INFO - Filling up the DagBag from /home/airflow/.local/lib/python3.12/site-packages/airflow/example_dags/example_bash_operator.py
[2024-11-13T00:27:32.363+0000] {processor.py:925} INFO - DAG(s) 'example_bash_operator' retrieved from /home/airflow/.local/lib/python3.12/site-packages/airflow/example_dags/example_bash_operator.py
[2024-11-13T00:27:32.390+0000] {logging_mixin.py:190} INFO - [2024-11-13T00:27:32.390+0000] {dag.py:3239} INFO - Sync 1 DAGs
[2024-11-13T00:27:32.414+0000] {logging_mixin.py:190} INFO - [2024-11-13T00:27:32.413+0000] {dag.py:4180} INFO - Setting next_dagrun for example_bash_operator to 2024-11-12 00:00:00+00:00, run_after=2024-11-13 00:00:00+00:00
[2024-11-13T00:27:32.436+0000] {processor.py:208} INFO - Processing /home/airflow/.local/lib/python3.12/site-packages/airflow/example_dags/example_bash_operator.py took 0.097 seconds
[2024-11-13T00:28:03.054+0000] {processor.py:186} INFO - Started process (PID=14330) to work on /home/airflow/.local/lib/python3.12/site-packages/airflow/example_dags/example_bash_operator.py
[2024-11-13T00:28:03.055+0000] {processor.py:914} INFO - Processing file /home/airflow/.local/lib/python3.12/site-packages/airflow/example_dags/example_bash_operator.py for tasks to queue
[2024-11-13T00:28:03.056+0000] {logging_mixin.py:190} INFO - [2024-11-13T00:28:03.055+0000] {dagbag.py:588} INFO - Filling up the DagBag from /home/airflow/.local/lib/python3.12/site-packages/airflow/example_dags/example_bash_operator.py
[2024-11-13T00:28:03.070+0000] {processor.py:925} INFO - DAG(s) 'example_bash_operator' retrieved from /home/airflow/.local/lib/python3.12/site-packages/airflow/example_dags/example_bash_operator.py
[2024-11-13T00:28:03.101+0000] {logging_mixin.py:190} INFO - [2024-11-13T00:28:03.101+0000] {dag.py:3239} INFO - Sync 1 DAGs
[2024-11-13T00:28:03.125+0000] {logging_mixin.py:190} INFO - [2024-11-13T00:28:03.125+0000] {dag.py:4180} INFO - Setting next_dagrun for example_bash_operator to 2024-11-12 00:00:00+00:00, run_after=2024-11-13 00:00:00+00:00
[2024-11-13T00:28:03.147+0000] {processor.py:208} INFO - Processing /home/airflow/.local/lib/python3.12/site-packages/airflow/example_dags/example_bash_operator.py took 0.102 seconds
[2024-11-13T00:28:36.195+0000] {processor.py:186} INFO - Started process (PID=14394) to work on /home/airflow/.local/lib/python3.12/site-packages/airflow/example_dags/example_bash_operator.py
[2024-11-13T00:28:36.196+0000] {processor.py:914} INFO - Processing file /home/airflow/.local/lib/python3.12/site-packages/airflow/example_dags/example_bash_operator.py for tasks to queue
[2024-11-13T00:28:36.198+0000] {logging_mixin.py:190} INFO - [2024-11-13T00:28:36.197+0000] {dagbag.py:588} INFO - Filling up the DagBag from /home/airflow/.local/lib/python3.12/site-packages/airflow/example_dags/example_bash_operator.py
[2024-11-13T00:28:36.215+0000] {processor.py:925} INFO - DAG(s) 'example_bash_operator' retrieved from /home/airflow/.local/lib/python3.12/site-packages/airflow/example_dags/example_bash_operator.py
[2024-11-13T00:28:36.243+0000] {logging_mixin.py:190} INFO - [2024-11-13T00:28:36.243+0000] {dag.py:3239} INFO - Sync 1 DAGs
[2024-11-13T00:28:36.271+0000] {logging_mixin.py:190} INFO - [2024-11-13T00:28:36.271+0000] {dag.py:4180} INFO - Setting next_dagrun for example_bash_operator to 2024-11-12 00:00:00+00:00, run_after=2024-11-13 00:00:00+00:00
[2024-11-13T00:28:36.304+0000] {processor.py:208} INFO - Processing /home/airflow/.local/lib/python3.12/site-packages/airflow/example_dags/example_bash_operator.py took 0.118 seconds
[2024-11-13T00:29:07.668+0000] {processor.py:186} INFO - Started process (PID=14458) to work on /home/airflow/.local/lib/python3.12/site-packages/airflow/example_dags/example_bash_operator.py
[2024-11-13T00:29:07.669+0000] {processor.py:914} INFO - Processing file /home/airflow/.local/lib/python3.12/site-packages/airflow/example_dags/example_bash_operator.py for tasks to queue
[2024-11-13T00:29:07.671+0000] {logging_mixin.py:190} INFO - [2024-11-13T00:29:07.671+0000] {dagbag.py:588} INFO - Filling up the DagBag from /home/airflow/.local/lib/python3.12/site-packages/airflow/example_dags/example_bash_operator.py
[2024-11-13T00:29:07.686+0000] {processor.py:925} INFO - DAG(s) 'example_bash_operator' retrieved from /home/airflow/.local/lib/python3.12/site-packages/airflow/example_dags/example_bash_operator.py
[2024-11-13T00:29:07.714+0000] {logging_mixin.py:190} INFO - [2024-11-13T00:29:07.713+0000] {dag.py:3239} INFO - Sync 1 DAGs
[2024-11-13T00:29:07.750+0000] {logging_mixin.py:190} INFO - [2024-11-13T00:29:07.750+0000] {dag.py:4180} INFO - Setting next_dagrun for example_bash_operator to 2024-11-12 00:00:00+00:00, run_after=2024-11-13 00:00:00+00:00
[2024-11-13T00:29:07.772+0000] {processor.py:208} INFO - Processing /home/airflow/.local/lib/python3.12/site-packages/airflow/example_dags/example_bash_operator.py took 0.112 seconds
[2024-11-13T00:29:38.053+0000] {processor.py:186} INFO - Started process (PID=14521) to work on /home/airflow/.local/lib/python3.12/site-packages/airflow/example_dags/example_bash_operator.py
[2024-11-13T00:29:38.054+0000] {processor.py:914} INFO - Processing file /home/airflow/.local/lib/python3.12/site-packages/airflow/example_dags/example_bash_operator.py for tasks to queue
[2024-11-13T00:29:38.056+0000] {logging_mixin.py:190} INFO - [2024-11-13T00:29:38.055+0000] {dagbag.py:588} INFO - Filling up the DagBag from /home/airflow/.local/lib/python3.12/site-packages/airflow/example_dags/example_bash_operator.py
[2024-11-13T00:29:38.071+0000] {processor.py:925} INFO - DAG(s) 'example_bash_operator' retrieved from /home/airflow/.local/lib/python3.12/site-packages/airflow/example_dags/example_bash_operator.py
[2024-11-13T00:29:38.104+0000] {logging_mixin.py:190} INFO - [2024-11-13T00:29:38.103+0000] {dag.py:3239} INFO - Sync 1 DAGs
[2024-11-13T00:29:38.134+0000] {logging_mixin.py:190} INFO - [2024-11-13T00:29:38.134+0000] {dag.py:4180} INFO - Setting next_dagrun for example_bash_operator to 2024-11-12 00:00:00+00:00, run_after=2024-11-13 00:00:00+00:00
[2024-11-13T00:29:38.160+0000] {processor.py:208} INFO - Processing /home/airflow/.local/lib/python3.12/site-packages/airflow/example_dags/example_bash_operator.py took 0.116 seconds
[2024-11-13T00:30:08.392+0000] {processor.py:186} INFO - Started process (PID=14585) to work on /home/airflow/.local/lib/python3.12/site-packages/airflow/example_dags/example_bash_operator.py
[2024-11-13T00:30:08.394+0000] {processor.py:914} INFO - Processing file /home/airflow/.local/lib/python3.12/site-packages/airflow/example_dags/example_bash_operator.py for tasks to queue
[2024-11-13T00:30:08.395+0000] {logging_mixin.py:190} INFO - [2024-11-13T00:30:08.395+0000] {dagbag.py:588} INFO - Filling up the DagBag from /home/airflow/.local/lib/python3.12/site-packages/airflow/example_dags/example_bash_operator.py
[2024-11-13T00:30:08.409+0000] {processor.py:925} INFO - DAG(s) 'example_bash_operator' retrieved from /home/airflow/.local/lib/python3.12/site-packages/airflow/example_dags/example_bash_operator.py
[2024-11-13T00:30:08.439+0000] {logging_mixin.py:190} INFO - [2024-11-13T00:30:08.439+0000] {dag.py:3239} INFO - Sync 1 DAGs
[2024-11-13T00:30:08.465+0000] {logging_mixin.py:190} INFO - [2024-11-13T00:30:08.465+0000] {dag.py:4180} INFO - Setting next_dagrun for example_bash_operator to 2024-11-12 00:00:00+00:00, run_after=2024-11-13 00:00:00+00:00
[2024-11-13T00:30:08.492+0000] {processor.py:208} INFO - Processing /home/airflow/.local/lib/python3.12/site-packages/airflow/example_dags/example_bash_operator.py took 0.107 seconds
[2024-11-13T00:30:38.775+0000] {processor.py:186} INFO - Started process (PID=14649) to work on /home/airflow/.local/lib/python3.12/site-packages/airflow/example_dags/example_bash_operator.py
[2024-11-13T00:30:38.776+0000] {processor.py:914} INFO - Processing file /home/airflow/.local/lib/python3.12/site-packages/airflow/example_dags/example_bash_operator.py for tasks to queue
[2024-11-13T00:30:38.777+0000] {logging_mixin.py:190} INFO - [2024-11-13T00:30:38.777+0000] {dagbag.py:588} INFO - Filling up the DagBag from /home/airflow/.local/lib/python3.12/site-packages/airflow/example_dags/example_bash_operator.py
[2024-11-13T00:30:38.791+0000] {processor.py:925} INFO - DAG(s) 'example_bash_operator' retrieved from /home/airflow/.local/lib/python3.12/site-packages/airflow/example_dags/example_bash_operator.py
[2024-11-13T00:30:38.818+0000] {logging_mixin.py:190} INFO - [2024-11-13T00:30:38.817+0000] {dag.py:3239} INFO - Sync 1 DAGs
[2024-11-13T00:30:38.844+0000] {logging_mixin.py:190} INFO - [2024-11-13T00:30:38.844+0000] {dag.py:4180} INFO - Setting next_dagrun for example_bash_operator to 2024-11-12 00:00:00+00:00, run_after=2024-11-13 00:00:00+00:00
[2024-11-13T00:30:38.869+0000] {processor.py:208} INFO - Processing /home/airflow/.local/lib/python3.12/site-packages/airflow/example_dags/example_bash_operator.py took 0.102 seconds
[2024-11-13T00:31:09.315+0000] {processor.py:186} INFO - Started process (PID=14713) to work on /home/airflow/.local/lib/python3.12/site-packages/airflow/example_dags/example_bash_operator.py
[2024-11-13T00:31:09.316+0000] {processor.py:914} INFO - Processing file /home/airflow/.local/lib/python3.12/site-packages/airflow/example_dags/example_bash_operator.py for tasks to queue
[2024-11-13T00:31:09.318+0000] {logging_mixin.py:190} INFO - [2024-11-13T00:31:09.317+0000] {dagbag.py:588} INFO - Filling up the DagBag from /home/airflow/.local/lib/python3.12/site-packages/airflow/example_dags/example_bash_operator.py
[2024-11-13T00:31:09.333+0000] {processor.py:925} INFO - DAG(s) 'example_bash_operator' retrieved from /home/airflow/.local/lib/python3.12/site-packages/airflow/example_dags/example_bash_operator.py
[2024-11-13T00:31:09.364+0000] {logging_mixin.py:190} INFO - [2024-11-13T00:31:09.364+0000] {dag.py:3239} INFO - Sync 1 DAGs
[2024-11-13T00:31:09.390+0000] {logging_mixin.py:190} INFO - [2024-11-13T00:31:09.390+0000] {dag.py:4180} INFO - Setting next_dagrun for example_bash_operator to 2024-11-12 00:00:00+00:00, run_after=2024-11-13 00:00:00+00:00
[2024-11-13T00:31:09.412+0000] {processor.py:208} INFO - Processing /home/airflow/.local/lib/python3.12/site-packages/airflow/example_dags/example_bash_operator.py took 0.105 seconds
[2024-11-13T00:31:39.673+0000] {processor.py:186} INFO - Started process (PID=14777) to work on /home/airflow/.local/lib/python3.12/site-packages/airflow/example_dags/example_bash_operator.py
[2024-11-13T00:31:39.674+0000] {processor.py:914} INFO - Processing file /home/airflow/.local/lib/python3.12/site-packages/airflow/example_dags/example_bash_operator.py for tasks to queue
[2024-11-13T00:31:39.675+0000] {logging_mixin.py:190} INFO - [2024-11-13T00:31:39.675+0000] {dagbag.py:588} INFO - Filling up the DagBag from /home/airflow/.local/lib/python3.12/site-packages/airflow/example_dags/example_bash_operator.py
[2024-11-13T00:31:39.689+0000] {processor.py:925} INFO - DAG(s) 'example_bash_operator' retrieved from /home/airflow/.local/lib/python3.12/site-packages/airflow/example_dags/example_bash_operator.py
[2024-11-13T00:31:39.718+0000] {logging_mixin.py:190} INFO - [2024-11-13T00:31:39.718+0000] {dag.py:3239} INFO - Sync 1 DAGs
[2024-11-13T00:31:39.745+0000] {logging_mixin.py:190} INFO - [2024-11-13T00:31:39.745+0000] {dag.py:4180} INFO - Setting next_dagrun for example_bash_operator to 2024-11-12 00:00:00+00:00, run_after=2024-11-13 00:00:00+00:00
[2024-11-13T00:31:39.767+0000] {processor.py:208} INFO - Processing /home/airflow/.local/lib/python3.12/site-packages/airflow/example_dags/example_bash_operator.py took 0.101 seconds
