[2024-11-13T00:00:26.156+0000] {processor.py:186} INFO - Started process (PID=10922) to work on /home/airflow/.local/lib/python3.12/site-packages/airflow/example_dags/example_kubernetes_executor.py
[2024-11-13T00:00:26.157+0000] {processor.py:914} INFO - Processing file /home/airflow/.local/lib/python3.12/site-packages/airflow/example_dags/example_kubernetes_executor.py for tasks to queue
[2024-11-13T00:00:26.159+0000] {logging_mixin.py:190} INFO - [2024-11-13T00:00:26.158+0000] {dagbag.py:588} INFO - Filling up the DagBag from /home/airflow/.local/lib/python3.12/site-packages/airflow/example_dags/example_kubernetes_executor.py
[2024-11-13T00:00:26.188+0000] {processor.py:925} INFO - DAG(s) 'example_kubernetes_executor' retrieved from /home/airflow/.local/lib/python3.12/site-packages/airflow/example_dags/example_kubernetes_executor.py
[2024-11-13T00:00:26.245+0000] {logging_mixin.py:190} INFO - [2024-11-13T00:00:26.245+0000] {dag.py:3239} INFO - Sync 1 DAGs
[2024-11-13T00:00:26.273+0000] {logging_mixin.py:190} INFO - [2024-11-13T00:00:26.273+0000] {dag.py:4180} INFO - Setting next_dagrun for example_kubernetes_executor to None, run_after=None
[2024-11-13T00:00:26.309+0000] {processor.py:208} INFO - Processing /home/airflow/.local/lib/python3.12/site-packages/airflow/example_dags/example_kubernetes_executor.py took 0.168 seconds
[2024-11-13T00:00:57.765+0000] {processor.py:186} INFO - Started process (PID=10986) to work on /home/airflow/.local/lib/python3.12/site-packages/airflow/example_dags/example_kubernetes_executor.py
[2024-11-13T00:00:57.766+0000] {processor.py:914} INFO - Processing file /home/airflow/.local/lib/python3.12/site-packages/airflow/example_dags/example_kubernetes_executor.py for tasks to queue
[2024-11-13T00:00:57.768+0000] {logging_mixin.py:190} INFO - [2024-11-13T00:00:57.768+0000] {dagbag.py:588} INFO - Filling up the DagBag from /home/airflow/.local/lib/python3.12/site-packages/airflow/example_dags/example_kubernetes_executor.py
[2024-11-13T00:00:57.793+0000] {processor.py:925} INFO - DAG(s) 'example_kubernetes_executor' retrieved from /home/airflow/.local/lib/python3.12/site-packages/airflow/example_dags/example_kubernetes_executor.py
[2024-11-13T00:00:57.858+0000] {logging_mixin.py:190} INFO - [2024-11-13T00:00:57.858+0000] {dag.py:3239} INFO - Sync 1 DAGs
[2024-11-13T00:00:57.882+0000] {logging_mixin.py:190} INFO - [2024-11-13T00:00:57.882+0000] {dag.py:4180} INFO - Setting next_dagrun for example_kubernetes_executor to None, run_after=None
[2024-11-13T00:00:57.913+0000] {processor.py:208} INFO - Processing /home/airflow/.local/lib/python3.12/site-packages/airflow/example_dags/example_kubernetes_executor.py took 0.158 seconds
[2024-11-13T00:01:28.213+0000] {processor.py:186} INFO - Started process (PID=11050) to work on /home/airflow/.local/lib/python3.12/site-packages/airflow/example_dags/example_kubernetes_executor.py
[2024-11-13T00:01:28.214+0000] {processor.py:914} INFO - Processing file /home/airflow/.local/lib/python3.12/site-packages/airflow/example_dags/example_kubernetes_executor.py for tasks to queue
[2024-11-13T00:01:28.217+0000] {logging_mixin.py:190} INFO - [2024-11-13T00:01:28.216+0000] {dagbag.py:588} INFO - Filling up the DagBag from /home/airflow/.local/lib/python3.12/site-packages/airflow/example_dags/example_kubernetes_executor.py
[2024-11-13T00:01:28.243+0000] {processor.py:925} INFO - DAG(s) 'example_kubernetes_executor' retrieved from /home/airflow/.local/lib/python3.12/site-packages/airflow/example_dags/example_kubernetes_executor.py
[2024-11-13T00:01:28.289+0000] {logging_mixin.py:190} INFO - [2024-11-13T00:01:28.289+0000] {dag.py:3239} INFO - Sync 1 DAGs
[2024-11-13T00:01:28.331+0000] {logging_mixin.py:190} INFO - [2024-11-13T00:01:28.330+0000] {dag.py:4180} INFO - Setting next_dagrun for example_kubernetes_executor to None, run_after=None
[2024-11-13T00:01:28.357+0000] {processor.py:208} INFO - Processing /home/airflow/.local/lib/python3.12/site-packages/airflow/example_dags/example_kubernetes_executor.py took 0.154 seconds
[2024-11-13T00:02:00.917+0000] {processor.py:186} INFO - Started process (PID=11114) to work on /home/airflow/.local/lib/python3.12/site-packages/airflow/example_dags/example_kubernetes_executor.py
[2024-11-13T00:02:00.919+0000] {processor.py:914} INFO - Processing file /home/airflow/.local/lib/python3.12/site-packages/airflow/example_dags/example_kubernetes_executor.py for tasks to queue
[2024-11-13T00:02:00.921+0000] {logging_mixin.py:190} INFO - [2024-11-13T00:02:00.921+0000] {dagbag.py:588} INFO - Filling up the DagBag from /home/airflow/.local/lib/python3.12/site-packages/airflow/example_dags/example_kubernetes_executor.py
[2024-11-13T00:02:00.953+0000] {processor.py:925} INFO - DAG(s) 'example_kubernetes_executor' retrieved from /home/airflow/.local/lib/python3.12/site-packages/airflow/example_dags/example_kubernetes_executor.py
[2024-11-13T00:02:01.018+0000] {logging_mixin.py:190} INFO - [2024-11-13T00:02:01.018+0000] {dag.py:3239} INFO - Sync 1 DAGs
[2024-11-13T00:02:01.043+0000] {logging_mixin.py:190} INFO - [2024-11-13T00:02:01.043+0000] {dag.py:4180} INFO - Setting next_dagrun for example_kubernetes_executor to None, run_after=None
[2024-11-13T00:02:01.089+0000] {processor.py:208} INFO - Processing /home/airflow/.local/lib/python3.12/site-packages/airflow/example_dags/example_kubernetes_executor.py took 0.187 seconds
[2024-11-13T00:02:31.994+0000] {processor.py:186} INFO - Started process (PID=11178) to work on /home/airflow/.local/lib/python3.12/site-packages/airflow/example_dags/example_kubernetes_executor.py
[2024-11-13T00:02:31.995+0000] {processor.py:914} INFO - Processing file /home/airflow/.local/lib/python3.12/site-packages/airflow/example_dags/example_kubernetes_executor.py for tasks to queue
[2024-11-13T00:02:31.997+0000] {logging_mixin.py:190} INFO - [2024-11-13T00:02:31.996+0000] {dagbag.py:588} INFO - Filling up the DagBag from /home/airflow/.local/lib/python3.12/site-packages/airflow/example_dags/example_kubernetes_executor.py
[2024-11-13T00:02:32.018+0000] {processor.py:925} INFO - DAG(s) 'example_kubernetes_executor' retrieved from /home/airflow/.local/lib/python3.12/site-packages/airflow/example_dags/example_kubernetes_executor.py
[2024-11-13T00:02:32.072+0000] {logging_mixin.py:190} INFO - [2024-11-13T00:02:32.072+0000] {dag.py:3239} INFO - Sync 1 DAGs
[2024-11-13T00:02:32.090+0000] {logging_mixin.py:190} INFO - [2024-11-13T00:02:32.090+0000] {dag.py:4180} INFO - Setting next_dagrun for example_kubernetes_executor to None, run_after=None
[2024-11-13T00:02:32.120+0000] {processor.py:208} INFO - Processing /home/airflow/.local/lib/python3.12/site-packages/airflow/example_dags/example_kubernetes_executor.py took 0.138 seconds
[2024-11-13T00:03:03.076+0000] {processor.py:186} INFO - Started process (PID=11243) to work on /home/airflow/.local/lib/python3.12/site-packages/airflow/example_dags/example_kubernetes_executor.py
[2024-11-13T00:03:03.082+0000] {processor.py:914} INFO - Processing file /home/airflow/.local/lib/python3.12/site-packages/airflow/example_dags/example_kubernetes_executor.py for tasks to queue
[2024-11-13T00:03:03.093+0000] {logging_mixin.py:190} INFO - [2024-11-13T00:03:03.086+0000] {dagbag.py:588} INFO - Filling up the DagBag from /home/airflow/.local/lib/python3.12/site-packages/airflow/example_dags/example_kubernetes_executor.py
[2024-11-13T00:03:03.147+0000] {processor.py:925} INFO - DAG(s) 'example_kubernetes_executor' retrieved from /home/airflow/.local/lib/python3.12/site-packages/airflow/example_dags/example_kubernetes_executor.py
[2024-11-13T00:03:03.235+0000] {logging_mixin.py:190} INFO - [2024-11-13T00:03:03.234+0000] {dag.py:3239} INFO - Sync 1 DAGs
[2024-11-13T00:03:03.271+0000] {logging_mixin.py:190} INFO - [2024-11-13T00:03:03.271+0000] {dag.py:4180} INFO - Setting next_dagrun for example_kubernetes_executor to None, run_after=None
[2024-11-13T00:03:03.313+0000] {processor.py:208} INFO - Processing /home/airflow/.local/lib/python3.12/site-packages/airflow/example_dags/example_kubernetes_executor.py took 0.251 seconds
[2024-11-13T00:03:33.649+0000] {processor.py:186} INFO - Started process (PID=11306) to work on /home/airflow/.local/lib/python3.12/site-packages/airflow/example_dags/example_kubernetes_executor.py
[2024-11-13T00:03:33.650+0000] {processor.py:914} INFO - Processing file /home/airflow/.local/lib/python3.12/site-packages/airflow/example_dags/example_kubernetes_executor.py for tasks to queue
[2024-11-13T00:03:33.651+0000] {logging_mixin.py:190} INFO - [2024-11-13T00:03:33.651+0000] {dagbag.py:588} INFO - Filling up the DagBag from /home/airflow/.local/lib/python3.12/site-packages/airflow/example_dags/example_kubernetes_executor.py
[2024-11-13T00:03:33.671+0000] {processor.py:925} INFO - DAG(s) 'example_kubernetes_executor' retrieved from /home/airflow/.local/lib/python3.12/site-packages/airflow/example_dags/example_kubernetes_executor.py
[2024-11-13T00:03:33.709+0000] {logging_mixin.py:190} INFO - [2024-11-13T00:03:33.709+0000] {dag.py:3239} INFO - Sync 1 DAGs
[2024-11-13T00:03:33.728+0000] {logging_mixin.py:190} INFO - [2024-11-13T00:03:33.728+0000] {dag.py:4180} INFO - Setting next_dagrun for example_kubernetes_executor to None, run_after=None
[2024-11-13T00:03:33.752+0000] {processor.py:208} INFO - Processing /home/airflow/.local/lib/python3.12/site-packages/airflow/example_dags/example_kubernetes_executor.py took 0.111 seconds
[2024-11-13T00:04:04.248+0000] {processor.py:186} INFO - Started process (PID=11370) to work on /home/airflow/.local/lib/python3.12/site-packages/airflow/example_dags/example_kubernetes_executor.py
[2024-11-13T00:04:04.249+0000] {processor.py:914} INFO - Processing file /home/airflow/.local/lib/python3.12/site-packages/airflow/example_dags/example_kubernetes_executor.py for tasks to queue
[2024-11-13T00:04:04.251+0000] {logging_mixin.py:190} INFO - [2024-11-13T00:04:04.250+0000] {dagbag.py:588} INFO - Filling up the DagBag from /home/airflow/.local/lib/python3.12/site-packages/airflow/example_dags/example_kubernetes_executor.py
[2024-11-13T00:04:04.266+0000] {processor.py:925} INFO - DAG(s) 'example_kubernetes_executor' retrieved from /home/airflow/.local/lib/python3.12/site-packages/airflow/example_dags/example_kubernetes_executor.py
[2024-11-13T00:04:04.301+0000] {logging_mixin.py:190} INFO - [2024-11-13T00:04:04.301+0000] {dag.py:3239} INFO - Sync 1 DAGs
[2024-11-13T00:04:04.316+0000] {logging_mixin.py:190} INFO - [2024-11-13T00:04:04.316+0000] {dag.py:4180} INFO - Setting next_dagrun for example_kubernetes_executor to None, run_after=None
[2024-11-13T00:04:04.347+0000] {processor.py:208} INFO - Processing /home/airflow/.local/lib/python3.12/site-packages/airflow/example_dags/example_kubernetes_executor.py took 0.107 seconds
[2024-11-13T00:04:34.664+0000] {processor.py:186} INFO - Started process (PID=11434) to work on /home/airflow/.local/lib/python3.12/site-packages/airflow/example_dags/example_kubernetes_executor.py
[2024-11-13T00:04:34.665+0000] {processor.py:914} INFO - Processing file /home/airflow/.local/lib/python3.12/site-packages/airflow/example_dags/example_kubernetes_executor.py for tasks to queue
[2024-11-13T00:04:34.667+0000] {logging_mixin.py:190} INFO - [2024-11-13T00:04:34.666+0000] {dagbag.py:588} INFO - Filling up the DagBag from /home/airflow/.local/lib/python3.12/site-packages/airflow/example_dags/example_kubernetes_executor.py
[2024-11-13T00:04:34.681+0000] {processor.py:925} INFO - DAG(s) 'example_kubernetes_executor' retrieved from /home/airflow/.local/lib/python3.12/site-packages/airflow/example_dags/example_kubernetes_executor.py
[2024-11-13T00:04:34.737+0000] {logging_mixin.py:190} INFO - [2024-11-13T00:04:34.736+0000] {dag.py:3239} INFO - Sync 1 DAGs
[2024-11-13T00:04:34.762+0000] {logging_mixin.py:190} INFO - [2024-11-13T00:04:34.761+0000] {dag.py:4180} INFO - Setting next_dagrun for example_kubernetes_executor to None, run_after=None
[2024-11-13T00:04:34.805+0000] {processor.py:208} INFO - Processing /home/airflow/.local/lib/python3.12/site-packages/airflow/example_dags/example_kubernetes_executor.py took 0.148 seconds
[2024-11-13T00:05:05.052+0000] {processor.py:186} INFO - Started process (PID=11504) to work on /home/airflow/.local/lib/python3.12/site-packages/airflow/example_dags/example_kubernetes_executor.py
[2024-11-13T00:05:05.053+0000] {processor.py:914} INFO - Processing file /home/airflow/.local/lib/python3.12/site-packages/airflow/example_dags/example_kubernetes_executor.py for tasks to queue
[2024-11-13T00:05:05.054+0000] {logging_mixin.py:190} INFO - [2024-11-13T00:05:05.054+0000] {dagbag.py:588} INFO - Filling up the DagBag from /home/airflow/.local/lib/python3.12/site-packages/airflow/example_dags/example_kubernetes_executor.py
[2024-11-13T00:05:05.074+0000] {processor.py:925} INFO - DAG(s) 'example_kubernetes_executor' retrieved from /home/airflow/.local/lib/python3.12/site-packages/airflow/example_dags/example_kubernetes_executor.py
[2024-11-13T00:05:05.125+0000] {logging_mixin.py:190} INFO - [2024-11-13T00:05:05.124+0000] {dag.py:3239} INFO - Sync 1 DAGs
[2024-11-13T00:05:05.147+0000] {logging_mixin.py:190} INFO - [2024-11-13T00:05:05.147+0000] {dag.py:4180} INFO - Setting next_dagrun for example_kubernetes_executor to None, run_after=None
[2024-11-13T00:05:05.184+0000] {processor.py:208} INFO - Processing /home/airflow/.local/lib/python3.12/site-packages/airflow/example_dags/example_kubernetes_executor.py took 0.141 seconds
[2024-11-13T00:05:35.444+0000] {processor.py:186} INFO - Started process (PID=11569) to work on /home/airflow/.local/lib/python3.12/site-packages/airflow/example_dags/example_kubernetes_executor.py
[2024-11-13T00:05:35.445+0000] {processor.py:914} INFO - Processing file /home/airflow/.local/lib/python3.12/site-packages/airflow/example_dags/example_kubernetes_executor.py for tasks to queue
[2024-11-13T00:05:35.446+0000] {logging_mixin.py:190} INFO - [2024-11-13T00:05:35.446+0000] {dagbag.py:588} INFO - Filling up the DagBag from /home/airflow/.local/lib/python3.12/site-packages/airflow/example_dags/example_kubernetes_executor.py
[2024-11-13T00:05:35.464+0000] {processor.py:925} INFO - DAG(s) 'example_kubernetes_executor' retrieved from /home/airflow/.local/lib/python3.12/site-packages/airflow/example_dags/example_kubernetes_executor.py
[2024-11-13T00:05:35.505+0000] {logging_mixin.py:190} INFO - [2024-11-13T00:05:35.504+0000] {dag.py:3239} INFO - Sync 1 DAGs
[2024-11-13T00:05:35.519+0000] {logging_mixin.py:190} INFO - [2024-11-13T00:05:35.519+0000] {dag.py:4180} INFO - Setting next_dagrun for example_kubernetes_executor to None, run_after=None
[2024-11-13T00:05:35.543+0000] {processor.py:208} INFO - Processing /home/airflow/.local/lib/python3.12/site-packages/airflow/example_dags/example_kubernetes_executor.py took 0.107 seconds
[2024-11-13T00:06:05.996+0000] {processor.py:186} INFO - Started process (PID=11633) to work on /home/airflow/.local/lib/python3.12/site-packages/airflow/example_dags/example_kubernetes_executor.py
[2024-11-13T00:06:05.997+0000] {processor.py:914} INFO - Processing file /home/airflow/.local/lib/python3.12/site-packages/airflow/example_dags/example_kubernetes_executor.py for tasks to queue
[2024-11-13T00:06:06.000+0000] {logging_mixin.py:190} INFO - [2024-11-13T00:06:05.999+0000] {dagbag.py:588} INFO - Filling up the DagBag from /home/airflow/.local/lib/python3.12/site-packages/airflow/example_dags/example_kubernetes_executor.py
[2024-11-13T00:06:06.029+0000] {processor.py:925} INFO - DAG(s) 'example_kubernetes_executor' retrieved from /home/airflow/.local/lib/python3.12/site-packages/airflow/example_dags/example_kubernetes_executor.py
[2024-11-13T00:06:06.085+0000] {logging_mixin.py:190} INFO - [2024-11-13T00:06:06.084+0000] {dag.py:3239} INFO - Sync 1 DAGs
[2024-11-13T00:06:06.108+0000] {logging_mixin.py:190} INFO - [2024-11-13T00:06:06.108+0000] {dag.py:4180} INFO - Setting next_dagrun for example_kubernetes_executor to None, run_after=None
[2024-11-13T00:06:06.138+0000] {processor.py:208} INFO - Processing /home/airflow/.local/lib/python3.12/site-packages/airflow/example_dags/example_kubernetes_executor.py took 0.155 seconds
[2024-11-13T00:06:36.312+0000] {processor.py:186} INFO - Started process (PID=11696) to work on /home/airflow/.local/lib/python3.12/site-packages/airflow/example_dags/example_kubernetes_executor.py
[2024-11-13T00:06:36.314+0000] {processor.py:914} INFO - Processing file /home/airflow/.local/lib/python3.12/site-packages/airflow/example_dags/example_kubernetes_executor.py for tasks to queue
[2024-11-13T00:06:36.316+0000] {logging_mixin.py:190} INFO - [2024-11-13T00:06:36.316+0000] {dagbag.py:588} INFO - Filling up the DagBag from /home/airflow/.local/lib/python3.12/site-packages/airflow/example_dags/example_kubernetes_executor.py
[2024-11-13T00:06:36.349+0000] {processor.py:925} INFO - DAG(s) 'example_kubernetes_executor' retrieved from /home/airflow/.local/lib/python3.12/site-packages/airflow/example_dags/example_kubernetes_executor.py
[2024-11-13T00:06:36.433+0000] {logging_mixin.py:190} INFO - [2024-11-13T00:06:36.433+0000] {dag.py:3239} INFO - Sync 1 DAGs
[2024-11-13T00:06:36.456+0000] {logging_mixin.py:190} INFO - [2024-11-13T00:06:36.456+0000] {dag.py:4180} INFO - Setting next_dagrun for example_kubernetes_executor to None, run_after=None
[2024-11-13T00:06:36.484+0000] {processor.py:208} INFO - Processing /home/airflow/.local/lib/python3.12/site-packages/airflow/example_dags/example_kubernetes_executor.py took 0.183 seconds
[2024-11-13T00:07:06.781+0000] {processor.py:186} INFO - Started process (PID=11760) to work on /home/airflow/.local/lib/python3.12/site-packages/airflow/example_dags/example_kubernetes_executor.py
[2024-11-13T00:07:06.781+0000] {processor.py:914} INFO - Processing file /home/airflow/.local/lib/python3.12/site-packages/airflow/example_dags/example_kubernetes_executor.py for tasks to queue
[2024-11-13T00:07:06.782+0000] {logging_mixin.py:190} INFO - [2024-11-13T00:07:06.782+0000] {dagbag.py:588} INFO - Filling up the DagBag from /home/airflow/.local/lib/python3.12/site-packages/airflow/example_dags/example_kubernetes_executor.py
[2024-11-13T00:07:06.796+0000] {processor.py:925} INFO - DAG(s) 'example_kubernetes_executor' retrieved from /home/airflow/.local/lib/python3.12/site-packages/airflow/example_dags/example_kubernetes_executor.py
[2024-11-13T00:07:06.840+0000] {logging_mixin.py:190} INFO - [2024-11-13T00:07:06.839+0000] {dag.py:3239} INFO - Sync 1 DAGs
[2024-11-13T00:07:06.860+0000] {logging_mixin.py:190} INFO - [2024-11-13T00:07:06.859+0000] {dag.py:4180} INFO - Setting next_dagrun for example_kubernetes_executor to None, run_after=None
[2024-11-13T00:07:06.883+0000] {processor.py:208} INFO - Processing /home/airflow/.local/lib/python3.12/site-packages/airflow/example_dags/example_kubernetes_executor.py took 0.110 seconds
[2024-11-13T00:07:37.345+0000] {processor.py:186} INFO - Started process (PID=11824) to work on /home/airflow/.local/lib/python3.12/site-packages/airflow/example_dags/example_kubernetes_executor.py
[2024-11-13T00:07:37.346+0000] {processor.py:914} INFO - Processing file /home/airflow/.local/lib/python3.12/site-packages/airflow/example_dags/example_kubernetes_executor.py for tasks to queue
[2024-11-13T00:07:37.347+0000] {logging_mixin.py:190} INFO - [2024-11-13T00:07:37.347+0000] {dagbag.py:588} INFO - Filling up the DagBag from /home/airflow/.local/lib/python3.12/site-packages/airflow/example_dags/example_kubernetes_executor.py
[2024-11-13T00:07:37.365+0000] {processor.py:925} INFO - DAG(s) 'example_kubernetes_executor' retrieved from /home/airflow/.local/lib/python3.12/site-packages/airflow/example_dags/example_kubernetes_executor.py
[2024-11-13T00:07:37.406+0000] {logging_mixin.py:190} INFO - [2024-11-13T00:07:37.406+0000] {dag.py:3239} INFO - Sync 1 DAGs
[2024-11-13T00:07:37.422+0000] {logging_mixin.py:190} INFO - [2024-11-13T00:07:37.421+0000] {dag.py:4180} INFO - Setting next_dagrun for example_kubernetes_executor to None, run_after=None
[2024-11-13T00:07:37.445+0000] {processor.py:208} INFO - Processing /home/airflow/.local/lib/python3.12/site-packages/airflow/example_dags/example_kubernetes_executor.py took 0.109 seconds
[2024-11-13T00:08:08.522+0000] {processor.py:186} INFO - Started process (PID=11888) to work on /home/airflow/.local/lib/python3.12/site-packages/airflow/example_dags/example_kubernetes_executor.py
[2024-11-13T00:08:08.523+0000] {processor.py:914} INFO - Processing file /home/airflow/.local/lib/python3.12/site-packages/airflow/example_dags/example_kubernetes_executor.py for tasks to queue
[2024-11-13T00:08:08.524+0000] {logging_mixin.py:190} INFO - [2024-11-13T00:08:08.524+0000] {dagbag.py:588} INFO - Filling up the DagBag from /home/airflow/.local/lib/python3.12/site-packages/airflow/example_dags/example_kubernetes_executor.py
[2024-11-13T00:08:08.538+0000] {processor.py:925} INFO - DAG(s) 'example_kubernetes_executor' retrieved from /home/airflow/.local/lib/python3.12/site-packages/airflow/example_dags/example_kubernetes_executor.py
[2024-11-13T00:08:08.577+0000] {logging_mixin.py:190} INFO - [2024-11-13T00:08:08.577+0000] {dag.py:3239} INFO - Sync 1 DAGs
[2024-11-13T00:08:08.591+0000] {logging_mixin.py:190} INFO - [2024-11-13T00:08:08.590+0000] {dag.py:4180} INFO - Setting next_dagrun for example_kubernetes_executor to None, run_after=None
[2024-11-13T00:08:08.613+0000] {processor.py:208} INFO - Processing /home/airflow/.local/lib/python3.12/site-packages/airflow/example_dags/example_kubernetes_executor.py took 0.098 seconds
[2024-11-13T00:08:38.828+0000] {processor.py:186} INFO - Started process (PID=11952) to work on /home/airflow/.local/lib/python3.12/site-packages/airflow/example_dags/example_kubernetes_executor.py
[2024-11-13T00:08:38.829+0000] {processor.py:914} INFO - Processing file /home/airflow/.local/lib/python3.12/site-packages/airflow/example_dags/example_kubernetes_executor.py for tasks to queue
[2024-11-13T00:08:38.830+0000] {logging_mixin.py:190} INFO - [2024-11-13T00:08:38.830+0000] {dagbag.py:588} INFO - Filling up the DagBag from /home/airflow/.local/lib/python3.12/site-packages/airflow/example_dags/example_kubernetes_executor.py
[2024-11-13T00:08:38.843+0000] {processor.py:925} INFO - DAG(s) 'example_kubernetes_executor' retrieved from /home/airflow/.local/lib/python3.12/site-packages/airflow/example_dags/example_kubernetes_executor.py
[2024-11-13T00:08:38.878+0000] {logging_mixin.py:190} INFO - [2024-11-13T00:08:38.878+0000] {dag.py:3239} INFO - Sync 1 DAGs
[2024-11-13T00:08:38.894+0000] {logging_mixin.py:190} INFO - [2024-11-13T00:08:38.894+0000] {dag.py:4180} INFO - Setting next_dagrun for example_kubernetes_executor to None, run_after=None
[2024-11-13T00:08:38.920+0000] {processor.py:208} INFO - Processing /home/airflow/.local/lib/python3.12/site-packages/airflow/example_dags/example_kubernetes_executor.py took 0.099 seconds
[2024-11-13T00:09:09.456+0000] {processor.py:186} INFO - Started process (PID=12015) to work on /home/airflow/.local/lib/python3.12/site-packages/airflow/example_dags/example_kubernetes_executor.py
[2024-11-13T00:09:09.456+0000] {processor.py:914} INFO - Processing file /home/airflow/.local/lib/python3.12/site-packages/airflow/example_dags/example_kubernetes_executor.py for tasks to queue
[2024-11-13T00:09:09.458+0000] {logging_mixin.py:190} INFO - [2024-11-13T00:09:09.457+0000] {dagbag.py:588} INFO - Filling up the DagBag from /home/airflow/.local/lib/python3.12/site-packages/airflow/example_dags/example_kubernetes_executor.py
[2024-11-13T00:09:09.473+0000] {processor.py:925} INFO - DAG(s) 'example_kubernetes_executor' retrieved from /home/airflow/.local/lib/python3.12/site-packages/airflow/example_dags/example_kubernetes_executor.py
[2024-11-13T00:09:09.514+0000] {logging_mixin.py:190} INFO - [2024-11-13T00:09:09.514+0000] {dag.py:3239} INFO - Sync 1 DAGs
[2024-11-13T00:09:09.530+0000] {logging_mixin.py:190} INFO - [2024-11-13T00:09:09.529+0000] {dag.py:4180} INFO - Setting next_dagrun for example_kubernetes_executor to None, run_after=None
[2024-11-13T00:09:09.557+0000] {processor.py:208} INFO - Processing /home/airflow/.local/lib/python3.12/site-packages/airflow/example_dags/example_kubernetes_executor.py took 0.110 seconds
[2024-11-13T00:09:39.799+0000] {processor.py:186} INFO - Started process (PID=12079) to work on /home/airflow/.local/lib/python3.12/site-packages/airflow/example_dags/example_kubernetes_executor.py
[2024-11-13T00:09:39.800+0000] {processor.py:914} INFO - Processing file /home/airflow/.local/lib/python3.12/site-packages/airflow/example_dags/example_kubernetes_executor.py for tasks to queue
[2024-11-13T00:09:39.802+0000] {logging_mixin.py:190} INFO - [2024-11-13T00:09:39.802+0000] {dagbag.py:588} INFO - Filling up the DagBag from /home/airflow/.local/lib/python3.12/site-packages/airflow/example_dags/example_kubernetes_executor.py
[2024-11-13T00:09:39.821+0000] {processor.py:925} INFO - DAG(s) 'example_kubernetes_executor' retrieved from /home/airflow/.local/lib/python3.12/site-packages/airflow/example_dags/example_kubernetes_executor.py
[2024-11-13T00:09:39.904+0000] {logging_mixin.py:190} INFO - [2024-11-13T00:09:39.903+0000] {dag.py:3239} INFO - Sync 1 DAGs
[2024-11-13T00:09:39.930+0000] {logging_mixin.py:190} INFO - [2024-11-13T00:09:39.930+0000] {dag.py:4180} INFO - Setting next_dagrun for example_kubernetes_executor to None, run_after=None
[2024-11-13T00:09:39.972+0000] {processor.py:208} INFO - Processing /home/airflow/.local/lib/python3.12/site-packages/airflow/example_dags/example_kubernetes_executor.py took 0.184 seconds
[2024-11-13T00:10:10.471+0000] {processor.py:186} INFO - Started process (PID=12143) to work on /home/airflow/.local/lib/python3.12/site-packages/airflow/example_dags/example_kubernetes_executor.py
[2024-11-13T00:10:10.473+0000] {processor.py:914} INFO - Processing file /home/airflow/.local/lib/python3.12/site-packages/airflow/example_dags/example_kubernetes_executor.py for tasks to queue
[2024-11-13T00:10:10.474+0000] {logging_mixin.py:190} INFO - [2024-11-13T00:10:10.474+0000] {dagbag.py:588} INFO - Filling up the DagBag from /home/airflow/.local/lib/python3.12/site-packages/airflow/example_dags/example_kubernetes_executor.py
[2024-11-13T00:10:10.493+0000] {processor.py:925} INFO - DAG(s) 'example_kubernetes_executor' retrieved from /home/airflow/.local/lib/python3.12/site-packages/airflow/example_dags/example_kubernetes_executor.py
[2024-11-13T00:10:10.539+0000] {logging_mixin.py:190} INFO - [2024-11-13T00:10:10.539+0000] {dag.py:3239} INFO - Sync 1 DAGs
[2024-11-13T00:10:10.557+0000] {logging_mixin.py:190} INFO - [2024-11-13T00:10:10.557+0000] {dag.py:4180} INFO - Setting next_dagrun for example_kubernetes_executor to None, run_after=None
[2024-11-13T00:10:10.582+0000] {processor.py:208} INFO - Processing /home/airflow/.local/lib/python3.12/site-packages/airflow/example_dags/example_kubernetes_executor.py took 0.121 seconds
[2024-11-13T00:10:41.025+0000] {processor.py:186} INFO - Started process (PID=12207) to work on /home/airflow/.local/lib/python3.12/site-packages/airflow/example_dags/example_kubernetes_executor.py
[2024-11-13T00:10:41.028+0000] {processor.py:914} INFO - Processing file /home/airflow/.local/lib/python3.12/site-packages/airflow/example_dags/example_kubernetes_executor.py for tasks to queue
[2024-11-13T00:10:41.032+0000] {logging_mixin.py:190} INFO - [2024-11-13T00:10:41.030+0000] {dagbag.py:588} INFO - Filling up the DagBag from /home/airflow/.local/lib/python3.12/site-packages/airflow/example_dags/example_kubernetes_executor.py
[2024-11-13T00:10:41.050+0000] {processor.py:925} INFO - DAG(s) 'example_kubernetes_executor' retrieved from /home/airflow/.local/lib/python3.12/site-packages/airflow/example_dags/example_kubernetes_executor.py
[2024-11-13T00:10:41.092+0000] {logging_mixin.py:190} INFO - [2024-11-13T00:10:41.092+0000] {dag.py:3239} INFO - Sync 1 DAGs
[2024-11-13T00:10:41.111+0000] {logging_mixin.py:190} INFO - [2024-11-13T00:10:41.110+0000] {dag.py:4180} INFO - Setting next_dagrun for example_kubernetes_executor to None, run_after=None
[2024-11-13T00:10:41.139+0000] {processor.py:208} INFO - Processing /home/airflow/.local/lib/python3.12/site-packages/airflow/example_dags/example_kubernetes_executor.py took 0.121 seconds
[2024-11-13T00:11:11.514+0000] {processor.py:186} INFO - Started process (PID=12271) to work on /home/airflow/.local/lib/python3.12/site-packages/airflow/example_dags/example_kubernetes_executor.py
[2024-11-13T00:11:11.515+0000] {processor.py:914} INFO - Processing file /home/airflow/.local/lib/python3.12/site-packages/airflow/example_dags/example_kubernetes_executor.py for tasks to queue
[2024-11-13T00:11:11.516+0000] {logging_mixin.py:190} INFO - [2024-11-13T00:11:11.516+0000] {dagbag.py:588} INFO - Filling up the DagBag from /home/airflow/.local/lib/python3.12/site-packages/airflow/example_dags/example_kubernetes_executor.py
[2024-11-13T00:11:11.532+0000] {processor.py:925} INFO - DAG(s) 'example_kubernetes_executor' retrieved from /home/airflow/.local/lib/python3.12/site-packages/airflow/example_dags/example_kubernetes_executor.py
[2024-11-13T00:11:11.568+0000] {logging_mixin.py:190} INFO - [2024-11-13T00:11:11.568+0000] {dag.py:3239} INFO - Sync 1 DAGs
[2024-11-13T00:11:11.584+0000] {logging_mixin.py:190} INFO - [2024-11-13T00:11:11.584+0000] {dag.py:4180} INFO - Setting next_dagrun for example_kubernetes_executor to None, run_after=None
[2024-11-13T00:11:11.608+0000] {processor.py:208} INFO - Processing /home/airflow/.local/lib/python3.12/site-packages/airflow/example_dags/example_kubernetes_executor.py took 0.102 seconds
[2024-11-13T00:11:41.692+0000] {processor.py:186} INFO - Started process (PID=12335) to work on /home/airflow/.local/lib/python3.12/site-packages/airflow/example_dags/example_kubernetes_executor.py
[2024-11-13T00:11:41.693+0000] {processor.py:914} INFO - Processing file /home/airflow/.local/lib/python3.12/site-packages/airflow/example_dags/example_kubernetes_executor.py for tasks to queue
[2024-11-13T00:11:41.695+0000] {logging_mixin.py:190} INFO - [2024-11-13T00:11:41.694+0000] {dagbag.py:588} INFO - Filling up the DagBag from /home/airflow/.local/lib/python3.12/site-packages/airflow/example_dags/example_kubernetes_executor.py
[2024-11-13T00:11:41.709+0000] {processor.py:925} INFO - DAG(s) 'example_kubernetes_executor' retrieved from /home/airflow/.local/lib/python3.12/site-packages/airflow/example_dags/example_kubernetes_executor.py
[2024-11-13T00:11:41.744+0000] {logging_mixin.py:190} INFO - [2024-11-13T00:11:41.744+0000] {dag.py:3239} INFO - Sync 1 DAGs
[2024-11-13T00:11:41.760+0000] {logging_mixin.py:190} INFO - [2024-11-13T00:11:41.759+0000] {dag.py:4180} INFO - Setting next_dagrun for example_kubernetes_executor to None, run_after=None
[2024-11-13T00:11:41.783+0000] {processor.py:208} INFO - Processing /home/airflow/.local/lib/python3.12/site-packages/airflow/example_dags/example_kubernetes_executor.py took 0.099 seconds
[2024-11-13T00:12:12.155+0000] {processor.py:186} INFO - Started process (PID=12399) to work on /home/airflow/.local/lib/python3.12/site-packages/airflow/example_dags/example_kubernetes_executor.py
[2024-11-13T00:12:12.156+0000] {processor.py:914} INFO - Processing file /home/airflow/.local/lib/python3.12/site-packages/airflow/example_dags/example_kubernetes_executor.py for tasks to queue
[2024-11-13T00:12:12.157+0000] {logging_mixin.py:190} INFO - [2024-11-13T00:12:12.157+0000] {dagbag.py:588} INFO - Filling up the DagBag from /home/airflow/.local/lib/python3.12/site-packages/airflow/example_dags/example_kubernetes_executor.py
[2024-11-13T00:12:12.173+0000] {processor.py:925} INFO - DAG(s) 'example_kubernetes_executor' retrieved from /home/airflow/.local/lib/python3.12/site-packages/airflow/example_dags/example_kubernetes_executor.py
[2024-11-13T00:12:12.212+0000] {logging_mixin.py:190} INFO - [2024-11-13T00:12:12.211+0000] {dag.py:3239} INFO - Sync 1 DAGs
[2024-11-13T00:12:12.227+0000] {logging_mixin.py:190} INFO - [2024-11-13T00:12:12.226+0000] {dag.py:4180} INFO - Setting next_dagrun for example_kubernetes_executor to None, run_after=None
[2024-11-13T00:12:12.251+0000] {processor.py:208} INFO - Processing /home/airflow/.local/lib/python3.12/site-packages/airflow/example_dags/example_kubernetes_executor.py took 0.103 seconds
[2024-11-13T00:12:42.637+0000] {processor.py:186} INFO - Started process (PID=12463) to work on /home/airflow/.local/lib/python3.12/site-packages/airflow/example_dags/example_kubernetes_executor.py
[2024-11-13T00:12:42.638+0000] {processor.py:914} INFO - Processing file /home/airflow/.local/lib/python3.12/site-packages/airflow/example_dags/example_kubernetes_executor.py for tasks to queue
[2024-11-13T00:12:42.640+0000] {logging_mixin.py:190} INFO - [2024-11-13T00:12:42.639+0000] {dagbag.py:588} INFO - Filling up the DagBag from /home/airflow/.local/lib/python3.12/site-packages/airflow/example_dags/example_kubernetes_executor.py
[2024-11-13T00:12:42.654+0000] {processor.py:925} INFO - DAG(s) 'example_kubernetes_executor' retrieved from /home/airflow/.local/lib/python3.12/site-packages/airflow/example_dags/example_kubernetes_executor.py
[2024-11-13T00:12:42.691+0000] {logging_mixin.py:190} INFO - [2024-11-13T00:12:42.691+0000] {dag.py:3239} INFO - Sync 1 DAGs
[2024-11-13T00:12:42.706+0000] {logging_mixin.py:190} INFO - [2024-11-13T00:12:42.706+0000] {dag.py:4180} INFO - Setting next_dagrun for example_kubernetes_executor to None, run_after=None
[2024-11-13T00:12:42.728+0000] {processor.py:208} INFO - Processing /home/airflow/.local/lib/python3.12/site-packages/airflow/example_dags/example_kubernetes_executor.py took 0.098 seconds
[2024-11-13T00:13:14.061+0000] {processor.py:186} INFO - Started process (PID=12528) to work on /home/airflow/.local/lib/python3.12/site-packages/airflow/example_dags/example_kubernetes_executor.py
[2024-11-13T00:13:14.062+0000] {processor.py:914} INFO - Processing file /home/airflow/.local/lib/python3.12/site-packages/airflow/example_dags/example_kubernetes_executor.py for tasks to queue
[2024-11-13T00:13:14.063+0000] {logging_mixin.py:190} INFO - [2024-11-13T00:13:14.063+0000] {dagbag.py:588} INFO - Filling up the DagBag from /home/airflow/.local/lib/python3.12/site-packages/airflow/example_dags/example_kubernetes_executor.py
[2024-11-13T00:13:14.078+0000] {processor.py:925} INFO - DAG(s) 'example_kubernetes_executor' retrieved from /home/airflow/.local/lib/python3.12/site-packages/airflow/example_dags/example_kubernetes_executor.py
[2024-11-13T00:13:14.132+0000] {logging_mixin.py:190} INFO - [2024-11-13T00:13:14.130+0000] {dag.py:3239} INFO - Sync 1 DAGs
[2024-11-13T00:13:14.158+0000] {logging_mixin.py:190} INFO - [2024-11-13T00:13:14.157+0000] {dag.py:4180} INFO - Setting next_dagrun for example_kubernetes_executor to None, run_after=None
[2024-11-13T00:13:14.192+0000] {processor.py:208} INFO - Processing /home/airflow/.local/lib/python3.12/site-packages/airflow/example_dags/example_kubernetes_executor.py took 0.139 seconds
[2024-11-13T00:13:44.570+0000] {processor.py:186} INFO - Started process (PID=12591) to work on /home/airflow/.local/lib/python3.12/site-packages/airflow/example_dags/example_kubernetes_executor.py
[2024-11-13T00:13:44.571+0000] {processor.py:914} INFO - Processing file /home/airflow/.local/lib/python3.12/site-packages/airflow/example_dags/example_kubernetes_executor.py for tasks to queue
[2024-11-13T00:13:44.573+0000] {logging_mixin.py:190} INFO - [2024-11-13T00:13:44.573+0000] {dagbag.py:588} INFO - Filling up the DagBag from /home/airflow/.local/lib/python3.12/site-packages/airflow/example_dags/example_kubernetes_executor.py
[2024-11-13T00:13:44.596+0000] {processor.py:925} INFO - DAG(s) 'example_kubernetes_executor' retrieved from /home/airflow/.local/lib/python3.12/site-packages/airflow/example_dags/example_kubernetes_executor.py
[2024-11-13T00:13:44.641+0000] {logging_mixin.py:190} INFO - [2024-11-13T00:13:44.641+0000] {dag.py:3239} INFO - Sync 1 DAGs
[2024-11-13T00:13:44.657+0000] {logging_mixin.py:190} INFO - [2024-11-13T00:13:44.657+0000] {dag.py:4180} INFO - Setting next_dagrun for example_kubernetes_executor to None, run_after=None
[2024-11-13T00:13:44.682+0000] {processor.py:208} INFO - Processing /home/airflow/.local/lib/python3.12/site-packages/airflow/example_dags/example_kubernetes_executor.py took 0.124 seconds
[2024-11-13T00:14:14.803+0000] {processor.py:186} INFO - Started process (PID=12655) to work on /home/airflow/.local/lib/python3.12/site-packages/airflow/example_dags/example_kubernetes_executor.py
[2024-11-13T00:14:14.804+0000] {processor.py:914} INFO - Processing file /home/airflow/.local/lib/python3.12/site-packages/airflow/example_dags/example_kubernetes_executor.py for tasks to queue
[2024-11-13T00:14:14.805+0000] {logging_mixin.py:190} INFO - [2024-11-13T00:14:14.805+0000] {dagbag.py:588} INFO - Filling up the DagBag from /home/airflow/.local/lib/python3.12/site-packages/airflow/example_dags/example_kubernetes_executor.py
[2024-11-13T00:14:14.820+0000] {processor.py:925} INFO - DAG(s) 'example_kubernetes_executor' retrieved from /home/airflow/.local/lib/python3.12/site-packages/airflow/example_dags/example_kubernetes_executor.py
[2024-11-13T00:14:14.856+0000] {logging_mixin.py:190} INFO - [2024-11-13T00:14:14.855+0000] {dag.py:3239} INFO - Sync 1 DAGs
[2024-11-13T00:14:14.871+0000] {logging_mixin.py:190} INFO - [2024-11-13T00:14:14.871+0000] {dag.py:4180} INFO - Setting next_dagrun for example_kubernetes_executor to None, run_after=None
[2024-11-13T00:14:14.898+0000] {processor.py:208} INFO - Processing /home/airflow/.local/lib/python3.12/site-packages/airflow/example_dags/example_kubernetes_executor.py took 0.103 seconds
[2024-11-13T00:14:45.034+0000] {processor.py:186} INFO - Started process (PID=12718) to work on /home/airflow/.local/lib/python3.12/site-packages/airflow/example_dags/example_kubernetes_executor.py
[2024-11-13T00:14:45.035+0000] {processor.py:914} INFO - Processing file /home/airflow/.local/lib/python3.12/site-packages/airflow/example_dags/example_kubernetes_executor.py for tasks to queue
[2024-11-13T00:14:45.036+0000] {logging_mixin.py:190} INFO - [2024-11-13T00:14:45.036+0000] {dagbag.py:588} INFO - Filling up the DagBag from /home/airflow/.local/lib/python3.12/site-packages/airflow/example_dags/example_kubernetes_executor.py
[2024-11-13T00:14:45.050+0000] {processor.py:925} INFO - DAG(s) 'example_kubernetes_executor' retrieved from /home/airflow/.local/lib/python3.12/site-packages/airflow/example_dags/example_kubernetes_executor.py
[2024-11-13T00:14:45.093+0000] {logging_mixin.py:190} INFO - [2024-11-13T00:14:45.092+0000] {dag.py:3239} INFO - Sync 1 DAGs
[2024-11-13T00:14:45.114+0000] {logging_mixin.py:190} INFO - [2024-11-13T00:14:45.114+0000] {dag.py:4180} INFO - Setting next_dagrun for example_kubernetes_executor to None, run_after=None
[2024-11-13T00:14:45.141+0000] {processor.py:208} INFO - Processing /home/airflow/.local/lib/python3.12/site-packages/airflow/example_dags/example_kubernetes_executor.py took 0.115 seconds
[2024-11-13T00:15:15.288+0000] {processor.py:186} INFO - Started process (PID=12782) to work on /home/airflow/.local/lib/python3.12/site-packages/airflow/example_dags/example_kubernetes_executor.py
[2024-11-13T00:15:15.289+0000] {processor.py:914} INFO - Processing file /home/airflow/.local/lib/python3.12/site-packages/airflow/example_dags/example_kubernetes_executor.py for tasks to queue
[2024-11-13T00:15:15.291+0000] {logging_mixin.py:190} INFO - [2024-11-13T00:15:15.291+0000] {dagbag.py:588} INFO - Filling up the DagBag from /home/airflow/.local/lib/python3.12/site-packages/airflow/example_dags/example_kubernetes_executor.py
[2024-11-13T00:15:15.314+0000] {processor.py:925} INFO - DAG(s) 'example_kubernetes_executor' retrieved from /home/airflow/.local/lib/python3.12/site-packages/airflow/example_dags/example_kubernetes_executor.py
[2024-11-13T00:15:15.358+0000] {logging_mixin.py:190} INFO - [2024-11-13T00:15:15.357+0000] {dag.py:3239} INFO - Sync 1 DAGs
[2024-11-13T00:15:15.375+0000] {logging_mixin.py:190} INFO - [2024-11-13T00:15:15.375+0000] {dag.py:4180} INFO - Setting next_dagrun for example_kubernetes_executor to None, run_after=None
[2024-11-13T00:15:15.395+0000] {processor.py:208} INFO - Processing /home/airflow/.local/lib/python3.12/site-packages/airflow/example_dags/example_kubernetes_executor.py took 0.118 seconds
[2024-11-13T00:15:45.699+0000] {processor.py:186} INFO - Started process (PID=12846) to work on /home/airflow/.local/lib/python3.12/site-packages/airflow/example_dags/example_kubernetes_executor.py
[2024-11-13T00:15:45.699+0000] {processor.py:914} INFO - Processing file /home/airflow/.local/lib/python3.12/site-packages/airflow/example_dags/example_kubernetes_executor.py for tasks to queue
[2024-11-13T00:15:45.701+0000] {logging_mixin.py:190} INFO - [2024-11-13T00:15:45.701+0000] {dagbag.py:588} INFO - Filling up the DagBag from /home/airflow/.local/lib/python3.12/site-packages/airflow/example_dags/example_kubernetes_executor.py
[2024-11-13T00:15:45.716+0000] {processor.py:925} INFO - DAG(s) 'example_kubernetes_executor' retrieved from /home/airflow/.local/lib/python3.12/site-packages/airflow/example_dags/example_kubernetes_executor.py
[2024-11-13T00:15:45.777+0000] {logging_mixin.py:190} INFO - [2024-11-13T00:15:45.777+0000] {dag.py:3239} INFO - Sync 1 DAGs
[2024-11-13T00:15:45.797+0000] {logging_mixin.py:190} INFO - [2024-11-13T00:15:45.796+0000] {dag.py:4180} INFO - Setting next_dagrun for example_kubernetes_executor to None, run_after=None
[2024-11-13T00:15:45.827+0000] {processor.py:208} INFO - Processing /home/airflow/.local/lib/python3.12/site-packages/airflow/example_dags/example_kubernetes_executor.py took 0.137 seconds
[2024-11-13T00:16:16.981+0000] {processor.py:186} INFO - Started process (PID=12911) to work on /home/airflow/.local/lib/python3.12/site-packages/airflow/example_dags/example_kubernetes_executor.py
[2024-11-13T00:16:16.982+0000] {processor.py:914} INFO - Processing file /home/airflow/.local/lib/python3.12/site-packages/airflow/example_dags/example_kubernetes_executor.py for tasks to queue
[2024-11-13T00:16:16.984+0000] {logging_mixin.py:190} INFO - [2024-11-13T00:16:16.983+0000] {dagbag.py:588} INFO - Filling up the DagBag from /home/airflow/.local/lib/python3.12/site-packages/airflow/example_dags/example_kubernetes_executor.py
[2024-11-13T00:16:16.997+0000] {processor.py:925} INFO - DAG(s) 'example_kubernetes_executor' retrieved from /home/airflow/.local/lib/python3.12/site-packages/airflow/example_dags/example_kubernetes_executor.py
[2024-11-13T00:16:17.035+0000] {logging_mixin.py:190} INFO - [2024-11-13T00:16:17.035+0000] {dag.py:3239} INFO - Sync 1 DAGs
[2024-11-13T00:16:17.051+0000] {logging_mixin.py:190} INFO - [2024-11-13T00:16:17.051+0000] {dag.py:4180} INFO - Setting next_dagrun for example_kubernetes_executor to None, run_after=None
[2024-11-13T00:16:17.190+0000] {processor.py:208} INFO - Processing /home/airflow/.local/lib/python3.12/site-packages/airflow/example_dags/example_kubernetes_executor.py took 0.216 seconds
[2024-11-13T00:16:47.342+0000] {processor.py:186} INFO - Started process (PID=12975) to work on /home/airflow/.local/lib/python3.12/site-packages/airflow/example_dags/example_kubernetes_executor.py
[2024-11-13T00:16:47.343+0000] {processor.py:914} INFO - Processing file /home/airflow/.local/lib/python3.12/site-packages/airflow/example_dags/example_kubernetes_executor.py for tasks to queue
[2024-11-13T00:16:47.346+0000] {logging_mixin.py:190} INFO - [2024-11-13T00:16:47.345+0000] {dagbag.py:588} INFO - Filling up the DagBag from /home/airflow/.local/lib/python3.12/site-packages/airflow/example_dags/example_kubernetes_executor.py
[2024-11-13T00:16:47.364+0000] {processor.py:925} INFO - DAG(s) 'example_kubernetes_executor' retrieved from /home/airflow/.local/lib/python3.12/site-packages/airflow/example_dags/example_kubernetes_executor.py
[2024-11-13T00:16:47.407+0000] {logging_mixin.py:190} INFO - [2024-11-13T00:16:47.406+0000] {dag.py:3239} INFO - Sync 1 DAGs
[2024-11-13T00:16:47.424+0000] {logging_mixin.py:190} INFO - [2024-11-13T00:16:47.424+0000] {dag.py:4180} INFO - Setting next_dagrun for example_kubernetes_executor to None, run_after=None
[2024-11-13T00:16:47.453+0000] {processor.py:208} INFO - Processing /home/airflow/.local/lib/python3.12/site-packages/airflow/example_dags/example_kubernetes_executor.py took 0.120 seconds
[2024-11-13T00:17:17.794+0000] {processor.py:186} INFO - Started process (PID=13039) to work on /home/airflow/.local/lib/python3.12/site-packages/airflow/example_dags/example_kubernetes_executor.py
[2024-11-13T00:17:17.795+0000] {processor.py:914} INFO - Processing file /home/airflow/.local/lib/python3.12/site-packages/airflow/example_dags/example_kubernetes_executor.py for tasks to queue
[2024-11-13T00:17:17.797+0000] {logging_mixin.py:190} INFO - [2024-11-13T00:17:17.796+0000] {dagbag.py:588} INFO - Filling up the DagBag from /home/airflow/.local/lib/python3.12/site-packages/airflow/example_dags/example_kubernetes_executor.py
[2024-11-13T00:17:17.811+0000] {processor.py:925} INFO - DAG(s) 'example_kubernetes_executor' retrieved from /home/airflow/.local/lib/python3.12/site-packages/airflow/example_dags/example_kubernetes_executor.py
[2024-11-13T00:17:17.846+0000] {logging_mixin.py:190} INFO - [2024-11-13T00:17:17.846+0000] {dag.py:3239} INFO - Sync 1 DAGs
[2024-11-13T00:17:17.861+0000] {logging_mixin.py:190} INFO - [2024-11-13T00:17:17.860+0000] {dag.py:4180} INFO - Setting next_dagrun for example_kubernetes_executor to None, run_after=None
[2024-11-13T00:17:17.948+0000] {processor.py:208} INFO - Processing /home/airflow/.local/lib/python3.12/site-packages/airflow/example_dags/example_kubernetes_executor.py took 0.163 seconds
[2024-11-13T00:17:48.199+0000] {processor.py:186} INFO - Started process (PID=13103) to work on /home/airflow/.local/lib/python3.12/site-packages/airflow/example_dags/example_kubernetes_executor.py
[2024-11-13T00:17:48.200+0000] {processor.py:914} INFO - Processing file /home/airflow/.local/lib/python3.12/site-packages/airflow/example_dags/example_kubernetes_executor.py for tasks to queue
[2024-11-13T00:17:48.202+0000] {logging_mixin.py:190} INFO - [2024-11-13T00:17:48.201+0000] {dagbag.py:588} INFO - Filling up the DagBag from /home/airflow/.local/lib/python3.12/site-packages/airflow/example_dags/example_kubernetes_executor.py
[2024-11-13T00:17:48.219+0000] {processor.py:925} INFO - DAG(s) 'example_kubernetes_executor' retrieved from /home/airflow/.local/lib/python3.12/site-packages/airflow/example_dags/example_kubernetes_executor.py
[2024-11-13T00:17:48.272+0000] {logging_mixin.py:190} INFO - [2024-11-13T00:17:48.271+0000] {dag.py:3239} INFO - Sync 1 DAGs
[2024-11-13T00:17:48.301+0000] {logging_mixin.py:190} INFO - [2024-11-13T00:17:48.301+0000] {dag.py:4180} INFO - Setting next_dagrun for example_kubernetes_executor to None, run_after=None
[2024-11-13T00:17:48.335+0000] {processor.py:208} INFO - Processing /home/airflow/.local/lib/python3.12/site-packages/airflow/example_dags/example_kubernetes_executor.py took 0.146 seconds
[2024-11-13T00:18:21.037+0000] {processor.py:186} INFO - Started process (PID=13167) to work on /home/airflow/.local/lib/python3.12/site-packages/airflow/example_dags/example_kubernetes_executor.py
[2024-11-13T00:18:21.040+0000] {processor.py:914} INFO - Processing file /home/airflow/.local/lib/python3.12/site-packages/airflow/example_dags/example_kubernetes_executor.py for tasks to queue
[2024-11-13T00:18:21.041+0000] {logging_mixin.py:190} INFO - [2024-11-13T00:18:21.041+0000] {dagbag.py:588} INFO - Filling up the DagBag from /home/airflow/.local/lib/python3.12/site-packages/airflow/example_dags/example_kubernetes_executor.py
[2024-11-13T00:18:21.061+0000] {processor.py:925} INFO - DAG(s) 'example_kubernetes_executor' retrieved from /home/airflow/.local/lib/python3.12/site-packages/airflow/example_dags/example_kubernetes_executor.py
[2024-11-13T00:18:21.122+0000] {logging_mixin.py:190} INFO - [2024-11-13T00:18:21.122+0000] {dag.py:3239} INFO - Sync 1 DAGs
[2024-11-13T00:18:21.151+0000] {logging_mixin.py:190} INFO - [2024-11-13T00:18:21.150+0000] {dag.py:4180} INFO - Setting next_dagrun for example_kubernetes_executor to None, run_after=None
[2024-11-13T00:18:21.185+0000] {processor.py:208} INFO - Processing /home/airflow/.local/lib/python3.12/site-packages/airflow/example_dags/example_kubernetes_executor.py took 0.159 seconds
[2024-11-13T00:18:54.367+0000] {processor.py:186} INFO - Started process (PID=13235) to work on /home/airflow/.local/lib/python3.12/site-packages/airflow/example_dags/example_kubernetes_executor.py
[2024-11-13T00:18:54.368+0000] {processor.py:914} INFO - Processing file /home/airflow/.local/lib/python3.12/site-packages/airflow/example_dags/example_kubernetes_executor.py for tasks to queue
[2024-11-13T00:18:54.369+0000] {logging_mixin.py:190} INFO - [2024-11-13T00:18:54.369+0000] {dagbag.py:588} INFO - Filling up the DagBag from /home/airflow/.local/lib/python3.12/site-packages/airflow/example_dags/example_kubernetes_executor.py
[2024-11-13T00:18:54.387+0000] {processor.py:925} INFO - DAG(s) 'example_kubernetes_executor' retrieved from /home/airflow/.local/lib/python3.12/site-packages/airflow/example_dags/example_kubernetes_executor.py
[2024-11-13T00:18:54.436+0000] {logging_mixin.py:190} INFO - [2024-11-13T00:18:54.436+0000] {dag.py:3239} INFO - Sync 1 DAGs
[2024-11-13T00:18:54.454+0000] {logging_mixin.py:190} INFO - [2024-11-13T00:18:54.454+0000] {dag.py:4180} INFO - Setting next_dagrun for example_kubernetes_executor to None, run_after=None
[2024-11-13T00:18:54.484+0000] {processor.py:208} INFO - Processing /home/airflow/.local/lib/python3.12/site-packages/airflow/example_dags/example_kubernetes_executor.py took 0.124 seconds
[2024-11-13T00:19:42.878+0000] {processor.py:186} INFO - Started process (PID=13313) to work on /home/airflow/.local/lib/python3.12/site-packages/airflow/example_dags/example_kubernetes_executor.py
[2024-11-13T00:19:42.879+0000] {processor.py:914} INFO - Processing file /home/airflow/.local/lib/python3.12/site-packages/airflow/example_dags/example_kubernetes_executor.py for tasks to queue
[2024-11-13T00:19:42.881+0000] {logging_mixin.py:190} INFO - [2024-11-13T00:19:42.881+0000] {dagbag.py:588} INFO - Filling up the DagBag from /home/airflow/.local/lib/python3.12/site-packages/airflow/example_dags/example_kubernetes_executor.py
[2024-11-13T00:19:42.901+0000] {processor.py:925} INFO - DAG(s) 'example_kubernetes_executor' retrieved from /home/airflow/.local/lib/python3.12/site-packages/airflow/example_dags/example_kubernetes_executor.py
[2024-11-13T00:19:42.945+0000] {logging_mixin.py:190} INFO - [2024-11-13T00:19:42.945+0000] {dag.py:3239} INFO - Sync 1 DAGs
[2024-11-13T00:19:42.965+0000] {logging_mixin.py:190} INFO - [2024-11-13T00:19:42.964+0000] {dag.py:4180} INFO - Setting next_dagrun for example_kubernetes_executor to None, run_after=None
[2024-11-13T00:19:42.991+0000] {processor.py:208} INFO - Processing /home/airflow/.local/lib/python3.12/site-packages/airflow/example_dags/example_kubernetes_executor.py took 0.123 seconds
[2024-11-13T00:20:16.214+0000] {processor.py:186} INFO - Started process (PID=13377) to work on /home/airflow/.local/lib/python3.12/site-packages/airflow/example_dags/example_kubernetes_executor.py
[2024-11-13T00:20:16.222+0000] {processor.py:914} INFO - Processing file /home/airflow/.local/lib/python3.12/site-packages/airflow/example_dags/example_kubernetes_executor.py for tasks to queue
[2024-11-13T00:20:16.225+0000] {logging_mixin.py:190} INFO - [2024-11-13T00:20:16.224+0000] {dagbag.py:588} INFO - Filling up the DagBag from /home/airflow/.local/lib/python3.12/site-packages/airflow/example_dags/example_kubernetes_executor.py
[2024-11-13T00:20:16.298+0000] {processor.py:925} INFO - DAG(s) 'example_kubernetes_executor' retrieved from /home/airflow/.local/lib/python3.12/site-packages/airflow/example_dags/example_kubernetes_executor.py
[2024-11-13T00:20:16.366+0000] {logging_mixin.py:190} INFO - [2024-11-13T00:20:16.365+0000] {dag.py:3239} INFO - Sync 1 DAGs
[2024-11-13T00:20:16.392+0000] {logging_mixin.py:190} INFO - [2024-11-13T00:20:16.392+0000] {dag.py:4180} INFO - Setting next_dagrun for example_kubernetes_executor to None, run_after=None
[2024-11-13T00:20:16.423+0000] {processor.py:208} INFO - Processing /home/airflow/.local/lib/python3.12/site-packages/airflow/example_dags/example_kubernetes_executor.py took 0.229 seconds
[2024-11-13T00:20:46.918+0000] {processor.py:186} INFO - Started process (PID=13440) to work on /home/airflow/.local/lib/python3.12/site-packages/airflow/example_dags/example_kubernetes_executor.py
[2024-11-13T00:20:46.919+0000] {processor.py:914} INFO - Processing file /home/airflow/.local/lib/python3.12/site-packages/airflow/example_dags/example_kubernetes_executor.py for tasks to queue
[2024-11-13T00:20:46.921+0000] {logging_mixin.py:190} INFO - [2024-11-13T00:20:46.920+0000] {dagbag.py:588} INFO - Filling up the DagBag from /home/airflow/.local/lib/python3.12/site-packages/airflow/example_dags/example_kubernetes_executor.py
[2024-11-13T00:20:46.936+0000] {processor.py:925} INFO - DAG(s) 'example_kubernetes_executor' retrieved from /home/airflow/.local/lib/python3.12/site-packages/airflow/example_dags/example_kubernetes_executor.py
[2024-11-13T00:20:46.987+0000] {logging_mixin.py:190} INFO - [2024-11-13T00:20:46.987+0000] {dag.py:3239} INFO - Sync 1 DAGs
[2024-11-13T00:20:47.004+0000] {logging_mixin.py:190} INFO - [2024-11-13T00:20:47.004+0000] {dag.py:4180} INFO - Setting next_dagrun for example_kubernetes_executor to None, run_after=None
[2024-11-13T00:20:47.035+0000] {processor.py:208} INFO - Processing /home/airflow/.local/lib/python3.12/site-packages/airflow/example_dags/example_kubernetes_executor.py took 0.127 seconds
[2024-11-13T00:21:17.845+0000] {processor.py:186} INFO - Started process (PID=13504) to work on /home/airflow/.local/lib/python3.12/site-packages/airflow/example_dags/example_kubernetes_executor.py
[2024-11-13T00:21:17.846+0000] {processor.py:914} INFO - Processing file /home/airflow/.local/lib/python3.12/site-packages/airflow/example_dags/example_kubernetes_executor.py for tasks to queue
[2024-11-13T00:21:17.848+0000] {logging_mixin.py:190} INFO - [2024-11-13T00:21:17.847+0000] {dagbag.py:588} INFO - Filling up the DagBag from /home/airflow/.local/lib/python3.12/site-packages/airflow/example_dags/example_kubernetes_executor.py
[2024-11-13T00:21:17.870+0000] {processor.py:925} INFO - DAG(s) 'example_kubernetes_executor' retrieved from /home/airflow/.local/lib/python3.12/site-packages/airflow/example_dags/example_kubernetes_executor.py
[2024-11-13T00:21:17.918+0000] {logging_mixin.py:190} INFO - [2024-11-13T00:21:17.918+0000] {dag.py:3239} INFO - Sync 1 DAGs
[2024-11-13T00:21:17.940+0000] {logging_mixin.py:190} INFO - [2024-11-13T00:21:17.937+0000] {dag.py:4180} INFO - Setting next_dagrun for example_kubernetes_executor to None, run_after=None
[2024-11-13T00:21:17.966+0000] {processor.py:208} INFO - Processing /home/airflow/.local/lib/python3.12/site-packages/airflow/example_dags/example_kubernetes_executor.py took 0.131 seconds
[2024-11-13T00:21:48.254+0000] {processor.py:186} INFO - Started process (PID=13568) to work on /home/airflow/.local/lib/python3.12/site-packages/airflow/example_dags/example_kubernetes_executor.py
[2024-11-13T00:21:48.255+0000] {processor.py:914} INFO - Processing file /home/airflow/.local/lib/python3.12/site-packages/airflow/example_dags/example_kubernetes_executor.py for tasks to queue
[2024-11-13T00:21:48.256+0000] {logging_mixin.py:190} INFO - [2024-11-13T00:21:48.256+0000] {dagbag.py:588} INFO - Filling up the DagBag from /home/airflow/.local/lib/python3.12/site-packages/airflow/example_dags/example_kubernetes_executor.py
[2024-11-13T00:21:48.273+0000] {processor.py:925} INFO - DAG(s) 'example_kubernetes_executor' retrieved from /home/airflow/.local/lib/python3.12/site-packages/airflow/example_dags/example_kubernetes_executor.py
[2024-11-13T00:21:48.324+0000] {logging_mixin.py:190} INFO - [2024-11-13T00:21:48.324+0000] {dag.py:3239} INFO - Sync 1 DAGs
[2024-11-13T00:21:48.343+0000] {logging_mixin.py:190} INFO - [2024-11-13T00:21:48.343+0000] {dag.py:4180} INFO - Setting next_dagrun for example_kubernetes_executor to None, run_after=None
[2024-11-13T00:21:48.375+0000] {processor.py:208} INFO - Processing /home/airflow/.local/lib/python3.12/site-packages/airflow/example_dags/example_kubernetes_executor.py took 0.131 seconds
[2024-11-13T00:22:19.578+0000] {processor.py:186} INFO - Started process (PID=13632) to work on /home/airflow/.local/lib/python3.12/site-packages/airflow/example_dags/example_kubernetes_executor.py
[2024-11-13T00:22:19.581+0000] {processor.py:914} INFO - Processing file /home/airflow/.local/lib/python3.12/site-packages/airflow/example_dags/example_kubernetes_executor.py for tasks to queue
[2024-11-13T00:22:19.583+0000] {logging_mixin.py:190} INFO - [2024-11-13T00:22:19.582+0000] {dagbag.py:588} INFO - Filling up the DagBag from /home/airflow/.local/lib/python3.12/site-packages/airflow/example_dags/example_kubernetes_executor.py
[2024-11-13T00:22:19.600+0000] {processor.py:925} INFO - DAG(s) 'example_kubernetes_executor' retrieved from /home/airflow/.local/lib/python3.12/site-packages/airflow/example_dags/example_kubernetes_executor.py
[2024-11-13T00:22:19.643+0000] {logging_mixin.py:190} INFO - [2024-11-13T00:22:19.642+0000] {dag.py:3239} INFO - Sync 1 DAGs
[2024-11-13T00:22:19.665+0000] {logging_mixin.py:190} INFO - [2024-11-13T00:22:19.665+0000] {dag.py:4180} INFO - Setting next_dagrun for example_kubernetes_executor to None, run_after=None
[2024-11-13T00:22:19.689+0000] {processor.py:208} INFO - Processing /home/airflow/.local/lib/python3.12/site-packages/airflow/example_dags/example_kubernetes_executor.py took 0.119 seconds
[2024-11-13T00:22:50.386+0000] {processor.py:186} INFO - Started process (PID=13696) to work on /home/airflow/.local/lib/python3.12/site-packages/airflow/example_dags/example_kubernetes_executor.py
[2024-11-13T00:22:50.387+0000] {processor.py:914} INFO - Processing file /home/airflow/.local/lib/python3.12/site-packages/airflow/example_dags/example_kubernetes_executor.py for tasks to queue
[2024-11-13T00:22:50.388+0000] {logging_mixin.py:190} INFO - [2024-11-13T00:22:50.388+0000] {dagbag.py:588} INFO - Filling up the DagBag from /home/airflow/.local/lib/python3.12/site-packages/airflow/example_dags/example_kubernetes_executor.py
[2024-11-13T00:22:50.404+0000] {processor.py:925} INFO - DAG(s) 'example_kubernetes_executor' retrieved from /home/airflow/.local/lib/python3.12/site-packages/airflow/example_dags/example_kubernetes_executor.py
[2024-11-13T00:22:50.445+0000] {logging_mixin.py:190} INFO - [2024-11-13T00:22:50.445+0000] {dag.py:3239} INFO - Sync 1 DAGs
[2024-11-13T00:22:50.461+0000] {logging_mixin.py:190} INFO - [2024-11-13T00:22:50.461+0000] {dag.py:4180} INFO - Setting next_dagrun for example_kubernetes_executor to None, run_after=None
[2024-11-13T00:22:50.484+0000] {processor.py:208} INFO - Processing /home/airflow/.local/lib/python3.12/site-packages/airflow/example_dags/example_kubernetes_executor.py took 0.107 seconds
[2024-11-13T00:23:21.616+0000] {processor.py:186} INFO - Started process (PID=13760) to work on /home/airflow/.local/lib/python3.12/site-packages/airflow/example_dags/example_kubernetes_executor.py
[2024-11-13T00:23:21.617+0000] {processor.py:914} INFO - Processing file /home/airflow/.local/lib/python3.12/site-packages/airflow/example_dags/example_kubernetes_executor.py for tasks to queue
[2024-11-13T00:23:21.619+0000] {logging_mixin.py:190} INFO - [2024-11-13T00:23:21.619+0000] {dagbag.py:588} INFO - Filling up the DagBag from /home/airflow/.local/lib/python3.12/site-packages/airflow/example_dags/example_kubernetes_executor.py
[2024-11-13T00:23:21.636+0000] {processor.py:925} INFO - DAG(s) 'example_kubernetes_executor' retrieved from /home/airflow/.local/lib/python3.12/site-packages/airflow/example_dags/example_kubernetes_executor.py
[2024-11-13T00:23:21.678+0000] {logging_mixin.py:190} INFO - [2024-11-13T00:23:21.678+0000] {dag.py:3239} INFO - Sync 1 DAGs
[2024-11-13T00:23:21.693+0000] {logging_mixin.py:190} INFO - [2024-11-13T00:23:21.693+0000] {dag.py:4180} INFO - Setting next_dagrun for example_kubernetes_executor to None, run_after=None
[2024-11-13T00:23:21.717+0000] {processor.py:208} INFO - Processing /home/airflow/.local/lib/python3.12/site-packages/airflow/example_dags/example_kubernetes_executor.py took 0.108 seconds
[2024-11-13T00:23:53.744+0000] {processor.py:186} INFO - Started process (PID=13826) to work on /home/airflow/.local/lib/python3.12/site-packages/airflow/example_dags/example_kubernetes_executor.py
[2024-11-13T00:23:53.745+0000] {processor.py:914} INFO - Processing file /home/airflow/.local/lib/python3.12/site-packages/airflow/example_dags/example_kubernetes_executor.py for tasks to queue
[2024-11-13T00:23:53.747+0000] {logging_mixin.py:190} INFO - [2024-11-13T00:23:53.747+0000] {dagbag.py:588} INFO - Filling up the DagBag from /home/airflow/.local/lib/python3.12/site-packages/airflow/example_dags/example_kubernetes_executor.py
[2024-11-13T00:23:53.768+0000] {processor.py:925} INFO - DAG(s) 'example_kubernetes_executor' retrieved from /home/airflow/.local/lib/python3.12/site-packages/airflow/example_dags/example_kubernetes_executor.py
[2024-11-13T00:23:53.812+0000] {logging_mixin.py:190} INFO - [2024-11-13T00:23:53.812+0000] {dag.py:3239} INFO - Sync 1 DAGs
[2024-11-13T00:23:53.827+0000] {logging_mixin.py:190} INFO - [2024-11-13T00:23:53.827+0000] {dag.py:4180} INFO - Setting next_dagrun for example_kubernetes_executor to None, run_after=None
[2024-11-13T00:23:53.860+0000] {processor.py:208} INFO - Processing /home/airflow/.local/lib/python3.12/site-packages/airflow/example_dags/example_kubernetes_executor.py took 0.128 seconds
[2024-11-13T00:24:24.887+0000] {processor.py:186} INFO - Started process (PID=13890) to work on /home/airflow/.local/lib/python3.12/site-packages/airflow/example_dags/example_kubernetes_executor.py
[2024-11-13T00:24:24.889+0000] {processor.py:914} INFO - Processing file /home/airflow/.local/lib/python3.12/site-packages/airflow/example_dags/example_kubernetes_executor.py for tasks to queue
[2024-11-13T00:24:24.891+0000] {logging_mixin.py:190} INFO - [2024-11-13T00:24:24.890+0000] {dagbag.py:588} INFO - Filling up the DagBag from /home/airflow/.local/lib/python3.12/site-packages/airflow/example_dags/example_kubernetes_executor.py
[2024-11-13T00:24:24.910+0000] {processor.py:925} INFO - DAG(s) 'example_kubernetes_executor' retrieved from /home/airflow/.local/lib/python3.12/site-packages/airflow/example_dags/example_kubernetes_executor.py
[2024-11-13T00:24:24.959+0000] {logging_mixin.py:190} INFO - [2024-11-13T00:24:24.958+0000] {dag.py:3239} INFO - Sync 1 DAGs
[2024-11-13T00:24:24.982+0000] {logging_mixin.py:190} INFO - [2024-11-13T00:24:24.982+0000] {dag.py:4180} INFO - Setting next_dagrun for example_kubernetes_executor to None, run_after=None
[2024-11-13T00:24:25.012+0000] {processor.py:208} INFO - Processing /home/airflow/.local/lib/python3.12/site-packages/airflow/example_dags/example_kubernetes_executor.py took 0.135 seconds
[2024-11-13T00:24:57.069+0000] {processor.py:186} INFO - Started process (PID=13954) to work on /home/airflow/.local/lib/python3.12/site-packages/airflow/example_dags/example_kubernetes_executor.py
[2024-11-13T00:24:57.071+0000] {processor.py:914} INFO - Processing file /home/airflow/.local/lib/python3.12/site-packages/airflow/example_dags/example_kubernetes_executor.py for tasks to queue
[2024-11-13T00:24:57.072+0000] {logging_mixin.py:190} INFO - [2024-11-13T00:24:57.072+0000] {dagbag.py:588} INFO - Filling up the DagBag from /home/airflow/.local/lib/python3.12/site-packages/airflow/example_dags/example_kubernetes_executor.py
[2024-11-13T00:24:57.138+0000] {processor.py:925} INFO - DAG(s) 'example_kubernetes_executor' retrieved from /home/airflow/.local/lib/python3.12/site-packages/airflow/example_dags/example_kubernetes_executor.py
[2024-11-13T00:24:57.244+0000] {logging_mixin.py:190} INFO - [2024-11-13T00:24:57.243+0000] {dag.py:3239} INFO - Sync 1 DAGs
[2024-11-13T00:24:57.287+0000] {logging_mixin.py:190} INFO - [2024-11-13T00:24:57.285+0000] {dag.py:4180} INFO - Setting next_dagrun for example_kubernetes_executor to None, run_after=None
[2024-11-13T00:24:57.328+0000] {processor.py:208} INFO - Processing /home/airflow/.local/lib/python3.12/site-packages/airflow/example_dags/example_kubernetes_executor.py took 0.274 seconds
[2024-11-13T00:25:29.171+0000] {processor.py:186} INFO - Started process (PID=14018) to work on /home/airflow/.local/lib/python3.12/site-packages/airflow/example_dags/example_kubernetes_executor.py
[2024-11-13T00:25:29.172+0000] {processor.py:914} INFO - Processing file /home/airflow/.local/lib/python3.12/site-packages/airflow/example_dags/example_kubernetes_executor.py for tasks to queue
[2024-11-13T00:25:29.173+0000] {logging_mixin.py:190} INFO - [2024-11-13T00:25:29.173+0000] {dagbag.py:588} INFO - Filling up the DagBag from /home/airflow/.local/lib/python3.12/site-packages/airflow/example_dags/example_kubernetes_executor.py
[2024-11-13T00:25:29.197+0000] {processor.py:925} INFO - DAG(s) 'example_kubernetes_executor' retrieved from /home/airflow/.local/lib/python3.12/site-packages/airflow/example_dags/example_kubernetes_executor.py
[2024-11-13T00:25:29.516+0000] {logging_mixin.py:190} INFO - [2024-11-13T00:25:29.516+0000] {dag.py:3239} INFO - Sync 1 DAGs
[2024-11-13T00:25:29.530+0000] {logging_mixin.py:190} INFO - [2024-11-13T00:25:29.530+0000] {dag.py:4180} INFO - Setting next_dagrun for example_kubernetes_executor to None, run_after=None
[2024-11-13T00:25:29.553+0000] {processor.py:208} INFO - Processing /home/airflow/.local/lib/python3.12/site-packages/airflow/example_dags/example_kubernetes_executor.py took 0.390 seconds
[2024-11-13T00:26:01.360+0000] {processor.py:186} INFO - Started process (PID=14082) to work on /home/airflow/.local/lib/python3.12/site-packages/airflow/example_dags/example_kubernetes_executor.py
[2024-11-13T00:26:01.361+0000] {processor.py:914} INFO - Processing file /home/airflow/.local/lib/python3.12/site-packages/airflow/example_dags/example_kubernetes_executor.py for tasks to queue
[2024-11-13T00:26:01.363+0000] {logging_mixin.py:190} INFO - [2024-11-13T00:26:01.363+0000] {dagbag.py:588} INFO - Filling up the DagBag from /home/airflow/.local/lib/python3.12/site-packages/airflow/example_dags/example_kubernetes_executor.py
[2024-11-13T00:26:01.384+0000] {processor.py:925} INFO - DAG(s) 'example_kubernetes_executor' retrieved from /home/airflow/.local/lib/python3.12/site-packages/airflow/example_dags/example_kubernetes_executor.py
[2024-11-13T00:26:01.652+0000] {logging_mixin.py:190} INFO - [2024-11-13T00:26:01.652+0000] {dag.py:3239} INFO - Sync 1 DAGs
[2024-11-13T00:26:01.667+0000] {logging_mixin.py:190} INFO - [2024-11-13T00:26:01.666+0000] {dag.py:4180} INFO - Setting next_dagrun for example_kubernetes_executor to None, run_after=None
[2024-11-13T00:26:01.702+0000] {processor.py:208} INFO - Processing /home/airflow/.local/lib/python3.12/site-packages/airflow/example_dags/example_kubernetes_executor.py took 0.355 seconds
[2024-11-13T00:26:32.151+0000] {processor.py:186} INFO - Started process (PID=14146) to work on /home/airflow/.local/lib/python3.12/site-packages/airflow/example_dags/example_kubernetes_executor.py
[2024-11-13T00:26:32.152+0000] {processor.py:914} INFO - Processing file /home/airflow/.local/lib/python3.12/site-packages/airflow/example_dags/example_kubernetes_executor.py for tasks to queue
[2024-11-13T00:26:32.154+0000] {logging_mixin.py:190} INFO - [2024-11-13T00:26:32.154+0000] {dagbag.py:588} INFO - Filling up the DagBag from /home/airflow/.local/lib/python3.12/site-packages/airflow/example_dags/example_kubernetes_executor.py
[2024-11-13T00:26:32.172+0000] {processor.py:925} INFO - DAG(s) 'example_kubernetes_executor' retrieved from /home/airflow/.local/lib/python3.12/site-packages/airflow/example_dags/example_kubernetes_executor.py
[2024-11-13T00:26:32.215+0000] {logging_mixin.py:190} INFO - [2024-11-13T00:26:32.214+0000] {dag.py:3239} INFO - Sync 1 DAGs
[2024-11-13T00:26:32.235+0000] {logging_mixin.py:190} INFO - [2024-11-13T00:26:32.233+0000] {dag.py:4180} INFO - Setting next_dagrun for example_kubernetes_executor to None, run_after=None
[2024-11-13T00:26:32.260+0000] {processor.py:208} INFO - Processing /home/airflow/.local/lib/python3.12/site-packages/airflow/example_dags/example_kubernetes_executor.py took 0.119 seconds
[2024-11-13T00:27:02.862+0000] {processor.py:186} INFO - Started process (PID=14210) to work on /home/airflow/.local/lib/python3.12/site-packages/airflow/example_dags/example_kubernetes_executor.py
[2024-11-13T00:27:02.863+0000] {processor.py:914} INFO - Processing file /home/airflow/.local/lib/python3.12/site-packages/airflow/example_dags/example_kubernetes_executor.py for tasks to queue
[2024-11-13T00:27:02.864+0000] {logging_mixin.py:190} INFO - [2024-11-13T00:27:02.864+0000] {dagbag.py:588} INFO - Filling up the DagBag from /home/airflow/.local/lib/python3.12/site-packages/airflow/example_dags/example_kubernetes_executor.py
[2024-11-13T00:27:02.880+0000] {processor.py:925} INFO - DAG(s) 'example_kubernetes_executor' retrieved from /home/airflow/.local/lib/python3.12/site-packages/airflow/example_dags/example_kubernetes_executor.py
[2024-11-13T00:27:02.916+0000] {logging_mixin.py:190} INFO - [2024-11-13T00:27:02.916+0000] {dag.py:3239} INFO - Sync 1 DAGs
[2024-11-13T00:27:02.930+0000] {logging_mixin.py:190} INFO - [2024-11-13T00:27:02.930+0000] {dag.py:4180} INFO - Setting next_dagrun for example_kubernetes_executor to None, run_after=None
[2024-11-13T00:27:02.953+0000] {processor.py:208} INFO - Processing /home/airflow/.local/lib/python3.12/site-packages/airflow/example_dags/example_kubernetes_executor.py took 0.098 seconds
[2024-11-13T00:27:33.044+0000] {processor.py:186} INFO - Started process (PID=14274) to work on /home/airflow/.local/lib/python3.12/site-packages/airflow/example_dags/example_kubernetes_executor.py
[2024-11-13T00:27:33.045+0000] {processor.py:914} INFO - Processing file /home/airflow/.local/lib/python3.12/site-packages/airflow/example_dags/example_kubernetes_executor.py for tasks to queue
[2024-11-13T00:27:33.046+0000] {logging_mixin.py:190} INFO - [2024-11-13T00:27:33.046+0000] {dagbag.py:588} INFO - Filling up the DagBag from /home/airflow/.local/lib/python3.12/site-packages/airflow/example_dags/example_kubernetes_executor.py
[2024-11-13T00:27:33.064+0000] {processor.py:925} INFO - DAG(s) 'example_kubernetes_executor' retrieved from /home/airflow/.local/lib/python3.12/site-packages/airflow/example_dags/example_kubernetes_executor.py
[2024-11-13T00:27:33.105+0000] {logging_mixin.py:190} INFO - [2024-11-13T00:27:33.104+0000] {dag.py:3239} INFO - Sync 1 DAGs
[2024-11-13T00:27:33.119+0000] {logging_mixin.py:190} INFO - [2024-11-13T00:27:33.119+0000] {dag.py:4180} INFO - Setting next_dagrun for example_kubernetes_executor to None, run_after=None
[2024-11-13T00:27:33.143+0000] {processor.py:208} INFO - Processing /home/airflow/.local/lib/python3.12/site-packages/airflow/example_dags/example_kubernetes_executor.py took 0.106 seconds
[2024-11-13T00:28:03.593+0000] {processor.py:186} INFO - Started process (PID=14338) to work on /home/airflow/.local/lib/python3.12/site-packages/airflow/example_dags/example_kubernetes_executor.py
[2024-11-13T00:28:03.594+0000] {processor.py:914} INFO - Processing file /home/airflow/.local/lib/python3.12/site-packages/airflow/example_dags/example_kubernetes_executor.py for tasks to queue
[2024-11-13T00:28:03.595+0000] {logging_mixin.py:190} INFO - [2024-11-13T00:28:03.595+0000] {dagbag.py:588} INFO - Filling up the DagBag from /home/airflow/.local/lib/python3.12/site-packages/airflow/example_dags/example_kubernetes_executor.py
[2024-11-13T00:28:03.609+0000] {processor.py:925} INFO - DAG(s) 'example_kubernetes_executor' retrieved from /home/airflow/.local/lib/python3.12/site-packages/airflow/example_dags/example_kubernetes_executor.py
[2024-11-13T00:28:03.651+0000] {logging_mixin.py:190} INFO - [2024-11-13T00:28:03.650+0000] {dag.py:3239} INFO - Sync 1 DAGs
[2024-11-13T00:28:03.667+0000] {logging_mixin.py:190} INFO - [2024-11-13T00:28:03.667+0000] {dag.py:4180} INFO - Setting next_dagrun for example_kubernetes_executor to None, run_after=None
[2024-11-13T00:28:03.692+0000] {processor.py:208} INFO - Processing /home/airflow/.local/lib/python3.12/site-packages/airflow/example_dags/example_kubernetes_executor.py took 0.107 seconds
[2024-11-13T00:28:37.311+0000] {processor.py:186} INFO - Started process (PID=14402) to work on /home/airflow/.local/lib/python3.12/site-packages/airflow/example_dags/example_kubernetes_executor.py
[2024-11-13T00:28:37.316+0000] {processor.py:914} INFO - Processing file /home/airflow/.local/lib/python3.12/site-packages/airflow/example_dags/example_kubernetes_executor.py for tasks to queue
[2024-11-13T00:28:37.326+0000] {logging_mixin.py:190} INFO - [2024-11-13T00:28:37.324+0000] {dagbag.py:588} INFO - Filling up the DagBag from /home/airflow/.local/lib/python3.12/site-packages/airflow/example_dags/example_kubernetes_executor.py
[2024-11-13T00:28:37.423+0000] {processor.py:925} INFO - DAG(s) 'example_kubernetes_executor' retrieved from /home/airflow/.local/lib/python3.12/site-packages/airflow/example_dags/example_kubernetes_executor.py
[2024-11-13T00:28:37.592+0000] {logging_mixin.py:190} INFO - [2024-11-13T00:28:37.592+0000] {dag.py:3239} INFO - Sync 1 DAGs
[2024-11-13T00:28:37.618+0000] {logging_mixin.py:190} INFO - [2024-11-13T00:28:37.617+0000] {dag.py:4180} INFO - Setting next_dagrun for example_kubernetes_executor to None, run_after=None
[2024-11-13T00:28:37.759+0000] {processor.py:208} INFO - Processing /home/airflow/.local/lib/python3.12/site-packages/airflow/example_dags/example_kubernetes_executor.py took 0.472 seconds
[2024-11-13T00:29:08.270+0000] {processor.py:186} INFO - Started process (PID=14466) to work on /home/airflow/.local/lib/python3.12/site-packages/airflow/example_dags/example_kubernetes_executor.py
[2024-11-13T00:29:08.271+0000] {processor.py:914} INFO - Processing file /home/airflow/.local/lib/python3.12/site-packages/airflow/example_dags/example_kubernetes_executor.py for tasks to queue
[2024-11-13T00:29:08.273+0000] {logging_mixin.py:190} INFO - [2024-11-13T00:29:08.273+0000] {dagbag.py:588} INFO - Filling up the DagBag from /home/airflow/.local/lib/python3.12/site-packages/airflow/example_dags/example_kubernetes_executor.py
[2024-11-13T00:29:08.287+0000] {processor.py:925} INFO - DAG(s) 'example_kubernetes_executor' retrieved from /home/airflow/.local/lib/python3.12/site-packages/airflow/example_dags/example_kubernetes_executor.py
[2024-11-13T00:29:08.324+0000] {logging_mixin.py:190} INFO - [2024-11-13T00:29:08.324+0000] {dag.py:3239} INFO - Sync 1 DAGs
[2024-11-13T00:29:08.341+0000] {logging_mixin.py:190} INFO - [2024-11-13T00:29:08.341+0000] {dag.py:4180} INFO - Setting next_dagrun for example_kubernetes_executor to None, run_after=None
[2024-11-13T00:29:08.377+0000] {processor.py:208} INFO - Processing /home/airflow/.local/lib/python3.12/site-packages/airflow/example_dags/example_kubernetes_executor.py took 0.115 seconds
[2024-11-13T00:29:39.006+0000] {processor.py:186} INFO - Started process (PID=14530) to work on /home/airflow/.local/lib/python3.12/site-packages/airflow/example_dags/example_kubernetes_executor.py
[2024-11-13T00:29:39.007+0000] {processor.py:914} INFO - Processing file /home/airflow/.local/lib/python3.12/site-packages/airflow/example_dags/example_kubernetes_executor.py for tasks to queue
[2024-11-13T00:29:39.008+0000] {logging_mixin.py:190} INFO - [2024-11-13T00:29:39.008+0000] {dagbag.py:588} INFO - Filling up the DagBag from /home/airflow/.local/lib/python3.12/site-packages/airflow/example_dags/example_kubernetes_executor.py
[2024-11-13T00:29:39.023+0000] {processor.py:925} INFO - DAG(s) 'example_kubernetes_executor' retrieved from /home/airflow/.local/lib/python3.12/site-packages/airflow/example_dags/example_kubernetes_executor.py
[2024-11-13T00:29:39.062+0000] {logging_mixin.py:190} INFO - [2024-11-13T00:29:39.061+0000] {dag.py:3239} INFO - Sync 1 DAGs
[2024-11-13T00:29:39.080+0000] {logging_mixin.py:190} INFO - [2024-11-13T00:29:39.080+0000] {dag.py:4180} INFO - Setting next_dagrun for example_kubernetes_executor to None, run_after=None
[2024-11-13T00:29:39.114+0000] {processor.py:208} INFO - Processing /home/airflow/.local/lib/python3.12/site-packages/airflow/example_dags/example_kubernetes_executor.py took 0.117 seconds
[2024-11-13T00:30:10.145+0000] {processor.py:186} INFO - Started process (PID=14594) to work on /home/airflow/.local/lib/python3.12/site-packages/airflow/example_dags/example_kubernetes_executor.py
[2024-11-13T00:30:10.146+0000] {processor.py:914} INFO - Processing file /home/airflow/.local/lib/python3.12/site-packages/airflow/example_dags/example_kubernetes_executor.py for tasks to queue
[2024-11-13T00:30:10.147+0000] {logging_mixin.py:190} INFO - [2024-11-13T00:30:10.147+0000] {dagbag.py:588} INFO - Filling up the DagBag from /home/airflow/.local/lib/python3.12/site-packages/airflow/example_dags/example_kubernetes_executor.py
[2024-11-13T00:30:10.161+0000] {processor.py:925} INFO - DAG(s) 'example_kubernetes_executor' retrieved from /home/airflow/.local/lib/python3.12/site-packages/airflow/example_dags/example_kubernetes_executor.py
[2024-11-13T00:30:10.203+0000] {logging_mixin.py:190} INFO - [2024-11-13T00:30:10.203+0000] {dag.py:3239} INFO - Sync 1 DAGs
[2024-11-13T00:30:10.218+0000] {logging_mixin.py:190} INFO - [2024-11-13T00:30:10.217+0000] {dag.py:4180} INFO - Setting next_dagrun for example_kubernetes_executor to None, run_after=None
[2024-11-13T00:30:10.240+0000] {processor.py:208} INFO - Processing /home/airflow/.local/lib/python3.12/site-packages/airflow/example_dags/example_kubernetes_executor.py took 0.103 seconds
[2024-11-13T00:30:40.340+0000] {processor.py:186} INFO - Started process (PID=14657) to work on /home/airflow/.local/lib/python3.12/site-packages/airflow/example_dags/example_kubernetes_executor.py
[2024-11-13T00:30:40.341+0000] {processor.py:914} INFO - Processing file /home/airflow/.local/lib/python3.12/site-packages/airflow/example_dags/example_kubernetes_executor.py for tasks to queue
[2024-11-13T00:30:40.343+0000] {logging_mixin.py:190} INFO - [2024-11-13T00:30:40.343+0000] {dagbag.py:588} INFO - Filling up the DagBag from /home/airflow/.local/lib/python3.12/site-packages/airflow/example_dags/example_kubernetes_executor.py
[2024-11-13T00:30:40.359+0000] {processor.py:925} INFO - DAG(s) 'example_kubernetes_executor' retrieved from /home/airflow/.local/lib/python3.12/site-packages/airflow/example_dags/example_kubernetes_executor.py
[2024-11-13T00:30:40.396+0000] {logging_mixin.py:190} INFO - [2024-11-13T00:30:40.396+0000] {dag.py:3239} INFO - Sync 1 DAGs
[2024-11-13T00:30:40.409+0000] {logging_mixin.py:190} INFO - [2024-11-13T00:30:40.409+0000] {dag.py:4180} INFO - Setting next_dagrun for example_kubernetes_executor to None, run_after=None
[2024-11-13T00:30:40.436+0000] {processor.py:208} INFO - Processing /home/airflow/.local/lib/python3.12/site-packages/airflow/example_dags/example_kubernetes_executor.py took 0.105 seconds
[2024-11-13T00:31:10.892+0000] {processor.py:186} INFO - Started process (PID=14727) to work on /home/airflow/.local/lib/python3.12/site-packages/airflow/example_dags/example_kubernetes_executor.py
[2024-11-13T00:31:10.893+0000] {processor.py:914} INFO - Processing file /home/airflow/.local/lib/python3.12/site-packages/airflow/example_dags/example_kubernetes_executor.py for tasks to queue
[2024-11-13T00:31:10.895+0000] {logging_mixin.py:190} INFO - [2024-11-13T00:31:10.894+0000] {dagbag.py:588} INFO - Filling up the DagBag from /home/airflow/.local/lib/python3.12/site-packages/airflow/example_dags/example_kubernetes_executor.py
[2024-11-13T00:31:10.911+0000] {processor.py:925} INFO - DAG(s) 'example_kubernetes_executor' retrieved from /home/airflow/.local/lib/python3.12/site-packages/airflow/example_dags/example_kubernetes_executor.py
[2024-11-13T00:31:10.951+0000] {logging_mixin.py:190} INFO - [2024-11-13T00:31:10.951+0000] {dag.py:3239} INFO - Sync 1 DAGs
[2024-11-13T00:31:10.966+0000] {logging_mixin.py:190} INFO - [2024-11-13T00:31:10.965+0000] {dag.py:4180} INFO - Setting next_dagrun for example_kubernetes_executor to None, run_after=None
[2024-11-13T00:31:10.991+0000] {processor.py:208} INFO - Processing /home/airflow/.local/lib/python3.12/site-packages/airflow/example_dags/example_kubernetes_executor.py took 0.109 seconds
[2024-11-13T00:31:41.518+0000] {processor.py:186} INFO - Started process (PID=14791) to work on /home/airflow/.local/lib/python3.12/site-packages/airflow/example_dags/example_kubernetes_executor.py
[2024-11-13T00:31:41.519+0000] {processor.py:914} INFO - Processing file /home/airflow/.local/lib/python3.12/site-packages/airflow/example_dags/example_kubernetes_executor.py for tasks to queue
[2024-11-13T00:31:41.521+0000] {logging_mixin.py:190} INFO - [2024-11-13T00:31:41.521+0000] {dagbag.py:588} INFO - Filling up the DagBag from /home/airflow/.local/lib/python3.12/site-packages/airflow/example_dags/example_kubernetes_executor.py
[2024-11-13T00:31:41.537+0000] {processor.py:925} INFO - DAG(s) 'example_kubernetes_executor' retrieved from /home/airflow/.local/lib/python3.12/site-packages/airflow/example_dags/example_kubernetes_executor.py
[2024-11-13T00:31:41.578+0000] {logging_mixin.py:190} INFO - [2024-11-13T00:31:41.577+0000] {dag.py:3239} INFO - Sync 1 DAGs
[2024-11-13T00:31:41.594+0000] {logging_mixin.py:190} INFO - [2024-11-13T00:31:41.593+0000] {dag.py:4180} INFO - Setting next_dagrun for example_kubernetes_executor to None, run_after=None
[2024-11-13T00:31:41.617+0000] {processor.py:208} INFO - Processing /home/airflow/.local/lib/python3.12/site-packages/airflow/example_dags/example_kubernetes_executor.py took 0.106 seconds
