[2024-11-13T00:00:05.662+0000] {processor.py:186} INFO - Started process (PID=10883) to work on /home/airflow/.local/lib/python3.12/site-packages/airflow/example_dags/example_branch_operator.py
[2024-11-13T00:00:05.663+0000] {processor.py:914} INFO - Processing file /home/airflow/.local/lib/python3.12/site-packages/airflow/example_dags/example_branch_operator.py for tasks to queue
[2024-11-13T00:00:05.665+0000] {logging_mixin.py:190} INFO - [2024-11-13T00:00:05.664+0000] {dagbag.py:588} INFO - Filling up the DagBag from /home/airflow/.local/lib/python3.12/site-packages/airflow/example_dags/example_branch_operator.py
[2024-11-13T00:00:05.695+0000] {processor.py:925} INFO - DAG(s) 'example_branch_operator' retrieved from /home/airflow/.local/lib/python3.12/site-packages/airflow/example_dags/example_branch_operator.py
[2024-11-13T00:00:05.736+0000] {logging_mixin.py:190} INFO - [2024-11-13T00:00:05.735+0000] {dag.py:3239} INFO - Sync 1 DAGs
[2024-11-13T00:00:05.818+0000] {logging_mixin.py:190} INFO - [2024-11-13T00:00:05.817+0000] {dag.py:4180} INFO - Setting next_dagrun for example_branch_operator to 2024-11-12 00:00:00+00:00, run_after=2024-11-13 00:00:00+00:00
[2024-11-13T00:00:05.904+0000] {processor.py:208} INFO - Processing /home/airflow/.local/lib/python3.12/site-packages/airflow/example_dags/example_branch_operator.py took 0.256 seconds
[2024-11-13T00:00:36.860+0000] {processor.py:186} INFO - Started process (PID=10945) to work on /home/airflow/.local/lib/python3.12/site-packages/airflow/example_dags/example_branch_operator.py
[2024-11-13T00:00:36.863+0000] {processor.py:914} INFO - Processing file /home/airflow/.local/lib/python3.12/site-packages/airflow/example_dags/example_branch_operator.py for tasks to queue
[2024-11-13T00:00:36.866+0000] {logging_mixin.py:190} INFO - [2024-11-13T00:00:36.865+0000] {dagbag.py:588} INFO - Filling up the DagBag from /home/airflow/.local/lib/python3.12/site-packages/airflow/example_dags/example_branch_operator.py
[2024-11-13T00:00:36.909+0000] {processor.py:925} INFO - DAG(s) 'example_branch_operator' retrieved from /home/airflow/.local/lib/python3.12/site-packages/airflow/example_dags/example_branch_operator.py
[2024-11-13T00:00:36.973+0000] {logging_mixin.py:190} INFO - [2024-11-13T00:00:36.973+0000] {dag.py:3239} INFO - Sync 1 DAGs
[2024-11-13T00:00:37.011+0000] {logging_mixin.py:190} INFO - [2024-11-13T00:00:37.011+0000] {dag.py:4180} INFO - Setting next_dagrun for example_branch_operator to 2024-11-12 00:00:00+00:00, run_after=2024-11-13 00:00:00+00:00
[2024-11-13T00:00:37.036+0000] {processor.py:208} INFO - Processing /home/airflow/.local/lib/python3.12/site-packages/airflow/example_dags/example_branch_operator.py took 0.192 seconds
[2024-11-13T00:01:07.686+0000] {processor.py:186} INFO - Started process (PID=11009) to work on /home/airflow/.local/lib/python3.12/site-packages/airflow/example_dags/example_branch_operator.py
[2024-11-13T00:01:07.687+0000] {processor.py:914} INFO - Processing file /home/airflow/.local/lib/python3.12/site-packages/airflow/example_dags/example_branch_operator.py for tasks to queue
[2024-11-13T00:01:07.689+0000] {logging_mixin.py:190} INFO - [2024-11-13T00:01:07.688+0000] {dagbag.py:588} INFO - Filling up the DagBag from /home/airflow/.local/lib/python3.12/site-packages/airflow/example_dags/example_branch_operator.py
[2024-11-13T00:01:07.724+0000] {processor.py:925} INFO - DAG(s) 'example_branch_operator' retrieved from /home/airflow/.local/lib/python3.12/site-packages/airflow/example_dags/example_branch_operator.py
[2024-11-13T00:01:07.794+0000] {logging_mixin.py:190} INFO - [2024-11-13T00:01:07.794+0000] {dag.py:3239} INFO - Sync 1 DAGs
[2024-11-13T00:01:07.835+0000] {logging_mixin.py:190} INFO - [2024-11-13T00:01:07.834+0000] {dag.py:4180} INFO - Setting next_dagrun for example_branch_operator to 2024-11-12 00:00:00+00:00, run_after=2024-11-13 00:00:00+00:00
[2024-11-13T00:01:07.857+0000] {processor.py:208} INFO - Processing /home/airflow/.local/lib/python3.12/site-packages/airflow/example_dags/example_branch_operator.py took 0.180 seconds
[2024-11-13T00:01:38.291+0000] {processor.py:186} INFO - Started process (PID=11070) to work on /home/airflow/.local/lib/python3.12/site-packages/airflow/example_dags/example_branch_operator.py
[2024-11-13T00:01:38.292+0000] {processor.py:914} INFO - Processing file /home/airflow/.local/lib/python3.12/site-packages/airflow/example_dags/example_branch_operator.py for tasks to queue
[2024-11-13T00:01:38.294+0000] {logging_mixin.py:190} INFO - [2024-11-13T00:01:38.293+0000] {dagbag.py:588} INFO - Filling up the DagBag from /home/airflow/.local/lib/python3.12/site-packages/airflow/example_dags/example_branch_operator.py
[2024-11-13T00:01:38.311+0000] {processor.py:925} INFO - DAG(s) 'example_branch_operator' retrieved from /home/airflow/.local/lib/python3.12/site-packages/airflow/example_dags/example_branch_operator.py
[2024-11-13T00:01:38.337+0000] {logging_mixin.py:190} INFO - [2024-11-13T00:01:38.337+0000] {dag.py:3239} INFO - Sync 1 DAGs
[2024-11-13T00:01:38.359+0000] {logging_mixin.py:190} INFO - [2024-11-13T00:01:38.359+0000] {dag.py:4180} INFO - Setting next_dagrun for example_branch_operator to 2024-11-12 00:00:00+00:00, run_after=2024-11-13 00:00:00+00:00
[2024-11-13T00:01:38.392+0000] {processor.py:208} INFO - Processing /home/airflow/.local/lib/python3.12/site-packages/airflow/example_dags/example_branch_operator.py took 0.110 seconds
[2024-11-13T00:02:09.126+0000] {processor.py:186} INFO - Started process (PID=11134) to work on /home/airflow/.local/lib/python3.12/site-packages/airflow/example_dags/example_branch_operator.py
[2024-11-13T00:02:09.127+0000] {processor.py:914} INFO - Processing file /home/airflow/.local/lib/python3.12/site-packages/airflow/example_dags/example_branch_operator.py for tasks to queue
[2024-11-13T00:02:09.128+0000] {logging_mixin.py:190} INFO - [2024-11-13T00:02:09.128+0000] {dagbag.py:588} INFO - Filling up the DagBag from /home/airflow/.local/lib/python3.12/site-packages/airflow/example_dags/example_branch_operator.py
[2024-11-13T00:02:09.147+0000] {processor.py:925} INFO - DAG(s) 'example_branch_operator' retrieved from /home/airflow/.local/lib/python3.12/site-packages/airflow/example_dags/example_branch_operator.py
[2024-11-13T00:02:09.176+0000] {logging_mixin.py:190} INFO - [2024-11-13T00:02:09.176+0000] {dag.py:3239} INFO - Sync 1 DAGs
[2024-11-13T00:02:09.200+0000] {logging_mixin.py:190} INFO - [2024-11-13T00:02:09.200+0000] {dag.py:4180} INFO - Setting next_dagrun for example_branch_operator to 2024-11-12 00:00:00+00:00, run_after=2024-11-13 00:00:00+00:00
[2024-11-13T00:02:09.226+0000] {processor.py:208} INFO - Processing /home/airflow/.local/lib/python3.12/site-packages/airflow/example_dags/example_branch_operator.py took 0.108 seconds
[2024-11-13T00:02:39.380+0000] {processor.py:186} INFO - Started process (PID=11199) to work on /home/airflow/.local/lib/python3.12/site-packages/airflow/example_dags/example_branch_operator.py
[2024-11-13T00:02:39.381+0000] {processor.py:914} INFO - Processing file /home/airflow/.local/lib/python3.12/site-packages/airflow/example_dags/example_branch_operator.py for tasks to queue
[2024-11-13T00:02:39.382+0000] {logging_mixin.py:190} INFO - [2024-11-13T00:02:39.382+0000] {dagbag.py:588} INFO - Filling up the DagBag from /home/airflow/.local/lib/python3.12/site-packages/airflow/example_dags/example_branch_operator.py
[2024-11-13T00:02:39.404+0000] {processor.py:925} INFO - DAG(s) 'example_branch_operator' retrieved from /home/airflow/.local/lib/python3.12/site-packages/airflow/example_dags/example_branch_operator.py
[2024-11-13T00:02:39.439+0000] {logging_mixin.py:190} INFO - [2024-11-13T00:02:39.439+0000] {dag.py:3239} INFO - Sync 1 DAGs
[2024-11-13T00:02:39.473+0000] {logging_mixin.py:190} INFO - [2024-11-13T00:02:39.473+0000] {dag.py:4180} INFO - Setting next_dagrun for example_branch_operator to 2024-11-12 00:00:00+00:00, run_after=2024-11-13 00:00:00+00:00
[2024-11-13T00:02:39.500+0000] {processor.py:208} INFO - Processing /home/airflow/.local/lib/python3.12/site-packages/airflow/example_dags/example_branch_operator.py took 0.129 seconds
[2024-11-13T00:03:10.158+0000] {processor.py:186} INFO - Started process (PID=11263) to work on /home/airflow/.local/lib/python3.12/site-packages/airflow/example_dags/example_branch_operator.py
[2024-11-13T00:03:10.159+0000] {processor.py:914} INFO - Processing file /home/airflow/.local/lib/python3.12/site-packages/airflow/example_dags/example_branch_operator.py for tasks to queue
[2024-11-13T00:03:10.161+0000] {logging_mixin.py:190} INFO - [2024-11-13T00:03:10.161+0000] {dagbag.py:588} INFO - Filling up the DagBag from /home/airflow/.local/lib/python3.12/site-packages/airflow/example_dags/example_branch_operator.py
[2024-11-13T00:03:10.183+0000] {processor.py:925} INFO - DAG(s) 'example_branch_operator' retrieved from /home/airflow/.local/lib/python3.12/site-packages/airflow/example_dags/example_branch_operator.py
[2024-11-13T00:03:10.217+0000] {logging_mixin.py:190} INFO - [2024-11-13T00:03:10.217+0000] {dag.py:3239} INFO - Sync 1 DAGs
[2024-11-13T00:03:10.242+0000] {logging_mixin.py:190} INFO - [2024-11-13T00:03:10.242+0000] {dag.py:4180} INFO - Setting next_dagrun for example_branch_operator to 2024-11-12 00:00:00+00:00, run_after=2024-11-13 00:00:00+00:00
[2024-11-13T00:03:10.264+0000] {processor.py:208} INFO - Processing /home/airflow/.local/lib/python3.12/site-packages/airflow/example_dags/example_branch_operator.py took 0.115 seconds
[2024-11-13T00:03:40.593+0000] {processor.py:186} INFO - Started process (PID=11327) to work on /home/airflow/.local/lib/python3.12/site-packages/airflow/example_dags/example_branch_operator.py
[2024-11-13T00:03:40.594+0000] {processor.py:914} INFO - Processing file /home/airflow/.local/lib/python3.12/site-packages/airflow/example_dags/example_branch_operator.py for tasks to queue
[2024-11-13T00:03:40.595+0000] {logging_mixin.py:190} INFO - [2024-11-13T00:03:40.595+0000] {dagbag.py:588} INFO - Filling up the DagBag from /home/airflow/.local/lib/python3.12/site-packages/airflow/example_dags/example_branch_operator.py
[2024-11-13T00:03:40.618+0000] {processor.py:925} INFO - DAG(s) 'example_branch_operator' retrieved from /home/airflow/.local/lib/python3.12/site-packages/airflow/example_dags/example_branch_operator.py
[2024-11-13T00:03:40.664+0000] {logging_mixin.py:190} INFO - [2024-11-13T00:03:40.664+0000] {dag.py:3239} INFO - Sync 1 DAGs
[2024-11-13T00:03:40.702+0000] {logging_mixin.py:190} INFO - [2024-11-13T00:03:40.701+0000] {dag.py:4180} INFO - Setting next_dagrun for example_branch_operator to 2024-11-12 00:00:00+00:00, run_after=2024-11-13 00:00:00+00:00
[2024-11-13T00:03:40.736+0000] {processor.py:208} INFO - Processing /home/airflow/.local/lib/python3.12/site-packages/airflow/example_dags/example_branch_operator.py took 0.155 seconds
[2024-11-13T00:04:10.856+0000] {processor.py:186} INFO - Started process (PID=11391) to work on /home/airflow/.local/lib/python3.12/site-packages/airflow/example_dags/example_branch_operator.py
[2024-11-13T00:04:10.857+0000] {processor.py:914} INFO - Processing file /home/airflow/.local/lib/python3.12/site-packages/airflow/example_dags/example_branch_operator.py for tasks to queue
[2024-11-13T00:04:10.859+0000] {logging_mixin.py:190} INFO - [2024-11-13T00:04:10.858+0000] {dagbag.py:588} INFO - Filling up the DagBag from /home/airflow/.local/lib/python3.12/site-packages/airflow/example_dags/example_branch_operator.py
[2024-11-13T00:04:10.881+0000] {processor.py:925} INFO - DAG(s) 'example_branch_operator' retrieved from /home/airflow/.local/lib/python3.12/site-packages/airflow/example_dags/example_branch_operator.py
[2024-11-13T00:04:10.914+0000] {logging_mixin.py:190} INFO - [2024-11-13T00:04:10.914+0000] {dag.py:3239} INFO - Sync 1 DAGs
[2024-11-13T00:04:10.937+0000] {logging_mixin.py:190} INFO - [2024-11-13T00:04:10.937+0000] {dag.py:4180} INFO - Setting next_dagrun for example_branch_operator to 2024-11-12 00:00:00+00:00, run_after=2024-11-13 00:00:00+00:00
[2024-11-13T00:04:10.966+0000] {processor.py:208} INFO - Processing /home/airflow/.local/lib/python3.12/site-packages/airflow/example_dags/example_branch_operator.py took 0.122 seconds
[2024-11-13T00:04:41.426+0000] {processor.py:186} INFO - Started process (PID=11455) to work on /home/airflow/.local/lib/python3.12/site-packages/airflow/example_dags/example_branch_operator.py
[2024-11-13T00:04:41.427+0000] {processor.py:914} INFO - Processing file /home/airflow/.local/lib/python3.12/site-packages/airflow/example_dags/example_branch_operator.py for tasks to queue
[2024-11-13T00:04:41.429+0000] {logging_mixin.py:190} INFO - [2024-11-13T00:04:41.428+0000] {dagbag.py:588} INFO - Filling up the DagBag from /home/airflow/.local/lib/python3.12/site-packages/airflow/example_dags/example_branch_operator.py
[2024-11-13T00:04:41.445+0000] {processor.py:925} INFO - DAG(s) 'example_branch_operator' retrieved from /home/airflow/.local/lib/python3.12/site-packages/airflow/example_dags/example_branch_operator.py
[2024-11-13T00:04:41.472+0000] {logging_mixin.py:190} INFO - [2024-11-13T00:04:41.471+0000] {dag.py:3239} INFO - Sync 1 DAGs
[2024-11-13T00:04:41.492+0000] {logging_mixin.py:190} INFO - [2024-11-13T00:04:41.492+0000] {dag.py:4180} INFO - Setting next_dagrun for example_branch_operator to 2024-11-12 00:00:00+00:00, run_after=2024-11-13 00:00:00+00:00
[2024-11-13T00:04:41.515+0000] {processor.py:208} INFO - Processing /home/airflow/.local/lib/python3.12/site-packages/airflow/example_dags/example_branch_operator.py took 0.095 seconds
[2024-11-13T00:05:12.021+0000] {processor.py:186} INFO - Started process (PID=11519) to work on /home/airflow/.local/lib/python3.12/site-packages/airflow/example_dags/example_branch_operator.py
[2024-11-13T00:05:12.023+0000] {processor.py:914} INFO - Processing file /home/airflow/.local/lib/python3.12/site-packages/airflow/example_dags/example_branch_operator.py for tasks to queue
[2024-11-13T00:05:12.024+0000] {logging_mixin.py:190} INFO - [2024-11-13T00:05:12.024+0000] {dagbag.py:588} INFO - Filling up the DagBag from /home/airflow/.local/lib/python3.12/site-packages/airflow/example_dags/example_branch_operator.py
[2024-11-13T00:05:12.049+0000] {processor.py:925} INFO - DAG(s) 'example_branch_operator' retrieved from /home/airflow/.local/lib/python3.12/site-packages/airflow/example_dags/example_branch_operator.py
[2024-11-13T00:05:12.080+0000] {logging_mixin.py:190} INFO - [2024-11-13T00:05:12.080+0000] {dag.py:3239} INFO - Sync 1 DAGs
[2024-11-13T00:05:12.108+0000] {logging_mixin.py:190} INFO - [2024-11-13T00:05:12.108+0000] {dag.py:4180} INFO - Setting next_dagrun for example_branch_operator to 2024-11-12 00:00:00+00:00, run_after=2024-11-13 00:00:00+00:00
[2024-11-13T00:05:12.136+0000] {processor.py:208} INFO - Processing /home/airflow/.local/lib/python3.12/site-packages/airflow/example_dags/example_branch_operator.py took 0.124 seconds
[2024-11-13T00:05:42.850+0000] {processor.py:186} INFO - Started process (PID=11584) to work on /home/airflow/.local/lib/python3.12/site-packages/airflow/example_dags/example_branch_operator.py
[2024-11-13T00:05:42.851+0000] {processor.py:914} INFO - Processing file /home/airflow/.local/lib/python3.12/site-packages/airflow/example_dags/example_branch_operator.py for tasks to queue
[2024-11-13T00:05:42.853+0000] {logging_mixin.py:190} INFO - [2024-11-13T00:05:42.852+0000] {dagbag.py:588} INFO - Filling up the DagBag from /home/airflow/.local/lib/python3.12/site-packages/airflow/example_dags/example_branch_operator.py
[2024-11-13T00:05:42.883+0000] {processor.py:925} INFO - DAG(s) 'example_branch_operator' retrieved from /home/airflow/.local/lib/python3.12/site-packages/airflow/example_dags/example_branch_operator.py
[2024-11-13T00:05:42.920+0000] {logging_mixin.py:190} INFO - [2024-11-13T00:05:42.920+0000] {dag.py:3239} INFO - Sync 1 DAGs
[2024-11-13T00:05:42.953+0000] {logging_mixin.py:190} INFO - [2024-11-13T00:05:42.953+0000] {dag.py:4180} INFO - Setting next_dagrun for example_branch_operator to 2024-11-12 00:00:00+00:00, run_after=2024-11-13 00:00:00+00:00
[2024-11-13T00:05:42.986+0000] {processor.py:208} INFO - Processing /home/airflow/.local/lib/python3.12/site-packages/airflow/example_dags/example_branch_operator.py took 0.147 seconds
[2024-11-13T00:06:13.658+0000] {processor.py:186} INFO - Started process (PID=11648) to work on /home/airflow/.local/lib/python3.12/site-packages/airflow/example_dags/example_branch_operator.py
[2024-11-13T00:06:13.662+0000] {processor.py:914} INFO - Processing file /home/airflow/.local/lib/python3.12/site-packages/airflow/example_dags/example_branch_operator.py for tasks to queue
[2024-11-13T00:06:13.665+0000] {logging_mixin.py:190} INFO - [2024-11-13T00:06:13.664+0000] {dagbag.py:588} INFO - Filling up the DagBag from /home/airflow/.local/lib/python3.12/site-packages/airflow/example_dags/example_branch_operator.py
[2024-11-13T00:06:13.695+0000] {processor.py:925} INFO - DAG(s) 'example_branch_operator' retrieved from /home/airflow/.local/lib/python3.12/site-packages/airflow/example_dags/example_branch_operator.py
[2024-11-13T00:06:13.736+0000] {logging_mixin.py:190} INFO - [2024-11-13T00:06:13.735+0000] {dag.py:3239} INFO - Sync 1 DAGs
[2024-11-13T00:06:13.798+0000] {logging_mixin.py:190} INFO - [2024-11-13T00:06:13.797+0000] {dag.py:4180} INFO - Setting next_dagrun for example_branch_operator to 2024-11-12 00:00:00+00:00, run_after=2024-11-13 00:00:00+00:00
[2024-11-13T00:06:13.858+0000] {processor.py:208} INFO - Processing /home/airflow/.local/lib/python3.12/site-packages/airflow/example_dags/example_branch_operator.py took 0.214 seconds
[2024-11-13T00:06:44.315+0000] {processor.py:186} INFO - Started process (PID=11712) to work on /home/airflow/.local/lib/python3.12/site-packages/airflow/example_dags/example_branch_operator.py
[2024-11-13T00:06:44.316+0000] {processor.py:914} INFO - Processing file /home/airflow/.local/lib/python3.12/site-packages/airflow/example_dags/example_branch_operator.py for tasks to queue
[2024-11-13T00:06:44.318+0000] {logging_mixin.py:190} INFO - [2024-11-13T00:06:44.317+0000] {dagbag.py:588} INFO - Filling up the DagBag from /home/airflow/.local/lib/python3.12/site-packages/airflow/example_dags/example_branch_operator.py
[2024-11-13T00:06:44.345+0000] {processor.py:925} INFO - DAG(s) 'example_branch_operator' retrieved from /home/airflow/.local/lib/python3.12/site-packages/airflow/example_dags/example_branch_operator.py
[2024-11-13T00:06:44.374+0000] {logging_mixin.py:190} INFO - [2024-11-13T00:06:44.374+0000] {dag.py:3239} INFO - Sync 1 DAGs
[2024-11-13T00:06:44.398+0000] {logging_mixin.py:190} INFO - [2024-11-13T00:06:44.398+0000] {dag.py:4180} INFO - Setting next_dagrun for example_branch_operator to 2024-11-12 00:00:00+00:00, run_after=2024-11-13 00:00:00+00:00
[2024-11-13T00:06:44.422+0000] {processor.py:208} INFO - Processing /home/airflow/.local/lib/python3.12/site-packages/airflow/example_dags/example_branch_operator.py took 0.115 seconds
[2024-11-13T00:07:14.788+0000] {processor.py:186} INFO - Started process (PID=11776) to work on /home/airflow/.local/lib/python3.12/site-packages/airflow/example_dags/example_branch_operator.py
[2024-11-13T00:07:14.789+0000] {processor.py:914} INFO - Processing file /home/airflow/.local/lib/python3.12/site-packages/airflow/example_dags/example_branch_operator.py for tasks to queue
[2024-11-13T00:07:14.791+0000] {logging_mixin.py:190} INFO - [2024-11-13T00:07:14.791+0000] {dagbag.py:588} INFO - Filling up the DagBag from /home/airflow/.local/lib/python3.12/site-packages/airflow/example_dags/example_branch_operator.py
[2024-11-13T00:07:14.809+0000] {processor.py:925} INFO - DAG(s) 'example_branch_operator' retrieved from /home/airflow/.local/lib/python3.12/site-packages/airflow/example_dags/example_branch_operator.py
[2024-11-13T00:07:14.833+0000] {logging_mixin.py:190} INFO - [2024-11-13T00:07:14.833+0000] {dag.py:3239} INFO - Sync 1 DAGs
[2024-11-13T00:07:14.863+0000] {logging_mixin.py:190} INFO - [2024-11-13T00:07:14.862+0000] {dag.py:4180} INFO - Setting next_dagrun for example_branch_operator to 2024-11-12 00:00:00+00:00, run_after=2024-11-13 00:00:00+00:00
[2024-11-13T00:07:14.893+0000] {processor.py:208} INFO - Processing /home/airflow/.local/lib/python3.12/site-packages/airflow/example_dags/example_branch_operator.py took 0.111 seconds
[2024-11-13T00:07:45.287+0000] {processor.py:186} INFO - Started process (PID=11840) to work on /home/airflow/.local/lib/python3.12/site-packages/airflow/example_dags/example_branch_operator.py
[2024-11-13T00:07:45.288+0000] {processor.py:914} INFO - Processing file /home/airflow/.local/lib/python3.12/site-packages/airflow/example_dags/example_branch_operator.py for tasks to queue
[2024-11-13T00:07:45.290+0000] {logging_mixin.py:190} INFO - [2024-11-13T00:07:45.289+0000] {dagbag.py:588} INFO - Filling up the DagBag from /home/airflow/.local/lib/python3.12/site-packages/airflow/example_dags/example_branch_operator.py
[2024-11-13T00:07:45.310+0000] {processor.py:925} INFO - DAG(s) 'example_branch_operator' retrieved from /home/airflow/.local/lib/python3.12/site-packages/airflow/example_dags/example_branch_operator.py
[2024-11-13T00:07:45.343+0000] {logging_mixin.py:190} INFO - [2024-11-13T00:07:45.343+0000] {dag.py:3239} INFO - Sync 1 DAGs
[2024-11-13T00:07:45.368+0000] {logging_mixin.py:190} INFO - [2024-11-13T00:07:45.368+0000] {dag.py:4180} INFO - Setting next_dagrun for example_branch_operator to 2024-11-12 00:00:00+00:00, run_after=2024-11-13 00:00:00+00:00
[2024-11-13T00:07:45.393+0000] {processor.py:208} INFO - Processing /home/airflow/.local/lib/python3.12/site-packages/airflow/example_dags/example_branch_operator.py took 0.115 seconds
[2024-11-13T00:08:16.328+0000] {processor.py:186} INFO - Started process (PID=11904) to work on /home/airflow/.local/lib/python3.12/site-packages/airflow/example_dags/example_branch_operator.py
[2024-11-13T00:08:16.330+0000] {processor.py:914} INFO - Processing file /home/airflow/.local/lib/python3.12/site-packages/airflow/example_dags/example_branch_operator.py for tasks to queue
[2024-11-13T00:08:16.332+0000] {logging_mixin.py:190} INFO - [2024-11-13T00:08:16.331+0000] {dagbag.py:588} INFO - Filling up the DagBag from /home/airflow/.local/lib/python3.12/site-packages/airflow/example_dags/example_branch_operator.py
[2024-11-13T00:08:16.375+0000] {processor.py:925} INFO - DAG(s) 'example_branch_operator' retrieved from /home/airflow/.local/lib/python3.12/site-packages/airflow/example_dags/example_branch_operator.py
[2024-11-13T00:08:16.410+0000] {logging_mixin.py:190} INFO - [2024-11-13T00:08:16.410+0000] {dag.py:3239} INFO - Sync 1 DAGs
[2024-11-13T00:08:16.439+0000] {logging_mixin.py:190} INFO - [2024-11-13T00:08:16.439+0000] {dag.py:4180} INFO - Setting next_dagrun for example_branch_operator to 2024-11-12 00:00:00+00:00, run_after=2024-11-13 00:00:00+00:00
[2024-11-13T00:08:16.472+0000] {processor.py:208} INFO - Processing /home/airflow/.local/lib/python3.12/site-packages/airflow/example_dags/example_branch_operator.py took 0.151 seconds
[2024-11-13T00:08:46.965+0000] {processor.py:186} INFO - Started process (PID=11967) to work on /home/airflow/.local/lib/python3.12/site-packages/airflow/example_dags/example_branch_operator.py
[2024-11-13T00:08:46.968+0000] {processor.py:914} INFO - Processing file /home/airflow/.local/lib/python3.12/site-packages/airflow/example_dags/example_branch_operator.py for tasks to queue
[2024-11-13T00:08:46.970+0000] {logging_mixin.py:190} INFO - [2024-11-13T00:08:46.969+0000] {dagbag.py:588} INFO - Filling up the DagBag from /home/airflow/.local/lib/python3.12/site-packages/airflow/example_dags/example_branch_operator.py
[2024-11-13T00:08:47.029+0000] {processor.py:925} INFO - DAG(s) 'example_branch_operator' retrieved from /home/airflow/.local/lib/python3.12/site-packages/airflow/example_dags/example_branch_operator.py
[2024-11-13T00:08:47.097+0000] {logging_mixin.py:190} INFO - [2024-11-13T00:08:47.095+0000] {dag.py:3239} INFO - Sync 1 DAGs
[2024-11-13T00:08:47.179+0000] {logging_mixin.py:190} INFO - [2024-11-13T00:08:47.178+0000] {dag.py:4180} INFO - Setting next_dagrun for example_branch_operator to 2024-11-12 00:00:00+00:00, run_after=2024-11-13 00:00:00+00:00
[2024-11-13T00:08:47.282+0000] {processor.py:208} INFO - Processing /home/airflow/.local/lib/python3.12/site-packages/airflow/example_dags/example_branch_operator.py took 0.329 seconds
[2024-11-13T00:09:17.864+0000] {processor.py:186} INFO - Started process (PID=12031) to work on /home/airflow/.local/lib/python3.12/site-packages/airflow/example_dags/example_branch_operator.py
[2024-11-13T00:09:17.865+0000] {processor.py:914} INFO - Processing file /home/airflow/.local/lib/python3.12/site-packages/airflow/example_dags/example_branch_operator.py for tasks to queue
[2024-11-13T00:09:17.871+0000] {logging_mixin.py:190} INFO - [2024-11-13T00:09:17.869+0000] {dagbag.py:588} INFO - Filling up the DagBag from /home/airflow/.local/lib/python3.12/site-packages/airflow/example_dags/example_branch_operator.py
[2024-11-13T00:09:17.922+0000] {processor.py:925} INFO - DAG(s) 'example_branch_operator' retrieved from /home/airflow/.local/lib/python3.12/site-packages/airflow/example_dags/example_branch_operator.py
[2024-11-13T00:09:17.961+0000] {logging_mixin.py:190} INFO - [2024-11-13T00:09:17.960+0000] {dag.py:3239} INFO - Sync 1 DAGs
[2024-11-13T00:09:17.991+0000] {logging_mixin.py:190} INFO - [2024-11-13T00:09:17.991+0000] {dag.py:4180} INFO - Setting next_dagrun for example_branch_operator to 2024-11-12 00:00:00+00:00, run_after=2024-11-13 00:00:00+00:00
[2024-11-13T00:09:18.022+0000] {processor.py:208} INFO - Processing /home/airflow/.local/lib/python3.12/site-packages/airflow/example_dags/example_branch_operator.py took 0.170 seconds
[2024-11-13T00:09:48.523+0000] {processor.py:186} INFO - Started process (PID=12095) to work on /home/airflow/.local/lib/python3.12/site-packages/airflow/example_dags/example_branch_operator.py
[2024-11-13T00:09:48.524+0000] {processor.py:914} INFO - Processing file /home/airflow/.local/lib/python3.12/site-packages/airflow/example_dags/example_branch_operator.py for tasks to queue
[2024-11-13T00:09:48.525+0000] {logging_mixin.py:190} INFO - [2024-11-13T00:09:48.525+0000] {dagbag.py:588} INFO - Filling up the DagBag from /home/airflow/.local/lib/python3.12/site-packages/airflow/example_dags/example_branch_operator.py
[2024-11-13T00:09:48.547+0000] {processor.py:925} INFO - DAG(s) 'example_branch_operator' retrieved from /home/airflow/.local/lib/python3.12/site-packages/airflow/example_dags/example_branch_operator.py
[2024-11-13T00:09:48.578+0000] {logging_mixin.py:190} INFO - [2024-11-13T00:09:48.578+0000] {dag.py:3239} INFO - Sync 1 DAGs
[2024-11-13T00:09:48.608+0000] {logging_mixin.py:190} INFO - [2024-11-13T00:09:48.608+0000] {dag.py:4180} INFO - Setting next_dagrun for example_branch_operator to 2024-11-12 00:00:00+00:00, run_after=2024-11-13 00:00:00+00:00
[2024-11-13T00:09:48.639+0000] {processor.py:208} INFO - Processing /home/airflow/.local/lib/python3.12/site-packages/airflow/example_dags/example_branch_operator.py took 0.122 seconds
[2024-11-13T00:10:18.733+0000] {processor.py:186} INFO - Started process (PID=12159) to work on /home/airflow/.local/lib/python3.12/site-packages/airflow/example_dags/example_branch_operator.py
[2024-11-13T00:10:18.734+0000] {processor.py:914} INFO - Processing file /home/airflow/.local/lib/python3.12/site-packages/airflow/example_dags/example_branch_operator.py for tasks to queue
[2024-11-13T00:10:18.735+0000] {logging_mixin.py:190} INFO - [2024-11-13T00:10:18.735+0000] {dagbag.py:588} INFO - Filling up the DagBag from /home/airflow/.local/lib/python3.12/site-packages/airflow/example_dags/example_branch_operator.py
[2024-11-13T00:10:18.754+0000] {processor.py:925} INFO - DAG(s) 'example_branch_operator' retrieved from /home/airflow/.local/lib/python3.12/site-packages/airflow/example_dags/example_branch_operator.py
[2024-11-13T00:10:18.784+0000] {logging_mixin.py:190} INFO - [2024-11-13T00:10:18.784+0000] {dag.py:3239} INFO - Sync 1 DAGs
[2024-11-13T00:10:18.811+0000] {logging_mixin.py:190} INFO - [2024-11-13T00:10:18.810+0000] {dag.py:4180} INFO - Setting next_dagrun for example_branch_operator to 2024-11-12 00:00:00+00:00, run_after=2024-11-13 00:00:00+00:00
[2024-11-13T00:10:18.851+0000] {processor.py:208} INFO - Processing /home/airflow/.local/lib/python3.12/site-packages/airflow/example_dags/example_branch_operator.py took 0.125 seconds
[2024-11-13T00:10:49.398+0000] {processor.py:186} INFO - Started process (PID=12223) to work on /home/airflow/.local/lib/python3.12/site-packages/airflow/example_dags/example_branch_operator.py
[2024-11-13T00:10:49.399+0000] {processor.py:914} INFO - Processing file /home/airflow/.local/lib/python3.12/site-packages/airflow/example_dags/example_branch_operator.py for tasks to queue
[2024-11-13T00:10:49.401+0000] {logging_mixin.py:190} INFO - [2024-11-13T00:10:49.400+0000] {dagbag.py:588} INFO - Filling up the DagBag from /home/airflow/.local/lib/python3.12/site-packages/airflow/example_dags/example_branch_operator.py
[2024-11-13T00:10:49.419+0000] {processor.py:925} INFO - DAG(s) 'example_branch_operator' retrieved from /home/airflow/.local/lib/python3.12/site-packages/airflow/example_dags/example_branch_operator.py
[2024-11-13T00:10:49.447+0000] {logging_mixin.py:190} INFO - [2024-11-13T00:10:49.447+0000] {dag.py:3239} INFO - Sync 1 DAGs
[2024-11-13T00:10:49.470+0000] {logging_mixin.py:190} INFO - [2024-11-13T00:10:49.470+0000] {dag.py:4180} INFO - Setting next_dagrun for example_branch_operator to 2024-11-12 00:00:00+00:00, run_after=2024-11-13 00:00:00+00:00
[2024-11-13T00:10:49.493+0000] {processor.py:208} INFO - Processing /home/airflow/.local/lib/python3.12/site-packages/airflow/example_dags/example_branch_operator.py took 0.104 seconds
[2024-11-13T00:11:19.552+0000] {processor.py:186} INFO - Started process (PID=12287) to work on /home/airflow/.local/lib/python3.12/site-packages/airflow/example_dags/example_branch_operator.py
[2024-11-13T00:11:19.553+0000] {processor.py:914} INFO - Processing file /home/airflow/.local/lib/python3.12/site-packages/airflow/example_dags/example_branch_operator.py for tasks to queue
[2024-11-13T00:11:19.554+0000] {logging_mixin.py:190} INFO - [2024-11-13T00:11:19.554+0000] {dagbag.py:588} INFO - Filling up the DagBag from /home/airflow/.local/lib/python3.12/site-packages/airflow/example_dags/example_branch_operator.py
[2024-11-13T00:11:19.577+0000] {processor.py:925} INFO - DAG(s) 'example_branch_operator' retrieved from /home/airflow/.local/lib/python3.12/site-packages/airflow/example_dags/example_branch_operator.py
[2024-11-13T00:11:19.604+0000] {logging_mixin.py:190} INFO - [2024-11-13T00:11:19.604+0000] {dag.py:3239} INFO - Sync 1 DAGs
[2024-11-13T00:11:19.626+0000] {logging_mixin.py:190} INFO - [2024-11-13T00:11:19.626+0000] {dag.py:4180} INFO - Setting next_dagrun for example_branch_operator to 2024-11-12 00:00:00+00:00, run_after=2024-11-13 00:00:00+00:00
[2024-11-13T00:11:19.647+0000] {processor.py:208} INFO - Processing /home/airflow/.local/lib/python3.12/site-packages/airflow/example_dags/example_branch_operator.py took 0.103 seconds
[2024-11-13T00:11:49.708+0000] {processor.py:186} INFO - Started process (PID=12350) to work on /home/airflow/.local/lib/python3.12/site-packages/airflow/example_dags/example_branch_operator.py
[2024-11-13T00:11:49.709+0000] {processor.py:914} INFO - Processing file /home/airflow/.local/lib/python3.12/site-packages/airflow/example_dags/example_branch_operator.py for tasks to queue
[2024-11-13T00:11:49.710+0000] {logging_mixin.py:190} INFO - [2024-11-13T00:11:49.710+0000] {dagbag.py:588} INFO - Filling up the DagBag from /home/airflow/.local/lib/python3.12/site-packages/airflow/example_dags/example_branch_operator.py
[2024-11-13T00:11:49.726+0000] {processor.py:925} INFO - DAG(s) 'example_branch_operator' retrieved from /home/airflow/.local/lib/python3.12/site-packages/airflow/example_dags/example_branch_operator.py
[2024-11-13T00:11:49.752+0000] {logging_mixin.py:190} INFO - [2024-11-13T00:11:49.752+0000] {dag.py:3239} INFO - Sync 1 DAGs
[2024-11-13T00:11:49.773+0000] {logging_mixin.py:190} INFO - [2024-11-13T00:11:49.773+0000] {dag.py:4180} INFO - Setting next_dagrun for example_branch_operator to 2024-11-12 00:00:00+00:00, run_after=2024-11-13 00:00:00+00:00
[2024-11-13T00:11:49.796+0000] {processor.py:208} INFO - Processing /home/airflow/.local/lib/python3.12/site-packages/airflow/example_dags/example_branch_operator.py took 0.095 seconds
[2024-11-13T00:12:20.002+0000] {processor.py:186} INFO - Started process (PID=12414) to work on /home/airflow/.local/lib/python3.12/site-packages/airflow/example_dags/example_branch_operator.py
[2024-11-13T00:12:20.002+0000] {processor.py:914} INFO - Processing file /home/airflow/.local/lib/python3.12/site-packages/airflow/example_dags/example_branch_operator.py for tasks to queue
[2024-11-13T00:12:20.004+0000] {logging_mixin.py:190} INFO - [2024-11-13T00:12:20.004+0000] {dagbag.py:588} INFO - Filling up the DagBag from /home/airflow/.local/lib/python3.12/site-packages/airflow/example_dags/example_branch_operator.py
[2024-11-13T00:12:20.020+0000] {processor.py:925} INFO - DAG(s) 'example_branch_operator' retrieved from /home/airflow/.local/lib/python3.12/site-packages/airflow/example_dags/example_branch_operator.py
[2024-11-13T00:12:20.045+0000] {logging_mixin.py:190} INFO - [2024-11-13T00:12:20.045+0000] {dag.py:3239} INFO - Sync 1 DAGs
[2024-11-13T00:12:20.066+0000] {logging_mixin.py:190} INFO - [2024-11-13T00:12:20.066+0000] {dag.py:4180} INFO - Setting next_dagrun for example_branch_operator to 2024-11-12 00:00:00+00:00, run_after=2024-11-13 00:00:00+00:00
[2024-11-13T00:12:20.087+0000] {processor.py:208} INFO - Processing /home/airflow/.local/lib/python3.12/site-packages/airflow/example_dags/example_branch_operator.py took 0.092 seconds
[2024-11-13T00:12:50.399+0000] {processor.py:186} INFO - Started process (PID=12478) to work on /home/airflow/.local/lib/python3.12/site-packages/airflow/example_dags/example_branch_operator.py
[2024-11-13T00:12:50.400+0000] {processor.py:914} INFO - Processing file /home/airflow/.local/lib/python3.12/site-packages/airflow/example_dags/example_branch_operator.py for tasks to queue
[2024-11-13T00:12:50.402+0000] {logging_mixin.py:190} INFO - [2024-11-13T00:12:50.401+0000] {dagbag.py:588} INFO - Filling up the DagBag from /home/airflow/.local/lib/python3.12/site-packages/airflow/example_dags/example_branch_operator.py
[2024-11-13T00:12:50.418+0000] {processor.py:925} INFO - DAG(s) 'example_branch_operator' retrieved from /home/airflow/.local/lib/python3.12/site-packages/airflow/example_dags/example_branch_operator.py
[2024-11-13T00:12:50.447+0000] {logging_mixin.py:190} INFO - [2024-11-13T00:12:50.447+0000] {dag.py:3239} INFO - Sync 1 DAGs
[2024-11-13T00:12:50.471+0000] {logging_mixin.py:190} INFO - [2024-11-13T00:12:50.470+0000] {dag.py:4180} INFO - Setting next_dagrun for example_branch_operator to 2024-11-12 00:00:00+00:00, run_after=2024-11-13 00:00:00+00:00
[2024-11-13T00:12:50.494+0000] {processor.py:208} INFO - Processing /home/airflow/.local/lib/python3.12/site-packages/airflow/example_dags/example_branch_operator.py took 0.102 seconds
[2024-11-13T00:13:20.576+0000] {processor.py:186} INFO - Started process (PID=12542) to work on /home/airflow/.local/lib/python3.12/site-packages/airflow/example_dags/example_branch_operator.py
[2024-11-13T00:13:20.577+0000] {processor.py:914} INFO - Processing file /home/airflow/.local/lib/python3.12/site-packages/airflow/example_dags/example_branch_operator.py for tasks to queue
[2024-11-13T00:13:20.578+0000] {logging_mixin.py:190} INFO - [2024-11-13T00:13:20.578+0000] {dagbag.py:588} INFO - Filling up the DagBag from /home/airflow/.local/lib/python3.12/site-packages/airflow/example_dags/example_branch_operator.py
[2024-11-13T00:13:20.597+0000] {processor.py:925} INFO - DAG(s) 'example_branch_operator' retrieved from /home/airflow/.local/lib/python3.12/site-packages/airflow/example_dags/example_branch_operator.py
[2024-11-13T00:13:20.627+0000] {logging_mixin.py:190} INFO - [2024-11-13T00:13:20.626+0000] {dag.py:3239} INFO - Sync 1 DAGs
[2024-11-13T00:13:20.653+0000] {logging_mixin.py:190} INFO - [2024-11-13T00:13:20.652+0000] {dag.py:4180} INFO - Setting next_dagrun for example_branch_operator to 2024-11-12 00:00:00+00:00, run_after=2024-11-13 00:00:00+00:00
[2024-11-13T00:13:20.680+0000] {processor.py:208} INFO - Processing /home/airflow/.local/lib/python3.12/site-packages/airflow/example_dags/example_branch_operator.py took 0.112 seconds
[2024-11-13T00:13:51.496+0000] {processor.py:186} INFO - Started process (PID=12606) to work on /home/airflow/.local/lib/python3.12/site-packages/airflow/example_dags/example_branch_operator.py
[2024-11-13T00:13:51.498+0000] {processor.py:914} INFO - Processing file /home/airflow/.local/lib/python3.12/site-packages/airflow/example_dags/example_branch_operator.py for tasks to queue
[2024-11-13T00:13:51.501+0000] {logging_mixin.py:190} INFO - [2024-11-13T00:13:51.500+0000] {dagbag.py:588} INFO - Filling up the DagBag from /home/airflow/.local/lib/python3.12/site-packages/airflow/example_dags/example_branch_operator.py
[2024-11-13T00:13:51.530+0000] {processor.py:925} INFO - DAG(s) 'example_branch_operator' retrieved from /home/airflow/.local/lib/python3.12/site-packages/airflow/example_dags/example_branch_operator.py
[2024-11-13T00:13:51.566+0000] {logging_mixin.py:190} INFO - [2024-11-13T00:13:51.565+0000] {dag.py:3239} INFO - Sync 1 DAGs
[2024-11-13T00:13:51.605+0000] {logging_mixin.py:190} INFO - [2024-11-13T00:13:51.605+0000] {dag.py:4180} INFO - Setting next_dagrun for example_branch_operator to 2024-11-12 00:00:00+00:00, run_after=2024-11-13 00:00:00+00:00
[2024-11-13T00:13:51.637+0000] {processor.py:208} INFO - Processing /home/airflow/.local/lib/python3.12/site-packages/airflow/example_dags/example_branch_operator.py took 0.163 seconds
[2024-11-13T00:14:21.730+0000] {processor.py:186} INFO - Started process (PID=12670) to work on /home/airflow/.local/lib/python3.12/site-packages/airflow/example_dags/example_branch_operator.py
[2024-11-13T00:14:21.731+0000] {processor.py:914} INFO - Processing file /home/airflow/.local/lib/python3.12/site-packages/airflow/example_dags/example_branch_operator.py for tasks to queue
[2024-11-13T00:14:21.733+0000] {logging_mixin.py:190} INFO - [2024-11-13T00:14:21.732+0000] {dagbag.py:588} INFO - Filling up the DagBag from /home/airflow/.local/lib/python3.12/site-packages/airflow/example_dags/example_branch_operator.py
[2024-11-13T00:14:21.753+0000] {processor.py:925} INFO - DAG(s) 'example_branch_operator' retrieved from /home/airflow/.local/lib/python3.12/site-packages/airflow/example_dags/example_branch_operator.py
[2024-11-13T00:14:21.790+0000] {logging_mixin.py:190} INFO - [2024-11-13T00:14:21.789+0000] {dag.py:3239} INFO - Sync 1 DAGs
[2024-11-13T00:14:21.822+0000] {logging_mixin.py:190} INFO - [2024-11-13T00:14:21.822+0000] {dag.py:4180} INFO - Setting next_dagrun for example_branch_operator to 2024-11-12 00:00:00+00:00, run_after=2024-11-13 00:00:00+00:00
[2024-11-13T00:14:21.853+0000] {processor.py:208} INFO - Processing /home/airflow/.local/lib/python3.12/site-packages/airflow/example_dags/example_branch_operator.py took 0.130 seconds
[2024-11-13T00:14:51.949+0000] {processor.py:186} INFO - Started process (PID=12734) to work on /home/airflow/.local/lib/python3.12/site-packages/airflow/example_dags/example_branch_operator.py
[2024-11-13T00:14:51.950+0000] {processor.py:914} INFO - Processing file /home/airflow/.local/lib/python3.12/site-packages/airflow/example_dags/example_branch_operator.py for tasks to queue
[2024-11-13T00:14:51.951+0000] {logging_mixin.py:190} INFO - [2024-11-13T00:14:51.951+0000] {dagbag.py:588} INFO - Filling up the DagBag from /home/airflow/.local/lib/python3.12/site-packages/airflow/example_dags/example_branch_operator.py
[2024-11-13T00:14:51.977+0000] {processor.py:925} INFO - DAG(s) 'example_branch_operator' retrieved from /home/airflow/.local/lib/python3.12/site-packages/airflow/example_dags/example_branch_operator.py
[2024-11-13T00:14:52.007+0000] {logging_mixin.py:190} INFO - [2024-11-13T00:14:52.006+0000] {dag.py:3239} INFO - Sync 1 DAGs
[2024-11-13T00:14:52.029+0000] {logging_mixin.py:190} INFO - [2024-11-13T00:14:52.028+0000] {dag.py:4180} INFO - Setting next_dagrun for example_branch_operator to 2024-11-12 00:00:00+00:00, run_after=2024-11-13 00:00:00+00:00
[2024-11-13T00:14:52.051+0000] {processor.py:208} INFO - Processing /home/airflow/.local/lib/python3.12/site-packages/airflow/example_dags/example_branch_operator.py took 0.110 seconds
[2024-11-13T00:15:22.443+0000] {processor.py:186} INFO - Started process (PID=12798) to work on /home/airflow/.local/lib/python3.12/site-packages/airflow/example_dags/example_branch_operator.py
[2024-11-13T00:15:22.444+0000] {processor.py:914} INFO - Processing file /home/airflow/.local/lib/python3.12/site-packages/airflow/example_dags/example_branch_operator.py for tasks to queue
[2024-11-13T00:15:22.445+0000] {logging_mixin.py:190} INFO - [2024-11-13T00:15:22.445+0000] {dagbag.py:588} INFO - Filling up the DagBag from /home/airflow/.local/lib/python3.12/site-packages/airflow/example_dags/example_branch_operator.py
[2024-11-13T00:15:22.466+0000] {processor.py:925} INFO - DAG(s) 'example_branch_operator' retrieved from /home/airflow/.local/lib/python3.12/site-packages/airflow/example_dags/example_branch_operator.py
[2024-11-13T00:15:22.494+0000] {logging_mixin.py:190} INFO - [2024-11-13T00:15:22.494+0000] {dag.py:3239} INFO - Sync 1 DAGs
[2024-11-13T00:15:22.518+0000] {logging_mixin.py:190} INFO - [2024-11-13T00:15:22.518+0000] {dag.py:4180} INFO - Setting next_dagrun for example_branch_operator to 2024-11-12 00:00:00+00:00, run_after=2024-11-13 00:00:00+00:00
[2024-11-13T00:15:22.542+0000] {processor.py:208} INFO - Processing /home/airflow/.local/lib/python3.12/site-packages/airflow/example_dags/example_branch_operator.py took 0.105 seconds
[2024-11-13T00:15:52.692+0000] {processor.py:186} INFO - Started process (PID=12862) to work on /home/airflow/.local/lib/python3.12/site-packages/airflow/example_dags/example_branch_operator.py
[2024-11-13T00:15:52.693+0000] {processor.py:914} INFO - Processing file /home/airflow/.local/lib/python3.12/site-packages/airflow/example_dags/example_branch_operator.py for tasks to queue
[2024-11-13T00:15:52.695+0000] {logging_mixin.py:190} INFO - [2024-11-13T00:15:52.695+0000] {dagbag.py:588} INFO - Filling up the DagBag from /home/airflow/.local/lib/python3.12/site-packages/airflow/example_dags/example_branch_operator.py
[2024-11-13T00:15:52.713+0000] {processor.py:925} INFO - DAG(s) 'example_branch_operator' retrieved from /home/airflow/.local/lib/python3.12/site-packages/airflow/example_dags/example_branch_operator.py
[2024-11-13T00:15:52.740+0000] {logging_mixin.py:190} INFO - [2024-11-13T00:15:52.740+0000] {dag.py:3239} INFO - Sync 1 DAGs
[2024-11-13T00:15:52.762+0000] {logging_mixin.py:190} INFO - [2024-11-13T00:15:52.762+0000] {dag.py:4180} INFO - Setting next_dagrun for example_branch_operator to 2024-11-12 00:00:00+00:00, run_after=2024-11-13 00:00:00+00:00
[2024-11-13T00:15:52.789+0000] {processor.py:208} INFO - Processing /home/airflow/.local/lib/python3.12/site-packages/airflow/example_dags/example_branch_operator.py took 0.103 seconds
[2024-11-13T00:16:23.324+0000] {processor.py:186} INFO - Started process (PID=12927) to work on /home/airflow/.local/lib/python3.12/site-packages/airflow/example_dags/example_branch_operator.py
[2024-11-13T00:16:23.325+0000] {processor.py:914} INFO - Processing file /home/airflow/.local/lib/python3.12/site-packages/airflow/example_dags/example_branch_operator.py for tasks to queue
[2024-11-13T00:16:23.327+0000] {logging_mixin.py:190} INFO - [2024-11-13T00:16:23.326+0000] {dagbag.py:588} INFO - Filling up the DagBag from /home/airflow/.local/lib/python3.12/site-packages/airflow/example_dags/example_branch_operator.py
[2024-11-13T00:16:23.347+0000] {processor.py:925} INFO - DAG(s) 'example_branch_operator' retrieved from /home/airflow/.local/lib/python3.12/site-packages/airflow/example_dags/example_branch_operator.py
[2024-11-13T00:16:23.378+0000] {logging_mixin.py:190} INFO - [2024-11-13T00:16:23.378+0000] {dag.py:3239} INFO - Sync 1 DAGs
[2024-11-13T00:16:23.406+0000] {logging_mixin.py:190} INFO - [2024-11-13T00:16:23.405+0000] {dag.py:4180} INFO - Setting next_dagrun for example_branch_operator to 2024-11-12 00:00:00+00:00, run_after=2024-11-13 00:00:00+00:00
[2024-11-13T00:16:23.434+0000] {processor.py:208} INFO - Processing /home/airflow/.local/lib/python3.12/site-packages/airflow/example_dags/example_branch_operator.py took 0.119 seconds
[2024-11-13T00:16:53.828+0000] {processor.py:186} INFO - Started process (PID=12990) to work on /home/airflow/.local/lib/python3.12/site-packages/airflow/example_dags/example_branch_operator.py
[2024-11-13T00:16:53.829+0000] {processor.py:914} INFO - Processing file /home/airflow/.local/lib/python3.12/site-packages/airflow/example_dags/example_branch_operator.py for tasks to queue
[2024-11-13T00:16:53.830+0000] {logging_mixin.py:190} INFO - [2024-11-13T00:16:53.830+0000] {dagbag.py:588} INFO - Filling up the DagBag from /home/airflow/.local/lib/python3.12/site-packages/airflow/example_dags/example_branch_operator.py
[2024-11-13T00:16:53.851+0000] {processor.py:925} INFO - DAG(s) 'example_branch_operator' retrieved from /home/airflow/.local/lib/python3.12/site-packages/airflow/example_dags/example_branch_operator.py
[2024-11-13T00:16:53.881+0000] {logging_mixin.py:190} INFO - [2024-11-13T00:16:53.881+0000] {dag.py:3239} INFO - Sync 1 DAGs
[2024-11-13T00:16:53.907+0000] {logging_mixin.py:190} INFO - [2024-11-13T00:16:53.907+0000] {dag.py:4180} INFO - Setting next_dagrun for example_branch_operator to 2024-11-12 00:00:00+00:00, run_after=2024-11-13 00:00:00+00:00
[2024-11-13T00:16:53.934+0000] {processor.py:208} INFO - Processing /home/airflow/.local/lib/python3.12/site-packages/airflow/example_dags/example_branch_operator.py took 0.115 seconds
[2024-11-13T00:17:24.822+0000] {processor.py:186} INFO - Started process (PID=13054) to work on /home/airflow/.local/lib/python3.12/site-packages/airflow/example_dags/example_branch_operator.py
[2024-11-13T00:17:24.823+0000] {processor.py:914} INFO - Processing file /home/airflow/.local/lib/python3.12/site-packages/airflow/example_dags/example_branch_operator.py for tasks to queue
[2024-11-13T00:17:24.825+0000] {logging_mixin.py:190} INFO - [2024-11-13T00:17:24.824+0000] {dagbag.py:588} INFO - Filling up the DagBag from /home/airflow/.local/lib/python3.12/site-packages/airflow/example_dags/example_branch_operator.py
[2024-11-13T00:17:24.844+0000] {processor.py:925} INFO - DAG(s) 'example_branch_operator' retrieved from /home/airflow/.local/lib/python3.12/site-packages/airflow/example_dags/example_branch_operator.py
[2024-11-13T00:17:24.875+0000] {logging_mixin.py:190} INFO - [2024-11-13T00:17:24.874+0000] {dag.py:3239} INFO - Sync 1 DAGs
[2024-11-13T00:17:24.903+0000] {logging_mixin.py:190} INFO - [2024-11-13T00:17:24.903+0000] {dag.py:4180} INFO - Setting next_dagrun for example_branch_operator to 2024-11-12 00:00:00+00:00, run_after=2024-11-13 00:00:00+00:00
[2024-11-13T00:17:24.927+0000] {processor.py:208} INFO - Processing /home/airflow/.local/lib/python3.12/site-packages/airflow/example_dags/example_branch_operator.py took 0.113 seconds
[2024-11-13T00:17:55.491+0000] {processor.py:186} INFO - Started process (PID=13118) to work on /home/airflow/.local/lib/python3.12/site-packages/airflow/example_dags/example_branch_operator.py
[2024-11-13T00:17:55.492+0000] {processor.py:914} INFO - Processing file /home/airflow/.local/lib/python3.12/site-packages/airflow/example_dags/example_branch_operator.py for tasks to queue
[2024-11-13T00:17:55.494+0000] {logging_mixin.py:190} INFO - [2024-11-13T00:17:55.494+0000] {dagbag.py:588} INFO - Filling up the DagBag from /home/airflow/.local/lib/python3.12/site-packages/airflow/example_dags/example_branch_operator.py
[2024-11-13T00:17:55.524+0000] {processor.py:925} INFO - DAG(s) 'example_branch_operator' retrieved from /home/airflow/.local/lib/python3.12/site-packages/airflow/example_dags/example_branch_operator.py
[2024-11-13T00:17:55.561+0000] {logging_mixin.py:190} INFO - [2024-11-13T00:17:55.561+0000] {dag.py:3239} INFO - Sync 1 DAGs
[2024-11-13T00:17:55.595+0000] {logging_mixin.py:190} INFO - [2024-11-13T00:17:55.594+0000] {dag.py:4180} INFO - Setting next_dagrun for example_branch_operator to 2024-11-12 00:00:00+00:00, run_after=2024-11-13 00:00:00+00:00
[2024-11-13T00:17:55.629+0000] {processor.py:208} INFO - Processing /home/airflow/.local/lib/python3.12/site-packages/airflow/example_dags/example_branch_operator.py took 0.148 seconds
[2024-11-13T00:18:27.072+0000] {processor.py:186} INFO - Started process (PID=13182) to work on /home/airflow/.local/lib/python3.12/site-packages/airflow/example_dags/example_branch_operator.py
[2024-11-13T00:18:27.076+0000] {processor.py:914} INFO - Processing file /home/airflow/.local/lib/python3.12/site-packages/airflow/example_dags/example_branch_operator.py for tasks to queue
[2024-11-13T00:18:27.082+0000] {logging_mixin.py:190} INFO - [2024-11-13T00:18:27.081+0000] {dagbag.py:588} INFO - Filling up the DagBag from /home/airflow/.local/lib/python3.12/site-packages/airflow/example_dags/example_branch_operator.py
[2024-11-13T00:18:27.126+0000] {processor.py:925} INFO - DAG(s) 'example_branch_operator' retrieved from /home/airflow/.local/lib/python3.12/site-packages/airflow/example_dags/example_branch_operator.py
[2024-11-13T00:18:27.187+0000] {logging_mixin.py:190} INFO - [2024-11-13T00:18:27.187+0000] {dag.py:3239} INFO - Sync 1 DAGs
[2024-11-13T00:18:27.258+0000] {logging_mixin.py:190} INFO - [2024-11-13T00:18:27.258+0000] {dag.py:4180} INFO - Setting next_dagrun for example_branch_operator to 2024-11-12 00:00:00+00:00, run_after=2024-11-13 00:00:00+00:00
[2024-11-13T00:18:27.335+0000] {processor.py:208} INFO - Processing /home/airflow/.local/lib/python3.12/site-packages/airflow/example_dags/example_branch_operator.py took 0.283 seconds
[2024-11-13T00:18:57.487+0000] {processor.py:186} INFO - Started process (PID=13246) to work on /home/airflow/.local/lib/python3.12/site-packages/airflow/example_dags/example_branch_operator.py
[2024-11-13T00:18:57.488+0000] {processor.py:914} INFO - Processing file /home/airflow/.local/lib/python3.12/site-packages/airflow/example_dags/example_branch_operator.py for tasks to queue
[2024-11-13T00:18:57.490+0000] {logging_mixin.py:190} INFO - [2024-11-13T00:18:57.490+0000] {dagbag.py:588} INFO - Filling up the DagBag from /home/airflow/.local/lib/python3.12/site-packages/airflow/example_dags/example_branch_operator.py
[2024-11-13T00:18:57.526+0000] {processor.py:925} INFO - DAG(s) 'example_branch_operator' retrieved from /home/airflow/.local/lib/python3.12/site-packages/airflow/example_dags/example_branch_operator.py
[2024-11-13T00:18:57.572+0000] {logging_mixin.py:190} INFO - [2024-11-13T00:18:57.572+0000] {dag.py:3239} INFO - Sync 1 DAGs
[2024-11-13T00:18:57.606+0000] {logging_mixin.py:190} INFO - [2024-11-13T00:18:57.606+0000] {dag.py:4180} INFO - Setting next_dagrun for example_branch_operator to 2024-11-12 00:00:00+00:00, run_after=2024-11-13 00:00:00+00:00
[2024-11-13T00:18:57.840+0000] {processor.py:208} INFO - Processing /home/airflow/.local/lib/python3.12/site-packages/airflow/example_dags/example_branch_operator.py took 0.363 seconds
[2024-11-13T00:19:39.396+0000] {processor.py:186} INFO - Started process (PID=13285) to work on /home/airflow/.local/lib/python3.12/site-packages/airflow/example_dags/example_branch_operator.py
[2024-11-13T00:19:39.397+0000] {processor.py:914} INFO - Processing file /home/airflow/.local/lib/python3.12/site-packages/airflow/example_dags/example_branch_operator.py for tasks to queue
[2024-11-13T00:19:39.398+0000] {logging_mixin.py:190} INFO - [2024-11-13T00:19:39.398+0000] {dagbag.py:588} INFO - Filling up the DagBag from /home/airflow/.local/lib/python3.12/site-packages/airflow/example_dags/example_branch_operator.py
[2024-11-13T00:19:39.418+0000] {processor.py:925} INFO - DAG(s) 'example_branch_operator' retrieved from /home/airflow/.local/lib/python3.12/site-packages/airflow/example_dags/example_branch_operator.py
[2024-11-13T00:19:39.451+0000] {logging_mixin.py:190} INFO - [2024-11-13T00:19:39.450+0000] {dag.py:3239} INFO - Sync 1 DAGs
[2024-11-13T00:19:39.475+0000] {logging_mixin.py:190} INFO - [2024-11-13T00:19:39.475+0000] {dag.py:4180} INFO - Setting next_dagrun for example_branch_operator to 2024-11-12 00:00:00+00:00, run_after=2024-11-13 00:00:00+00:00
[2024-11-13T00:19:39.503+0000] {processor.py:208} INFO - Processing /home/airflow/.local/lib/python3.12/site-packages/airflow/example_dags/example_branch_operator.py took 0.114 seconds
[2024-11-13T00:20:11.937+0000] {processor.py:186} INFO - Started process (PID=13349) to work on /home/airflow/.local/lib/python3.12/site-packages/airflow/example_dags/example_branch_operator.py
[2024-11-13T00:20:11.938+0000] {processor.py:914} INFO - Processing file /home/airflow/.local/lib/python3.12/site-packages/airflow/example_dags/example_branch_operator.py for tasks to queue
[2024-11-13T00:20:11.940+0000] {logging_mixin.py:190} INFO - [2024-11-13T00:20:11.939+0000] {dagbag.py:588} INFO - Filling up the DagBag from /home/airflow/.local/lib/python3.12/site-packages/airflow/example_dags/example_branch_operator.py
[2024-11-13T00:20:11.992+0000] {processor.py:925} INFO - DAG(s) 'example_branch_operator' retrieved from /home/airflow/.local/lib/python3.12/site-packages/airflow/example_dags/example_branch_operator.py
[2024-11-13T00:20:12.054+0000] {logging_mixin.py:190} INFO - [2024-11-13T00:20:12.052+0000] {dag.py:3239} INFO - Sync 1 DAGs
[2024-11-13T00:20:12.099+0000] {logging_mixin.py:190} INFO - [2024-11-13T00:20:12.098+0000] {dag.py:4180} INFO - Setting next_dagrun for example_branch_operator to 2024-11-12 00:00:00+00:00, run_after=2024-11-13 00:00:00+00:00
[2024-11-13T00:20:12.163+0000] {processor.py:208} INFO - Processing /home/airflow/.local/lib/python3.12/site-packages/airflow/example_dags/example_branch_operator.py took 0.239 seconds
[2024-11-13T00:20:42.849+0000] {processor.py:186} INFO - Started process (PID=13413) to work on /home/airflow/.local/lib/python3.12/site-packages/airflow/example_dags/example_branch_operator.py
[2024-11-13T00:20:42.850+0000] {processor.py:914} INFO - Processing file /home/airflow/.local/lib/python3.12/site-packages/airflow/example_dags/example_branch_operator.py for tasks to queue
[2024-11-13T00:20:42.852+0000] {logging_mixin.py:190} INFO - [2024-11-13T00:20:42.851+0000] {dagbag.py:588} INFO - Filling up the DagBag from /home/airflow/.local/lib/python3.12/site-packages/airflow/example_dags/example_branch_operator.py
[2024-11-13T00:20:42.873+0000] {processor.py:925} INFO - DAG(s) 'example_branch_operator' retrieved from /home/airflow/.local/lib/python3.12/site-packages/airflow/example_dags/example_branch_operator.py
[2024-11-13T00:20:42.906+0000] {logging_mixin.py:190} INFO - [2024-11-13T00:20:42.905+0000] {dag.py:3239} INFO - Sync 1 DAGs
[2024-11-13T00:20:42.938+0000] {logging_mixin.py:190} INFO - [2024-11-13T00:20:42.938+0000] {dag.py:4180} INFO - Setting next_dagrun for example_branch_operator to 2024-11-12 00:00:00+00:00, run_after=2024-11-13 00:00:00+00:00
[2024-11-13T00:20:42.974+0000] {processor.py:208} INFO - Processing /home/airflow/.local/lib/python3.12/site-packages/airflow/example_dags/example_branch_operator.py took 0.136 seconds
[2024-11-13T00:21:13.392+0000] {processor.py:186} INFO - Started process (PID=13476) to work on /home/airflow/.local/lib/python3.12/site-packages/airflow/example_dags/example_branch_operator.py
[2024-11-13T00:21:13.393+0000] {processor.py:914} INFO - Processing file /home/airflow/.local/lib/python3.12/site-packages/airflow/example_dags/example_branch_operator.py for tasks to queue
[2024-11-13T00:21:13.395+0000] {logging_mixin.py:190} INFO - [2024-11-13T00:21:13.395+0000] {dagbag.py:588} INFO - Filling up the DagBag from /home/airflow/.local/lib/python3.12/site-packages/airflow/example_dags/example_branch_operator.py
[2024-11-13T00:21:13.423+0000] {processor.py:925} INFO - DAG(s) 'example_branch_operator' retrieved from /home/airflow/.local/lib/python3.12/site-packages/airflow/example_dags/example_branch_operator.py
[2024-11-13T00:21:13.492+0000] {logging_mixin.py:190} INFO - [2024-11-13T00:21:13.492+0000] {dag.py:3239} INFO - Sync 1 DAGs
[2024-11-13T00:21:13.527+0000] {logging_mixin.py:190} INFO - [2024-11-13T00:21:13.527+0000] {dag.py:4180} INFO - Setting next_dagrun for example_branch_operator to 2024-11-12 00:00:00+00:00, run_after=2024-11-13 00:00:00+00:00
[2024-11-13T00:21:13.551+0000] {processor.py:208} INFO - Processing /home/airflow/.local/lib/python3.12/site-packages/airflow/example_dags/example_branch_operator.py took 0.171 seconds
[2024-11-13T00:21:44.129+0000] {processor.py:186} INFO - Started process (PID=13539) to work on /home/airflow/.local/lib/python3.12/site-packages/airflow/example_dags/example_branch_operator.py
[2024-11-13T00:21:44.130+0000] {processor.py:914} INFO - Processing file /home/airflow/.local/lib/python3.12/site-packages/airflow/example_dags/example_branch_operator.py for tasks to queue
[2024-11-13T00:21:44.135+0000] {logging_mixin.py:190} INFO - [2024-11-13T00:21:44.134+0000] {dagbag.py:588} INFO - Filling up the DagBag from /home/airflow/.local/lib/python3.12/site-packages/airflow/example_dags/example_branch_operator.py
[2024-11-13T00:21:44.157+0000] {processor.py:925} INFO - DAG(s) 'example_branch_operator' retrieved from /home/airflow/.local/lib/python3.12/site-packages/airflow/example_dags/example_branch_operator.py
[2024-11-13T00:21:44.189+0000] {logging_mixin.py:190} INFO - [2024-11-13T00:21:44.189+0000] {dag.py:3239} INFO - Sync 1 DAGs
[2024-11-13T00:21:44.213+0000] {logging_mixin.py:190} INFO - [2024-11-13T00:21:44.213+0000] {dag.py:4180} INFO - Setting next_dagrun for example_branch_operator to 2024-11-12 00:00:00+00:00, run_after=2024-11-13 00:00:00+00:00
[2024-11-13T00:21:44.245+0000] {processor.py:208} INFO - Processing /home/airflow/.local/lib/python3.12/site-packages/airflow/example_dags/example_branch_operator.py took 0.122 seconds
[2024-11-13T00:22:14.496+0000] {processor.py:186} INFO - Started process (PID=13603) to work on /home/airflow/.local/lib/python3.12/site-packages/airflow/example_dags/example_branch_operator.py
[2024-11-13T00:22:14.497+0000] {processor.py:914} INFO - Processing file /home/airflow/.local/lib/python3.12/site-packages/airflow/example_dags/example_branch_operator.py for tasks to queue
[2024-11-13T00:22:14.498+0000] {logging_mixin.py:190} INFO - [2024-11-13T00:22:14.498+0000] {dagbag.py:588} INFO - Filling up the DagBag from /home/airflow/.local/lib/python3.12/site-packages/airflow/example_dags/example_branch_operator.py
[2024-11-13T00:22:14.518+0000] {processor.py:925} INFO - DAG(s) 'example_branch_operator' retrieved from /home/airflow/.local/lib/python3.12/site-packages/airflow/example_dags/example_branch_operator.py
[2024-11-13T00:22:14.549+0000] {logging_mixin.py:190} INFO - [2024-11-13T00:22:14.548+0000] {dag.py:3239} INFO - Sync 1 DAGs
[2024-11-13T00:22:14.573+0000] {logging_mixin.py:190} INFO - [2024-11-13T00:22:14.573+0000] {dag.py:4180} INFO - Setting next_dagrun for example_branch_operator to 2024-11-12 00:00:00+00:00, run_after=2024-11-13 00:00:00+00:00
[2024-11-13T00:22:14.602+0000] {processor.py:208} INFO - Processing /home/airflow/.local/lib/python3.12/site-packages/airflow/example_dags/example_branch_operator.py took 0.116 seconds
[2024-11-13T00:22:44.999+0000] {processor.py:186} INFO - Started process (PID=13666) to work on /home/airflow/.local/lib/python3.12/site-packages/airflow/example_dags/example_branch_operator.py
[2024-11-13T00:22:45.000+0000] {processor.py:914} INFO - Processing file /home/airflow/.local/lib/python3.12/site-packages/airflow/example_dags/example_branch_operator.py for tasks to queue
[2024-11-13T00:22:45.001+0000] {logging_mixin.py:190} INFO - [2024-11-13T00:22:45.001+0000] {dagbag.py:588} INFO - Filling up the DagBag from /home/airflow/.local/lib/python3.12/site-packages/airflow/example_dags/example_branch_operator.py
[2024-11-13T00:22:45.019+0000] {processor.py:925} INFO - DAG(s) 'example_branch_operator' retrieved from /home/airflow/.local/lib/python3.12/site-packages/airflow/example_dags/example_branch_operator.py
[2024-11-13T00:22:45.049+0000] {logging_mixin.py:190} INFO - [2024-11-13T00:22:45.049+0000] {dag.py:3239} INFO - Sync 1 DAGs
[2024-11-13T00:22:45.077+0000] {logging_mixin.py:190} INFO - [2024-11-13T00:22:45.077+0000] {dag.py:4180} INFO - Setting next_dagrun for example_branch_operator to 2024-11-12 00:00:00+00:00, run_after=2024-11-13 00:00:00+00:00
[2024-11-13T00:22:45.103+0000] {processor.py:208} INFO - Processing /home/airflow/.local/lib/python3.12/site-packages/airflow/example_dags/example_branch_operator.py took 0.110 seconds
[2024-11-13T00:23:15.529+0000] {processor.py:186} INFO - Started process (PID=13730) to work on /home/airflow/.local/lib/python3.12/site-packages/airflow/example_dags/example_branch_operator.py
[2024-11-13T00:23:15.532+0000] {processor.py:914} INFO - Processing file /home/airflow/.local/lib/python3.12/site-packages/airflow/example_dags/example_branch_operator.py for tasks to queue
[2024-11-13T00:23:15.538+0000] {logging_mixin.py:190} INFO - [2024-11-13T00:23:15.537+0000] {dagbag.py:588} INFO - Filling up the DagBag from /home/airflow/.local/lib/python3.12/site-packages/airflow/example_dags/example_branch_operator.py
[2024-11-13T00:23:15.609+0000] {processor.py:925} INFO - DAG(s) 'example_branch_operator' retrieved from /home/airflow/.local/lib/python3.12/site-packages/airflow/example_dags/example_branch_operator.py
[2024-11-13T00:23:15.711+0000] {logging_mixin.py:190} INFO - [2024-11-13T00:23:15.711+0000] {dag.py:3239} INFO - Sync 1 DAGs
[2024-11-13T00:23:15.773+0000] {logging_mixin.py:190} INFO - [2024-11-13T00:23:15.772+0000] {dag.py:4180} INFO - Setting next_dagrun for example_branch_operator to 2024-11-12 00:00:00+00:00, run_after=2024-11-13 00:00:00+00:00
[2024-11-13T00:23:15.824+0000] {processor.py:208} INFO - Processing /home/airflow/.local/lib/python3.12/site-packages/airflow/example_dags/example_branch_operator.py took 0.312 seconds
[2024-11-13T00:23:46.354+0000] {processor.py:186} INFO - Started process (PID=13794) to work on /home/airflow/.local/lib/python3.12/site-packages/airflow/example_dags/example_branch_operator.py
[2024-11-13T00:23:46.355+0000] {processor.py:914} INFO - Processing file /home/airflow/.local/lib/python3.12/site-packages/airflow/example_dags/example_branch_operator.py for tasks to queue
[2024-11-13T00:23:46.356+0000] {logging_mixin.py:190} INFO - [2024-11-13T00:23:46.355+0000] {dagbag.py:588} INFO - Filling up the DagBag from /home/airflow/.local/lib/python3.12/site-packages/airflow/example_dags/example_branch_operator.py
[2024-11-13T00:23:46.376+0000] {processor.py:925} INFO - DAG(s) 'example_branch_operator' retrieved from /home/airflow/.local/lib/python3.12/site-packages/airflow/example_dags/example_branch_operator.py
[2024-11-13T00:23:46.404+0000] {logging_mixin.py:190} INFO - [2024-11-13T00:23:46.404+0000] {dag.py:3239} INFO - Sync 1 DAGs
[2024-11-13T00:23:46.431+0000] {logging_mixin.py:190} INFO - [2024-11-13T00:23:46.431+0000] {dag.py:4180} INFO - Setting next_dagrun for example_branch_operator to 2024-11-12 00:00:00+00:00, run_after=2024-11-13 00:00:00+00:00
[2024-11-13T00:23:46.620+0000] {processor.py:208} INFO - Processing /home/airflow/.local/lib/python3.12/site-packages/airflow/example_dags/example_branch_operator.py took 0.276 seconds
[2024-11-13T00:24:16.789+0000] {processor.py:186} INFO - Started process (PID=13858) to work on /home/airflow/.local/lib/python3.12/site-packages/airflow/example_dags/example_branch_operator.py
[2024-11-13T00:24:16.793+0000] {processor.py:914} INFO - Processing file /home/airflow/.local/lib/python3.12/site-packages/airflow/example_dags/example_branch_operator.py for tasks to queue
[2024-11-13T00:24:16.795+0000] {logging_mixin.py:190} INFO - [2024-11-13T00:24:16.794+0000] {dagbag.py:588} INFO - Filling up the DagBag from /home/airflow/.local/lib/python3.12/site-packages/airflow/example_dags/example_branch_operator.py
[2024-11-13T00:24:16.815+0000] {processor.py:925} INFO - DAG(s) 'example_branch_operator' retrieved from /home/airflow/.local/lib/python3.12/site-packages/airflow/example_dags/example_branch_operator.py
[2024-11-13T00:24:16.849+0000] {logging_mixin.py:190} INFO - [2024-11-13T00:24:16.849+0000] {dag.py:3239} INFO - Sync 1 DAGs
[2024-11-13T00:24:16.876+0000] {logging_mixin.py:190} INFO - [2024-11-13T00:24:16.876+0000] {dag.py:4180} INFO - Setting next_dagrun for example_branch_operator to 2024-11-12 00:00:00+00:00, run_after=2024-11-13 00:00:00+00:00
[2024-11-13T00:24:17.077+0000] {processor.py:208} INFO - Processing /home/airflow/.local/lib/python3.12/site-packages/airflow/example_dags/example_branch_operator.py took 0.306 seconds
[2024-11-13T00:24:47.593+0000] {processor.py:186} INFO - Started process (PID=13923) to work on /home/airflow/.local/lib/python3.12/site-packages/airflow/example_dags/example_branch_operator.py
[2024-11-13T00:24:47.594+0000] {processor.py:914} INFO - Processing file /home/airflow/.local/lib/python3.12/site-packages/airflow/example_dags/example_branch_operator.py for tasks to queue
[2024-11-13T00:24:47.595+0000] {logging_mixin.py:190} INFO - [2024-11-13T00:24:47.595+0000] {dagbag.py:588} INFO - Filling up the DagBag from /home/airflow/.local/lib/python3.12/site-packages/airflow/example_dags/example_branch_operator.py
[2024-11-13T00:24:47.614+0000] {processor.py:925} INFO - DAG(s) 'example_branch_operator' retrieved from /home/airflow/.local/lib/python3.12/site-packages/airflow/example_dags/example_branch_operator.py
[2024-11-13T00:24:47.646+0000] {logging_mixin.py:190} INFO - [2024-11-13T00:24:47.645+0000] {dag.py:3239} INFO - Sync 1 DAGs
[2024-11-13T00:24:47.671+0000] {logging_mixin.py:190} INFO - [2024-11-13T00:24:47.671+0000] {dag.py:4180} INFO - Setting next_dagrun for example_branch_operator to 2024-11-12 00:00:00+00:00, run_after=2024-11-13 00:00:00+00:00
[2024-11-13T00:24:48.004+0000] {processor.py:208} INFO - Processing /home/airflow/.local/lib/python3.12/site-packages/airflow/example_dags/example_branch_operator.py took 0.418 seconds
[2024-11-13T00:25:18.102+0000] {processor.py:186} INFO - Started process (PID=13987) to work on /home/airflow/.local/lib/python3.12/site-packages/airflow/example_dags/example_branch_operator.py
[2024-11-13T00:25:18.103+0000] {processor.py:914} INFO - Processing file /home/airflow/.local/lib/python3.12/site-packages/airflow/example_dags/example_branch_operator.py for tasks to queue
[2024-11-13T00:25:18.105+0000] {logging_mixin.py:190} INFO - [2024-11-13T00:25:18.104+0000] {dagbag.py:588} INFO - Filling up the DagBag from /home/airflow/.local/lib/python3.12/site-packages/airflow/example_dags/example_branch_operator.py
[2024-11-13T00:25:18.131+0000] {processor.py:925} INFO - DAG(s) 'example_branch_operator' retrieved from /home/airflow/.local/lib/python3.12/site-packages/airflow/example_dags/example_branch_operator.py
[2024-11-13T00:25:18.164+0000] {logging_mixin.py:190} INFO - [2024-11-13T00:25:18.164+0000] {dag.py:3239} INFO - Sync 1 DAGs
[2024-11-13T00:25:18.196+0000] {logging_mixin.py:190} INFO - [2024-11-13T00:25:18.196+0000] {dag.py:4180} INFO - Setting next_dagrun for example_branch_operator to 2024-11-12 00:00:00+00:00, run_after=2024-11-13 00:00:00+00:00
[2024-11-13T00:25:18.221+0000] {processor.py:208} INFO - Processing /home/airflow/.local/lib/python3.12/site-packages/airflow/example_dags/example_branch_operator.py took 0.126 seconds
[2024-11-13T00:25:48.920+0000] {processor.py:186} INFO - Started process (PID=14051) to work on /home/airflow/.local/lib/python3.12/site-packages/airflow/example_dags/example_branch_operator.py
[2024-11-13T00:25:48.926+0000] {processor.py:914} INFO - Processing file /home/airflow/.local/lib/python3.12/site-packages/airflow/example_dags/example_branch_operator.py for tasks to queue
[2024-11-13T00:25:48.929+0000] {logging_mixin.py:190} INFO - [2024-11-13T00:25:48.929+0000] {dagbag.py:588} INFO - Filling up the DagBag from /home/airflow/.local/lib/python3.12/site-packages/airflow/example_dags/example_branch_operator.py
[2024-11-13T00:25:48.978+0000] {processor.py:925} INFO - DAG(s) 'example_branch_operator' retrieved from /home/airflow/.local/lib/python3.12/site-packages/airflow/example_dags/example_branch_operator.py
[2024-11-13T00:25:49.034+0000] {logging_mixin.py:190} INFO - [2024-11-13T00:25:49.033+0000] {dag.py:3239} INFO - Sync 1 DAGs
[2024-11-13T00:25:49.090+0000] {logging_mixin.py:190} INFO - [2024-11-13T00:25:49.089+0000] {dag.py:4180} INFO - Setting next_dagrun for example_branch_operator to 2024-11-12 00:00:00+00:00, run_after=2024-11-13 00:00:00+00:00
[2024-11-13T00:25:49.133+0000] {processor.py:208} INFO - Processing /home/airflow/.local/lib/python3.12/site-packages/airflow/example_dags/example_branch_operator.py took 0.222 seconds
[2024-11-13T00:26:19.698+0000] {processor.py:186} INFO - Started process (PID=14115) to work on /home/airflow/.local/lib/python3.12/site-packages/airflow/example_dags/example_branch_operator.py
[2024-11-13T00:26:19.701+0000] {processor.py:914} INFO - Processing file /home/airflow/.local/lib/python3.12/site-packages/airflow/example_dags/example_branch_operator.py for tasks to queue
[2024-11-13T00:26:19.702+0000] {logging_mixin.py:190} INFO - [2024-11-13T00:26:19.702+0000] {dagbag.py:588} INFO - Filling up the DagBag from /home/airflow/.local/lib/python3.12/site-packages/airflow/example_dags/example_branch_operator.py
[2024-11-13T00:26:19.725+0000] {processor.py:925} INFO - DAG(s) 'example_branch_operator' retrieved from /home/airflow/.local/lib/python3.12/site-packages/airflow/example_dags/example_branch_operator.py
[2024-11-13T00:26:19.757+0000] {logging_mixin.py:190} INFO - [2024-11-13T00:26:19.757+0000] {dag.py:3239} INFO - Sync 1 DAGs
[2024-11-13T00:26:19.788+0000] {logging_mixin.py:190} INFO - [2024-11-13T00:26:19.788+0000] {dag.py:4180} INFO - Setting next_dagrun for example_branch_operator to 2024-11-12 00:00:00+00:00, run_after=2024-11-13 00:00:00+00:00
[2024-11-13T00:26:19.816+0000] {processor.py:208} INFO - Processing /home/airflow/.local/lib/python3.12/site-packages/airflow/example_dags/example_branch_operator.py took 0.126 seconds
[2024-11-13T00:26:50.032+0000] {processor.py:186} INFO - Started process (PID=14179) to work on /home/airflow/.local/lib/python3.12/site-packages/airflow/example_dags/example_branch_operator.py
[2024-11-13T00:26:50.033+0000] {processor.py:914} INFO - Processing file /home/airflow/.local/lib/python3.12/site-packages/airflow/example_dags/example_branch_operator.py for tasks to queue
[2024-11-13T00:26:50.035+0000] {logging_mixin.py:190} INFO - [2024-11-13T00:26:50.035+0000] {dagbag.py:588} INFO - Filling up the DagBag from /home/airflow/.local/lib/python3.12/site-packages/airflow/example_dags/example_branch_operator.py
[2024-11-13T00:26:50.072+0000] {processor.py:925} INFO - DAG(s) 'example_branch_operator' retrieved from /home/airflow/.local/lib/python3.12/site-packages/airflow/example_dags/example_branch_operator.py
[2024-11-13T00:26:50.118+0000] {logging_mixin.py:190} INFO - [2024-11-13T00:26:50.118+0000] {dag.py:3239} INFO - Sync 1 DAGs
[2024-11-13T00:26:50.160+0000] {logging_mixin.py:190} INFO - [2024-11-13T00:26:50.159+0000] {dag.py:4180} INFO - Setting next_dagrun for example_branch_operator to 2024-11-12 00:00:00+00:00, run_after=2024-11-13 00:00:00+00:00
[2024-11-13T00:26:50.189+0000] {processor.py:208} INFO - Processing /home/airflow/.local/lib/python3.12/site-packages/airflow/example_dags/example_branch_operator.py took 0.168 seconds
[2024-11-13T00:27:20.279+0000] {processor.py:186} INFO - Started process (PID=14243) to work on /home/airflow/.local/lib/python3.12/site-packages/airflow/example_dags/example_branch_operator.py
[2024-11-13T00:27:20.280+0000] {processor.py:914} INFO - Processing file /home/airflow/.local/lib/python3.12/site-packages/airflow/example_dags/example_branch_operator.py for tasks to queue
[2024-11-13T00:27:20.282+0000] {logging_mixin.py:190} INFO - [2024-11-13T00:27:20.281+0000] {dagbag.py:588} INFO - Filling up the DagBag from /home/airflow/.local/lib/python3.12/site-packages/airflow/example_dags/example_branch_operator.py
[2024-11-13T00:27:20.306+0000] {processor.py:925} INFO - DAG(s) 'example_branch_operator' retrieved from /home/airflow/.local/lib/python3.12/site-packages/airflow/example_dags/example_branch_operator.py
[2024-11-13T00:27:20.340+0000] {logging_mixin.py:190} INFO - [2024-11-13T00:27:20.339+0000] {dag.py:3239} INFO - Sync 1 DAGs
[2024-11-13T00:27:20.364+0000] {logging_mixin.py:190} INFO - [2024-11-13T00:27:20.364+0000] {dag.py:4180} INFO - Setting next_dagrun for example_branch_operator to 2024-11-12 00:00:00+00:00, run_after=2024-11-13 00:00:00+00:00
[2024-11-13T00:27:20.386+0000] {processor.py:208} INFO - Processing /home/airflow/.local/lib/python3.12/site-packages/airflow/example_dags/example_branch_operator.py took 0.120 seconds
[2024-11-13T00:27:50.633+0000] {processor.py:186} INFO - Started process (PID=14307) to work on /home/airflow/.local/lib/python3.12/site-packages/airflow/example_dags/example_branch_operator.py
[2024-11-13T00:27:50.634+0000] {processor.py:914} INFO - Processing file /home/airflow/.local/lib/python3.12/site-packages/airflow/example_dags/example_branch_operator.py for tasks to queue
[2024-11-13T00:27:50.635+0000] {logging_mixin.py:190} INFO - [2024-11-13T00:27:50.635+0000] {dagbag.py:588} INFO - Filling up the DagBag from /home/airflow/.local/lib/python3.12/site-packages/airflow/example_dags/example_branch_operator.py
[2024-11-13T00:27:50.652+0000] {processor.py:925} INFO - DAG(s) 'example_branch_operator' retrieved from /home/airflow/.local/lib/python3.12/site-packages/airflow/example_dags/example_branch_operator.py
[2024-11-13T00:27:50.680+0000] {logging_mixin.py:190} INFO - [2024-11-13T00:27:50.680+0000] {dag.py:3239} INFO - Sync 1 DAGs
[2024-11-13T00:27:50.702+0000] {logging_mixin.py:190} INFO - [2024-11-13T00:27:50.702+0000] {dag.py:4180} INFO - Setting next_dagrun for example_branch_operator to 2024-11-12 00:00:00+00:00, run_after=2024-11-13 00:00:00+00:00
[2024-11-13T00:27:50.723+0000] {processor.py:208} INFO - Processing /home/airflow/.local/lib/python3.12/site-packages/airflow/example_dags/example_branch_operator.py took 0.097 seconds
[2024-11-13T00:28:21.176+0000] {processor.py:186} INFO - Started process (PID=14371) to work on /home/airflow/.local/lib/python3.12/site-packages/airflow/example_dags/example_branch_operator.py
[2024-11-13T00:28:21.177+0000] {processor.py:914} INFO - Processing file /home/airflow/.local/lib/python3.12/site-packages/airflow/example_dags/example_branch_operator.py for tasks to queue
[2024-11-13T00:28:21.179+0000] {logging_mixin.py:190} INFO - [2024-11-13T00:28:21.178+0000] {dagbag.py:588} INFO - Filling up the DagBag from /home/airflow/.local/lib/python3.12/site-packages/airflow/example_dags/example_branch_operator.py
[2024-11-13T00:28:21.198+0000] {processor.py:925} INFO - DAG(s) 'example_branch_operator' retrieved from /home/airflow/.local/lib/python3.12/site-packages/airflow/example_dags/example_branch_operator.py
[2024-11-13T00:28:21.229+0000] {logging_mixin.py:190} INFO - [2024-11-13T00:28:21.228+0000] {dag.py:3239} INFO - Sync 1 DAGs
[2024-11-13T00:28:21.251+0000] {logging_mixin.py:190} INFO - [2024-11-13T00:28:21.250+0000] {dag.py:4180} INFO - Setting next_dagrun for example_branch_operator to 2024-11-12 00:00:00+00:00, run_after=2024-11-13 00:00:00+00:00
[2024-11-13T00:28:21.278+0000] {processor.py:208} INFO - Processing /home/airflow/.local/lib/python3.12/site-packages/airflow/example_dags/example_branch_operator.py took 0.108 seconds
[2024-11-13T00:28:52.306+0000] {processor.py:186} INFO - Started process (PID=14435) to work on /home/airflow/.local/lib/python3.12/site-packages/airflow/example_dags/example_branch_operator.py
[2024-11-13T00:28:52.307+0000] {processor.py:914} INFO - Processing file /home/airflow/.local/lib/python3.12/site-packages/airflow/example_dags/example_branch_operator.py for tasks to queue
[2024-11-13T00:28:52.309+0000] {logging_mixin.py:190} INFO - [2024-11-13T00:28:52.308+0000] {dagbag.py:588} INFO - Filling up the DagBag from /home/airflow/.local/lib/python3.12/site-packages/airflow/example_dags/example_branch_operator.py
[2024-11-13T00:28:52.326+0000] {processor.py:925} INFO - DAG(s) 'example_branch_operator' retrieved from /home/airflow/.local/lib/python3.12/site-packages/airflow/example_dags/example_branch_operator.py
[2024-11-13T00:28:52.353+0000] {logging_mixin.py:190} INFO - [2024-11-13T00:28:52.352+0000] {dag.py:3239} INFO - Sync 1 DAGs
[2024-11-13T00:28:52.375+0000] {logging_mixin.py:190} INFO - [2024-11-13T00:28:52.374+0000] {dag.py:4180} INFO - Setting next_dagrun for example_branch_operator to 2024-11-12 00:00:00+00:00, run_after=2024-11-13 00:00:00+00:00
[2024-11-13T00:28:52.396+0000] {processor.py:208} INFO - Processing /home/airflow/.local/lib/python3.12/site-packages/airflow/example_dags/example_branch_operator.py took 0.097 seconds
[2024-11-13T00:29:22.539+0000] {processor.py:186} INFO - Started process (PID=14499) to work on /home/airflow/.local/lib/python3.12/site-packages/airflow/example_dags/example_branch_operator.py
[2024-11-13T00:29:22.540+0000] {processor.py:914} INFO - Processing file /home/airflow/.local/lib/python3.12/site-packages/airflow/example_dags/example_branch_operator.py for tasks to queue
[2024-11-13T00:29:22.541+0000] {logging_mixin.py:190} INFO - [2024-11-13T00:29:22.541+0000] {dagbag.py:588} INFO - Filling up the DagBag from /home/airflow/.local/lib/python3.12/site-packages/airflow/example_dags/example_branch_operator.py
[2024-11-13T00:29:22.561+0000] {processor.py:925} INFO - DAG(s) 'example_branch_operator' retrieved from /home/airflow/.local/lib/python3.12/site-packages/airflow/example_dags/example_branch_operator.py
[2024-11-13T00:29:22.591+0000] {logging_mixin.py:190} INFO - [2024-11-13T00:29:22.590+0000] {dag.py:3239} INFO - Sync 1 DAGs
[2024-11-13T00:29:22.617+0000] {logging_mixin.py:190} INFO - [2024-11-13T00:29:22.616+0000] {dag.py:4180} INFO - Setting next_dagrun for example_branch_operator to 2024-11-12 00:00:00+00:00, run_after=2024-11-13 00:00:00+00:00
[2024-11-13T00:29:22.644+0000] {processor.py:208} INFO - Processing /home/airflow/.local/lib/python3.12/site-packages/airflow/example_dags/example_branch_operator.py took 0.114 seconds
[2024-11-13T00:29:52.821+0000] {processor.py:186} INFO - Started process (PID=14563) to work on /home/airflow/.local/lib/python3.12/site-packages/airflow/example_dags/example_branch_operator.py
[2024-11-13T00:29:52.822+0000] {processor.py:914} INFO - Processing file /home/airflow/.local/lib/python3.12/site-packages/airflow/example_dags/example_branch_operator.py for tasks to queue
[2024-11-13T00:29:52.823+0000] {logging_mixin.py:190} INFO - [2024-11-13T00:29:52.823+0000] {dagbag.py:588} INFO - Filling up the DagBag from /home/airflow/.local/lib/python3.12/site-packages/airflow/example_dags/example_branch_operator.py
[2024-11-13T00:29:52.839+0000] {processor.py:925} INFO - DAG(s) 'example_branch_operator' retrieved from /home/airflow/.local/lib/python3.12/site-packages/airflow/example_dags/example_branch_operator.py
[2024-11-13T00:29:52.866+0000] {logging_mixin.py:190} INFO - [2024-11-13T00:29:52.865+0000] {dag.py:3239} INFO - Sync 1 DAGs
[2024-11-13T00:29:52.887+0000] {logging_mixin.py:190} INFO - [2024-11-13T00:29:52.887+0000] {dag.py:4180} INFO - Setting next_dagrun for example_branch_operator to 2024-11-12 00:00:00+00:00, run_after=2024-11-13 00:00:00+00:00
[2024-11-13T00:29:52.912+0000] {processor.py:208} INFO - Processing /home/airflow/.local/lib/python3.12/site-packages/airflow/example_dags/example_branch_operator.py took 0.098 seconds
[2024-11-13T00:30:23.107+0000] {processor.py:186} INFO - Started process (PID=14627) to work on /home/airflow/.local/lib/python3.12/site-packages/airflow/example_dags/example_branch_operator.py
[2024-11-13T00:30:23.108+0000] {processor.py:914} INFO - Processing file /home/airflow/.local/lib/python3.12/site-packages/airflow/example_dags/example_branch_operator.py for tasks to queue
[2024-11-13T00:30:23.109+0000] {logging_mixin.py:190} INFO - [2024-11-13T00:30:23.109+0000] {dagbag.py:588} INFO - Filling up the DagBag from /home/airflow/.local/lib/python3.12/site-packages/airflow/example_dags/example_branch_operator.py
[2024-11-13T00:30:23.126+0000] {processor.py:925} INFO - DAG(s) 'example_branch_operator' retrieved from /home/airflow/.local/lib/python3.12/site-packages/airflow/example_dags/example_branch_operator.py
[2024-11-13T00:30:23.154+0000] {logging_mixin.py:190} INFO - [2024-11-13T00:30:23.154+0000] {dag.py:3239} INFO - Sync 1 DAGs
[2024-11-13T00:30:23.175+0000] {logging_mixin.py:190} INFO - [2024-11-13T00:30:23.175+0000] {dag.py:4180} INFO - Setting next_dagrun for example_branch_operator to 2024-11-12 00:00:00+00:00, run_after=2024-11-13 00:00:00+00:00
[2024-11-13T00:30:23.197+0000] {processor.py:208} INFO - Processing /home/airflow/.local/lib/python3.12/site-packages/airflow/example_dags/example_branch_operator.py took 0.097 seconds
[2024-11-13T00:30:53.557+0000] {processor.py:186} INFO - Started process (PID=14691) to work on /home/airflow/.local/lib/python3.12/site-packages/airflow/example_dags/example_branch_operator.py
[2024-11-13T00:30:53.558+0000] {processor.py:914} INFO - Processing file /home/airflow/.local/lib/python3.12/site-packages/airflow/example_dags/example_branch_operator.py for tasks to queue
[2024-11-13T00:30:53.559+0000] {logging_mixin.py:190} INFO - [2024-11-13T00:30:53.559+0000] {dagbag.py:588} INFO - Filling up the DagBag from /home/airflow/.local/lib/python3.12/site-packages/airflow/example_dags/example_branch_operator.py
[2024-11-13T00:30:53.577+0000] {processor.py:925} INFO - DAG(s) 'example_branch_operator' retrieved from /home/airflow/.local/lib/python3.12/site-packages/airflow/example_dags/example_branch_operator.py
[2024-11-13T00:30:53.607+0000] {logging_mixin.py:190} INFO - [2024-11-13T00:30:53.606+0000] {dag.py:3239} INFO - Sync 1 DAGs
[2024-11-13T00:30:53.631+0000] {logging_mixin.py:190} INFO - [2024-11-13T00:30:53.631+0000] {dag.py:4180} INFO - Setting next_dagrun for example_branch_operator to 2024-11-12 00:00:00+00:00, run_after=2024-11-13 00:00:00+00:00
[2024-11-13T00:30:53.652+0000] {processor.py:208} INFO - Processing /home/airflow/.local/lib/python3.12/site-packages/airflow/example_dags/example_branch_operator.py took 0.102 seconds
[2024-11-13T00:31:24.470+0000] {processor.py:186} INFO - Started process (PID=14755) to work on /home/airflow/.local/lib/python3.12/site-packages/airflow/example_dags/example_branch_operator.py
[2024-11-13T00:31:24.471+0000] {processor.py:914} INFO - Processing file /home/airflow/.local/lib/python3.12/site-packages/airflow/example_dags/example_branch_operator.py for tasks to queue
[2024-11-13T00:31:24.473+0000] {logging_mixin.py:190} INFO - [2024-11-13T00:31:24.473+0000] {dagbag.py:588} INFO - Filling up the DagBag from /home/airflow/.local/lib/python3.12/site-packages/airflow/example_dags/example_branch_operator.py
[2024-11-13T00:31:24.492+0000] {processor.py:925} INFO - DAG(s) 'example_branch_operator' retrieved from /home/airflow/.local/lib/python3.12/site-packages/airflow/example_dags/example_branch_operator.py
[2024-11-13T00:31:24.525+0000] {logging_mixin.py:190} INFO - [2024-11-13T00:31:24.525+0000] {dag.py:3239} INFO - Sync 1 DAGs
[2024-11-13T00:31:24.559+0000] {logging_mixin.py:190} INFO - [2024-11-13T00:31:24.558+0000] {dag.py:4180} INFO - Setting next_dagrun for example_branch_operator to 2024-11-12 00:00:00+00:00, run_after=2024-11-13 00:00:00+00:00
[2024-11-13T00:31:24.579+0000] {processor.py:208} INFO - Processing /home/airflow/.local/lib/python3.12/site-packages/airflow/example_dags/example_branch_operator.py took 0.116 seconds
