[2024-11-13T00:00:05.665+0000] {processor.py:186} INFO - Started process (PID=10884) to work on /home/airflow/.local/lib/python3.12/site-packages/airflow/example_dags/example_dag_decorator.py
[2024-11-13T00:00:05.666+0000] {processor.py:914} INFO - Processing file /home/airflow/.local/lib/python3.12/site-packages/airflow/example_dags/example_dag_decorator.py for tasks to queue
[2024-11-13T00:00:05.668+0000] {logging_mixin.py:190} INFO - [2024-11-13T00:00:05.668+0000] {dagbag.py:588} INFO - Filling up the DagBag from /home/airflow/.local/lib/python3.12/site-packages/airflow/example_dags/example_dag_decorator.py
[2024-11-13T00:00:05.692+0000] {processor.py:925} INFO - DAG(s) 'example_dag_decorator' retrieved from /home/airflow/.local/lib/python3.12/site-packages/airflow/example_dags/example_dag_decorator.py
[2024-11-13T00:00:05.724+0000] {logging_mixin.py:190} INFO - [2024-11-13T00:00:05.724+0000] {dag.py:3239} INFO - Sync 1 DAGs
[2024-11-13T00:00:05.744+0000] {logging_mixin.py:190} INFO - [2024-11-13T00:00:05.744+0000] {dag.py:4180} INFO - Setting next_dagrun for example_dag_decorator to None, run_after=None
[2024-11-13T00:00:05.802+0000] {processor.py:208} INFO - Processing /home/airflow/.local/lib/python3.12/site-packages/airflow/example_dags/example_dag_decorator.py took 0.148 seconds
[2024-11-13T00:00:36.973+0000] {processor.py:186} INFO - Started process (PID=10946) to work on /home/airflow/.local/lib/python3.12/site-packages/airflow/example_dags/example_dag_decorator.py
[2024-11-13T00:00:36.974+0000] {processor.py:914} INFO - Processing file /home/airflow/.local/lib/python3.12/site-packages/airflow/example_dags/example_dag_decorator.py for tasks to queue
[2024-11-13T00:00:36.976+0000] {logging_mixin.py:190} INFO - [2024-11-13T00:00:36.975+0000] {dagbag.py:588} INFO - Filling up the DagBag from /home/airflow/.local/lib/python3.12/site-packages/airflow/example_dags/example_dag_decorator.py
[2024-11-13T00:00:36.994+0000] {processor.py:925} INFO - DAG(s) 'example_dag_decorator' retrieved from /home/airflow/.local/lib/python3.12/site-packages/airflow/example_dags/example_dag_decorator.py
[2024-11-13T00:00:37.026+0000] {logging_mixin.py:190} INFO - [2024-11-13T00:00:37.026+0000] {dag.py:3239} INFO - Sync 1 DAGs
[2024-11-13T00:00:37.045+0000] {logging_mixin.py:190} INFO - [2024-11-13T00:00:37.044+0000] {dag.py:4180} INFO - Setting next_dagrun for example_dag_decorator to None, run_after=None
[2024-11-13T00:00:37.068+0000] {processor.py:208} INFO - Processing /home/airflow/.local/lib/python3.12/site-packages/airflow/example_dags/example_dag_decorator.py took 0.111 seconds
[2024-11-13T00:01:07.800+0000] {processor.py:186} INFO - Started process (PID=11010) to work on /home/airflow/.local/lib/python3.12/site-packages/airflow/example_dags/example_dag_decorator.py
[2024-11-13T00:01:07.801+0000] {processor.py:914} INFO - Processing file /home/airflow/.local/lib/python3.12/site-packages/airflow/example_dags/example_dag_decorator.py for tasks to queue
[2024-11-13T00:01:07.804+0000] {logging_mixin.py:190} INFO - [2024-11-13T00:01:07.803+0000] {dagbag.py:588} INFO - Filling up the DagBag from /home/airflow/.local/lib/python3.12/site-packages/airflow/example_dags/example_dag_decorator.py
[2024-11-13T00:01:07.823+0000] {processor.py:925} INFO - DAG(s) 'example_dag_decorator' retrieved from /home/airflow/.local/lib/python3.12/site-packages/airflow/example_dags/example_dag_decorator.py
[2024-11-13T00:01:07.989+0000] {logging_mixin.py:190} INFO - [2024-11-13T00:01:07.989+0000] {dag.py:3239} INFO - Sync 1 DAGs
[2024-11-13T00:01:08.004+0000] {logging_mixin.py:190} INFO - [2024-11-13T00:01:08.003+0000] {dag.py:4180} INFO - Setting next_dagrun for example_dag_decorator to None, run_after=None
[2024-11-13T00:01:08.032+0000] {processor.py:208} INFO - Processing /home/airflow/.local/lib/python3.12/site-packages/airflow/example_dags/example_dag_decorator.py took 0.242 seconds
[2024-11-13T00:01:38.438+0000] {processor.py:186} INFO - Started process (PID=11071) to work on /home/airflow/.local/lib/python3.12/site-packages/airflow/example_dags/example_dag_decorator.py
[2024-11-13T00:01:38.439+0000] {processor.py:914} INFO - Processing file /home/airflow/.local/lib/python3.12/site-packages/airflow/example_dags/example_dag_decorator.py for tasks to queue
[2024-11-13T00:01:38.441+0000] {logging_mixin.py:190} INFO - [2024-11-13T00:01:38.440+0000] {dagbag.py:588} INFO - Filling up the DagBag from /home/airflow/.local/lib/python3.12/site-packages/airflow/example_dags/example_dag_decorator.py
[2024-11-13T00:01:38.453+0000] {processor.py:925} INFO - DAG(s) 'example_dag_decorator' retrieved from /home/airflow/.local/lib/python3.12/site-packages/airflow/example_dags/example_dag_decorator.py
[2024-11-13T00:01:38.565+0000] {logging_mixin.py:190} INFO - [2024-11-13T00:01:38.565+0000] {dag.py:3239} INFO - Sync 1 DAGs
[2024-11-13T00:01:38.576+0000] {logging_mixin.py:190} INFO - [2024-11-13T00:01:38.576+0000] {dag.py:4180} INFO - Setting next_dagrun for example_dag_decorator to None, run_after=None
[2024-11-13T00:01:38.600+0000] {processor.py:208} INFO - Processing /home/airflow/.local/lib/python3.12/site-packages/airflow/example_dags/example_dag_decorator.py took 0.169 seconds
[2024-11-13T00:02:09.280+0000] {processor.py:186} INFO - Started process (PID=11135) to work on /home/airflow/.local/lib/python3.12/site-packages/airflow/example_dags/example_dag_decorator.py
[2024-11-13T00:02:09.281+0000] {processor.py:914} INFO - Processing file /home/airflow/.local/lib/python3.12/site-packages/airflow/example_dags/example_dag_decorator.py for tasks to queue
[2024-11-13T00:02:09.283+0000] {logging_mixin.py:190} INFO - [2024-11-13T00:02:09.282+0000] {dagbag.py:588} INFO - Filling up the DagBag from /home/airflow/.local/lib/python3.12/site-packages/airflow/example_dags/example_dag_decorator.py
[2024-11-13T00:02:09.298+0000] {processor.py:925} INFO - DAG(s) 'example_dag_decorator' retrieved from /home/airflow/.local/lib/python3.12/site-packages/airflow/example_dags/example_dag_decorator.py
[2024-11-13T00:02:09.416+0000] {logging_mixin.py:190} INFO - [2024-11-13T00:02:09.416+0000] {dag.py:3239} INFO - Sync 1 DAGs
[2024-11-13T00:02:09.430+0000] {logging_mixin.py:190} INFO - [2024-11-13T00:02:09.430+0000] {dag.py:4180} INFO - Setting next_dagrun for example_dag_decorator to None, run_after=None
[2024-11-13T00:02:09.457+0000] {processor.py:208} INFO - Processing /home/airflow/.local/lib/python3.12/site-packages/airflow/example_dags/example_dag_decorator.py took 0.186 seconds
[2024-11-13T00:02:39.561+0000] {processor.py:186} INFO - Started process (PID=11200) to work on /home/airflow/.local/lib/python3.12/site-packages/airflow/example_dags/example_dag_decorator.py
[2024-11-13T00:02:39.562+0000] {processor.py:914} INFO - Processing file /home/airflow/.local/lib/python3.12/site-packages/airflow/example_dags/example_dag_decorator.py for tasks to queue
[2024-11-13T00:02:39.565+0000] {logging_mixin.py:190} INFO - [2024-11-13T00:02:39.565+0000] {dagbag.py:588} INFO - Filling up the DagBag from /home/airflow/.local/lib/python3.12/site-packages/airflow/example_dags/example_dag_decorator.py
[2024-11-13T00:02:39.581+0000] {processor.py:925} INFO - DAG(s) 'example_dag_decorator' retrieved from /home/airflow/.local/lib/python3.12/site-packages/airflow/example_dags/example_dag_decorator.py
[2024-11-13T00:02:39.780+0000] {logging_mixin.py:190} INFO - [2024-11-13T00:02:39.779+0000] {dag.py:3239} INFO - Sync 1 DAGs
[2024-11-13T00:02:39.800+0000] {logging_mixin.py:190} INFO - [2024-11-13T00:02:39.800+0000] {dag.py:4180} INFO - Setting next_dagrun for example_dag_decorator to None, run_after=None
[2024-11-13T00:02:39.834+0000] {processor.py:208} INFO - Processing /home/airflow/.local/lib/python3.12/site-packages/airflow/example_dags/example_dag_decorator.py took 0.285 seconds
[2024-11-13T00:03:10.309+0000] {processor.py:186} INFO - Started process (PID=11264) to work on /home/airflow/.local/lib/python3.12/site-packages/airflow/example_dags/example_dag_decorator.py
[2024-11-13T00:03:10.310+0000] {processor.py:914} INFO - Processing file /home/airflow/.local/lib/python3.12/site-packages/airflow/example_dags/example_dag_decorator.py for tasks to queue
[2024-11-13T00:03:10.311+0000] {logging_mixin.py:190} INFO - [2024-11-13T00:03:10.311+0000] {dagbag.py:588} INFO - Filling up the DagBag from /home/airflow/.local/lib/python3.12/site-packages/airflow/example_dags/example_dag_decorator.py
[2024-11-13T00:03:10.325+0000] {processor.py:925} INFO - DAG(s) 'example_dag_decorator' retrieved from /home/airflow/.local/lib/python3.12/site-packages/airflow/example_dags/example_dag_decorator.py
[2024-11-13T00:03:10.447+0000] {logging_mixin.py:190} INFO - [2024-11-13T00:03:10.447+0000] {dag.py:3239} INFO - Sync 1 DAGs
[2024-11-13T00:03:10.460+0000] {logging_mixin.py:190} INFO - [2024-11-13T00:03:10.460+0000] {dag.py:4180} INFO - Setting next_dagrun for example_dag_decorator to None, run_after=None
[2024-11-13T00:03:10.486+0000] {processor.py:208} INFO - Processing /home/airflow/.local/lib/python3.12/site-packages/airflow/example_dags/example_dag_decorator.py took 0.184 seconds
[2024-11-13T00:03:40.803+0000] {processor.py:186} INFO - Started process (PID=11328) to work on /home/airflow/.local/lib/python3.12/site-packages/airflow/example_dags/example_dag_decorator.py
[2024-11-13T00:03:40.804+0000] {processor.py:914} INFO - Processing file /home/airflow/.local/lib/python3.12/site-packages/airflow/example_dags/example_dag_decorator.py for tasks to queue
[2024-11-13T00:03:40.806+0000] {logging_mixin.py:190} INFO - [2024-11-13T00:03:40.806+0000] {dagbag.py:588} INFO - Filling up the DagBag from /home/airflow/.local/lib/python3.12/site-packages/airflow/example_dags/example_dag_decorator.py
[2024-11-13T00:03:40.824+0000] {processor.py:925} INFO - DAG(s) 'example_dag_decorator' retrieved from /home/airflow/.local/lib/python3.12/site-packages/airflow/example_dags/example_dag_decorator.py
[2024-11-13T00:03:40.975+0000] {logging_mixin.py:190} INFO - [2024-11-13T00:03:40.975+0000] {dag.py:3239} INFO - Sync 1 DAGs
[2024-11-13T00:03:40.990+0000] {logging_mixin.py:190} INFO - [2024-11-13T00:03:40.990+0000] {dag.py:4180} INFO - Setting next_dagrun for example_dag_decorator to None, run_after=None
[2024-11-13T00:03:41.016+0000] {processor.py:208} INFO - Processing /home/airflow/.local/lib/python3.12/site-packages/airflow/example_dags/example_dag_decorator.py took 0.225 seconds
[2024-11-13T00:04:11.141+0000] {processor.py:186} INFO - Started process (PID=11393) to work on /home/airflow/.local/lib/python3.12/site-packages/airflow/example_dags/example_dag_decorator.py
[2024-11-13T00:04:11.142+0000] {processor.py:914} INFO - Processing file /home/airflow/.local/lib/python3.12/site-packages/airflow/example_dags/example_dag_decorator.py for tasks to queue
[2024-11-13T00:04:11.143+0000] {logging_mixin.py:190} INFO - [2024-11-13T00:04:11.143+0000] {dagbag.py:588} INFO - Filling up the DagBag from /home/airflow/.local/lib/python3.12/site-packages/airflow/example_dags/example_dag_decorator.py
[2024-11-13T00:04:11.156+0000] {processor.py:925} INFO - DAG(s) 'example_dag_decorator' retrieved from /home/airflow/.local/lib/python3.12/site-packages/airflow/example_dags/example_dag_decorator.py
[2024-11-13T00:04:11.277+0000] {logging_mixin.py:190} INFO - [2024-11-13T00:04:11.277+0000] {dag.py:3239} INFO - Sync 1 DAGs
[2024-11-13T00:04:11.292+0000] {logging_mixin.py:190} INFO - [2024-11-13T00:04:11.292+0000] {dag.py:4180} INFO - Setting next_dagrun for example_dag_decorator to None, run_after=None
[2024-11-13T00:04:11.317+0000] {processor.py:208} INFO - Processing /home/airflow/.local/lib/python3.12/site-packages/airflow/example_dags/example_dag_decorator.py took 0.183 seconds
[2024-11-13T00:04:41.705+0000] {processor.py:186} INFO - Started process (PID=11458) to work on /home/airflow/.local/lib/python3.12/site-packages/airflow/example_dags/example_dag_decorator.py
[2024-11-13T00:04:41.706+0000] {processor.py:914} INFO - Processing file /home/airflow/.local/lib/python3.12/site-packages/airflow/example_dags/example_dag_decorator.py for tasks to queue
[2024-11-13T00:04:41.708+0000] {logging_mixin.py:190} INFO - [2024-11-13T00:04:41.707+0000] {dagbag.py:588} INFO - Filling up the DagBag from /home/airflow/.local/lib/python3.12/site-packages/airflow/example_dags/example_dag_decorator.py
[2024-11-13T00:04:41.719+0000] {processor.py:925} INFO - DAG(s) 'example_dag_decorator' retrieved from /home/airflow/.local/lib/python3.12/site-packages/airflow/example_dags/example_dag_decorator.py
[2024-11-13T00:04:41.743+0000] {logging_mixin.py:190} INFO - [2024-11-13T00:04:41.742+0000] {dag.py:3239} INFO - Sync 1 DAGs
[2024-11-13T00:04:41.757+0000] {logging_mixin.py:190} INFO - [2024-11-13T00:04:41.757+0000] {dag.py:4180} INFO - Setting next_dagrun for example_dag_decorator to None, run_after=None
[2024-11-13T00:04:41.781+0000] {processor.py:208} INFO - Processing /home/airflow/.local/lib/python3.12/site-packages/airflow/example_dags/example_dag_decorator.py took 0.083 seconds
[2024-11-13T00:05:12.190+0000] {processor.py:186} INFO - Started process (PID=11520) to work on /home/airflow/.local/lib/python3.12/site-packages/airflow/example_dags/example_dag_decorator.py
[2024-11-13T00:05:12.191+0000] {processor.py:914} INFO - Processing file /home/airflow/.local/lib/python3.12/site-packages/airflow/example_dags/example_dag_decorator.py for tasks to queue
[2024-11-13T00:05:12.193+0000] {logging_mixin.py:190} INFO - [2024-11-13T00:05:12.192+0000] {dagbag.py:588} INFO - Filling up the DagBag from /home/airflow/.local/lib/python3.12/site-packages/airflow/example_dags/example_dag_decorator.py
[2024-11-13T00:05:12.208+0000] {processor.py:925} INFO - DAG(s) 'example_dag_decorator' retrieved from /home/airflow/.local/lib/python3.12/site-packages/airflow/example_dags/example_dag_decorator.py
[2024-11-13T00:05:12.237+0000] {logging_mixin.py:190} INFO - [2024-11-13T00:05:12.237+0000] {dag.py:3239} INFO - Sync 1 DAGs
[2024-11-13T00:05:12.254+0000] {logging_mixin.py:190} INFO - [2024-11-13T00:05:12.253+0000] {dag.py:4180} INFO - Setting next_dagrun for example_dag_decorator to None, run_after=None
[2024-11-13T00:05:12.281+0000] {processor.py:208} INFO - Processing /home/airflow/.local/lib/python3.12/site-packages/airflow/example_dags/example_dag_decorator.py took 0.099 seconds
[2024-11-13T00:05:43.044+0000] {processor.py:186} INFO - Started process (PID=11585) to work on /home/airflow/.local/lib/python3.12/site-packages/airflow/example_dags/example_dag_decorator.py
[2024-11-13T00:05:43.046+0000] {processor.py:914} INFO - Processing file /home/airflow/.local/lib/python3.12/site-packages/airflow/example_dags/example_dag_decorator.py for tasks to queue
[2024-11-13T00:05:43.047+0000] {logging_mixin.py:190} INFO - [2024-11-13T00:05:43.047+0000] {dagbag.py:588} INFO - Filling up the DagBag from /home/airflow/.local/lib/python3.12/site-packages/airflow/example_dags/example_dag_decorator.py
[2024-11-13T00:05:43.066+0000] {processor.py:925} INFO - DAG(s) 'example_dag_decorator' retrieved from /home/airflow/.local/lib/python3.12/site-packages/airflow/example_dags/example_dag_decorator.py
[2024-11-13T00:05:43.229+0000] {logging_mixin.py:190} INFO - [2024-11-13T00:05:43.228+0000] {dag.py:3239} INFO - Sync 1 DAGs
[2024-11-13T00:05:43.247+0000] {logging_mixin.py:190} INFO - [2024-11-13T00:05:43.247+0000] {dag.py:4180} INFO - Setting next_dagrun for example_dag_decorator to None, run_after=None
[2024-11-13T00:05:43.286+0000] {processor.py:208} INFO - Processing /home/airflow/.local/lib/python3.12/site-packages/airflow/example_dags/example_dag_decorator.py took 0.252 seconds
[2024-11-13T00:06:13.700+0000] {processor.py:186} INFO - Started process (PID=11649) to work on /home/airflow/.local/lib/python3.12/site-packages/airflow/example_dags/example_dag_decorator.py
[2024-11-13T00:06:13.703+0000] {processor.py:914} INFO - Processing file /home/airflow/.local/lib/python3.12/site-packages/airflow/example_dags/example_dag_decorator.py for tasks to queue
[2024-11-13T00:06:13.706+0000] {logging_mixin.py:190} INFO - [2024-11-13T00:06:13.705+0000] {dagbag.py:588} INFO - Filling up the DagBag from /home/airflow/.local/lib/python3.12/site-packages/airflow/example_dags/example_dag_decorator.py
[2024-11-13T00:06:13.725+0000] {processor.py:925} INFO - DAG(s) 'example_dag_decorator' retrieved from /home/airflow/.local/lib/python3.12/site-packages/airflow/example_dags/example_dag_decorator.py
[2024-11-13T00:06:13.956+0000] {logging_mixin.py:190} INFO - [2024-11-13T00:06:13.956+0000] {dag.py:3239} INFO - Sync 1 DAGs
[2024-11-13T00:06:13.972+0000] {logging_mixin.py:190} INFO - [2024-11-13T00:06:13.972+0000] {dag.py:4180} INFO - Setting next_dagrun for example_dag_decorator to None, run_after=None
[2024-11-13T00:06:14.003+0000] {processor.py:208} INFO - Processing /home/airflow/.local/lib/python3.12/site-packages/airflow/example_dags/example_dag_decorator.py took 0.312 seconds
[2024-11-13T00:06:44.469+0000] {processor.py:186} INFO - Started process (PID=11713) to work on /home/airflow/.local/lib/python3.12/site-packages/airflow/example_dags/example_dag_decorator.py
[2024-11-13T00:06:44.470+0000] {processor.py:914} INFO - Processing file /home/airflow/.local/lib/python3.12/site-packages/airflow/example_dags/example_dag_decorator.py for tasks to queue
[2024-11-13T00:06:44.471+0000] {logging_mixin.py:190} INFO - [2024-11-13T00:06:44.471+0000] {dagbag.py:588} INFO - Filling up the DagBag from /home/airflow/.local/lib/python3.12/site-packages/airflow/example_dags/example_dag_decorator.py
[2024-11-13T00:06:44.484+0000] {processor.py:925} INFO - DAG(s) 'example_dag_decorator' retrieved from /home/airflow/.local/lib/python3.12/site-packages/airflow/example_dags/example_dag_decorator.py
[2024-11-13T00:06:44.593+0000] {logging_mixin.py:190} INFO - [2024-11-13T00:06:44.592+0000] {dag.py:3239} INFO - Sync 1 DAGs
[2024-11-13T00:06:44.606+0000] {logging_mixin.py:190} INFO - [2024-11-13T00:06:44.606+0000] {dag.py:4180} INFO - Setting next_dagrun for example_dag_decorator to None, run_after=None
[2024-11-13T00:06:44.630+0000] {processor.py:208} INFO - Processing /home/airflow/.local/lib/python3.12/site-packages/airflow/example_dags/example_dag_decorator.py took 0.168 seconds
[2024-11-13T00:07:15.102+0000] {processor.py:186} INFO - Started process (PID=11778) to work on /home/airflow/.local/lib/python3.12/site-packages/airflow/example_dags/example_dag_decorator.py
[2024-11-13T00:07:15.103+0000] {processor.py:914} INFO - Processing file /home/airflow/.local/lib/python3.12/site-packages/airflow/example_dags/example_dag_decorator.py for tasks to queue
[2024-11-13T00:07:15.105+0000] {logging_mixin.py:190} INFO - [2024-11-13T00:07:15.104+0000] {dagbag.py:588} INFO - Filling up the DagBag from /home/airflow/.local/lib/python3.12/site-packages/airflow/example_dags/example_dag_decorator.py
[2024-11-13T00:07:15.125+0000] {processor.py:925} INFO - DAG(s) 'example_dag_decorator' retrieved from /home/airflow/.local/lib/python3.12/site-packages/airflow/example_dags/example_dag_decorator.py
[2024-11-13T00:07:15.239+0000] {logging_mixin.py:190} INFO - [2024-11-13T00:07:15.239+0000] {dag.py:3239} INFO - Sync 1 DAGs
[2024-11-13T00:07:15.252+0000] {logging_mixin.py:190} INFO - [2024-11-13T00:07:15.252+0000] {dag.py:4180} INFO - Setting next_dagrun for example_dag_decorator to None, run_after=None
[2024-11-13T00:07:15.276+0000] {processor.py:208} INFO - Processing /home/airflow/.local/lib/python3.12/site-packages/airflow/example_dags/example_dag_decorator.py took 0.196 seconds
[2024-11-13T00:07:45.697+0000] {processor.py:186} INFO - Started process (PID=11843) to work on /home/airflow/.local/lib/python3.12/site-packages/airflow/example_dags/example_dag_decorator.py
[2024-11-13T00:07:45.698+0000] {processor.py:914} INFO - Processing file /home/airflow/.local/lib/python3.12/site-packages/airflow/example_dags/example_dag_decorator.py for tasks to queue
[2024-11-13T00:07:45.700+0000] {logging_mixin.py:190} INFO - [2024-11-13T00:07:45.699+0000] {dagbag.py:588} INFO - Filling up the DagBag from /home/airflow/.local/lib/python3.12/site-packages/airflow/example_dags/example_dag_decorator.py
[2024-11-13T00:07:45.712+0000] {processor.py:925} INFO - DAG(s) 'example_dag_decorator' retrieved from /home/airflow/.local/lib/python3.12/site-packages/airflow/example_dags/example_dag_decorator.py
[2024-11-13T00:07:45.845+0000] {logging_mixin.py:190} INFO - [2024-11-13T00:07:45.845+0000] {dag.py:3239} INFO - Sync 1 DAGs
[2024-11-13T00:07:45.863+0000] {logging_mixin.py:190} INFO - [2024-11-13T00:07:45.862+0000] {dag.py:4180} INFO - Setting next_dagrun for example_dag_decorator to None, run_after=None
[2024-11-13T00:07:45.884+0000] {processor.py:208} INFO - Processing /home/airflow/.local/lib/python3.12/site-packages/airflow/example_dags/example_dag_decorator.py took 0.194 seconds
[2024-11-13T00:08:16.517+0000] {processor.py:186} INFO - Started process (PID=11905) to work on /home/airflow/.local/lib/python3.12/site-packages/airflow/example_dags/example_dag_decorator.py
[2024-11-13T00:08:16.518+0000] {processor.py:914} INFO - Processing file /home/airflow/.local/lib/python3.12/site-packages/airflow/example_dags/example_dag_decorator.py for tasks to queue
[2024-11-13T00:08:16.520+0000] {logging_mixin.py:190} INFO - [2024-11-13T00:08:16.519+0000] {dagbag.py:588} INFO - Filling up the DagBag from /home/airflow/.local/lib/python3.12/site-packages/airflow/example_dags/example_dag_decorator.py
[2024-11-13T00:08:16.535+0000] {processor.py:925} INFO - DAG(s) 'example_dag_decorator' retrieved from /home/airflow/.local/lib/python3.12/site-packages/airflow/example_dags/example_dag_decorator.py
[2024-11-13T00:08:16.685+0000] {logging_mixin.py:190} INFO - [2024-11-13T00:08:16.684+0000] {dag.py:3239} INFO - Sync 1 DAGs
[2024-11-13T00:08:16.703+0000] {logging_mixin.py:190} INFO - [2024-11-13T00:08:16.702+0000] {dag.py:4180} INFO - Setting next_dagrun for example_dag_decorator to None, run_after=None
[2024-11-13T00:08:16.748+0000] {processor.py:208} INFO - Processing /home/airflow/.local/lib/python3.12/site-packages/airflow/example_dags/example_dag_decorator.py took 0.239 seconds
[2024-11-13T00:08:46.997+0000] {processor.py:186} INFO - Started process (PID=11968) to work on /home/airflow/.local/lib/python3.12/site-packages/airflow/example_dags/example_dag_decorator.py
[2024-11-13T00:08:46.999+0000] {processor.py:914} INFO - Processing file /home/airflow/.local/lib/python3.12/site-packages/airflow/example_dags/example_dag_decorator.py for tasks to queue
[2024-11-13T00:08:47.001+0000] {logging_mixin.py:190} INFO - [2024-11-13T00:08:47.000+0000] {dagbag.py:588} INFO - Filling up the DagBag from /home/airflow/.local/lib/python3.12/site-packages/airflow/example_dags/example_dag_decorator.py
[2024-11-13T00:08:47.031+0000] {processor.py:925} INFO - DAG(s) 'example_dag_decorator' retrieved from /home/airflow/.local/lib/python3.12/site-packages/airflow/example_dags/example_dag_decorator.py
[2024-11-13T00:08:47.368+0000] {logging_mixin.py:190} INFO - [2024-11-13T00:08:47.366+0000] {dag.py:3239} INFO - Sync 1 DAGs
[2024-11-13T00:08:47.421+0000] {logging_mixin.py:190} INFO - [2024-11-13T00:08:47.421+0000] {dag.py:4180} INFO - Setting next_dagrun for example_dag_decorator to None, run_after=None
[2024-11-13T00:08:47.504+0000] {processor.py:208} INFO - Processing /home/airflow/.local/lib/python3.12/site-packages/airflow/example_dags/example_dag_decorator.py took 0.530 seconds
[2024-11-13T00:09:17.866+0000] {processor.py:186} INFO - Started process (PID=12032) to work on /home/airflow/.local/lib/python3.12/site-packages/airflow/example_dags/example_dag_decorator.py
[2024-11-13T00:09:17.870+0000] {processor.py:914} INFO - Processing file /home/airflow/.local/lib/python3.12/site-packages/airflow/example_dags/example_dag_decorator.py for tasks to queue
[2024-11-13T00:09:17.889+0000] {logging_mixin.py:190} INFO - [2024-11-13T00:09:17.882+0000] {dagbag.py:588} INFO - Filling up the DagBag from /home/airflow/.local/lib/python3.12/site-packages/airflow/example_dags/example_dag_decorator.py
[2024-11-13T00:09:17.914+0000] {processor.py:925} INFO - DAG(s) 'example_dag_decorator' retrieved from /home/airflow/.local/lib/python3.12/site-packages/airflow/example_dags/example_dag_decorator.py
[2024-11-13T00:09:18.112+0000] {logging_mixin.py:190} INFO - [2024-11-13T00:09:18.112+0000] {dag.py:3239} INFO - Sync 1 DAGs
[2024-11-13T00:09:18.129+0000] {logging_mixin.py:190} INFO - [2024-11-13T00:09:18.129+0000] {dag.py:4180} INFO - Setting next_dagrun for example_dag_decorator to None, run_after=None
[2024-11-13T00:09:18.158+0000] {processor.py:208} INFO - Processing /home/airflow/.local/lib/python3.12/site-packages/airflow/example_dags/example_dag_decorator.py took 0.300 seconds
[2024-11-13T00:09:48.523+0000] {processor.py:186} INFO - Started process (PID=12096) to work on /home/airflow/.local/lib/python3.12/site-packages/airflow/example_dags/example_dag_decorator.py
[2024-11-13T00:09:48.524+0000] {processor.py:914} INFO - Processing file /home/airflow/.local/lib/python3.12/site-packages/airflow/example_dags/example_dag_decorator.py for tasks to queue
[2024-11-13T00:09:48.525+0000] {logging_mixin.py:190} INFO - [2024-11-13T00:09:48.525+0000] {dagbag.py:588} INFO - Filling up the DagBag from /home/airflow/.local/lib/python3.12/site-packages/airflow/example_dags/example_dag_decorator.py
[2024-11-13T00:09:48.540+0000] {processor.py:925} INFO - DAG(s) 'example_dag_decorator' retrieved from /home/airflow/.local/lib/python3.12/site-packages/airflow/example_dags/example_dag_decorator.py
[2024-11-13T00:09:48.767+0000] {logging_mixin.py:190} INFO - [2024-11-13T00:09:48.767+0000] {dag.py:3239} INFO - Sync 1 DAGs
[2024-11-13T00:09:48.784+0000] {logging_mixin.py:190} INFO - [2024-11-13T00:09:48.784+0000] {dag.py:4180} INFO - Setting next_dagrun for example_dag_decorator to None, run_after=None
[2024-11-13T00:09:48.820+0000] {processor.py:208} INFO - Processing /home/airflow/.local/lib/python3.12/site-packages/airflow/example_dags/example_dag_decorator.py took 0.303 seconds
[2024-11-13T00:10:18.908+0000] {processor.py:186} INFO - Started process (PID=12161) to work on /home/airflow/.local/lib/python3.12/site-packages/airflow/example_dags/example_dag_decorator.py
[2024-11-13T00:10:18.909+0000] {processor.py:914} INFO - Processing file /home/airflow/.local/lib/python3.12/site-packages/airflow/example_dags/example_dag_decorator.py for tasks to queue
[2024-11-13T00:10:18.911+0000] {logging_mixin.py:190} INFO - [2024-11-13T00:10:18.910+0000] {dagbag.py:588} INFO - Filling up the DagBag from /home/airflow/.local/lib/python3.12/site-packages/airflow/example_dags/example_dag_decorator.py
[2024-11-13T00:10:18.926+0000] {processor.py:925} INFO - DAG(s) 'example_dag_decorator' retrieved from /home/airflow/.local/lib/python3.12/site-packages/airflow/example_dags/example_dag_decorator.py
[2024-11-13T00:10:19.053+0000] {logging_mixin.py:190} INFO - [2024-11-13T00:10:19.053+0000] {dag.py:3239} INFO - Sync 1 DAGs
[2024-11-13T00:10:19.068+0000] {logging_mixin.py:190} INFO - [2024-11-13T00:10:19.068+0000] {dag.py:4180} INFO - Setting next_dagrun for example_dag_decorator to None, run_after=None
[2024-11-13T00:10:19.096+0000] {processor.py:208} INFO - Processing /home/airflow/.local/lib/python3.12/site-packages/airflow/example_dags/example_dag_decorator.py took 0.198 seconds
[2024-11-13T00:10:49.399+0000] {processor.py:186} INFO - Started process (PID=12224) to work on /home/airflow/.local/lib/python3.12/site-packages/airflow/example_dags/example_dag_decorator.py
[2024-11-13T00:10:49.400+0000] {processor.py:914} INFO - Processing file /home/airflow/.local/lib/python3.12/site-packages/airflow/example_dags/example_dag_decorator.py for tasks to queue
[2024-11-13T00:10:49.402+0000] {logging_mixin.py:190} INFO - [2024-11-13T00:10:49.401+0000] {dagbag.py:588} INFO - Filling up the DagBag from /home/airflow/.local/lib/python3.12/site-packages/airflow/example_dags/example_dag_decorator.py
[2024-11-13T00:10:49.413+0000] {processor.py:925} INFO - DAG(s) 'example_dag_decorator' retrieved from /home/airflow/.local/lib/python3.12/site-packages/airflow/example_dags/example_dag_decorator.py
[2024-11-13T00:10:49.525+0000] {logging_mixin.py:190} INFO - [2024-11-13T00:10:49.525+0000] {dag.py:3239} INFO - Sync 1 DAGs
[2024-11-13T00:10:49.541+0000] {logging_mixin.py:190} INFO - [2024-11-13T00:10:49.541+0000] {dag.py:4180} INFO - Setting next_dagrun for example_dag_decorator to None, run_after=None
[2024-11-13T00:10:49.567+0000] {processor.py:208} INFO - Processing /home/airflow/.local/lib/python3.12/site-packages/airflow/example_dags/example_dag_decorator.py took 0.176 seconds
[2024-11-13T00:11:19.689+0000] {processor.py:186} INFO - Started process (PID=12288) to work on /home/airflow/.local/lib/python3.12/site-packages/airflow/example_dags/example_dag_decorator.py
[2024-11-13T00:11:19.689+0000] {processor.py:914} INFO - Processing file /home/airflow/.local/lib/python3.12/site-packages/airflow/example_dags/example_dag_decorator.py for tasks to queue
[2024-11-13T00:11:19.691+0000] {logging_mixin.py:190} INFO - [2024-11-13T00:11:19.690+0000] {dagbag.py:588} INFO - Filling up the DagBag from /home/airflow/.local/lib/python3.12/site-packages/airflow/example_dags/example_dag_decorator.py
[2024-11-13T00:11:19.703+0000] {processor.py:925} INFO - DAG(s) 'example_dag_decorator' retrieved from /home/airflow/.local/lib/python3.12/site-packages/airflow/example_dags/example_dag_decorator.py
[2024-11-13T00:11:19.872+0000] {logging_mixin.py:190} INFO - [2024-11-13T00:11:19.871+0000] {dag.py:3239} INFO - Sync 1 DAGs
[2024-11-13T00:11:19.883+0000] {logging_mixin.py:190} INFO - [2024-11-13T00:11:19.883+0000] {dag.py:4180} INFO - Setting next_dagrun for example_dag_decorator to None, run_after=None
[2024-11-13T00:11:19.905+0000] {processor.py:208} INFO - Processing /home/airflow/.local/lib/python3.12/site-packages/airflow/example_dags/example_dag_decorator.py took 0.224 seconds
[2024-11-13T00:11:50.831+0000] {processor.py:186} INFO - Started process (PID=12352) to work on /home/airflow/.local/lib/python3.12/site-packages/airflow/example_dags/example_dag_decorator.py
[2024-11-13T00:11:50.832+0000] {processor.py:914} INFO - Processing file /home/airflow/.local/lib/python3.12/site-packages/airflow/example_dags/example_dag_decorator.py for tasks to queue
[2024-11-13T00:11:50.833+0000] {logging_mixin.py:190} INFO - [2024-11-13T00:11:50.833+0000] {dagbag.py:588} INFO - Filling up the DagBag from /home/airflow/.local/lib/python3.12/site-packages/airflow/example_dags/example_dag_decorator.py
[2024-11-13T00:11:50.846+0000] {processor.py:925} INFO - DAG(s) 'example_dag_decorator' retrieved from /home/airflow/.local/lib/python3.12/site-packages/airflow/example_dags/example_dag_decorator.py
[2024-11-13T00:11:50.953+0000] {logging_mixin.py:190} INFO - [2024-11-13T00:11:50.953+0000] {dag.py:3239} INFO - Sync 1 DAGs
[2024-11-13T00:11:50.964+0000] {logging_mixin.py:190} INFO - [2024-11-13T00:11:50.964+0000] {dag.py:4180} INFO - Setting next_dagrun for example_dag_decorator to None, run_after=None
[2024-11-13T00:11:51.001+0000] {processor.py:208} INFO - Processing /home/airflow/.local/lib/python3.12/site-packages/airflow/example_dags/example_dag_decorator.py took 0.177 seconds
[2024-11-13T00:12:21.165+0000] {processor.py:186} INFO - Started process (PID=12415) to work on /home/airflow/.local/lib/python3.12/site-packages/airflow/example_dags/example_dag_decorator.py
[2024-11-13T00:12:21.166+0000] {processor.py:914} INFO - Processing file /home/airflow/.local/lib/python3.12/site-packages/airflow/example_dags/example_dag_decorator.py for tasks to queue
[2024-11-13T00:12:21.167+0000] {logging_mixin.py:190} INFO - [2024-11-13T00:12:21.167+0000] {dagbag.py:588} INFO - Filling up the DagBag from /home/airflow/.local/lib/python3.12/site-packages/airflow/example_dags/example_dag_decorator.py
[2024-11-13T00:12:21.178+0000] {processor.py:925} INFO - DAG(s) 'example_dag_decorator' retrieved from /home/airflow/.local/lib/python3.12/site-packages/airflow/example_dags/example_dag_decorator.py
[2024-11-13T00:12:21.283+0000] {logging_mixin.py:190} INFO - [2024-11-13T00:12:21.283+0000] {dag.py:3239} INFO - Sync 1 DAGs
[2024-11-13T00:12:21.296+0000] {logging_mixin.py:190} INFO - [2024-11-13T00:12:21.295+0000] {dag.py:4180} INFO - Setting next_dagrun for example_dag_decorator to None, run_after=None
[2024-11-13T00:12:21.322+0000] {processor.py:208} INFO - Processing /home/airflow/.local/lib/python3.12/site-packages/airflow/example_dags/example_dag_decorator.py took 0.165 seconds
[2024-11-13T00:12:51.412+0000] {processor.py:186} INFO - Started process (PID=12479) to work on /home/airflow/.local/lib/python3.12/site-packages/airflow/example_dags/example_dag_decorator.py
[2024-11-13T00:12:51.413+0000] {processor.py:914} INFO - Processing file /home/airflow/.local/lib/python3.12/site-packages/airflow/example_dags/example_dag_decorator.py for tasks to queue
[2024-11-13T00:12:51.415+0000] {logging_mixin.py:190} INFO - [2024-11-13T00:12:51.415+0000] {dagbag.py:588} INFO - Filling up the DagBag from /home/airflow/.local/lib/python3.12/site-packages/airflow/example_dags/example_dag_decorator.py
[2024-11-13T00:12:51.433+0000] {processor.py:925} INFO - DAG(s) 'example_dag_decorator' retrieved from /home/airflow/.local/lib/python3.12/site-packages/airflow/example_dags/example_dag_decorator.py
[2024-11-13T00:12:51.543+0000] {logging_mixin.py:190} INFO - [2024-11-13T00:12:51.543+0000] {dag.py:3239} INFO - Sync 1 DAGs
[2024-11-13T00:12:51.555+0000] {logging_mixin.py:190} INFO - [2024-11-13T00:12:51.554+0000] {dag.py:4180} INFO - Setting next_dagrun for example_dag_decorator to None, run_after=None
[2024-11-13T00:12:51.578+0000] {processor.py:208} INFO - Processing /home/airflow/.local/lib/python3.12/site-packages/airflow/example_dags/example_dag_decorator.py took 0.176 seconds
[2024-11-13T00:13:21.744+0000] {processor.py:186} INFO - Started process (PID=12544) to work on /home/airflow/.local/lib/python3.12/site-packages/airflow/example_dags/example_dag_decorator.py
[2024-11-13T00:13:21.746+0000] {processor.py:914} INFO - Processing file /home/airflow/.local/lib/python3.12/site-packages/airflow/example_dags/example_dag_decorator.py for tasks to queue
[2024-11-13T00:13:21.747+0000] {logging_mixin.py:190} INFO - [2024-11-13T00:13:21.747+0000] {dagbag.py:588} INFO - Filling up the DagBag from /home/airflow/.local/lib/python3.12/site-packages/airflow/example_dags/example_dag_decorator.py
[2024-11-13T00:13:21.761+0000] {processor.py:925} INFO - DAG(s) 'example_dag_decorator' retrieved from /home/airflow/.local/lib/python3.12/site-packages/airflow/example_dags/example_dag_decorator.py
[2024-11-13T00:13:21.886+0000] {logging_mixin.py:190} INFO - [2024-11-13T00:13:21.885+0000] {dag.py:3239} INFO - Sync 1 DAGs
[2024-11-13T00:13:21.902+0000] {logging_mixin.py:190} INFO - [2024-11-13T00:13:21.901+0000] {dag.py:4180} INFO - Setting next_dagrun for example_dag_decorator to None, run_after=None
[2024-11-13T00:13:21.932+0000] {processor.py:208} INFO - Processing /home/airflow/.local/lib/python3.12/site-packages/airflow/example_dags/example_dag_decorator.py took 0.195 seconds
[2024-11-13T00:13:52.444+0000] {processor.py:186} INFO - Started process (PID=12608) to work on /home/airflow/.local/lib/python3.12/site-packages/airflow/example_dags/example_dag_decorator.py
[2024-11-13T00:13:52.445+0000] {processor.py:914} INFO - Processing file /home/airflow/.local/lib/python3.12/site-packages/airflow/example_dags/example_dag_decorator.py for tasks to queue
[2024-11-13T00:13:52.446+0000] {logging_mixin.py:190} INFO - [2024-11-13T00:13:52.446+0000] {dagbag.py:588} INFO - Filling up the DagBag from /home/airflow/.local/lib/python3.12/site-packages/airflow/example_dags/example_dag_decorator.py
[2024-11-13T00:13:52.459+0000] {processor.py:925} INFO - DAG(s) 'example_dag_decorator' retrieved from /home/airflow/.local/lib/python3.12/site-packages/airflow/example_dags/example_dag_decorator.py
[2024-11-13T00:13:52.575+0000] {logging_mixin.py:190} INFO - [2024-11-13T00:13:52.575+0000] {dag.py:3239} INFO - Sync 1 DAGs
[2024-11-13T00:13:52.589+0000] {logging_mixin.py:190} INFO - [2024-11-13T00:13:52.589+0000] {dag.py:4180} INFO - Setting next_dagrun for example_dag_decorator to None, run_after=None
[2024-11-13T00:13:52.613+0000] {processor.py:208} INFO - Processing /home/airflow/.local/lib/python3.12/site-packages/airflow/example_dags/example_dag_decorator.py took 0.178 seconds
[2024-11-13T00:14:22.888+0000] {processor.py:186} INFO - Started process (PID=12671) to work on /home/airflow/.local/lib/python3.12/site-packages/airflow/example_dags/example_dag_decorator.py
[2024-11-13T00:14:22.889+0000] {processor.py:914} INFO - Processing file /home/airflow/.local/lib/python3.12/site-packages/airflow/example_dags/example_dag_decorator.py for tasks to queue
[2024-11-13T00:14:22.891+0000] {logging_mixin.py:190} INFO - [2024-11-13T00:14:22.891+0000] {dagbag.py:588} INFO - Filling up the DagBag from /home/airflow/.local/lib/python3.12/site-packages/airflow/example_dags/example_dag_decorator.py
[2024-11-13T00:14:22.905+0000] {processor.py:925} INFO - DAG(s) 'example_dag_decorator' retrieved from /home/airflow/.local/lib/python3.12/site-packages/airflow/example_dags/example_dag_decorator.py
[2024-11-13T00:14:23.035+0000] {logging_mixin.py:190} INFO - [2024-11-13T00:14:23.034+0000] {dag.py:3239} INFO - Sync 1 DAGs
[2024-11-13T00:14:23.055+0000] {logging_mixin.py:190} INFO - [2024-11-13T00:14:23.055+0000] {dag.py:4180} INFO - Setting next_dagrun for example_dag_decorator to None, run_after=None
[2024-11-13T00:14:23.082+0000] {processor.py:208} INFO - Processing /home/airflow/.local/lib/python3.12/site-packages/airflow/example_dags/example_dag_decorator.py took 0.203 seconds
[2024-11-13T00:14:53.236+0000] {processor.py:186} INFO - Started process (PID=12736) to work on /home/airflow/.local/lib/python3.12/site-packages/airflow/example_dags/example_dag_decorator.py
[2024-11-13T00:14:53.237+0000] {processor.py:914} INFO - Processing file /home/airflow/.local/lib/python3.12/site-packages/airflow/example_dags/example_dag_decorator.py for tasks to queue
[2024-11-13T00:14:53.238+0000] {logging_mixin.py:190} INFO - [2024-11-13T00:14:53.238+0000] {dagbag.py:588} INFO - Filling up the DagBag from /home/airflow/.local/lib/python3.12/site-packages/airflow/example_dags/example_dag_decorator.py
[2024-11-13T00:14:53.253+0000] {processor.py:925} INFO - DAG(s) 'example_dag_decorator' retrieved from /home/airflow/.local/lib/python3.12/site-packages/airflow/example_dags/example_dag_decorator.py
[2024-11-13T00:14:53.391+0000] {logging_mixin.py:190} INFO - [2024-11-13T00:14:53.391+0000] {dag.py:3239} INFO - Sync 1 DAGs
[2024-11-13T00:14:53.404+0000] {logging_mixin.py:190} INFO - [2024-11-13T00:14:53.404+0000] {dag.py:4180} INFO - Setting next_dagrun for example_dag_decorator to None, run_after=None
[2024-11-13T00:14:53.429+0000] {processor.py:208} INFO - Processing /home/airflow/.local/lib/python3.12/site-packages/airflow/example_dags/example_dag_decorator.py took 0.202 seconds
[2024-11-13T00:15:23.587+0000] {processor.py:186} INFO - Started process (PID=12799) to work on /home/airflow/.local/lib/python3.12/site-packages/airflow/example_dags/example_dag_decorator.py
[2024-11-13T00:15:23.588+0000] {processor.py:914} INFO - Processing file /home/airflow/.local/lib/python3.12/site-packages/airflow/example_dags/example_dag_decorator.py for tasks to queue
[2024-11-13T00:15:23.589+0000] {logging_mixin.py:190} INFO - [2024-11-13T00:15:23.589+0000] {dagbag.py:588} INFO - Filling up the DagBag from /home/airflow/.local/lib/python3.12/site-packages/airflow/example_dags/example_dag_decorator.py
[2024-11-13T00:15:23.601+0000] {processor.py:925} INFO - DAG(s) 'example_dag_decorator' retrieved from /home/airflow/.local/lib/python3.12/site-packages/airflow/example_dags/example_dag_decorator.py
[2024-11-13T00:15:23.713+0000] {logging_mixin.py:190} INFO - [2024-11-13T00:15:23.713+0000] {dag.py:3239} INFO - Sync 1 DAGs
[2024-11-13T00:15:23.725+0000] {logging_mixin.py:190} INFO - [2024-11-13T00:15:23.724+0000] {dag.py:4180} INFO - Setting next_dagrun for example_dag_decorator to None, run_after=None
[2024-11-13T00:15:23.749+0000] {processor.py:208} INFO - Processing /home/airflow/.local/lib/python3.12/site-packages/airflow/example_dags/example_dag_decorator.py took 0.169 seconds
[2024-11-13T00:15:53.840+0000] {processor.py:186} INFO - Started process (PID=12863) to work on /home/airflow/.local/lib/python3.12/site-packages/airflow/example_dags/example_dag_decorator.py
[2024-11-13T00:15:53.841+0000] {processor.py:914} INFO - Processing file /home/airflow/.local/lib/python3.12/site-packages/airflow/example_dags/example_dag_decorator.py for tasks to queue
[2024-11-13T00:15:53.843+0000] {logging_mixin.py:190} INFO - [2024-11-13T00:15:53.843+0000] {dagbag.py:588} INFO - Filling up the DagBag from /home/airflow/.local/lib/python3.12/site-packages/airflow/example_dags/example_dag_decorator.py
[2024-11-13T00:15:53.855+0000] {processor.py:925} INFO - DAG(s) 'example_dag_decorator' retrieved from /home/airflow/.local/lib/python3.12/site-packages/airflow/example_dags/example_dag_decorator.py
[2024-11-13T00:15:53.964+0000] {logging_mixin.py:190} INFO - [2024-11-13T00:15:53.964+0000] {dag.py:3239} INFO - Sync 1 DAGs
[2024-11-13T00:15:53.976+0000] {logging_mixin.py:190} INFO - [2024-11-13T00:15:53.976+0000] {dag.py:4180} INFO - Setting next_dagrun for example_dag_decorator to None, run_after=None
[2024-11-13T00:15:54.003+0000] {processor.py:208} INFO - Processing /home/airflow/.local/lib/python3.12/site-packages/airflow/example_dags/example_dag_decorator.py took 0.169 seconds
[2024-11-13T00:16:24.514+0000] {processor.py:186} INFO - Started process (PID=12928) to work on /home/airflow/.local/lib/python3.12/site-packages/airflow/example_dags/example_dag_decorator.py
[2024-11-13T00:16:24.515+0000] {processor.py:914} INFO - Processing file /home/airflow/.local/lib/python3.12/site-packages/airflow/example_dags/example_dag_decorator.py for tasks to queue
[2024-11-13T00:16:24.517+0000] {logging_mixin.py:190} INFO - [2024-11-13T00:16:24.517+0000] {dagbag.py:588} INFO - Filling up the DagBag from /home/airflow/.local/lib/python3.12/site-packages/airflow/example_dags/example_dag_decorator.py
[2024-11-13T00:16:24.547+0000] {processor.py:925} INFO - DAG(s) 'example_dag_decorator' retrieved from /home/airflow/.local/lib/python3.12/site-packages/airflow/example_dags/example_dag_decorator.py
[2024-11-13T00:16:24.777+0000] {logging_mixin.py:190} INFO - [2024-11-13T00:16:24.777+0000] {dag.py:3239} INFO - Sync 1 DAGs
[2024-11-13T00:16:24.794+0000] {logging_mixin.py:190} INFO - [2024-11-13T00:16:24.794+0000] {dag.py:4180} INFO - Setting next_dagrun for example_dag_decorator to None, run_after=None
[2024-11-13T00:16:24.817+0000] {processor.py:208} INFO - Processing /home/airflow/.local/lib/python3.12/site-packages/airflow/example_dags/example_dag_decorator.py took 0.322 seconds
[2024-11-13T00:16:55.006+0000] {processor.py:186} INFO - Started process (PID=12992) to work on /home/airflow/.local/lib/python3.12/site-packages/airflow/example_dags/example_dag_decorator.py
[2024-11-13T00:16:55.007+0000] {processor.py:914} INFO - Processing file /home/airflow/.local/lib/python3.12/site-packages/airflow/example_dags/example_dag_decorator.py for tasks to queue
[2024-11-13T00:16:55.009+0000] {logging_mixin.py:190} INFO - [2024-11-13T00:16:55.009+0000] {dagbag.py:588} INFO - Filling up the DagBag from /home/airflow/.local/lib/python3.12/site-packages/airflow/example_dags/example_dag_decorator.py
[2024-11-13T00:16:55.024+0000] {processor.py:925} INFO - DAG(s) 'example_dag_decorator' retrieved from /home/airflow/.local/lib/python3.12/site-packages/airflow/example_dags/example_dag_decorator.py
[2024-11-13T00:16:55.053+0000] {logging_mixin.py:190} INFO - [2024-11-13T00:16:55.053+0000] {dag.py:3239} INFO - Sync 1 DAGs
[2024-11-13T00:16:55.070+0000] {logging_mixin.py:190} INFO - [2024-11-13T00:16:55.070+0000] {dag.py:4180} INFO - Setting next_dagrun for example_dag_decorator to None, run_after=None
[2024-11-13T00:16:55.100+0000] {processor.py:208} INFO - Processing /home/airflow/.local/lib/python3.12/site-packages/airflow/example_dags/example_dag_decorator.py took 0.104 seconds
[2024-11-13T00:17:25.751+0000] {processor.py:186} INFO - Started process (PID=13056) to work on /home/airflow/.local/lib/python3.12/site-packages/airflow/example_dags/example_dag_decorator.py
[2024-11-13T00:17:25.752+0000] {processor.py:914} INFO - Processing file /home/airflow/.local/lib/python3.12/site-packages/airflow/example_dags/example_dag_decorator.py for tasks to queue
[2024-11-13T00:17:25.753+0000] {logging_mixin.py:190} INFO - [2024-11-13T00:17:25.753+0000] {dagbag.py:588} INFO - Filling up the DagBag from /home/airflow/.local/lib/python3.12/site-packages/airflow/example_dags/example_dag_decorator.py
[2024-11-13T00:17:25.768+0000] {processor.py:925} INFO - DAG(s) 'example_dag_decorator' retrieved from /home/airflow/.local/lib/python3.12/site-packages/airflow/example_dags/example_dag_decorator.py
[2024-11-13T00:17:25.902+0000] {logging_mixin.py:190} INFO - [2024-11-13T00:17:25.902+0000] {dag.py:3239} INFO - Sync 1 DAGs
[2024-11-13T00:17:25.915+0000] {logging_mixin.py:190} INFO - [2024-11-13T00:17:25.914+0000] {dag.py:4180} INFO - Setting next_dagrun for example_dag_decorator to None, run_after=None
[2024-11-13T00:17:25.944+0000] {processor.py:208} INFO - Processing /home/airflow/.local/lib/python3.12/site-packages/airflow/example_dags/example_dag_decorator.py took 0.201 seconds
[2024-11-13T00:17:56.527+0000] {processor.py:186} INFO - Started process (PID=13120) to work on /home/airflow/.local/lib/python3.12/site-packages/airflow/example_dags/example_dag_decorator.py
[2024-11-13T00:17:56.528+0000] {processor.py:914} INFO - Processing file /home/airflow/.local/lib/python3.12/site-packages/airflow/example_dags/example_dag_decorator.py for tasks to queue
[2024-11-13T00:17:56.530+0000] {logging_mixin.py:190} INFO - [2024-11-13T00:17:56.529+0000] {dagbag.py:588} INFO - Filling up the DagBag from /home/airflow/.local/lib/python3.12/site-packages/airflow/example_dags/example_dag_decorator.py
[2024-11-13T00:17:56.547+0000] {processor.py:925} INFO - DAG(s) 'example_dag_decorator' retrieved from /home/airflow/.local/lib/python3.12/site-packages/airflow/example_dags/example_dag_decorator.py
[2024-11-13T00:17:56.714+0000] {logging_mixin.py:190} INFO - [2024-11-13T00:17:56.713+0000] {dag.py:3239} INFO - Sync 1 DAGs
[2024-11-13T00:17:56.749+0000] {logging_mixin.py:190} INFO - [2024-11-13T00:17:56.749+0000] {dag.py:4180} INFO - Setting next_dagrun for example_dag_decorator to None, run_after=None
[2024-11-13T00:17:56.789+0000] {processor.py:208} INFO - Processing /home/airflow/.local/lib/python3.12/site-packages/airflow/example_dags/example_dag_decorator.py took 0.271 seconds
[2024-11-13T00:18:27.198+0000] {processor.py:186} INFO - Started process (PID=13183) to work on /home/airflow/.local/lib/python3.12/site-packages/airflow/example_dags/example_dag_decorator.py
[2024-11-13T00:18:27.203+0000] {processor.py:914} INFO - Processing file /home/airflow/.local/lib/python3.12/site-packages/airflow/example_dags/example_dag_decorator.py for tasks to queue
[2024-11-13T00:18:27.206+0000] {logging_mixin.py:190} INFO - [2024-11-13T00:18:27.205+0000] {dagbag.py:588} INFO - Filling up the DagBag from /home/airflow/.local/lib/python3.12/site-packages/airflow/example_dags/example_dag_decorator.py
[2024-11-13T00:18:27.226+0000] {processor.py:925} INFO - DAG(s) 'example_dag_decorator' retrieved from /home/airflow/.local/lib/python3.12/site-packages/airflow/example_dags/example_dag_decorator.py
[2024-11-13T00:18:27.544+0000] {logging_mixin.py:190} INFO - [2024-11-13T00:18:27.544+0000] {dag.py:3239} INFO - Sync 1 DAGs
[2024-11-13T00:18:27.564+0000] {logging_mixin.py:190} INFO - [2024-11-13T00:18:27.564+0000] {dag.py:4180} INFO - Setting next_dagrun for example_dag_decorator to None, run_after=None
[2024-11-13T00:18:27.595+0000] {processor.py:208} INFO - Processing /home/airflow/.local/lib/python3.12/site-packages/airflow/example_dags/example_dag_decorator.py took 0.419 seconds
[2024-11-13T00:18:57.922+0000] {processor.py:186} INFO - Started process (PID=13247) to work on /home/airflow/.local/lib/python3.12/site-packages/airflow/example_dags/example_dag_decorator.py
[2024-11-13T00:18:57.923+0000] {processor.py:914} INFO - Processing file /home/airflow/.local/lib/python3.12/site-packages/airflow/example_dags/example_dag_decorator.py for tasks to queue
[2024-11-13T00:18:57.925+0000] {logging_mixin.py:190} INFO - [2024-11-13T00:18:57.925+0000] {dagbag.py:588} INFO - Filling up the DagBag from /home/airflow/.local/lib/python3.12/site-packages/airflow/example_dags/example_dag_decorator.py
[2024-11-13T00:18:57.964+0000] {processor.py:925} INFO - DAG(s) 'example_dag_decorator' retrieved from /home/airflow/.local/lib/python3.12/site-packages/airflow/example_dags/example_dag_decorator.py
[2024-11-13T00:18:58.281+0000] {logging_mixin.py:190} INFO - [2024-11-13T00:18:58.281+0000] {dag.py:3239} INFO - Sync 1 DAGs
[2024-11-13T00:18:58.306+0000] {logging_mixin.py:190} INFO - [2024-11-13T00:18:58.306+0000] {dag.py:4180} INFO - Setting next_dagrun for example_dag_decorator to None, run_after=None
[2024-11-13T00:18:58.336+0000] {processor.py:208} INFO - Processing /home/airflow/.local/lib/python3.12/site-packages/airflow/example_dags/example_dag_decorator.py took 0.432 seconds
[2024-11-13T00:19:39.519+0000] {processor.py:186} INFO - Started process (PID=13286) to work on /home/airflow/.local/lib/python3.12/site-packages/airflow/example_dags/example_dag_decorator.py
[2024-11-13T00:19:39.520+0000] {processor.py:914} INFO - Processing file /home/airflow/.local/lib/python3.12/site-packages/airflow/example_dags/example_dag_decorator.py for tasks to queue
[2024-11-13T00:19:39.522+0000] {logging_mixin.py:190} INFO - [2024-11-13T00:19:39.522+0000] {dagbag.py:588} INFO - Filling up the DagBag from /home/airflow/.local/lib/python3.12/site-packages/airflow/example_dags/example_dag_decorator.py
[2024-11-13T00:19:39.537+0000] {processor.py:925} INFO - DAG(s) 'example_dag_decorator' retrieved from /home/airflow/.local/lib/python3.12/site-packages/airflow/example_dags/example_dag_decorator.py
[2024-11-13T00:19:39.855+0000] {logging_mixin.py:190} INFO - [2024-11-13T00:19:39.854+0000] {dag.py:3239} INFO - Sync 1 DAGs
[2024-11-13T00:19:39.873+0000] {logging_mixin.py:190} INFO - [2024-11-13T00:19:39.873+0000] {dag.py:4180} INFO - Setting next_dagrun for example_dag_decorator to None, run_after=None
[2024-11-13T00:19:39.907+0000] {processor.py:208} INFO - Processing /home/airflow/.local/lib/python3.12/site-packages/airflow/example_dags/example_dag_decorator.py took 0.397 seconds
[2024-11-13T00:20:12.158+0000] {processor.py:186} INFO - Started process (PID=13350) to work on /home/airflow/.local/lib/python3.12/site-packages/airflow/example_dags/example_dag_decorator.py
[2024-11-13T00:20:12.159+0000] {processor.py:914} INFO - Processing file /home/airflow/.local/lib/python3.12/site-packages/airflow/example_dags/example_dag_decorator.py for tasks to queue
[2024-11-13T00:20:12.161+0000] {logging_mixin.py:190} INFO - [2024-11-13T00:20:12.160+0000] {dagbag.py:588} INFO - Filling up the DagBag from /home/airflow/.local/lib/python3.12/site-packages/airflow/example_dags/example_dag_decorator.py
[2024-11-13T00:20:12.189+0000] {processor.py:925} INFO - DAG(s) 'example_dag_decorator' retrieved from /home/airflow/.local/lib/python3.12/site-packages/airflow/example_dags/example_dag_decorator.py
[2024-11-13T00:20:12.490+0000] {logging_mixin.py:190} INFO - [2024-11-13T00:20:12.489+0000] {dag.py:3239} INFO - Sync 1 DAGs
[2024-11-13T00:20:12.528+0000] {logging_mixin.py:190} INFO - [2024-11-13T00:20:12.528+0000] {dag.py:4180} INFO - Setting next_dagrun for example_dag_decorator to None, run_after=None
[2024-11-13T00:20:12.565+0000] {processor.py:208} INFO - Processing /home/airflow/.local/lib/python3.12/site-packages/airflow/example_dags/example_dag_decorator.py took 0.425 seconds
[2024-11-13T00:20:43.037+0000] {processor.py:186} INFO - Started process (PID=13414) to work on /home/airflow/.local/lib/python3.12/site-packages/airflow/example_dags/example_dag_decorator.py
[2024-11-13T00:20:43.038+0000] {processor.py:914} INFO - Processing file /home/airflow/.local/lib/python3.12/site-packages/airflow/example_dags/example_dag_decorator.py for tasks to queue
[2024-11-13T00:20:43.040+0000] {logging_mixin.py:190} INFO - [2024-11-13T00:20:43.040+0000] {dagbag.py:588} INFO - Filling up the DagBag from /home/airflow/.local/lib/python3.12/site-packages/airflow/example_dags/example_dag_decorator.py
[2024-11-13T00:20:43.080+0000] {processor.py:925} INFO - DAG(s) 'example_dag_decorator' retrieved from /home/airflow/.local/lib/python3.12/site-packages/airflow/example_dags/example_dag_decorator.py
[2024-11-13T00:20:43.366+0000] {logging_mixin.py:190} INFO - [2024-11-13T00:20:43.366+0000] {dag.py:3239} INFO - Sync 1 DAGs
[2024-11-13T00:20:43.385+0000] {logging_mixin.py:190} INFO - [2024-11-13T00:20:43.384+0000] {dag.py:4180} INFO - Setting next_dagrun for example_dag_decorator to None, run_after=None
[2024-11-13T00:20:43.425+0000] {processor.py:208} INFO - Processing /home/airflow/.local/lib/python3.12/site-packages/airflow/example_dags/example_dag_decorator.py took 0.403 seconds
[2024-11-13T00:21:14.400+0000] {processor.py:186} INFO - Started process (PID=13478) to work on /home/airflow/.local/lib/python3.12/site-packages/airflow/example_dags/example_dag_decorator.py
[2024-11-13T00:21:14.401+0000] {processor.py:914} INFO - Processing file /home/airflow/.local/lib/python3.12/site-packages/airflow/example_dags/example_dag_decorator.py for tasks to queue
[2024-11-13T00:21:14.407+0000] {logging_mixin.py:190} INFO - [2024-11-13T00:21:14.404+0000] {dagbag.py:588} INFO - Filling up the DagBag from /home/airflow/.local/lib/python3.12/site-packages/airflow/example_dags/example_dag_decorator.py
[2024-11-13T00:21:14.435+0000] {processor.py:925} INFO - DAG(s) 'example_dag_decorator' retrieved from /home/airflow/.local/lib/python3.12/site-packages/airflow/example_dags/example_dag_decorator.py
[2024-11-13T00:21:14.469+0000] {logging_mixin.py:190} INFO - [2024-11-13T00:21:14.468+0000] {dag.py:3239} INFO - Sync 1 DAGs
[2024-11-13T00:21:14.487+0000] {logging_mixin.py:190} INFO - [2024-11-13T00:21:14.486+0000] {dag.py:4180} INFO - Setting next_dagrun for example_dag_decorator to None, run_after=None
[2024-11-13T00:21:14.515+0000] {processor.py:208} INFO - Processing /home/airflow/.local/lib/python3.12/site-packages/airflow/example_dags/example_dag_decorator.py took 0.131 seconds
[2024-11-13T00:21:46.178+0000] {processor.py:186} INFO - Started process (PID=13542) to work on /home/airflow/.local/lib/python3.12/site-packages/airflow/example_dags/example_dag_decorator.py
[2024-11-13T00:21:46.179+0000] {processor.py:914} INFO - Processing file /home/airflow/.local/lib/python3.12/site-packages/airflow/example_dags/example_dag_decorator.py for tasks to queue
[2024-11-13T00:21:46.180+0000] {logging_mixin.py:190} INFO - [2024-11-13T00:21:46.180+0000] {dagbag.py:588} INFO - Filling up the DagBag from /home/airflow/.local/lib/python3.12/site-packages/airflow/example_dags/example_dag_decorator.py
[2024-11-13T00:21:46.221+0000] {processor.py:925} INFO - DAG(s) 'example_dag_decorator' retrieved from /home/airflow/.local/lib/python3.12/site-packages/airflow/example_dags/example_dag_decorator.py
[2024-11-13T00:21:46.251+0000] {logging_mixin.py:190} INFO - [2024-11-13T00:21:46.251+0000] {dag.py:3239} INFO - Sync 1 DAGs
[2024-11-13T00:21:46.270+0000] {logging_mixin.py:190} INFO - [2024-11-13T00:21:46.269+0000] {dag.py:4180} INFO - Setting next_dagrun for example_dag_decorator to None, run_after=None
[2024-11-13T00:21:46.293+0000] {processor.py:208} INFO - Processing /home/airflow/.local/lib/python3.12/site-packages/airflow/example_dags/example_dag_decorator.py took 0.123 seconds
[2024-11-13T00:22:17.548+0000] {processor.py:186} INFO - Started process (PID=13606) to work on /home/airflow/.local/lib/python3.12/site-packages/airflow/example_dags/example_dag_decorator.py
[2024-11-13T00:22:17.548+0000] {processor.py:914} INFO - Processing file /home/airflow/.local/lib/python3.12/site-packages/airflow/example_dags/example_dag_decorator.py for tasks to queue
[2024-11-13T00:22:17.550+0000] {logging_mixin.py:190} INFO - [2024-11-13T00:22:17.550+0000] {dagbag.py:588} INFO - Filling up the DagBag from /home/airflow/.local/lib/python3.12/site-packages/airflow/example_dags/example_dag_decorator.py
[2024-11-13T00:22:17.566+0000] {processor.py:925} INFO - DAG(s) 'example_dag_decorator' retrieved from /home/airflow/.local/lib/python3.12/site-packages/airflow/example_dags/example_dag_decorator.py
[2024-11-13T00:22:17.592+0000] {logging_mixin.py:190} INFO - [2024-11-13T00:22:17.592+0000] {dag.py:3239} INFO - Sync 1 DAGs
[2024-11-13T00:22:17.614+0000] {logging_mixin.py:190} INFO - [2024-11-13T00:22:17.613+0000] {dag.py:4180} INFO - Setting next_dagrun for example_dag_decorator to None, run_after=None
[2024-11-13T00:22:17.637+0000] {processor.py:208} INFO - Processing /home/airflow/.local/lib/python3.12/site-packages/airflow/example_dags/example_dag_decorator.py took 0.099 seconds
[2024-11-13T00:22:48.530+0000] {processor.py:186} INFO - Started process (PID=13670) to work on /home/airflow/.local/lib/python3.12/site-packages/airflow/example_dags/example_dag_decorator.py
[2024-11-13T00:22:48.531+0000] {processor.py:914} INFO - Processing file /home/airflow/.local/lib/python3.12/site-packages/airflow/example_dags/example_dag_decorator.py for tasks to queue
[2024-11-13T00:22:48.532+0000] {logging_mixin.py:190} INFO - [2024-11-13T00:22:48.532+0000] {dagbag.py:588} INFO - Filling up the DagBag from /home/airflow/.local/lib/python3.12/site-packages/airflow/example_dags/example_dag_decorator.py
[2024-11-13T00:22:48.545+0000] {processor.py:925} INFO - DAG(s) 'example_dag_decorator' retrieved from /home/airflow/.local/lib/python3.12/site-packages/airflow/example_dags/example_dag_decorator.py
[2024-11-13T00:22:48.584+0000] {logging_mixin.py:190} INFO - [2024-11-13T00:22:48.583+0000] {dag.py:3239} INFO - Sync 1 DAGs
[2024-11-13T00:22:48.600+0000] {logging_mixin.py:190} INFO - [2024-11-13T00:22:48.600+0000] {dag.py:4180} INFO - Setting next_dagrun for example_dag_decorator to None, run_after=None
[2024-11-13T00:22:48.626+0000] {processor.py:208} INFO - Processing /home/airflow/.local/lib/python3.12/site-packages/airflow/example_dags/example_dag_decorator.py took 0.104 seconds
[2024-11-13T00:23:19.378+0000] {processor.py:186} INFO - Started process (PID=13734) to work on /home/airflow/.local/lib/python3.12/site-packages/airflow/example_dags/example_dag_decorator.py
[2024-11-13T00:23:19.379+0000] {processor.py:914} INFO - Processing file /home/airflow/.local/lib/python3.12/site-packages/airflow/example_dags/example_dag_decorator.py for tasks to queue
[2024-11-13T00:23:19.380+0000] {logging_mixin.py:190} INFO - [2024-11-13T00:23:19.380+0000] {dagbag.py:588} INFO - Filling up the DagBag from /home/airflow/.local/lib/python3.12/site-packages/airflow/example_dags/example_dag_decorator.py
[2024-11-13T00:23:19.397+0000] {processor.py:925} INFO - DAG(s) 'example_dag_decorator' retrieved from /home/airflow/.local/lib/python3.12/site-packages/airflow/example_dags/example_dag_decorator.py
[2024-11-13T00:23:19.595+0000] {logging_mixin.py:190} INFO - [2024-11-13T00:23:19.595+0000] {dag.py:3239} INFO - Sync 1 DAGs
[2024-11-13T00:23:19.607+0000] {logging_mixin.py:190} INFO - [2024-11-13T00:23:19.607+0000] {dag.py:4180} INFO - Setting next_dagrun for example_dag_decorator to None, run_after=None
[2024-11-13T00:23:19.814+0000] {processor.py:208} INFO - Processing /home/airflow/.local/lib/python3.12/site-packages/airflow/example_dags/example_dag_decorator.py took 0.444 seconds
[2024-11-13T00:23:50.946+0000] {processor.py:186} INFO - Started process (PID=13801) to work on /home/airflow/.local/lib/python3.12/site-packages/airflow/example_dags/example_dag_decorator.py
[2024-11-13T00:23:50.951+0000] {processor.py:914} INFO - Processing file /home/airflow/.local/lib/python3.12/site-packages/airflow/example_dags/example_dag_decorator.py for tasks to queue
[2024-11-13T00:23:50.954+0000] {logging_mixin.py:190} INFO - [2024-11-13T00:23:50.953+0000] {dagbag.py:588} INFO - Filling up the DagBag from /home/airflow/.local/lib/python3.12/site-packages/airflow/example_dags/example_dag_decorator.py
[2024-11-13T00:23:51.004+0000] {processor.py:925} INFO - DAG(s) 'example_dag_decorator' retrieved from /home/airflow/.local/lib/python3.12/site-packages/airflow/example_dags/example_dag_decorator.py
[2024-11-13T00:23:51.344+0000] {logging_mixin.py:190} INFO - [2024-11-13T00:23:51.344+0000] {dag.py:3239} INFO - Sync 1 DAGs
[2024-11-13T00:23:51.358+0000] {logging_mixin.py:190} INFO - [2024-11-13T00:23:51.358+0000] {dag.py:4180} INFO - Setting next_dagrun for example_dag_decorator to None, run_after=None
[2024-11-13T00:23:51.598+0000] {processor.py:208} INFO - Processing /home/airflow/.local/lib/python3.12/site-packages/airflow/example_dags/example_dag_decorator.py took 0.679 seconds
[2024-11-13T00:24:21.894+0000] {processor.py:186} INFO - Started process (PID=13866) to work on /home/airflow/.local/lib/python3.12/site-packages/airflow/example_dags/example_dag_decorator.py
[2024-11-13T00:24:21.895+0000] {processor.py:914} INFO - Processing file /home/airflow/.local/lib/python3.12/site-packages/airflow/example_dags/example_dag_decorator.py for tasks to queue
[2024-11-13T00:24:21.897+0000] {logging_mixin.py:190} INFO - [2024-11-13T00:24:21.896+0000] {dagbag.py:588} INFO - Filling up the DagBag from /home/airflow/.local/lib/python3.12/site-packages/airflow/example_dags/example_dag_decorator.py
[2024-11-13T00:24:21.910+0000] {processor.py:925} INFO - DAG(s) 'example_dag_decorator' retrieved from /home/airflow/.local/lib/python3.12/site-packages/airflow/example_dags/example_dag_decorator.py
[2024-11-13T00:24:22.359+0000] {logging_mixin.py:190} INFO - [2024-11-13T00:24:22.358+0000] {dag.py:3239} INFO - Sync 1 DAGs
[2024-11-13T00:24:22.369+0000] {logging_mixin.py:190} INFO - [2024-11-13T00:24:22.369+0000] {dag.py:4180} INFO - Setting next_dagrun for example_dag_decorator to None, run_after=None
[2024-11-13T00:24:22.396+0000] {processor.py:208} INFO - Processing /home/airflow/.local/lib/python3.12/site-packages/airflow/example_dags/example_dag_decorator.py took 0.510 seconds
[2024-11-13T00:24:52.447+0000] {processor.py:186} INFO - Started process (PID=13929) to work on /home/airflow/.local/lib/python3.12/site-packages/airflow/example_dags/example_dag_decorator.py
[2024-11-13T00:24:52.448+0000] {processor.py:914} INFO - Processing file /home/airflow/.local/lib/python3.12/site-packages/airflow/example_dags/example_dag_decorator.py for tasks to queue
[2024-11-13T00:24:52.449+0000] {logging_mixin.py:190} INFO - [2024-11-13T00:24:52.449+0000] {dagbag.py:588} INFO - Filling up the DagBag from /home/airflow/.local/lib/python3.12/site-packages/airflow/example_dags/example_dag_decorator.py
[2024-11-13T00:24:52.463+0000] {processor.py:925} INFO - DAG(s) 'example_dag_decorator' retrieved from /home/airflow/.local/lib/python3.12/site-packages/airflow/example_dags/example_dag_decorator.py
[2024-11-13T00:24:52.809+0000] {logging_mixin.py:190} INFO - [2024-11-13T00:24:52.808+0000] {dag.py:3239} INFO - Sync 1 DAGs
[2024-11-13T00:24:52.819+0000] {logging_mixin.py:190} INFO - [2024-11-13T00:24:52.819+0000] {dag.py:4180} INFO - Setting next_dagrun for example_dag_decorator to None, run_after=None
[2024-11-13T00:24:52.841+0000] {processor.py:208} INFO - Processing /home/airflow/.local/lib/python3.12/site-packages/airflow/example_dags/example_dag_decorator.py took 0.401 seconds
[2024-11-13T00:25:24.989+0000] {processor.py:186} INFO - Started process (PID=13992) to work on /home/airflow/.local/lib/python3.12/site-packages/airflow/example_dags/example_dag_decorator.py
[2024-11-13T00:25:24.990+0000] {processor.py:914} INFO - Processing file /home/airflow/.local/lib/python3.12/site-packages/airflow/example_dags/example_dag_decorator.py for tasks to queue
[2024-11-13T00:25:24.992+0000] {logging_mixin.py:190} INFO - [2024-11-13T00:25:24.991+0000] {dagbag.py:588} INFO - Filling up the DagBag from /home/airflow/.local/lib/python3.12/site-packages/airflow/example_dags/example_dag_decorator.py
[2024-11-13T00:25:25.017+0000] {processor.py:925} INFO - DAG(s) 'example_dag_decorator' retrieved from /home/airflow/.local/lib/python3.12/site-packages/airflow/example_dags/example_dag_decorator.py
[2024-11-13T00:25:25.506+0000] {logging_mixin.py:190} INFO - [2024-11-13T00:25:25.506+0000] {dag.py:3239} INFO - Sync 1 DAGs
[2024-11-13T00:25:25.521+0000] {logging_mixin.py:190} INFO - [2024-11-13T00:25:25.520+0000] {dag.py:4180} INFO - Setting next_dagrun for example_dag_decorator to None, run_after=None
[2024-11-13T00:25:25.551+0000] {processor.py:208} INFO - Processing /home/airflow/.local/lib/python3.12/site-packages/airflow/example_dags/example_dag_decorator.py took 0.575 seconds
[2024-11-13T00:25:57.060+0000] {processor.py:186} INFO - Started process (PID=14056) to work on /home/airflow/.local/lib/python3.12/site-packages/airflow/example_dags/example_dag_decorator.py
[2024-11-13T00:25:57.061+0000] {processor.py:914} INFO - Processing file /home/airflow/.local/lib/python3.12/site-packages/airflow/example_dags/example_dag_decorator.py for tasks to queue
[2024-11-13T00:25:57.063+0000] {logging_mixin.py:190} INFO - [2024-11-13T00:25:57.063+0000] {dagbag.py:588} INFO - Filling up the DagBag from /home/airflow/.local/lib/python3.12/site-packages/airflow/example_dags/example_dag_decorator.py
[2024-11-13T00:25:57.076+0000] {processor.py:925} INFO - DAG(s) 'example_dag_decorator' retrieved from /home/airflow/.local/lib/python3.12/site-packages/airflow/example_dags/example_dag_decorator.py
[2024-11-13T00:25:57.588+0000] {logging_mixin.py:190} INFO - [2024-11-13T00:25:57.586+0000] {dag.py:3239} INFO - Sync 1 DAGs
[2024-11-13T00:25:57.609+0000] {logging_mixin.py:190} INFO - [2024-11-13T00:25:57.608+0000] {dag.py:4180} INFO - Setting next_dagrun for example_dag_decorator to None, run_after=None
[2024-11-13T00:25:57.650+0000] {processor.py:208} INFO - Processing /home/airflow/.local/lib/python3.12/site-packages/airflow/example_dags/example_dag_decorator.py took 0.602 seconds
[2024-11-13T00:26:28.757+0000] {processor.py:186} INFO - Started process (PID=14120) to work on /home/airflow/.local/lib/python3.12/site-packages/airflow/example_dags/example_dag_decorator.py
[2024-11-13T00:26:28.757+0000] {processor.py:914} INFO - Processing file /home/airflow/.local/lib/python3.12/site-packages/airflow/example_dags/example_dag_decorator.py for tasks to queue
[2024-11-13T00:26:28.759+0000] {logging_mixin.py:190} INFO - [2024-11-13T00:26:28.759+0000] {dagbag.py:588} INFO - Filling up the DagBag from /home/airflow/.local/lib/python3.12/site-packages/airflow/example_dags/example_dag_decorator.py
[2024-11-13T00:26:28.775+0000] {processor.py:925} INFO - DAG(s) 'example_dag_decorator' retrieved from /home/airflow/.local/lib/python3.12/site-packages/airflow/example_dags/example_dag_decorator.py
[2024-11-13T00:26:28.994+0000] {logging_mixin.py:190} INFO - [2024-11-13T00:26:28.994+0000] {dag.py:3239} INFO - Sync 1 DAGs
[2024-11-13T00:26:29.010+0000] {logging_mixin.py:190} INFO - [2024-11-13T00:26:29.009+0000] {dag.py:4180} INFO - Setting next_dagrun for example_dag_decorator to None, run_after=None
[2024-11-13T00:26:29.037+0000] {processor.py:208} INFO - Processing /home/airflow/.local/lib/python3.12/site-packages/airflow/example_dags/example_dag_decorator.py took 0.289 seconds
[2024-11-13T00:26:59.357+0000] {processor.py:186} INFO - Started process (PID=14183) to work on /home/airflow/.local/lib/python3.12/site-packages/airflow/example_dags/example_dag_decorator.py
[2024-11-13T00:26:59.359+0000] {processor.py:914} INFO - Processing file /home/airflow/.local/lib/python3.12/site-packages/airflow/example_dags/example_dag_decorator.py for tasks to queue
[2024-11-13T00:26:59.360+0000] {logging_mixin.py:190} INFO - [2024-11-13T00:26:59.360+0000] {dagbag.py:588} INFO - Filling up the DagBag from /home/airflow/.local/lib/python3.12/site-packages/airflow/example_dags/example_dag_decorator.py
[2024-11-13T00:26:59.372+0000] {processor.py:925} INFO - DAG(s) 'example_dag_decorator' retrieved from /home/airflow/.local/lib/python3.12/site-packages/airflow/example_dags/example_dag_decorator.py
[2024-11-13T00:26:59.559+0000] {logging_mixin.py:190} INFO - [2024-11-13T00:26:59.559+0000] {dag.py:3239} INFO - Sync 1 DAGs
[2024-11-13T00:26:59.571+0000] {logging_mixin.py:190} INFO - [2024-11-13T00:26:59.571+0000] {dag.py:4180} INFO - Setting next_dagrun for example_dag_decorator to None, run_after=None
[2024-11-13T00:26:59.595+0000] {processor.py:208} INFO - Processing /home/airflow/.local/lib/python3.12/site-packages/airflow/example_dags/example_dag_decorator.py took 0.246 seconds
[2024-11-13T00:27:30.553+0000] {processor.py:186} INFO - Started process (PID=14247) to work on /home/airflow/.local/lib/python3.12/site-packages/airflow/example_dags/example_dag_decorator.py
[2024-11-13T00:27:30.554+0000] {processor.py:914} INFO - Processing file /home/airflow/.local/lib/python3.12/site-packages/airflow/example_dags/example_dag_decorator.py for tasks to queue
[2024-11-13T00:27:30.555+0000] {logging_mixin.py:190} INFO - [2024-11-13T00:27:30.555+0000] {dagbag.py:588} INFO - Filling up the DagBag from /home/airflow/.local/lib/python3.12/site-packages/airflow/example_dags/example_dag_decorator.py
[2024-11-13T00:27:30.570+0000] {processor.py:925} INFO - DAG(s) 'example_dag_decorator' retrieved from /home/airflow/.local/lib/python3.12/site-packages/airflow/example_dags/example_dag_decorator.py
[2024-11-13T00:27:30.733+0000] {logging_mixin.py:190} INFO - [2024-11-13T00:27:30.733+0000] {dag.py:3239} INFO - Sync 1 DAGs
[2024-11-13T00:27:30.745+0000] {logging_mixin.py:190} INFO - [2024-11-13T00:27:30.744+0000] {dag.py:4180} INFO - Setting next_dagrun for example_dag_decorator to None, run_after=None
[2024-11-13T00:27:30.769+0000] {processor.py:208} INFO - Processing /home/airflow/.local/lib/python3.12/site-packages/airflow/example_dags/example_dag_decorator.py took 0.223 seconds
[2024-11-13T00:28:01.849+0000] {processor.py:186} INFO - Started process (PID=14313) to work on /home/airflow/.local/lib/python3.12/site-packages/airflow/example_dags/example_dag_decorator.py
[2024-11-13T00:28:01.850+0000] {processor.py:914} INFO - Processing file /home/airflow/.local/lib/python3.12/site-packages/airflow/example_dags/example_dag_decorator.py for tasks to queue
[2024-11-13T00:28:01.851+0000] {logging_mixin.py:190} INFO - [2024-11-13T00:28:01.851+0000] {dagbag.py:588} INFO - Filling up the DagBag from /home/airflow/.local/lib/python3.12/site-packages/airflow/example_dags/example_dag_decorator.py
[2024-11-13T00:28:01.865+0000] {processor.py:925} INFO - DAG(s) 'example_dag_decorator' retrieved from /home/airflow/.local/lib/python3.12/site-packages/airflow/example_dags/example_dag_decorator.py
[2024-11-13T00:28:02.022+0000] {logging_mixin.py:190} INFO - [2024-11-13T00:28:02.022+0000] {dag.py:3239} INFO - Sync 1 DAGs
[2024-11-13T00:28:02.035+0000] {logging_mixin.py:190} INFO - [2024-11-13T00:28:02.035+0000] {dag.py:4180} INFO - Setting next_dagrun for example_dag_decorator to None, run_after=None
[2024-11-13T00:28:02.059+0000] {processor.py:208} INFO - Processing /home/airflow/.local/lib/python3.12/site-packages/airflow/example_dags/example_dag_decorator.py took 0.220 seconds
[2024-11-13T00:28:32.547+0000] {processor.py:186} INFO - Started process (PID=14376) to work on /home/airflow/.local/lib/python3.12/site-packages/airflow/example_dags/example_dag_decorator.py
[2024-11-13T00:28:32.574+0000] {processor.py:914} INFO - Processing file /home/airflow/.local/lib/python3.12/site-packages/airflow/example_dags/example_dag_decorator.py for tasks to queue
[2024-11-13T00:28:32.576+0000] {logging_mixin.py:190} INFO - [2024-11-13T00:28:32.576+0000] {dagbag.py:588} INFO - Filling up the DagBag from /home/airflow/.local/lib/python3.12/site-packages/airflow/example_dags/example_dag_decorator.py
[2024-11-13T00:28:32.664+0000] {processor.py:925} INFO - DAG(s) 'example_dag_decorator' retrieved from /home/airflow/.local/lib/python3.12/site-packages/airflow/example_dags/example_dag_decorator.py
[2024-11-13T00:28:33.872+0000] {logging_mixin.py:190} INFO - [2024-11-13T00:28:33.871+0000] {dag.py:3239} INFO - Sync 1 DAGs
[2024-11-13T00:28:33.889+0000] {logging_mixin.py:190} INFO - [2024-11-13T00:28:33.889+0000] {dag.py:4180} INFO - Setting next_dagrun for example_dag_decorator to None, run_after=None
[2024-11-13T00:28:33.916+0000] {processor.py:208} INFO - Processing /home/airflow/.local/lib/python3.12/site-packages/airflow/example_dags/example_dag_decorator.py took 1.378 seconds
[2024-11-13T00:29:04.141+0000] {processor.py:186} INFO - Started process (PID=14439) to work on /home/airflow/.local/lib/python3.12/site-packages/airflow/example_dags/example_dag_decorator.py
[2024-11-13T00:29:04.142+0000] {processor.py:914} INFO - Processing file /home/airflow/.local/lib/python3.12/site-packages/airflow/example_dags/example_dag_decorator.py for tasks to queue
[2024-11-13T00:29:04.144+0000] {logging_mixin.py:190} INFO - [2024-11-13T00:29:04.143+0000] {dagbag.py:588} INFO - Filling up the DagBag from /home/airflow/.local/lib/python3.12/site-packages/airflow/example_dags/example_dag_decorator.py
[2024-11-13T00:29:04.159+0000] {processor.py:925} INFO - DAG(s) 'example_dag_decorator' retrieved from /home/airflow/.local/lib/python3.12/site-packages/airflow/example_dags/example_dag_decorator.py
[2024-11-13T00:29:04.186+0000] {logging_mixin.py:190} INFO - [2024-11-13T00:29:04.185+0000] {dag.py:3239} INFO - Sync 1 DAGs
[2024-11-13T00:29:04.206+0000] {logging_mixin.py:190} INFO - [2024-11-13T00:29:04.206+0000] {dag.py:4180} INFO - Setting next_dagrun for example_dag_decorator to None, run_after=None
[2024-11-13T00:29:04.236+0000] {processor.py:208} INFO - Processing /home/airflow/.local/lib/python3.12/site-packages/airflow/example_dags/example_dag_decorator.py took 0.104 seconds
[2024-11-13T00:29:34.409+0000] {processor.py:186} INFO - Started process (PID=14503) to work on /home/airflow/.local/lib/python3.12/site-packages/airflow/example_dags/example_dag_decorator.py
[2024-11-13T00:29:34.410+0000] {processor.py:914} INFO - Processing file /home/airflow/.local/lib/python3.12/site-packages/airflow/example_dags/example_dag_decorator.py for tasks to queue
[2024-11-13T00:29:34.411+0000] {logging_mixin.py:190} INFO - [2024-11-13T00:29:34.411+0000] {dagbag.py:588} INFO - Filling up the DagBag from /home/airflow/.local/lib/python3.12/site-packages/airflow/example_dags/example_dag_decorator.py
[2024-11-13T00:29:34.423+0000] {processor.py:925} INFO - DAG(s) 'example_dag_decorator' retrieved from /home/airflow/.local/lib/python3.12/site-packages/airflow/example_dags/example_dag_decorator.py
[2024-11-13T00:29:34.525+0000] {logging_mixin.py:190} INFO - [2024-11-13T00:29:34.525+0000] {dag.py:3239} INFO - Sync 1 DAGs
[2024-11-13T00:29:34.539+0000] {logging_mixin.py:190} INFO - [2024-11-13T00:29:34.538+0000] {dag.py:4180} INFO - Setting next_dagrun for example_dag_decorator to None, run_after=None
[2024-11-13T00:29:34.561+0000] {processor.py:208} INFO - Processing /home/airflow/.local/lib/python3.12/site-packages/airflow/example_dags/example_dag_decorator.py took 0.160 seconds
[2024-11-13T00:30:05.098+0000] {processor.py:186} INFO - Started process (PID=14566) to work on /home/airflow/.local/lib/python3.12/site-packages/airflow/example_dags/example_dag_decorator.py
[2024-11-13T00:30:05.098+0000] {processor.py:914} INFO - Processing file /home/airflow/.local/lib/python3.12/site-packages/airflow/example_dags/example_dag_decorator.py for tasks to queue
[2024-11-13T00:30:05.100+0000] {logging_mixin.py:190} INFO - [2024-11-13T00:30:05.099+0000] {dagbag.py:588} INFO - Filling up the DagBag from /home/airflow/.local/lib/python3.12/site-packages/airflow/example_dags/example_dag_decorator.py
[2024-11-13T00:30:05.115+0000] {processor.py:925} INFO - DAG(s) 'example_dag_decorator' retrieved from /home/airflow/.local/lib/python3.12/site-packages/airflow/example_dags/example_dag_decorator.py
[2024-11-13T00:30:05.234+0000] {logging_mixin.py:190} INFO - [2024-11-13T00:30:05.234+0000] {dag.py:3239} INFO - Sync 1 DAGs
[2024-11-13T00:30:05.247+0000] {logging_mixin.py:190} INFO - [2024-11-13T00:30:05.247+0000] {dag.py:4180} INFO - Setting next_dagrun for example_dag_decorator to None, run_after=None
[2024-11-13T00:30:05.270+0000] {processor.py:208} INFO - Processing /home/airflow/.local/lib/python3.12/site-packages/airflow/example_dags/example_dag_decorator.py took 0.181 seconds
[2024-11-13T00:30:35.378+0000] {processor.py:186} INFO - Started process (PID=14629) to work on /home/airflow/.local/lib/python3.12/site-packages/airflow/example_dags/example_dag_decorator.py
[2024-11-13T00:30:35.380+0000] {processor.py:914} INFO - Processing file /home/airflow/.local/lib/python3.12/site-packages/airflow/example_dags/example_dag_decorator.py for tasks to queue
[2024-11-13T00:30:35.382+0000] {logging_mixin.py:190} INFO - [2024-11-13T00:30:35.381+0000] {dagbag.py:588} INFO - Filling up the DagBag from /home/airflow/.local/lib/python3.12/site-packages/airflow/example_dags/example_dag_decorator.py
[2024-11-13T00:30:35.399+0000] {processor.py:925} INFO - DAG(s) 'example_dag_decorator' retrieved from /home/airflow/.local/lib/python3.12/site-packages/airflow/example_dags/example_dag_decorator.py
[2024-11-13T00:30:35.524+0000] {logging_mixin.py:190} INFO - [2024-11-13T00:30:35.523+0000] {dag.py:3239} INFO - Sync 1 DAGs
[2024-11-13T00:30:35.535+0000] {logging_mixin.py:190} INFO - [2024-11-13T00:30:35.534+0000] {dag.py:4180} INFO - Setting next_dagrun for example_dag_decorator to None, run_after=None
[2024-11-13T00:30:35.562+0000] {processor.py:208} INFO - Processing /home/airflow/.local/lib/python3.12/site-packages/airflow/example_dags/example_dag_decorator.py took 0.195 seconds
[2024-11-13T00:31:05.797+0000] {processor.py:186} INFO - Started process (PID=14693) to work on /home/airflow/.local/lib/python3.12/site-packages/airflow/example_dags/example_dag_decorator.py
[2024-11-13T00:31:05.799+0000] {processor.py:914} INFO - Processing file /home/airflow/.local/lib/python3.12/site-packages/airflow/example_dags/example_dag_decorator.py for tasks to queue
[2024-11-13T00:31:05.803+0000] {logging_mixin.py:190} INFO - [2024-11-13T00:31:05.802+0000] {dagbag.py:588} INFO - Filling up the DagBag from /home/airflow/.local/lib/python3.12/site-packages/airflow/example_dags/example_dag_decorator.py
[2024-11-13T00:31:05.819+0000] {processor.py:925} INFO - DAG(s) 'example_dag_decorator' retrieved from /home/airflow/.local/lib/python3.12/site-packages/airflow/example_dags/example_dag_decorator.py
[2024-11-13T00:31:05.933+0000] {logging_mixin.py:190} INFO - [2024-11-13T00:31:05.932+0000] {dag.py:3239} INFO - Sync 1 DAGs
[2024-11-13T00:31:05.949+0000] {logging_mixin.py:190} INFO - [2024-11-13T00:31:05.948+0000] {dag.py:4180} INFO - Setting next_dagrun for example_dag_decorator to None, run_after=None
[2024-11-13T00:31:05.973+0000] {processor.py:208} INFO - Processing /home/airflow/.local/lib/python3.12/site-packages/airflow/example_dags/example_dag_decorator.py took 0.186 seconds
[2024-11-13T00:31:36.743+0000] {processor.py:186} INFO - Started process (PID=14757) to work on /home/airflow/.local/lib/python3.12/site-packages/airflow/example_dags/example_dag_decorator.py
[2024-11-13T00:31:36.744+0000] {processor.py:914} INFO - Processing file /home/airflow/.local/lib/python3.12/site-packages/airflow/example_dags/example_dag_decorator.py for tasks to queue
[2024-11-13T00:31:36.746+0000] {logging_mixin.py:190} INFO - [2024-11-13T00:31:36.746+0000] {dagbag.py:588} INFO - Filling up the DagBag from /home/airflow/.local/lib/python3.12/site-packages/airflow/example_dags/example_dag_decorator.py
[2024-11-13T00:31:36.759+0000] {processor.py:925} INFO - DAG(s) 'example_dag_decorator' retrieved from /home/airflow/.local/lib/python3.12/site-packages/airflow/example_dags/example_dag_decorator.py
[2024-11-13T00:31:36.866+0000] {logging_mixin.py:190} INFO - [2024-11-13T00:31:36.866+0000] {dag.py:3239} INFO - Sync 1 DAGs
[2024-11-13T00:31:36.878+0000] {logging_mixin.py:190} INFO - [2024-11-13T00:31:36.878+0000] {dag.py:4180} INFO - Setting next_dagrun for example_dag_decorator to None, run_after=None
[2024-11-13T00:31:36.899+0000] {processor.py:208} INFO - Processing /home/airflow/.local/lib/python3.12/site-packages/airflow/example_dags/example_dag_decorator.py took 0.164 seconds
