[2024-11-13T00:00:02.928+0000] {processor.py:186} INFO - Started process (PID=10865) to work on /home/airflow/.local/lib/python3.12/site-packages/airflow/example_dags/example_python_decorator.py
[2024-11-13T00:00:02.929+0000] {processor.py:914} INFO - Processing file /home/airflow/.local/lib/python3.12/site-packages/airflow/example_dags/example_python_decorator.py for tasks to queue
[2024-11-13T00:00:02.931+0000] {logging_mixin.py:190} INFO - [2024-11-13T00:00:02.930+0000] {dagbag.py:588} INFO - Filling up the DagBag from /home/airflow/.local/lib/python3.12/site-packages/airflow/example_dags/example_python_decorator.py
[2024-11-13T00:00:02.960+0000] {processor.py:925} INFO - DAG(s) 'example_python_decorator' retrieved from /home/airflow/.local/lib/python3.12/site-packages/airflow/example_dags/example_python_decorator.py
[2024-11-13T00:00:02.996+0000] {logging_mixin.py:190} INFO - [2024-11-13T00:00:02.995+0000] {dag.py:3239} INFO - Sync 1 DAGs
[2024-11-13T00:00:03.034+0000] {logging_mixin.py:190} INFO - [2024-11-13T00:00:03.034+0000] {dag.py:4180} INFO - Setting next_dagrun for example_python_decorator to None, run_after=None
[2024-11-13T00:00:03.093+0000] {processor.py:208} INFO - Processing /home/airflow/.local/lib/python3.12/site-packages/airflow/example_dags/example_python_decorator.py took 0.178 seconds
[2024-11-13T00:00:33.842+0000] {processor.py:186} INFO - Started process (PID=10930) to work on /home/airflow/.local/lib/python3.12/site-packages/airflow/example_dags/example_python_decorator.py
[2024-11-13T00:00:33.843+0000] {processor.py:914} INFO - Processing file /home/airflow/.local/lib/python3.12/site-packages/airflow/example_dags/example_python_decorator.py for tasks to queue
[2024-11-13T00:00:33.845+0000] {logging_mixin.py:190} INFO - [2024-11-13T00:00:33.844+0000] {dagbag.py:588} INFO - Filling up the DagBag from /home/airflow/.local/lib/python3.12/site-packages/airflow/example_dags/example_python_decorator.py
[2024-11-13T00:00:33.909+0000] {processor.py:925} INFO - DAG(s) 'example_python_decorator' retrieved from /home/airflow/.local/lib/python3.12/site-packages/airflow/example_dags/example_python_decorator.py
[2024-11-13T00:00:33.964+0000] {logging_mixin.py:190} INFO - [2024-11-13T00:00:33.962+0000] {dag.py:3239} INFO - Sync 1 DAGs
[2024-11-13T00:00:34.004+0000] {logging_mixin.py:190} INFO - [2024-11-13T00:00:34.003+0000] {dag.py:4180} INFO - Setting next_dagrun for example_python_decorator to None, run_after=None
[2024-11-13T00:00:34.049+0000] {processor.py:208} INFO - Processing /home/airflow/.local/lib/python3.12/site-packages/airflow/example_dags/example_python_decorator.py took 0.220 seconds
[2024-11-13T00:01:04.275+0000] {processor.py:186} INFO - Started process (PID=11000) to work on /home/airflow/.local/lib/python3.12/site-packages/airflow/example_dags/example_python_decorator.py
[2024-11-13T00:01:04.276+0000] {processor.py:914} INFO - Processing file /home/airflow/.local/lib/python3.12/site-packages/airflow/example_dags/example_python_decorator.py for tasks to queue
[2024-11-13T00:01:04.277+0000] {logging_mixin.py:190} INFO - [2024-11-13T00:01:04.277+0000] {dagbag.py:588} INFO - Filling up the DagBag from /home/airflow/.local/lib/python3.12/site-packages/airflow/example_dags/example_python_decorator.py
[2024-11-13T00:01:04.292+0000] {processor.py:925} INFO - DAG(s) 'example_python_decorator' retrieved from /home/airflow/.local/lib/python3.12/site-packages/airflow/example_dags/example_python_decorator.py
[2024-11-13T00:01:04.316+0000] {logging_mixin.py:190} INFO - [2024-11-13T00:01:04.316+0000] {dag.py:3239} INFO - Sync 1 DAGs
[2024-11-13T00:01:04.332+0000] {logging_mixin.py:190} INFO - [2024-11-13T00:01:04.332+0000] {dag.py:4180} INFO - Setting next_dagrun for example_python_decorator to None, run_after=None
[2024-11-13T00:01:04.355+0000] {processor.py:208} INFO - Processing /home/airflow/.local/lib/python3.12/site-packages/airflow/example_dags/example_python_decorator.py took 0.088 seconds
[2024-11-13T00:01:34.747+0000] {processor.py:186} INFO - Started process (PID=11064) to work on /home/airflow/.local/lib/python3.12/site-packages/airflow/example_dags/example_python_decorator.py
[2024-11-13T00:01:34.747+0000] {processor.py:914} INFO - Processing file /home/airflow/.local/lib/python3.12/site-packages/airflow/example_dags/example_python_decorator.py for tasks to queue
[2024-11-13T00:01:34.748+0000] {logging_mixin.py:190} INFO - [2024-11-13T00:01:34.748+0000] {dagbag.py:588} INFO - Filling up the DagBag from /home/airflow/.local/lib/python3.12/site-packages/airflow/example_dags/example_python_decorator.py
[2024-11-13T00:01:34.765+0000] {processor.py:925} INFO - DAG(s) 'example_python_decorator' retrieved from /home/airflow/.local/lib/python3.12/site-packages/airflow/example_dags/example_python_decorator.py
[2024-11-13T00:01:34.788+0000] {logging_mixin.py:190} INFO - [2024-11-13T00:01:34.788+0000] {dag.py:3239} INFO - Sync 1 DAGs
[2024-11-13T00:01:34.803+0000] {logging_mixin.py:190} INFO - [2024-11-13T00:01:34.802+0000] {dag.py:4180} INFO - Setting next_dagrun for example_python_decorator to None, run_after=None
[2024-11-13T00:01:34.827+0000] {processor.py:208} INFO - Processing /home/airflow/.local/lib/python3.12/site-packages/airflow/example_dags/example_python_decorator.py took 0.087 seconds
[2024-11-13T00:02:05.608+0000] {processor.py:186} INFO - Started process (PID=11128) to work on /home/airflow/.local/lib/python3.12/site-packages/airflow/example_dags/example_python_decorator.py
[2024-11-13T00:02:05.609+0000] {processor.py:914} INFO - Processing file /home/airflow/.local/lib/python3.12/site-packages/airflow/example_dags/example_python_decorator.py for tasks to queue
[2024-11-13T00:02:05.611+0000] {logging_mixin.py:190} INFO - [2024-11-13T00:02:05.610+0000] {dagbag.py:588} INFO - Filling up the DagBag from /home/airflow/.local/lib/python3.12/site-packages/airflow/example_dags/example_python_decorator.py
[2024-11-13T00:02:05.647+0000] {processor.py:925} INFO - DAG(s) 'example_python_decorator' retrieved from /home/airflow/.local/lib/python3.12/site-packages/airflow/example_dags/example_python_decorator.py
[2024-11-13T00:02:05.673+0000] {logging_mixin.py:190} INFO - [2024-11-13T00:02:05.672+0000] {dag.py:3239} INFO - Sync 1 DAGs
[2024-11-13T00:02:05.700+0000] {logging_mixin.py:190} INFO - [2024-11-13T00:02:05.700+0000] {dag.py:4180} INFO - Setting next_dagrun for example_python_decorator to None, run_after=None
[2024-11-13T00:02:05.735+0000] {processor.py:208} INFO - Processing /home/airflow/.local/lib/python3.12/site-packages/airflow/example_dags/example_python_decorator.py took 0.134 seconds
[2024-11-13T00:02:36.249+0000] {processor.py:186} INFO - Started process (PID=11193) to work on /home/airflow/.local/lib/python3.12/site-packages/airflow/example_dags/example_python_decorator.py
[2024-11-13T00:02:36.253+0000] {processor.py:914} INFO - Processing file /home/airflow/.local/lib/python3.12/site-packages/airflow/example_dags/example_python_decorator.py for tasks to queue
[2024-11-13T00:02:36.260+0000] {logging_mixin.py:190} INFO - [2024-11-13T00:02:36.259+0000] {dagbag.py:588} INFO - Filling up the DagBag from /home/airflow/.local/lib/python3.12/site-packages/airflow/example_dags/example_python_decorator.py
[2024-11-13T00:02:36.301+0000] {processor.py:925} INFO - DAG(s) 'example_python_decorator' retrieved from /home/airflow/.local/lib/python3.12/site-packages/airflow/example_dags/example_python_decorator.py
[2024-11-13T00:02:36.396+0000] {logging_mixin.py:190} INFO - [2024-11-13T00:02:36.396+0000] {dag.py:3239} INFO - Sync 1 DAGs
[2024-11-13T00:02:36.470+0000] {logging_mixin.py:190} INFO - [2024-11-13T00:02:36.470+0000] {dag.py:4180} INFO - Setting next_dagrun for example_python_decorator to None, run_after=None
[2024-11-13T00:02:36.746+0000] {processor.py:208} INFO - Processing /home/airflow/.local/lib/python3.12/site-packages/airflow/example_dags/example_python_decorator.py took 0.516 seconds
[2024-11-13T00:03:07.649+0000] {processor.py:186} INFO - Started process (PID=11257) to work on /home/airflow/.local/lib/python3.12/site-packages/airflow/example_dags/example_python_decorator.py
[2024-11-13T00:03:07.651+0000] {processor.py:914} INFO - Processing file /home/airflow/.local/lib/python3.12/site-packages/airflow/example_dags/example_python_decorator.py for tasks to queue
[2024-11-13T00:03:07.654+0000] {logging_mixin.py:190} INFO - [2024-11-13T00:03:07.654+0000] {dagbag.py:588} INFO - Filling up the DagBag from /home/airflow/.local/lib/python3.12/site-packages/airflow/example_dags/example_python_decorator.py
[2024-11-13T00:03:07.685+0000] {processor.py:925} INFO - DAG(s) 'example_python_decorator' retrieved from /home/airflow/.local/lib/python3.12/site-packages/airflow/example_dags/example_python_decorator.py
[2024-11-13T00:03:07.718+0000] {logging_mixin.py:190} INFO - [2024-11-13T00:03:07.718+0000] {dag.py:3239} INFO - Sync 1 DAGs
[2024-11-13T00:03:07.743+0000] {logging_mixin.py:190} INFO - [2024-11-13T00:03:07.743+0000] {dag.py:4180} INFO - Setting next_dagrun for example_python_decorator to None, run_after=None
[2024-11-13T00:03:07.784+0000] {processor.py:208} INFO - Processing /home/airflow/.local/lib/python3.12/site-packages/airflow/example_dags/example_python_decorator.py took 0.147 seconds
[2024-11-13T00:03:38.139+0000] {processor.py:186} INFO - Started process (PID=11321) to work on /home/airflow/.local/lib/python3.12/site-packages/airflow/example_dags/example_python_decorator.py
[2024-11-13T00:03:38.140+0000] {processor.py:914} INFO - Processing file /home/airflow/.local/lib/python3.12/site-packages/airflow/example_dags/example_python_decorator.py for tasks to queue
[2024-11-13T00:03:38.141+0000] {logging_mixin.py:190} INFO - [2024-11-13T00:03:38.141+0000] {dagbag.py:588} INFO - Filling up the DagBag from /home/airflow/.local/lib/python3.12/site-packages/airflow/example_dags/example_python_decorator.py
[2024-11-13T00:03:38.155+0000] {processor.py:925} INFO - DAG(s) 'example_python_decorator' retrieved from /home/airflow/.local/lib/python3.12/site-packages/airflow/example_dags/example_python_decorator.py
[2024-11-13T00:03:38.181+0000] {logging_mixin.py:190} INFO - [2024-11-13T00:03:38.181+0000] {dag.py:3239} INFO - Sync 1 DAGs
[2024-11-13T00:03:38.195+0000] {logging_mixin.py:190} INFO - [2024-11-13T00:03:38.195+0000] {dag.py:4180} INFO - Setting next_dagrun for example_python_decorator to None, run_after=None
[2024-11-13T00:03:38.219+0000] {processor.py:208} INFO - Processing /home/airflow/.local/lib/python3.12/site-packages/airflow/example_dags/example_python_decorator.py took 0.087 seconds
[2024-11-13T00:04:08.292+0000] {processor.py:186} INFO - Started process (PID=11385) to work on /home/airflow/.local/lib/python3.12/site-packages/airflow/example_dags/example_python_decorator.py
[2024-11-13T00:04:08.292+0000] {processor.py:914} INFO - Processing file /home/airflow/.local/lib/python3.12/site-packages/airflow/example_dags/example_python_decorator.py for tasks to queue
[2024-11-13T00:04:08.294+0000] {logging_mixin.py:190} INFO - [2024-11-13T00:04:08.293+0000] {dagbag.py:588} INFO - Filling up the DagBag from /home/airflow/.local/lib/python3.12/site-packages/airflow/example_dags/example_python_decorator.py
[2024-11-13T00:04:08.310+0000] {processor.py:925} INFO - DAG(s) 'example_python_decorator' retrieved from /home/airflow/.local/lib/python3.12/site-packages/airflow/example_dags/example_python_decorator.py
[2024-11-13T00:04:08.334+0000] {logging_mixin.py:190} INFO - [2024-11-13T00:04:08.333+0000] {dag.py:3239} INFO - Sync 1 DAGs
[2024-11-13T00:04:08.348+0000] {logging_mixin.py:190} INFO - [2024-11-13T00:04:08.348+0000] {dag.py:4180} INFO - Setting next_dagrun for example_python_decorator to None, run_after=None
[2024-11-13T00:04:08.373+0000] {processor.py:208} INFO - Processing /home/airflow/.local/lib/python3.12/site-packages/airflow/example_dags/example_python_decorator.py took 0.088 seconds
[2024-11-13T00:04:39.006+0000] {processor.py:186} INFO - Started process (PID=11449) to work on /home/airflow/.local/lib/python3.12/site-packages/airflow/example_dags/example_python_decorator.py
[2024-11-13T00:04:39.007+0000] {processor.py:914} INFO - Processing file /home/airflow/.local/lib/python3.12/site-packages/airflow/example_dags/example_python_decorator.py for tasks to queue
[2024-11-13T00:04:39.008+0000] {logging_mixin.py:190} INFO - [2024-11-13T00:04:39.008+0000] {dagbag.py:588} INFO - Filling up the DagBag from /home/airflow/.local/lib/python3.12/site-packages/airflow/example_dags/example_python_decorator.py
[2024-11-13T00:04:39.028+0000] {processor.py:925} INFO - DAG(s) 'example_python_decorator' retrieved from /home/airflow/.local/lib/python3.12/site-packages/airflow/example_dags/example_python_decorator.py
[2024-11-13T00:04:39.052+0000] {logging_mixin.py:190} INFO - [2024-11-13T00:04:39.052+0000] {dag.py:3239} INFO - Sync 1 DAGs
[2024-11-13T00:04:39.068+0000] {logging_mixin.py:190} INFO - [2024-11-13T00:04:39.068+0000] {dag.py:4180} INFO - Setting next_dagrun for example_python_decorator to None, run_after=None
[2024-11-13T00:04:39.092+0000] {processor.py:208} INFO - Processing /home/airflow/.local/lib/python3.12/site-packages/airflow/example_dags/example_python_decorator.py took 0.093 seconds
[2024-11-13T00:05:09.237+0000] {processor.py:186} INFO - Started process (PID=11513) to work on /home/airflow/.local/lib/python3.12/site-packages/airflow/example_dags/example_python_decorator.py
[2024-11-13T00:05:09.240+0000] {processor.py:914} INFO - Processing file /home/airflow/.local/lib/python3.12/site-packages/airflow/example_dags/example_python_decorator.py for tasks to queue
[2024-11-13T00:05:09.242+0000] {logging_mixin.py:190} INFO - [2024-11-13T00:05:09.241+0000] {dagbag.py:588} INFO - Filling up the DagBag from /home/airflow/.local/lib/python3.12/site-packages/airflow/example_dags/example_python_decorator.py
[2024-11-13T00:05:09.260+0000] {processor.py:925} INFO - DAG(s) 'example_python_decorator' retrieved from /home/airflow/.local/lib/python3.12/site-packages/airflow/example_dags/example_python_decorator.py
[2024-11-13T00:05:09.286+0000] {logging_mixin.py:190} INFO - [2024-11-13T00:05:09.285+0000] {dag.py:3239} INFO - Sync 1 DAGs
[2024-11-13T00:05:09.313+0000] {logging_mixin.py:190} INFO - [2024-11-13T00:05:09.312+0000] {dag.py:4180} INFO - Setting next_dagrun for example_python_decorator to None, run_after=None
[2024-11-13T00:05:09.540+0000] {processor.py:208} INFO - Processing /home/airflow/.local/lib/python3.12/site-packages/airflow/example_dags/example_python_decorator.py took 0.317 seconds
[2024-11-13T00:05:40.143+0000] {processor.py:186} INFO - Started process (PID=11578) to work on /home/airflow/.local/lib/python3.12/site-packages/airflow/example_dags/example_python_decorator.py
[2024-11-13T00:05:40.144+0000] {processor.py:914} INFO - Processing file /home/airflow/.local/lib/python3.12/site-packages/airflow/example_dags/example_python_decorator.py for tasks to queue
[2024-11-13T00:05:40.148+0000] {logging_mixin.py:190} INFO - [2024-11-13T00:05:40.147+0000] {dagbag.py:588} INFO - Filling up the DagBag from /home/airflow/.local/lib/python3.12/site-packages/airflow/example_dags/example_python_decorator.py
[2024-11-13T00:05:40.174+0000] {processor.py:925} INFO - DAG(s) 'example_python_decorator' retrieved from /home/airflow/.local/lib/python3.12/site-packages/airflow/example_dags/example_python_decorator.py
[2024-11-13T00:05:40.209+0000] {logging_mixin.py:190} INFO - [2024-11-13T00:05:40.209+0000] {dag.py:3239} INFO - Sync 1 DAGs
[2024-11-13T00:05:40.235+0000] {logging_mixin.py:190} INFO - [2024-11-13T00:05:40.235+0000] {dag.py:4180} INFO - Setting next_dagrun for example_python_decorator to None, run_after=None
[2024-11-13T00:05:40.266+0000] {processor.py:208} INFO - Processing /home/airflow/.local/lib/python3.12/site-packages/airflow/example_dags/example_python_decorator.py took 0.137 seconds
[2024-11-13T00:06:10.521+0000] {processor.py:186} INFO - Started process (PID=11642) to work on /home/airflow/.local/lib/python3.12/site-packages/airflow/example_dags/example_python_decorator.py
[2024-11-13T00:06:10.523+0000] {processor.py:914} INFO - Processing file /home/airflow/.local/lib/python3.12/site-packages/airflow/example_dags/example_python_decorator.py for tasks to queue
[2024-11-13T00:06:10.525+0000] {logging_mixin.py:190} INFO - [2024-11-13T00:06:10.525+0000] {dagbag.py:588} INFO - Filling up the DagBag from /home/airflow/.local/lib/python3.12/site-packages/airflow/example_dags/example_python_decorator.py
[2024-11-13T00:06:10.544+0000] {processor.py:925} INFO - DAG(s) 'example_python_decorator' retrieved from /home/airflow/.local/lib/python3.12/site-packages/airflow/example_dags/example_python_decorator.py
[2024-11-13T00:06:10.574+0000] {logging_mixin.py:190} INFO - [2024-11-13T00:06:10.573+0000] {dag.py:3239} INFO - Sync 1 DAGs
[2024-11-13T00:06:10.594+0000] {logging_mixin.py:190} INFO - [2024-11-13T00:06:10.594+0000] {dag.py:4180} INFO - Setting next_dagrun for example_python_decorator to None, run_after=None
[2024-11-13T00:06:10.626+0000] {processor.py:208} INFO - Processing /home/airflow/.local/lib/python3.12/site-packages/airflow/example_dags/example_python_decorator.py took 0.115 seconds
[2024-11-13T00:06:41.569+0000] {processor.py:186} INFO - Started process (PID=11706) to work on /home/airflow/.local/lib/python3.12/site-packages/airflow/example_dags/example_python_decorator.py
[2024-11-13T00:06:41.570+0000] {processor.py:914} INFO - Processing file /home/airflow/.local/lib/python3.12/site-packages/airflow/example_dags/example_python_decorator.py for tasks to queue
[2024-11-13T00:06:41.572+0000] {logging_mixin.py:190} INFO - [2024-11-13T00:06:41.571+0000] {dagbag.py:588} INFO - Filling up the DagBag from /home/airflow/.local/lib/python3.12/site-packages/airflow/example_dags/example_python_decorator.py
[2024-11-13T00:06:41.592+0000] {processor.py:925} INFO - DAG(s) 'example_python_decorator' retrieved from /home/airflow/.local/lib/python3.12/site-packages/airflow/example_dags/example_python_decorator.py
[2024-11-13T00:06:41.626+0000] {logging_mixin.py:190} INFO - [2024-11-13T00:06:41.626+0000] {dag.py:3239} INFO - Sync 1 DAGs
[2024-11-13T00:06:41.644+0000] {logging_mixin.py:190} INFO - [2024-11-13T00:06:41.644+0000] {dag.py:4180} INFO - Setting next_dagrun for example_python_decorator to None, run_after=None
[2024-11-13T00:06:41.669+0000] {processor.py:208} INFO - Processing /home/airflow/.local/lib/python3.12/site-packages/airflow/example_dags/example_python_decorator.py took 0.112 seconds
[2024-11-13T00:07:11.907+0000] {processor.py:186} INFO - Started process (PID=11769) to work on /home/airflow/.local/lib/python3.12/site-packages/airflow/example_dags/example_python_decorator.py
[2024-11-13T00:07:11.908+0000] {processor.py:914} INFO - Processing file /home/airflow/.local/lib/python3.12/site-packages/airflow/example_dags/example_python_decorator.py for tasks to queue
[2024-11-13T00:07:11.909+0000] {logging_mixin.py:190} INFO - [2024-11-13T00:07:11.909+0000] {dagbag.py:588} INFO - Filling up the DagBag from /home/airflow/.local/lib/python3.12/site-packages/airflow/example_dags/example_python_decorator.py
[2024-11-13T00:07:11.924+0000] {processor.py:925} INFO - DAG(s) 'example_python_decorator' retrieved from /home/airflow/.local/lib/python3.12/site-packages/airflow/example_dags/example_python_decorator.py
[2024-11-13T00:07:11.946+0000] {logging_mixin.py:190} INFO - [2024-11-13T00:07:11.946+0000] {dag.py:3239} INFO - Sync 1 DAGs
[2024-11-13T00:07:11.961+0000] {logging_mixin.py:190} INFO - [2024-11-13T00:07:11.961+0000] {dag.py:4180} INFO - Setting next_dagrun for example_python_decorator to None, run_after=None
[2024-11-13T00:07:11.985+0000] {processor.py:208} INFO - Processing /home/airflow/.local/lib/python3.12/site-packages/airflow/example_dags/example_python_decorator.py took 0.088 seconds
[2024-11-13T00:07:42.523+0000] {processor.py:186} INFO - Started process (PID=11833) to work on /home/airflow/.local/lib/python3.12/site-packages/airflow/example_dags/example_python_decorator.py
[2024-11-13T00:07:42.524+0000] {processor.py:914} INFO - Processing file /home/airflow/.local/lib/python3.12/site-packages/airflow/example_dags/example_python_decorator.py for tasks to queue
[2024-11-13T00:07:42.525+0000] {logging_mixin.py:190} INFO - [2024-11-13T00:07:42.525+0000] {dagbag.py:588} INFO - Filling up the DagBag from /home/airflow/.local/lib/python3.12/site-packages/airflow/example_dags/example_python_decorator.py
[2024-11-13T00:07:42.543+0000] {processor.py:925} INFO - DAG(s) 'example_python_decorator' retrieved from /home/airflow/.local/lib/python3.12/site-packages/airflow/example_dags/example_python_decorator.py
[2024-11-13T00:07:42.566+0000] {logging_mixin.py:190} INFO - [2024-11-13T00:07:42.565+0000] {dag.py:3239} INFO - Sync 1 DAGs
[2024-11-13T00:07:42.579+0000] {logging_mixin.py:190} INFO - [2024-11-13T00:07:42.579+0000] {dag.py:4180} INFO - Setting next_dagrun for example_python_decorator to None, run_after=None
[2024-11-13T00:07:42.610+0000] {processor.py:208} INFO - Processing /home/airflow/.local/lib/python3.12/site-packages/airflow/example_dags/example_python_decorator.py took 0.093 seconds
[2024-11-13T00:08:12.874+0000] {processor.py:186} INFO - Started process (PID=11897) to work on /home/airflow/.local/lib/python3.12/site-packages/airflow/example_dags/example_python_decorator.py
[2024-11-13T00:08:12.875+0000] {processor.py:914} INFO - Processing file /home/airflow/.local/lib/python3.12/site-packages/airflow/example_dags/example_python_decorator.py for tasks to queue
[2024-11-13T00:08:12.876+0000] {logging_mixin.py:190} INFO - [2024-11-13T00:08:12.876+0000] {dagbag.py:588} INFO - Filling up the DagBag from /home/airflow/.local/lib/python3.12/site-packages/airflow/example_dags/example_python_decorator.py
[2024-11-13T00:08:12.892+0000] {processor.py:925} INFO - DAG(s) 'example_python_decorator' retrieved from /home/airflow/.local/lib/python3.12/site-packages/airflow/example_dags/example_python_decorator.py
[2024-11-13T00:08:12.916+0000] {logging_mixin.py:190} INFO - [2024-11-13T00:08:12.916+0000] {dag.py:3239} INFO - Sync 1 DAGs
[2024-11-13T00:08:12.931+0000] {logging_mixin.py:190} INFO - [2024-11-13T00:08:12.931+0000] {dag.py:4180} INFO - Setting next_dagrun for example_python_decorator to None, run_after=None
[2024-11-13T00:08:12.957+0000] {processor.py:208} INFO - Processing /home/airflow/.local/lib/python3.12/site-packages/airflow/example_dags/example_python_decorator.py took 0.091 seconds
[2024-11-13T00:08:43.801+0000] {processor.py:186} INFO - Started process (PID=11961) to work on /home/airflow/.local/lib/python3.12/site-packages/airflow/example_dags/example_python_decorator.py
[2024-11-13T00:08:43.802+0000] {processor.py:914} INFO - Processing file /home/airflow/.local/lib/python3.12/site-packages/airflow/example_dags/example_python_decorator.py for tasks to queue
[2024-11-13T00:08:43.804+0000] {logging_mixin.py:190} INFO - [2024-11-13T00:08:43.803+0000] {dagbag.py:588} INFO - Filling up the DagBag from /home/airflow/.local/lib/python3.12/site-packages/airflow/example_dags/example_python_decorator.py
[2024-11-13T00:08:43.846+0000] {processor.py:925} INFO - DAG(s) 'example_python_decorator' retrieved from /home/airflow/.local/lib/python3.12/site-packages/airflow/example_dags/example_python_decorator.py
[2024-11-13T00:08:43.915+0000] {logging_mixin.py:190} INFO - [2024-11-13T00:08:43.915+0000] {dag.py:3239} INFO - Sync 1 DAGs
[2024-11-13T00:08:43.958+0000] {logging_mixin.py:190} INFO - [2024-11-13T00:08:43.957+0000] {dag.py:4180} INFO - Setting next_dagrun for example_python_decorator to None, run_after=None
[2024-11-13T00:08:44.000+0000] {processor.py:208} INFO - Processing /home/airflow/.local/lib/python3.12/site-packages/airflow/example_dags/example_python_decorator.py took 0.214 seconds
[2024-11-13T00:09:14.253+0000] {processor.py:186} INFO - Started process (PID=12024) to work on /home/airflow/.local/lib/python3.12/site-packages/airflow/example_dags/example_python_decorator.py
[2024-11-13T00:09:14.254+0000] {processor.py:914} INFO - Processing file /home/airflow/.local/lib/python3.12/site-packages/airflow/example_dags/example_python_decorator.py for tasks to queue
[2024-11-13T00:09:14.255+0000] {logging_mixin.py:190} INFO - [2024-11-13T00:09:14.255+0000] {dagbag.py:588} INFO - Filling up the DagBag from /home/airflow/.local/lib/python3.12/site-packages/airflow/example_dags/example_python_decorator.py
[2024-11-13T00:09:14.275+0000] {processor.py:925} INFO - DAG(s) 'example_python_decorator' retrieved from /home/airflow/.local/lib/python3.12/site-packages/airflow/example_dags/example_python_decorator.py
[2024-11-13T00:09:14.310+0000] {logging_mixin.py:190} INFO - [2024-11-13T00:09:14.310+0000] {dag.py:3239} INFO - Sync 1 DAGs
[2024-11-13T00:09:14.338+0000] {logging_mixin.py:190} INFO - [2024-11-13T00:09:14.338+0000] {dag.py:4180} INFO - Setting next_dagrun for example_python_decorator to None, run_after=None
[2024-11-13T00:09:14.372+0000] {processor.py:208} INFO - Processing /home/airflow/.local/lib/python3.12/site-packages/airflow/example_dags/example_python_decorator.py took 0.131 seconds
[2024-11-13T00:09:44.417+0000] {processor.py:186} INFO - Started process (PID=12088) to work on /home/airflow/.local/lib/python3.12/site-packages/airflow/example_dags/example_python_decorator.py
[2024-11-13T00:09:44.418+0000] {processor.py:914} INFO - Processing file /home/airflow/.local/lib/python3.12/site-packages/airflow/example_dags/example_python_decorator.py for tasks to queue
[2024-11-13T00:09:44.419+0000] {logging_mixin.py:190} INFO - [2024-11-13T00:09:44.419+0000] {dagbag.py:588} INFO - Filling up the DagBag from /home/airflow/.local/lib/python3.12/site-packages/airflow/example_dags/example_python_decorator.py
[2024-11-13T00:09:44.435+0000] {processor.py:925} INFO - DAG(s) 'example_python_decorator' retrieved from /home/airflow/.local/lib/python3.12/site-packages/airflow/example_dags/example_python_decorator.py
[2024-11-13T00:09:44.463+0000] {logging_mixin.py:190} INFO - [2024-11-13T00:09:44.462+0000] {dag.py:3239} INFO - Sync 1 DAGs
[2024-11-13T00:09:44.477+0000] {logging_mixin.py:190} INFO - [2024-11-13T00:09:44.477+0000] {dag.py:4180} INFO - Setting next_dagrun for example_python_decorator to None, run_after=None
[2024-11-13T00:09:44.504+0000] {processor.py:208} INFO - Processing /home/airflow/.local/lib/python3.12/site-packages/airflow/example_dags/example_python_decorator.py took 0.096 seconds
[2024-11-13T00:10:14.727+0000] {processor.py:186} INFO - Started process (PID=12152) to work on /home/airflow/.local/lib/python3.12/site-packages/airflow/example_dags/example_python_decorator.py
[2024-11-13T00:10:14.728+0000] {processor.py:914} INFO - Processing file /home/airflow/.local/lib/python3.12/site-packages/airflow/example_dags/example_python_decorator.py for tasks to queue
[2024-11-13T00:10:14.730+0000] {logging_mixin.py:190} INFO - [2024-11-13T00:10:14.729+0000] {dagbag.py:588} INFO - Filling up the DagBag from /home/airflow/.local/lib/python3.12/site-packages/airflow/example_dags/example_python_decorator.py
[2024-11-13T00:10:14.745+0000] {processor.py:925} INFO - DAG(s) 'example_python_decorator' retrieved from /home/airflow/.local/lib/python3.12/site-packages/airflow/example_dags/example_python_decorator.py
[2024-11-13T00:10:14.773+0000] {logging_mixin.py:190} INFO - [2024-11-13T00:10:14.773+0000] {dag.py:3239} INFO - Sync 1 DAGs
[2024-11-13T00:10:14.789+0000] {logging_mixin.py:190} INFO - [2024-11-13T00:10:14.789+0000] {dag.py:4180} INFO - Setting next_dagrun for example_python_decorator to None, run_after=None
[2024-11-13T00:10:14.813+0000] {processor.py:208} INFO - Processing /home/airflow/.local/lib/python3.12/site-packages/airflow/example_dags/example_python_decorator.py took 0.095 seconds
[2024-11-13T00:10:45.555+0000] {processor.py:186} INFO - Started process (PID=12216) to work on /home/airflow/.local/lib/python3.12/site-packages/airflow/example_dags/example_python_decorator.py
[2024-11-13T00:10:45.557+0000] {processor.py:914} INFO - Processing file /home/airflow/.local/lib/python3.12/site-packages/airflow/example_dags/example_python_decorator.py for tasks to queue
[2024-11-13T00:10:45.560+0000] {logging_mixin.py:190} INFO - [2024-11-13T00:10:45.560+0000] {dagbag.py:588} INFO - Filling up the DagBag from /home/airflow/.local/lib/python3.12/site-packages/airflow/example_dags/example_python_decorator.py
[2024-11-13T00:10:45.588+0000] {processor.py:925} INFO - DAG(s) 'example_python_decorator' retrieved from /home/airflow/.local/lib/python3.12/site-packages/airflow/example_dags/example_python_decorator.py
[2024-11-13T00:10:45.623+0000] {logging_mixin.py:190} INFO - [2024-11-13T00:10:45.622+0000] {dag.py:3239} INFO - Sync 1 DAGs
[2024-11-13T00:10:45.645+0000] {logging_mixin.py:190} INFO - [2024-11-13T00:10:45.645+0000] {dag.py:4180} INFO - Setting next_dagrun for example_python_decorator to None, run_after=None
[2024-11-13T00:10:45.672+0000] {processor.py:208} INFO - Processing /home/airflow/.local/lib/python3.12/site-packages/airflow/example_dags/example_python_decorator.py took 0.130 seconds
[2024-11-13T00:11:16.003+0000] {processor.py:186} INFO - Started process (PID=12279) to work on /home/airflow/.local/lib/python3.12/site-packages/airflow/example_dags/example_python_decorator.py
[2024-11-13T00:11:16.004+0000] {processor.py:914} INFO - Processing file /home/airflow/.local/lib/python3.12/site-packages/airflow/example_dags/example_python_decorator.py for tasks to queue
[2024-11-13T00:11:16.005+0000] {logging_mixin.py:190} INFO - [2024-11-13T00:11:16.005+0000] {dagbag.py:588} INFO - Filling up the DagBag from /home/airflow/.local/lib/python3.12/site-packages/airflow/example_dags/example_python_decorator.py
[2024-11-13T00:11:16.025+0000] {processor.py:925} INFO - DAG(s) 'example_python_decorator' retrieved from /home/airflow/.local/lib/python3.12/site-packages/airflow/example_dags/example_python_decorator.py
[2024-11-13T00:11:16.048+0000] {logging_mixin.py:190} INFO - [2024-11-13T00:11:16.048+0000] {dag.py:3239} INFO - Sync 1 DAGs
[2024-11-13T00:11:16.063+0000] {logging_mixin.py:190} INFO - [2024-11-13T00:11:16.063+0000] {dag.py:4180} INFO - Setting next_dagrun for example_python_decorator to None, run_after=None
[2024-11-13T00:11:16.085+0000] {processor.py:208} INFO - Processing /home/airflow/.local/lib/python3.12/site-packages/airflow/example_dags/example_python_decorator.py took 0.090 seconds
[2024-11-13T00:11:46.251+0000] {processor.py:186} INFO - Started process (PID=12343) to work on /home/airflow/.local/lib/python3.12/site-packages/airflow/example_dags/example_python_decorator.py
[2024-11-13T00:11:46.252+0000] {processor.py:914} INFO - Processing file /home/airflow/.local/lib/python3.12/site-packages/airflow/example_dags/example_python_decorator.py for tasks to queue
[2024-11-13T00:11:46.254+0000] {logging_mixin.py:190} INFO - [2024-11-13T00:11:46.253+0000] {dagbag.py:588} INFO - Filling up the DagBag from /home/airflow/.local/lib/python3.12/site-packages/airflow/example_dags/example_python_decorator.py
[2024-11-13T00:11:46.267+0000] {processor.py:925} INFO - DAG(s) 'example_python_decorator' retrieved from /home/airflow/.local/lib/python3.12/site-packages/airflow/example_dags/example_python_decorator.py
[2024-11-13T00:11:46.289+0000] {logging_mixin.py:190} INFO - [2024-11-13T00:11:46.289+0000] {dag.py:3239} INFO - Sync 1 DAGs
[2024-11-13T00:11:46.304+0000] {logging_mixin.py:190} INFO - [2024-11-13T00:11:46.303+0000] {dag.py:4180} INFO - Setting next_dagrun for example_python_decorator to None, run_after=None
[2024-11-13T00:11:46.327+0000] {processor.py:208} INFO - Processing /home/airflow/.local/lib/python3.12/site-packages/airflow/example_dags/example_python_decorator.py took 0.083 seconds
[2024-11-13T00:12:16.782+0000] {processor.py:186} INFO - Started process (PID=12407) to work on /home/airflow/.local/lib/python3.12/site-packages/airflow/example_dags/example_python_decorator.py
[2024-11-13T00:12:16.782+0000] {processor.py:914} INFO - Processing file /home/airflow/.local/lib/python3.12/site-packages/airflow/example_dags/example_python_decorator.py for tasks to queue
[2024-11-13T00:12:16.784+0000] {logging_mixin.py:190} INFO - [2024-11-13T00:12:16.783+0000] {dagbag.py:588} INFO - Filling up the DagBag from /home/airflow/.local/lib/python3.12/site-packages/airflow/example_dags/example_python_decorator.py
[2024-11-13T00:12:16.798+0000] {processor.py:925} INFO - DAG(s) 'example_python_decorator' retrieved from /home/airflow/.local/lib/python3.12/site-packages/airflow/example_dags/example_python_decorator.py
[2024-11-13T00:12:16.821+0000] {logging_mixin.py:190} INFO - [2024-11-13T00:12:16.821+0000] {dag.py:3239} INFO - Sync 1 DAGs
[2024-11-13T00:12:16.835+0000] {logging_mixin.py:190} INFO - [2024-11-13T00:12:16.835+0000] {dag.py:4180} INFO - Setting next_dagrun for example_python_decorator to None, run_after=None
[2024-11-13T00:12:16.858+0000] {processor.py:208} INFO - Processing /home/airflow/.local/lib/python3.12/site-packages/airflow/example_dags/example_python_decorator.py took 0.083 seconds
[2024-11-13T00:12:47.186+0000] {processor.py:186} INFO - Started process (PID=12471) to work on /home/airflow/.local/lib/python3.12/site-packages/airflow/example_dags/example_python_decorator.py
[2024-11-13T00:12:47.187+0000] {processor.py:914} INFO - Processing file /home/airflow/.local/lib/python3.12/site-packages/airflow/example_dags/example_python_decorator.py for tasks to queue
[2024-11-13T00:12:47.190+0000] {logging_mixin.py:190} INFO - [2024-11-13T00:12:47.189+0000] {dagbag.py:588} INFO - Filling up the DagBag from /home/airflow/.local/lib/python3.12/site-packages/airflow/example_dags/example_python_decorator.py
[2024-11-13T00:12:47.212+0000] {processor.py:925} INFO - DAG(s) 'example_python_decorator' retrieved from /home/airflow/.local/lib/python3.12/site-packages/airflow/example_dags/example_python_decorator.py
[2024-11-13T00:12:47.235+0000] {logging_mixin.py:190} INFO - [2024-11-13T00:12:47.235+0000] {dag.py:3239} INFO - Sync 1 DAGs
[2024-11-13T00:12:47.249+0000] {logging_mixin.py:190} INFO - [2024-11-13T00:12:47.248+0000] {dag.py:4180} INFO - Setting next_dagrun for example_python_decorator to None, run_after=None
[2024-11-13T00:12:47.267+0000] {processor.py:208} INFO - Processing /home/airflow/.local/lib/python3.12/site-packages/airflow/example_dags/example_python_decorator.py took 0.092 seconds
[2024-11-13T00:13:17.992+0000] {processor.py:186} INFO - Started process (PID=12536) to work on /home/airflow/.local/lib/python3.12/site-packages/airflow/example_dags/example_python_decorator.py
[2024-11-13T00:13:17.992+0000] {processor.py:914} INFO - Processing file /home/airflow/.local/lib/python3.12/site-packages/airflow/example_dags/example_python_decorator.py for tasks to queue
[2024-11-13T00:13:17.994+0000] {logging_mixin.py:190} INFO - [2024-11-13T00:13:17.994+0000] {dagbag.py:588} INFO - Filling up the DagBag from /home/airflow/.local/lib/python3.12/site-packages/airflow/example_dags/example_python_decorator.py
[2024-11-13T00:13:18.010+0000] {processor.py:925} INFO - DAG(s) 'example_python_decorator' retrieved from /home/airflow/.local/lib/python3.12/site-packages/airflow/example_dags/example_python_decorator.py
[2024-11-13T00:13:18.035+0000] {logging_mixin.py:190} INFO - [2024-11-13T00:13:18.035+0000] {dag.py:3239} INFO - Sync 1 DAGs
[2024-11-13T00:13:18.050+0000] {logging_mixin.py:190} INFO - [2024-11-13T00:13:18.050+0000] {dag.py:4180} INFO - Setting next_dagrun for example_python_decorator to None, run_after=None
[2024-11-13T00:13:18.076+0000] {processor.py:208} INFO - Processing /home/airflow/.local/lib/python3.12/site-packages/airflow/example_dags/example_python_decorator.py took 0.092 seconds
[2024-11-13T00:13:48.157+0000] {processor.py:186} INFO - Started process (PID=12600) to work on /home/airflow/.local/lib/python3.12/site-packages/airflow/example_dags/example_python_decorator.py
[2024-11-13T00:13:48.158+0000] {processor.py:914} INFO - Processing file /home/airflow/.local/lib/python3.12/site-packages/airflow/example_dags/example_python_decorator.py for tasks to queue
[2024-11-13T00:13:48.159+0000] {logging_mixin.py:190} INFO - [2024-11-13T00:13:48.159+0000] {dagbag.py:588} INFO - Filling up the DagBag from /home/airflow/.local/lib/python3.12/site-packages/airflow/example_dags/example_python_decorator.py
[2024-11-13T00:13:48.174+0000] {processor.py:925} INFO - DAG(s) 'example_python_decorator' retrieved from /home/airflow/.local/lib/python3.12/site-packages/airflow/example_dags/example_python_decorator.py
[2024-11-13T00:13:48.199+0000] {logging_mixin.py:190} INFO - [2024-11-13T00:13:48.199+0000] {dag.py:3239} INFO - Sync 1 DAGs
[2024-11-13T00:13:48.213+0000] {logging_mixin.py:190} INFO - [2024-11-13T00:13:48.213+0000] {dag.py:4180} INFO - Setting next_dagrun for example_python_decorator to None, run_after=None
[2024-11-13T00:13:48.238+0000] {processor.py:208} INFO - Processing /home/airflow/.local/lib/python3.12/site-packages/airflow/example_dags/example_python_decorator.py took 0.089 seconds
[2024-11-13T00:14:18.420+0000] {processor.py:186} INFO - Started process (PID=12664) to work on /home/airflow/.local/lib/python3.12/site-packages/airflow/example_dags/example_python_decorator.py
[2024-11-13T00:14:18.421+0000] {processor.py:914} INFO - Processing file /home/airflow/.local/lib/python3.12/site-packages/airflow/example_dags/example_python_decorator.py for tasks to queue
[2024-11-13T00:14:18.423+0000] {logging_mixin.py:190} INFO - [2024-11-13T00:14:18.422+0000] {dagbag.py:588} INFO - Filling up the DagBag from /home/airflow/.local/lib/python3.12/site-packages/airflow/example_dags/example_python_decorator.py
[2024-11-13T00:14:18.439+0000] {processor.py:925} INFO - DAG(s) 'example_python_decorator' retrieved from /home/airflow/.local/lib/python3.12/site-packages/airflow/example_dags/example_python_decorator.py
[2024-11-13T00:14:18.464+0000] {logging_mixin.py:190} INFO - [2024-11-13T00:14:18.464+0000] {dag.py:3239} INFO - Sync 1 DAGs
[2024-11-13T00:14:18.480+0000] {logging_mixin.py:190} INFO - [2024-11-13T00:14:18.480+0000] {dag.py:4180} INFO - Setting next_dagrun for example_python_decorator to None, run_after=None
[2024-11-13T00:14:18.503+0000] {processor.py:208} INFO - Processing /home/airflow/.local/lib/python3.12/site-packages/airflow/example_dags/example_python_decorator.py took 0.089 seconds
[2024-11-13T00:14:48.753+0000] {processor.py:186} INFO - Started process (PID=12728) to work on /home/airflow/.local/lib/python3.12/site-packages/airflow/example_dags/example_python_decorator.py
[2024-11-13T00:14:48.754+0000] {processor.py:914} INFO - Processing file /home/airflow/.local/lib/python3.12/site-packages/airflow/example_dags/example_python_decorator.py for tasks to queue
[2024-11-13T00:14:48.756+0000] {logging_mixin.py:190} INFO - [2024-11-13T00:14:48.755+0000] {dagbag.py:588} INFO - Filling up the DagBag from /home/airflow/.local/lib/python3.12/site-packages/airflow/example_dags/example_python_decorator.py
[2024-11-13T00:14:48.770+0000] {processor.py:925} INFO - DAG(s) 'example_python_decorator' retrieved from /home/airflow/.local/lib/python3.12/site-packages/airflow/example_dags/example_python_decorator.py
[2024-11-13T00:14:48.791+0000] {logging_mixin.py:190} INFO - [2024-11-13T00:14:48.791+0000] {dag.py:3239} INFO - Sync 1 DAGs
[2024-11-13T00:14:48.806+0000] {logging_mixin.py:190} INFO - [2024-11-13T00:14:48.806+0000] {dag.py:4180} INFO - Setting next_dagrun for example_python_decorator to None, run_after=None
[2024-11-13T00:14:48.829+0000] {processor.py:208} INFO - Processing /home/airflow/.local/lib/python3.12/site-packages/airflow/example_dags/example_python_decorator.py took 0.084 seconds
[2024-11-13T00:15:19.599+0000] {processor.py:186} INFO - Started process (PID=12791) to work on /home/airflow/.local/lib/python3.12/site-packages/airflow/example_dags/example_python_decorator.py
[2024-11-13T00:15:19.600+0000] {processor.py:914} INFO - Processing file /home/airflow/.local/lib/python3.12/site-packages/airflow/example_dags/example_python_decorator.py for tasks to queue
[2024-11-13T00:15:19.602+0000] {logging_mixin.py:190} INFO - [2024-11-13T00:15:19.602+0000] {dagbag.py:588} INFO - Filling up the DagBag from /home/airflow/.local/lib/python3.12/site-packages/airflow/example_dags/example_python_decorator.py
[2024-11-13T00:15:19.618+0000] {processor.py:925} INFO - DAG(s) 'example_python_decorator' retrieved from /home/airflow/.local/lib/python3.12/site-packages/airflow/example_dags/example_python_decorator.py
[2024-11-13T00:15:19.641+0000] {logging_mixin.py:190} INFO - [2024-11-13T00:15:19.640+0000] {dag.py:3239} INFO - Sync 1 DAGs
[2024-11-13T00:15:19.658+0000] {logging_mixin.py:190} INFO - [2024-11-13T00:15:19.658+0000] {dag.py:4180} INFO - Setting next_dagrun for example_python_decorator to None, run_after=None
[2024-11-13T00:15:19.681+0000] {processor.py:208} INFO - Processing /home/airflow/.local/lib/python3.12/site-packages/airflow/example_dags/example_python_decorator.py took 0.090 seconds
[2024-11-13T00:15:49.891+0000] {processor.py:186} INFO - Started process (PID=12855) to work on /home/airflow/.local/lib/python3.12/site-packages/airflow/example_dags/example_python_decorator.py
[2024-11-13T00:15:49.892+0000] {processor.py:914} INFO - Processing file /home/airflow/.local/lib/python3.12/site-packages/airflow/example_dags/example_python_decorator.py for tasks to queue
[2024-11-13T00:15:49.893+0000] {logging_mixin.py:190} INFO - [2024-11-13T00:15:49.893+0000] {dagbag.py:588} INFO - Filling up the DagBag from /home/airflow/.local/lib/python3.12/site-packages/airflow/example_dags/example_python_decorator.py
[2024-11-13T00:15:49.910+0000] {processor.py:925} INFO - DAG(s) 'example_python_decorator' retrieved from /home/airflow/.local/lib/python3.12/site-packages/airflow/example_dags/example_python_decorator.py
[2024-11-13T00:15:49.934+0000] {logging_mixin.py:190} INFO - [2024-11-13T00:15:49.934+0000] {dag.py:3239} INFO - Sync 1 DAGs
[2024-11-13T00:15:49.952+0000] {logging_mixin.py:190} INFO - [2024-11-13T00:15:49.952+0000] {dag.py:4180} INFO - Setting next_dagrun for example_python_decorator to None, run_after=None
[2024-11-13T00:15:50.003+0000] {processor.py:208} INFO - Processing /home/airflow/.local/lib/python3.12/site-packages/airflow/example_dags/example_python_decorator.py took 0.119 seconds
[2024-11-13T00:16:20.723+0000] {processor.py:186} INFO - Started process (PID=12919) to work on /home/airflow/.local/lib/python3.12/site-packages/airflow/example_dags/example_python_decorator.py
[2024-11-13T00:16:20.724+0000] {processor.py:914} INFO - Processing file /home/airflow/.local/lib/python3.12/site-packages/airflow/example_dags/example_python_decorator.py for tasks to queue
[2024-11-13T00:16:20.726+0000] {logging_mixin.py:190} INFO - [2024-11-13T00:16:20.726+0000] {dagbag.py:588} INFO - Filling up the DagBag from /home/airflow/.local/lib/python3.12/site-packages/airflow/example_dags/example_python_decorator.py
[2024-11-13T00:16:20.743+0000] {processor.py:925} INFO - DAG(s) 'example_python_decorator' retrieved from /home/airflow/.local/lib/python3.12/site-packages/airflow/example_dags/example_python_decorator.py
[2024-11-13T00:16:20.769+0000] {logging_mixin.py:190} INFO - [2024-11-13T00:16:20.768+0000] {dag.py:3239} INFO - Sync 1 DAGs
[2024-11-13T00:16:20.785+0000] {logging_mixin.py:190} INFO - [2024-11-13T00:16:20.785+0000] {dag.py:4180} INFO - Setting next_dagrun for example_python_decorator to None, run_after=None
[2024-11-13T00:16:20.815+0000] {processor.py:208} INFO - Processing /home/airflow/.local/lib/python3.12/site-packages/airflow/example_dags/example_python_decorator.py took 0.102 seconds
[2024-11-13T00:16:50.996+0000] {processor.py:186} INFO - Started process (PID=12983) to work on /home/airflow/.local/lib/python3.12/site-packages/airflow/example_dags/example_python_decorator.py
[2024-11-13T00:16:50.997+0000] {processor.py:914} INFO - Processing file /home/airflow/.local/lib/python3.12/site-packages/airflow/example_dags/example_python_decorator.py for tasks to queue
[2024-11-13T00:16:50.998+0000] {logging_mixin.py:190} INFO - [2024-11-13T00:16:50.998+0000] {dagbag.py:588} INFO - Filling up the DagBag from /home/airflow/.local/lib/python3.12/site-packages/airflow/example_dags/example_python_decorator.py
[2024-11-13T00:16:51.014+0000] {processor.py:925} INFO - DAG(s) 'example_python_decorator' retrieved from /home/airflow/.local/lib/python3.12/site-packages/airflow/example_dags/example_python_decorator.py
[2024-11-13T00:16:51.035+0000] {logging_mixin.py:190} INFO - [2024-11-13T00:16:51.034+0000] {dag.py:3239} INFO - Sync 1 DAGs
[2024-11-13T00:16:51.050+0000] {logging_mixin.py:190} INFO - [2024-11-13T00:16:51.049+0000] {dag.py:4180} INFO - Setting next_dagrun for example_python_decorator to None, run_after=None
[2024-11-13T00:16:51.079+0000] {processor.py:208} INFO - Processing /home/airflow/.local/lib/python3.12/site-packages/airflow/example_dags/example_python_decorator.py took 0.092 seconds
[2024-11-13T00:17:21.324+0000] {processor.py:186} INFO - Started process (PID=13047) to work on /home/airflow/.local/lib/python3.12/site-packages/airflow/example_dags/example_python_decorator.py
[2024-11-13T00:17:21.325+0000] {processor.py:914} INFO - Processing file /home/airflow/.local/lib/python3.12/site-packages/airflow/example_dags/example_python_decorator.py for tasks to queue
[2024-11-13T00:17:21.327+0000] {logging_mixin.py:190} INFO - [2024-11-13T00:17:21.327+0000] {dagbag.py:588} INFO - Filling up the DagBag from /home/airflow/.local/lib/python3.12/site-packages/airflow/example_dags/example_python_decorator.py
[2024-11-13T00:17:21.341+0000] {processor.py:925} INFO - DAG(s) 'example_python_decorator' retrieved from /home/airflow/.local/lib/python3.12/site-packages/airflow/example_dags/example_python_decorator.py
[2024-11-13T00:17:21.363+0000] {logging_mixin.py:190} INFO - [2024-11-13T00:17:21.363+0000] {dag.py:3239} INFO - Sync 1 DAGs
[2024-11-13T00:17:21.377+0000] {logging_mixin.py:190} INFO - [2024-11-13T00:17:21.376+0000] {dag.py:4180} INFO - Setting next_dagrun for example_python_decorator to None, run_after=None
[2024-11-13T00:17:21.401+0000] {processor.py:208} INFO - Processing /home/airflow/.local/lib/python3.12/site-packages/airflow/example_dags/example_python_decorator.py took 0.084 seconds
[2024-11-13T00:17:51.806+0000] {processor.py:186} INFO - Started process (PID=13111) to work on /home/airflow/.local/lib/python3.12/site-packages/airflow/example_dags/example_python_decorator.py
[2024-11-13T00:17:51.807+0000] {processor.py:914} INFO - Processing file /home/airflow/.local/lib/python3.12/site-packages/airflow/example_dags/example_python_decorator.py for tasks to queue
[2024-11-13T00:17:51.809+0000] {logging_mixin.py:190} INFO - [2024-11-13T00:17:51.808+0000] {dagbag.py:588} INFO - Filling up the DagBag from /home/airflow/.local/lib/python3.12/site-packages/airflow/example_dags/example_python_decorator.py
[2024-11-13T00:17:51.823+0000] {processor.py:925} INFO - DAG(s) 'example_python_decorator' retrieved from /home/airflow/.local/lib/python3.12/site-packages/airflow/example_dags/example_python_decorator.py
[2024-11-13T00:17:51.847+0000] {logging_mixin.py:190} INFO - [2024-11-13T00:17:51.846+0000] {dag.py:3239} INFO - Sync 1 DAGs
[2024-11-13T00:17:51.862+0000] {logging_mixin.py:190} INFO - [2024-11-13T00:17:51.861+0000] {dag.py:4180} INFO - Setting next_dagrun for example_python_decorator to None, run_after=None
[2024-11-13T00:17:51.978+0000] {processor.py:208} INFO - Processing /home/airflow/.local/lib/python3.12/site-packages/airflow/example_dags/example_python_decorator.py took 0.179 seconds
[2024-11-13T00:18:22.751+0000] {processor.py:186} INFO - Started process (PID=13175) to work on /home/airflow/.local/lib/python3.12/site-packages/airflow/example_dags/example_python_decorator.py
[2024-11-13T00:18:22.752+0000] {processor.py:914} INFO - Processing file /home/airflow/.local/lib/python3.12/site-packages/airflow/example_dags/example_python_decorator.py for tasks to queue
[2024-11-13T00:18:22.754+0000] {logging_mixin.py:190} INFO - [2024-11-13T00:18:22.753+0000] {dagbag.py:588} INFO - Filling up the DagBag from /home/airflow/.local/lib/python3.12/site-packages/airflow/example_dags/example_python_decorator.py
[2024-11-13T00:18:22.791+0000] {processor.py:925} INFO - DAG(s) 'example_python_decorator' retrieved from /home/airflow/.local/lib/python3.12/site-packages/airflow/example_dags/example_python_decorator.py
[2024-11-13T00:18:22.823+0000] {logging_mixin.py:190} INFO - [2024-11-13T00:18:22.823+0000] {dag.py:3239} INFO - Sync 1 DAGs
[2024-11-13T00:18:22.885+0000] {logging_mixin.py:190} INFO - [2024-11-13T00:18:22.884+0000] {dag.py:4180} INFO - Setting next_dagrun for example_python_decorator to None, run_after=None
[2024-11-13T00:18:22.938+0000] {processor.py:208} INFO - Processing /home/airflow/.local/lib/python3.12/site-packages/airflow/example_dags/example_python_decorator.py took 0.201 seconds
[2024-11-13T00:18:54.363+0000] {processor.py:186} INFO - Started process (PID=13234) to work on /home/airflow/.local/lib/python3.12/site-packages/airflow/example_dags/example_python_decorator.py
[2024-11-13T00:18:54.364+0000] {processor.py:914} INFO - Processing file /home/airflow/.local/lib/python3.12/site-packages/airflow/example_dags/example_python_decorator.py for tasks to queue
[2024-11-13T00:18:54.365+0000] {logging_mixin.py:190} INFO - [2024-11-13T00:18:54.365+0000] {dagbag.py:588} INFO - Filling up the DagBag from /home/airflow/.local/lib/python3.12/site-packages/airflow/example_dags/example_python_decorator.py
[2024-11-13T00:18:54.383+0000] {processor.py:925} INFO - DAG(s) 'example_python_decorator' retrieved from /home/airflow/.local/lib/python3.12/site-packages/airflow/example_dags/example_python_decorator.py
[2024-11-13T00:18:54.405+0000] {logging_mixin.py:190} INFO - [2024-11-13T00:18:54.405+0000] {dag.py:3239} INFO - Sync 1 DAGs
[2024-11-13T00:18:54.420+0000] {logging_mixin.py:190} INFO - [2024-11-13T00:18:54.420+0000] {dag.py:4180} INFO - Setting next_dagrun for example_python_decorator to None, run_after=None
[2024-11-13T00:18:54.444+0000] {processor.py:208} INFO - Processing /home/airflow/.local/lib/python3.12/site-packages/airflow/example_dags/example_python_decorator.py took 0.091 seconds
[2024-11-13T00:19:38.038+0000] {processor.py:186} INFO - Started process (PID=13278) to work on /home/airflow/.local/lib/python3.12/site-packages/airflow/example_dags/example_python_decorator.py
[2024-11-13T00:19:38.039+0000] {processor.py:914} INFO - Processing file /home/airflow/.local/lib/python3.12/site-packages/airflow/example_dags/example_python_decorator.py for tasks to queue
[2024-11-13T00:19:38.040+0000] {logging_mixin.py:190} INFO - [2024-11-13T00:19:38.040+0000] {dagbag.py:588} INFO - Filling up the DagBag from /home/airflow/.local/lib/python3.12/site-packages/airflow/example_dags/example_python_decorator.py
[2024-11-13T00:19:38.056+0000] {processor.py:925} INFO - DAG(s) 'example_python_decorator' retrieved from /home/airflow/.local/lib/python3.12/site-packages/airflow/example_dags/example_python_decorator.py
[2024-11-13T00:19:38.078+0000] {logging_mixin.py:190} INFO - [2024-11-13T00:19:38.077+0000] {dag.py:3239} INFO - Sync 1 DAGs
[2024-11-13T00:19:38.092+0000] {logging_mixin.py:190} INFO - [2024-11-13T00:19:38.092+0000] {dag.py:4180} INFO - Setting next_dagrun for example_python_decorator to None, run_after=None
[2024-11-13T00:19:38.114+0000] {processor.py:208} INFO - Processing /home/airflow/.local/lib/python3.12/site-packages/airflow/example_dags/example_python_decorator.py took 0.084 seconds
[2024-11-13T00:20:09.358+0000] {processor.py:186} INFO - Started process (PID=13341) to work on /home/airflow/.local/lib/python3.12/site-packages/airflow/example_dags/example_python_decorator.py
[2024-11-13T00:20:09.359+0000] {processor.py:914} INFO - Processing file /home/airflow/.local/lib/python3.12/site-packages/airflow/example_dags/example_python_decorator.py for tasks to queue
[2024-11-13T00:20:09.368+0000] {logging_mixin.py:190} INFO - [2024-11-13T00:20:09.362+0000] {dagbag.py:588} INFO - Filling up the DagBag from /home/airflow/.local/lib/python3.12/site-packages/airflow/example_dags/example_python_decorator.py
[2024-11-13T00:20:09.455+0000] {processor.py:925} INFO - DAG(s) 'example_python_decorator' retrieved from /home/airflow/.local/lib/python3.12/site-packages/airflow/example_dags/example_python_decorator.py
[2024-11-13T00:20:09.511+0000] {logging_mixin.py:190} INFO - [2024-11-13T00:20:09.510+0000] {dag.py:3239} INFO - Sync 1 DAGs
[2024-11-13T00:20:09.557+0000] {logging_mixin.py:190} INFO - [2024-11-13T00:20:09.555+0000] {dag.py:4180} INFO - Setting next_dagrun for example_python_decorator to None, run_after=None
[2024-11-13T00:20:09.607+0000] {processor.py:208} INFO - Processing /home/airflow/.local/lib/python3.12/site-packages/airflow/example_dags/example_python_decorator.py took 0.265 seconds
[2024-11-13T00:20:40.344+0000] {processor.py:186} INFO - Started process (PID=13405) to work on /home/airflow/.local/lib/python3.12/site-packages/airflow/example_dags/example_python_decorator.py
[2024-11-13T00:20:40.346+0000] {processor.py:914} INFO - Processing file /home/airflow/.local/lib/python3.12/site-packages/airflow/example_dags/example_python_decorator.py for tasks to queue
[2024-11-13T00:20:40.348+0000] {logging_mixin.py:190} INFO - [2024-11-13T00:20:40.348+0000] {dagbag.py:588} INFO - Filling up the DagBag from /home/airflow/.local/lib/python3.12/site-packages/airflow/example_dags/example_python_decorator.py
[2024-11-13T00:20:40.371+0000] {processor.py:925} INFO - DAG(s) 'example_python_decorator' retrieved from /home/airflow/.local/lib/python3.12/site-packages/airflow/example_dags/example_python_decorator.py
[2024-11-13T00:20:40.401+0000] {logging_mixin.py:190} INFO - [2024-11-13T00:20:40.395+0000] {dag.py:3239} INFO - Sync 1 DAGs
[2024-11-13T00:20:40.427+0000] {logging_mixin.py:190} INFO - [2024-11-13T00:20:40.426+0000] {dag.py:4180} INFO - Setting next_dagrun for example_python_decorator to None, run_after=None
[2024-11-13T00:20:40.476+0000] {processor.py:208} INFO - Processing /home/airflow/.local/lib/python3.12/site-packages/airflow/example_dags/example_python_decorator.py took 0.145 seconds
[2024-11-13T00:21:10.764+0000] {processor.py:186} INFO - Started process (PID=13468) to work on /home/airflow/.local/lib/python3.12/site-packages/airflow/example_dags/example_python_decorator.py
[2024-11-13T00:21:10.765+0000] {processor.py:914} INFO - Processing file /home/airflow/.local/lib/python3.12/site-packages/airflow/example_dags/example_python_decorator.py for tasks to queue
[2024-11-13T00:21:10.766+0000] {logging_mixin.py:190} INFO - [2024-11-13T00:21:10.766+0000] {dagbag.py:588} INFO - Filling up the DagBag from /home/airflow/.local/lib/python3.12/site-packages/airflow/example_dags/example_python_decorator.py
[2024-11-13T00:21:10.784+0000] {processor.py:925} INFO - DAG(s) 'example_python_decorator' retrieved from /home/airflow/.local/lib/python3.12/site-packages/airflow/example_dags/example_python_decorator.py
[2024-11-13T00:21:10.813+0000] {logging_mixin.py:190} INFO - [2024-11-13T00:21:10.813+0000] {dag.py:3239} INFO - Sync 1 DAGs
[2024-11-13T00:21:10.831+0000] {logging_mixin.py:190} INFO - [2024-11-13T00:21:10.831+0000] {dag.py:4180} INFO - Setting next_dagrun for example_python_decorator to None, run_after=None
[2024-11-13T00:21:10.857+0000] {processor.py:208} INFO - Processing /home/airflow/.local/lib/python3.12/site-packages/airflow/example_dags/example_python_decorator.py took 0.101 seconds
[2024-11-13T00:21:41.051+0000] {processor.py:186} INFO - Started process (PID=13531) to work on /home/airflow/.local/lib/python3.12/site-packages/airflow/example_dags/example_python_decorator.py
[2024-11-13T00:21:41.053+0000] {processor.py:914} INFO - Processing file /home/airflow/.local/lib/python3.12/site-packages/airflow/example_dags/example_python_decorator.py for tasks to queue
[2024-11-13T00:21:41.054+0000] {logging_mixin.py:190} INFO - [2024-11-13T00:21:41.054+0000] {dagbag.py:588} INFO - Filling up the DagBag from /home/airflow/.local/lib/python3.12/site-packages/airflow/example_dags/example_python_decorator.py
[2024-11-13T00:21:41.074+0000] {processor.py:925} INFO - DAG(s) 'example_python_decorator' retrieved from /home/airflow/.local/lib/python3.12/site-packages/airflow/example_dags/example_python_decorator.py
[2024-11-13T00:21:41.102+0000] {logging_mixin.py:190} INFO - [2024-11-13T00:21:41.102+0000] {dag.py:3239} INFO - Sync 1 DAGs
[2024-11-13T00:21:41.119+0000] {logging_mixin.py:190} INFO - [2024-11-13T00:21:41.119+0000] {dag.py:4180} INFO - Setting next_dagrun for example_python_decorator to None, run_after=None
[2024-11-13T00:21:41.145+0000] {processor.py:208} INFO - Processing /home/airflow/.local/lib/python3.12/site-packages/airflow/example_dags/example_python_decorator.py took 0.103 seconds
[2024-11-13T00:22:11.890+0000] {processor.py:186} INFO - Started process (PID=13595) to work on /home/airflow/.local/lib/python3.12/site-packages/airflow/example_dags/example_python_decorator.py
[2024-11-13T00:22:11.892+0000] {processor.py:914} INFO - Processing file /home/airflow/.local/lib/python3.12/site-packages/airflow/example_dags/example_python_decorator.py for tasks to queue
[2024-11-13T00:22:11.895+0000] {logging_mixin.py:190} INFO - [2024-11-13T00:22:11.894+0000] {dagbag.py:588} INFO - Filling up the DagBag from /home/airflow/.local/lib/python3.12/site-packages/airflow/example_dags/example_python_decorator.py
[2024-11-13T00:22:11.910+0000] {processor.py:925} INFO - DAG(s) 'example_python_decorator' retrieved from /home/airflow/.local/lib/python3.12/site-packages/airflow/example_dags/example_python_decorator.py
[2024-11-13T00:22:11.937+0000] {logging_mixin.py:190} INFO - [2024-11-13T00:22:11.937+0000] {dag.py:3239} INFO - Sync 1 DAGs
[2024-11-13T00:22:11.953+0000] {logging_mixin.py:190} INFO - [2024-11-13T00:22:11.952+0000] {dag.py:4180} INFO - Setting next_dagrun for example_python_decorator to None, run_after=None
[2024-11-13T00:22:11.977+0000] {processor.py:208} INFO - Processing /home/airflow/.local/lib/python3.12/site-packages/airflow/example_dags/example_python_decorator.py took 0.095 seconds
[2024-11-13T00:22:42.665+0000] {processor.py:186} INFO - Started process (PID=13659) to work on /home/airflow/.local/lib/python3.12/site-packages/airflow/example_dags/example_python_decorator.py
[2024-11-13T00:22:42.666+0000] {processor.py:914} INFO - Processing file /home/airflow/.local/lib/python3.12/site-packages/airflow/example_dags/example_python_decorator.py for tasks to queue
[2024-11-13T00:22:42.667+0000] {logging_mixin.py:190} INFO - [2024-11-13T00:22:42.667+0000] {dagbag.py:588} INFO - Filling up the DagBag from /home/airflow/.local/lib/python3.12/site-packages/airflow/example_dags/example_python_decorator.py
[2024-11-13T00:22:42.685+0000] {processor.py:925} INFO - DAG(s) 'example_python_decorator' retrieved from /home/airflow/.local/lib/python3.12/site-packages/airflow/example_dags/example_python_decorator.py
[2024-11-13T00:22:42.709+0000] {logging_mixin.py:190} INFO - [2024-11-13T00:22:42.709+0000] {dag.py:3239} INFO - Sync 1 DAGs
[2024-11-13T00:22:42.725+0000] {logging_mixin.py:190} INFO - [2024-11-13T00:22:42.725+0000] {dag.py:4180} INFO - Setting next_dagrun for example_python_decorator to None, run_after=None
[2024-11-13T00:22:42.751+0000] {processor.py:208} INFO - Processing /home/airflow/.local/lib/python3.12/site-packages/airflow/example_dags/example_python_decorator.py took 0.093 seconds
[2024-11-13T00:23:13.695+0000] {processor.py:186} INFO - Started process (PID=13723) to work on /home/airflow/.local/lib/python3.12/site-packages/airflow/example_dags/example_python_decorator.py
[2024-11-13T00:23:13.696+0000] {processor.py:914} INFO - Processing file /home/airflow/.local/lib/python3.12/site-packages/airflow/example_dags/example_python_decorator.py for tasks to queue
[2024-11-13T00:23:13.699+0000] {logging_mixin.py:190} INFO - [2024-11-13T00:23:13.699+0000] {dagbag.py:588} INFO - Filling up the DagBag from /home/airflow/.local/lib/python3.12/site-packages/airflow/example_dags/example_python_decorator.py
[2024-11-13T00:23:13.716+0000] {processor.py:925} INFO - DAG(s) 'example_python_decorator' retrieved from /home/airflow/.local/lib/python3.12/site-packages/airflow/example_dags/example_python_decorator.py
[2024-11-13T00:23:13.743+0000] {logging_mixin.py:190} INFO - [2024-11-13T00:23:13.743+0000] {dag.py:3239} INFO - Sync 1 DAGs
[2024-11-13T00:23:13.762+0000] {logging_mixin.py:190} INFO - [2024-11-13T00:23:13.762+0000] {dag.py:4180} INFO - Setting next_dagrun for example_python_decorator to None, run_after=None
[2024-11-13T00:23:13.789+0000] {processor.py:208} INFO - Processing /home/airflow/.local/lib/python3.12/site-packages/airflow/example_dags/example_python_decorator.py took 0.102 seconds
[2024-11-13T00:23:44.836+0000] {processor.py:186} INFO - Started process (PID=13788) to work on /home/airflow/.local/lib/python3.12/site-packages/airflow/example_dags/example_python_decorator.py
[2024-11-13T00:23:44.837+0000] {processor.py:914} INFO - Processing file /home/airflow/.local/lib/python3.12/site-packages/airflow/example_dags/example_python_decorator.py for tasks to queue
[2024-11-13T00:23:44.838+0000] {logging_mixin.py:190} INFO - [2024-11-13T00:23:44.838+0000] {dagbag.py:588} INFO - Filling up the DagBag from /home/airflow/.local/lib/python3.12/site-packages/airflow/example_dags/example_python_decorator.py
[2024-11-13T00:23:44.853+0000] {processor.py:925} INFO - DAG(s) 'example_python_decorator' retrieved from /home/airflow/.local/lib/python3.12/site-packages/airflow/example_dags/example_python_decorator.py
[2024-11-13T00:23:44.878+0000] {logging_mixin.py:190} INFO - [2024-11-13T00:23:44.878+0000] {dag.py:3239} INFO - Sync 1 DAGs
[2024-11-13T00:23:44.893+0000] {logging_mixin.py:190} INFO - [2024-11-13T00:23:44.892+0000] {dag.py:4180} INFO - Setting next_dagrun for example_python_decorator to None, run_after=None
[2024-11-13T00:23:44.918+0000] {processor.py:208} INFO - Processing /home/airflow/.local/lib/python3.12/site-packages/airflow/example_dags/example_python_decorator.py took 0.088 seconds
[2024-11-13T00:24:15.064+0000] {processor.py:186} INFO - Started process (PID=13852) to work on /home/airflow/.local/lib/python3.12/site-packages/airflow/example_dags/example_python_decorator.py
[2024-11-13T00:24:15.065+0000] {processor.py:914} INFO - Processing file /home/airflow/.local/lib/python3.12/site-packages/airflow/example_dags/example_python_decorator.py for tasks to queue
[2024-11-13T00:24:15.067+0000] {logging_mixin.py:190} INFO - [2024-11-13T00:24:15.066+0000] {dagbag.py:588} INFO - Filling up the DagBag from /home/airflow/.local/lib/python3.12/site-packages/airflow/example_dags/example_python_decorator.py
[2024-11-13T00:24:15.084+0000] {processor.py:925} INFO - DAG(s) 'example_python_decorator' retrieved from /home/airflow/.local/lib/python3.12/site-packages/airflow/example_dags/example_python_decorator.py
[2024-11-13T00:24:15.108+0000] {logging_mixin.py:190} INFO - [2024-11-13T00:24:15.108+0000] {dag.py:3239} INFO - Sync 1 DAGs
[2024-11-13T00:24:15.123+0000] {logging_mixin.py:190} INFO - [2024-11-13T00:24:15.122+0000] {dag.py:4180} INFO - Setting next_dagrun for example_python_decorator to None, run_after=None
[2024-11-13T00:24:15.152+0000] {processor.py:208} INFO - Processing /home/airflow/.local/lib/python3.12/site-packages/airflow/example_dags/example_python_decorator.py took 0.097 seconds
[2024-11-13T00:24:45.245+0000] {processor.py:186} INFO - Started process (PID=13917) to work on /home/airflow/.local/lib/python3.12/site-packages/airflow/example_dags/example_python_decorator.py
[2024-11-13T00:24:45.246+0000] {processor.py:914} INFO - Processing file /home/airflow/.local/lib/python3.12/site-packages/airflow/example_dags/example_python_decorator.py for tasks to queue
[2024-11-13T00:24:45.248+0000] {logging_mixin.py:190} INFO - [2024-11-13T00:24:45.248+0000] {dagbag.py:588} INFO - Filling up the DagBag from /home/airflow/.local/lib/python3.12/site-packages/airflow/example_dags/example_python_decorator.py
[2024-11-13T00:24:45.268+0000] {processor.py:925} INFO - DAG(s) 'example_python_decorator' retrieved from /home/airflow/.local/lib/python3.12/site-packages/airflow/example_dags/example_python_decorator.py
[2024-11-13T00:24:45.310+0000] {logging_mixin.py:190} INFO - [2024-11-13T00:24:45.309+0000] {dag.py:3239} INFO - Sync 1 DAGs
[2024-11-13T00:24:45.339+0000] {logging_mixin.py:190} INFO - [2024-11-13T00:24:45.338+0000] {dag.py:4180} INFO - Setting next_dagrun for example_python_decorator to None, run_after=None
[2024-11-13T00:24:45.374+0000] {processor.py:208} INFO - Processing /home/airflow/.local/lib/python3.12/site-packages/airflow/example_dags/example_python_decorator.py took 0.136 seconds
[2024-11-13T00:25:15.717+0000] {processor.py:186} INFO - Started process (PID=13981) to work on /home/airflow/.local/lib/python3.12/site-packages/airflow/example_dags/example_python_decorator.py
[2024-11-13T00:25:15.718+0000] {processor.py:914} INFO - Processing file /home/airflow/.local/lib/python3.12/site-packages/airflow/example_dags/example_python_decorator.py for tasks to queue
[2024-11-13T00:25:15.720+0000] {logging_mixin.py:190} INFO - [2024-11-13T00:25:15.720+0000] {dagbag.py:588} INFO - Filling up the DagBag from /home/airflow/.local/lib/python3.12/site-packages/airflow/example_dags/example_python_decorator.py
[2024-11-13T00:25:15.749+0000] {processor.py:925} INFO - DAG(s) 'example_python_decorator' retrieved from /home/airflow/.local/lib/python3.12/site-packages/airflow/example_dags/example_python_decorator.py
[2024-11-13T00:25:15.794+0000] {logging_mixin.py:190} INFO - [2024-11-13T00:25:15.794+0000] {dag.py:3239} INFO - Sync 1 DAGs
[2024-11-13T00:25:15.815+0000] {logging_mixin.py:190} INFO - [2024-11-13T00:25:15.815+0000] {dag.py:4180} INFO - Setting next_dagrun for example_python_decorator to None, run_after=None
[2024-11-13T00:25:15.853+0000] {processor.py:208} INFO - Processing /home/airflow/.local/lib/python3.12/site-packages/airflow/example_dags/example_python_decorator.py took 0.148 seconds
[2024-11-13T00:25:46.424+0000] {processor.py:186} INFO - Started process (PID=14045) to work on /home/airflow/.local/lib/python3.12/site-packages/airflow/example_dags/example_python_decorator.py
[2024-11-13T00:25:46.425+0000] {processor.py:914} INFO - Processing file /home/airflow/.local/lib/python3.12/site-packages/airflow/example_dags/example_python_decorator.py for tasks to queue
[2024-11-13T00:25:46.427+0000] {logging_mixin.py:190} INFO - [2024-11-13T00:25:46.426+0000] {dagbag.py:588} INFO - Filling up the DagBag from /home/airflow/.local/lib/python3.12/site-packages/airflow/example_dags/example_python_decorator.py
[2024-11-13T00:25:46.447+0000] {processor.py:925} INFO - DAG(s) 'example_python_decorator' retrieved from /home/airflow/.local/lib/python3.12/site-packages/airflow/example_dags/example_python_decorator.py
[2024-11-13T00:25:46.483+0000] {logging_mixin.py:190} INFO - [2024-11-13T00:25:46.483+0000] {dag.py:3239} INFO - Sync 1 DAGs
[2024-11-13T00:25:46.507+0000] {logging_mixin.py:190} INFO - [2024-11-13T00:25:46.507+0000] {dag.py:4180} INFO - Setting next_dagrun for example_python_decorator to None, run_after=None
[2024-11-13T00:25:46.541+0000] {processor.py:208} INFO - Processing /home/airflow/.local/lib/python3.12/site-packages/airflow/example_dags/example_python_decorator.py took 0.129 seconds
[2024-11-13T00:26:17.238+0000] {processor.py:186} INFO - Started process (PID=14109) to work on /home/airflow/.local/lib/python3.12/site-packages/airflow/example_dags/example_python_decorator.py
[2024-11-13T00:26:17.239+0000] {processor.py:914} INFO - Processing file /home/airflow/.local/lib/python3.12/site-packages/airflow/example_dags/example_python_decorator.py for tasks to queue
[2024-11-13T00:26:17.241+0000] {logging_mixin.py:190} INFO - [2024-11-13T00:26:17.240+0000] {dagbag.py:588} INFO - Filling up the DagBag from /home/airflow/.local/lib/python3.12/site-packages/airflow/example_dags/example_python_decorator.py
[2024-11-13T00:26:17.258+0000] {processor.py:925} INFO - DAG(s) 'example_python_decorator' retrieved from /home/airflow/.local/lib/python3.12/site-packages/airflow/example_dags/example_python_decorator.py
[2024-11-13T00:26:17.287+0000] {logging_mixin.py:190} INFO - [2024-11-13T00:26:17.287+0000] {dag.py:3239} INFO - Sync 1 DAGs
[2024-11-13T00:26:17.303+0000] {logging_mixin.py:190} INFO - [2024-11-13T00:26:17.303+0000] {dag.py:4180} INFO - Setting next_dagrun for example_python_decorator to None, run_after=None
[2024-11-13T00:26:17.331+0000] {processor.py:208} INFO - Processing /home/airflow/.local/lib/python3.12/site-packages/airflow/example_dags/example_python_decorator.py took 0.101 seconds
[2024-11-13T00:26:47.434+0000] {processor.py:186} INFO - Started process (PID=14172) to work on /home/airflow/.local/lib/python3.12/site-packages/airflow/example_dags/example_python_decorator.py
[2024-11-13T00:26:47.435+0000] {processor.py:914} INFO - Processing file /home/airflow/.local/lib/python3.12/site-packages/airflow/example_dags/example_python_decorator.py for tasks to queue
[2024-11-13T00:26:47.436+0000] {logging_mixin.py:190} INFO - [2024-11-13T00:26:47.436+0000] {dagbag.py:588} INFO - Filling up the DagBag from /home/airflow/.local/lib/python3.12/site-packages/airflow/example_dags/example_python_decorator.py
[2024-11-13T00:26:47.454+0000] {processor.py:925} INFO - DAG(s) 'example_python_decorator' retrieved from /home/airflow/.local/lib/python3.12/site-packages/airflow/example_dags/example_python_decorator.py
[2024-11-13T00:26:47.484+0000] {logging_mixin.py:190} INFO - [2024-11-13T00:26:47.484+0000] {dag.py:3239} INFO - Sync 1 DAGs
[2024-11-13T00:26:47.502+0000] {logging_mixin.py:190} INFO - [2024-11-13T00:26:47.502+0000] {dag.py:4180} INFO - Setting next_dagrun for example_python_decorator to None, run_after=None
[2024-11-13T00:26:47.531+0000] {processor.py:208} INFO - Processing /home/airflow/.local/lib/python3.12/site-packages/airflow/example_dags/example_python_decorator.py took 0.105 seconds
[2024-11-13T00:27:17.654+0000] {processor.py:186} INFO - Started process (PID=14236) to work on /home/airflow/.local/lib/python3.12/site-packages/airflow/example_dags/example_python_decorator.py
[2024-11-13T00:27:17.655+0000] {processor.py:914} INFO - Processing file /home/airflow/.local/lib/python3.12/site-packages/airflow/example_dags/example_python_decorator.py for tasks to queue
[2024-11-13T00:27:17.656+0000] {logging_mixin.py:190} INFO - [2024-11-13T00:27:17.656+0000] {dagbag.py:588} INFO - Filling up the DagBag from /home/airflow/.local/lib/python3.12/site-packages/airflow/example_dags/example_python_decorator.py
[2024-11-13T00:27:17.672+0000] {processor.py:925} INFO - DAG(s) 'example_python_decorator' retrieved from /home/airflow/.local/lib/python3.12/site-packages/airflow/example_dags/example_python_decorator.py
[2024-11-13T00:27:17.696+0000] {logging_mixin.py:190} INFO - [2024-11-13T00:27:17.695+0000] {dag.py:3239} INFO - Sync 1 DAGs
[2024-11-13T00:27:17.710+0000] {logging_mixin.py:190} INFO - [2024-11-13T00:27:17.709+0000] {dag.py:4180} INFO - Setting next_dagrun for example_python_decorator to None, run_after=None
[2024-11-13T00:27:17.734+0000] {processor.py:208} INFO - Processing /home/airflow/.local/lib/python3.12/site-packages/airflow/example_dags/example_python_decorator.py took 0.086 seconds
[2024-11-13T00:27:48.197+0000] {processor.py:186} INFO - Started process (PID=14301) to work on /home/airflow/.local/lib/python3.12/site-packages/airflow/example_dags/example_python_decorator.py
[2024-11-13T00:27:48.198+0000] {processor.py:914} INFO - Processing file /home/airflow/.local/lib/python3.12/site-packages/airflow/example_dags/example_python_decorator.py for tasks to queue
[2024-11-13T00:27:48.199+0000] {logging_mixin.py:190} INFO - [2024-11-13T00:27:48.198+0000] {dagbag.py:588} INFO - Filling up the DagBag from /home/airflow/.local/lib/python3.12/site-packages/airflow/example_dags/example_python_decorator.py
[2024-11-13T00:27:48.212+0000] {processor.py:925} INFO - DAG(s) 'example_python_decorator' retrieved from /home/airflow/.local/lib/python3.12/site-packages/airflow/example_dags/example_python_decorator.py
[2024-11-13T00:27:48.234+0000] {logging_mixin.py:190} INFO - [2024-11-13T00:27:48.234+0000] {dag.py:3239} INFO - Sync 1 DAGs
[2024-11-13T00:27:48.248+0000] {logging_mixin.py:190} INFO - [2024-11-13T00:27:48.248+0000] {dag.py:4180} INFO - Setting next_dagrun for example_python_decorator to None, run_after=None
[2024-11-13T00:27:48.270+0000] {processor.py:208} INFO - Processing /home/airflow/.local/lib/python3.12/site-packages/airflow/example_dags/example_python_decorator.py took 0.081 seconds
[2024-11-13T00:28:18.700+0000] {processor.py:186} INFO - Started process (PID=14365) to work on /home/airflow/.local/lib/python3.12/site-packages/airflow/example_dags/example_python_decorator.py
[2024-11-13T00:28:18.701+0000] {processor.py:914} INFO - Processing file /home/airflow/.local/lib/python3.12/site-packages/airflow/example_dags/example_python_decorator.py for tasks to queue
[2024-11-13T00:28:18.702+0000] {logging_mixin.py:190} INFO - [2024-11-13T00:28:18.702+0000] {dagbag.py:588} INFO - Filling up the DagBag from /home/airflow/.local/lib/python3.12/site-packages/airflow/example_dags/example_python_decorator.py
[2024-11-13T00:28:18.715+0000] {processor.py:925} INFO - DAG(s) 'example_python_decorator' retrieved from /home/airflow/.local/lib/python3.12/site-packages/airflow/example_dags/example_python_decorator.py
[2024-11-13T00:28:18.737+0000] {logging_mixin.py:190} INFO - [2024-11-13T00:28:18.736+0000] {dag.py:3239} INFO - Sync 1 DAGs
[2024-11-13T00:28:18.750+0000] {logging_mixin.py:190} INFO - [2024-11-13T00:28:18.750+0000] {dag.py:4180} INFO - Setting next_dagrun for example_python_decorator to None, run_after=None
[2024-11-13T00:28:18.771+0000] {processor.py:208} INFO - Processing /home/airflow/.local/lib/python3.12/site-packages/airflow/example_dags/example_python_decorator.py took 0.078 seconds
[2024-11-13T00:28:48.852+0000] {processor.py:186} INFO - Started process (PID=14429) to work on /home/airflow/.local/lib/python3.12/site-packages/airflow/example_dags/example_python_decorator.py
[2024-11-13T00:28:48.857+0000] {processor.py:914} INFO - Processing file /home/airflow/.local/lib/python3.12/site-packages/airflow/example_dags/example_python_decorator.py for tasks to queue
[2024-11-13T00:28:48.859+0000] {logging_mixin.py:190} INFO - [2024-11-13T00:28:48.859+0000] {dagbag.py:588} INFO - Filling up the DagBag from /home/airflow/.local/lib/python3.12/site-packages/airflow/example_dags/example_python_decorator.py
[2024-11-13T00:28:48.873+0000] {processor.py:925} INFO - DAG(s) 'example_python_decorator' retrieved from /home/airflow/.local/lib/python3.12/site-packages/airflow/example_dags/example_python_decorator.py
[2024-11-13T00:28:48.895+0000] {logging_mixin.py:190} INFO - [2024-11-13T00:28:48.894+0000] {dag.py:3239} INFO - Sync 1 DAGs
[2024-11-13T00:28:48.909+0000] {logging_mixin.py:190} INFO - [2024-11-13T00:28:48.909+0000] {dag.py:4180} INFO - Setting next_dagrun for example_python_decorator to None, run_after=None
[2024-11-13T00:28:48.930+0000] {processor.py:208} INFO - Processing /home/airflow/.local/lib/python3.12/site-packages/airflow/example_dags/example_python_decorator.py took 0.086 seconds
[2024-11-13T00:29:19.072+0000] {processor.py:186} INFO - Started process (PID=14493) to work on /home/airflow/.local/lib/python3.12/site-packages/airflow/example_dags/example_python_decorator.py
[2024-11-13T00:29:19.073+0000] {processor.py:914} INFO - Processing file /home/airflow/.local/lib/python3.12/site-packages/airflow/example_dags/example_python_decorator.py for tasks to queue
[2024-11-13T00:29:19.074+0000] {logging_mixin.py:190} INFO - [2024-11-13T00:29:19.074+0000] {dagbag.py:588} INFO - Filling up the DagBag from /home/airflow/.local/lib/python3.12/site-packages/airflow/example_dags/example_python_decorator.py
[2024-11-13T00:29:19.091+0000] {processor.py:925} INFO - DAG(s) 'example_python_decorator' retrieved from /home/airflow/.local/lib/python3.12/site-packages/airflow/example_dags/example_python_decorator.py
[2024-11-13T00:29:19.113+0000] {logging_mixin.py:190} INFO - [2024-11-13T00:29:19.113+0000] {dag.py:3239} INFO - Sync 1 DAGs
[2024-11-13T00:29:19.128+0000] {logging_mixin.py:190} INFO - [2024-11-13T00:29:19.128+0000] {dag.py:4180} INFO - Setting next_dagrun for example_python_decorator to None, run_after=None
[2024-11-13T00:29:19.153+0000] {processor.py:208} INFO - Processing /home/airflow/.local/lib/python3.12/site-packages/airflow/example_dags/example_python_decorator.py took 0.088 seconds
[2024-11-13T00:29:49.357+0000] {processor.py:186} INFO - Started process (PID=14557) to work on /home/airflow/.local/lib/python3.12/site-packages/airflow/example_dags/example_python_decorator.py
[2024-11-13T00:29:49.358+0000] {processor.py:914} INFO - Processing file /home/airflow/.local/lib/python3.12/site-packages/airflow/example_dags/example_python_decorator.py for tasks to queue
[2024-11-13T00:29:49.359+0000] {logging_mixin.py:190} INFO - [2024-11-13T00:29:49.359+0000] {dagbag.py:588} INFO - Filling up the DagBag from /home/airflow/.local/lib/python3.12/site-packages/airflow/example_dags/example_python_decorator.py
[2024-11-13T00:29:49.375+0000] {processor.py:925} INFO - DAG(s) 'example_python_decorator' retrieved from /home/airflow/.local/lib/python3.12/site-packages/airflow/example_dags/example_python_decorator.py
[2024-11-13T00:29:49.398+0000] {logging_mixin.py:190} INFO - [2024-11-13T00:29:49.398+0000] {dag.py:3239} INFO - Sync 1 DAGs
[2024-11-13T00:29:49.411+0000] {logging_mixin.py:190} INFO - [2024-11-13T00:29:49.411+0000] {dag.py:4180} INFO - Setting next_dagrun for example_python_decorator to None, run_after=None
[2024-11-13T00:29:49.434+0000] {processor.py:208} INFO - Processing /home/airflow/.local/lib/python3.12/site-packages/airflow/example_dags/example_python_decorator.py took 0.086 seconds
[2024-11-13T00:30:19.669+0000] {processor.py:186} INFO - Started process (PID=14621) to work on /home/airflow/.local/lib/python3.12/site-packages/airflow/example_dags/example_python_decorator.py
[2024-11-13T00:30:19.670+0000] {processor.py:914} INFO - Processing file /home/airflow/.local/lib/python3.12/site-packages/airflow/example_dags/example_python_decorator.py for tasks to queue
[2024-11-13T00:30:19.671+0000] {logging_mixin.py:190} INFO - [2024-11-13T00:30:19.671+0000] {dagbag.py:588} INFO - Filling up the DagBag from /home/airflow/.local/lib/python3.12/site-packages/airflow/example_dags/example_python_decorator.py
[2024-11-13T00:30:19.684+0000] {processor.py:925} INFO - DAG(s) 'example_python_decorator' retrieved from /home/airflow/.local/lib/python3.12/site-packages/airflow/example_dags/example_python_decorator.py
[2024-11-13T00:30:19.706+0000] {logging_mixin.py:190} INFO - [2024-11-13T00:30:19.706+0000] {dag.py:3239} INFO - Sync 1 DAGs
[2024-11-13T00:30:19.720+0000] {logging_mixin.py:190} INFO - [2024-11-13T00:30:19.719+0000] {dag.py:4180} INFO - Setting next_dagrun for example_python_decorator to None, run_after=None
[2024-11-13T00:30:19.742+0000] {processor.py:208} INFO - Processing /home/airflow/.local/lib/python3.12/site-packages/airflow/example_dags/example_python_decorator.py took 0.080 seconds
[2024-11-13T00:30:50.115+0000] {processor.py:186} INFO - Started process (PID=14685) to work on /home/airflow/.local/lib/python3.12/site-packages/airflow/example_dags/example_python_decorator.py
[2024-11-13T00:30:50.116+0000] {processor.py:914} INFO - Processing file /home/airflow/.local/lib/python3.12/site-packages/airflow/example_dags/example_python_decorator.py for tasks to queue
[2024-11-13T00:30:50.118+0000] {logging_mixin.py:190} INFO - [2024-11-13T00:30:50.117+0000] {dagbag.py:588} INFO - Filling up the DagBag from /home/airflow/.local/lib/python3.12/site-packages/airflow/example_dags/example_python_decorator.py
[2024-11-13T00:30:50.134+0000] {processor.py:925} INFO - DAG(s) 'example_python_decorator' retrieved from /home/airflow/.local/lib/python3.12/site-packages/airflow/example_dags/example_python_decorator.py
[2024-11-13T00:30:50.159+0000] {logging_mixin.py:190} INFO - [2024-11-13T00:30:50.159+0000] {dag.py:3239} INFO - Sync 1 DAGs
[2024-11-13T00:30:50.174+0000] {logging_mixin.py:190} INFO - [2024-11-13T00:30:50.174+0000] {dag.py:4180} INFO - Setting next_dagrun for example_python_decorator to None, run_after=None
[2024-11-13T00:30:50.197+0000] {processor.py:208} INFO - Processing /home/airflow/.local/lib/python3.12/site-packages/airflow/example_dags/example_python_decorator.py took 0.091 seconds
[2024-11-13T00:31:21.004+0000] {processor.py:186} INFO - Started process (PID=14749) to work on /home/airflow/.local/lib/python3.12/site-packages/airflow/example_dags/example_python_decorator.py
[2024-11-13T00:31:21.004+0000] {processor.py:914} INFO - Processing file /home/airflow/.local/lib/python3.12/site-packages/airflow/example_dags/example_python_decorator.py for tasks to queue
[2024-11-13T00:31:21.006+0000] {logging_mixin.py:190} INFO - [2024-11-13T00:31:21.006+0000] {dagbag.py:588} INFO - Filling up the DagBag from /home/airflow/.local/lib/python3.12/site-packages/airflow/example_dags/example_python_decorator.py
[2024-11-13T00:31:21.020+0000] {processor.py:925} INFO - DAG(s) 'example_python_decorator' retrieved from /home/airflow/.local/lib/python3.12/site-packages/airflow/example_dags/example_python_decorator.py
[2024-11-13T00:31:21.041+0000] {logging_mixin.py:190} INFO - [2024-11-13T00:31:21.041+0000] {dag.py:3239} INFO - Sync 1 DAGs
[2024-11-13T00:31:21.057+0000] {logging_mixin.py:190} INFO - [2024-11-13T00:31:21.056+0000] {dag.py:4180} INFO - Setting next_dagrun for example_python_decorator to None, run_after=None
[2024-11-13T00:31:21.078+0000] {processor.py:208} INFO - Processing /home/airflow/.local/lib/python3.12/site-packages/airflow/example_dags/example_python_decorator.py took 0.082 seconds
