[2024-11-13T00:00:01.669+0000] {processor.py:186} INFO - Started process (PID=10863) to work on /home/airflow/.local/lib/python3.12/site-packages/airflow/example_dags/example_display_name.py
[2024-11-13T00:00:01.672+0000] {processor.py:914} INFO - Processing file /home/airflow/.local/lib/python3.12/site-packages/airflow/example_dags/example_display_name.py for tasks to queue
[2024-11-13T00:00:01.676+0000] {logging_mixin.py:190} INFO - [2024-11-13T00:00:01.675+0000] {dagbag.py:588} INFO - Filling up the DagBag from /home/airflow/.local/lib/python3.12/site-packages/airflow/example_dags/example_display_name.py
[2024-11-13T00:00:01.684+0000] {processor.py:925} INFO - DAG(s) 'example_display_name' retrieved from /home/airflow/.local/lib/python3.12/site-packages/airflow/example_dags/example_display_name.py
[2024-11-13T00:00:01.715+0000] {logging_mixin.py:190} INFO - [2024-11-13T00:00:01.715+0000] {dag.py:3239} INFO - Sync 1 DAGs
[2024-11-13T00:00:01.743+0000] {logging_mixin.py:190} INFO - [2024-11-13T00:00:01.742+0000] {dag.py:4180} INFO - Setting next_dagrun for example_display_name to None, run_after=None
[2024-11-13T00:00:01.781+0000] {processor.py:208} INFO - Processing /home/airflow/.local/lib/python3.12/site-packages/airflow/example_dags/example_display_name.py took 0.119 seconds
[2024-11-13T00:00:32.744+0000] {processor.py:186} INFO - Started process (PID=10928) to work on /home/airflow/.local/lib/python3.12/site-packages/airflow/example_dags/example_display_name.py
[2024-11-13T00:00:32.745+0000] {processor.py:914} INFO - Processing file /home/airflow/.local/lib/python3.12/site-packages/airflow/example_dags/example_display_name.py for tasks to queue
[2024-11-13T00:00:32.748+0000] {logging_mixin.py:190} INFO - [2024-11-13T00:00:32.746+0000] {dagbag.py:588} INFO - Filling up the DagBag from /home/airflow/.local/lib/python3.12/site-packages/airflow/example_dags/example_display_name.py
[2024-11-13T00:00:32.761+0000] {processor.py:925} INFO - DAG(s) 'example_display_name' retrieved from /home/airflow/.local/lib/python3.12/site-packages/airflow/example_dags/example_display_name.py
[2024-11-13T00:00:32.794+0000] {logging_mixin.py:190} INFO - [2024-11-13T00:00:32.793+0000] {dag.py:3239} INFO - Sync 1 DAGs
[2024-11-13T00:00:32.820+0000] {logging_mixin.py:190} INFO - [2024-11-13T00:00:32.820+0000] {dag.py:4180} INFO - Setting next_dagrun for example_display_name to None, run_after=None
[2024-11-13T00:00:32.844+0000] {processor.py:208} INFO - Processing /home/airflow/.local/lib/python3.12/site-packages/airflow/example_dags/example_display_name.py took 0.113 seconds
[2024-11-13T00:01:03.050+0000] {processor.py:186} INFO - Started process (PID=10992) to work on /home/airflow/.local/lib/python3.12/site-packages/airflow/example_dags/example_display_name.py
[2024-11-13T00:01:03.051+0000] {processor.py:914} INFO - Processing file /home/airflow/.local/lib/python3.12/site-packages/airflow/example_dags/example_display_name.py for tasks to queue
[2024-11-13T00:01:03.070+0000] {logging_mixin.py:190} INFO - [2024-11-13T00:01:03.069+0000] {dagbag.py:588} INFO - Filling up the DagBag from /home/airflow/.local/lib/python3.12/site-packages/airflow/example_dags/example_display_name.py
[2024-11-13T00:01:03.091+0000] {processor.py:925} INFO - DAG(s) 'example_display_name' retrieved from /home/airflow/.local/lib/python3.12/site-packages/airflow/example_dags/example_display_name.py
[2024-11-13T00:01:03.138+0000] {logging_mixin.py:190} INFO - [2024-11-13T00:01:03.137+0000] {dag.py:3239} INFO - Sync 1 DAGs
[2024-11-13T00:01:03.174+0000] {logging_mixin.py:190} INFO - [2024-11-13T00:01:03.174+0000] {dag.py:4180} INFO - Setting next_dagrun for example_display_name to None, run_after=None
[2024-11-13T00:01:03.216+0000] {processor.py:208} INFO - Processing /home/airflow/.local/lib/python3.12/site-packages/airflow/example_dags/example_display_name.py took 0.180 seconds
[2024-11-13T00:01:33.606+0000] {processor.py:186} INFO - Started process (PID=11056) to work on /home/airflow/.local/lib/python3.12/site-packages/airflow/example_dags/example_display_name.py
[2024-11-13T00:01:33.606+0000] {processor.py:914} INFO - Processing file /home/airflow/.local/lib/python3.12/site-packages/airflow/example_dags/example_display_name.py for tasks to queue
[2024-11-13T00:01:33.608+0000] {logging_mixin.py:190} INFO - [2024-11-13T00:01:33.608+0000] {dagbag.py:588} INFO - Filling up the DagBag from /home/airflow/.local/lib/python3.12/site-packages/airflow/example_dags/example_display_name.py
[2024-11-13T00:01:33.617+0000] {processor.py:925} INFO - DAG(s) 'example_display_name' retrieved from /home/airflow/.local/lib/python3.12/site-packages/airflow/example_dags/example_display_name.py
[2024-11-13T00:01:33.639+0000] {logging_mixin.py:190} INFO - [2024-11-13T00:01:33.638+0000] {dag.py:3239} INFO - Sync 1 DAGs
[2024-11-13T00:01:33.653+0000] {logging_mixin.py:190} INFO - [2024-11-13T00:01:33.653+0000] {dag.py:4180} INFO - Setting next_dagrun for example_display_name to None, run_after=None
[2024-11-13T00:01:33.688+0000] {processor.py:208} INFO - Processing /home/airflow/.local/lib/python3.12/site-packages/airflow/example_dags/example_display_name.py took 0.092 seconds
[2024-11-13T00:02:04.524+0000] {processor.py:186} INFO - Started process (PID=11126) to work on /home/airflow/.local/lib/python3.12/site-packages/airflow/example_dags/example_display_name.py
[2024-11-13T00:02:04.525+0000] {processor.py:914} INFO - Processing file /home/airflow/.local/lib/python3.12/site-packages/airflow/example_dags/example_display_name.py for tasks to queue
[2024-11-13T00:02:04.527+0000] {logging_mixin.py:190} INFO - [2024-11-13T00:02:04.527+0000] {dagbag.py:588} INFO - Filling up the DagBag from /home/airflow/.local/lib/python3.12/site-packages/airflow/example_dags/example_display_name.py
[2024-11-13T00:02:04.538+0000] {processor.py:925} INFO - DAG(s) 'example_display_name' retrieved from /home/airflow/.local/lib/python3.12/site-packages/airflow/example_dags/example_display_name.py
[2024-11-13T00:02:04.565+0000] {logging_mixin.py:190} INFO - [2024-11-13T00:02:04.564+0000] {dag.py:3239} INFO - Sync 1 DAGs
[2024-11-13T00:02:04.610+0000] {logging_mixin.py:190} INFO - [2024-11-13T00:02:04.609+0000] {dag.py:4180} INFO - Setting next_dagrun for example_display_name to None, run_after=None
[2024-11-13T00:02:04.657+0000] {processor.py:208} INFO - Processing /home/airflow/.local/lib/python3.12/site-packages/airflow/example_dags/example_display_name.py took 0.140 seconds
[2024-11-13T00:02:35.677+0000] {processor.py:186} INFO - Started process (PID=11191) to work on /home/airflow/.local/lib/python3.12/site-packages/airflow/example_dags/example_display_name.py
[2024-11-13T00:02:35.678+0000] {processor.py:914} INFO - Processing file /home/airflow/.local/lib/python3.12/site-packages/airflow/example_dags/example_display_name.py for tasks to queue
[2024-11-13T00:02:35.681+0000] {logging_mixin.py:190} INFO - [2024-11-13T00:02:35.681+0000] {dagbag.py:588} INFO - Filling up the DagBag from /home/airflow/.local/lib/python3.12/site-packages/airflow/example_dags/example_display_name.py
[2024-11-13T00:02:35.699+0000] {processor.py:925} INFO - DAG(s) 'example_display_name' retrieved from /home/airflow/.local/lib/python3.12/site-packages/airflow/example_dags/example_display_name.py
[2024-11-13T00:02:35.738+0000] {logging_mixin.py:190} INFO - [2024-11-13T00:02:35.738+0000] {dag.py:3239} INFO - Sync 1 DAGs
[2024-11-13T00:02:35.761+0000] {logging_mixin.py:190} INFO - [2024-11-13T00:02:35.761+0000] {dag.py:4180} INFO - Setting next_dagrun for example_display_name to None, run_after=None
[2024-11-13T00:02:35.831+0000] {processor.py:208} INFO - Processing /home/airflow/.local/lib/python3.12/site-packages/airflow/example_dags/example_display_name.py took 0.179 seconds
[2024-11-13T00:03:06.354+0000] {processor.py:186} INFO - Started process (PID=11255) to work on /home/airflow/.local/lib/python3.12/site-packages/airflow/example_dags/example_display_name.py
[2024-11-13T00:03:06.356+0000] {processor.py:914} INFO - Processing file /home/airflow/.local/lib/python3.12/site-packages/airflow/example_dags/example_display_name.py for tasks to queue
[2024-11-13T00:03:06.359+0000] {logging_mixin.py:190} INFO - [2024-11-13T00:03:06.358+0000] {dagbag.py:588} INFO - Filling up the DagBag from /home/airflow/.local/lib/python3.12/site-packages/airflow/example_dags/example_display_name.py
[2024-11-13T00:03:06.377+0000] {processor.py:925} INFO - DAG(s) 'example_display_name' retrieved from /home/airflow/.local/lib/python3.12/site-packages/airflow/example_dags/example_display_name.py
[2024-11-13T00:03:06.429+0000] {logging_mixin.py:190} INFO - [2024-11-13T00:03:06.428+0000] {dag.py:3239} INFO - Sync 1 DAGs
[2024-11-13T00:03:06.466+0000] {logging_mixin.py:190} INFO - [2024-11-13T00:03:06.466+0000] {dag.py:4180} INFO - Setting next_dagrun for example_display_name to None, run_after=None
[2024-11-13T00:03:06.537+0000] {processor.py:208} INFO - Processing /home/airflow/.local/lib/python3.12/site-packages/airflow/example_dags/example_display_name.py took 0.194 seconds
[2024-11-13T00:03:36.978+0000] {processor.py:186} INFO - Started process (PID=11319) to work on /home/airflow/.local/lib/python3.12/site-packages/airflow/example_dags/example_display_name.py
[2024-11-13T00:03:36.982+0000] {processor.py:914} INFO - Processing file /home/airflow/.local/lib/python3.12/site-packages/airflow/example_dags/example_display_name.py for tasks to queue
[2024-11-13T00:03:36.985+0000] {logging_mixin.py:190} INFO - [2024-11-13T00:03:36.984+0000] {dagbag.py:588} INFO - Filling up the DagBag from /home/airflow/.local/lib/python3.12/site-packages/airflow/example_dags/example_display_name.py
[2024-11-13T00:03:36.993+0000] {processor.py:925} INFO - DAG(s) 'example_display_name' retrieved from /home/airflow/.local/lib/python3.12/site-packages/airflow/example_dags/example_display_name.py
[2024-11-13T00:03:37.020+0000] {logging_mixin.py:190} INFO - [2024-11-13T00:03:37.020+0000] {dag.py:3239} INFO - Sync 1 DAGs
[2024-11-13T00:03:37.041+0000] {logging_mixin.py:190} INFO - [2024-11-13T00:03:37.041+0000] {dag.py:4180} INFO - Setting next_dagrun for example_display_name to None, run_after=None
[2024-11-13T00:03:37.065+0000] {processor.py:208} INFO - Processing /home/airflow/.local/lib/python3.12/site-packages/airflow/example_dags/example_display_name.py took 0.094 seconds
[2024-11-13T00:04:07.135+0000] {processor.py:186} INFO - Started process (PID=11382) to work on /home/airflow/.local/lib/python3.12/site-packages/airflow/example_dags/example_display_name.py
[2024-11-13T00:04:07.136+0000] {processor.py:914} INFO - Processing file /home/airflow/.local/lib/python3.12/site-packages/airflow/example_dags/example_display_name.py for tasks to queue
[2024-11-13T00:04:07.137+0000] {logging_mixin.py:190} INFO - [2024-11-13T00:04:07.137+0000] {dagbag.py:588} INFO - Filling up the DagBag from /home/airflow/.local/lib/python3.12/site-packages/airflow/example_dags/example_display_name.py
[2024-11-13T00:04:07.145+0000] {processor.py:925} INFO - DAG(s) 'example_display_name' retrieved from /home/airflow/.local/lib/python3.12/site-packages/airflow/example_dags/example_display_name.py
[2024-11-13T00:04:07.164+0000] {logging_mixin.py:190} INFO - [2024-11-13T00:04:07.164+0000] {dag.py:3239} INFO - Sync 1 DAGs
[2024-11-13T00:04:07.177+0000] {logging_mixin.py:190} INFO - [2024-11-13T00:04:07.177+0000] {dag.py:4180} INFO - Setting next_dagrun for example_display_name to None, run_after=None
[2024-11-13T00:04:07.199+0000] {processor.py:208} INFO - Processing /home/airflow/.local/lib/python3.12/site-packages/airflow/example_dags/example_display_name.py took 0.073 seconds
[2024-11-13T00:04:37.860+0000] {processor.py:186} INFO - Started process (PID=11447) to work on /home/airflow/.local/lib/python3.12/site-packages/airflow/example_dags/example_display_name.py
[2024-11-13T00:04:37.861+0000] {processor.py:914} INFO - Processing file /home/airflow/.local/lib/python3.12/site-packages/airflow/example_dags/example_display_name.py for tasks to queue
[2024-11-13T00:04:37.863+0000] {logging_mixin.py:190} INFO - [2024-11-13T00:04:37.862+0000] {dagbag.py:588} INFO - Filling up the DagBag from /home/airflow/.local/lib/python3.12/site-packages/airflow/example_dags/example_display_name.py
[2024-11-13T00:04:37.871+0000] {processor.py:925} INFO - DAG(s) 'example_display_name' retrieved from /home/airflow/.local/lib/python3.12/site-packages/airflow/example_dags/example_display_name.py
[2024-11-13T00:04:37.894+0000] {logging_mixin.py:190} INFO - [2024-11-13T00:04:37.893+0000] {dag.py:3239} INFO - Sync 1 DAGs
[2024-11-13T00:04:37.908+0000] {logging_mixin.py:190} INFO - [2024-11-13T00:04:37.907+0000] {dag.py:4180} INFO - Setting next_dagrun for example_display_name to None, run_after=None
[2024-11-13T00:04:37.935+0000] {processor.py:208} INFO - Processing /home/airflow/.local/lib/python3.12/site-packages/airflow/example_dags/example_display_name.py took 0.082 seconds
[2024-11-13T00:05:08.801+0000] {processor.py:186} INFO - Started process (PID=11511) to work on /home/airflow/.local/lib/python3.12/site-packages/airflow/example_dags/example_display_name.py
[2024-11-13T00:05:08.803+0000] {processor.py:914} INFO - Processing file /home/airflow/.local/lib/python3.12/site-packages/airflow/example_dags/example_display_name.py for tasks to queue
[2024-11-13T00:05:08.805+0000] {logging_mixin.py:190} INFO - [2024-11-13T00:05:08.804+0000] {dagbag.py:588} INFO - Filling up the DagBag from /home/airflow/.local/lib/python3.12/site-packages/airflow/example_dags/example_display_name.py
[2024-11-13T00:05:08.824+0000] {processor.py:925} INFO - DAG(s) 'example_display_name' retrieved from /home/airflow/.local/lib/python3.12/site-packages/airflow/example_dags/example_display_name.py
[2024-11-13T00:05:08.858+0000] {logging_mixin.py:190} INFO - [2024-11-13T00:05:08.857+0000] {dag.py:3239} INFO - Sync 1 DAGs
[2024-11-13T00:05:08.893+0000] {logging_mixin.py:190} INFO - [2024-11-13T00:05:08.893+0000] {dag.py:4180} INFO - Setting next_dagrun for example_display_name to None, run_after=None
[2024-11-13T00:05:08.942+0000] {processor.py:208} INFO - Processing /home/airflow/.local/lib/python3.12/site-packages/airflow/example_dags/example_display_name.py took 0.157 seconds
[2024-11-13T00:05:39.866+0000] {processor.py:186} INFO - Started process (PID=11576) to work on /home/airflow/.local/lib/python3.12/site-packages/airflow/example_dags/example_display_name.py
[2024-11-13T00:05:39.867+0000] {processor.py:914} INFO - Processing file /home/airflow/.local/lib/python3.12/site-packages/airflow/example_dags/example_display_name.py for tasks to queue
[2024-11-13T00:05:39.870+0000] {logging_mixin.py:190} INFO - [2024-11-13T00:05:39.869+0000] {dagbag.py:588} INFO - Filling up the DagBag from /home/airflow/.local/lib/python3.12/site-packages/airflow/example_dags/example_display_name.py
[2024-11-13T00:05:39.885+0000] {processor.py:925} INFO - DAG(s) 'example_display_name' retrieved from /home/airflow/.local/lib/python3.12/site-packages/airflow/example_dags/example_display_name.py
[2024-11-13T00:05:39.917+0000] {logging_mixin.py:190} INFO - [2024-11-13T00:05:39.917+0000] {dag.py:3239} INFO - Sync 1 DAGs
[2024-11-13T00:05:39.945+0000] {logging_mixin.py:190} INFO - [2024-11-13T00:05:39.945+0000] {dag.py:4180} INFO - Setting next_dagrun for example_display_name to None, run_after=None
[2024-11-13T00:05:39.981+0000] {processor.py:208} INFO - Processing /home/airflow/.local/lib/python3.12/site-packages/airflow/example_dags/example_display_name.py took 0.127 seconds
[2024-11-13T00:06:10.198+0000] {processor.py:186} INFO - Started process (PID=11639) to work on /home/airflow/.local/lib/python3.12/site-packages/airflow/example_dags/example_display_name.py
[2024-11-13T00:06:10.199+0000] {processor.py:914} INFO - Processing file /home/airflow/.local/lib/python3.12/site-packages/airflow/example_dags/example_display_name.py for tasks to queue
[2024-11-13T00:06:10.202+0000] {logging_mixin.py:190} INFO - [2024-11-13T00:06:10.201+0000] {dagbag.py:588} INFO - Filling up the DagBag from /home/airflow/.local/lib/python3.12/site-packages/airflow/example_dags/example_display_name.py
[2024-11-13T00:06:10.216+0000] {processor.py:925} INFO - DAG(s) 'example_display_name' retrieved from /home/airflow/.local/lib/python3.12/site-packages/airflow/example_dags/example_display_name.py
[2024-11-13T00:06:10.251+0000] {logging_mixin.py:190} INFO - [2024-11-13T00:06:10.250+0000] {dag.py:3239} INFO - Sync 1 DAGs
[2024-11-13T00:06:10.275+0000] {logging_mixin.py:190} INFO - [2024-11-13T00:06:10.274+0000] {dag.py:4180} INFO - Setting next_dagrun for example_display_name to None, run_after=None
[2024-11-13T00:06:10.299+0000] {processor.py:208} INFO - Processing /home/airflow/.local/lib/python3.12/site-packages/airflow/example_dags/example_display_name.py took 0.112 seconds
[2024-11-13T00:06:40.522+0000] {processor.py:186} INFO - Started process (PID=11703) to work on /home/airflow/.local/lib/python3.12/site-packages/airflow/example_dags/example_display_name.py
[2024-11-13T00:06:40.523+0000] {processor.py:914} INFO - Processing file /home/airflow/.local/lib/python3.12/site-packages/airflow/example_dags/example_display_name.py for tasks to queue
[2024-11-13T00:06:40.524+0000] {logging_mixin.py:190} INFO - [2024-11-13T00:06:40.524+0000] {dagbag.py:588} INFO - Filling up the DagBag from /home/airflow/.local/lib/python3.12/site-packages/airflow/example_dags/example_display_name.py
[2024-11-13T00:06:40.532+0000] {processor.py:925} INFO - DAG(s) 'example_display_name' retrieved from /home/airflow/.local/lib/python3.12/site-packages/airflow/example_dags/example_display_name.py
[2024-11-13T00:06:40.553+0000] {logging_mixin.py:190} INFO - [2024-11-13T00:06:40.553+0000] {dag.py:3239} INFO - Sync 1 DAGs
[2024-11-13T00:06:40.567+0000] {logging_mixin.py:190} INFO - [2024-11-13T00:06:40.567+0000] {dag.py:4180} INFO - Setting next_dagrun for example_display_name to None, run_after=None
[2024-11-13T00:06:40.595+0000] {processor.py:208} INFO - Processing /home/airflow/.local/lib/python3.12/site-packages/airflow/example_dags/example_display_name.py took 0.080 seconds
[2024-11-13T00:07:10.872+0000] {processor.py:186} INFO - Started process (PID=11767) to work on /home/airflow/.local/lib/python3.12/site-packages/airflow/example_dags/example_display_name.py
[2024-11-13T00:07:10.874+0000] {processor.py:914} INFO - Processing file /home/airflow/.local/lib/python3.12/site-packages/airflow/example_dags/example_display_name.py for tasks to queue
[2024-11-13T00:07:10.875+0000] {logging_mixin.py:190} INFO - [2024-11-13T00:07:10.875+0000] {dagbag.py:588} INFO - Filling up the DagBag from /home/airflow/.local/lib/python3.12/site-packages/airflow/example_dags/example_display_name.py
[2024-11-13T00:07:10.883+0000] {processor.py:925} INFO - DAG(s) 'example_display_name' retrieved from /home/airflow/.local/lib/python3.12/site-packages/airflow/example_dags/example_display_name.py
[2024-11-13T00:07:10.908+0000] {logging_mixin.py:190} INFO - [2024-11-13T00:07:10.908+0000] {dag.py:3239} INFO - Sync 1 DAGs
[2024-11-13T00:07:10.923+0000] {logging_mixin.py:190} INFO - [2024-11-13T00:07:10.922+0000] {dag.py:4180} INFO - Setting next_dagrun for example_display_name to None, run_after=None
[2024-11-13T00:07:10.950+0000] {processor.py:208} INFO - Processing /home/airflow/.local/lib/python3.12/site-packages/airflow/example_dags/example_display_name.py took 0.085 seconds
[2024-11-13T00:07:41.501+0000] {processor.py:186} INFO - Started process (PID=11831) to work on /home/airflow/.local/lib/python3.12/site-packages/airflow/example_dags/example_display_name.py
[2024-11-13T00:07:41.502+0000] {processor.py:914} INFO - Processing file /home/airflow/.local/lib/python3.12/site-packages/airflow/example_dags/example_display_name.py for tasks to queue
[2024-11-13T00:07:41.503+0000] {logging_mixin.py:190} INFO - [2024-11-13T00:07:41.503+0000] {dagbag.py:588} INFO - Filling up the DagBag from /home/airflow/.local/lib/python3.12/site-packages/airflow/example_dags/example_display_name.py
[2024-11-13T00:07:41.512+0000] {processor.py:925} INFO - DAG(s) 'example_display_name' retrieved from /home/airflow/.local/lib/python3.12/site-packages/airflow/example_dags/example_display_name.py
[2024-11-13T00:07:41.534+0000] {logging_mixin.py:190} INFO - [2024-11-13T00:07:41.534+0000] {dag.py:3239} INFO - Sync 1 DAGs
[2024-11-13T00:07:41.553+0000] {logging_mixin.py:190} INFO - [2024-11-13T00:07:41.553+0000] {dag.py:4180} INFO - Setting next_dagrun for example_display_name to None, run_after=None
[2024-11-13T00:07:41.580+0000] {processor.py:208} INFO - Processing /home/airflow/.local/lib/python3.12/site-packages/airflow/example_dags/example_display_name.py took 0.088 seconds
[2024-11-13T00:08:12.033+0000] {processor.py:186} INFO - Started process (PID=11894) to work on /home/airflow/.local/lib/python3.12/site-packages/airflow/example_dags/example_display_name.py
[2024-11-13T00:08:12.034+0000] {processor.py:914} INFO - Processing file /home/airflow/.local/lib/python3.12/site-packages/airflow/example_dags/example_display_name.py for tasks to queue
[2024-11-13T00:08:12.035+0000] {logging_mixin.py:190} INFO - [2024-11-13T00:08:12.035+0000] {dagbag.py:588} INFO - Filling up the DagBag from /home/airflow/.local/lib/python3.12/site-packages/airflow/example_dags/example_display_name.py
[2024-11-13T00:08:12.045+0000] {processor.py:925} INFO - DAG(s) 'example_display_name' retrieved from /home/airflow/.local/lib/python3.12/site-packages/airflow/example_dags/example_display_name.py
[2024-11-13T00:08:12.066+0000] {logging_mixin.py:190} INFO - [2024-11-13T00:08:12.065+0000] {dag.py:3239} INFO - Sync 1 DAGs
[2024-11-13T00:08:12.082+0000] {logging_mixin.py:190} INFO - [2024-11-13T00:08:12.081+0000] {dag.py:4180} INFO - Setting next_dagrun for example_display_name to None, run_after=None
[2024-11-13T00:08:12.106+0000] {processor.py:208} INFO - Processing /home/airflow/.local/lib/python3.12/site-packages/airflow/example_dags/example_display_name.py took 0.081 seconds
[2024-11-13T00:08:42.685+0000] {processor.py:186} INFO - Started process (PID=11958) to work on /home/airflow/.local/lib/python3.12/site-packages/airflow/example_dags/example_display_name.py
[2024-11-13T00:08:42.686+0000] {processor.py:914} INFO - Processing file /home/airflow/.local/lib/python3.12/site-packages/airflow/example_dags/example_display_name.py for tasks to queue
[2024-11-13T00:08:42.691+0000] {logging_mixin.py:190} INFO - [2024-11-13T00:08:42.688+0000] {dagbag.py:588} INFO - Filling up the DagBag from /home/airflow/.local/lib/python3.12/site-packages/airflow/example_dags/example_display_name.py
[2024-11-13T00:08:42.702+0000] {processor.py:925} INFO - DAG(s) 'example_display_name' retrieved from /home/airflow/.local/lib/python3.12/site-packages/airflow/example_dags/example_display_name.py
[2024-11-13T00:08:42.757+0000] {logging_mixin.py:190} INFO - [2024-11-13T00:08:42.754+0000] {dag.py:3239} INFO - Sync 1 DAGs
[2024-11-13T00:08:42.797+0000] {logging_mixin.py:190} INFO - [2024-11-13T00:08:42.796+0000] {dag.py:4180} INFO - Setting next_dagrun for example_display_name to None, run_after=None
[2024-11-13T00:08:42.835+0000] {processor.py:208} INFO - Processing /home/airflow/.local/lib/python3.12/site-packages/airflow/example_dags/example_display_name.py took 0.160 seconds
[2024-11-13T00:09:13.072+0000] {processor.py:186} INFO - Started process (PID=12022) to work on /home/airflow/.local/lib/python3.12/site-packages/airflow/example_dags/example_display_name.py
[2024-11-13T00:09:13.073+0000] {processor.py:914} INFO - Processing file /home/airflow/.local/lib/python3.12/site-packages/airflow/example_dags/example_display_name.py for tasks to queue
[2024-11-13T00:09:13.075+0000] {logging_mixin.py:190} INFO - [2024-11-13T00:09:13.074+0000] {dagbag.py:588} INFO - Filling up the DagBag from /home/airflow/.local/lib/python3.12/site-packages/airflow/example_dags/example_display_name.py
[2024-11-13T00:09:13.088+0000] {processor.py:925} INFO - DAG(s) 'example_display_name' retrieved from /home/airflow/.local/lib/python3.12/site-packages/airflow/example_dags/example_display_name.py
[2024-11-13T00:09:13.119+0000] {logging_mixin.py:190} INFO - [2024-11-13T00:09:13.118+0000] {dag.py:3239} INFO - Sync 1 DAGs
[2024-11-13T00:09:13.142+0000] {logging_mixin.py:190} INFO - [2024-11-13T00:09:13.141+0000] {dag.py:4180} INFO - Setting next_dagrun for example_display_name to None, run_after=None
[2024-11-13T00:09:13.180+0000] {processor.py:208} INFO - Processing /home/airflow/.local/lib/python3.12/site-packages/airflow/example_dags/example_display_name.py took 0.119 seconds
[2024-11-13T00:09:43.280+0000] {processor.py:186} INFO - Started process (PID=12086) to work on /home/airflow/.local/lib/python3.12/site-packages/airflow/example_dags/example_display_name.py
[2024-11-13T00:09:43.281+0000] {processor.py:914} INFO - Processing file /home/airflow/.local/lib/python3.12/site-packages/airflow/example_dags/example_display_name.py for tasks to queue
[2024-11-13T00:09:43.282+0000] {logging_mixin.py:190} INFO - [2024-11-13T00:09:43.282+0000] {dagbag.py:588} INFO - Filling up the DagBag from /home/airflow/.local/lib/python3.12/site-packages/airflow/example_dags/example_display_name.py
[2024-11-13T00:09:43.292+0000] {processor.py:925} INFO - DAG(s) 'example_display_name' retrieved from /home/airflow/.local/lib/python3.12/site-packages/airflow/example_dags/example_display_name.py
[2024-11-13T00:09:43.317+0000] {logging_mixin.py:190} INFO - [2024-11-13T00:09:43.317+0000] {dag.py:3239} INFO - Sync 1 DAGs
[2024-11-13T00:09:43.333+0000] {logging_mixin.py:190} INFO - [2024-11-13T00:09:43.333+0000] {dag.py:4180} INFO - Setting next_dagrun for example_display_name to None, run_after=None
[2024-11-13T00:09:43.358+0000] {processor.py:208} INFO - Processing /home/airflow/.local/lib/python3.12/site-packages/airflow/example_dags/example_display_name.py took 0.087 seconds
[2024-11-13T00:10:13.647+0000] {processor.py:186} INFO - Started process (PID=12150) to work on /home/airflow/.local/lib/python3.12/site-packages/airflow/example_dags/example_display_name.py
[2024-11-13T00:10:13.648+0000] {processor.py:914} INFO - Processing file /home/airflow/.local/lib/python3.12/site-packages/airflow/example_dags/example_display_name.py for tasks to queue
[2024-11-13T00:10:13.650+0000] {logging_mixin.py:190} INFO - [2024-11-13T00:10:13.649+0000] {dagbag.py:588} INFO - Filling up the DagBag from /home/airflow/.local/lib/python3.12/site-packages/airflow/example_dags/example_display_name.py
[2024-11-13T00:10:13.660+0000] {processor.py:925} INFO - DAG(s) 'example_display_name' retrieved from /home/airflow/.local/lib/python3.12/site-packages/airflow/example_dags/example_display_name.py
[2024-11-13T00:10:13.683+0000] {logging_mixin.py:190} INFO - [2024-11-13T00:10:13.683+0000] {dag.py:3239} INFO - Sync 1 DAGs
[2024-11-13T00:10:13.700+0000] {logging_mixin.py:190} INFO - [2024-11-13T00:10:13.699+0000] {dag.py:4180} INFO - Setting next_dagrun for example_display_name to None, run_after=None
[2024-11-13T00:10:13.728+0000] {processor.py:208} INFO - Processing /home/airflow/.local/lib/python3.12/site-packages/airflow/example_dags/example_display_name.py took 0.088 seconds
[2024-11-13T00:10:44.457+0000] {processor.py:186} INFO - Started process (PID=12213) to work on /home/airflow/.local/lib/python3.12/site-packages/airflow/example_dags/example_display_name.py
[2024-11-13T00:10:44.458+0000] {processor.py:914} INFO - Processing file /home/airflow/.local/lib/python3.12/site-packages/airflow/example_dags/example_display_name.py for tasks to queue
[2024-11-13T00:10:44.460+0000] {logging_mixin.py:190} INFO - [2024-11-13T00:10:44.460+0000] {dagbag.py:588} INFO - Filling up the DagBag from /home/airflow/.local/lib/python3.12/site-packages/airflow/example_dags/example_display_name.py
[2024-11-13T00:10:44.474+0000] {processor.py:925} INFO - DAG(s) 'example_display_name' retrieved from /home/airflow/.local/lib/python3.12/site-packages/airflow/example_dags/example_display_name.py
[2024-11-13T00:10:44.509+0000] {logging_mixin.py:190} INFO - [2024-11-13T00:10:44.508+0000] {dag.py:3239} INFO - Sync 1 DAGs
[2024-11-13T00:10:44.533+0000] {logging_mixin.py:190} INFO - [2024-11-13T00:10:44.532+0000] {dag.py:4180} INFO - Setting next_dagrun for example_display_name to None, run_after=None
[2024-11-13T00:10:44.560+0000] {processor.py:208} INFO - Processing /home/airflow/.local/lib/python3.12/site-packages/airflow/example_dags/example_display_name.py took 0.115 seconds
[2024-11-13T00:11:14.921+0000] {processor.py:186} INFO - Started process (PID=12277) to work on /home/airflow/.local/lib/python3.12/site-packages/airflow/example_dags/example_display_name.py
[2024-11-13T00:11:14.922+0000] {processor.py:914} INFO - Processing file /home/airflow/.local/lib/python3.12/site-packages/airflow/example_dags/example_display_name.py for tasks to queue
[2024-11-13T00:11:14.925+0000] {logging_mixin.py:190} INFO - [2024-11-13T00:11:14.924+0000] {dagbag.py:588} INFO - Filling up the DagBag from /home/airflow/.local/lib/python3.12/site-packages/airflow/example_dags/example_display_name.py
[2024-11-13T00:11:14.941+0000] {processor.py:925} INFO - DAG(s) 'example_display_name' retrieved from /home/airflow/.local/lib/python3.12/site-packages/airflow/example_dags/example_display_name.py
[2024-11-13T00:11:14.966+0000] {logging_mixin.py:190} INFO - [2024-11-13T00:11:14.965+0000] {dag.py:3239} INFO - Sync 1 DAGs
[2024-11-13T00:11:14.986+0000] {logging_mixin.py:190} INFO - [2024-11-13T00:11:14.985+0000] {dag.py:4180} INFO - Setting next_dagrun for example_display_name to None, run_after=None
[2024-11-13T00:11:15.019+0000] {processor.py:208} INFO - Processing /home/airflow/.local/lib/python3.12/site-packages/airflow/example_dags/example_display_name.py took 0.108 seconds
[2024-11-13T00:11:45.096+0000] {processor.py:186} INFO - Started process (PID=12341) to work on /home/airflow/.local/lib/python3.12/site-packages/airflow/example_dags/example_display_name.py
[2024-11-13T00:11:45.098+0000] {processor.py:914} INFO - Processing file /home/airflow/.local/lib/python3.12/site-packages/airflow/example_dags/example_display_name.py for tasks to queue
[2024-11-13T00:11:45.100+0000] {logging_mixin.py:190} INFO - [2024-11-13T00:11:45.099+0000] {dagbag.py:588} INFO - Filling up the DagBag from /home/airflow/.local/lib/python3.12/site-packages/airflow/example_dags/example_display_name.py
[2024-11-13T00:11:45.113+0000] {processor.py:925} INFO - DAG(s) 'example_display_name' retrieved from /home/airflow/.local/lib/python3.12/site-packages/airflow/example_dags/example_display_name.py
[2024-11-13T00:11:45.139+0000] {logging_mixin.py:190} INFO - [2024-11-13T00:11:45.139+0000] {dag.py:3239} INFO - Sync 1 DAGs
[2024-11-13T00:11:45.159+0000] {logging_mixin.py:190} INFO - [2024-11-13T00:11:45.159+0000] {dag.py:4180} INFO - Setting next_dagrun for example_display_name to None, run_after=None
[2024-11-13T00:11:45.187+0000] {processor.py:208} INFO - Processing /home/airflow/.local/lib/python3.12/site-packages/airflow/example_dags/example_display_name.py took 0.101 seconds
[2024-11-13T00:12:15.647+0000] {processor.py:186} INFO - Started process (PID=12405) to work on /home/airflow/.local/lib/python3.12/site-packages/airflow/example_dags/example_display_name.py
[2024-11-13T00:12:15.648+0000] {processor.py:914} INFO - Processing file /home/airflow/.local/lib/python3.12/site-packages/airflow/example_dags/example_display_name.py for tasks to queue
[2024-11-13T00:12:15.650+0000] {logging_mixin.py:190} INFO - [2024-11-13T00:12:15.649+0000] {dagbag.py:588} INFO - Filling up the DagBag from /home/airflow/.local/lib/python3.12/site-packages/airflow/example_dags/example_display_name.py
[2024-11-13T00:12:15.657+0000] {processor.py:925} INFO - DAG(s) 'example_display_name' retrieved from /home/airflow/.local/lib/python3.12/site-packages/airflow/example_dags/example_display_name.py
[2024-11-13T00:12:15.679+0000] {logging_mixin.py:190} INFO - [2024-11-13T00:12:15.678+0000] {dag.py:3239} INFO - Sync 1 DAGs
[2024-11-13T00:12:15.693+0000] {logging_mixin.py:190} INFO - [2024-11-13T00:12:15.693+0000] {dag.py:4180} INFO - Setting next_dagrun for example_display_name to None, run_after=None
[2024-11-13T00:12:15.727+0000] {processor.py:208} INFO - Processing /home/airflow/.local/lib/python3.12/site-packages/airflow/example_dags/example_display_name.py took 0.087 seconds
[2024-11-13T00:12:46.019+0000] {processor.py:186} INFO - Started process (PID=12469) to work on /home/airflow/.local/lib/python3.12/site-packages/airflow/example_dags/example_display_name.py
[2024-11-13T00:12:46.020+0000] {processor.py:914} INFO - Processing file /home/airflow/.local/lib/python3.12/site-packages/airflow/example_dags/example_display_name.py for tasks to queue
[2024-11-13T00:12:46.022+0000] {logging_mixin.py:190} INFO - [2024-11-13T00:12:46.021+0000] {dagbag.py:588} INFO - Filling up the DagBag from /home/airflow/.local/lib/python3.12/site-packages/airflow/example_dags/example_display_name.py
[2024-11-13T00:12:46.037+0000] {processor.py:925} INFO - DAG(s) 'example_display_name' retrieved from /home/airflow/.local/lib/python3.12/site-packages/airflow/example_dags/example_display_name.py
[2024-11-13T00:12:46.063+0000] {logging_mixin.py:190} INFO - [2024-11-13T00:12:46.063+0000] {dag.py:3239} INFO - Sync 1 DAGs
[2024-11-13T00:12:46.080+0000] {logging_mixin.py:190} INFO - [2024-11-13T00:12:46.080+0000] {dag.py:4180} INFO - Setting next_dagrun for example_display_name to None, run_after=None
[2024-11-13T00:12:46.113+0000] {processor.py:208} INFO - Processing /home/airflow/.local/lib/python3.12/site-packages/airflow/example_dags/example_display_name.py took 0.102 seconds
[2024-11-13T00:13:16.810+0000] {processor.py:186} INFO - Started process (PID=12534) to work on /home/airflow/.local/lib/python3.12/site-packages/airflow/example_dags/example_display_name.py
[2024-11-13T00:13:16.812+0000] {processor.py:914} INFO - Processing file /home/airflow/.local/lib/python3.12/site-packages/airflow/example_dags/example_display_name.py for tasks to queue
[2024-11-13T00:13:16.814+0000] {logging_mixin.py:190} INFO - [2024-11-13T00:13:16.813+0000] {dagbag.py:588} INFO - Filling up the DagBag from /home/airflow/.local/lib/python3.12/site-packages/airflow/example_dags/example_display_name.py
[2024-11-13T00:13:16.827+0000] {processor.py:925} INFO - DAG(s) 'example_display_name' retrieved from /home/airflow/.local/lib/python3.12/site-packages/airflow/example_dags/example_display_name.py
[2024-11-13T00:13:16.857+0000] {logging_mixin.py:190} INFO - [2024-11-13T00:13:16.857+0000] {dag.py:3239} INFO - Sync 1 DAGs
[2024-11-13T00:13:16.880+0000] {logging_mixin.py:190} INFO - [2024-11-13T00:13:16.880+0000] {dag.py:4180} INFO - Setting next_dagrun for example_display_name to None, run_after=None
[2024-11-13T00:13:16.921+0000] {processor.py:208} INFO - Processing /home/airflow/.local/lib/python3.12/site-packages/airflow/example_dags/example_display_name.py took 0.123 seconds
[2024-11-13T00:13:47.015+0000] {processor.py:186} INFO - Started process (PID=12598) to work on /home/airflow/.local/lib/python3.12/site-packages/airflow/example_dags/example_display_name.py
[2024-11-13T00:13:47.016+0000] {processor.py:914} INFO - Processing file /home/airflow/.local/lib/python3.12/site-packages/airflow/example_dags/example_display_name.py for tasks to queue
[2024-11-13T00:13:47.017+0000] {logging_mixin.py:190} INFO - [2024-11-13T00:13:47.017+0000] {dagbag.py:588} INFO - Filling up the DagBag from /home/airflow/.local/lib/python3.12/site-packages/airflow/example_dags/example_display_name.py
[2024-11-13T00:13:47.025+0000] {processor.py:925} INFO - DAG(s) 'example_display_name' retrieved from /home/airflow/.local/lib/python3.12/site-packages/airflow/example_dags/example_display_name.py
[2024-11-13T00:13:47.045+0000] {logging_mixin.py:190} INFO - [2024-11-13T00:13:47.045+0000] {dag.py:3239} INFO - Sync 1 DAGs
[2024-11-13T00:13:47.060+0000] {logging_mixin.py:190} INFO - [2024-11-13T00:13:47.060+0000] {dag.py:4180} INFO - Setting next_dagrun for example_display_name to None, run_after=None
[2024-11-13T00:13:47.084+0000] {processor.py:208} INFO - Processing /home/airflow/.local/lib/python3.12/site-packages/airflow/example_dags/example_display_name.py took 0.078 seconds
[2024-11-13T00:14:17.230+0000] {processor.py:186} INFO - Started process (PID=12662) to work on /home/airflow/.local/lib/python3.12/site-packages/airflow/example_dags/example_display_name.py
[2024-11-13T00:14:17.231+0000] {processor.py:914} INFO - Processing file /home/airflow/.local/lib/python3.12/site-packages/airflow/example_dags/example_display_name.py for tasks to queue
[2024-11-13T00:14:17.233+0000] {logging_mixin.py:190} INFO - [2024-11-13T00:14:17.232+0000] {dagbag.py:588} INFO - Filling up the DagBag from /home/airflow/.local/lib/python3.12/site-packages/airflow/example_dags/example_display_name.py
[2024-11-13T00:14:17.254+0000] {processor.py:925} INFO - DAG(s) 'example_display_name' retrieved from /home/airflow/.local/lib/python3.12/site-packages/airflow/example_dags/example_display_name.py
[2024-11-13T00:14:17.299+0000] {logging_mixin.py:190} INFO - [2024-11-13T00:14:17.299+0000] {dag.py:3239} INFO - Sync 1 DAGs
[2024-11-13T00:14:17.323+0000] {logging_mixin.py:190} INFO - [2024-11-13T00:14:17.323+0000] {dag.py:4180} INFO - Setting next_dagrun for example_display_name to None, run_after=None
[2024-11-13T00:14:17.351+0000] {processor.py:208} INFO - Processing /home/airflow/.local/lib/python3.12/site-packages/airflow/example_dags/example_display_name.py took 0.138 seconds
[2024-11-13T00:14:47.967+0000] {processor.py:186} INFO - Started process (PID=12725) to work on /home/airflow/.local/lib/python3.12/site-packages/airflow/example_dags/example_display_name.py
[2024-11-13T00:14:47.968+0000] {processor.py:914} INFO - Processing file /home/airflow/.local/lib/python3.12/site-packages/airflow/example_dags/example_display_name.py for tasks to queue
[2024-11-13T00:14:47.970+0000] {logging_mixin.py:190} INFO - [2024-11-13T00:14:47.970+0000] {dagbag.py:588} INFO - Filling up the DagBag from /home/airflow/.local/lib/python3.12/site-packages/airflow/example_dags/example_display_name.py
[2024-11-13T00:14:47.978+0000] {processor.py:925} INFO - DAG(s) 'example_display_name' retrieved from /home/airflow/.local/lib/python3.12/site-packages/airflow/example_dags/example_display_name.py
[2024-11-13T00:14:47.999+0000] {logging_mixin.py:190} INFO - [2024-11-13T00:14:47.999+0000] {dag.py:3239} INFO - Sync 1 DAGs
[2024-11-13T00:14:48.015+0000] {logging_mixin.py:190} INFO - [2024-11-13T00:14:48.015+0000] {dag.py:4180} INFO - Setting next_dagrun for example_display_name to None, run_after=None
[2024-11-13T00:14:48.038+0000] {processor.py:208} INFO - Processing /home/airflow/.local/lib/python3.12/site-packages/airflow/example_dags/example_display_name.py took 0.078 seconds
[2024-11-13T00:15:18.416+0000] {processor.py:186} INFO - Started process (PID=12789) to work on /home/airflow/.local/lib/python3.12/site-packages/airflow/example_dags/example_display_name.py
[2024-11-13T00:15:18.417+0000] {processor.py:914} INFO - Processing file /home/airflow/.local/lib/python3.12/site-packages/airflow/example_dags/example_display_name.py for tasks to queue
[2024-11-13T00:15:18.419+0000] {logging_mixin.py:190} INFO - [2024-11-13T00:15:18.419+0000] {dagbag.py:588} INFO - Filling up the DagBag from /home/airflow/.local/lib/python3.12/site-packages/airflow/example_dags/example_display_name.py
[2024-11-13T00:15:18.433+0000] {processor.py:925} INFO - DAG(s) 'example_display_name' retrieved from /home/airflow/.local/lib/python3.12/site-packages/airflow/example_dags/example_display_name.py
[2024-11-13T00:15:18.464+0000] {logging_mixin.py:190} INFO - [2024-11-13T00:15:18.463+0000] {dag.py:3239} INFO - Sync 1 DAGs
[2024-11-13T00:15:18.489+0000] {logging_mixin.py:190} INFO - [2024-11-13T00:15:18.489+0000] {dag.py:4180} INFO - Setting next_dagrun for example_display_name to None, run_after=None
[2024-11-13T00:15:18.527+0000] {processor.py:208} INFO - Processing /home/airflow/.local/lib/python3.12/site-packages/airflow/example_dags/example_display_name.py took 0.121 seconds
[2024-11-13T00:15:49.108+0000] {processor.py:186} INFO - Started process (PID=12852) to work on /home/airflow/.local/lib/python3.12/site-packages/airflow/example_dags/example_display_name.py
[2024-11-13T00:15:49.109+0000] {processor.py:914} INFO - Processing file /home/airflow/.local/lib/python3.12/site-packages/airflow/example_dags/example_display_name.py for tasks to queue
[2024-11-13T00:15:49.111+0000] {logging_mixin.py:190} INFO - [2024-11-13T00:15:49.110+0000] {dagbag.py:588} INFO - Filling up the DagBag from /home/airflow/.local/lib/python3.12/site-packages/airflow/example_dags/example_display_name.py
[2024-11-13T00:15:49.119+0000] {processor.py:925} INFO - DAG(s) 'example_display_name' retrieved from /home/airflow/.local/lib/python3.12/site-packages/airflow/example_dags/example_display_name.py
[2024-11-13T00:15:49.140+0000] {logging_mixin.py:190} INFO - [2024-11-13T00:15:49.140+0000] {dag.py:3239} INFO - Sync 1 DAGs
[2024-11-13T00:15:49.155+0000] {logging_mixin.py:190} INFO - [2024-11-13T00:15:49.154+0000] {dag.py:4180} INFO - Setting next_dagrun for example_display_name to None, run_after=None
[2024-11-13T00:15:49.180+0000] {processor.py:208} INFO - Processing /home/airflow/.local/lib/python3.12/site-packages/airflow/example_dags/example_display_name.py took 0.079 seconds
[2024-11-13T00:16:19.555+0000] {processor.py:186} INFO - Started process (PID=12917) to work on /home/airflow/.local/lib/python3.12/site-packages/airflow/example_dags/example_display_name.py
[2024-11-13T00:16:19.556+0000] {processor.py:914} INFO - Processing file /home/airflow/.local/lib/python3.12/site-packages/airflow/example_dags/example_display_name.py for tasks to queue
[2024-11-13T00:16:19.557+0000] {logging_mixin.py:190} INFO - [2024-11-13T00:16:19.557+0000] {dagbag.py:588} INFO - Filling up the DagBag from /home/airflow/.local/lib/python3.12/site-packages/airflow/example_dags/example_display_name.py
[2024-11-13T00:16:19.566+0000] {processor.py:925} INFO - DAG(s) 'example_display_name' retrieved from /home/airflow/.local/lib/python3.12/site-packages/airflow/example_dags/example_display_name.py
[2024-11-13T00:16:19.606+0000] {logging_mixin.py:190} INFO - [2024-11-13T00:16:19.606+0000] {dag.py:3239} INFO - Sync 1 DAGs
[2024-11-13T00:16:19.628+0000] {logging_mixin.py:190} INFO - [2024-11-13T00:16:19.628+0000] {dag.py:4180} INFO - Setting next_dagrun for example_display_name to None, run_after=None
[2024-11-13T00:16:19.657+0000] {processor.py:208} INFO - Processing /home/airflow/.local/lib/python3.12/site-packages/airflow/example_dags/example_display_name.py took 0.110 seconds
[2024-11-13T00:16:49.859+0000] {processor.py:186} INFO - Started process (PID=12981) to work on /home/airflow/.local/lib/python3.12/site-packages/airflow/example_dags/example_display_name.py
[2024-11-13T00:16:49.859+0000] {processor.py:914} INFO - Processing file /home/airflow/.local/lib/python3.12/site-packages/airflow/example_dags/example_display_name.py for tasks to queue
[2024-11-13T00:16:49.862+0000] {logging_mixin.py:190} INFO - [2024-11-13T00:16:49.861+0000] {dagbag.py:588} INFO - Filling up the DagBag from /home/airflow/.local/lib/python3.12/site-packages/airflow/example_dags/example_display_name.py
[2024-11-13T00:16:49.874+0000] {processor.py:925} INFO - DAG(s) 'example_display_name' retrieved from /home/airflow/.local/lib/python3.12/site-packages/airflow/example_dags/example_display_name.py
[2024-11-13T00:16:49.897+0000] {logging_mixin.py:190} INFO - [2024-11-13T00:16:49.897+0000] {dag.py:3239} INFO - Sync 1 DAGs
[2024-11-13T00:16:49.917+0000] {logging_mixin.py:190} INFO - [2024-11-13T00:16:49.917+0000] {dag.py:4180} INFO - Setting next_dagrun for example_display_name to None, run_after=None
[2024-11-13T00:16:49.942+0000] {processor.py:208} INFO - Processing /home/airflow/.local/lib/python3.12/site-packages/airflow/example_dags/example_display_name.py took 0.093 seconds
[2024-11-13T00:17:20.209+0000] {processor.py:186} INFO - Started process (PID=13045) to work on /home/airflow/.local/lib/python3.12/site-packages/airflow/example_dags/example_display_name.py
[2024-11-13T00:17:20.210+0000] {processor.py:914} INFO - Processing file /home/airflow/.local/lib/python3.12/site-packages/airflow/example_dags/example_display_name.py for tasks to queue
[2024-11-13T00:17:20.212+0000] {logging_mixin.py:190} INFO - [2024-11-13T00:17:20.211+0000] {dagbag.py:588} INFO - Filling up the DagBag from /home/airflow/.local/lib/python3.12/site-packages/airflow/example_dags/example_display_name.py
[2024-11-13T00:17:20.222+0000] {processor.py:925} INFO - DAG(s) 'example_display_name' retrieved from /home/airflow/.local/lib/python3.12/site-packages/airflow/example_dags/example_display_name.py
[2024-11-13T00:17:20.244+0000] {logging_mixin.py:190} INFO - [2024-11-13T00:17:20.244+0000] {dag.py:3239} INFO - Sync 1 DAGs
[2024-11-13T00:17:20.259+0000] {logging_mixin.py:190} INFO - [2024-11-13T00:17:20.259+0000] {dag.py:4180} INFO - Setting next_dagrun for example_display_name to None, run_after=None
[2024-11-13T00:17:20.283+0000] {processor.py:208} INFO - Processing /home/airflow/.local/lib/python3.12/site-packages/airflow/example_dags/example_display_name.py took 0.083 seconds
[2024-11-13T00:17:50.597+0000] {processor.py:186} INFO - Started process (PID=13109) to work on /home/airflow/.local/lib/python3.12/site-packages/airflow/example_dags/example_display_name.py
[2024-11-13T00:17:50.598+0000] {processor.py:914} INFO - Processing file /home/airflow/.local/lib/python3.12/site-packages/airflow/example_dags/example_display_name.py for tasks to queue
[2024-11-13T00:17:50.601+0000] {logging_mixin.py:190} INFO - [2024-11-13T00:17:50.601+0000] {dagbag.py:588} INFO - Filling up the DagBag from /home/airflow/.local/lib/python3.12/site-packages/airflow/example_dags/example_display_name.py
[2024-11-13T00:17:50.613+0000] {processor.py:925} INFO - DAG(s) 'example_display_name' retrieved from /home/airflow/.local/lib/python3.12/site-packages/airflow/example_dags/example_display_name.py
[2024-11-13T00:17:50.646+0000] {logging_mixin.py:190} INFO - [2024-11-13T00:17:50.646+0000] {dag.py:3239} INFO - Sync 1 DAGs
[2024-11-13T00:17:50.668+0000] {logging_mixin.py:190} INFO - [2024-11-13T00:17:50.667+0000] {dag.py:4180} INFO - Setting next_dagrun for example_display_name to None, run_after=None
[2024-11-13T00:17:50.727+0000] {processor.py:208} INFO - Processing /home/airflow/.local/lib/python3.12/site-packages/airflow/example_dags/example_display_name.py took 0.140 seconds
[2024-11-13T00:18:21.404+0000] {processor.py:186} INFO - Started process (PID=13172) to work on /home/airflow/.local/lib/python3.12/site-packages/airflow/example_dags/example_display_name.py
[2024-11-13T00:18:21.405+0000] {processor.py:914} INFO - Processing file /home/airflow/.local/lib/python3.12/site-packages/airflow/example_dags/example_display_name.py for tasks to queue
[2024-11-13T00:18:21.407+0000] {logging_mixin.py:190} INFO - [2024-11-13T00:18:21.407+0000] {dagbag.py:588} INFO - Filling up the DagBag from /home/airflow/.local/lib/python3.12/site-packages/airflow/example_dags/example_display_name.py
[2024-11-13T00:18:21.421+0000] {processor.py:925} INFO - DAG(s) 'example_display_name' retrieved from /home/airflow/.local/lib/python3.12/site-packages/airflow/example_dags/example_display_name.py
[2024-11-13T00:18:21.449+0000] {logging_mixin.py:190} INFO - [2024-11-13T00:18:21.448+0000] {dag.py:3239} INFO - Sync 1 DAGs
[2024-11-13T00:18:21.470+0000] {logging_mixin.py:190} INFO - [2024-11-13T00:18:21.470+0000] {dag.py:4180} INFO - Setting next_dagrun for example_display_name to None, run_after=None
[2024-11-13T00:18:21.507+0000] {processor.py:208} INFO - Processing /home/airflow/.local/lib/python3.12/site-packages/airflow/example_dags/example_display_name.py took 0.115 seconds
[2024-11-13T00:18:54.025+0000] {processor.py:186} INFO - Started process (PID=13232) to work on /home/airflow/.local/lib/python3.12/site-packages/airflow/example_dags/example_display_name.py
[2024-11-13T00:18:54.026+0000] {processor.py:914} INFO - Processing file /home/airflow/.local/lib/python3.12/site-packages/airflow/example_dags/example_display_name.py for tasks to queue
[2024-11-13T00:18:54.028+0000] {logging_mixin.py:190} INFO - [2024-11-13T00:18:54.027+0000] {dagbag.py:588} INFO - Filling up the DagBag from /home/airflow/.local/lib/python3.12/site-packages/airflow/example_dags/example_display_name.py
[2024-11-13T00:18:54.037+0000] {processor.py:925} INFO - DAG(s) 'example_display_name' retrieved from /home/airflow/.local/lib/python3.12/site-packages/airflow/example_dags/example_display_name.py
[2024-11-13T00:18:54.059+0000] {logging_mixin.py:190} INFO - [2024-11-13T00:18:54.059+0000] {dag.py:3239} INFO - Sync 1 DAGs
[2024-11-13T00:18:54.085+0000] {logging_mixin.py:190} INFO - [2024-11-13T00:18:54.085+0000] {dag.py:4180} INFO - Setting next_dagrun for example_display_name to None, run_after=None
[2024-11-13T00:18:54.137+0000] {processor.py:208} INFO - Processing /home/airflow/.local/lib/python3.12/site-packages/airflow/example_dags/example_display_name.py took 0.121 seconds
[2024-11-13T00:19:37.780+0000] {processor.py:186} INFO - Started process (PID=13275) to work on /home/airflow/.local/lib/python3.12/site-packages/airflow/example_dags/example_display_name.py
[2024-11-13T00:19:37.781+0000] {processor.py:914} INFO - Processing file /home/airflow/.local/lib/python3.12/site-packages/airflow/example_dags/example_display_name.py for tasks to queue
[2024-11-13T00:19:37.783+0000] {logging_mixin.py:190} INFO - [2024-11-13T00:19:37.782+0000] {dagbag.py:588} INFO - Filling up the DagBag from /home/airflow/.local/lib/python3.12/site-packages/airflow/example_dags/example_display_name.py
[2024-11-13T00:19:37.794+0000] {processor.py:925} INFO - DAG(s) 'example_display_name' retrieved from /home/airflow/.local/lib/python3.12/site-packages/airflow/example_dags/example_display_name.py
[2024-11-13T00:19:37.817+0000] {logging_mixin.py:190} INFO - [2024-11-13T00:19:37.817+0000] {dag.py:3239} INFO - Sync 1 DAGs
[2024-11-13T00:19:37.834+0000] {logging_mixin.py:190} INFO - [2024-11-13T00:19:37.833+0000] {dag.py:4180} INFO - Setting next_dagrun for example_display_name to None, run_after=None
[2024-11-13T00:19:37.856+0000] {processor.py:208} INFO - Processing /home/airflow/.local/lib/python3.12/site-packages/airflow/example_dags/example_display_name.py took 0.084 seconds
[2024-11-13T00:20:09.022+0000] {processor.py:186} INFO - Started process (PID=13339) to work on /home/airflow/.local/lib/python3.12/site-packages/airflow/example_dags/example_display_name.py
[2024-11-13T00:20:09.023+0000] {processor.py:914} INFO - Processing file /home/airflow/.local/lib/python3.12/site-packages/airflow/example_dags/example_display_name.py for tasks to queue
[2024-11-13T00:20:09.025+0000] {logging_mixin.py:190} INFO - [2024-11-13T00:20:09.025+0000] {dagbag.py:588} INFO - Filling up the DagBag from /home/airflow/.local/lib/python3.12/site-packages/airflow/example_dags/example_display_name.py
[2024-11-13T00:20:09.054+0000] {processor.py:925} INFO - DAG(s) 'example_display_name' retrieved from /home/airflow/.local/lib/python3.12/site-packages/airflow/example_dags/example_display_name.py
[2024-11-13T00:20:09.099+0000] {logging_mixin.py:190} INFO - [2024-11-13T00:20:09.098+0000] {dag.py:3239} INFO - Sync 1 DAGs
[2024-11-13T00:20:09.143+0000] {logging_mixin.py:190} INFO - [2024-11-13T00:20:09.142+0000] {dag.py:4180} INFO - Setting next_dagrun for example_display_name to None, run_after=None
[2024-11-13T00:20:09.197+0000] {processor.py:208} INFO - Processing /home/airflow/.local/lib/python3.12/site-packages/airflow/example_dags/example_display_name.py took 0.187 seconds
[2024-11-13T00:20:40.045+0000] {processor.py:186} INFO - Started process (PID=13403) to work on /home/airflow/.local/lib/python3.12/site-packages/airflow/example_dags/example_display_name.py
[2024-11-13T00:20:40.046+0000] {processor.py:914} INFO - Processing file /home/airflow/.local/lib/python3.12/site-packages/airflow/example_dags/example_display_name.py for tasks to queue
[2024-11-13T00:20:40.048+0000] {logging_mixin.py:190} INFO - [2024-11-13T00:20:40.048+0000] {dagbag.py:588} INFO - Filling up the DagBag from /home/airflow/.local/lib/python3.12/site-packages/airflow/example_dags/example_display_name.py
[2024-11-13T00:20:40.062+0000] {processor.py:925} INFO - DAG(s) 'example_display_name' retrieved from /home/airflow/.local/lib/python3.12/site-packages/airflow/example_dags/example_display_name.py
[2024-11-13T00:20:40.089+0000] {logging_mixin.py:190} INFO - [2024-11-13T00:20:40.088+0000] {dag.py:3239} INFO - Sync 1 DAGs
[2024-11-13T00:20:40.110+0000] {logging_mixin.py:190} INFO - [2024-11-13T00:20:40.109+0000] {dag.py:4180} INFO - Setting next_dagrun for example_display_name to None, run_after=None
[2024-11-13T00:20:40.134+0000] {processor.py:208} INFO - Processing /home/airflow/.local/lib/python3.12/site-packages/airflow/example_dags/example_display_name.py took 0.102 seconds
[2024-11-13T00:21:10.475+0000] {processor.py:186} INFO - Started process (PID=13466) to work on /home/airflow/.local/lib/python3.12/site-packages/airflow/example_dags/example_display_name.py
[2024-11-13T00:21:10.476+0000] {processor.py:914} INFO - Processing file /home/airflow/.local/lib/python3.12/site-packages/airflow/example_dags/example_display_name.py for tasks to queue
[2024-11-13T00:21:10.477+0000] {logging_mixin.py:190} INFO - [2024-11-13T00:21:10.476+0000] {dagbag.py:588} INFO - Filling up the DagBag from /home/airflow/.local/lib/python3.12/site-packages/airflow/example_dags/example_display_name.py
[2024-11-13T00:21:10.487+0000] {processor.py:925} INFO - DAG(s) 'example_display_name' retrieved from /home/airflow/.local/lib/python3.12/site-packages/airflow/example_dags/example_display_name.py
[2024-11-13T00:21:10.512+0000] {logging_mixin.py:190} INFO - [2024-11-13T00:21:10.511+0000] {dag.py:3239} INFO - Sync 1 DAGs
[2024-11-13T00:21:10.532+0000] {logging_mixin.py:190} INFO - [2024-11-13T00:21:10.532+0000] {dag.py:4180} INFO - Setting next_dagrun for example_display_name to None, run_after=None
[2024-11-13T00:21:10.565+0000] {processor.py:208} INFO - Processing /home/airflow/.local/lib/python3.12/site-packages/airflow/example_dags/example_display_name.py took 0.100 seconds
[2024-11-13T00:21:40.761+0000] {processor.py:186} INFO - Started process (PID=13529) to work on /home/airflow/.local/lib/python3.12/site-packages/airflow/example_dags/example_display_name.py
[2024-11-13T00:21:40.762+0000] {processor.py:914} INFO - Processing file /home/airflow/.local/lib/python3.12/site-packages/airflow/example_dags/example_display_name.py for tasks to queue
[2024-11-13T00:21:40.764+0000] {logging_mixin.py:190} INFO - [2024-11-13T00:21:40.763+0000] {dagbag.py:588} INFO - Filling up the DagBag from /home/airflow/.local/lib/python3.12/site-packages/airflow/example_dags/example_display_name.py
[2024-11-13T00:21:40.773+0000] {processor.py:925} INFO - DAG(s) 'example_display_name' retrieved from /home/airflow/.local/lib/python3.12/site-packages/airflow/example_dags/example_display_name.py
[2024-11-13T00:21:40.795+0000] {logging_mixin.py:190} INFO - [2024-11-13T00:21:40.795+0000] {dag.py:3239} INFO - Sync 1 DAGs
[2024-11-13T00:21:40.811+0000] {logging_mixin.py:190} INFO - [2024-11-13T00:21:40.811+0000] {dag.py:4180} INFO - Setting next_dagrun for example_display_name to None, run_after=None
[2024-11-13T00:21:40.838+0000] {processor.py:208} INFO - Processing /home/airflow/.local/lib/python3.12/site-packages/airflow/example_dags/example_display_name.py took 0.084 seconds
[2024-11-13T00:22:11.746+0000] {processor.py:186} INFO - Started process (PID=13593) to work on /home/airflow/.local/lib/python3.12/site-packages/airflow/example_dags/example_display_name.py
[2024-11-13T00:22:11.747+0000] {processor.py:914} INFO - Processing file /home/airflow/.local/lib/python3.12/site-packages/airflow/example_dags/example_display_name.py for tasks to queue
[2024-11-13T00:22:11.748+0000] {logging_mixin.py:190} INFO - [2024-11-13T00:22:11.748+0000] {dagbag.py:588} INFO - Filling up the DagBag from /home/airflow/.local/lib/python3.12/site-packages/airflow/example_dags/example_display_name.py
[2024-11-13T00:22:11.756+0000] {processor.py:925} INFO - DAG(s) 'example_display_name' retrieved from /home/airflow/.local/lib/python3.12/site-packages/airflow/example_dags/example_display_name.py
[2024-11-13T00:22:11.782+0000] {logging_mixin.py:190} INFO - [2024-11-13T00:22:11.782+0000] {dag.py:3239} INFO - Sync 1 DAGs
[2024-11-13T00:22:11.799+0000] {logging_mixin.py:190} INFO - [2024-11-13T00:22:11.799+0000] {dag.py:4180} INFO - Setting next_dagrun for example_display_name to None, run_after=None
[2024-11-13T00:22:11.824+0000] {processor.py:208} INFO - Processing /home/airflow/.local/lib/python3.12/site-packages/airflow/example_dags/example_display_name.py took 0.088 seconds
[2024-11-13T00:22:42.529+0000] {processor.py:186} INFO - Started process (PID=13657) to work on /home/airflow/.local/lib/python3.12/site-packages/airflow/example_dags/example_display_name.py
[2024-11-13T00:22:42.530+0000] {processor.py:914} INFO - Processing file /home/airflow/.local/lib/python3.12/site-packages/airflow/example_dags/example_display_name.py for tasks to queue
[2024-11-13T00:22:42.531+0000] {logging_mixin.py:190} INFO - [2024-11-13T00:22:42.531+0000] {dagbag.py:588} INFO - Filling up the DagBag from /home/airflow/.local/lib/python3.12/site-packages/airflow/example_dags/example_display_name.py
[2024-11-13T00:22:42.541+0000] {processor.py:925} INFO - DAG(s) 'example_display_name' retrieved from /home/airflow/.local/lib/python3.12/site-packages/airflow/example_dags/example_display_name.py
[2024-11-13T00:22:42.580+0000] {logging_mixin.py:190} INFO - [2024-11-13T00:22:42.579+0000] {dag.py:3239} INFO - Sync 1 DAGs
[2024-11-13T00:22:42.596+0000] {logging_mixin.py:190} INFO - [2024-11-13T00:22:42.596+0000] {dag.py:4180} INFO - Setting next_dagrun for example_display_name to None, run_after=None
[2024-11-13T00:22:42.618+0000] {processor.py:208} INFO - Processing /home/airflow/.local/lib/python3.12/site-packages/airflow/example_dags/example_display_name.py took 0.095 seconds
[2024-11-13T00:23:13.562+0000] {processor.py:186} INFO - Started process (PID=13721) to work on /home/airflow/.local/lib/python3.12/site-packages/airflow/example_dags/example_display_name.py
[2024-11-13T00:23:13.563+0000] {processor.py:914} INFO - Processing file /home/airflow/.local/lib/python3.12/site-packages/airflow/example_dags/example_display_name.py for tasks to queue
[2024-11-13T00:23:13.565+0000] {logging_mixin.py:190} INFO - [2024-11-13T00:23:13.565+0000] {dagbag.py:588} INFO - Filling up the DagBag from /home/airflow/.local/lib/python3.12/site-packages/airflow/example_dags/example_display_name.py
[2024-11-13T00:23:13.575+0000] {processor.py:925} INFO - DAG(s) 'example_display_name' retrieved from /home/airflow/.local/lib/python3.12/site-packages/airflow/example_dags/example_display_name.py
[2024-11-13T00:23:13.598+0000] {logging_mixin.py:190} INFO - [2024-11-13T00:23:13.598+0000] {dag.py:3239} INFO - Sync 1 DAGs
[2024-11-13T00:23:13.614+0000] {logging_mixin.py:190} INFO - [2024-11-13T00:23:13.614+0000] {dag.py:4180} INFO - Setting next_dagrun for example_display_name to None, run_after=None
[2024-11-13T00:23:13.638+0000] {processor.py:208} INFO - Processing /home/airflow/.local/lib/python3.12/site-packages/airflow/example_dags/example_display_name.py took 0.084 seconds
[2024-11-13T00:23:43.691+0000] {processor.py:186} INFO - Started process (PID=13786) to work on /home/airflow/.local/lib/python3.12/site-packages/airflow/example_dags/example_display_name.py
[2024-11-13T00:23:43.692+0000] {processor.py:914} INFO - Processing file /home/airflow/.local/lib/python3.12/site-packages/airflow/example_dags/example_display_name.py for tasks to queue
[2024-11-13T00:23:43.693+0000] {logging_mixin.py:190} INFO - [2024-11-13T00:23:43.693+0000] {dagbag.py:588} INFO - Filling up the DagBag from /home/airflow/.local/lib/python3.12/site-packages/airflow/example_dags/example_display_name.py
[2024-11-13T00:23:43.702+0000] {processor.py:925} INFO - DAG(s) 'example_display_name' retrieved from /home/airflow/.local/lib/python3.12/site-packages/airflow/example_dags/example_display_name.py
[2024-11-13T00:23:43.726+0000] {logging_mixin.py:190} INFO - [2024-11-13T00:23:43.726+0000] {dag.py:3239} INFO - Sync 1 DAGs
[2024-11-13T00:23:43.741+0000] {logging_mixin.py:190} INFO - [2024-11-13T00:23:43.741+0000] {dag.py:4180} INFO - Setting next_dagrun for example_display_name to None, run_after=None
[2024-11-13T00:23:43.765+0000] {processor.py:208} INFO - Processing /home/airflow/.local/lib/python3.12/site-packages/airflow/example_dags/example_display_name.py took 0.081 seconds
[2024-11-13T00:24:14.014+0000] {processor.py:186} INFO - Started process (PID=13850) to work on /home/airflow/.local/lib/python3.12/site-packages/airflow/example_dags/example_display_name.py
[2024-11-13T00:24:14.015+0000] {processor.py:914} INFO - Processing file /home/airflow/.local/lib/python3.12/site-packages/airflow/example_dags/example_display_name.py for tasks to queue
[2024-11-13T00:24:14.016+0000] {logging_mixin.py:190} INFO - [2024-11-13T00:24:14.016+0000] {dagbag.py:588} INFO - Filling up the DagBag from /home/airflow/.local/lib/python3.12/site-packages/airflow/example_dags/example_display_name.py
[2024-11-13T00:24:14.024+0000] {processor.py:925} INFO - DAG(s) 'example_display_name' retrieved from /home/airflow/.local/lib/python3.12/site-packages/airflow/example_dags/example_display_name.py
[2024-11-13T00:24:14.044+0000] {logging_mixin.py:190} INFO - [2024-11-13T00:24:14.044+0000] {dag.py:3239} INFO - Sync 1 DAGs
[2024-11-13T00:24:14.060+0000] {logging_mixin.py:190} INFO - [2024-11-13T00:24:14.059+0000] {dag.py:4180} INFO - Setting next_dagrun for example_display_name to None, run_after=None
[2024-11-13T00:24:14.087+0000] {processor.py:208} INFO - Processing /home/airflow/.local/lib/python3.12/site-packages/airflow/example_dags/example_display_name.py took 0.080 seconds
[2024-11-13T00:24:44.215+0000] {processor.py:186} INFO - Started process (PID=13915) to work on /home/airflow/.local/lib/python3.12/site-packages/airflow/example_dags/example_display_name.py
[2024-11-13T00:24:44.216+0000] {processor.py:914} INFO - Processing file /home/airflow/.local/lib/python3.12/site-packages/airflow/example_dags/example_display_name.py for tasks to queue
[2024-11-13T00:24:44.217+0000] {logging_mixin.py:190} INFO - [2024-11-13T00:24:44.217+0000] {dagbag.py:588} INFO - Filling up the DagBag from /home/airflow/.local/lib/python3.12/site-packages/airflow/example_dags/example_display_name.py
[2024-11-13T00:24:44.225+0000] {processor.py:925} INFO - DAG(s) 'example_display_name' retrieved from /home/airflow/.local/lib/python3.12/site-packages/airflow/example_dags/example_display_name.py
[2024-11-13T00:24:44.244+0000] {logging_mixin.py:190} INFO - [2024-11-13T00:24:44.244+0000] {dag.py:3239} INFO - Sync 1 DAGs
[2024-11-13T00:24:44.259+0000] {logging_mixin.py:190} INFO - [2024-11-13T00:24:44.259+0000] {dag.py:4180} INFO - Setting next_dagrun for example_display_name to None, run_after=None
[2024-11-13T00:24:44.281+0000] {processor.py:208} INFO - Processing /home/airflow/.local/lib/python3.12/site-packages/airflow/example_dags/example_display_name.py took 0.074 seconds
[2024-11-13T00:25:14.653+0000] {processor.py:186} INFO - Started process (PID=13979) to work on /home/airflow/.local/lib/python3.12/site-packages/airflow/example_dags/example_display_name.py
[2024-11-13T00:25:14.654+0000] {processor.py:914} INFO - Processing file /home/airflow/.local/lib/python3.12/site-packages/airflow/example_dags/example_display_name.py for tasks to queue
[2024-11-13T00:25:14.656+0000] {logging_mixin.py:190} INFO - [2024-11-13T00:25:14.655+0000] {dagbag.py:588} INFO - Filling up the DagBag from /home/airflow/.local/lib/python3.12/site-packages/airflow/example_dags/example_display_name.py
[2024-11-13T00:25:14.667+0000] {processor.py:925} INFO - DAG(s) 'example_display_name' retrieved from /home/airflow/.local/lib/python3.12/site-packages/airflow/example_dags/example_display_name.py
[2024-11-13T00:25:14.687+0000] {logging_mixin.py:190} INFO - [2024-11-13T00:25:14.687+0000] {dag.py:3239} INFO - Sync 1 DAGs
[2024-11-13T00:25:14.711+0000] {logging_mixin.py:190} INFO - [2024-11-13T00:25:14.710+0000] {dag.py:4180} INFO - Setting next_dagrun for example_display_name to None, run_after=None
[2024-11-13T00:25:14.734+0000] {processor.py:208} INFO - Processing /home/airflow/.local/lib/python3.12/site-packages/airflow/example_dags/example_display_name.py took 0.089 seconds
[2024-11-13T00:25:45.410+0000] {processor.py:186} INFO - Started process (PID=14043) to work on /home/airflow/.local/lib/python3.12/site-packages/airflow/example_dags/example_display_name.py
[2024-11-13T00:25:45.411+0000] {processor.py:914} INFO - Processing file /home/airflow/.local/lib/python3.12/site-packages/airflow/example_dags/example_display_name.py for tasks to queue
[2024-11-13T00:25:45.413+0000] {logging_mixin.py:190} INFO - [2024-11-13T00:25:45.412+0000] {dagbag.py:588} INFO - Filling up the DagBag from /home/airflow/.local/lib/python3.12/site-packages/airflow/example_dags/example_display_name.py
[2024-11-13T00:25:45.432+0000] {processor.py:925} INFO - DAG(s) 'example_display_name' retrieved from /home/airflow/.local/lib/python3.12/site-packages/airflow/example_dags/example_display_name.py
[2024-11-13T00:25:45.479+0000] {logging_mixin.py:190} INFO - [2024-11-13T00:25:45.478+0000] {dag.py:3239} INFO - Sync 1 DAGs
[2024-11-13T00:25:45.549+0000] {logging_mixin.py:190} INFO - [2024-11-13T00:25:45.549+0000] {dag.py:4180} INFO - Setting next_dagrun for example_display_name to None, run_after=None
[2024-11-13T00:25:45.605+0000] {processor.py:208} INFO - Processing /home/airflow/.local/lib/python3.12/site-packages/airflow/example_dags/example_display_name.py took 0.209 seconds
[2024-11-13T00:26:16.019+0000] {processor.py:186} INFO - Started process (PID=14107) to work on /home/airflow/.local/lib/python3.12/site-packages/airflow/example_dags/example_display_name.py
[2024-11-13T00:26:16.020+0000] {processor.py:914} INFO - Processing file /home/airflow/.local/lib/python3.12/site-packages/airflow/example_dags/example_display_name.py for tasks to queue
[2024-11-13T00:26:16.022+0000] {logging_mixin.py:190} INFO - [2024-11-13T00:26:16.021+0000] {dagbag.py:588} INFO - Filling up the DagBag from /home/airflow/.local/lib/python3.12/site-packages/airflow/example_dags/example_display_name.py
[2024-11-13T00:26:16.226+0000] {processor.py:925} INFO - DAG(s) 'example_display_name' retrieved from /home/airflow/.local/lib/python3.12/site-packages/airflow/example_dags/example_display_name.py
[2024-11-13T00:26:16.244+0000] {logging_mixin.py:190} INFO - [2024-11-13T00:26:16.244+0000] {dag.py:3239} INFO - Sync 1 DAGs
[2024-11-13T00:26:16.257+0000] {logging_mixin.py:190} INFO - [2024-11-13T00:26:16.257+0000] {dag.py:4180} INFO - Setting next_dagrun for example_display_name to None, run_after=None
[2024-11-13T00:26:16.285+0000] {processor.py:208} INFO - Processing /home/airflow/.local/lib/python3.12/site-packages/airflow/example_dags/example_display_name.py took 0.279 seconds
[2024-11-13T00:26:47.293+0000] {processor.py:186} INFO - Started process (PID=14171) to work on /home/airflow/.local/lib/python3.12/site-packages/airflow/example_dags/example_display_name.py
[2024-11-13T00:26:47.294+0000] {processor.py:914} INFO - Processing file /home/airflow/.local/lib/python3.12/site-packages/airflow/example_dags/example_display_name.py for tasks to queue
[2024-11-13T00:26:47.296+0000] {logging_mixin.py:190} INFO - [2024-11-13T00:26:47.295+0000] {dagbag.py:588} INFO - Filling up the DagBag from /home/airflow/.local/lib/python3.12/site-packages/airflow/example_dags/example_display_name.py
[2024-11-13T00:26:47.303+0000] {processor.py:925} INFO - DAG(s) 'example_display_name' retrieved from /home/airflow/.local/lib/python3.12/site-packages/airflow/example_dags/example_display_name.py
[2024-11-13T00:26:47.329+0000] {logging_mixin.py:190} INFO - [2024-11-13T00:26:47.328+0000] {dag.py:3239} INFO - Sync 1 DAGs
[2024-11-13T00:26:47.346+0000] {logging_mixin.py:190} INFO - [2024-11-13T00:26:47.346+0000] {dag.py:4180} INFO - Setting next_dagrun for example_display_name to None, run_after=None
[2024-11-13T00:26:47.375+0000] {processor.py:208} INFO - Processing /home/airflow/.local/lib/python3.12/site-packages/airflow/example_dags/example_display_name.py took 0.092 seconds
[2024-11-13T00:27:17.650+0000] {processor.py:186} INFO - Started process (PID=14235) to work on /home/airflow/.local/lib/python3.12/site-packages/airflow/example_dags/example_display_name.py
[2024-11-13T00:27:17.652+0000] {processor.py:914} INFO - Processing file /home/airflow/.local/lib/python3.12/site-packages/airflow/example_dags/example_display_name.py for tasks to queue
[2024-11-13T00:27:17.654+0000] {logging_mixin.py:190} INFO - [2024-11-13T00:27:17.653+0000] {dagbag.py:588} INFO - Filling up the DagBag from /home/airflow/.local/lib/python3.12/site-packages/airflow/example_dags/example_display_name.py
[2024-11-13T00:27:17.662+0000] {processor.py:925} INFO - DAG(s) 'example_display_name' retrieved from /home/airflow/.local/lib/python3.12/site-packages/airflow/example_dags/example_display_name.py
[2024-11-13T00:27:17.684+0000] {logging_mixin.py:190} INFO - [2024-11-13T00:27:17.684+0000] {dag.py:3239} INFO - Sync 1 DAGs
[2024-11-13T00:27:17.699+0000] {logging_mixin.py:190} INFO - [2024-11-13T00:27:17.699+0000] {dag.py:4180} INFO - Setting next_dagrun for example_display_name to None, run_after=None
[2024-11-13T00:27:17.723+0000] {processor.py:208} INFO - Processing /home/airflow/.local/lib/python3.12/site-packages/airflow/example_dags/example_display_name.py took 0.080 seconds
[2024-11-13T00:27:48.077+0000] {processor.py:186} INFO - Started process (PID=14299) to work on /home/airflow/.local/lib/python3.12/site-packages/airflow/example_dags/example_display_name.py
[2024-11-13T00:27:48.078+0000] {processor.py:914} INFO - Processing file /home/airflow/.local/lib/python3.12/site-packages/airflow/example_dags/example_display_name.py for tasks to queue
[2024-11-13T00:27:48.080+0000] {logging_mixin.py:190} INFO - [2024-11-13T00:27:48.080+0000] {dagbag.py:588} INFO - Filling up the DagBag from /home/airflow/.local/lib/python3.12/site-packages/airflow/example_dags/example_display_name.py
[2024-11-13T00:27:48.088+0000] {processor.py:925} INFO - DAG(s) 'example_display_name' retrieved from /home/airflow/.local/lib/python3.12/site-packages/airflow/example_dags/example_display_name.py
[2024-11-13T00:27:48.109+0000] {logging_mixin.py:190} INFO - [2024-11-13T00:27:48.109+0000] {dag.py:3239} INFO - Sync 1 DAGs
[2024-11-13T00:27:48.124+0000] {logging_mixin.py:190} INFO - [2024-11-13T00:27:48.123+0000] {dag.py:4180} INFO - Setting next_dagrun for example_display_name to None, run_after=None
[2024-11-13T00:27:48.147+0000] {processor.py:208} INFO - Processing /home/airflow/.local/lib/python3.12/site-packages/airflow/example_dags/example_display_name.py took 0.077 seconds
[2024-11-13T00:28:18.556+0000] {processor.py:186} INFO - Started process (PID=14363) to work on /home/airflow/.local/lib/python3.12/site-packages/airflow/example_dags/example_display_name.py
[2024-11-13T00:28:18.557+0000] {processor.py:914} INFO - Processing file /home/airflow/.local/lib/python3.12/site-packages/airflow/example_dags/example_display_name.py for tasks to queue
[2024-11-13T00:28:18.558+0000] {logging_mixin.py:190} INFO - [2024-11-13T00:28:18.558+0000] {dagbag.py:588} INFO - Filling up the DagBag from /home/airflow/.local/lib/python3.12/site-packages/airflow/example_dags/example_display_name.py
[2024-11-13T00:28:18.568+0000] {processor.py:925} INFO - DAG(s) 'example_display_name' retrieved from /home/airflow/.local/lib/python3.12/site-packages/airflow/example_dags/example_display_name.py
[2024-11-13T00:28:18.590+0000] {logging_mixin.py:190} INFO - [2024-11-13T00:28:18.589+0000] {dag.py:3239} INFO - Sync 1 DAGs
[2024-11-13T00:28:18.604+0000] {logging_mixin.py:190} INFO - [2024-11-13T00:28:18.604+0000] {dag.py:4180} INFO - Setting next_dagrun for example_display_name to None, run_after=None
[2024-11-13T00:28:18.637+0000] {processor.py:208} INFO - Processing /home/airflow/.local/lib/python3.12/site-packages/airflow/example_dags/example_display_name.py took 0.088 seconds
[2024-11-13T00:28:48.718+0000] {processor.py:186} INFO - Started process (PID=14427) to work on /home/airflow/.local/lib/python3.12/site-packages/airflow/example_dags/example_display_name.py
[2024-11-13T00:28:48.719+0000] {processor.py:914} INFO - Processing file /home/airflow/.local/lib/python3.12/site-packages/airflow/example_dags/example_display_name.py for tasks to queue
[2024-11-13T00:28:48.721+0000] {logging_mixin.py:190} INFO - [2024-11-13T00:28:48.721+0000] {dagbag.py:588} INFO - Filling up the DagBag from /home/airflow/.local/lib/python3.12/site-packages/airflow/example_dags/example_display_name.py
[2024-11-13T00:28:48.730+0000] {processor.py:925} INFO - DAG(s) 'example_display_name' retrieved from /home/airflow/.local/lib/python3.12/site-packages/airflow/example_dags/example_display_name.py
[2024-11-13T00:28:48.751+0000] {logging_mixin.py:190} INFO - [2024-11-13T00:28:48.750+0000] {dag.py:3239} INFO - Sync 1 DAGs
[2024-11-13T00:28:48.764+0000] {logging_mixin.py:190} INFO - [2024-11-13T00:28:48.764+0000] {dag.py:4180} INFO - Setting next_dagrun for example_display_name to None, run_after=None
[2024-11-13T00:28:48.789+0000] {processor.py:208} INFO - Processing /home/airflow/.local/lib/python3.12/site-packages/airflow/example_dags/example_display_name.py took 0.079 seconds
[2024-11-13T00:29:18.923+0000] {processor.py:186} INFO - Started process (PID=14491) to work on /home/airflow/.local/lib/python3.12/site-packages/airflow/example_dags/example_display_name.py
[2024-11-13T00:29:18.924+0000] {processor.py:914} INFO - Processing file /home/airflow/.local/lib/python3.12/site-packages/airflow/example_dags/example_display_name.py for tasks to queue
[2024-11-13T00:29:18.925+0000] {logging_mixin.py:190} INFO - [2024-11-13T00:29:18.925+0000] {dagbag.py:588} INFO - Filling up the DagBag from /home/airflow/.local/lib/python3.12/site-packages/airflow/example_dags/example_display_name.py
[2024-11-13T00:29:18.934+0000] {processor.py:925} INFO - DAG(s) 'example_display_name' retrieved from /home/airflow/.local/lib/python3.12/site-packages/airflow/example_dags/example_display_name.py
[2024-11-13T00:29:18.957+0000] {logging_mixin.py:190} INFO - [2024-11-13T00:29:18.956+0000] {dag.py:3239} INFO - Sync 1 DAGs
[2024-11-13T00:29:18.983+0000] {logging_mixin.py:190} INFO - [2024-11-13T00:29:18.982+0000] {dag.py:4180} INFO - Setting next_dagrun for example_display_name to None, run_after=None
[2024-11-13T00:29:19.015+0000] {processor.py:208} INFO - Processing /home/airflow/.local/lib/python3.12/site-packages/airflow/example_dags/example_display_name.py took 0.100 seconds
[2024-11-13T00:29:49.227+0000] {processor.py:186} INFO - Started process (PID=14555) to work on /home/airflow/.local/lib/python3.12/site-packages/airflow/example_dags/example_display_name.py
[2024-11-13T00:29:49.228+0000] {processor.py:914} INFO - Processing file /home/airflow/.local/lib/python3.12/site-packages/airflow/example_dags/example_display_name.py for tasks to queue
[2024-11-13T00:29:49.229+0000] {logging_mixin.py:190} INFO - [2024-11-13T00:29:49.229+0000] {dagbag.py:588} INFO - Filling up the DagBag from /home/airflow/.local/lib/python3.12/site-packages/airflow/example_dags/example_display_name.py
[2024-11-13T00:29:49.237+0000] {processor.py:925} INFO - DAG(s) 'example_display_name' retrieved from /home/airflow/.local/lib/python3.12/site-packages/airflow/example_dags/example_display_name.py
[2024-11-13T00:29:49.261+0000] {logging_mixin.py:190} INFO - [2024-11-13T00:29:49.260+0000] {dag.py:3239} INFO - Sync 1 DAGs
[2024-11-13T00:29:49.275+0000] {logging_mixin.py:190} INFO - [2024-11-13T00:29:49.275+0000] {dag.py:4180} INFO - Setting next_dagrun for example_display_name to None, run_after=None
[2024-11-13T00:29:49.298+0000] {processor.py:208} INFO - Processing /home/airflow/.local/lib/python3.12/site-packages/airflow/example_dags/example_display_name.py took 0.080 seconds
[2024-11-13T00:30:19.539+0000] {processor.py:186} INFO - Started process (PID=14619) to work on /home/airflow/.local/lib/python3.12/site-packages/airflow/example_dags/example_display_name.py
[2024-11-13T00:30:19.540+0000] {processor.py:914} INFO - Processing file /home/airflow/.local/lib/python3.12/site-packages/airflow/example_dags/example_display_name.py for tasks to queue
[2024-11-13T00:30:19.541+0000] {logging_mixin.py:190} INFO - [2024-11-13T00:30:19.541+0000] {dagbag.py:588} INFO - Filling up the DagBag from /home/airflow/.local/lib/python3.12/site-packages/airflow/example_dags/example_display_name.py
[2024-11-13T00:30:19.552+0000] {processor.py:925} INFO - DAG(s) 'example_display_name' retrieved from /home/airflow/.local/lib/python3.12/site-packages/airflow/example_dags/example_display_name.py
[2024-11-13T00:30:19.573+0000] {logging_mixin.py:190} INFO - [2024-11-13T00:30:19.572+0000] {dag.py:3239} INFO - Sync 1 DAGs
[2024-11-13T00:30:19.592+0000] {logging_mixin.py:190} INFO - [2024-11-13T00:30:19.592+0000] {dag.py:4180} INFO - Setting next_dagrun for example_display_name to None, run_after=None
[2024-11-13T00:30:19.615+0000] {processor.py:208} INFO - Processing /home/airflow/.local/lib/python3.12/site-packages/airflow/example_dags/example_display_name.py took 0.083 seconds
[2024-11-13T00:30:49.989+0000] {processor.py:186} INFO - Started process (PID=14683) to work on /home/airflow/.local/lib/python3.12/site-packages/airflow/example_dags/example_display_name.py
[2024-11-13T00:30:49.990+0000] {processor.py:914} INFO - Processing file /home/airflow/.local/lib/python3.12/site-packages/airflow/example_dags/example_display_name.py for tasks to queue
[2024-11-13T00:30:49.992+0000] {logging_mixin.py:190} INFO - [2024-11-13T00:30:49.992+0000] {dagbag.py:588} INFO - Filling up the DagBag from /home/airflow/.local/lib/python3.12/site-packages/airflow/example_dags/example_display_name.py
[2024-11-13T00:30:50.000+0000] {processor.py:925} INFO - DAG(s) 'example_display_name' retrieved from /home/airflow/.local/lib/python3.12/site-packages/airflow/example_dags/example_display_name.py
[2024-11-13T00:30:50.022+0000] {logging_mixin.py:190} INFO - [2024-11-13T00:30:50.021+0000] {dag.py:3239} INFO - Sync 1 DAGs
[2024-11-13T00:30:50.037+0000] {logging_mixin.py:190} INFO - [2024-11-13T00:30:50.036+0000] {dag.py:4180} INFO - Setting next_dagrun for example_display_name to None, run_after=None
[2024-11-13T00:30:50.060+0000] {processor.py:208} INFO - Processing /home/airflow/.local/lib/python3.12/site-packages/airflow/example_dags/example_display_name.py took 0.079 seconds
[2024-11-13T00:31:20.872+0000] {processor.py:186} INFO - Started process (PID=14747) to work on /home/airflow/.local/lib/python3.12/site-packages/airflow/example_dags/example_display_name.py
[2024-11-13T00:31:20.873+0000] {processor.py:914} INFO - Processing file /home/airflow/.local/lib/python3.12/site-packages/airflow/example_dags/example_display_name.py for tasks to queue
[2024-11-13T00:31:20.876+0000] {logging_mixin.py:190} INFO - [2024-11-13T00:31:20.875+0000] {dagbag.py:588} INFO - Filling up the DagBag from /home/airflow/.local/lib/python3.12/site-packages/airflow/example_dags/example_display_name.py
[2024-11-13T00:31:20.885+0000] {processor.py:925} INFO - DAG(s) 'example_display_name' retrieved from /home/airflow/.local/lib/python3.12/site-packages/airflow/example_dags/example_display_name.py
[2024-11-13T00:31:20.910+0000] {logging_mixin.py:190} INFO - [2024-11-13T00:31:20.910+0000] {dag.py:3239} INFO - Sync 1 DAGs
[2024-11-13T00:31:20.928+0000] {logging_mixin.py:190} INFO - [2024-11-13T00:31:20.927+0000] {dag.py:4180} INFO - Setting next_dagrun for example_display_name to None, run_after=None
[2024-11-13T00:31:20.952+0000] {processor.py:208} INFO - Processing /home/airflow/.local/lib/python3.12/site-packages/airflow/example_dags/example_display_name.py took 0.090 seconds
