[2024-11-13T00:00:25.137+0000] {processor.py:186} INFO - Started process (PID=10915) to work on /home/airflow/.local/lib/python3.12/site-packages/airflow/example_dags/example_task_group.py
[2024-11-13T00:00:25.138+0000] {processor.py:914} INFO - Processing file /home/airflow/.local/lib/python3.12/site-packages/airflow/example_dags/example_task_group.py for tasks to queue
[2024-11-13T00:00:25.140+0000] {logging_mixin.py:190} INFO - [2024-11-13T00:00:25.139+0000] {dagbag.py:588} INFO - Filling up the DagBag from /home/airflow/.local/lib/python3.12/site-packages/airflow/example_dags/example_task_group.py
[2024-11-13T00:00:25.154+0000] {processor.py:925} INFO - DAG(s) 'example_task_group' retrieved from /home/airflow/.local/lib/python3.12/site-packages/airflow/example_dags/example_task_group.py
[2024-11-13T00:00:25.190+0000] {logging_mixin.py:190} INFO - [2024-11-13T00:00:25.190+0000] {dag.py:3239} INFO - Sync 1 DAGs
[2024-11-13T00:00:25.228+0000] {logging_mixin.py:190} INFO - [2024-11-13T00:00:25.226+0000] {dag.py:4180} INFO - Setting next_dagrun for example_task_group to None, run_after=None
[2024-11-13T00:00:25.271+0000] {processor.py:208} INFO - Processing /home/airflow/.local/lib/python3.12/site-packages/airflow/example_dags/example_task_group.py took 0.147 seconds
[2024-11-13T00:00:57.106+0000] {processor.py:186} INFO - Started process (PID=10980) to work on /home/airflow/.local/lib/python3.12/site-packages/airflow/example_dags/example_task_group.py
[2024-11-13T00:00:57.107+0000] {processor.py:914} INFO - Processing file /home/airflow/.local/lib/python3.12/site-packages/airflow/example_dags/example_task_group.py for tasks to queue
[2024-11-13T00:00:57.109+0000] {logging_mixin.py:190} INFO - [2024-11-13T00:00:57.109+0000] {dagbag.py:588} INFO - Filling up the DagBag from /home/airflow/.local/lib/python3.12/site-packages/airflow/example_dags/example_task_group.py
[2024-11-13T00:00:57.119+0000] {processor.py:925} INFO - DAG(s) 'example_task_group' retrieved from /home/airflow/.local/lib/python3.12/site-packages/airflow/example_dags/example_task_group.py
[2024-11-13T00:00:57.150+0000] {logging_mixin.py:190} INFO - [2024-11-13T00:00:57.150+0000] {dag.py:3239} INFO - Sync 1 DAGs
[2024-11-13T00:00:57.167+0000] {logging_mixin.py:190} INFO - [2024-11-13T00:00:57.167+0000] {dag.py:4180} INFO - Setting next_dagrun for example_task_group to None, run_after=None
[2024-11-13T00:00:57.196+0000] {processor.py:208} INFO - Processing /home/airflow/.local/lib/python3.12/site-packages/airflow/example_dags/example_task_group.py took 0.098 seconds
[2024-11-13T00:01:27.777+0000] {processor.py:186} INFO - Started process (PID=11044) to work on /home/airflow/.local/lib/python3.12/site-packages/airflow/example_dags/example_task_group.py
[2024-11-13T00:01:27.778+0000] {processor.py:914} INFO - Processing file /home/airflow/.local/lib/python3.12/site-packages/airflow/example_dags/example_task_group.py for tasks to queue
[2024-11-13T00:01:27.779+0000] {logging_mixin.py:190} INFO - [2024-11-13T00:01:27.779+0000] {dagbag.py:588} INFO - Filling up the DagBag from /home/airflow/.local/lib/python3.12/site-packages/airflow/example_dags/example_task_group.py
[2024-11-13T00:01:27.789+0000] {processor.py:925} INFO - DAG(s) 'example_task_group' retrieved from /home/airflow/.local/lib/python3.12/site-packages/airflow/example_dags/example_task_group.py
[2024-11-13T00:01:27.811+0000] {logging_mixin.py:190} INFO - [2024-11-13T00:01:27.811+0000] {dag.py:3239} INFO - Sync 1 DAGs
[2024-11-13T00:01:27.826+0000] {logging_mixin.py:190} INFO - [2024-11-13T00:01:27.826+0000] {dag.py:4180} INFO - Setting next_dagrun for example_task_group to None, run_after=None
[2024-11-13T00:01:27.849+0000] {processor.py:208} INFO - Processing /home/airflow/.local/lib/python3.12/site-packages/airflow/example_dags/example_task_group.py took 0.081 seconds
[2024-11-13T00:01:59.624+0000] {processor.py:186} INFO - Started process (PID=11108) to work on /home/airflow/.local/lib/python3.12/site-packages/airflow/example_dags/example_task_group.py
[2024-11-13T00:01:59.625+0000] {processor.py:914} INFO - Processing file /home/airflow/.local/lib/python3.12/site-packages/airflow/example_dags/example_task_group.py for tasks to queue
[2024-11-13T00:01:59.627+0000] {logging_mixin.py:190} INFO - [2024-11-13T00:01:59.627+0000] {dagbag.py:588} INFO - Filling up the DagBag from /home/airflow/.local/lib/python3.12/site-packages/airflow/example_dags/example_task_group.py
[2024-11-13T00:01:59.643+0000] {processor.py:925} INFO - DAG(s) 'example_task_group' retrieved from /home/airflow/.local/lib/python3.12/site-packages/airflow/example_dags/example_task_group.py
[2024-11-13T00:01:59.671+0000] {logging_mixin.py:190} INFO - [2024-11-13T00:01:59.671+0000] {dag.py:3239} INFO - Sync 1 DAGs
[2024-11-13T00:01:59.689+0000] {logging_mixin.py:190} INFO - [2024-11-13T00:01:59.689+0000] {dag.py:4180} INFO - Setting next_dagrun for example_task_group to None, run_after=None
[2024-11-13T00:01:59.718+0000] {processor.py:208} INFO - Processing /home/airflow/.local/lib/python3.12/site-packages/airflow/example_dags/example_task_group.py took 0.101 seconds
[2024-11-13T00:02:29.996+0000] {processor.py:186} INFO - Started process (PID=11172) to work on /home/airflow/.local/lib/python3.12/site-packages/airflow/example_dags/example_task_group.py
[2024-11-13T00:02:29.998+0000] {processor.py:914} INFO - Processing file /home/airflow/.local/lib/python3.12/site-packages/airflow/example_dags/example_task_group.py for tasks to queue
[2024-11-13T00:02:30.002+0000] {logging_mixin.py:190} INFO - [2024-11-13T00:02:30.001+0000] {dagbag.py:588} INFO - Filling up the DagBag from /home/airflow/.local/lib/python3.12/site-packages/airflow/example_dags/example_task_group.py
[2024-11-13T00:02:30.074+0000] {processor.py:925} INFO - DAG(s) 'example_task_group' retrieved from /home/airflow/.local/lib/python3.12/site-packages/airflow/example_dags/example_task_group.py
[2024-11-13T00:02:30.128+0000] {logging_mixin.py:190} INFO - [2024-11-13T00:02:30.127+0000] {dag.py:3239} INFO - Sync 1 DAGs
[2024-11-13T00:02:30.182+0000] {logging_mixin.py:190} INFO - [2024-11-13T00:02:30.181+0000] {dag.py:4180} INFO - Setting next_dagrun for example_task_group to None, run_after=None
[2024-11-13T00:02:30.227+0000] {processor.py:208} INFO - Processing /home/airflow/.local/lib/python3.12/site-packages/airflow/example_dags/example_task_group.py took 0.243 seconds
[2024-11-13T00:03:00.466+0000] {processor.py:186} INFO - Started process (PID=11236) to work on /home/airflow/.local/lib/python3.12/site-packages/airflow/example_dags/example_task_group.py
[2024-11-13T00:03:00.467+0000] {processor.py:914} INFO - Processing file /home/airflow/.local/lib/python3.12/site-packages/airflow/example_dags/example_task_group.py for tasks to queue
[2024-11-13T00:03:00.468+0000] {logging_mixin.py:190} INFO - [2024-11-13T00:03:00.468+0000] {dagbag.py:588} INFO - Filling up the DagBag from /home/airflow/.local/lib/python3.12/site-packages/airflow/example_dags/example_task_group.py
[2024-11-13T00:03:00.477+0000] {processor.py:925} INFO - DAG(s) 'example_task_group' retrieved from /home/airflow/.local/lib/python3.12/site-packages/airflow/example_dags/example_task_group.py
[2024-11-13T00:03:00.498+0000] {logging_mixin.py:190} INFO - [2024-11-13T00:03:00.497+0000] {dag.py:3239} INFO - Sync 1 DAGs
[2024-11-13T00:03:00.511+0000] {logging_mixin.py:190} INFO - [2024-11-13T00:03:00.511+0000] {dag.py:4180} INFO - Setting next_dagrun for example_task_group to None, run_after=None
[2024-11-13T00:03:00.534+0000] {processor.py:208} INFO - Processing /home/airflow/.local/lib/python3.12/site-packages/airflow/example_dags/example_task_group.py took 0.077 seconds
[2024-11-13T00:03:31.322+0000] {processor.py:186} INFO - Started process (PID=11300) to work on /home/airflow/.local/lib/python3.12/site-packages/airflow/example_dags/example_task_group.py
[2024-11-13T00:03:31.324+0000] {processor.py:914} INFO - Processing file /home/airflow/.local/lib/python3.12/site-packages/airflow/example_dags/example_task_group.py for tasks to queue
[2024-11-13T00:03:31.326+0000] {logging_mixin.py:190} INFO - [2024-11-13T00:03:31.325+0000] {dagbag.py:588} INFO - Filling up the DagBag from /home/airflow/.local/lib/python3.12/site-packages/airflow/example_dags/example_task_group.py
[2024-11-13T00:03:31.349+0000] {processor.py:925} INFO - DAG(s) 'example_task_group' retrieved from /home/airflow/.local/lib/python3.12/site-packages/airflow/example_dags/example_task_group.py
[2024-11-13T00:03:31.388+0000] {logging_mixin.py:190} INFO - [2024-11-13T00:03:31.388+0000] {dag.py:3239} INFO - Sync 1 DAGs
[2024-11-13T00:03:31.410+0000] {logging_mixin.py:190} INFO - [2024-11-13T00:03:31.409+0000] {dag.py:4180} INFO - Setting next_dagrun for example_task_group to None, run_after=None
[2024-11-13T00:03:31.431+0000] {processor.py:208} INFO - Processing /home/airflow/.local/lib/python3.12/site-packages/airflow/example_dags/example_task_group.py took 0.127 seconds
[2024-11-13T00:04:01.931+0000] {processor.py:186} INFO - Started process (PID=11364) to work on /home/airflow/.local/lib/python3.12/site-packages/airflow/example_dags/example_task_group.py
[2024-11-13T00:04:01.932+0000] {processor.py:914} INFO - Processing file /home/airflow/.local/lib/python3.12/site-packages/airflow/example_dags/example_task_group.py for tasks to queue
[2024-11-13T00:04:01.933+0000] {logging_mixin.py:190} INFO - [2024-11-13T00:04:01.933+0000] {dagbag.py:588} INFO - Filling up the DagBag from /home/airflow/.local/lib/python3.12/site-packages/airflow/example_dags/example_task_group.py
[2024-11-13T00:04:01.942+0000] {processor.py:925} INFO - DAG(s) 'example_task_group' retrieved from /home/airflow/.local/lib/python3.12/site-packages/airflow/example_dags/example_task_group.py
[2024-11-13T00:04:01.965+0000] {logging_mixin.py:190} INFO - [2024-11-13T00:04:01.964+0000] {dag.py:3239} INFO - Sync 1 DAGs
[2024-11-13T00:04:01.979+0000] {logging_mixin.py:190} INFO - [2024-11-13T00:04:01.979+0000] {dag.py:4180} INFO - Setting next_dagrun for example_task_group to None, run_after=None
[2024-11-13T00:04:02.005+0000] {processor.py:208} INFO - Processing /home/airflow/.local/lib/python3.12/site-packages/airflow/example_dags/example_task_group.py took 0.083 seconds
[2024-11-13T00:04:32.145+0000] {processor.py:186} INFO - Started process (PID=11428) to work on /home/airflow/.local/lib/python3.12/site-packages/airflow/example_dags/example_task_group.py
[2024-11-13T00:04:32.146+0000] {processor.py:914} INFO - Processing file /home/airflow/.local/lib/python3.12/site-packages/airflow/example_dags/example_task_group.py for tasks to queue
[2024-11-13T00:04:32.148+0000] {logging_mixin.py:190} INFO - [2024-11-13T00:04:32.148+0000] {dagbag.py:588} INFO - Filling up the DagBag from /home/airflow/.local/lib/python3.12/site-packages/airflow/example_dags/example_task_group.py
[2024-11-13T00:04:32.163+0000] {processor.py:925} INFO - DAG(s) 'example_task_group' retrieved from /home/airflow/.local/lib/python3.12/site-packages/airflow/example_dags/example_task_group.py
[2024-11-13T00:04:32.195+0000] {logging_mixin.py:190} INFO - [2024-11-13T00:04:32.195+0000] {dag.py:3239} INFO - Sync 1 DAGs
[2024-11-13T00:04:32.215+0000] {logging_mixin.py:190} INFO - [2024-11-13T00:04:32.215+0000] {dag.py:4180} INFO - Setting next_dagrun for example_task_group to None, run_after=None
[2024-11-13T00:04:32.249+0000] {processor.py:208} INFO - Processing /home/airflow/.local/lib/python3.12/site-packages/airflow/example_dags/example_task_group.py took 0.115 seconds
[2024-11-13T00:05:02.504+0000] {processor.py:186} INFO - Started process (PID=11491) to work on /home/airflow/.local/lib/python3.12/site-packages/airflow/example_dags/example_task_group.py
[2024-11-13T00:05:02.505+0000] {processor.py:914} INFO - Processing file /home/airflow/.local/lib/python3.12/site-packages/airflow/example_dags/example_task_group.py for tasks to queue
[2024-11-13T00:05:02.507+0000] {logging_mixin.py:190} INFO - [2024-11-13T00:05:02.507+0000] {dagbag.py:588} INFO - Filling up the DagBag from /home/airflow/.local/lib/python3.12/site-packages/airflow/example_dags/example_task_group.py
[2024-11-13T00:05:02.521+0000] {processor.py:925} INFO - DAG(s) 'example_task_group' retrieved from /home/airflow/.local/lib/python3.12/site-packages/airflow/example_dags/example_task_group.py
[2024-11-13T00:05:02.552+0000] {logging_mixin.py:190} INFO - [2024-11-13T00:05:02.552+0000] {dag.py:3239} INFO - Sync 1 DAGs
[2024-11-13T00:05:02.567+0000] {logging_mixin.py:190} INFO - [2024-11-13T00:05:02.566+0000] {dag.py:4180} INFO - Setting next_dagrun for example_task_group to None, run_after=None
[2024-11-13T00:05:02.589+0000] {processor.py:208} INFO - Processing /home/airflow/.local/lib/python3.12/site-packages/airflow/example_dags/example_task_group.py took 0.105 seconds
[2024-11-13T00:05:32.926+0000] {processor.py:186} INFO - Started process (PID=11555) to work on /home/airflow/.local/lib/python3.12/site-packages/airflow/example_dags/example_task_group.py
[2024-11-13T00:05:32.927+0000] {processor.py:914} INFO - Processing file /home/airflow/.local/lib/python3.12/site-packages/airflow/example_dags/example_task_group.py for tasks to queue
[2024-11-13T00:05:32.929+0000] {logging_mixin.py:190} INFO - [2024-11-13T00:05:32.929+0000] {dagbag.py:588} INFO - Filling up the DagBag from /home/airflow/.local/lib/python3.12/site-packages/airflow/example_dags/example_task_group.py
[2024-11-13T00:05:32.942+0000] {processor.py:925} INFO - DAG(s) 'example_task_group' retrieved from /home/airflow/.local/lib/python3.12/site-packages/airflow/example_dags/example_task_group.py
[2024-11-13T00:05:32.967+0000] {logging_mixin.py:190} INFO - [2024-11-13T00:05:32.966+0000] {dag.py:3239} INFO - Sync 1 DAGs
[2024-11-13T00:05:32.984+0000] {logging_mixin.py:190} INFO - [2024-11-13T00:05:32.983+0000] {dag.py:4180} INFO - Setting next_dagrun for example_task_group to None, run_after=None
[2024-11-13T00:05:33.017+0000] {processor.py:208} INFO - Processing /home/airflow/.local/lib/python3.12/site-packages/airflow/example_dags/example_task_group.py took 0.101 seconds
[2024-11-13T00:06:03.216+0000] {processor.py:186} INFO - Started process (PID=11620) to work on /home/airflow/.local/lib/python3.12/site-packages/airflow/example_dags/example_task_group.py
[2024-11-13T00:06:03.217+0000] {processor.py:914} INFO - Processing file /home/airflow/.local/lib/python3.12/site-packages/airflow/example_dags/example_task_group.py for tasks to queue
[2024-11-13T00:06:03.219+0000] {logging_mixin.py:190} INFO - [2024-11-13T00:06:03.219+0000] {dagbag.py:588} INFO - Filling up the DagBag from /home/airflow/.local/lib/python3.12/site-packages/airflow/example_dags/example_task_group.py
[2024-11-13T00:06:03.231+0000] {processor.py:925} INFO - DAG(s) 'example_task_group' retrieved from /home/airflow/.local/lib/python3.12/site-packages/airflow/example_dags/example_task_group.py
[2024-11-13T00:06:03.256+0000] {logging_mixin.py:190} INFO - [2024-11-13T00:06:03.256+0000] {dag.py:3239} INFO - Sync 1 DAGs
[2024-11-13T00:06:03.272+0000] {logging_mixin.py:190} INFO - [2024-11-13T00:06:03.271+0000] {dag.py:4180} INFO - Setting next_dagrun for example_task_group to None, run_after=None
[2024-11-13T00:06:03.295+0000] {processor.py:208} INFO - Processing /home/airflow/.local/lib/python3.12/site-packages/airflow/example_dags/example_task_group.py took 0.089 seconds
[2024-11-13T00:06:34.353+0000] {processor.py:186} INFO - Started process (PID=11684) to work on /home/airflow/.local/lib/python3.12/site-packages/airflow/example_dags/example_task_group.py
[2024-11-13T00:06:34.354+0000] {processor.py:914} INFO - Processing file /home/airflow/.local/lib/python3.12/site-packages/airflow/example_dags/example_task_group.py for tasks to queue
[2024-11-13T00:06:34.357+0000] {logging_mixin.py:190} INFO - [2024-11-13T00:06:34.356+0000] {dagbag.py:588} INFO - Filling up the DagBag from /home/airflow/.local/lib/python3.12/site-packages/airflow/example_dags/example_task_group.py
[2024-11-13T00:06:34.378+0000] {processor.py:925} INFO - DAG(s) 'example_task_group' retrieved from /home/airflow/.local/lib/python3.12/site-packages/airflow/example_dags/example_task_group.py
[2024-11-13T00:06:34.419+0000] {logging_mixin.py:190} INFO - [2024-11-13T00:06:34.419+0000] {dag.py:3239} INFO - Sync 1 DAGs
[2024-11-13T00:06:34.447+0000] {logging_mixin.py:190} INFO - [2024-11-13T00:06:34.446+0000] {dag.py:4180} INFO - Setting next_dagrun for example_task_group to None, run_after=None
[2024-11-13T00:06:34.490+0000] {processor.py:208} INFO - Processing /home/airflow/.local/lib/python3.12/site-packages/airflow/example_dags/example_task_group.py took 0.148 seconds
[2024-11-13T00:07:05.376+0000] {processor.py:186} INFO - Started process (PID=11753) to work on /home/airflow/.local/lib/python3.12/site-packages/airflow/example_dags/example_task_group.py
[2024-11-13T00:07:05.377+0000] {processor.py:914} INFO - Processing file /home/airflow/.local/lib/python3.12/site-packages/airflow/example_dags/example_task_group.py for tasks to queue
[2024-11-13T00:07:05.378+0000] {logging_mixin.py:190} INFO - [2024-11-13T00:07:05.378+0000] {dagbag.py:588} INFO - Filling up the DagBag from /home/airflow/.local/lib/python3.12/site-packages/airflow/example_dags/example_task_group.py
[2024-11-13T00:07:05.387+0000] {processor.py:925} INFO - DAG(s) 'example_task_group' retrieved from /home/airflow/.local/lib/python3.12/site-packages/airflow/example_dags/example_task_group.py
[2024-11-13T00:07:05.411+0000] {logging_mixin.py:190} INFO - [2024-11-13T00:07:05.411+0000] {dag.py:3239} INFO - Sync 1 DAGs
[2024-11-13T00:07:05.425+0000] {logging_mixin.py:190} INFO - [2024-11-13T00:07:05.425+0000] {dag.py:4180} INFO - Setting next_dagrun for example_task_group to None, run_after=None
[2024-11-13T00:07:05.447+0000] {processor.py:208} INFO - Processing /home/airflow/.local/lib/python3.12/site-packages/airflow/example_dags/example_task_group.py took 0.077 seconds
[2024-11-13T00:07:36.096+0000] {processor.py:186} INFO - Started process (PID=11817) to work on /home/airflow/.local/lib/python3.12/site-packages/airflow/example_dags/example_task_group.py
[2024-11-13T00:07:36.097+0000] {processor.py:914} INFO - Processing file /home/airflow/.local/lib/python3.12/site-packages/airflow/example_dags/example_task_group.py for tasks to queue
[2024-11-13T00:07:36.100+0000] {logging_mixin.py:190} INFO - [2024-11-13T00:07:36.099+0000] {dagbag.py:588} INFO - Filling up the DagBag from /home/airflow/.local/lib/python3.12/site-packages/airflow/example_dags/example_task_group.py
[2024-11-13T00:07:36.110+0000] {processor.py:925} INFO - DAG(s) 'example_task_group' retrieved from /home/airflow/.local/lib/python3.12/site-packages/airflow/example_dags/example_task_group.py
[2024-11-13T00:07:36.134+0000] {logging_mixin.py:190} INFO - [2024-11-13T00:07:36.133+0000] {dag.py:3239} INFO - Sync 1 DAGs
[2024-11-13T00:07:36.148+0000] {logging_mixin.py:190} INFO - [2024-11-13T00:07:36.148+0000] {dag.py:4180} INFO - Setting next_dagrun for example_task_group to None, run_after=None
[2024-11-13T00:07:36.172+0000] {processor.py:208} INFO - Processing /home/airflow/.local/lib/python3.12/site-packages/airflow/example_dags/example_task_group.py took 0.085 seconds
[2024-11-13T00:08:06.958+0000] {processor.py:186} INFO - Started process (PID=11881) to work on /home/airflow/.local/lib/python3.12/site-packages/airflow/example_dags/example_task_group.py
[2024-11-13T00:08:06.961+0000] {processor.py:914} INFO - Processing file /home/airflow/.local/lib/python3.12/site-packages/airflow/example_dags/example_task_group.py for tasks to queue
[2024-11-13T00:08:06.964+0000] {logging_mixin.py:190} INFO - [2024-11-13T00:08:06.963+0000] {dagbag.py:588} INFO - Filling up the DagBag from /home/airflow/.local/lib/python3.12/site-packages/airflow/example_dags/example_task_group.py
[2024-11-13T00:08:06.977+0000] {processor.py:925} INFO - DAG(s) 'example_task_group' retrieved from /home/airflow/.local/lib/python3.12/site-packages/airflow/example_dags/example_task_group.py
[2024-11-13T00:08:07.003+0000] {logging_mixin.py:190} INFO - [2024-11-13T00:08:07.003+0000] {dag.py:3239} INFO - Sync 1 DAGs
[2024-11-13T00:08:07.026+0000] {logging_mixin.py:190} INFO - [2024-11-13T00:08:07.024+0000] {dag.py:4180} INFO - Setting next_dagrun for example_task_group to None, run_after=None
[2024-11-13T00:08:07.062+0000] {processor.py:208} INFO - Processing /home/airflow/.local/lib/python3.12/site-packages/airflow/example_dags/example_task_group.py took 0.111 seconds
[2024-11-13T00:08:38.057+0000] {processor.py:186} INFO - Started process (PID=11945) to work on /home/airflow/.local/lib/python3.12/site-packages/airflow/example_dags/example_task_group.py
[2024-11-13T00:08:38.060+0000] {processor.py:914} INFO - Processing file /home/airflow/.local/lib/python3.12/site-packages/airflow/example_dags/example_task_group.py for tasks to queue
[2024-11-13T00:08:38.062+0000] {logging_mixin.py:190} INFO - [2024-11-13T00:08:38.062+0000] {dagbag.py:588} INFO - Filling up the DagBag from /home/airflow/.local/lib/python3.12/site-packages/airflow/example_dags/example_task_group.py
[2024-11-13T00:08:38.075+0000] {processor.py:925} INFO - DAG(s) 'example_task_group' retrieved from /home/airflow/.local/lib/python3.12/site-packages/airflow/example_dags/example_task_group.py
[2024-11-13T00:08:38.127+0000] {logging_mixin.py:190} INFO - [2024-11-13T00:08:38.119+0000] {dag.py:3239} INFO - Sync 1 DAGs
[2024-11-13T00:08:38.154+0000] {logging_mixin.py:190} INFO - [2024-11-13T00:08:38.153+0000] {dag.py:4180} INFO - Setting next_dagrun for example_task_group to None, run_after=None
[2024-11-13T00:08:38.203+0000] {processor.py:208} INFO - Processing /home/airflow/.local/lib/python3.12/site-packages/airflow/example_dags/example_task_group.py took 0.159 seconds
[2024-11-13T00:09:08.849+0000] {processor.py:186} INFO - Started process (PID=12009) to work on /home/airflow/.local/lib/python3.12/site-packages/airflow/example_dags/example_task_group.py
[2024-11-13T00:09:08.851+0000] {processor.py:914} INFO - Processing file /home/airflow/.local/lib/python3.12/site-packages/airflow/example_dags/example_task_group.py for tasks to queue
[2024-11-13T00:09:08.853+0000] {logging_mixin.py:190} INFO - [2024-11-13T00:09:08.852+0000] {dagbag.py:588} INFO - Filling up the DagBag from /home/airflow/.local/lib/python3.12/site-packages/airflow/example_dags/example_task_group.py
[2024-11-13T00:09:08.863+0000] {processor.py:925} INFO - DAG(s) 'example_task_group' retrieved from /home/airflow/.local/lib/python3.12/site-packages/airflow/example_dags/example_task_group.py
[2024-11-13T00:09:08.887+0000] {logging_mixin.py:190} INFO - [2024-11-13T00:09:08.886+0000] {dag.py:3239} INFO - Sync 1 DAGs
[2024-11-13T00:09:08.902+0000] {logging_mixin.py:190} INFO - [2024-11-13T00:09:08.902+0000] {dag.py:4180} INFO - Setting next_dagrun for example_task_group to None, run_after=None
[2024-11-13T00:09:08.926+0000] {processor.py:208} INFO - Processing /home/airflow/.local/lib/python3.12/site-packages/airflow/example_dags/example_task_group.py took 0.086 seconds
[2024-11-13T00:09:39.002+0000] {processor.py:186} INFO - Started process (PID=12073) to work on /home/airflow/.local/lib/python3.12/site-packages/airflow/example_dags/example_task_group.py
[2024-11-13T00:09:39.003+0000] {processor.py:914} INFO - Processing file /home/airflow/.local/lib/python3.12/site-packages/airflow/example_dags/example_task_group.py for tasks to queue
[2024-11-13T00:09:39.005+0000] {logging_mixin.py:190} INFO - [2024-11-13T00:09:39.004+0000] {dagbag.py:588} INFO - Filling up the DagBag from /home/airflow/.local/lib/python3.12/site-packages/airflow/example_dags/example_task_group.py
[2024-11-13T00:09:39.018+0000] {processor.py:925} INFO - DAG(s) 'example_task_group' retrieved from /home/airflow/.local/lib/python3.12/site-packages/airflow/example_dags/example_task_group.py
[2024-11-13T00:09:39.045+0000] {logging_mixin.py:190} INFO - [2024-11-13T00:09:39.045+0000] {dag.py:3239} INFO - Sync 1 DAGs
[2024-11-13T00:09:39.062+0000] {logging_mixin.py:190} INFO - [2024-11-13T00:09:39.061+0000] {dag.py:4180} INFO - Setting next_dagrun for example_task_group to None, run_after=None
[2024-11-13T00:09:39.086+0000] {processor.py:208} INFO - Processing /home/airflow/.local/lib/python3.12/site-packages/airflow/example_dags/example_task_group.py took 0.091 seconds
[2024-11-13T00:10:10.033+0000] {processor.py:186} INFO - Started process (PID=12137) to work on /home/airflow/.local/lib/python3.12/site-packages/airflow/example_dags/example_task_group.py
[2024-11-13T00:10:10.035+0000] {processor.py:914} INFO - Processing file /home/airflow/.local/lib/python3.12/site-packages/airflow/example_dags/example_task_group.py for tasks to queue
[2024-11-13T00:10:10.038+0000] {logging_mixin.py:190} INFO - [2024-11-13T00:10:10.038+0000] {dagbag.py:588} INFO - Filling up the DagBag from /home/airflow/.local/lib/python3.12/site-packages/airflow/example_dags/example_task_group.py
[2024-11-13T00:10:10.048+0000] {processor.py:925} INFO - DAG(s) 'example_task_group' retrieved from /home/airflow/.local/lib/python3.12/site-packages/airflow/example_dags/example_task_group.py
[2024-11-13T00:10:10.078+0000] {logging_mixin.py:190} INFO - [2024-11-13T00:10:10.078+0000] {dag.py:3239} INFO - Sync 1 DAGs
[2024-11-13T00:10:10.094+0000] {logging_mixin.py:190} INFO - [2024-11-13T00:10:10.094+0000] {dag.py:4180} INFO - Setting next_dagrun for example_task_group to None, run_after=None
[2024-11-13T00:10:10.120+0000] {processor.py:208} INFO - Processing /home/airflow/.local/lib/python3.12/site-packages/airflow/example_dags/example_task_group.py took 0.095 seconds
[2024-11-13T00:10:40.592+0000] {processor.py:186} INFO - Started process (PID=12201) to work on /home/airflow/.local/lib/python3.12/site-packages/airflow/example_dags/example_task_group.py
[2024-11-13T00:10:40.592+0000] {processor.py:914} INFO - Processing file /home/airflow/.local/lib/python3.12/site-packages/airflow/example_dags/example_task_group.py for tasks to queue
[2024-11-13T00:10:40.594+0000] {logging_mixin.py:190} INFO - [2024-11-13T00:10:40.593+0000] {dagbag.py:588} INFO - Filling up the DagBag from /home/airflow/.local/lib/python3.12/site-packages/airflow/example_dags/example_task_group.py
[2024-11-13T00:10:40.606+0000] {processor.py:925} INFO - DAG(s) 'example_task_group' retrieved from /home/airflow/.local/lib/python3.12/site-packages/airflow/example_dags/example_task_group.py
[2024-11-13T00:10:40.634+0000] {logging_mixin.py:190} INFO - [2024-11-13T00:10:40.633+0000] {dag.py:3239} INFO - Sync 1 DAGs
[2024-11-13T00:10:40.651+0000] {logging_mixin.py:190} INFO - [2024-11-13T00:10:40.651+0000] {dag.py:4180} INFO - Setting next_dagrun for example_task_group to None, run_after=None
[2024-11-13T00:10:40.676+0000] {processor.py:208} INFO - Processing /home/airflow/.local/lib/python3.12/site-packages/airflow/example_dags/example_task_group.py took 0.091 seconds
[2024-11-13T00:11:10.852+0000] {processor.py:186} INFO - Started process (PID=12265) to work on /home/airflow/.local/lib/python3.12/site-packages/airflow/example_dags/example_task_group.py
[2024-11-13T00:11:10.853+0000] {processor.py:914} INFO - Processing file /home/airflow/.local/lib/python3.12/site-packages/airflow/example_dags/example_task_group.py for tasks to queue
[2024-11-13T00:11:10.854+0000] {logging_mixin.py:190} INFO - [2024-11-13T00:11:10.854+0000] {dagbag.py:588} INFO - Filling up the DagBag from /home/airflow/.local/lib/python3.12/site-packages/airflow/example_dags/example_task_group.py
[2024-11-13T00:11:10.863+0000] {processor.py:925} INFO - DAG(s) 'example_task_group' retrieved from /home/airflow/.local/lib/python3.12/site-packages/airflow/example_dags/example_task_group.py
[2024-11-13T00:11:10.884+0000] {logging_mixin.py:190} INFO - [2024-11-13T00:11:10.884+0000] {dag.py:3239} INFO - Sync 1 DAGs
[2024-11-13T00:11:10.898+0000] {logging_mixin.py:190} INFO - [2024-11-13T00:11:10.898+0000] {dag.py:4180} INFO - Setting next_dagrun for example_task_group to None, run_after=None
[2024-11-13T00:11:10.919+0000] {processor.py:208} INFO - Processing /home/airflow/.local/lib/python3.12/site-packages/airflow/example_dags/example_task_group.py took 0.076 seconds
[2024-11-13T00:11:41.020+0000] {processor.py:186} INFO - Started process (PID=12329) to work on /home/airflow/.local/lib/python3.12/site-packages/airflow/example_dags/example_task_group.py
[2024-11-13T00:11:41.021+0000] {processor.py:914} INFO - Processing file /home/airflow/.local/lib/python3.12/site-packages/airflow/example_dags/example_task_group.py for tasks to queue
[2024-11-13T00:11:41.023+0000] {logging_mixin.py:190} INFO - [2024-11-13T00:11:41.022+0000] {dagbag.py:588} INFO - Filling up the DagBag from /home/airflow/.local/lib/python3.12/site-packages/airflow/example_dags/example_task_group.py
[2024-11-13T00:11:41.032+0000] {processor.py:925} INFO - DAG(s) 'example_task_group' retrieved from /home/airflow/.local/lib/python3.12/site-packages/airflow/example_dags/example_task_group.py
[2024-11-13T00:11:41.055+0000] {logging_mixin.py:190} INFO - [2024-11-13T00:11:41.055+0000] {dag.py:3239} INFO - Sync 1 DAGs
[2024-11-13T00:11:41.070+0000] {logging_mixin.py:190} INFO - [2024-11-13T00:11:41.069+0000] {dag.py:4180} INFO - Setting next_dagrun for example_task_group to None, run_after=None
[2024-11-13T00:11:41.096+0000] {processor.py:208} INFO - Processing /home/airflow/.local/lib/python3.12/site-packages/airflow/example_dags/example_task_group.py took 0.086 seconds
[2024-11-13T00:12:11.643+0000] {processor.py:186} INFO - Started process (PID=12393) to work on /home/airflow/.local/lib/python3.12/site-packages/airflow/example_dags/example_task_group.py
[2024-11-13T00:12:11.644+0000] {processor.py:914} INFO - Processing file /home/airflow/.local/lib/python3.12/site-packages/airflow/example_dags/example_task_group.py for tasks to queue
[2024-11-13T00:12:11.645+0000] {logging_mixin.py:190} INFO - [2024-11-13T00:12:11.645+0000] {dagbag.py:588} INFO - Filling up the DagBag from /home/airflow/.local/lib/python3.12/site-packages/airflow/example_dags/example_task_group.py
[2024-11-13T00:12:11.655+0000] {processor.py:925} INFO - DAG(s) 'example_task_group' retrieved from /home/airflow/.local/lib/python3.12/site-packages/airflow/example_dags/example_task_group.py
[2024-11-13T00:12:11.677+0000] {logging_mixin.py:190} INFO - [2024-11-13T00:12:11.677+0000] {dag.py:3239} INFO - Sync 1 DAGs
[2024-11-13T00:12:11.691+0000] {logging_mixin.py:190} INFO - [2024-11-13T00:12:11.691+0000] {dag.py:4180} INFO - Setting next_dagrun for example_task_group to None, run_after=None
[2024-11-13T00:12:11.714+0000] {processor.py:208} INFO - Processing /home/airflow/.local/lib/python3.12/site-packages/airflow/example_dags/example_task_group.py took 0.080 seconds
[2024-11-13T00:12:42.269+0000] {processor.py:186} INFO - Started process (PID=12457) to work on /home/airflow/.local/lib/python3.12/site-packages/airflow/example_dags/example_task_group.py
[2024-11-13T00:12:42.270+0000] {processor.py:914} INFO - Processing file /home/airflow/.local/lib/python3.12/site-packages/airflow/example_dags/example_task_group.py for tasks to queue
[2024-11-13T00:12:42.271+0000] {logging_mixin.py:190} INFO - [2024-11-13T00:12:42.271+0000] {dagbag.py:588} INFO - Filling up the DagBag from /home/airflow/.local/lib/python3.12/site-packages/airflow/example_dags/example_task_group.py
[2024-11-13T00:12:42.280+0000] {processor.py:925} INFO - DAG(s) 'example_task_group' retrieved from /home/airflow/.local/lib/python3.12/site-packages/airflow/example_dags/example_task_group.py
[2024-11-13T00:12:42.301+0000] {logging_mixin.py:190} INFO - [2024-11-13T00:12:42.301+0000] {dag.py:3239} INFO - Sync 1 DAGs
[2024-11-13T00:12:42.318+0000] {logging_mixin.py:190} INFO - [2024-11-13T00:12:42.318+0000] {dag.py:4180} INFO - Setting next_dagrun for example_task_group to None, run_after=None
[2024-11-13T00:12:42.342+0000] {processor.py:208} INFO - Processing /home/airflow/.local/lib/python3.12/site-packages/airflow/example_dags/example_task_group.py took 0.081 seconds
[2024-11-13T00:13:13.438+0000] {processor.py:186} INFO - Started process (PID=12521) to work on /home/airflow/.local/lib/python3.12/site-packages/airflow/example_dags/example_task_group.py
[2024-11-13T00:13:13.439+0000] {processor.py:914} INFO - Processing file /home/airflow/.local/lib/python3.12/site-packages/airflow/example_dags/example_task_group.py for tasks to queue
[2024-11-13T00:13:13.441+0000] {logging_mixin.py:190} INFO - [2024-11-13T00:13:13.440+0000] {dagbag.py:588} INFO - Filling up the DagBag from /home/airflow/.local/lib/python3.12/site-packages/airflow/example_dags/example_task_group.py
[2024-11-13T00:13:13.451+0000] {processor.py:925} INFO - DAG(s) 'example_task_group' retrieved from /home/airflow/.local/lib/python3.12/site-packages/airflow/example_dags/example_task_group.py
[2024-11-13T00:13:13.473+0000] {logging_mixin.py:190} INFO - [2024-11-13T00:13:13.473+0000] {dag.py:3239} INFO - Sync 1 DAGs
[2024-11-13T00:13:13.492+0000] {logging_mixin.py:190} INFO - [2024-11-13T00:13:13.491+0000] {dag.py:4180} INFO - Setting next_dagrun for example_task_group to None, run_after=None
[2024-11-13T00:13:13.516+0000] {processor.py:208} INFO - Processing /home/airflow/.local/lib/python3.12/site-packages/airflow/example_dags/example_task_group.py took 0.089 seconds
[2024-11-13T00:13:43.706+0000] {processor.py:186} INFO - Started process (PID=12584) to work on /home/airflow/.local/lib/python3.12/site-packages/airflow/example_dags/example_task_group.py
[2024-11-13T00:13:43.707+0000] {processor.py:914} INFO - Processing file /home/airflow/.local/lib/python3.12/site-packages/airflow/example_dags/example_task_group.py for tasks to queue
[2024-11-13T00:13:43.709+0000] {logging_mixin.py:190} INFO - [2024-11-13T00:13:43.709+0000] {dagbag.py:588} INFO - Filling up the DagBag from /home/airflow/.local/lib/python3.12/site-packages/airflow/example_dags/example_task_group.py
[2024-11-13T00:13:43.718+0000] {processor.py:925} INFO - DAG(s) 'example_task_group' retrieved from /home/airflow/.local/lib/python3.12/site-packages/airflow/example_dags/example_task_group.py
[2024-11-13T00:13:43.743+0000] {logging_mixin.py:190} INFO - [2024-11-13T00:13:43.743+0000] {dag.py:3239} INFO - Sync 1 DAGs
[2024-11-13T00:13:43.760+0000] {logging_mixin.py:190} INFO - [2024-11-13T00:13:43.760+0000] {dag.py:4180} INFO - Setting next_dagrun for example_task_group to None, run_after=None
[2024-11-13T00:13:43.788+0000] {processor.py:208} INFO - Processing /home/airflow/.local/lib/python3.12/site-packages/airflow/example_dags/example_task_group.py took 0.091 seconds
[2024-11-13T00:14:13.995+0000] {processor.py:186} INFO - Started process (PID=12648) to work on /home/airflow/.local/lib/python3.12/site-packages/airflow/example_dags/example_task_group.py
[2024-11-13T00:14:13.996+0000] {processor.py:914} INFO - Processing file /home/airflow/.local/lib/python3.12/site-packages/airflow/example_dags/example_task_group.py for tasks to queue
[2024-11-13T00:14:13.998+0000] {logging_mixin.py:190} INFO - [2024-11-13T00:14:13.997+0000] {dagbag.py:588} INFO - Filling up the DagBag from /home/airflow/.local/lib/python3.12/site-packages/airflow/example_dags/example_task_group.py
[2024-11-13T00:14:14.008+0000] {processor.py:925} INFO - DAG(s) 'example_task_group' retrieved from /home/airflow/.local/lib/python3.12/site-packages/airflow/example_dags/example_task_group.py
[2024-11-13T00:14:14.033+0000] {logging_mixin.py:190} INFO - [2024-11-13T00:14:14.032+0000] {dag.py:3239} INFO - Sync 1 DAGs
[2024-11-13T00:14:14.049+0000] {logging_mixin.py:190} INFO - [2024-11-13T00:14:14.049+0000] {dag.py:4180} INFO - Setting next_dagrun for example_task_group to None, run_after=None
[2024-11-13T00:14:14.075+0000] {processor.py:208} INFO - Processing /home/airflow/.local/lib/python3.12/site-packages/airflow/example_dags/example_task_group.py took 0.089 seconds
[2024-11-13T00:14:44.337+0000] {processor.py:186} INFO - Started process (PID=12712) to work on /home/airflow/.local/lib/python3.12/site-packages/airflow/example_dags/example_task_group.py
[2024-11-13T00:14:44.339+0000] {processor.py:914} INFO - Processing file /home/airflow/.local/lib/python3.12/site-packages/airflow/example_dags/example_task_group.py for tasks to queue
[2024-11-13T00:14:44.340+0000] {logging_mixin.py:190} INFO - [2024-11-13T00:14:44.340+0000] {dagbag.py:588} INFO - Filling up the DagBag from /home/airflow/.local/lib/python3.12/site-packages/airflow/example_dags/example_task_group.py
[2024-11-13T00:14:44.350+0000] {processor.py:925} INFO - DAG(s) 'example_task_group' retrieved from /home/airflow/.local/lib/python3.12/site-packages/airflow/example_dags/example_task_group.py
[2024-11-13T00:14:44.374+0000] {logging_mixin.py:190} INFO - [2024-11-13T00:14:44.373+0000] {dag.py:3239} INFO - Sync 1 DAGs
[2024-11-13T00:14:44.389+0000] {logging_mixin.py:190} INFO - [2024-11-13T00:14:44.389+0000] {dag.py:4180} INFO - Setting next_dagrun for example_task_group to None, run_after=None
[2024-11-13T00:14:44.411+0000] {processor.py:208} INFO - Processing /home/airflow/.local/lib/python3.12/site-packages/airflow/example_dags/example_task_group.py took 0.082 seconds
[2024-11-13T00:15:14.833+0000] {processor.py:186} INFO - Started process (PID=12776) to work on /home/airflow/.local/lib/python3.12/site-packages/airflow/example_dags/example_task_group.py
[2024-11-13T00:15:14.834+0000] {processor.py:914} INFO - Processing file /home/airflow/.local/lib/python3.12/site-packages/airflow/example_dags/example_task_group.py for tasks to queue
[2024-11-13T00:15:14.835+0000] {logging_mixin.py:190} INFO - [2024-11-13T00:15:14.835+0000] {dagbag.py:588} INFO - Filling up the DagBag from /home/airflow/.local/lib/python3.12/site-packages/airflow/example_dags/example_task_group.py
[2024-11-13T00:15:14.846+0000] {processor.py:925} INFO - DAG(s) 'example_task_group' retrieved from /home/airflow/.local/lib/python3.12/site-packages/airflow/example_dags/example_task_group.py
[2024-11-13T00:15:14.869+0000] {logging_mixin.py:190} INFO - [2024-11-13T00:15:14.869+0000] {dag.py:3239} INFO - Sync 1 DAGs
[2024-11-13T00:15:14.883+0000] {logging_mixin.py:190} INFO - [2024-11-13T00:15:14.883+0000] {dag.py:4180} INFO - Setting next_dagrun for example_task_group to None, run_after=None
[2024-11-13T00:15:14.905+0000] {processor.py:208} INFO - Processing /home/airflow/.local/lib/python3.12/site-packages/airflow/example_dags/example_task_group.py took 0.080 seconds
[2024-11-13T00:15:45.316+0000] {processor.py:186} INFO - Started process (PID=12840) to work on /home/airflow/.local/lib/python3.12/site-packages/airflow/example_dags/example_task_group.py
[2024-11-13T00:15:45.317+0000] {processor.py:914} INFO - Processing file /home/airflow/.local/lib/python3.12/site-packages/airflow/example_dags/example_task_group.py for tasks to queue
[2024-11-13T00:15:45.318+0000] {logging_mixin.py:190} INFO - [2024-11-13T00:15:45.318+0000] {dagbag.py:588} INFO - Filling up the DagBag from /home/airflow/.local/lib/python3.12/site-packages/airflow/example_dags/example_task_group.py
[2024-11-13T00:15:45.330+0000] {processor.py:925} INFO - DAG(s) 'example_task_group' retrieved from /home/airflow/.local/lib/python3.12/site-packages/airflow/example_dags/example_task_group.py
[2024-11-13T00:15:45.353+0000] {logging_mixin.py:190} INFO - [2024-11-13T00:15:45.352+0000] {dag.py:3239} INFO - Sync 1 DAGs
[2024-11-13T00:15:45.372+0000] {logging_mixin.py:190} INFO - [2024-11-13T00:15:45.372+0000] {dag.py:4180} INFO - Setting next_dagrun for example_task_group to None, run_after=None
[2024-11-13T00:15:45.394+0000] {processor.py:208} INFO - Processing /home/airflow/.local/lib/python3.12/site-packages/airflow/example_dags/example_task_group.py took 0.087 seconds
[2024-11-13T00:16:16.282+0000] {processor.py:186} INFO - Started process (PID=12905) to work on /home/airflow/.local/lib/python3.12/site-packages/airflow/example_dags/example_task_group.py
[2024-11-13T00:16:16.283+0000] {processor.py:914} INFO - Processing file /home/airflow/.local/lib/python3.12/site-packages/airflow/example_dags/example_task_group.py for tasks to queue
[2024-11-13T00:16:16.285+0000] {logging_mixin.py:190} INFO - [2024-11-13T00:16:16.284+0000] {dagbag.py:588} INFO - Filling up the DagBag from /home/airflow/.local/lib/python3.12/site-packages/airflow/example_dags/example_task_group.py
[2024-11-13T00:16:16.293+0000] {processor.py:925} INFO - DAG(s) 'example_task_group' retrieved from /home/airflow/.local/lib/python3.12/site-packages/airflow/example_dags/example_task_group.py
[2024-11-13T00:16:16.315+0000] {logging_mixin.py:190} INFO - [2024-11-13T00:16:16.314+0000] {dag.py:3239} INFO - Sync 1 DAGs
[2024-11-13T00:16:16.329+0000] {logging_mixin.py:190} INFO - [2024-11-13T00:16:16.329+0000] {dag.py:4180} INFO - Setting next_dagrun for example_task_group to None, run_after=None
[2024-11-13T00:16:16.519+0000] {processor.py:208} INFO - Processing /home/airflow/.local/lib/python3.12/site-packages/airflow/example_dags/example_task_group.py took 0.244 seconds
[2024-11-13T00:16:46.718+0000] {processor.py:186} INFO - Started process (PID=12969) to work on /home/airflow/.local/lib/python3.12/site-packages/airflow/example_dags/example_task_group.py
[2024-11-13T00:16:46.719+0000] {processor.py:914} INFO - Processing file /home/airflow/.local/lib/python3.12/site-packages/airflow/example_dags/example_task_group.py for tasks to queue
[2024-11-13T00:16:46.720+0000] {logging_mixin.py:190} INFO - [2024-11-13T00:16:46.720+0000] {dagbag.py:588} INFO - Filling up the DagBag from /home/airflow/.local/lib/python3.12/site-packages/airflow/example_dags/example_task_group.py
[2024-11-13T00:16:46.734+0000] {processor.py:925} INFO - DAG(s) 'example_task_group' retrieved from /home/airflow/.local/lib/python3.12/site-packages/airflow/example_dags/example_task_group.py
[2024-11-13T00:16:46.759+0000] {logging_mixin.py:190} INFO - [2024-11-13T00:16:46.758+0000] {dag.py:3239} INFO - Sync 1 DAGs
[2024-11-13T00:16:46.804+0000] {logging_mixin.py:190} INFO - [2024-11-13T00:16:46.803+0000] {dag.py:4180} INFO - Setting next_dagrun for example_task_group to None, run_after=None
[2024-11-13T00:16:46.829+0000] {processor.py:208} INFO - Processing /home/airflow/.local/lib/python3.12/site-packages/airflow/example_dags/example_task_group.py took 0.123 seconds
[2024-11-13T00:17:17.372+0000] {processor.py:186} INFO - Started process (PID=13033) to work on /home/airflow/.local/lib/python3.12/site-packages/airflow/example_dags/example_task_group.py
[2024-11-13T00:17:17.373+0000] {processor.py:914} INFO - Processing file /home/airflow/.local/lib/python3.12/site-packages/airflow/example_dags/example_task_group.py for tasks to queue
[2024-11-13T00:17:17.375+0000] {logging_mixin.py:190} INFO - [2024-11-13T00:17:17.375+0000] {dagbag.py:588} INFO - Filling up the DagBag from /home/airflow/.local/lib/python3.12/site-packages/airflow/example_dags/example_task_group.py
[2024-11-13T00:17:17.388+0000] {processor.py:925} INFO - DAG(s) 'example_task_group' retrieved from /home/airflow/.local/lib/python3.12/site-packages/airflow/example_dags/example_task_group.py
[2024-11-13T00:17:17.414+0000] {logging_mixin.py:190} INFO - [2024-11-13T00:17:17.414+0000] {dag.py:3239} INFO - Sync 1 DAGs
[2024-11-13T00:17:17.430+0000] {logging_mixin.py:190} INFO - [2024-11-13T00:17:17.430+0000] {dag.py:4180} INFO - Setting next_dagrun for example_task_group to None, run_after=None
[2024-11-13T00:17:17.458+0000] {processor.py:208} INFO - Processing /home/airflow/.local/lib/python3.12/site-packages/airflow/example_dags/example_task_group.py took 0.096 seconds
[2024-11-13T00:17:47.757+0000] {processor.py:186} INFO - Started process (PID=13097) to work on /home/airflow/.local/lib/python3.12/site-packages/airflow/example_dags/example_task_group.py
[2024-11-13T00:17:47.761+0000] {processor.py:914} INFO - Processing file /home/airflow/.local/lib/python3.12/site-packages/airflow/example_dags/example_task_group.py for tasks to queue
[2024-11-13T00:17:47.777+0000] {logging_mixin.py:190} INFO - [2024-11-13T00:17:47.776+0000] {dagbag.py:588} INFO - Filling up the DagBag from /home/airflow/.local/lib/python3.12/site-packages/airflow/example_dags/example_task_group.py
[2024-11-13T00:17:47.790+0000] {processor.py:925} INFO - DAG(s) 'example_task_group' retrieved from /home/airflow/.local/lib/python3.12/site-packages/airflow/example_dags/example_task_group.py
[2024-11-13T00:17:47.821+0000] {logging_mixin.py:190} INFO - [2024-11-13T00:17:47.821+0000] {dag.py:3239} INFO - Sync 1 DAGs
[2024-11-13T00:17:47.840+0000] {logging_mixin.py:190} INFO - [2024-11-13T00:17:47.840+0000] {dag.py:4180} INFO - Setting next_dagrun for example_task_group to None, run_after=None
[2024-11-13T00:17:47.867+0000] {processor.py:208} INFO - Processing /home/airflow/.local/lib/python3.12/site-packages/airflow/example_dags/example_task_group.py took 0.126 seconds
[2024-11-13T00:18:19.948+0000] {processor.py:186} INFO - Started process (PID=13161) to work on /home/airflow/.local/lib/python3.12/site-packages/airflow/example_dags/example_task_group.py
[2024-11-13T00:18:19.975+0000] {processor.py:914} INFO - Processing file /home/airflow/.local/lib/python3.12/site-packages/airflow/example_dags/example_task_group.py for tasks to queue
[2024-11-13T00:18:19.979+0000] {logging_mixin.py:190} INFO - [2024-11-13T00:18:19.978+0000] {dagbag.py:588} INFO - Filling up the DagBag from /home/airflow/.local/lib/python3.12/site-packages/airflow/example_dags/example_task_group.py
[2024-11-13T00:18:19.988+0000] {processor.py:925} INFO - DAG(s) 'example_task_group' retrieved from /home/airflow/.local/lib/python3.12/site-packages/airflow/example_dags/example_task_group.py
[2024-11-13T00:18:20.018+0000] {logging_mixin.py:190} INFO - [2024-11-13T00:18:20.017+0000] {dag.py:3239} INFO - Sync 1 DAGs
[2024-11-13T00:18:20.037+0000] {logging_mixin.py:190} INFO - [2024-11-13T00:18:20.036+0000] {dag.py:4180} INFO - Setting next_dagrun for example_task_group to None, run_after=None
[2024-11-13T00:18:20.116+0000] {processor.py:208} INFO - Processing /home/airflow/.local/lib/python3.12/site-packages/airflow/example_dags/example_task_group.py took 0.181 seconds
[2024-11-13T00:18:51.139+0000] {processor.py:186} INFO - Started process (PID=13225) to work on /home/airflow/.local/lib/python3.12/site-packages/airflow/example_dags/example_task_group.py
[2024-11-13T00:18:51.140+0000] {processor.py:914} INFO - Processing file /home/airflow/.local/lib/python3.12/site-packages/airflow/example_dags/example_task_group.py for tasks to queue
[2024-11-13T00:18:51.142+0000] {logging_mixin.py:190} INFO - [2024-11-13T00:18:51.142+0000] {dagbag.py:588} INFO - Filling up the DagBag from /home/airflow/.local/lib/python3.12/site-packages/airflow/example_dags/example_task_group.py
[2024-11-13T00:18:51.151+0000] {processor.py:925} INFO - DAG(s) 'example_task_group' retrieved from /home/airflow/.local/lib/python3.12/site-packages/airflow/example_dags/example_task_group.py
[2024-11-13T00:18:51.330+0000] {logging_mixin.py:190} INFO - [2024-11-13T00:18:51.330+0000] {dag.py:3239} INFO - Sync 1 DAGs
[2024-11-13T00:18:51.378+0000] {logging_mixin.py:190} INFO - [2024-11-13T00:18:51.378+0000] {dag.py:4180} INFO - Setting next_dagrun for example_task_group to None, run_after=None
[2024-11-13T00:18:51.627+0000] {processor.py:208} INFO - Processing /home/airflow/.local/lib/python3.12/site-packages/airflow/example_dags/example_task_group.py took 0.496 seconds
[2024-11-13T00:19:42.183+0000] {processor.py:186} INFO - Started process (PID=13306) to work on /home/airflow/.local/lib/python3.12/site-packages/airflow/example_dags/example_task_group.py
[2024-11-13T00:19:42.184+0000] {processor.py:914} INFO - Processing file /home/airflow/.local/lib/python3.12/site-packages/airflow/example_dags/example_task_group.py for tasks to queue
[2024-11-13T00:19:42.186+0000] {logging_mixin.py:190} INFO - [2024-11-13T00:19:42.186+0000] {dagbag.py:588} INFO - Filling up the DagBag from /home/airflow/.local/lib/python3.12/site-packages/airflow/example_dags/example_task_group.py
[2024-11-13T00:19:42.198+0000] {processor.py:925} INFO - DAG(s) 'example_task_group' retrieved from /home/airflow/.local/lib/python3.12/site-packages/airflow/example_dags/example_task_group.py
[2024-11-13T00:19:42.228+0000] {logging_mixin.py:190} INFO - [2024-11-13T00:19:42.227+0000] {dag.py:3239} INFO - Sync 1 DAGs
[2024-11-13T00:19:42.259+0000] {logging_mixin.py:190} INFO - [2024-11-13T00:19:42.258+0000] {dag.py:4180} INFO - Setting next_dagrun for example_task_group to None, run_after=None
[2024-11-13T00:19:42.297+0000] {processor.py:208} INFO - Processing /home/airflow/.local/lib/python3.12/site-packages/airflow/example_dags/example_task_group.py took 0.123 seconds
[2024-11-13T00:20:14.985+0000] {processor.py:186} INFO - Started process (PID=13370) to work on /home/airflow/.local/lib/python3.12/site-packages/airflow/example_dags/example_task_group.py
[2024-11-13T00:20:14.987+0000] {processor.py:914} INFO - Processing file /home/airflow/.local/lib/python3.12/site-packages/airflow/example_dags/example_task_group.py for tasks to queue
[2024-11-13T00:20:14.989+0000] {logging_mixin.py:190} INFO - [2024-11-13T00:20:14.989+0000] {dagbag.py:588} INFO - Filling up the DagBag from /home/airflow/.local/lib/python3.12/site-packages/airflow/example_dags/example_task_group.py
[2024-11-13T00:20:15.009+0000] {processor.py:925} INFO - DAG(s) 'example_task_group' retrieved from /home/airflow/.local/lib/python3.12/site-packages/airflow/example_dags/example_task_group.py
[2024-11-13T00:20:15.053+0000] {logging_mixin.py:190} INFO - [2024-11-13T00:20:15.051+0000] {dag.py:3239} INFO - Sync 1 DAGs
[2024-11-13T00:20:15.077+0000] {logging_mixin.py:190} INFO - [2024-11-13T00:20:15.077+0000] {dag.py:4180} INFO - Setting next_dagrun for example_task_group to None, run_after=None
[2024-11-13T00:20:15.121+0000] {processor.py:208} INFO - Processing /home/airflow/.local/lib/python3.12/site-packages/airflow/example_dags/example_task_group.py took 0.146 seconds
[2024-11-13T00:20:45.359+0000] {processor.py:186} INFO - Started process (PID=13434) to work on /home/airflow/.local/lib/python3.12/site-packages/airflow/example_dags/example_task_group.py
[2024-11-13T00:20:45.360+0000] {processor.py:914} INFO - Processing file /home/airflow/.local/lib/python3.12/site-packages/airflow/example_dags/example_task_group.py for tasks to queue
[2024-11-13T00:20:45.362+0000] {logging_mixin.py:190} INFO - [2024-11-13T00:20:45.362+0000] {dagbag.py:588} INFO - Filling up the DagBag from /home/airflow/.local/lib/python3.12/site-packages/airflow/example_dags/example_task_group.py
[2024-11-13T00:20:45.374+0000] {processor.py:925} INFO - DAG(s) 'example_task_group' retrieved from /home/airflow/.local/lib/python3.12/site-packages/airflow/example_dags/example_task_group.py
[2024-11-13T00:20:45.402+0000] {logging_mixin.py:190} INFO - [2024-11-13T00:20:45.401+0000] {dag.py:3239} INFO - Sync 1 DAGs
[2024-11-13T00:20:45.420+0000] {logging_mixin.py:190} INFO - [2024-11-13T00:20:45.419+0000] {dag.py:4180} INFO - Setting next_dagrun for example_task_group to None, run_after=None
[2024-11-13T00:20:45.445+0000] {processor.py:208} INFO - Processing /home/airflow/.local/lib/python3.12/site-packages/airflow/example_dags/example_task_group.py took 0.097 seconds
[2024-11-13T00:21:16.315+0000] {processor.py:186} INFO - Started process (PID=13498) to work on /home/airflow/.local/lib/python3.12/site-packages/airflow/example_dags/example_task_group.py
[2024-11-13T00:21:16.316+0000] {processor.py:914} INFO - Processing file /home/airflow/.local/lib/python3.12/site-packages/airflow/example_dags/example_task_group.py for tasks to queue
[2024-11-13T00:21:16.317+0000] {logging_mixin.py:190} INFO - [2024-11-13T00:21:16.317+0000] {dagbag.py:588} INFO - Filling up the DagBag from /home/airflow/.local/lib/python3.12/site-packages/airflow/example_dags/example_task_group.py
[2024-11-13T00:21:16.331+0000] {processor.py:925} INFO - DAG(s) 'example_task_group' retrieved from /home/airflow/.local/lib/python3.12/site-packages/airflow/example_dags/example_task_group.py
[2024-11-13T00:21:16.357+0000] {logging_mixin.py:190} INFO - [2024-11-13T00:21:16.357+0000] {dag.py:3239} INFO - Sync 1 DAGs
[2024-11-13T00:21:16.376+0000] {logging_mixin.py:190} INFO - [2024-11-13T00:21:16.376+0000] {dag.py:4180} INFO - Setting next_dagrun for example_task_group to None, run_after=None
[2024-11-13T00:21:16.400+0000] {processor.py:208} INFO - Processing /home/airflow/.local/lib/python3.12/site-packages/airflow/example_dags/example_task_group.py took 0.093 seconds
[2024-11-13T00:21:47.796+0000] {processor.py:186} INFO - Started process (PID=13562) to work on /home/airflow/.local/lib/python3.12/site-packages/airflow/example_dags/example_task_group.py
[2024-11-13T00:21:47.796+0000] {processor.py:914} INFO - Processing file /home/airflow/.local/lib/python3.12/site-packages/airflow/example_dags/example_task_group.py for tasks to queue
[2024-11-13T00:21:47.798+0000] {logging_mixin.py:190} INFO - [2024-11-13T00:21:47.797+0000] {dagbag.py:588} INFO - Filling up the DagBag from /home/airflow/.local/lib/python3.12/site-packages/airflow/example_dags/example_task_group.py
[2024-11-13T00:21:47.814+0000] {processor.py:925} INFO - DAG(s) 'example_task_group' retrieved from /home/airflow/.local/lib/python3.12/site-packages/airflow/example_dags/example_task_group.py
[2024-11-13T00:21:47.853+0000] {logging_mixin.py:190} INFO - [2024-11-13T00:21:47.852+0000] {dag.py:3239} INFO - Sync 1 DAGs
[2024-11-13T00:21:47.875+0000] {logging_mixin.py:190} INFO - [2024-11-13T00:21:47.874+0000] {dag.py:4180} INFO - Setting next_dagrun for example_task_group to None, run_after=None
[2024-11-13T00:21:47.904+0000] {processor.py:208} INFO - Processing /home/airflow/.local/lib/python3.12/site-packages/airflow/example_dags/example_task_group.py took 0.117 seconds
[2024-11-13T00:22:19.133+0000] {processor.py:186} INFO - Started process (PID=13626) to work on /home/airflow/.local/lib/python3.12/site-packages/airflow/example_dags/example_task_group.py
[2024-11-13T00:22:19.134+0000] {processor.py:914} INFO - Processing file /home/airflow/.local/lib/python3.12/site-packages/airflow/example_dags/example_task_group.py for tasks to queue
[2024-11-13T00:22:19.136+0000] {logging_mixin.py:190} INFO - [2024-11-13T00:22:19.135+0000] {dagbag.py:588} INFO - Filling up the DagBag from /home/airflow/.local/lib/python3.12/site-packages/airflow/example_dags/example_task_group.py
[2024-11-13T00:22:19.147+0000] {processor.py:925} INFO - DAG(s) 'example_task_group' retrieved from /home/airflow/.local/lib/python3.12/site-packages/airflow/example_dags/example_task_group.py
[2024-11-13T00:22:19.172+0000] {logging_mixin.py:190} INFO - [2024-11-13T00:22:19.172+0000] {dag.py:3239} INFO - Sync 1 DAGs
[2024-11-13T00:22:19.189+0000] {logging_mixin.py:190} INFO - [2024-11-13T00:22:19.188+0000] {dag.py:4180} INFO - Setting next_dagrun for example_task_group to None, run_after=None
[2024-11-13T00:22:19.215+0000] {processor.py:208} INFO - Processing /home/airflow/.local/lib/python3.12/site-packages/airflow/example_dags/example_task_group.py took 0.094 seconds
[2024-11-13T00:22:49.979+0000] {processor.py:186} INFO - Started process (PID=13690) to work on /home/airflow/.local/lib/python3.12/site-packages/airflow/example_dags/example_task_group.py
[2024-11-13T00:22:49.981+0000] {processor.py:914} INFO - Processing file /home/airflow/.local/lib/python3.12/site-packages/airflow/example_dags/example_task_group.py for tasks to queue
[2024-11-13T00:22:49.984+0000] {logging_mixin.py:190} INFO - [2024-11-13T00:22:49.983+0000] {dagbag.py:588} INFO - Filling up the DagBag from /home/airflow/.local/lib/python3.12/site-packages/airflow/example_dags/example_task_group.py
[2024-11-13T00:22:50.001+0000] {processor.py:925} INFO - DAG(s) 'example_task_group' retrieved from /home/airflow/.local/lib/python3.12/site-packages/airflow/example_dags/example_task_group.py
[2024-11-13T00:22:50.034+0000] {logging_mixin.py:190} INFO - [2024-11-13T00:22:50.034+0000] {dag.py:3239} INFO - Sync 1 DAGs
[2024-11-13T00:22:50.054+0000] {logging_mixin.py:190} INFO - [2024-11-13T00:22:50.054+0000] {dag.py:4180} INFO - Setting next_dagrun for example_task_group to None, run_after=None
[2024-11-13T00:22:50.081+0000] {processor.py:208} INFO - Processing /home/airflow/.local/lib/python3.12/site-packages/airflow/example_dags/example_task_group.py took 0.107 seconds
[2024-11-13T00:23:21.218+0000] {processor.py:186} INFO - Started process (PID=13754) to work on /home/airflow/.local/lib/python3.12/site-packages/airflow/example_dags/example_task_group.py
[2024-11-13T00:23:21.220+0000] {processor.py:914} INFO - Processing file /home/airflow/.local/lib/python3.12/site-packages/airflow/example_dags/example_task_group.py for tasks to queue
[2024-11-13T00:23:21.221+0000] {logging_mixin.py:190} INFO - [2024-11-13T00:23:21.221+0000] {dagbag.py:588} INFO - Filling up the DagBag from /home/airflow/.local/lib/python3.12/site-packages/airflow/example_dags/example_task_group.py
[2024-11-13T00:23:21.232+0000] {processor.py:925} INFO - DAG(s) 'example_task_group' retrieved from /home/airflow/.local/lib/python3.12/site-packages/airflow/example_dags/example_task_group.py
[2024-11-13T00:23:21.257+0000] {logging_mixin.py:190} INFO - [2024-11-13T00:23:21.257+0000] {dag.py:3239} INFO - Sync 1 DAGs
[2024-11-13T00:23:21.273+0000] {logging_mixin.py:190} INFO - [2024-11-13T00:23:21.273+0000] {dag.py:4180} INFO - Setting next_dagrun for example_task_group to None, run_after=None
[2024-11-13T00:23:21.298+0000] {processor.py:208} INFO - Processing /home/airflow/.local/lib/python3.12/site-packages/airflow/example_dags/example_task_group.py took 0.088 seconds
[2024-11-13T00:23:53.316+0000] {processor.py:186} INFO - Started process (PID=13820) to work on /home/airflow/.local/lib/python3.12/site-packages/airflow/example_dags/example_task_group.py
[2024-11-13T00:23:53.317+0000] {processor.py:914} INFO - Processing file /home/airflow/.local/lib/python3.12/site-packages/airflow/example_dags/example_task_group.py for tasks to queue
[2024-11-13T00:23:53.319+0000] {logging_mixin.py:190} INFO - [2024-11-13T00:23:53.318+0000] {dagbag.py:588} INFO - Filling up the DagBag from /home/airflow/.local/lib/python3.12/site-packages/airflow/example_dags/example_task_group.py
[2024-11-13T00:23:53.330+0000] {processor.py:925} INFO - DAG(s) 'example_task_group' retrieved from /home/airflow/.local/lib/python3.12/site-packages/airflow/example_dags/example_task_group.py
[2024-11-13T00:23:53.354+0000] {logging_mixin.py:190} INFO - [2024-11-13T00:23:53.354+0000] {dag.py:3239} INFO - Sync 1 DAGs
[2024-11-13T00:23:53.373+0000] {logging_mixin.py:190} INFO - [2024-11-13T00:23:53.373+0000] {dag.py:4180} INFO - Setting next_dagrun for example_task_group to None, run_after=None
[2024-11-13T00:23:53.399+0000] {processor.py:208} INFO - Processing /home/airflow/.local/lib/python3.12/site-packages/airflow/example_dags/example_task_group.py took 0.093 seconds
[2024-11-13T00:24:24.368+0000] {processor.py:186} INFO - Started process (PID=13884) to work on /home/airflow/.local/lib/python3.12/site-packages/airflow/example_dags/example_task_group.py
[2024-11-13T00:24:24.369+0000] {processor.py:914} INFO - Processing file /home/airflow/.local/lib/python3.12/site-packages/airflow/example_dags/example_task_group.py for tasks to queue
[2024-11-13T00:24:24.371+0000] {logging_mixin.py:190} INFO - [2024-11-13T00:24:24.371+0000] {dagbag.py:588} INFO - Filling up the DagBag from /home/airflow/.local/lib/python3.12/site-packages/airflow/example_dags/example_task_group.py
[2024-11-13T00:24:24.386+0000] {processor.py:925} INFO - DAG(s) 'example_task_group' retrieved from /home/airflow/.local/lib/python3.12/site-packages/airflow/example_dags/example_task_group.py
[2024-11-13T00:24:24.420+0000] {logging_mixin.py:190} INFO - [2024-11-13T00:24:24.419+0000] {dag.py:3239} INFO - Sync 1 DAGs
[2024-11-13T00:24:24.439+0000] {logging_mixin.py:190} INFO - [2024-11-13T00:24:24.439+0000] {dag.py:4180} INFO - Setting next_dagrun for example_task_group to None, run_after=None
[2024-11-13T00:24:24.465+0000] {processor.py:208} INFO - Processing /home/airflow/.local/lib/python3.12/site-packages/airflow/example_dags/example_task_group.py took 0.107 seconds
[2024-11-13T00:24:55.537+0000] {processor.py:186} INFO - Started process (PID=13948) to work on /home/airflow/.local/lib/python3.12/site-packages/airflow/example_dags/example_task_group.py
[2024-11-13T00:24:55.539+0000] {processor.py:914} INFO - Processing file /home/airflow/.local/lib/python3.12/site-packages/airflow/example_dags/example_task_group.py for tasks to queue
[2024-11-13T00:24:55.540+0000] {logging_mixin.py:190} INFO - [2024-11-13T00:24:55.540+0000] {dagbag.py:588} INFO - Filling up the DagBag from /home/airflow/.local/lib/python3.12/site-packages/airflow/example_dags/example_task_group.py
[2024-11-13T00:24:55.549+0000] {processor.py:925} INFO - DAG(s) 'example_task_group' retrieved from /home/airflow/.local/lib/python3.12/site-packages/airflow/example_dags/example_task_group.py
[2024-11-13T00:24:55.576+0000] {logging_mixin.py:190} INFO - [2024-11-13T00:24:55.576+0000] {dag.py:3239} INFO - Sync 1 DAGs
[2024-11-13T00:24:55.596+0000] {logging_mixin.py:190} INFO - [2024-11-13T00:24:55.596+0000] {dag.py:4180} INFO - Setting next_dagrun for example_task_group to None, run_after=None
[2024-11-13T00:24:55.855+0000] {processor.py:208} INFO - Processing /home/airflow/.local/lib/python3.12/site-packages/airflow/example_dags/example_task_group.py took 0.326 seconds
[2024-11-13T00:25:28.033+0000] {processor.py:186} INFO - Started process (PID=14012) to work on /home/airflow/.local/lib/python3.12/site-packages/airflow/example_dags/example_task_group.py
[2024-11-13T00:25:28.034+0000] {processor.py:914} INFO - Processing file /home/airflow/.local/lib/python3.12/site-packages/airflow/example_dags/example_task_group.py for tasks to queue
[2024-11-13T00:25:28.035+0000] {logging_mixin.py:190} INFO - [2024-11-13T00:25:28.035+0000] {dagbag.py:588} INFO - Filling up the DagBag from /home/airflow/.local/lib/python3.12/site-packages/airflow/example_dags/example_task_group.py
[2024-11-13T00:25:28.049+0000] {processor.py:925} INFO - DAG(s) 'example_task_group' retrieved from /home/airflow/.local/lib/python3.12/site-packages/airflow/example_dags/example_task_group.py
[2024-11-13T00:25:28.073+0000] {logging_mixin.py:190} INFO - [2024-11-13T00:25:28.073+0000] {dag.py:3239} INFO - Sync 1 DAGs
[2024-11-13T00:25:28.096+0000] {logging_mixin.py:190} INFO - [2024-11-13T00:25:28.095+0000] {dag.py:4180} INFO - Setting next_dagrun for example_task_group to None, run_after=None
[2024-11-13T00:25:28.347+0000] {processor.py:208} INFO - Processing /home/airflow/.local/lib/python3.12/site-packages/airflow/example_dags/example_task_group.py took 0.324 seconds
[2024-11-13T00:25:59.935+0000] {processor.py:186} INFO - Started process (PID=14076) to work on /home/airflow/.local/lib/python3.12/site-packages/airflow/example_dags/example_task_group.py
[2024-11-13T00:25:59.936+0000] {processor.py:914} INFO - Processing file /home/airflow/.local/lib/python3.12/site-packages/airflow/example_dags/example_task_group.py for tasks to queue
[2024-11-13T00:25:59.937+0000] {logging_mixin.py:190} INFO - [2024-11-13T00:25:59.937+0000] {dagbag.py:588} INFO - Filling up the DagBag from /home/airflow/.local/lib/python3.12/site-packages/airflow/example_dags/example_task_group.py
[2024-11-13T00:25:59.949+0000] {processor.py:925} INFO - DAG(s) 'example_task_group' retrieved from /home/airflow/.local/lib/python3.12/site-packages/airflow/example_dags/example_task_group.py
[2024-11-13T00:25:59.978+0000] {logging_mixin.py:190} INFO - [2024-11-13T00:25:59.977+0000] {dag.py:3239} INFO - Sync 1 DAGs
[2024-11-13T00:25:59.994+0000] {logging_mixin.py:190} INFO - [2024-11-13T00:25:59.993+0000] {dag.py:4180} INFO - Setting next_dagrun for example_task_group to None, run_after=None
[2024-11-13T00:26:00.241+0000] {processor.py:208} INFO - Processing /home/airflow/.local/lib/python3.12/site-packages/airflow/example_dags/example_task_group.py took 0.314 seconds
[2024-11-13T00:26:30.676+0000] {processor.py:186} INFO - Started process (PID=14140) to work on /home/airflow/.local/lib/python3.12/site-packages/airflow/example_dags/example_task_group.py
[2024-11-13T00:26:30.677+0000] {processor.py:914} INFO - Processing file /home/airflow/.local/lib/python3.12/site-packages/airflow/example_dags/example_task_group.py for tasks to queue
[2024-11-13T00:26:30.678+0000] {logging_mixin.py:190} INFO - [2024-11-13T00:26:30.678+0000] {dagbag.py:588} INFO - Filling up the DagBag from /home/airflow/.local/lib/python3.12/site-packages/airflow/example_dags/example_task_group.py
[2024-11-13T00:26:30.692+0000] {processor.py:925} INFO - DAG(s) 'example_task_group' retrieved from /home/airflow/.local/lib/python3.12/site-packages/airflow/example_dags/example_task_group.py
[2024-11-13T00:26:30.720+0000] {logging_mixin.py:190} INFO - [2024-11-13T00:26:30.720+0000] {dag.py:3239} INFO - Sync 1 DAGs
[2024-11-13T00:26:30.740+0000] {logging_mixin.py:190} INFO - [2024-11-13T00:26:30.739+0000] {dag.py:4180} INFO - Setting next_dagrun for example_task_group to None, run_after=None
[2024-11-13T00:26:30.769+0000] {processor.py:208} INFO - Processing /home/airflow/.local/lib/python3.12/site-packages/airflow/example_dags/example_task_group.py took 0.101 seconds
[2024-11-13T00:27:01.428+0000] {processor.py:186} INFO - Started process (PID=14204) to work on /home/airflow/.local/lib/python3.12/site-packages/airflow/example_dags/example_task_group.py
[2024-11-13T00:27:01.428+0000] {processor.py:914} INFO - Processing file /home/airflow/.local/lib/python3.12/site-packages/airflow/example_dags/example_task_group.py for tasks to queue
[2024-11-13T00:27:01.430+0000] {logging_mixin.py:190} INFO - [2024-11-13T00:27:01.429+0000] {dagbag.py:588} INFO - Filling up the DagBag from /home/airflow/.local/lib/python3.12/site-packages/airflow/example_dags/example_task_group.py
[2024-11-13T00:27:01.439+0000] {processor.py:925} INFO - DAG(s) 'example_task_group' retrieved from /home/airflow/.local/lib/python3.12/site-packages/airflow/example_dags/example_task_group.py
[2024-11-13T00:27:01.462+0000] {logging_mixin.py:190} INFO - [2024-11-13T00:27:01.462+0000] {dag.py:3239} INFO - Sync 1 DAGs
[2024-11-13T00:27:01.477+0000] {logging_mixin.py:190} INFO - [2024-11-13T00:27:01.477+0000] {dag.py:4180} INFO - Setting next_dagrun for example_task_group to None, run_after=None
[2024-11-13T00:27:01.502+0000] {processor.py:208} INFO - Processing /home/airflow/.local/lib/python3.12/site-packages/airflow/example_dags/example_task_group.py took 0.082 seconds
[2024-11-13T00:27:32.492+0000] {processor.py:186} INFO - Started process (PID=14268) to work on /home/airflow/.local/lib/python3.12/site-packages/airflow/example_dags/example_task_group.py
[2024-11-13T00:27:32.492+0000] {processor.py:914} INFO - Processing file /home/airflow/.local/lib/python3.12/site-packages/airflow/example_dags/example_task_group.py for tasks to queue
[2024-11-13T00:27:32.494+0000] {logging_mixin.py:190} INFO - [2024-11-13T00:27:32.494+0000] {dagbag.py:588} INFO - Filling up the DagBag from /home/airflow/.local/lib/python3.12/site-packages/airflow/example_dags/example_task_group.py
[2024-11-13T00:27:32.504+0000] {processor.py:925} INFO - DAG(s) 'example_task_group' retrieved from /home/airflow/.local/lib/python3.12/site-packages/airflow/example_dags/example_task_group.py
[2024-11-13T00:27:32.529+0000] {logging_mixin.py:190} INFO - [2024-11-13T00:27:32.529+0000] {dag.py:3239} INFO - Sync 1 DAGs
[2024-11-13T00:27:32.542+0000] {logging_mixin.py:190} INFO - [2024-11-13T00:27:32.542+0000] {dag.py:4180} INFO - Setting next_dagrun for example_task_group to None, run_after=None
[2024-11-13T00:27:32.566+0000] {processor.py:208} INFO - Processing /home/airflow/.local/lib/python3.12/site-packages/airflow/example_dags/example_task_group.py took 0.081 seconds
[2024-11-13T00:28:03.195+0000] {processor.py:186} INFO - Started process (PID=14332) to work on /home/airflow/.local/lib/python3.12/site-packages/airflow/example_dags/example_task_group.py
[2024-11-13T00:28:03.196+0000] {processor.py:914} INFO - Processing file /home/airflow/.local/lib/python3.12/site-packages/airflow/example_dags/example_task_group.py for tasks to queue
[2024-11-13T00:28:03.198+0000] {logging_mixin.py:190} INFO - [2024-11-13T00:28:03.197+0000] {dagbag.py:588} INFO - Filling up the DagBag from /home/airflow/.local/lib/python3.12/site-packages/airflow/example_dags/example_task_group.py
[2024-11-13T00:28:03.208+0000] {processor.py:925} INFO - DAG(s) 'example_task_group' retrieved from /home/airflow/.local/lib/python3.12/site-packages/airflow/example_dags/example_task_group.py
[2024-11-13T00:28:03.231+0000] {logging_mixin.py:190} INFO - [2024-11-13T00:28:03.230+0000] {dag.py:3239} INFO - Sync 1 DAGs
[2024-11-13T00:28:03.248+0000] {logging_mixin.py:190} INFO - [2024-11-13T00:28:03.247+0000] {dag.py:4180} INFO - Setting next_dagrun for example_task_group to None, run_after=None
[2024-11-13T00:28:03.275+0000] {processor.py:208} INFO - Processing /home/airflow/.local/lib/python3.12/site-packages/airflow/example_dags/example_task_group.py took 0.089 seconds
[2024-11-13T00:28:36.352+0000] {processor.py:186} INFO - Started process (PID=14396) to work on /home/airflow/.local/lib/python3.12/site-packages/airflow/example_dags/example_task_group.py
[2024-11-13T00:28:36.354+0000] {processor.py:914} INFO - Processing file /home/airflow/.local/lib/python3.12/site-packages/airflow/example_dags/example_task_group.py for tasks to queue
[2024-11-13T00:28:36.356+0000] {logging_mixin.py:190} INFO - [2024-11-13T00:28:36.355+0000] {dagbag.py:588} INFO - Filling up the DagBag from /home/airflow/.local/lib/python3.12/site-packages/airflow/example_dags/example_task_group.py
[2024-11-13T00:28:36.373+0000] {processor.py:925} INFO - DAG(s) 'example_task_group' retrieved from /home/airflow/.local/lib/python3.12/site-packages/airflow/example_dags/example_task_group.py
[2024-11-13T00:28:36.402+0000] {logging_mixin.py:190} INFO - [2024-11-13T00:28:36.401+0000] {dag.py:3239} INFO - Sync 1 DAGs
[2024-11-13T00:28:36.421+0000] {logging_mixin.py:190} INFO - [2024-11-13T00:28:36.421+0000] {dag.py:4180} INFO - Setting next_dagrun for example_task_group to None, run_after=None
[2024-11-13T00:28:36.455+0000] {processor.py:208} INFO - Processing /home/airflow/.local/lib/python3.12/site-packages/airflow/example_dags/example_task_group.py took 0.113 seconds
[2024-11-13T00:29:07.816+0000] {processor.py:186} INFO - Started process (PID=14460) to work on /home/airflow/.local/lib/python3.12/site-packages/airflow/example_dags/example_task_group.py
[2024-11-13T00:29:07.817+0000] {processor.py:914} INFO - Processing file /home/airflow/.local/lib/python3.12/site-packages/airflow/example_dags/example_task_group.py for tasks to queue
[2024-11-13T00:29:07.819+0000] {logging_mixin.py:190} INFO - [2024-11-13T00:29:07.818+0000] {dagbag.py:588} INFO - Filling up the DagBag from /home/airflow/.local/lib/python3.12/site-packages/airflow/example_dags/example_task_group.py
[2024-11-13T00:29:07.829+0000] {processor.py:925} INFO - DAG(s) 'example_task_group' retrieved from /home/airflow/.local/lib/python3.12/site-packages/airflow/example_dags/example_task_group.py
[2024-11-13T00:29:07.856+0000] {logging_mixin.py:190} INFO - [2024-11-13T00:29:07.856+0000] {dag.py:3239} INFO - Sync 1 DAGs
[2024-11-13T00:29:07.871+0000] {logging_mixin.py:190} INFO - [2024-11-13T00:29:07.871+0000] {dag.py:4180} INFO - Setting next_dagrun for example_task_group to None, run_after=None
[2024-11-13T00:29:07.896+0000] {processor.py:208} INFO - Processing /home/airflow/.local/lib/python3.12/site-packages/airflow/example_dags/example_task_group.py took 0.089 seconds
[2024-11-13T00:29:38.366+0000] {processor.py:186} INFO - Started process (PID=14524) to work on /home/airflow/.local/lib/python3.12/site-packages/airflow/example_dags/example_task_group.py
[2024-11-13T00:29:38.367+0000] {processor.py:914} INFO - Processing file /home/airflow/.local/lib/python3.12/site-packages/airflow/example_dags/example_task_group.py for tasks to queue
[2024-11-13T00:29:38.370+0000] {logging_mixin.py:190} INFO - [2024-11-13T00:29:38.369+0000] {dagbag.py:588} INFO - Filling up the DagBag from /home/airflow/.local/lib/python3.12/site-packages/airflow/example_dags/example_task_group.py
[2024-11-13T00:29:38.381+0000] {processor.py:925} INFO - DAG(s) 'example_task_group' retrieved from /home/airflow/.local/lib/python3.12/site-packages/airflow/example_dags/example_task_group.py
[2024-11-13T00:29:38.404+0000] {logging_mixin.py:190} INFO - [2024-11-13T00:29:38.404+0000] {dag.py:3239} INFO - Sync 1 DAGs
[2024-11-13T00:29:38.420+0000] {logging_mixin.py:190} INFO - [2024-11-13T00:29:38.420+0000] {dag.py:4180} INFO - Setting next_dagrun for example_task_group to None, run_after=None
[2024-11-13T00:29:38.444+0000] {processor.py:208} INFO - Processing /home/airflow/.local/lib/python3.12/site-packages/airflow/example_dags/example_task_group.py took 0.103 seconds
[2024-11-13T00:30:08.544+0000] {processor.py:186} INFO - Started process (PID=14587) to work on /home/airflow/.local/lib/python3.12/site-packages/airflow/example_dags/example_task_group.py
[2024-11-13T00:30:08.545+0000] {processor.py:914} INFO - Processing file /home/airflow/.local/lib/python3.12/site-packages/airflow/example_dags/example_task_group.py for tasks to queue
[2024-11-13T00:30:08.547+0000] {logging_mixin.py:190} INFO - [2024-11-13T00:30:08.546+0000] {dagbag.py:588} INFO - Filling up the DagBag from /home/airflow/.local/lib/python3.12/site-packages/airflow/example_dags/example_task_group.py
[2024-11-13T00:30:08.557+0000] {processor.py:925} INFO - DAG(s) 'example_task_group' retrieved from /home/airflow/.local/lib/python3.12/site-packages/airflow/example_dags/example_task_group.py
[2024-11-13T00:30:08.580+0000] {logging_mixin.py:190} INFO - [2024-11-13T00:30:08.580+0000] {dag.py:3239} INFO - Sync 1 DAGs
[2024-11-13T00:30:08.596+0000] {logging_mixin.py:190} INFO - [2024-11-13T00:30:08.596+0000] {dag.py:4180} INFO - Setting next_dagrun for example_task_group to None, run_after=None
[2024-11-13T00:30:08.623+0000] {processor.py:208} INFO - Processing /home/airflow/.local/lib/python3.12/site-packages/airflow/example_dags/example_task_group.py took 0.087 seconds
[2024-11-13T00:30:38.917+0000] {processor.py:186} INFO - Started process (PID=14651) to work on /home/airflow/.local/lib/python3.12/site-packages/airflow/example_dags/example_task_group.py
[2024-11-13T00:30:38.917+0000] {processor.py:914} INFO - Processing file /home/airflow/.local/lib/python3.12/site-packages/airflow/example_dags/example_task_group.py for tasks to queue
[2024-11-13T00:30:38.919+0000] {logging_mixin.py:190} INFO - [2024-11-13T00:30:38.918+0000] {dagbag.py:588} INFO - Filling up the DagBag from /home/airflow/.local/lib/python3.12/site-packages/airflow/example_dags/example_task_group.py
[2024-11-13T00:30:38.928+0000] {processor.py:925} INFO - DAG(s) 'example_task_group' retrieved from /home/airflow/.local/lib/python3.12/site-packages/airflow/example_dags/example_task_group.py
[2024-11-13T00:30:38.951+0000] {logging_mixin.py:190} INFO - [2024-11-13T00:30:38.950+0000] {dag.py:3239} INFO - Sync 1 DAGs
[2024-11-13T00:30:38.966+0000] {logging_mixin.py:190} INFO - [2024-11-13T00:30:38.966+0000] {dag.py:4180} INFO - Setting next_dagrun for example_task_group to None, run_after=None
[2024-11-13T00:30:38.991+0000] {processor.py:208} INFO - Processing /home/airflow/.local/lib/python3.12/site-packages/airflow/example_dags/example_task_group.py took 0.082 seconds
[2024-11-13T00:31:09.451+0000] {processor.py:186} INFO - Started process (PID=14715) to work on /home/airflow/.local/lib/python3.12/site-packages/airflow/example_dags/example_task_group.py
[2024-11-13T00:31:09.452+0000] {processor.py:914} INFO - Processing file /home/airflow/.local/lib/python3.12/site-packages/airflow/example_dags/example_task_group.py for tasks to queue
[2024-11-13T00:31:09.453+0000] {logging_mixin.py:190} INFO - [2024-11-13T00:31:09.453+0000] {dagbag.py:588} INFO - Filling up the DagBag from /home/airflow/.local/lib/python3.12/site-packages/airflow/example_dags/example_task_group.py
[2024-11-13T00:31:09.464+0000] {processor.py:925} INFO - DAG(s) 'example_task_group' retrieved from /home/airflow/.local/lib/python3.12/site-packages/airflow/example_dags/example_task_group.py
[2024-11-13T00:31:09.487+0000] {logging_mixin.py:190} INFO - [2024-11-13T00:31:09.487+0000] {dag.py:3239} INFO - Sync 1 DAGs
[2024-11-13T00:31:09.503+0000] {logging_mixin.py:190} INFO - [2024-11-13T00:31:09.503+0000] {dag.py:4180} INFO - Setting next_dagrun for example_task_group to None, run_after=None
[2024-11-13T00:31:09.526+0000] {processor.py:208} INFO - Processing /home/airflow/.local/lib/python3.12/site-packages/airflow/example_dags/example_task_group.py took 0.084 seconds
[2024-11-13T00:31:39.940+0000] {processor.py:186} INFO - Started process (PID=14779) to work on /home/airflow/.local/lib/python3.12/site-packages/airflow/example_dags/example_task_group.py
[2024-11-13T00:31:39.941+0000] {processor.py:914} INFO - Processing file /home/airflow/.local/lib/python3.12/site-packages/airflow/example_dags/example_task_group.py for tasks to queue
[2024-11-13T00:31:39.942+0000] {logging_mixin.py:190} INFO - [2024-11-13T00:31:39.942+0000] {dagbag.py:588} INFO - Filling up the DagBag from /home/airflow/.local/lib/python3.12/site-packages/airflow/example_dags/example_task_group.py
[2024-11-13T00:31:39.952+0000] {processor.py:925} INFO - DAG(s) 'example_task_group' retrieved from /home/airflow/.local/lib/python3.12/site-packages/airflow/example_dags/example_task_group.py
[2024-11-13T00:31:39.974+0000] {logging_mixin.py:190} INFO - [2024-11-13T00:31:39.974+0000] {dag.py:3239} INFO - Sync 1 DAGs
[2024-11-13T00:31:39.990+0000] {logging_mixin.py:190} INFO - [2024-11-13T00:31:39.989+0000] {dag.py:4180} INFO - Setting next_dagrun for example_task_group to None, run_after=None
[2024-11-13T00:31:40.028+0000] {processor.py:208} INFO - Processing /home/airflow/.local/lib/python3.12/site-packages/airflow/example_dags/example_task_group.py took 0.095 seconds
