[2024-11-13T00:00:06.238+0000] {processor.py:186} INFO - Started process (PID=10888) to work on /home/airflow/.local/lib/python3.12/site-packages/airflow/example_dags/example_nested_branch_dag.py
[2024-11-13T00:00:06.241+0000] {processor.py:914} INFO - Processing file /home/airflow/.local/lib/python3.12/site-packages/airflow/example_dags/example_nested_branch_dag.py for tasks to queue
[2024-11-13T00:00:06.248+0000] {logging_mixin.py:190} INFO - [2024-11-13T00:00:06.247+0000] {dagbag.py:588} INFO - Filling up the DagBag from /home/airflow/.local/lib/python3.12/site-packages/airflow/example_dags/example_nested_branch_dag.py
[2024-11-13T00:00:06.290+0000] {processor.py:925} INFO - DAG(s) 'example_nested_branch_dag' retrieved from /home/airflow/.local/lib/python3.12/site-packages/airflow/example_dags/example_nested_branch_dag.py
[2024-11-13T00:00:06.339+0000] {logging_mixin.py:190} INFO - [2024-11-13T00:00:06.338+0000] {dag.py:3239} INFO - Sync 1 DAGs
[2024-11-13T00:00:06.392+0000] {logging_mixin.py:190} INFO - [2024-11-13T00:00:06.391+0000] {dag.py:4180} INFO - Setting next_dagrun for example_nested_branch_dag to 2024-11-12 00:00:00+00:00, run_after=2024-11-13 00:00:00+00:00
[2024-11-13T00:00:06.450+0000] {processor.py:208} INFO - Processing /home/airflow/.local/lib/python3.12/site-packages/airflow/example_dags/example_nested_branch_dag.py took 0.236 seconds
[2024-11-13T00:00:37.281+0000] {processor.py:186} INFO - Started process (PID=10950) to work on /home/airflow/.local/lib/python3.12/site-packages/airflow/example_dags/example_nested_branch_dag.py
[2024-11-13T00:00:37.282+0000] {processor.py:914} INFO - Processing file /home/airflow/.local/lib/python3.12/site-packages/airflow/example_dags/example_nested_branch_dag.py for tasks to queue
[2024-11-13T00:00:37.285+0000] {logging_mixin.py:190} INFO - [2024-11-13T00:00:37.284+0000] {dagbag.py:588} INFO - Filling up the DagBag from /home/airflow/.local/lib/python3.12/site-packages/airflow/example_dags/example_nested_branch_dag.py
[2024-11-13T00:00:37.307+0000] {processor.py:925} INFO - DAG(s) 'example_nested_branch_dag' retrieved from /home/airflow/.local/lib/python3.12/site-packages/airflow/example_dags/example_nested_branch_dag.py
[2024-11-13T00:00:37.340+0000] {logging_mixin.py:190} INFO - [2024-11-13T00:00:37.339+0000] {dag.py:3239} INFO - Sync 1 DAGs
[2024-11-13T00:00:37.375+0000] {logging_mixin.py:190} INFO - [2024-11-13T00:00:37.375+0000] {dag.py:4180} INFO - Setting next_dagrun for example_nested_branch_dag to 2024-11-12 00:00:00+00:00, run_after=2024-11-13 00:00:00+00:00
[2024-11-13T00:00:37.411+0000] {processor.py:208} INFO - Processing /home/airflow/.local/lib/python3.12/site-packages/airflow/example_dags/example_nested_branch_dag.py took 0.138 seconds
[2024-11-13T00:01:08.150+0000] {processor.py:186} INFO - Started process (PID=11014) to work on /home/airflow/.local/lib/python3.12/site-packages/airflow/example_dags/example_nested_branch_dag.py
[2024-11-13T00:01:08.151+0000] {processor.py:914} INFO - Processing file /home/airflow/.local/lib/python3.12/site-packages/airflow/example_dags/example_nested_branch_dag.py for tasks to queue
[2024-11-13T00:01:08.153+0000] {logging_mixin.py:190} INFO - [2024-11-13T00:01:08.152+0000] {dagbag.py:588} INFO - Filling up the DagBag from /home/airflow/.local/lib/python3.12/site-packages/airflow/example_dags/example_nested_branch_dag.py
[2024-11-13T00:01:08.165+0000] {processor.py:925} INFO - DAG(s) 'example_nested_branch_dag' retrieved from /home/airflow/.local/lib/python3.12/site-packages/airflow/example_dags/example_nested_branch_dag.py
[2024-11-13T00:01:08.187+0000] {logging_mixin.py:190} INFO - [2024-11-13T00:01:08.187+0000] {dag.py:3239} INFO - Sync 1 DAGs
[2024-11-13T00:01:08.214+0000] {logging_mixin.py:190} INFO - [2024-11-13T00:01:08.214+0000] {dag.py:4180} INFO - Setting next_dagrun for example_nested_branch_dag to 2024-11-12 00:00:00+00:00, run_after=2024-11-13 00:00:00+00:00
[2024-11-13T00:01:08.242+0000] {processor.py:208} INFO - Processing /home/airflow/.local/lib/python3.12/site-packages/airflow/example_dags/example_nested_branch_dag.py took 0.099 seconds
[2024-11-13T00:01:39.577+0000] {processor.py:186} INFO - Started process (PID=11078) to work on /home/airflow/.local/lib/python3.12/site-packages/airflow/example_dags/example_nested_branch_dag.py
[2024-11-13T00:01:39.578+0000] {processor.py:914} INFO - Processing file /home/airflow/.local/lib/python3.12/site-packages/airflow/example_dags/example_nested_branch_dag.py for tasks to queue
[2024-11-13T00:01:39.579+0000] {logging_mixin.py:190} INFO - [2024-11-13T00:01:39.579+0000] {dagbag.py:588} INFO - Filling up the DagBag from /home/airflow/.local/lib/python3.12/site-packages/airflow/example_dags/example_nested_branch_dag.py
[2024-11-13T00:01:39.592+0000] {processor.py:925} INFO - DAG(s) 'example_nested_branch_dag' retrieved from /home/airflow/.local/lib/python3.12/site-packages/airflow/example_dags/example_nested_branch_dag.py
[2024-11-13T00:01:39.615+0000] {logging_mixin.py:190} INFO - [2024-11-13T00:01:39.614+0000] {dag.py:3239} INFO - Sync 1 DAGs
[2024-11-13T00:01:39.637+0000] {logging_mixin.py:190} INFO - [2024-11-13T00:01:39.637+0000] {dag.py:4180} INFO - Setting next_dagrun for example_nested_branch_dag to 2024-11-12 00:00:00+00:00, run_after=2024-11-13 00:00:00+00:00
[2024-11-13T00:01:39.660+0000] {processor.py:208} INFO - Processing /home/airflow/.local/lib/python3.12/site-packages/airflow/example_dags/example_nested_branch_dag.py took 0.091 seconds
[2024-11-13T00:02:10.440+0000] {processor.py:186} INFO - Started process (PID=11142) to work on /home/airflow/.local/lib/python3.12/site-packages/airflow/example_dags/example_nested_branch_dag.py
[2024-11-13T00:02:10.440+0000] {processor.py:914} INFO - Processing file /home/airflow/.local/lib/python3.12/site-packages/airflow/example_dags/example_nested_branch_dag.py for tasks to queue
[2024-11-13T00:02:10.442+0000] {logging_mixin.py:190} INFO - [2024-11-13T00:02:10.442+0000] {dagbag.py:588} INFO - Filling up the DagBag from /home/airflow/.local/lib/python3.12/site-packages/airflow/example_dags/example_nested_branch_dag.py
[2024-11-13T00:02:10.456+0000] {processor.py:925} INFO - DAG(s) 'example_nested_branch_dag' retrieved from /home/airflow/.local/lib/python3.12/site-packages/airflow/example_dags/example_nested_branch_dag.py
[2024-11-13T00:02:10.479+0000] {logging_mixin.py:190} INFO - [2024-11-13T00:02:10.479+0000] {dag.py:3239} INFO - Sync 1 DAGs
[2024-11-13T00:02:10.505+0000] {logging_mixin.py:190} INFO - [2024-11-13T00:02:10.505+0000] {dag.py:4180} INFO - Setting next_dagrun for example_nested_branch_dag to 2024-11-12 00:00:00+00:00, run_after=2024-11-13 00:00:00+00:00
[2024-11-13T00:02:10.527+0000] {processor.py:208} INFO - Processing /home/airflow/.local/lib/python3.12/site-packages/airflow/example_dags/example_nested_branch_dag.py took 0.098 seconds
[2024-11-13T00:02:40.974+0000] {processor.py:186} INFO - Started process (PID=11205) to work on /home/airflow/.local/lib/python3.12/site-packages/airflow/example_dags/example_nested_branch_dag.py
[2024-11-13T00:02:40.975+0000] {processor.py:914} INFO - Processing file /home/airflow/.local/lib/python3.12/site-packages/airflow/example_dags/example_nested_branch_dag.py for tasks to queue
[2024-11-13T00:02:40.976+0000] {logging_mixin.py:190} INFO - [2024-11-13T00:02:40.976+0000] {dagbag.py:588} INFO - Filling up the DagBag from /home/airflow/.local/lib/python3.12/site-packages/airflow/example_dags/example_nested_branch_dag.py
[2024-11-13T00:02:40.993+0000] {processor.py:925} INFO - DAG(s) 'example_nested_branch_dag' retrieved from /home/airflow/.local/lib/python3.12/site-packages/airflow/example_dags/example_nested_branch_dag.py
[2024-11-13T00:02:41.014+0000] {logging_mixin.py:190} INFO - [2024-11-13T00:02:41.014+0000] {dag.py:3239} INFO - Sync 1 DAGs
[2024-11-13T00:02:41.038+0000] {logging_mixin.py:190} INFO - [2024-11-13T00:02:41.038+0000] {dag.py:4180} INFO - Setting next_dagrun for example_nested_branch_dag to 2024-11-12 00:00:00+00:00, run_after=2024-11-13 00:00:00+00:00
[2024-11-13T00:02:41.066+0000] {processor.py:208} INFO - Processing /home/airflow/.local/lib/python3.12/site-packages/airflow/example_dags/example_nested_branch_dag.py took 0.099 seconds
[2024-11-13T00:03:11.604+0000] {processor.py:186} INFO - Started process (PID=11269) to work on /home/airflow/.local/lib/python3.12/site-packages/airflow/example_dags/example_nested_branch_dag.py
[2024-11-13T00:03:11.606+0000] {processor.py:914} INFO - Processing file /home/airflow/.local/lib/python3.12/site-packages/airflow/example_dags/example_nested_branch_dag.py for tasks to queue
[2024-11-13T00:03:11.607+0000] {logging_mixin.py:190} INFO - [2024-11-13T00:03:11.607+0000] {dagbag.py:588} INFO - Filling up the DagBag from /home/airflow/.local/lib/python3.12/site-packages/airflow/example_dags/example_nested_branch_dag.py
[2024-11-13T00:03:11.625+0000] {processor.py:925} INFO - DAG(s) 'example_nested_branch_dag' retrieved from /home/airflow/.local/lib/python3.12/site-packages/airflow/example_dags/example_nested_branch_dag.py
[2024-11-13T00:03:11.651+0000] {logging_mixin.py:190} INFO - [2024-11-13T00:03:11.651+0000] {dag.py:3239} INFO - Sync 1 DAGs
[2024-11-13T00:03:11.686+0000] {logging_mixin.py:190} INFO - [2024-11-13T00:03:11.686+0000] {dag.py:4180} INFO - Setting next_dagrun for example_nested_branch_dag to 2024-11-12 00:00:00+00:00, run_after=2024-11-13 00:00:00+00:00
[2024-11-13T00:03:11.717+0000] {processor.py:208} INFO - Processing /home/airflow/.local/lib/python3.12/site-packages/airflow/example_dags/example_nested_branch_dag.py took 0.123 seconds
[2024-11-13T00:03:42.149+0000] {processor.py:186} INFO - Started process (PID=11333) to work on /home/airflow/.local/lib/python3.12/site-packages/airflow/example_dags/example_nested_branch_dag.py
[2024-11-13T00:03:42.150+0000] {processor.py:914} INFO - Processing file /home/airflow/.local/lib/python3.12/site-packages/airflow/example_dags/example_nested_branch_dag.py for tasks to queue
[2024-11-13T00:03:42.153+0000] {logging_mixin.py:190} INFO - [2024-11-13T00:03:42.152+0000] {dagbag.py:588} INFO - Filling up the DagBag from /home/airflow/.local/lib/python3.12/site-packages/airflow/example_dags/example_nested_branch_dag.py
[2024-11-13T00:03:42.169+0000] {processor.py:925} INFO - DAG(s) 'example_nested_branch_dag' retrieved from /home/airflow/.local/lib/python3.12/site-packages/airflow/example_dags/example_nested_branch_dag.py
[2024-11-13T00:03:42.194+0000] {logging_mixin.py:190} INFO - [2024-11-13T00:03:42.193+0000] {dag.py:3239} INFO - Sync 1 DAGs
[2024-11-13T00:03:42.223+0000] {logging_mixin.py:190} INFO - [2024-11-13T00:03:42.223+0000] {dag.py:4180} INFO - Setting next_dagrun for example_nested_branch_dag to 2024-11-12 00:00:00+00:00, run_after=2024-11-13 00:00:00+00:00
[2024-11-13T00:03:42.253+0000] {processor.py:208} INFO - Processing /home/airflow/.local/lib/python3.12/site-packages/airflow/example_dags/example_nested_branch_dag.py took 0.113 seconds
[2024-11-13T00:04:12.368+0000] {processor.py:186} INFO - Started process (PID=11396) to work on /home/airflow/.local/lib/python3.12/site-packages/airflow/example_dags/example_nested_branch_dag.py
[2024-11-13T00:04:12.370+0000] {processor.py:914} INFO - Processing file /home/airflow/.local/lib/python3.12/site-packages/airflow/example_dags/example_nested_branch_dag.py for tasks to queue
[2024-11-13T00:04:12.371+0000] {logging_mixin.py:190} INFO - [2024-11-13T00:04:12.371+0000] {dagbag.py:588} INFO - Filling up the DagBag from /home/airflow/.local/lib/python3.12/site-packages/airflow/example_dags/example_nested_branch_dag.py
[2024-11-13T00:04:12.382+0000] {processor.py:925} INFO - DAG(s) 'example_nested_branch_dag' retrieved from /home/airflow/.local/lib/python3.12/site-packages/airflow/example_dags/example_nested_branch_dag.py
[2024-11-13T00:04:12.402+0000] {logging_mixin.py:190} INFO - [2024-11-13T00:04:12.402+0000] {dag.py:3239} INFO - Sync 1 DAGs
[2024-11-13T00:04:12.427+0000] {logging_mixin.py:190} INFO - [2024-11-13T00:04:12.427+0000] {dag.py:4180} INFO - Setting next_dagrun for example_nested_branch_dag to 2024-11-12 00:00:00+00:00, run_after=2024-11-13 00:00:00+00:00
[2024-11-13T00:04:12.448+0000] {processor.py:208} INFO - Processing /home/airflow/.local/lib/python3.12/site-packages/airflow/example_dags/example_nested_branch_dag.py took 0.086 seconds
[2024-11-13T00:04:42.860+0000] {processor.py:186} INFO - Started process (PID=11461) to work on /home/airflow/.local/lib/python3.12/site-packages/airflow/example_dags/example_nested_branch_dag.py
[2024-11-13T00:04:42.861+0000] {processor.py:914} INFO - Processing file /home/airflow/.local/lib/python3.12/site-packages/airflow/example_dags/example_nested_branch_dag.py for tasks to queue
[2024-11-13T00:04:42.863+0000] {logging_mixin.py:190} INFO - [2024-11-13T00:04:42.862+0000] {dagbag.py:588} INFO - Filling up the DagBag from /home/airflow/.local/lib/python3.12/site-packages/airflow/example_dags/example_nested_branch_dag.py
[2024-11-13T00:04:42.875+0000] {processor.py:925} INFO - DAG(s) 'example_nested_branch_dag' retrieved from /home/airflow/.local/lib/python3.12/site-packages/airflow/example_dags/example_nested_branch_dag.py
[2024-11-13T00:04:42.897+0000] {logging_mixin.py:190} INFO - [2024-11-13T00:04:42.897+0000] {dag.py:3239} INFO - Sync 1 DAGs
[2024-11-13T00:04:42.919+0000] {logging_mixin.py:190} INFO - [2024-11-13T00:04:42.919+0000] {dag.py:4180} INFO - Setting next_dagrun for example_nested_branch_dag to 2024-11-12 00:00:00+00:00, run_after=2024-11-13 00:00:00+00:00
[2024-11-13T00:04:42.953+0000] {processor.py:208} INFO - Processing /home/airflow/.local/lib/python3.12/site-packages/airflow/example_dags/example_nested_branch_dag.py took 0.100 seconds
[2024-11-13T00:05:13.504+0000] {processor.py:186} INFO - Started process (PID=11525) to work on /home/airflow/.local/lib/python3.12/site-packages/airflow/example_dags/example_nested_branch_dag.py
[2024-11-13T00:05:13.505+0000] {processor.py:914} INFO - Processing file /home/airflow/.local/lib/python3.12/site-packages/airflow/example_dags/example_nested_branch_dag.py for tasks to queue
[2024-11-13T00:05:13.506+0000] {logging_mixin.py:190} INFO - [2024-11-13T00:05:13.506+0000] {dagbag.py:588} INFO - Filling up the DagBag from /home/airflow/.local/lib/python3.12/site-packages/airflow/example_dags/example_nested_branch_dag.py
[2024-11-13T00:05:13.520+0000] {processor.py:925} INFO - DAG(s) 'example_nested_branch_dag' retrieved from /home/airflow/.local/lib/python3.12/site-packages/airflow/example_dags/example_nested_branch_dag.py
[2024-11-13T00:05:13.542+0000] {logging_mixin.py:190} INFO - [2024-11-13T00:05:13.542+0000] {dag.py:3239} INFO - Sync 1 DAGs
[2024-11-13T00:05:13.567+0000] {logging_mixin.py:190} INFO - [2024-11-13T00:05:13.567+0000] {dag.py:4180} INFO - Setting next_dagrun for example_nested_branch_dag to 2024-11-12 00:00:00+00:00, run_after=2024-11-13 00:00:00+00:00
[2024-11-13T00:05:13.594+0000] {processor.py:208} INFO - Processing /home/airflow/.local/lib/python3.12/site-packages/airflow/example_dags/example_nested_branch_dag.py took 0.098 seconds
[2024-11-13T00:05:44.487+0000] {processor.py:186} INFO - Started process (PID=11590) to work on /home/airflow/.local/lib/python3.12/site-packages/airflow/example_dags/example_nested_branch_dag.py
[2024-11-13T00:05:44.489+0000] {processor.py:914} INFO - Processing file /home/airflow/.local/lib/python3.12/site-packages/airflow/example_dags/example_nested_branch_dag.py for tasks to queue
[2024-11-13T00:05:44.490+0000] {logging_mixin.py:190} INFO - [2024-11-13T00:05:44.490+0000] {dagbag.py:588} INFO - Filling up the DagBag from /home/airflow/.local/lib/python3.12/site-packages/airflow/example_dags/example_nested_branch_dag.py
[2024-11-13T00:05:44.514+0000] {processor.py:925} INFO - DAG(s) 'example_nested_branch_dag' retrieved from /home/airflow/.local/lib/python3.12/site-packages/airflow/example_dags/example_nested_branch_dag.py
[2024-11-13T00:05:44.546+0000] {logging_mixin.py:190} INFO - [2024-11-13T00:05:44.544+0000] {dag.py:3239} INFO - Sync 1 DAGs
[2024-11-13T00:05:44.581+0000] {logging_mixin.py:190} INFO - [2024-11-13T00:05:44.581+0000] {dag.py:4180} INFO - Setting next_dagrun for example_nested_branch_dag to 2024-11-12 00:00:00+00:00, run_after=2024-11-13 00:00:00+00:00
[2024-11-13T00:05:44.613+0000] {processor.py:208} INFO - Processing /home/airflow/.local/lib/python3.12/site-packages/airflow/example_dags/example_nested_branch_dag.py took 0.137 seconds
[2024-11-13T00:06:15.307+0000] {processor.py:186} INFO - Started process (PID=11654) to work on /home/airflow/.local/lib/python3.12/site-packages/airflow/example_dags/example_nested_branch_dag.py
[2024-11-13T00:06:15.309+0000] {processor.py:914} INFO - Processing file /home/airflow/.local/lib/python3.12/site-packages/airflow/example_dags/example_nested_branch_dag.py for tasks to queue
[2024-11-13T00:06:15.310+0000] {logging_mixin.py:190} INFO - [2024-11-13T00:06:15.310+0000] {dagbag.py:588} INFO - Filling up the DagBag from /home/airflow/.local/lib/python3.12/site-packages/airflow/example_dags/example_nested_branch_dag.py
[2024-11-13T00:06:15.331+0000] {processor.py:925} INFO - DAG(s) 'example_nested_branch_dag' retrieved from /home/airflow/.local/lib/python3.12/site-packages/airflow/example_dags/example_nested_branch_dag.py
[2024-11-13T00:06:15.369+0000] {logging_mixin.py:190} INFO - [2024-11-13T00:06:15.369+0000] {dag.py:3239} INFO - Sync 1 DAGs
[2024-11-13T00:06:15.417+0000] {logging_mixin.py:190} INFO - [2024-11-13T00:06:15.417+0000] {dag.py:4180} INFO - Setting next_dagrun for example_nested_branch_dag to 2024-11-12 00:00:00+00:00, run_after=2024-11-13 00:00:00+00:00
[2024-11-13T00:06:15.453+0000] {processor.py:208} INFO - Processing /home/airflow/.local/lib/python3.12/site-packages/airflow/example_dags/example_nested_branch_dag.py took 0.161 seconds
[2024-11-13T00:06:45.748+0000] {processor.py:186} INFO - Started process (PID=11718) to work on /home/airflow/.local/lib/python3.12/site-packages/airflow/example_dags/example_nested_branch_dag.py
[2024-11-13T00:06:45.749+0000] {processor.py:914} INFO - Processing file /home/airflow/.local/lib/python3.12/site-packages/airflow/example_dags/example_nested_branch_dag.py for tasks to queue
[2024-11-13T00:06:45.751+0000] {logging_mixin.py:190} INFO - [2024-11-13T00:06:45.750+0000] {dagbag.py:588} INFO - Filling up the DagBag from /home/airflow/.local/lib/python3.12/site-packages/airflow/example_dags/example_nested_branch_dag.py
[2024-11-13T00:06:45.763+0000] {processor.py:925} INFO - DAG(s) 'example_nested_branch_dag' retrieved from /home/airflow/.local/lib/python3.12/site-packages/airflow/example_dags/example_nested_branch_dag.py
[2024-11-13T00:06:45.784+0000] {logging_mixin.py:190} INFO - [2024-11-13T00:06:45.784+0000] {dag.py:3239} INFO - Sync 1 DAGs
[2024-11-13T00:06:45.808+0000] {logging_mixin.py:190} INFO - [2024-11-13T00:06:45.808+0000] {dag.py:4180} INFO - Setting next_dagrun for example_nested_branch_dag to 2024-11-12 00:00:00+00:00, run_after=2024-11-13 00:00:00+00:00
[2024-11-13T00:06:45.832+0000] {processor.py:208} INFO - Processing /home/airflow/.local/lib/python3.12/site-packages/airflow/example_dags/example_nested_branch_dag.py took 0.091 seconds
[2024-11-13T00:07:16.313+0000] {processor.py:186} INFO - Started process (PID=11782) to work on /home/airflow/.local/lib/python3.12/site-packages/airflow/example_dags/example_nested_branch_dag.py
[2024-11-13T00:07:16.313+0000] {processor.py:914} INFO - Processing file /home/airflow/.local/lib/python3.12/site-packages/airflow/example_dags/example_nested_branch_dag.py for tasks to queue
[2024-11-13T00:07:16.315+0000] {logging_mixin.py:190} INFO - [2024-11-13T00:07:16.314+0000] {dagbag.py:588} INFO - Filling up the DagBag from /home/airflow/.local/lib/python3.12/site-packages/airflow/example_dags/example_nested_branch_dag.py
[2024-11-13T00:07:16.327+0000] {processor.py:925} INFO - DAG(s) 'example_nested_branch_dag' retrieved from /home/airflow/.local/lib/python3.12/site-packages/airflow/example_dags/example_nested_branch_dag.py
[2024-11-13T00:07:16.348+0000] {logging_mixin.py:190} INFO - [2024-11-13T00:07:16.347+0000] {dag.py:3239} INFO - Sync 1 DAGs
[2024-11-13T00:07:16.370+0000] {logging_mixin.py:190} INFO - [2024-11-13T00:07:16.370+0000] {dag.py:4180} INFO - Setting next_dagrun for example_nested_branch_dag to 2024-11-12 00:00:00+00:00, run_after=2024-11-13 00:00:00+00:00
[2024-11-13T00:07:16.394+0000] {processor.py:208} INFO - Processing /home/airflow/.local/lib/python3.12/site-packages/airflow/example_dags/example_nested_branch_dag.py took 0.088 seconds
[2024-11-13T00:07:46.901+0000] {processor.py:186} INFO - Started process (PID=11846) to work on /home/airflow/.local/lib/python3.12/site-packages/airflow/example_dags/example_nested_branch_dag.py
[2024-11-13T00:07:46.904+0000] {processor.py:914} INFO - Processing file /home/airflow/.local/lib/python3.12/site-packages/airflow/example_dags/example_nested_branch_dag.py for tasks to queue
[2024-11-13T00:07:46.906+0000] {logging_mixin.py:190} INFO - [2024-11-13T00:07:46.905+0000] {dagbag.py:588} INFO - Filling up the DagBag from /home/airflow/.local/lib/python3.12/site-packages/airflow/example_dags/example_nested_branch_dag.py
[2024-11-13T00:07:46.923+0000] {processor.py:925} INFO - DAG(s) 'example_nested_branch_dag' retrieved from /home/airflow/.local/lib/python3.12/site-packages/airflow/example_dags/example_nested_branch_dag.py
[2024-11-13T00:07:46.949+0000] {logging_mixin.py:190} INFO - [2024-11-13T00:07:46.948+0000] {dag.py:3239} INFO - Sync 1 DAGs
[2024-11-13T00:07:46.981+0000] {logging_mixin.py:190} INFO - [2024-11-13T00:07:46.980+0000] {dag.py:4180} INFO - Setting next_dagrun for example_nested_branch_dag to 2024-11-12 00:00:00+00:00, run_after=2024-11-13 00:00:00+00:00
[2024-11-13T00:07:47.006+0000] {processor.py:208} INFO - Processing /home/airflow/.local/lib/python3.12/site-packages/airflow/example_dags/example_nested_branch_dag.py took 0.111 seconds
[2024-11-13T00:08:17.460+0000] {processor.py:186} INFO - Started process (PID=11910) to work on /home/airflow/.local/lib/python3.12/site-packages/airflow/example_dags/example_nested_branch_dag.py
[2024-11-13T00:08:17.461+0000] {processor.py:914} INFO - Processing file /home/airflow/.local/lib/python3.12/site-packages/airflow/example_dags/example_nested_branch_dag.py for tasks to queue
[2024-11-13T00:08:17.463+0000] {logging_mixin.py:190} INFO - [2024-11-13T00:08:17.462+0000] {dagbag.py:588} INFO - Filling up the DagBag from /home/airflow/.local/lib/python3.12/site-packages/airflow/example_dags/example_nested_branch_dag.py
[2024-11-13T00:08:17.476+0000] {processor.py:925} INFO - DAG(s) 'example_nested_branch_dag' retrieved from /home/airflow/.local/lib/python3.12/site-packages/airflow/example_dags/example_nested_branch_dag.py
[2024-11-13T00:08:17.501+0000] {logging_mixin.py:190} INFO - [2024-11-13T00:08:17.501+0000] {dag.py:3239} INFO - Sync 1 DAGs
[2024-11-13T00:08:17.526+0000] {logging_mixin.py:190} INFO - [2024-11-13T00:08:17.525+0000] {dag.py:4180} INFO - Setting next_dagrun for example_nested_branch_dag to 2024-11-12 00:00:00+00:00, run_after=2024-11-13 00:00:00+00:00
[2024-11-13T00:08:17.549+0000] {processor.py:208} INFO - Processing /home/airflow/.local/lib/python3.12/site-packages/airflow/example_dags/example_nested_branch_dag.py took 0.097 seconds
[2024-11-13T00:08:48.676+0000] {processor.py:186} INFO - Started process (PID=11974) to work on /home/airflow/.local/lib/python3.12/site-packages/airflow/example_dags/example_nested_branch_dag.py
[2024-11-13T00:08:48.677+0000] {processor.py:914} INFO - Processing file /home/airflow/.local/lib/python3.12/site-packages/airflow/example_dags/example_nested_branch_dag.py for tasks to queue
[2024-11-13T00:08:48.679+0000] {logging_mixin.py:190} INFO - [2024-11-13T00:08:48.678+0000] {dagbag.py:588} INFO - Filling up the DagBag from /home/airflow/.local/lib/python3.12/site-packages/airflow/example_dags/example_nested_branch_dag.py
[2024-11-13T00:08:48.702+0000] {processor.py:925} INFO - DAG(s) 'example_nested_branch_dag' retrieved from /home/airflow/.local/lib/python3.12/site-packages/airflow/example_dags/example_nested_branch_dag.py
[2024-11-13T00:08:48.726+0000] {logging_mixin.py:190} INFO - [2024-11-13T00:08:48.726+0000] {dag.py:3239} INFO - Sync 1 DAGs
[2024-11-13T00:08:48.767+0000] {logging_mixin.py:190} INFO - [2024-11-13T00:08:48.766+0000] {dag.py:4180} INFO - Setting next_dagrun for example_nested_branch_dag to 2024-11-12 00:00:00+00:00, run_after=2024-11-13 00:00:00+00:00
[2024-11-13T00:08:48.836+0000] {processor.py:208} INFO - Processing /home/airflow/.local/lib/python3.12/site-packages/airflow/example_dags/example_nested_branch_dag.py took 0.174 seconds
[2024-11-13T00:09:19.651+0000] {processor.py:186} INFO - Started process (PID=12038) to work on /home/airflow/.local/lib/python3.12/site-packages/airflow/example_dags/example_nested_branch_dag.py
[2024-11-13T00:09:19.652+0000] {processor.py:914} INFO - Processing file /home/airflow/.local/lib/python3.12/site-packages/airflow/example_dags/example_nested_branch_dag.py for tasks to queue
[2024-11-13T00:09:19.655+0000] {logging_mixin.py:190} INFO - [2024-11-13T00:09:19.655+0000] {dagbag.py:588} INFO - Filling up the DagBag from /home/airflow/.local/lib/python3.12/site-packages/airflow/example_dags/example_nested_branch_dag.py
[2024-11-13T00:09:19.671+0000] {processor.py:925} INFO - DAG(s) 'example_nested_branch_dag' retrieved from /home/airflow/.local/lib/python3.12/site-packages/airflow/example_dags/example_nested_branch_dag.py
[2024-11-13T00:09:19.697+0000] {logging_mixin.py:190} INFO - [2024-11-13T00:09:19.697+0000] {dag.py:3239} INFO - Sync 1 DAGs
[2024-11-13T00:09:19.729+0000] {logging_mixin.py:190} INFO - [2024-11-13T00:09:19.729+0000] {dag.py:4180} INFO - Setting next_dagrun for example_nested_branch_dag to 2024-11-12 00:00:00+00:00, run_after=2024-11-13 00:00:00+00:00
[2024-11-13T00:09:19.762+0000] {processor.py:208} INFO - Processing /home/airflow/.local/lib/python3.12/site-packages/airflow/example_dags/example_nested_branch_dag.py took 0.119 seconds
[2024-11-13T00:09:49.972+0000] {processor.py:186} INFO - Started process (PID=12101) to work on /home/airflow/.local/lib/python3.12/site-packages/airflow/example_dags/example_nested_branch_dag.py
[2024-11-13T00:09:49.973+0000] {processor.py:914} INFO - Processing file /home/airflow/.local/lib/python3.12/site-packages/airflow/example_dags/example_nested_branch_dag.py for tasks to queue
[2024-11-13T00:09:49.974+0000] {logging_mixin.py:190} INFO - [2024-11-13T00:09:49.974+0000] {dagbag.py:588} INFO - Filling up the DagBag from /home/airflow/.local/lib/python3.12/site-packages/airflow/example_dags/example_nested_branch_dag.py
[2024-11-13T00:09:49.990+0000] {processor.py:925} INFO - DAG(s) 'example_nested_branch_dag' retrieved from /home/airflow/.local/lib/python3.12/site-packages/airflow/example_dags/example_nested_branch_dag.py
[2024-11-13T00:09:50.017+0000] {logging_mixin.py:190} INFO - [2024-11-13T00:09:50.017+0000] {dag.py:3239} INFO - Sync 1 DAGs
[2024-11-13T00:09:50.043+0000] {logging_mixin.py:190} INFO - [2024-11-13T00:09:50.043+0000] {dag.py:4180} INFO - Setting next_dagrun for example_nested_branch_dag to 2024-11-12 00:00:00+00:00, run_after=2024-11-13 00:00:00+00:00
[2024-11-13T00:09:50.072+0000] {processor.py:208} INFO - Processing /home/airflow/.local/lib/python3.12/site-packages/airflow/example_dags/example_nested_branch_dag.py took 0.107 seconds
[2024-11-13T00:10:20.183+0000] {processor.py:186} INFO - Started process (PID=12164) to work on /home/airflow/.local/lib/python3.12/site-packages/airflow/example_dags/example_nested_branch_dag.py
[2024-11-13T00:10:20.184+0000] {processor.py:914} INFO - Processing file /home/airflow/.local/lib/python3.12/site-packages/airflow/example_dags/example_nested_branch_dag.py for tasks to queue
[2024-11-13T00:10:20.185+0000] {logging_mixin.py:190} INFO - [2024-11-13T00:10:20.185+0000] {dagbag.py:588} INFO - Filling up the DagBag from /home/airflow/.local/lib/python3.12/site-packages/airflow/example_dags/example_nested_branch_dag.py
[2024-11-13T00:10:20.201+0000] {processor.py:925} INFO - DAG(s) 'example_nested_branch_dag' retrieved from /home/airflow/.local/lib/python3.12/site-packages/airflow/example_dags/example_nested_branch_dag.py
[2024-11-13T00:10:20.234+0000] {logging_mixin.py:190} INFO - [2024-11-13T00:10:20.234+0000] {dag.py:3239} INFO - Sync 1 DAGs
[2024-11-13T00:10:20.275+0000] {logging_mixin.py:190} INFO - [2024-11-13T00:10:20.275+0000] {dag.py:4180} INFO - Setting next_dagrun for example_nested_branch_dag to 2024-11-12 00:00:00+00:00, run_after=2024-11-13 00:00:00+00:00
[2024-11-13T00:10:20.299+0000] {processor.py:208} INFO - Processing /home/airflow/.local/lib/python3.12/site-packages/airflow/example_dags/example_nested_branch_dag.py took 0.124 seconds
[2024-11-13T00:10:50.750+0000] {processor.py:186} INFO - Started process (PID=12229) to work on /home/airflow/.local/lib/python3.12/site-packages/airflow/example_dags/example_nested_branch_dag.py
[2024-11-13T00:10:50.751+0000] {processor.py:914} INFO - Processing file /home/airflow/.local/lib/python3.12/site-packages/airflow/example_dags/example_nested_branch_dag.py for tasks to queue
[2024-11-13T00:10:50.752+0000] {logging_mixin.py:190} INFO - [2024-11-13T00:10:50.752+0000] {dagbag.py:588} INFO - Filling up the DagBag from /home/airflow/.local/lib/python3.12/site-packages/airflow/example_dags/example_nested_branch_dag.py
[2024-11-13T00:10:50.764+0000] {processor.py:925} INFO - DAG(s) 'example_nested_branch_dag' retrieved from /home/airflow/.local/lib/python3.12/site-packages/airflow/example_dags/example_nested_branch_dag.py
[2024-11-13T00:10:50.786+0000] {logging_mixin.py:190} INFO - [2024-11-13T00:10:50.786+0000] {dag.py:3239} INFO - Sync 1 DAGs
[2024-11-13T00:10:50.809+0000] {logging_mixin.py:190} INFO - [2024-11-13T00:10:50.809+0000] {dag.py:4180} INFO - Setting next_dagrun for example_nested_branch_dag to 2024-11-12 00:00:00+00:00, run_after=2024-11-13 00:00:00+00:00
[2024-11-13T00:10:50.831+0000] {processor.py:208} INFO - Processing /home/airflow/.local/lib/python3.12/site-packages/airflow/example_dags/example_nested_branch_dag.py took 0.088 seconds
[2024-11-13T00:11:21.182+0000] {processor.py:186} INFO - Started process (PID=12293) to work on /home/airflow/.local/lib/python3.12/site-packages/airflow/example_dags/example_nested_branch_dag.py
[2024-11-13T00:11:21.183+0000] {processor.py:914} INFO - Processing file /home/airflow/.local/lib/python3.12/site-packages/airflow/example_dags/example_nested_branch_dag.py for tasks to queue
[2024-11-13T00:11:21.184+0000] {logging_mixin.py:190} INFO - [2024-11-13T00:11:21.184+0000] {dagbag.py:588} INFO - Filling up the DagBag from /home/airflow/.local/lib/python3.12/site-packages/airflow/example_dags/example_nested_branch_dag.py
[2024-11-13T00:11:21.212+0000] {processor.py:925} INFO - DAG(s) 'example_nested_branch_dag' retrieved from /home/airflow/.local/lib/python3.12/site-packages/airflow/example_dags/example_nested_branch_dag.py
[2024-11-13T00:11:21.251+0000] {logging_mixin.py:190} INFO - [2024-11-13T00:11:21.250+0000] {dag.py:3239} INFO - Sync 1 DAGs
[2024-11-13T00:11:21.281+0000] {logging_mixin.py:190} INFO - [2024-11-13T00:11:21.281+0000] {dag.py:4180} INFO - Setting next_dagrun for example_nested_branch_dag to 2024-11-12 00:00:00+00:00, run_after=2024-11-13 00:00:00+00:00
[2024-11-13T00:11:21.304+0000] {processor.py:208} INFO - Processing /home/airflow/.local/lib/python3.12/site-packages/airflow/example_dags/example_nested_branch_dag.py took 0.131 seconds
[2024-11-13T00:11:51.351+0000] {processor.py:186} INFO - Started process (PID=12356) to work on /home/airflow/.local/lib/python3.12/site-packages/airflow/example_dags/example_nested_branch_dag.py
[2024-11-13T00:11:51.352+0000] {processor.py:914} INFO - Processing file /home/airflow/.local/lib/python3.12/site-packages/airflow/example_dags/example_nested_branch_dag.py for tasks to queue
[2024-11-13T00:11:51.354+0000] {logging_mixin.py:190} INFO - [2024-11-13T00:11:51.353+0000] {dagbag.py:588} INFO - Filling up the DagBag from /home/airflow/.local/lib/python3.12/site-packages/airflow/example_dags/example_nested_branch_dag.py
[2024-11-13T00:11:51.366+0000] {processor.py:925} INFO - DAG(s) 'example_nested_branch_dag' retrieved from /home/airflow/.local/lib/python3.12/site-packages/airflow/example_dags/example_nested_branch_dag.py
[2024-11-13T00:11:51.389+0000] {logging_mixin.py:190} INFO - [2024-11-13T00:11:51.388+0000] {dag.py:3239} INFO - Sync 1 DAGs
[2024-11-13T00:11:51.412+0000] {logging_mixin.py:190} INFO - [2024-11-13T00:11:51.412+0000] {dag.py:4180} INFO - Setting next_dagrun for example_nested_branch_dag to 2024-11-12 00:00:00+00:00, run_after=2024-11-13 00:00:00+00:00
[2024-11-13T00:11:51.435+0000] {processor.py:208} INFO - Processing /home/airflow/.local/lib/python3.12/site-packages/airflow/example_dags/example_nested_branch_dag.py took 0.091 seconds
[2024-11-13T00:12:21.587+0000] {processor.py:186} INFO - Started process (PID=12420) to work on /home/airflow/.local/lib/python3.12/site-packages/airflow/example_dags/example_nested_branch_dag.py
[2024-11-13T00:12:21.588+0000] {processor.py:914} INFO - Processing file /home/airflow/.local/lib/python3.12/site-packages/airflow/example_dags/example_nested_branch_dag.py for tasks to queue
[2024-11-13T00:12:21.590+0000] {logging_mixin.py:190} INFO - [2024-11-13T00:12:21.589+0000] {dagbag.py:588} INFO - Filling up the DagBag from /home/airflow/.local/lib/python3.12/site-packages/airflow/example_dags/example_nested_branch_dag.py
[2024-11-13T00:12:21.602+0000] {processor.py:925} INFO - DAG(s) 'example_nested_branch_dag' retrieved from /home/airflow/.local/lib/python3.12/site-packages/airflow/example_dags/example_nested_branch_dag.py
[2024-11-13T00:12:21.626+0000] {logging_mixin.py:190} INFO - [2024-11-13T00:12:21.626+0000] {dag.py:3239} INFO - Sync 1 DAGs
[2024-11-13T00:12:21.651+0000] {logging_mixin.py:190} INFO - [2024-11-13T00:12:21.651+0000] {dag.py:4180} INFO - Setting next_dagrun for example_nested_branch_dag to 2024-11-12 00:00:00+00:00, run_after=2024-11-13 00:00:00+00:00
[2024-11-13T00:12:21.673+0000] {processor.py:208} INFO - Processing /home/airflow/.local/lib/python3.12/site-packages/airflow/example_dags/example_nested_branch_dag.py took 0.093 seconds
[2024-11-13T00:12:51.737+0000] {processor.py:186} INFO - Started process (PID=12483) to work on /home/airflow/.local/lib/python3.12/site-packages/airflow/example_dags/example_nested_branch_dag.py
[2024-11-13T00:12:51.738+0000] {processor.py:914} INFO - Processing file /home/airflow/.local/lib/python3.12/site-packages/airflow/example_dags/example_nested_branch_dag.py for tasks to queue
[2024-11-13T00:12:51.739+0000] {logging_mixin.py:190} INFO - [2024-11-13T00:12:51.739+0000] {dagbag.py:588} INFO - Filling up the DagBag from /home/airflow/.local/lib/python3.12/site-packages/airflow/example_dags/example_nested_branch_dag.py
[2024-11-13T00:12:51.751+0000] {processor.py:925} INFO - DAG(s) 'example_nested_branch_dag' retrieved from /home/airflow/.local/lib/python3.12/site-packages/airflow/example_dags/example_nested_branch_dag.py
[2024-11-13T00:12:51.772+0000] {logging_mixin.py:190} INFO - [2024-11-13T00:12:51.772+0000] {dag.py:3239} INFO - Sync 1 DAGs
[2024-11-13T00:12:51.796+0000] {logging_mixin.py:190} INFO - [2024-11-13T00:12:51.796+0000] {dag.py:4180} INFO - Setting next_dagrun for example_nested_branch_dag to 2024-11-12 00:00:00+00:00, run_after=2024-11-13 00:00:00+00:00
[2024-11-13T00:12:51.818+0000] {processor.py:208} INFO - Processing /home/airflow/.local/lib/python3.12/site-packages/airflow/example_dags/example_nested_branch_dag.py took 0.088 seconds
[2024-11-13T00:13:21.979+0000] {processor.py:186} INFO - Started process (PID=12548) to work on /home/airflow/.local/lib/python3.12/site-packages/airflow/example_dags/example_nested_branch_dag.py
[2024-11-13T00:13:21.980+0000] {processor.py:914} INFO - Processing file /home/airflow/.local/lib/python3.12/site-packages/airflow/example_dags/example_nested_branch_dag.py for tasks to queue
[2024-11-13T00:13:21.982+0000] {logging_mixin.py:190} INFO - [2024-11-13T00:13:21.981+0000] {dagbag.py:588} INFO - Filling up the DagBag from /home/airflow/.local/lib/python3.12/site-packages/airflow/example_dags/example_nested_branch_dag.py
[2024-11-13T00:13:21.994+0000] {processor.py:925} INFO - DAG(s) 'example_nested_branch_dag' retrieved from /home/airflow/.local/lib/python3.12/site-packages/airflow/example_dags/example_nested_branch_dag.py
[2024-11-13T00:13:22.018+0000] {logging_mixin.py:190} INFO - [2024-11-13T00:13:22.017+0000] {dag.py:3239} INFO - Sync 1 DAGs
[2024-11-13T00:13:22.044+0000] {logging_mixin.py:190} INFO - [2024-11-13T00:13:22.044+0000] {dag.py:4180} INFO - Setting next_dagrun for example_nested_branch_dag to 2024-11-12 00:00:00+00:00, run_after=2024-11-13 00:00:00+00:00
[2024-11-13T00:13:22.069+0000] {processor.py:208} INFO - Processing /home/airflow/.local/lib/python3.12/site-packages/airflow/example_dags/example_nested_branch_dag.py took 0.099 seconds
[2024-11-13T00:13:52.659+0000] {processor.py:186} INFO - Started process (PID=12611) to work on /home/airflow/.local/lib/python3.12/site-packages/airflow/example_dags/example_nested_branch_dag.py
[2024-11-13T00:13:52.661+0000] {processor.py:914} INFO - Processing file /home/airflow/.local/lib/python3.12/site-packages/airflow/example_dags/example_nested_branch_dag.py for tasks to queue
[2024-11-13T00:13:52.663+0000] {logging_mixin.py:190} INFO - [2024-11-13T00:13:52.662+0000] {dagbag.py:588} INFO - Filling up the DagBag from /home/airflow/.local/lib/python3.12/site-packages/airflow/example_dags/example_nested_branch_dag.py
[2024-11-13T00:13:52.675+0000] {processor.py:925} INFO - DAG(s) 'example_nested_branch_dag' retrieved from /home/airflow/.local/lib/python3.12/site-packages/airflow/example_dags/example_nested_branch_dag.py
[2024-11-13T00:13:52.700+0000] {logging_mixin.py:190} INFO - [2024-11-13T00:13:52.700+0000] {dag.py:3239} INFO - Sync 1 DAGs
[2024-11-13T00:13:52.727+0000] {logging_mixin.py:190} INFO - [2024-11-13T00:13:52.727+0000] {dag.py:4180} INFO - Setting next_dagrun for example_nested_branch_dag to 2024-11-12 00:00:00+00:00, run_after=2024-11-13 00:00:00+00:00
[2024-11-13T00:13:52.755+0000] {processor.py:208} INFO - Processing /home/airflow/.local/lib/python3.12/site-packages/airflow/example_dags/example_nested_branch_dag.py took 0.104 seconds
[2024-11-13T00:14:23.124+0000] {processor.py:186} INFO - Started process (PID=12674) to work on /home/airflow/.local/lib/python3.12/site-packages/airflow/example_dags/example_nested_branch_dag.py
[2024-11-13T00:14:23.125+0000] {processor.py:914} INFO - Processing file /home/airflow/.local/lib/python3.12/site-packages/airflow/example_dags/example_nested_branch_dag.py for tasks to queue
[2024-11-13T00:14:23.127+0000] {logging_mixin.py:190} INFO - [2024-11-13T00:14:23.126+0000] {dagbag.py:588} INFO - Filling up the DagBag from /home/airflow/.local/lib/python3.12/site-packages/airflow/example_dags/example_nested_branch_dag.py
[2024-11-13T00:14:23.141+0000] {processor.py:925} INFO - DAG(s) 'example_nested_branch_dag' retrieved from /home/airflow/.local/lib/python3.12/site-packages/airflow/example_dags/example_nested_branch_dag.py
[2024-11-13T00:14:23.168+0000] {logging_mixin.py:190} INFO - [2024-11-13T00:14:23.167+0000] {dag.py:3239} INFO - Sync 1 DAGs
[2024-11-13T00:14:23.210+0000] {logging_mixin.py:190} INFO - [2024-11-13T00:14:23.210+0000] {dag.py:4180} INFO - Setting next_dagrun for example_nested_branch_dag to 2024-11-12 00:00:00+00:00, run_after=2024-11-13 00:00:00+00:00
[2024-11-13T00:14:23.236+0000] {processor.py:208} INFO - Processing /home/airflow/.local/lib/python3.12/site-packages/airflow/example_dags/example_nested_branch_dag.py took 0.121 seconds
[2024-11-13T00:14:53.380+0000] {processor.py:186} INFO - Started process (PID=12738) to work on /home/airflow/.local/lib/python3.12/site-packages/airflow/example_dags/example_nested_branch_dag.py
[2024-11-13T00:14:53.381+0000] {processor.py:914} INFO - Processing file /home/airflow/.local/lib/python3.12/site-packages/airflow/example_dags/example_nested_branch_dag.py for tasks to queue
[2024-11-13T00:14:53.382+0000] {logging_mixin.py:190} INFO - [2024-11-13T00:14:53.382+0000] {dagbag.py:588} INFO - Filling up the DagBag from /home/airflow/.local/lib/python3.12/site-packages/airflow/example_dags/example_nested_branch_dag.py
[2024-11-13T00:14:53.395+0000] {processor.py:925} INFO - DAG(s) 'example_nested_branch_dag' retrieved from /home/airflow/.local/lib/python3.12/site-packages/airflow/example_dags/example_nested_branch_dag.py
[2024-11-13T00:14:53.417+0000] {logging_mixin.py:190} INFO - [2024-11-13T00:14:53.416+0000] {dag.py:3239} INFO - Sync 1 DAGs
[2024-11-13T00:14:53.443+0000] {logging_mixin.py:190} INFO - [2024-11-13T00:14:53.443+0000] {dag.py:4180} INFO - Setting next_dagrun for example_nested_branch_dag to 2024-11-12 00:00:00+00:00, run_after=2024-11-13 00:00:00+00:00
[2024-11-13T00:14:53.468+0000] {processor.py:208} INFO - Processing /home/airflow/.local/lib/python3.12/site-packages/airflow/example_dags/example_nested_branch_dag.py took 0.096 seconds
[2024-11-13T00:15:23.793+0000] {processor.py:186} INFO - Started process (PID=12802) to work on /home/airflow/.local/lib/python3.12/site-packages/airflow/example_dags/example_nested_branch_dag.py
[2024-11-13T00:15:23.794+0000] {processor.py:914} INFO - Processing file /home/airflow/.local/lib/python3.12/site-packages/airflow/example_dags/example_nested_branch_dag.py for tasks to queue
[2024-11-13T00:15:23.796+0000] {logging_mixin.py:190} INFO - [2024-11-13T00:15:23.795+0000] {dagbag.py:588} INFO - Filling up the DagBag from /home/airflow/.local/lib/python3.12/site-packages/airflow/example_dags/example_nested_branch_dag.py
[2024-11-13T00:15:23.810+0000] {processor.py:925} INFO - DAG(s) 'example_nested_branch_dag' retrieved from /home/airflow/.local/lib/python3.12/site-packages/airflow/example_dags/example_nested_branch_dag.py
[2024-11-13T00:15:23.834+0000] {logging_mixin.py:190} INFO - [2024-11-13T00:15:23.834+0000] {dag.py:3239} INFO - Sync 1 DAGs
[2024-11-13T00:15:23.860+0000] {logging_mixin.py:190} INFO - [2024-11-13T00:15:23.860+0000] {dag.py:4180} INFO - Setting next_dagrun for example_nested_branch_dag to 2024-11-12 00:00:00+00:00, run_after=2024-11-13 00:00:00+00:00
[2024-11-13T00:15:23.884+0000] {processor.py:208} INFO - Processing /home/airflow/.local/lib/python3.12/site-packages/airflow/example_dags/example_nested_branch_dag.py took 0.098 seconds
[2024-11-13T00:15:54.051+0000] {processor.py:186} INFO - Started process (PID=12866) to work on /home/airflow/.local/lib/python3.12/site-packages/airflow/example_dags/example_nested_branch_dag.py
[2024-11-13T00:15:54.052+0000] {processor.py:914} INFO - Processing file /home/airflow/.local/lib/python3.12/site-packages/airflow/example_dags/example_nested_branch_dag.py for tasks to queue
[2024-11-13T00:15:54.054+0000] {logging_mixin.py:190} INFO - [2024-11-13T00:15:54.054+0000] {dagbag.py:588} INFO - Filling up the DagBag from /home/airflow/.local/lib/python3.12/site-packages/airflow/example_dags/example_nested_branch_dag.py
[2024-11-13T00:15:54.067+0000] {processor.py:925} INFO - DAG(s) 'example_nested_branch_dag' retrieved from /home/airflow/.local/lib/python3.12/site-packages/airflow/example_dags/example_nested_branch_dag.py
[2024-11-13T00:15:54.091+0000] {logging_mixin.py:190} INFO - [2024-11-13T00:15:54.090+0000] {dag.py:3239} INFO - Sync 1 DAGs
[2024-11-13T00:15:54.117+0000] {logging_mixin.py:190} INFO - [2024-11-13T00:15:54.117+0000] {dag.py:4180} INFO - Setting next_dagrun for example_nested_branch_dag to 2024-11-12 00:00:00+00:00, run_after=2024-11-13 00:00:00+00:00
[2024-11-13T00:15:54.145+0000] {processor.py:208} INFO - Processing /home/airflow/.local/lib/python3.12/site-packages/airflow/example_dags/example_nested_branch_dag.py took 0.101 seconds
[2024-11-13T00:16:24.860+0000] {processor.py:186} INFO - Started process (PID=12931) to work on /home/airflow/.local/lib/python3.12/site-packages/airflow/example_dags/example_nested_branch_dag.py
[2024-11-13T00:16:24.861+0000] {processor.py:914} INFO - Processing file /home/airflow/.local/lib/python3.12/site-packages/airflow/example_dags/example_nested_branch_dag.py for tasks to queue
[2024-11-13T00:16:24.863+0000] {logging_mixin.py:190} INFO - [2024-11-13T00:16:24.863+0000] {dagbag.py:588} INFO - Filling up the DagBag from /home/airflow/.local/lib/python3.12/site-packages/airflow/example_dags/example_nested_branch_dag.py
[2024-11-13T00:16:24.877+0000] {processor.py:925} INFO - DAG(s) 'example_nested_branch_dag' retrieved from /home/airflow/.local/lib/python3.12/site-packages/airflow/example_dags/example_nested_branch_dag.py
[2024-11-13T00:16:24.900+0000] {logging_mixin.py:190} INFO - [2024-11-13T00:16:24.900+0000] {dag.py:3239} INFO - Sync 1 DAGs
[2024-11-13T00:16:24.929+0000] {logging_mixin.py:190} INFO - [2024-11-13T00:16:24.929+0000] {dag.py:4180} INFO - Setting next_dagrun for example_nested_branch_dag to 2024-11-12 00:00:00+00:00, run_after=2024-11-13 00:00:00+00:00
[2024-11-13T00:16:24.950+0000] {processor.py:208} INFO - Processing /home/airflow/.local/lib/python3.12/site-packages/airflow/example_dags/example_nested_branch_dag.py took 0.100 seconds
[2024-11-13T00:16:55.327+0000] {processor.py:186} INFO - Started process (PID=12995) to work on /home/airflow/.local/lib/python3.12/site-packages/airflow/example_dags/example_nested_branch_dag.py
[2024-11-13T00:16:55.329+0000] {processor.py:914} INFO - Processing file /home/airflow/.local/lib/python3.12/site-packages/airflow/example_dags/example_nested_branch_dag.py for tasks to queue
[2024-11-13T00:16:55.331+0000] {logging_mixin.py:190} INFO - [2024-11-13T00:16:55.330+0000] {dagbag.py:588} INFO - Filling up the DagBag from /home/airflow/.local/lib/python3.12/site-packages/airflow/example_dags/example_nested_branch_dag.py
[2024-11-13T00:16:55.344+0000] {processor.py:925} INFO - DAG(s) 'example_nested_branch_dag' retrieved from /home/airflow/.local/lib/python3.12/site-packages/airflow/example_dags/example_nested_branch_dag.py
[2024-11-13T00:16:55.388+0000] {logging_mixin.py:190} INFO - [2024-11-13T00:16:55.387+0000] {dag.py:3239} INFO - Sync 1 DAGs
[2024-11-13T00:16:55.412+0000] {logging_mixin.py:190} INFO - [2024-11-13T00:16:55.412+0000] {dag.py:4180} INFO - Setting next_dagrun for example_nested_branch_dag to 2024-11-12 00:00:00+00:00, run_after=2024-11-13 00:00:00+00:00
[2024-11-13T00:16:55.434+0000] {processor.py:208} INFO - Processing /home/airflow/.local/lib/python3.12/site-packages/airflow/example_dags/example_nested_branch_dag.py took 0.117 seconds
[2024-11-13T00:17:25.993+0000] {processor.py:186} INFO - Started process (PID=13059) to work on /home/airflow/.local/lib/python3.12/site-packages/airflow/example_dags/example_nested_branch_dag.py
[2024-11-13T00:17:25.994+0000] {processor.py:914} INFO - Processing file /home/airflow/.local/lib/python3.12/site-packages/airflow/example_dags/example_nested_branch_dag.py for tasks to queue
[2024-11-13T00:17:25.995+0000] {logging_mixin.py:190} INFO - [2024-11-13T00:17:25.995+0000] {dagbag.py:588} INFO - Filling up the DagBag from /home/airflow/.local/lib/python3.12/site-packages/airflow/example_dags/example_nested_branch_dag.py
[2024-11-13T00:17:26.010+0000] {processor.py:925} INFO - DAG(s) 'example_nested_branch_dag' retrieved from /home/airflow/.local/lib/python3.12/site-packages/airflow/example_dags/example_nested_branch_dag.py
[2024-11-13T00:17:26.038+0000] {logging_mixin.py:190} INFO - [2024-11-13T00:17:26.038+0000] {dag.py:3239} INFO - Sync 1 DAGs
[2024-11-13T00:17:26.068+0000] {logging_mixin.py:190} INFO - [2024-11-13T00:17:26.068+0000] {dag.py:4180} INFO - Setting next_dagrun for example_nested_branch_dag to 2024-11-12 00:00:00+00:00, run_after=2024-11-13 00:00:00+00:00
[2024-11-13T00:17:26.102+0000] {processor.py:208} INFO - Processing /home/airflow/.local/lib/python3.12/site-packages/airflow/example_dags/example_nested_branch_dag.py took 0.116 seconds
[2024-11-13T00:17:56.856+0000] {processor.py:186} INFO - Started process (PID=13123) to work on /home/airflow/.local/lib/python3.12/site-packages/airflow/example_dags/example_nested_branch_dag.py
[2024-11-13T00:17:56.858+0000] {processor.py:914} INFO - Processing file /home/airflow/.local/lib/python3.12/site-packages/airflow/example_dags/example_nested_branch_dag.py for tasks to queue
[2024-11-13T00:17:56.860+0000] {logging_mixin.py:190} INFO - [2024-11-13T00:17:56.860+0000] {dagbag.py:588} INFO - Filling up the DagBag from /home/airflow/.local/lib/python3.12/site-packages/airflow/example_dags/example_nested_branch_dag.py
[2024-11-13T00:17:56.877+0000] {processor.py:925} INFO - DAG(s) 'example_nested_branch_dag' retrieved from /home/airflow/.local/lib/python3.12/site-packages/airflow/example_dags/example_nested_branch_dag.py
[2024-11-13T00:17:56.905+0000] {logging_mixin.py:190} INFO - [2024-11-13T00:17:56.905+0000] {dag.py:3239} INFO - Sync 1 DAGs
[2024-11-13T00:17:56.938+0000] {logging_mixin.py:190} INFO - [2024-11-13T00:17:56.938+0000] {dag.py:4180} INFO - Setting next_dagrun for example_nested_branch_dag to 2024-11-12 00:00:00+00:00, run_after=2024-11-13 00:00:00+00:00
[2024-11-13T00:17:57.031+0000] {processor.py:208} INFO - Processing /home/airflow/.local/lib/python3.12/site-packages/airflow/example_dags/example_nested_branch_dag.py took 0.201 seconds
[2024-11-13T00:18:27.771+0000] {processor.py:186} INFO - Started process (PID=13186) to work on /home/airflow/.local/lib/python3.12/site-packages/airflow/example_dags/example_nested_branch_dag.py
[2024-11-13T00:18:27.773+0000] {processor.py:914} INFO - Processing file /home/airflow/.local/lib/python3.12/site-packages/airflow/example_dags/example_nested_branch_dag.py for tasks to queue
[2024-11-13T00:18:27.776+0000] {logging_mixin.py:190} INFO - [2024-11-13T00:18:27.775+0000] {dagbag.py:588} INFO - Filling up the DagBag from /home/airflow/.local/lib/python3.12/site-packages/airflow/example_dags/example_nested_branch_dag.py
[2024-11-13T00:18:27.797+0000] {processor.py:925} INFO - DAG(s) 'example_nested_branch_dag' retrieved from /home/airflow/.local/lib/python3.12/site-packages/airflow/example_dags/example_nested_branch_dag.py
[2024-11-13T00:18:27.831+0000] {logging_mixin.py:190} INFO - [2024-11-13T00:18:27.831+0000] {dag.py:3239} INFO - Sync 1 DAGs
[2024-11-13T00:18:27.870+0000] {logging_mixin.py:190} INFO - [2024-11-13T00:18:27.869+0000] {dag.py:4180} INFO - Setting next_dagrun for example_nested_branch_dag to 2024-11-12 00:00:00+00:00, run_after=2024-11-13 00:00:00+00:00
[2024-11-13T00:18:27.899+0000] {processor.py:208} INFO - Processing /home/airflow/.local/lib/python3.12/site-packages/airflow/example_dags/example_nested_branch_dag.py took 0.138 seconds
[2024-11-13T00:18:58.395+0000] {processor.py:186} INFO - Started process (PID=13251) to work on /home/airflow/.local/lib/python3.12/site-packages/airflow/example_dags/example_nested_branch_dag.py
[2024-11-13T00:18:58.396+0000] {processor.py:914} INFO - Processing file /home/airflow/.local/lib/python3.12/site-packages/airflow/example_dags/example_nested_branch_dag.py for tasks to queue
[2024-11-13T00:18:58.398+0000] {logging_mixin.py:190} INFO - [2024-11-13T00:18:58.398+0000] {dagbag.py:588} INFO - Filling up the DagBag from /home/airflow/.local/lib/python3.12/site-packages/airflow/example_dags/example_nested_branch_dag.py
[2024-11-13T00:18:58.425+0000] {processor.py:925} INFO - DAG(s) 'example_nested_branch_dag' retrieved from /home/airflow/.local/lib/python3.12/site-packages/airflow/example_dags/example_nested_branch_dag.py
[2024-11-13T00:18:58.467+0000] {logging_mixin.py:190} INFO - [2024-11-13T00:18:58.467+0000] {dag.py:3239} INFO - Sync 1 DAGs
[2024-11-13T00:18:58.517+0000] {logging_mixin.py:190} INFO - [2024-11-13T00:18:58.516+0000] {dag.py:4180} INFO - Setting next_dagrun for example_nested_branch_dag to 2024-11-12 00:00:00+00:00, run_after=2024-11-13 00:00:00+00:00
[2024-11-13T00:18:58.546+0000] {processor.py:208} INFO - Processing /home/airflow/.local/lib/python3.12/site-packages/airflow/example_dags/example_nested_branch_dag.py took 0.162 seconds
[2024-11-13T00:19:40.219+0000] {processor.py:186} INFO - Started process (PID=13290) to work on /home/airflow/.local/lib/python3.12/site-packages/airflow/example_dags/example_nested_branch_dag.py
[2024-11-13T00:19:40.220+0000] {processor.py:914} INFO - Processing file /home/airflow/.local/lib/python3.12/site-packages/airflow/example_dags/example_nested_branch_dag.py for tasks to queue
[2024-11-13T00:19:40.224+0000] {logging_mixin.py:190} INFO - [2024-11-13T00:19:40.223+0000] {dagbag.py:588} INFO - Filling up the DagBag from /home/airflow/.local/lib/python3.12/site-packages/airflow/example_dags/example_nested_branch_dag.py
[2024-11-13T00:19:40.243+0000] {processor.py:925} INFO - DAG(s) 'example_nested_branch_dag' retrieved from /home/airflow/.local/lib/python3.12/site-packages/airflow/example_dags/example_nested_branch_dag.py
[2024-11-13T00:19:40.277+0000] {logging_mixin.py:190} INFO - [2024-11-13T00:19:40.277+0000] {dag.py:3239} INFO - Sync 1 DAGs
[2024-11-13T00:19:40.322+0000] {logging_mixin.py:190} INFO - [2024-11-13T00:19:40.322+0000] {dag.py:4180} INFO - Setting next_dagrun for example_nested_branch_dag to 2024-11-12 00:00:00+00:00, run_after=2024-11-13 00:00:00+00:00
[2024-11-13T00:19:40.371+0000] {processor.py:208} INFO - Processing /home/airflow/.local/lib/python3.12/site-packages/airflow/example_dags/example_nested_branch_dag.py took 0.164 seconds
[2024-11-13T00:20:13.070+0000] {processor.py:186} INFO - Started process (PID=13354) to work on /home/airflow/.local/lib/python3.12/site-packages/airflow/example_dags/example_nested_branch_dag.py
[2024-11-13T00:20:13.071+0000] {processor.py:914} INFO - Processing file /home/airflow/.local/lib/python3.12/site-packages/airflow/example_dags/example_nested_branch_dag.py for tasks to queue
[2024-11-13T00:20:13.072+0000] {logging_mixin.py:190} INFO - [2024-11-13T00:20:13.072+0000] {dagbag.py:588} INFO - Filling up the DagBag from /home/airflow/.local/lib/python3.12/site-packages/airflow/example_dags/example_nested_branch_dag.py
[2024-11-13T00:20:13.092+0000] {processor.py:925} INFO - DAG(s) 'example_nested_branch_dag' retrieved from /home/airflow/.local/lib/python3.12/site-packages/airflow/example_dags/example_nested_branch_dag.py
[2024-11-13T00:20:13.128+0000] {logging_mixin.py:190} INFO - [2024-11-13T00:20:13.128+0000] {dag.py:3239} INFO - Sync 1 DAGs
[2024-11-13T00:20:13.173+0000] {logging_mixin.py:190} INFO - [2024-11-13T00:20:13.173+0000] {dag.py:4180} INFO - Setting next_dagrun for example_nested_branch_dag to 2024-11-12 00:00:00+00:00, run_after=2024-11-13 00:00:00+00:00
[2024-11-13T00:20:13.215+0000] {processor.py:208} INFO - Processing /home/airflow/.local/lib/python3.12/site-packages/airflow/example_dags/example_nested_branch_dag.py took 0.156 seconds
[2024-11-13T00:20:43.847+0000] {processor.py:186} INFO - Started process (PID=13418) to work on /home/airflow/.local/lib/python3.12/site-packages/airflow/example_dags/example_nested_branch_dag.py
[2024-11-13T00:20:43.848+0000] {processor.py:914} INFO - Processing file /home/airflow/.local/lib/python3.12/site-packages/airflow/example_dags/example_nested_branch_dag.py for tasks to queue
[2024-11-13T00:20:43.850+0000] {logging_mixin.py:190} INFO - [2024-11-13T00:20:43.849+0000] {dagbag.py:588} INFO - Filling up the DagBag from /home/airflow/.local/lib/python3.12/site-packages/airflow/example_dags/example_nested_branch_dag.py
[2024-11-13T00:20:43.866+0000] {processor.py:925} INFO - DAG(s) 'example_nested_branch_dag' retrieved from /home/airflow/.local/lib/python3.12/site-packages/airflow/example_dags/example_nested_branch_dag.py
[2024-11-13T00:20:43.899+0000] {logging_mixin.py:190} INFO - [2024-11-13T00:20:43.899+0000] {dag.py:3239} INFO - Sync 1 DAGs
[2024-11-13T00:20:43.932+0000] {logging_mixin.py:190} INFO - [2024-11-13T00:20:43.931+0000] {dag.py:4180} INFO - Setting next_dagrun for example_nested_branch_dag to 2024-11-12 00:00:00+00:00, run_after=2024-11-13 00:00:00+00:00
[2024-11-13T00:20:43.965+0000] {processor.py:208} INFO - Processing /home/airflow/.local/lib/python3.12/site-packages/airflow/example_dags/example_nested_branch_dag.py took 0.126 seconds
[2024-11-13T00:21:14.853+0000] {processor.py:186} INFO - Started process (PID=13482) to work on /home/airflow/.local/lib/python3.12/site-packages/airflow/example_dags/example_nested_branch_dag.py
[2024-11-13T00:21:14.856+0000] {processor.py:914} INFO - Processing file /home/airflow/.local/lib/python3.12/site-packages/airflow/example_dags/example_nested_branch_dag.py for tasks to queue
[2024-11-13T00:21:14.858+0000] {logging_mixin.py:190} INFO - [2024-11-13T00:21:14.857+0000] {dagbag.py:588} INFO - Filling up the DagBag from /home/airflow/.local/lib/python3.12/site-packages/airflow/example_dags/example_nested_branch_dag.py
[2024-11-13T00:21:14.873+0000] {processor.py:925} INFO - DAG(s) 'example_nested_branch_dag' retrieved from /home/airflow/.local/lib/python3.12/site-packages/airflow/example_dags/example_nested_branch_dag.py
[2024-11-13T00:21:14.899+0000] {logging_mixin.py:190} INFO - [2024-11-13T00:21:14.898+0000] {dag.py:3239} INFO - Sync 1 DAGs
[2024-11-13T00:21:14.929+0000] {logging_mixin.py:190} INFO - [2024-11-13T00:21:14.928+0000] {dag.py:4180} INFO - Setting next_dagrun for example_nested_branch_dag to 2024-11-12 00:00:00+00:00, run_after=2024-11-13 00:00:00+00:00
[2024-11-13T00:21:14.963+0000] {processor.py:208} INFO - Processing /home/airflow/.local/lib/python3.12/site-packages/airflow/example_dags/example_nested_branch_dag.py took 0.118 seconds
[2024-11-13T00:21:46.509+0000] {processor.py:186} INFO - Started process (PID=13546) to work on /home/airflow/.local/lib/python3.12/site-packages/airflow/example_dags/example_nested_branch_dag.py
[2024-11-13T00:21:46.510+0000] {processor.py:914} INFO - Processing file /home/airflow/.local/lib/python3.12/site-packages/airflow/example_dags/example_nested_branch_dag.py for tasks to queue
[2024-11-13T00:21:46.511+0000] {logging_mixin.py:190} INFO - [2024-11-13T00:21:46.511+0000] {dagbag.py:588} INFO - Filling up the DagBag from /home/airflow/.local/lib/python3.12/site-packages/airflow/example_dags/example_nested_branch_dag.py
[2024-11-13T00:21:46.527+0000] {processor.py:925} INFO - DAG(s) 'example_nested_branch_dag' retrieved from /home/airflow/.local/lib/python3.12/site-packages/airflow/example_dags/example_nested_branch_dag.py
[2024-11-13T00:21:46.553+0000] {logging_mixin.py:190} INFO - [2024-11-13T00:21:46.553+0000] {dag.py:3239} INFO - Sync 1 DAGs
[2024-11-13T00:21:46.604+0000] {logging_mixin.py:190} INFO - [2024-11-13T00:21:46.603+0000] {dag.py:4180} INFO - Setting next_dagrun for example_nested_branch_dag to 2024-11-12 00:00:00+00:00, run_after=2024-11-13 00:00:00+00:00
[2024-11-13T00:21:46.648+0000] {processor.py:208} INFO - Processing /home/airflow/.local/lib/python3.12/site-packages/airflow/example_dags/example_nested_branch_dag.py took 0.150 seconds
[2024-11-13T00:22:17.838+0000] {processor.py:186} INFO - Started process (PID=13610) to work on /home/airflow/.local/lib/python3.12/site-packages/airflow/example_dags/example_nested_branch_dag.py
[2024-11-13T00:22:17.839+0000] {processor.py:914} INFO - Processing file /home/airflow/.local/lib/python3.12/site-packages/airflow/example_dags/example_nested_branch_dag.py for tasks to queue
[2024-11-13T00:22:17.841+0000] {logging_mixin.py:190} INFO - [2024-11-13T00:22:17.840+0000] {dagbag.py:588} INFO - Filling up the DagBag from /home/airflow/.local/lib/python3.12/site-packages/airflow/example_dags/example_nested_branch_dag.py
[2024-11-13T00:22:17.855+0000] {processor.py:925} INFO - DAG(s) 'example_nested_branch_dag' retrieved from /home/airflow/.local/lib/python3.12/site-packages/airflow/example_dags/example_nested_branch_dag.py
[2024-11-13T00:22:17.881+0000] {logging_mixin.py:190} INFO - [2024-11-13T00:22:17.881+0000] {dag.py:3239} INFO - Sync 1 DAGs
[2024-11-13T00:22:17.908+0000] {logging_mixin.py:190} INFO - [2024-11-13T00:22:17.908+0000] {dag.py:4180} INFO - Setting next_dagrun for example_nested_branch_dag to 2024-11-12 00:00:00+00:00, run_after=2024-11-13 00:00:00+00:00
[2024-11-13T00:22:17.940+0000] {processor.py:208} INFO - Processing /home/airflow/.local/lib/python3.12/site-packages/airflow/example_dags/example_nested_branch_dag.py took 0.110 seconds
[2024-11-13T00:22:48.809+0000] {processor.py:186} INFO - Started process (PID=13674) to work on /home/airflow/.local/lib/python3.12/site-packages/airflow/example_dags/example_nested_branch_dag.py
[2024-11-13T00:22:48.810+0000] {processor.py:914} INFO - Processing file /home/airflow/.local/lib/python3.12/site-packages/airflow/example_dags/example_nested_branch_dag.py for tasks to queue
[2024-11-13T00:22:48.812+0000] {logging_mixin.py:190} INFO - [2024-11-13T00:22:48.811+0000] {dagbag.py:588} INFO - Filling up the DagBag from /home/airflow/.local/lib/python3.12/site-packages/airflow/example_dags/example_nested_branch_dag.py
[2024-11-13T00:22:48.824+0000] {processor.py:925} INFO - DAG(s) 'example_nested_branch_dag' retrieved from /home/airflow/.local/lib/python3.12/site-packages/airflow/example_dags/example_nested_branch_dag.py
[2024-11-13T00:22:48.848+0000] {logging_mixin.py:190} INFO - [2024-11-13T00:22:48.848+0000] {dag.py:3239} INFO - Sync 1 DAGs
[2024-11-13T00:22:48.891+0000] {logging_mixin.py:190} INFO - [2024-11-13T00:22:48.891+0000] {dag.py:4180} INFO - Setting next_dagrun for example_nested_branch_dag to 2024-11-12 00:00:00+00:00, run_after=2024-11-13 00:00:00+00:00
[2024-11-13T00:22:48.920+0000] {processor.py:208} INFO - Processing /home/airflow/.local/lib/python3.12/site-packages/airflow/example_dags/example_nested_branch_dag.py took 0.120 seconds
[2024-11-13T00:23:19.864+0000] {processor.py:186} INFO - Started process (PID=13738) to work on /home/airflow/.local/lib/python3.12/site-packages/airflow/example_dags/example_nested_branch_dag.py
[2024-11-13T00:23:19.865+0000] {processor.py:914} INFO - Processing file /home/airflow/.local/lib/python3.12/site-packages/airflow/example_dags/example_nested_branch_dag.py for tasks to queue
[2024-11-13T00:23:19.866+0000] {logging_mixin.py:190} INFO - [2024-11-13T00:23:19.866+0000] {dagbag.py:588} INFO - Filling up the DagBag from /home/airflow/.local/lib/python3.12/site-packages/airflow/example_dags/example_nested_branch_dag.py
[2024-11-13T00:23:19.881+0000] {processor.py:925} INFO - DAG(s) 'example_nested_branch_dag' retrieved from /home/airflow/.local/lib/python3.12/site-packages/airflow/example_dags/example_nested_branch_dag.py
[2024-11-13T00:23:19.911+0000] {logging_mixin.py:190} INFO - [2024-11-13T00:23:19.911+0000] {dag.py:3239} INFO - Sync 1 DAGs
[2024-11-13T00:23:19.948+0000] {logging_mixin.py:190} INFO - [2024-11-13T00:23:19.947+0000] {dag.py:4180} INFO - Setting next_dagrun for example_nested_branch_dag to 2024-11-12 00:00:00+00:00, run_after=2024-11-13 00:00:00+00:00
[2024-11-13T00:23:19.980+0000] {processor.py:208} INFO - Processing /home/airflow/.local/lib/python3.12/site-packages/airflow/example_dags/example_nested_branch_dag.py took 0.123 seconds
[2024-11-13T00:23:51.551+0000] {processor.py:186} INFO - Started process (PID=13803) to work on /home/airflow/.local/lib/python3.12/site-packages/airflow/example_dags/example_nested_branch_dag.py
[2024-11-13T00:23:51.552+0000] {processor.py:914} INFO - Processing file /home/airflow/.local/lib/python3.12/site-packages/airflow/example_dags/example_nested_branch_dag.py for tasks to queue
[2024-11-13T00:23:51.554+0000] {logging_mixin.py:190} INFO - [2024-11-13T00:23:51.554+0000] {dagbag.py:588} INFO - Filling up the DagBag from /home/airflow/.local/lib/python3.12/site-packages/airflow/example_dags/example_nested_branch_dag.py
[2024-11-13T00:23:51.570+0000] {processor.py:925} INFO - DAG(s) 'example_nested_branch_dag' retrieved from /home/airflow/.local/lib/python3.12/site-packages/airflow/example_dags/example_nested_branch_dag.py
[2024-11-13T00:23:51.600+0000] {logging_mixin.py:190} INFO - [2024-11-13T00:23:51.598+0000] {dag.py:3239} INFO - Sync 1 DAGs
[2024-11-13T00:23:51.641+0000] {logging_mixin.py:190} INFO - [2024-11-13T00:23:51.640+0000] {dag.py:4180} INFO - Setting next_dagrun for example_nested_branch_dag to 2024-11-12 00:00:00+00:00, run_after=2024-11-13 00:00:00+00:00
[2024-11-13T00:23:51.924+0000] {processor.py:208} INFO - Processing /home/airflow/.local/lib/python3.12/site-packages/airflow/example_dags/example_nested_branch_dag.py took 0.383 seconds
[2024-11-13T00:24:22.614+0000] {processor.py:186} INFO - Started process (PID=13868) to work on /home/airflow/.local/lib/python3.12/site-packages/airflow/example_dags/example_nested_branch_dag.py
[2024-11-13T00:24:22.615+0000] {processor.py:914} INFO - Processing file /home/airflow/.local/lib/python3.12/site-packages/airflow/example_dags/example_nested_branch_dag.py for tasks to queue
[2024-11-13T00:24:22.616+0000] {logging_mixin.py:190} INFO - [2024-11-13T00:24:22.616+0000] {dagbag.py:588} INFO - Filling up the DagBag from /home/airflow/.local/lib/python3.12/site-packages/airflow/example_dags/example_nested_branch_dag.py
[2024-11-13T00:24:22.642+0000] {processor.py:925} INFO - DAG(s) 'example_nested_branch_dag' retrieved from /home/airflow/.local/lib/python3.12/site-packages/airflow/example_dags/example_nested_branch_dag.py
[2024-11-13T00:24:22.668+0000] {logging_mixin.py:190} INFO - [2024-11-13T00:24:22.668+0000] {dag.py:3239} INFO - Sync 1 DAGs
[2024-11-13T00:24:22.695+0000] {logging_mixin.py:190} INFO - [2024-11-13T00:24:22.695+0000] {dag.py:4180} INFO - Setting next_dagrun for example_nested_branch_dag to 2024-11-12 00:00:00+00:00, run_after=2024-11-13 00:00:00+00:00
[2024-11-13T00:24:22.720+0000] {processor.py:208} INFO - Processing /home/airflow/.local/lib/python3.12/site-packages/airflow/example_dags/example_nested_branch_dag.py took 0.117 seconds
[2024-11-13T00:24:53.064+0000] {processor.py:186} INFO - Started process (PID=13932) to work on /home/airflow/.local/lib/python3.12/site-packages/airflow/example_dags/example_nested_branch_dag.py
[2024-11-13T00:24:53.064+0000] {processor.py:914} INFO - Processing file /home/airflow/.local/lib/python3.12/site-packages/airflow/example_dags/example_nested_branch_dag.py for tasks to queue
[2024-11-13T00:24:53.067+0000] {logging_mixin.py:190} INFO - [2024-11-13T00:24:53.066+0000] {dagbag.py:588} INFO - Filling up the DagBag from /home/airflow/.local/lib/python3.12/site-packages/airflow/example_dags/example_nested_branch_dag.py
[2024-11-13T00:24:53.080+0000] {processor.py:925} INFO - DAG(s) 'example_nested_branch_dag' retrieved from /home/airflow/.local/lib/python3.12/site-packages/airflow/example_dags/example_nested_branch_dag.py
[2024-11-13T00:24:53.104+0000] {logging_mixin.py:190} INFO - [2024-11-13T00:24:53.104+0000] {dag.py:3239} INFO - Sync 1 DAGs
[2024-11-13T00:24:53.127+0000] {logging_mixin.py:190} INFO - [2024-11-13T00:24:53.127+0000] {dag.py:4180} INFO - Setting next_dagrun for example_nested_branch_dag to 2024-11-12 00:00:00+00:00, run_after=2024-11-13 00:00:00+00:00
[2024-11-13T00:24:53.159+0000] {processor.py:208} INFO - Processing /home/airflow/.local/lib/python3.12/site-packages/airflow/example_dags/example_nested_branch_dag.py took 0.103 seconds
[2024-11-13T00:25:25.827+0000] {processor.py:186} INFO - Started process (PID=13996) to work on /home/airflow/.local/lib/python3.12/site-packages/airflow/example_dags/example_nested_branch_dag.py
[2024-11-13T00:25:25.830+0000] {processor.py:914} INFO - Processing file /home/airflow/.local/lib/python3.12/site-packages/airflow/example_dags/example_nested_branch_dag.py for tasks to queue
[2024-11-13T00:25:25.833+0000] {logging_mixin.py:190} INFO - [2024-11-13T00:25:25.832+0000] {dagbag.py:588} INFO - Filling up the DagBag from /home/airflow/.local/lib/python3.12/site-packages/airflow/example_dags/example_nested_branch_dag.py
[2024-11-13T00:25:25.853+0000] {processor.py:925} INFO - DAG(s) 'example_nested_branch_dag' retrieved from /home/airflow/.local/lib/python3.12/site-packages/airflow/example_dags/example_nested_branch_dag.py
[2024-11-13T00:25:25.884+0000] {logging_mixin.py:190} INFO - [2024-11-13T00:25:25.884+0000] {dag.py:3239} INFO - Sync 1 DAGs
[2024-11-13T00:25:25.919+0000] {logging_mixin.py:190} INFO - [2024-11-13T00:25:25.919+0000] {dag.py:4180} INFO - Setting next_dagrun for example_nested_branch_dag to 2024-11-12 00:00:00+00:00, run_after=2024-11-13 00:00:00+00:00
[2024-11-13T00:25:25.956+0000] {processor.py:208} INFO - Processing /home/airflow/.local/lib/python3.12/site-packages/airflow/example_dags/example_nested_branch_dag.py took 0.138 seconds
[2024-11-13T00:25:57.724+0000] {processor.py:186} INFO - Started process (PID=14060) to work on /home/airflow/.local/lib/python3.12/site-packages/airflow/example_dags/example_nested_branch_dag.py
[2024-11-13T00:25:57.725+0000] {processor.py:914} INFO - Processing file /home/airflow/.local/lib/python3.12/site-packages/airflow/example_dags/example_nested_branch_dag.py for tasks to queue
[2024-11-13T00:25:57.727+0000] {logging_mixin.py:190} INFO - [2024-11-13T00:25:57.727+0000] {dagbag.py:588} INFO - Filling up the DagBag from /home/airflow/.local/lib/python3.12/site-packages/airflow/example_dags/example_nested_branch_dag.py
[2024-11-13T00:25:57.746+0000] {processor.py:925} INFO - DAG(s) 'example_nested_branch_dag' retrieved from /home/airflow/.local/lib/python3.12/site-packages/airflow/example_dags/example_nested_branch_dag.py
[2024-11-13T00:25:57.793+0000] {logging_mixin.py:190} INFO - [2024-11-13T00:25:57.793+0000] {dag.py:3239} INFO - Sync 1 DAGs
[2024-11-13T00:25:57.851+0000] {logging_mixin.py:190} INFO - [2024-11-13T00:25:57.850+0000] {dag.py:4180} INFO - Setting next_dagrun for example_nested_branch_dag to 2024-11-12 00:00:00+00:00, run_after=2024-11-13 00:00:00+00:00
[2024-11-13T00:25:57.889+0000] {processor.py:208} INFO - Processing /home/airflow/.local/lib/python3.12/site-packages/airflow/example_dags/example_nested_branch_dag.py took 0.175 seconds
[2024-11-13T00:26:29.394+0000] {processor.py:186} INFO - Started process (PID=14124) to work on /home/airflow/.local/lib/python3.12/site-packages/airflow/example_dags/example_nested_branch_dag.py
[2024-11-13T00:26:29.395+0000] {processor.py:914} INFO - Processing file /home/airflow/.local/lib/python3.12/site-packages/airflow/example_dags/example_nested_branch_dag.py for tasks to queue
[2024-11-13T00:26:29.397+0000] {logging_mixin.py:190} INFO - [2024-11-13T00:26:29.396+0000] {dagbag.py:588} INFO - Filling up the DagBag from /home/airflow/.local/lib/python3.12/site-packages/airflow/example_dags/example_nested_branch_dag.py
[2024-11-13T00:26:29.411+0000] {processor.py:925} INFO - DAG(s) 'example_nested_branch_dag' retrieved from /home/airflow/.local/lib/python3.12/site-packages/airflow/example_dags/example_nested_branch_dag.py
[2024-11-13T00:26:29.438+0000] {logging_mixin.py:190} INFO - [2024-11-13T00:26:29.438+0000] {dag.py:3239} INFO - Sync 1 DAGs
[2024-11-13T00:26:29.471+0000] {logging_mixin.py:190} INFO - [2024-11-13T00:26:29.470+0000] {dag.py:4180} INFO - Setting next_dagrun for example_nested_branch_dag to 2024-11-12 00:00:00+00:00, run_after=2024-11-13 00:00:00+00:00
[2024-11-13T00:26:29.506+0000] {processor.py:208} INFO - Processing /home/airflow/.local/lib/python3.12/site-packages/airflow/example_dags/example_nested_branch_dag.py took 0.120 seconds
[2024-11-13T00:27:00.166+0000] {processor.py:186} INFO - Started process (PID=14188) to work on /home/airflow/.local/lib/python3.12/site-packages/airflow/example_dags/example_nested_branch_dag.py
[2024-11-13T00:27:00.167+0000] {processor.py:914} INFO - Processing file /home/airflow/.local/lib/python3.12/site-packages/airflow/example_dags/example_nested_branch_dag.py for tasks to queue
[2024-11-13T00:27:00.168+0000] {logging_mixin.py:190} INFO - [2024-11-13T00:27:00.168+0000] {dagbag.py:588} INFO - Filling up the DagBag from /home/airflow/.local/lib/python3.12/site-packages/airflow/example_dags/example_nested_branch_dag.py
[2024-11-13T00:27:00.180+0000] {processor.py:925} INFO - DAG(s) 'example_nested_branch_dag' retrieved from /home/airflow/.local/lib/python3.12/site-packages/airflow/example_dags/example_nested_branch_dag.py
[2024-11-13T00:27:00.203+0000] {logging_mixin.py:190} INFO - [2024-11-13T00:27:00.202+0000] {dag.py:3239} INFO - Sync 1 DAGs
[2024-11-13T00:27:00.226+0000] {logging_mixin.py:190} INFO - [2024-11-13T00:27:00.226+0000] {dag.py:4180} INFO - Setting next_dagrun for example_nested_branch_dag to 2024-11-12 00:00:00+00:00, run_after=2024-11-13 00:00:00+00:00
[2024-11-13T00:27:00.249+0000] {processor.py:208} INFO - Processing /home/airflow/.local/lib/python3.12/site-packages/airflow/example_dags/example_nested_branch_dag.py took 0.091 seconds
[2024-11-13T00:27:31.313+0000] {processor.py:186} INFO - Started process (PID=14252) to work on /home/airflow/.local/lib/python3.12/site-packages/airflow/example_dags/example_nested_branch_dag.py
[2024-11-13T00:27:31.314+0000] {processor.py:914} INFO - Processing file /home/airflow/.local/lib/python3.12/site-packages/airflow/example_dags/example_nested_branch_dag.py for tasks to queue
[2024-11-13T00:27:31.315+0000] {logging_mixin.py:190} INFO - [2024-11-13T00:27:31.315+0000] {dagbag.py:588} INFO - Filling up the DagBag from /home/airflow/.local/lib/python3.12/site-packages/airflow/example_dags/example_nested_branch_dag.py
[2024-11-13T00:27:31.329+0000] {processor.py:925} INFO - DAG(s) 'example_nested_branch_dag' retrieved from /home/airflow/.local/lib/python3.12/site-packages/airflow/example_dags/example_nested_branch_dag.py
[2024-11-13T00:27:31.352+0000] {logging_mixin.py:190} INFO - [2024-11-13T00:27:31.352+0000] {dag.py:3239} INFO - Sync 1 DAGs
[2024-11-13T00:27:31.377+0000] {logging_mixin.py:190} INFO - [2024-11-13T00:27:31.377+0000] {dag.py:4180} INFO - Setting next_dagrun for example_nested_branch_dag to 2024-11-12 00:00:00+00:00, run_after=2024-11-13 00:00:00+00:00
[2024-11-13T00:27:31.401+0000] {processor.py:208} INFO - Processing /home/airflow/.local/lib/python3.12/site-packages/airflow/example_dags/example_nested_branch_dag.py took 0.095 seconds
[2024-11-13T00:28:02.102+0000] {processor.py:186} INFO - Started process (PID=14316) to work on /home/airflow/.local/lib/python3.12/site-packages/airflow/example_dags/example_nested_branch_dag.py
[2024-11-13T00:28:02.103+0000] {processor.py:914} INFO - Processing file /home/airflow/.local/lib/python3.12/site-packages/airflow/example_dags/example_nested_branch_dag.py for tasks to queue
[2024-11-13T00:28:02.105+0000] {logging_mixin.py:190} INFO - [2024-11-13T00:28:02.104+0000] {dagbag.py:588} INFO - Filling up the DagBag from /home/airflow/.local/lib/python3.12/site-packages/airflow/example_dags/example_nested_branch_dag.py
[2024-11-13T00:28:02.117+0000] {processor.py:925} INFO - DAG(s) 'example_nested_branch_dag' retrieved from /home/airflow/.local/lib/python3.12/site-packages/airflow/example_dags/example_nested_branch_dag.py
[2024-11-13T00:28:02.139+0000] {logging_mixin.py:190} INFO - [2024-11-13T00:28:02.139+0000] {dag.py:3239} INFO - Sync 1 DAGs
[2024-11-13T00:28:02.162+0000] {logging_mixin.py:190} INFO - [2024-11-13T00:28:02.162+0000] {dag.py:4180} INFO - Setting next_dagrun for example_nested_branch_dag to 2024-11-12 00:00:00+00:00, run_after=2024-11-13 00:00:00+00:00
[2024-11-13T00:28:02.187+0000] {processor.py:208} INFO - Processing /home/airflow/.local/lib/python3.12/site-packages/airflow/example_dags/example_nested_branch_dag.py took 0.092 seconds
[2024-11-13T00:28:34.337+0000] {processor.py:186} INFO - Started process (PID=14379) to work on /home/airflow/.local/lib/python3.12/site-packages/airflow/example_dags/example_nested_branch_dag.py
[2024-11-13T00:28:34.338+0000] {processor.py:914} INFO - Processing file /home/airflow/.local/lib/python3.12/site-packages/airflow/example_dags/example_nested_branch_dag.py for tasks to queue
[2024-11-13T00:28:34.339+0000] {logging_mixin.py:190} INFO - [2024-11-13T00:28:34.339+0000] {dagbag.py:588} INFO - Filling up the DagBag from /home/airflow/.local/lib/python3.12/site-packages/airflow/example_dags/example_nested_branch_dag.py
[2024-11-13T00:28:34.354+0000] {processor.py:925} INFO - DAG(s) 'example_nested_branch_dag' retrieved from /home/airflow/.local/lib/python3.12/site-packages/airflow/example_dags/example_nested_branch_dag.py
[2024-11-13T00:28:34.386+0000] {logging_mixin.py:190} INFO - [2024-11-13T00:28:34.386+0000] {dag.py:3239} INFO - Sync 1 DAGs
[2024-11-13T00:28:34.420+0000] {logging_mixin.py:190} INFO - [2024-11-13T00:28:34.420+0000] {dag.py:4180} INFO - Setting next_dagrun for example_nested_branch_dag to 2024-11-12 00:00:00+00:00, run_after=2024-11-13 00:00:00+00:00
[2024-11-13T00:28:34.453+0000] {processor.py:208} INFO - Processing /home/airflow/.local/lib/python3.12/site-packages/airflow/example_dags/example_nested_branch_dag.py took 0.124 seconds
[2024-11-13T00:29:05.393+0000] {processor.py:186} INFO - Started process (PID=14443) to work on /home/airflow/.local/lib/python3.12/site-packages/airflow/example_dags/example_nested_branch_dag.py
[2024-11-13T00:29:05.394+0000] {processor.py:914} INFO - Processing file /home/airflow/.local/lib/python3.12/site-packages/airflow/example_dags/example_nested_branch_dag.py for tasks to queue
[2024-11-13T00:29:05.395+0000] {logging_mixin.py:190} INFO - [2024-11-13T00:29:05.395+0000] {dagbag.py:588} INFO - Filling up the DagBag from /home/airflow/.local/lib/python3.12/site-packages/airflow/example_dags/example_nested_branch_dag.py
[2024-11-13T00:29:05.423+0000] {processor.py:925} INFO - DAG(s) 'example_nested_branch_dag' retrieved from /home/airflow/.local/lib/python3.12/site-packages/airflow/example_dags/example_nested_branch_dag.py
[2024-11-13T00:29:05.445+0000] {logging_mixin.py:190} INFO - [2024-11-13T00:29:05.445+0000] {dag.py:3239} INFO - Sync 1 DAGs
[2024-11-13T00:29:05.470+0000] {logging_mixin.py:190} INFO - [2024-11-13T00:29:05.470+0000] {dag.py:4180} INFO - Setting next_dagrun for example_nested_branch_dag to 2024-11-12 00:00:00+00:00, run_after=2024-11-13 00:00:00+00:00
[2024-11-13T00:29:05.513+0000] {processor.py:208} INFO - Processing /home/airflow/.local/lib/python3.12/site-packages/airflow/example_dags/example_nested_branch_dag.py took 0.129 seconds
[2024-11-13T00:29:35.632+0000] {processor.py:186} INFO - Started process (PID=14506) to work on /home/airflow/.local/lib/python3.12/site-packages/airflow/example_dags/example_nested_branch_dag.py
[2024-11-13T00:29:35.633+0000] {processor.py:914} INFO - Processing file /home/airflow/.local/lib/python3.12/site-packages/airflow/example_dags/example_nested_branch_dag.py for tasks to queue
[2024-11-13T00:29:35.634+0000] {logging_mixin.py:190} INFO - [2024-11-13T00:29:35.634+0000] {dagbag.py:588} INFO - Filling up the DagBag from /home/airflow/.local/lib/python3.12/site-packages/airflow/example_dags/example_nested_branch_dag.py
[2024-11-13T00:29:35.647+0000] {processor.py:925} INFO - DAG(s) 'example_nested_branch_dag' retrieved from /home/airflow/.local/lib/python3.12/site-packages/airflow/example_dags/example_nested_branch_dag.py
[2024-11-13T00:29:35.670+0000] {logging_mixin.py:190} INFO - [2024-11-13T00:29:35.670+0000] {dag.py:3239} INFO - Sync 1 DAGs
[2024-11-13T00:29:35.692+0000] {logging_mixin.py:190} INFO - [2024-11-13T00:29:35.692+0000] {dag.py:4180} INFO - Setting next_dagrun for example_nested_branch_dag to 2024-11-12 00:00:00+00:00, run_after=2024-11-13 00:00:00+00:00
[2024-11-13T00:29:35.768+0000] {processor.py:208} INFO - Processing /home/airflow/.local/lib/python3.12/site-packages/airflow/example_dags/example_nested_branch_dag.py took 0.145 seconds
[2024-11-13T00:30:06.003+0000] {processor.py:186} INFO - Started process (PID=14570) to work on /home/airflow/.local/lib/python3.12/site-packages/airflow/example_dags/example_nested_branch_dag.py
[2024-11-13T00:30:06.004+0000] {processor.py:914} INFO - Processing file /home/airflow/.local/lib/python3.12/site-packages/airflow/example_dags/example_nested_branch_dag.py for tasks to queue
[2024-11-13T00:30:06.006+0000] {logging_mixin.py:190} INFO - [2024-11-13T00:30:06.005+0000] {dagbag.py:588} INFO - Filling up the DagBag from /home/airflow/.local/lib/python3.12/site-packages/airflow/example_dags/example_nested_branch_dag.py
[2024-11-13T00:30:06.019+0000] {processor.py:925} INFO - DAG(s) 'example_nested_branch_dag' retrieved from /home/airflow/.local/lib/python3.12/site-packages/airflow/example_dags/example_nested_branch_dag.py
[2024-11-13T00:30:06.043+0000] {logging_mixin.py:190} INFO - [2024-11-13T00:30:06.043+0000] {dag.py:3239} INFO - Sync 1 DAGs
[2024-11-13T00:30:06.068+0000] {logging_mixin.py:190} INFO - [2024-11-13T00:30:06.067+0000] {dag.py:4180} INFO - Setting next_dagrun for example_nested_branch_dag to 2024-11-12 00:00:00+00:00, run_after=2024-11-13 00:00:00+00:00
[2024-11-13T00:30:06.092+0000] {processor.py:208} INFO - Processing /home/airflow/.local/lib/python3.12/site-packages/airflow/example_dags/example_nested_branch_dag.py took 0.096 seconds
[2024-11-13T00:30:36.284+0000] {processor.py:186} INFO - Started process (PID=14633) to work on /home/airflow/.local/lib/python3.12/site-packages/airflow/example_dags/example_nested_branch_dag.py
[2024-11-13T00:30:36.285+0000] {processor.py:914} INFO - Processing file /home/airflow/.local/lib/python3.12/site-packages/airflow/example_dags/example_nested_branch_dag.py for tasks to queue
[2024-11-13T00:30:36.286+0000] {logging_mixin.py:190} INFO - [2024-11-13T00:30:36.285+0000] {dagbag.py:588} INFO - Filling up the DagBag from /home/airflow/.local/lib/python3.12/site-packages/airflow/example_dags/example_nested_branch_dag.py
[2024-11-13T00:30:36.299+0000] {processor.py:925} INFO - DAG(s) 'example_nested_branch_dag' retrieved from /home/airflow/.local/lib/python3.12/site-packages/airflow/example_dags/example_nested_branch_dag.py
[2024-11-13T00:30:36.323+0000] {logging_mixin.py:190} INFO - [2024-11-13T00:30:36.322+0000] {dag.py:3239} INFO - Sync 1 DAGs
[2024-11-13T00:30:36.349+0000] {logging_mixin.py:190} INFO - [2024-11-13T00:30:36.349+0000] {dag.py:4180} INFO - Setting next_dagrun for example_nested_branch_dag to 2024-11-12 00:00:00+00:00, run_after=2024-11-13 00:00:00+00:00
[2024-11-13T00:30:36.374+0000] {processor.py:208} INFO - Processing /home/airflow/.local/lib/python3.12/site-packages/airflow/example_dags/example_nested_branch_dag.py took 0.097 seconds
[2024-11-13T00:31:07.141+0000] {processor.py:186} INFO - Started process (PID=14697) to work on /home/airflow/.local/lib/python3.12/site-packages/airflow/example_dags/example_nested_branch_dag.py
[2024-11-13T00:31:07.142+0000] {processor.py:914} INFO - Processing file /home/airflow/.local/lib/python3.12/site-packages/airflow/example_dags/example_nested_branch_dag.py for tasks to queue
[2024-11-13T00:31:07.143+0000] {logging_mixin.py:190} INFO - [2024-11-13T00:31:07.143+0000] {dagbag.py:588} INFO - Filling up the DagBag from /home/airflow/.local/lib/python3.12/site-packages/airflow/example_dags/example_nested_branch_dag.py
[2024-11-13T00:31:07.156+0000] {processor.py:925} INFO - DAG(s) 'example_nested_branch_dag' retrieved from /home/airflow/.local/lib/python3.12/site-packages/airflow/example_dags/example_nested_branch_dag.py
[2024-11-13T00:31:07.180+0000] {logging_mixin.py:190} INFO - [2024-11-13T00:31:07.179+0000] {dag.py:3239} INFO - Sync 1 DAGs
[2024-11-13T00:31:07.204+0000] {logging_mixin.py:190} INFO - [2024-11-13T00:31:07.203+0000] {dag.py:4180} INFO - Setting next_dagrun for example_nested_branch_dag to 2024-11-12 00:00:00+00:00, run_after=2024-11-13 00:00:00+00:00
[2024-11-13T00:31:07.226+0000] {processor.py:208} INFO - Processing /home/airflow/.local/lib/python3.12/site-packages/airflow/example_dags/example_nested_branch_dag.py took 0.094 seconds
[2024-11-13T00:31:38.091+0000] {processor.py:186} INFO - Started process (PID=14761) to work on /home/airflow/.local/lib/python3.12/site-packages/airflow/example_dags/example_nested_branch_dag.py
[2024-11-13T00:31:38.092+0000] {processor.py:914} INFO - Processing file /home/airflow/.local/lib/python3.12/site-packages/airflow/example_dags/example_nested_branch_dag.py for tasks to queue
[2024-11-13T00:31:38.094+0000] {logging_mixin.py:190} INFO - [2024-11-13T00:31:38.093+0000] {dagbag.py:588} INFO - Filling up the DagBag from /home/airflow/.local/lib/python3.12/site-packages/airflow/example_dags/example_nested_branch_dag.py
[2024-11-13T00:31:38.106+0000] {processor.py:925} INFO - DAG(s) 'example_nested_branch_dag' retrieved from /home/airflow/.local/lib/python3.12/site-packages/airflow/example_dags/example_nested_branch_dag.py
[2024-11-13T00:31:38.129+0000] {logging_mixin.py:190} INFO - [2024-11-13T00:31:38.129+0000] {dag.py:3239} INFO - Sync 1 DAGs
[2024-11-13T00:31:38.157+0000] {logging_mixin.py:190} INFO - [2024-11-13T00:31:38.156+0000] {dag.py:4180} INFO - Setting next_dagrun for example_nested_branch_dag to 2024-11-12 00:00:00+00:00, run_after=2024-11-13 00:00:00+00:00
[2024-11-13T00:31:38.177+0000] {processor.py:208} INFO - Processing /home/airflow/.local/lib/python3.12/site-packages/airflow/example_dags/example_nested_branch_dag.py took 0.094 seconds
