[2024-11-13T00:00:05.422+0000] {processor.py:186} INFO - Started process (PID=10881) to work on /home/airflow/.local/lib/python3.12/site-packages/airflow/example_dags/example_skip_dag.py
[2024-11-13T00:00:05.424+0000] {processor.py:914} INFO - Processing file /home/airflow/.local/lib/python3.12/site-packages/airflow/example_dags/example_skip_dag.py for tasks to queue
[2024-11-13T00:00:05.427+0000] {logging_mixin.py:190} INFO - [2024-11-13T00:00:05.427+0000] {dagbag.py:588} INFO - Filling up the DagBag from /home/airflow/.local/lib/python3.12/site-packages/airflow/example_dags/example_skip_dag.py
[2024-11-13T00:00:05.441+0000] {processor.py:925} INFO - DAG(s) 'example_skip_dag' retrieved from /home/airflow/.local/lib/python3.12/site-packages/airflow/example_dags/example_skip_dag.py
[2024-11-13T00:00:05.470+0000] {logging_mixin.py:190} INFO - [2024-11-13T00:00:05.469+0000] {dag.py:3239} INFO - Sync 1 DAGs
[2024-11-13T00:00:05.534+0000] {logging_mixin.py:190} INFO - [2024-11-13T00:00:05.533+0000] {dag.py:4180} INFO - Setting next_dagrun for example_skip_dag to 2024-11-12 00:00:00+00:00, run_after=2024-11-13 00:00:00+00:00
[2024-11-13T00:00:05.581+0000] {processor.py:208} INFO - Processing /home/airflow/.local/lib/python3.12/site-packages/airflow/example_dags/example_skip_dag.py took 0.168 seconds
[2024-11-13T00:00:36.643+0000] {processor.py:186} INFO - Started process (PID=10943) to work on /home/airflow/.local/lib/python3.12/site-packages/airflow/example_dags/example_skip_dag.py
[2024-11-13T00:00:36.644+0000] {processor.py:914} INFO - Processing file /home/airflow/.local/lib/python3.12/site-packages/airflow/example_dags/example_skip_dag.py for tasks to queue
[2024-11-13T00:00:36.646+0000] {logging_mixin.py:190} INFO - [2024-11-13T00:00:36.646+0000] {dagbag.py:588} INFO - Filling up the DagBag from /home/airflow/.local/lib/python3.12/site-packages/airflow/example_dags/example_skip_dag.py
[2024-11-13T00:00:36.661+0000] {processor.py:925} INFO - DAG(s) 'example_skip_dag' retrieved from /home/airflow/.local/lib/python3.12/site-packages/airflow/example_dags/example_skip_dag.py
[2024-11-13T00:00:36.692+0000] {logging_mixin.py:190} INFO - [2024-11-13T00:00:36.692+0000] {dag.py:3239} INFO - Sync 1 DAGs
[2024-11-13T00:00:36.730+0000] {logging_mixin.py:190} INFO - [2024-11-13T00:00:36.730+0000] {dag.py:4180} INFO - Setting next_dagrun for example_skip_dag to 2024-11-12 00:00:00+00:00, run_after=2024-11-13 00:00:00+00:00
[2024-11-13T00:00:36.780+0000] {processor.py:208} INFO - Processing /home/airflow/.local/lib/python3.12/site-packages/airflow/example_dags/example_skip_dag.py took 0.149 seconds
[2024-11-13T00:01:07.511+0000] {processor.py:186} INFO - Started process (PID=11007) to work on /home/airflow/.local/lib/python3.12/site-packages/airflow/example_dags/example_skip_dag.py
[2024-11-13T00:01:07.512+0000] {processor.py:914} INFO - Processing file /home/airflow/.local/lib/python3.12/site-packages/airflow/example_dags/example_skip_dag.py for tasks to queue
[2024-11-13T00:01:07.514+0000] {logging_mixin.py:190} INFO - [2024-11-13T00:01:07.513+0000] {dagbag.py:588} INFO - Filling up the DagBag from /home/airflow/.local/lib/python3.12/site-packages/airflow/example_dags/example_skip_dag.py
[2024-11-13T00:01:07.524+0000] {processor.py:925} INFO - DAG(s) 'example_skip_dag' retrieved from /home/airflow/.local/lib/python3.12/site-packages/airflow/example_dags/example_skip_dag.py
[2024-11-13T00:01:07.549+0000] {logging_mixin.py:190} INFO - [2024-11-13T00:01:07.548+0000] {dag.py:3239} INFO - Sync 1 DAGs
[2024-11-13T00:01:07.578+0000] {logging_mixin.py:190} INFO - [2024-11-13T00:01:07.578+0000] {dag.py:4180} INFO - Setting next_dagrun for example_skip_dag to 2024-11-12 00:00:00+00:00, run_after=2024-11-13 00:00:00+00:00
[2024-11-13T00:01:07.612+0000] {processor.py:208} INFO - Processing /home/airflow/.local/lib/python3.12/site-packages/airflow/example_dags/example_skip_dag.py took 0.108 seconds
[2024-11-13T00:01:38.159+0000] {processor.py:186} INFO - Started process (PID=11068) to work on /home/airflow/.local/lib/python3.12/site-packages/airflow/example_dags/example_skip_dag.py
[2024-11-13T00:01:38.160+0000] {processor.py:914} INFO - Processing file /home/airflow/.local/lib/python3.12/site-packages/airflow/example_dags/example_skip_dag.py for tasks to queue
[2024-11-13T00:01:38.161+0000] {logging_mixin.py:190} INFO - [2024-11-13T00:01:38.161+0000] {dagbag.py:588} INFO - Filling up the DagBag from /home/airflow/.local/lib/python3.12/site-packages/airflow/example_dags/example_skip_dag.py
[2024-11-13T00:01:38.172+0000] {processor.py:925} INFO - DAG(s) 'example_skip_dag' retrieved from /home/airflow/.local/lib/python3.12/site-packages/airflow/example_dags/example_skip_dag.py
[2024-11-13T00:01:38.195+0000] {logging_mixin.py:190} INFO - [2024-11-13T00:01:38.195+0000] {dag.py:3239} INFO - Sync 1 DAGs
[2024-11-13T00:01:38.219+0000] {logging_mixin.py:190} INFO - [2024-11-13T00:01:38.219+0000] {dag.py:4180} INFO - Setting next_dagrun for example_skip_dag to 2024-11-12 00:00:00+00:00, run_after=2024-11-13 00:00:00+00:00
[2024-11-13T00:01:38.242+0000] {processor.py:208} INFO - Processing /home/airflow/.local/lib/python3.12/site-packages/airflow/example_dags/example_skip_dag.py took 0.090 seconds
[2024-11-13T00:02:08.986+0000] {processor.py:186} INFO - Started process (PID=11132) to work on /home/airflow/.local/lib/python3.12/site-packages/airflow/example_dags/example_skip_dag.py
[2024-11-13T00:02:08.987+0000] {processor.py:914} INFO - Processing file /home/airflow/.local/lib/python3.12/site-packages/airflow/example_dags/example_skip_dag.py for tasks to queue
[2024-11-13T00:02:08.989+0000] {logging_mixin.py:190} INFO - [2024-11-13T00:02:08.989+0000] {dagbag.py:588} INFO - Filling up the DagBag from /home/airflow/.local/lib/python3.12/site-packages/airflow/example_dags/example_skip_dag.py
[2024-11-13T00:02:09.000+0000] {processor.py:925} INFO - DAG(s) 'example_skip_dag' retrieved from /home/airflow/.local/lib/python3.12/site-packages/airflow/example_dags/example_skip_dag.py
[2024-11-13T00:02:09.024+0000] {logging_mixin.py:190} INFO - [2024-11-13T00:02:09.024+0000] {dag.py:3239} INFO - Sync 1 DAGs
[2024-11-13T00:02:09.052+0000] {logging_mixin.py:190} INFO - [2024-11-13T00:02:09.051+0000] {dag.py:4180} INFO - Setting next_dagrun for example_skip_dag to 2024-11-12 00:00:00+00:00, run_after=2024-11-13 00:00:00+00:00
[2024-11-13T00:02:09.079+0000] {processor.py:208} INFO - Processing /home/airflow/.local/lib/python3.12/site-packages/airflow/example_dags/example_skip_dag.py took 0.105 seconds
[2024-11-13T00:02:39.204+0000] {processor.py:186} INFO - Started process (PID=11197) to work on /home/airflow/.local/lib/python3.12/site-packages/airflow/example_dags/example_skip_dag.py
[2024-11-13T00:02:39.205+0000] {processor.py:914} INFO - Processing file /home/airflow/.local/lib/python3.12/site-packages/airflow/example_dags/example_skip_dag.py for tasks to queue
[2024-11-13T00:02:39.207+0000] {logging_mixin.py:190} INFO - [2024-11-13T00:02:39.207+0000] {dagbag.py:588} INFO - Filling up the DagBag from /home/airflow/.local/lib/python3.12/site-packages/airflow/example_dags/example_skip_dag.py
[2024-11-13T00:02:39.218+0000] {processor.py:925} INFO - DAG(s) 'example_skip_dag' retrieved from /home/airflow/.local/lib/python3.12/site-packages/airflow/example_dags/example_skip_dag.py
[2024-11-13T00:02:39.251+0000] {logging_mixin.py:190} INFO - [2024-11-13T00:02:39.251+0000] {dag.py:3239} INFO - Sync 1 DAGs
[2024-11-13T00:02:39.289+0000] {logging_mixin.py:190} INFO - [2024-11-13T00:02:39.289+0000] {dag.py:4180} INFO - Setting next_dagrun for example_skip_dag to 2024-11-12 00:00:00+00:00, run_after=2024-11-13 00:00:00+00:00
[2024-11-13T00:02:39.327+0000] {processor.py:208} INFO - Processing /home/airflow/.local/lib/python3.12/site-packages/airflow/example_dags/example_skip_dag.py took 0.130 seconds
[2024-11-13T00:03:10.025+0000] {processor.py:186} INFO - Started process (PID=11261) to work on /home/airflow/.local/lib/python3.12/site-packages/airflow/example_dags/example_skip_dag.py
[2024-11-13T00:03:10.026+0000] {processor.py:914} INFO - Processing file /home/airflow/.local/lib/python3.12/site-packages/airflow/example_dags/example_skip_dag.py for tasks to queue
[2024-11-13T00:03:10.027+0000] {logging_mixin.py:190} INFO - [2024-11-13T00:03:10.027+0000] {dagbag.py:588} INFO - Filling up the DagBag from /home/airflow/.local/lib/python3.12/site-packages/airflow/example_dags/example_skip_dag.py
[2024-11-13T00:03:10.037+0000] {processor.py:925} INFO - DAG(s) 'example_skip_dag' retrieved from /home/airflow/.local/lib/python3.12/site-packages/airflow/example_dags/example_skip_dag.py
[2024-11-13T00:03:10.061+0000] {logging_mixin.py:190} INFO - [2024-11-13T00:03:10.060+0000] {dag.py:3239} INFO - Sync 1 DAGs
[2024-11-13T00:03:10.083+0000] {logging_mixin.py:190} INFO - [2024-11-13T00:03:10.083+0000] {dag.py:4180} INFO - Setting next_dagrun for example_skip_dag to 2024-11-12 00:00:00+00:00, run_after=2024-11-13 00:00:00+00:00
[2024-11-13T00:03:10.111+0000] {processor.py:208} INFO - Processing /home/airflow/.local/lib/python3.12/site-packages/airflow/example_dags/example_skip_dag.py took 0.093 seconds
[2024-11-13T00:03:40.435+0000] {processor.py:186} INFO - Started process (PID=11325) to work on /home/airflow/.local/lib/python3.12/site-packages/airflow/example_dags/example_skip_dag.py
[2024-11-13T00:03:40.436+0000] {processor.py:914} INFO - Processing file /home/airflow/.local/lib/python3.12/site-packages/airflow/example_dags/example_skip_dag.py for tasks to queue
[2024-11-13T00:03:40.438+0000] {logging_mixin.py:190} INFO - [2024-11-13T00:03:40.437+0000] {dagbag.py:588} INFO - Filling up the DagBag from /home/airflow/.local/lib/python3.12/site-packages/airflow/example_dags/example_skip_dag.py
[2024-11-13T00:03:40.451+0000] {processor.py:925} INFO - DAG(s) 'example_skip_dag' retrieved from /home/airflow/.local/lib/python3.12/site-packages/airflow/example_dags/example_skip_dag.py
[2024-11-13T00:03:40.482+0000] {logging_mixin.py:190} INFO - [2024-11-13T00:03:40.481+0000] {dag.py:3239} INFO - Sync 1 DAGs
[2024-11-13T00:03:40.516+0000] {logging_mixin.py:190} INFO - [2024-11-13T00:03:40.515+0000] {dag.py:4180} INFO - Setting next_dagrun for example_skip_dag to 2024-11-12 00:00:00+00:00, run_after=2024-11-13 00:00:00+00:00
[2024-11-13T00:03:40.546+0000] {processor.py:208} INFO - Processing /home/airflow/.local/lib/python3.12/site-packages/airflow/example_dags/example_skip_dag.py took 0.122 seconds
[2024-11-13T00:04:10.693+0000] {processor.py:186} INFO - Started process (PID=11389) to work on /home/airflow/.local/lib/python3.12/site-packages/airflow/example_dags/example_skip_dag.py
[2024-11-13T00:04:10.694+0000] {processor.py:914} INFO - Processing file /home/airflow/.local/lib/python3.12/site-packages/airflow/example_dags/example_skip_dag.py for tasks to queue
[2024-11-13T00:04:10.696+0000] {logging_mixin.py:190} INFO - [2024-11-13T00:04:10.695+0000] {dagbag.py:588} INFO - Filling up the DagBag from /home/airflow/.local/lib/python3.12/site-packages/airflow/example_dags/example_skip_dag.py
[2024-11-13T00:04:10.706+0000] {processor.py:925} INFO - DAG(s) 'example_skip_dag' retrieved from /home/airflow/.local/lib/python3.12/site-packages/airflow/example_dags/example_skip_dag.py
[2024-11-13T00:04:10.742+0000] {logging_mixin.py:190} INFO - [2024-11-13T00:04:10.742+0000] {dag.py:3239} INFO - Sync 1 DAGs
[2024-11-13T00:04:10.767+0000] {logging_mixin.py:190} INFO - [2024-11-13T00:04:10.767+0000] {dag.py:4180} INFO - Setting next_dagrun for example_skip_dag to 2024-11-12 00:00:00+00:00, run_after=2024-11-13 00:00:00+00:00
[2024-11-13T00:04:10.793+0000] {processor.py:208} INFO - Processing /home/airflow/.local/lib/python3.12/site-packages/airflow/example_dags/example_skip_dag.py took 0.108 seconds
[2024-11-13T00:04:41.300+0000] {processor.py:186} INFO - Started process (PID=11453) to work on /home/airflow/.local/lib/python3.12/site-packages/airflow/example_dags/example_skip_dag.py
[2024-11-13T00:04:41.302+0000] {processor.py:914} INFO - Processing file /home/airflow/.local/lib/python3.12/site-packages/airflow/example_dags/example_skip_dag.py for tasks to queue
[2024-11-13T00:04:41.303+0000] {logging_mixin.py:190} INFO - [2024-11-13T00:04:41.303+0000] {dagbag.py:588} INFO - Filling up the DagBag from /home/airflow/.local/lib/python3.12/site-packages/airflow/example_dags/example_skip_dag.py
[2024-11-13T00:04:41.313+0000] {processor.py:925} INFO - DAG(s) 'example_skip_dag' retrieved from /home/airflow/.local/lib/python3.12/site-packages/airflow/example_dags/example_skip_dag.py
[2024-11-13T00:04:41.337+0000] {logging_mixin.py:190} INFO - [2024-11-13T00:04:41.337+0000] {dag.py:3239} INFO - Sync 1 DAGs
[2024-11-13T00:04:41.359+0000] {logging_mixin.py:190} INFO - [2024-11-13T00:04:41.359+0000] {dag.py:4180} INFO - Setting next_dagrun for example_skip_dag to 2024-11-12 00:00:00+00:00, run_after=2024-11-13 00:00:00+00:00
[2024-11-13T00:04:41.382+0000] {processor.py:208} INFO - Processing /home/airflow/.local/lib/python3.12/site-packages/airflow/example_dags/example_skip_dag.py took 0.089 seconds
[2024-11-13T00:05:11.862+0000] {processor.py:186} INFO - Started process (PID=11517) to work on /home/airflow/.local/lib/python3.12/site-packages/airflow/example_dags/example_skip_dag.py
[2024-11-13T00:05:11.863+0000] {processor.py:914} INFO - Processing file /home/airflow/.local/lib/python3.12/site-packages/airflow/example_dags/example_skip_dag.py for tasks to queue
[2024-11-13T00:05:11.866+0000] {logging_mixin.py:190} INFO - [2024-11-13T00:05:11.865+0000] {dagbag.py:588} INFO - Filling up the DagBag from /home/airflow/.local/lib/python3.12/site-packages/airflow/example_dags/example_skip_dag.py
[2024-11-13T00:05:11.877+0000] {processor.py:925} INFO - DAG(s) 'example_skip_dag' retrieved from /home/airflow/.local/lib/python3.12/site-packages/airflow/example_dags/example_skip_dag.py
[2024-11-13T00:05:11.905+0000] {logging_mixin.py:190} INFO - [2024-11-13T00:05:11.905+0000] {dag.py:3239} INFO - Sync 1 DAGs
[2024-11-13T00:05:11.930+0000] {logging_mixin.py:190} INFO - [2024-11-13T00:05:11.930+0000] {dag.py:4180} INFO - Setting next_dagrun for example_skip_dag to 2024-11-12 00:00:00+00:00, run_after=2024-11-13 00:00:00+00:00
[2024-11-13T00:05:11.966+0000] {processor.py:208} INFO - Processing /home/airflow/.local/lib/python3.12/site-packages/airflow/example_dags/example_skip_dag.py took 0.111 seconds
[2024-11-13T00:05:42.601+0000] {processor.py:186} INFO - Started process (PID=11582) to work on /home/airflow/.local/lib/python3.12/site-packages/airflow/example_dags/example_skip_dag.py
[2024-11-13T00:05:42.603+0000] {processor.py:914} INFO - Processing file /home/airflow/.local/lib/python3.12/site-packages/airflow/example_dags/example_skip_dag.py for tasks to queue
[2024-11-13T00:05:42.608+0000] {logging_mixin.py:190} INFO - [2024-11-13T00:05:42.606+0000] {dagbag.py:588} INFO - Filling up the DagBag from /home/airflow/.local/lib/python3.12/site-packages/airflow/example_dags/example_skip_dag.py
[2024-11-13T00:05:42.628+0000] {processor.py:925} INFO - DAG(s) 'example_skip_dag' retrieved from /home/airflow/.local/lib/python3.12/site-packages/airflow/example_dags/example_skip_dag.py
[2024-11-13T00:05:42.675+0000] {logging_mixin.py:190} INFO - [2024-11-13T00:05:42.674+0000] {dag.py:3239} INFO - Sync 1 DAGs
[2024-11-13T00:05:42.718+0000] {logging_mixin.py:190} INFO - [2024-11-13T00:05:42.718+0000] {dag.py:4180} INFO - Setting next_dagrun for example_skip_dag to 2024-11-12 00:00:00+00:00, run_after=2024-11-13 00:00:00+00:00
[2024-11-13T00:05:42.759+0000] {processor.py:208} INFO - Processing /home/airflow/.local/lib/python3.12/site-packages/airflow/example_dags/example_skip_dag.py took 0.174 seconds
[2024-11-13T00:06:13.218+0000] {processor.py:186} INFO - Started process (PID=11646) to work on /home/airflow/.local/lib/python3.12/site-packages/airflow/example_dags/example_skip_dag.py
[2024-11-13T00:06:13.220+0000] {processor.py:914} INFO - Processing file /home/airflow/.local/lib/python3.12/site-packages/airflow/example_dags/example_skip_dag.py for tasks to queue
[2024-11-13T00:06:13.224+0000] {logging_mixin.py:190} INFO - [2024-11-13T00:06:13.223+0000] {dagbag.py:588} INFO - Filling up the DagBag from /home/airflow/.local/lib/python3.12/site-packages/airflow/example_dags/example_skip_dag.py
[2024-11-13T00:06:13.234+0000] {processor.py:925} INFO - DAG(s) 'example_skip_dag' retrieved from /home/airflow/.local/lib/python3.12/site-packages/airflow/example_dags/example_skip_dag.py
[2024-11-13T00:06:13.262+0000] {logging_mixin.py:190} INFO - [2024-11-13T00:06:13.262+0000] {dag.py:3239} INFO - Sync 1 DAGs
[2024-11-13T00:06:13.303+0000] {logging_mixin.py:190} INFO - [2024-11-13T00:06:13.302+0000] {dag.py:4180} INFO - Setting next_dagrun for example_skip_dag to 2024-11-12 00:00:00+00:00, run_after=2024-11-13 00:00:00+00:00
[2024-11-13T00:06:13.394+0000] {processor.py:208} INFO - Processing /home/airflow/.local/lib/python3.12/site-packages/airflow/example_dags/example_skip_dag.py took 0.184 seconds
[2024-11-13T00:06:44.158+0000] {processor.py:186} INFO - Started process (PID=11710) to work on /home/airflow/.local/lib/python3.12/site-packages/airflow/example_dags/example_skip_dag.py
[2024-11-13T00:06:44.159+0000] {processor.py:914} INFO - Processing file /home/airflow/.local/lib/python3.12/site-packages/airflow/example_dags/example_skip_dag.py for tasks to queue
[2024-11-13T00:06:44.160+0000] {logging_mixin.py:190} INFO - [2024-11-13T00:06:44.160+0000] {dagbag.py:588} INFO - Filling up the DagBag from /home/airflow/.local/lib/python3.12/site-packages/airflow/example_dags/example_skip_dag.py
[2024-11-13T00:06:44.177+0000] {processor.py:925} INFO - DAG(s) 'example_skip_dag' retrieved from /home/airflow/.local/lib/python3.12/site-packages/airflow/example_dags/example_skip_dag.py
[2024-11-13T00:06:44.206+0000] {logging_mixin.py:190} INFO - [2024-11-13T00:06:44.205+0000] {dag.py:3239} INFO - Sync 1 DAGs
[2024-11-13T00:06:44.235+0000] {logging_mixin.py:190} INFO - [2024-11-13T00:06:44.235+0000] {dag.py:4180} INFO - Setting next_dagrun for example_skip_dag to 2024-11-12 00:00:00+00:00, run_after=2024-11-13 00:00:00+00:00
[2024-11-13T00:06:44.259+0000] {processor.py:208} INFO - Processing /home/airflow/.local/lib/python3.12/site-packages/airflow/example_dags/example_skip_dag.py took 0.111 seconds
[2024-11-13T00:07:14.648+0000] {processor.py:186} INFO - Started process (PID=11774) to work on /home/airflow/.local/lib/python3.12/site-packages/airflow/example_dags/example_skip_dag.py
[2024-11-13T00:07:14.650+0000] {processor.py:914} INFO - Processing file /home/airflow/.local/lib/python3.12/site-packages/airflow/example_dags/example_skip_dag.py for tasks to queue
[2024-11-13T00:07:14.652+0000] {logging_mixin.py:190} INFO - [2024-11-13T00:07:14.651+0000] {dagbag.py:588} INFO - Filling up the DagBag from /home/airflow/.local/lib/python3.12/site-packages/airflow/example_dags/example_skip_dag.py
[2024-11-13T00:07:14.666+0000] {processor.py:925} INFO - DAG(s) 'example_skip_dag' retrieved from /home/airflow/.local/lib/python3.12/site-packages/airflow/example_dags/example_skip_dag.py
[2024-11-13T00:07:14.695+0000] {logging_mixin.py:190} INFO - [2024-11-13T00:07:14.695+0000] {dag.py:3239} INFO - Sync 1 DAGs
[2024-11-13T00:07:14.719+0000] {logging_mixin.py:190} INFO - [2024-11-13T00:07:14.719+0000] {dag.py:4180} INFO - Setting next_dagrun for example_skip_dag to 2024-11-12 00:00:00+00:00, run_after=2024-11-13 00:00:00+00:00
[2024-11-13T00:07:14.744+0000] {processor.py:208} INFO - Processing /home/airflow/.local/lib/python3.12/site-packages/airflow/example_dags/example_skip_dag.py took 0.106 seconds
[2024-11-13T00:07:44.937+0000] {processor.py:186} INFO - Started process (PID=11838) to work on /home/airflow/.local/lib/python3.12/site-packages/airflow/example_dags/example_skip_dag.py
[2024-11-13T00:07:44.938+0000] {processor.py:914} INFO - Processing file /home/airflow/.local/lib/python3.12/site-packages/airflow/example_dags/example_skip_dag.py for tasks to queue
[2024-11-13T00:07:44.940+0000] {logging_mixin.py:190} INFO - [2024-11-13T00:07:44.940+0000] {dagbag.py:588} INFO - Filling up the DagBag from /home/airflow/.local/lib/python3.12/site-packages/airflow/example_dags/example_skip_dag.py
[2024-11-13T00:07:44.958+0000] {processor.py:925} INFO - DAG(s) 'example_skip_dag' retrieved from /home/airflow/.local/lib/python3.12/site-packages/airflow/example_dags/example_skip_dag.py
[2024-11-13T00:07:44.992+0000] {logging_mixin.py:190} INFO - [2024-11-13T00:07:44.991+0000] {dag.py:3239} INFO - Sync 1 DAGs
[2024-11-13T00:07:45.039+0000] {logging_mixin.py:190} INFO - [2024-11-13T00:07:45.038+0000] {dag.py:4180} INFO - Setting next_dagrun for example_skip_dag to 2024-11-12 00:00:00+00:00, run_after=2024-11-13 00:00:00+00:00
[2024-11-13T00:07:45.064+0000] {processor.py:208} INFO - Processing /home/airflow/.local/lib/python3.12/site-packages/airflow/example_dags/example_skip_dag.py took 0.138 seconds
[2024-11-13T00:08:15.167+0000] {processor.py:186} INFO - Started process (PID=11901) to work on /home/airflow/.local/lib/python3.12/site-packages/airflow/example_dags/example_skip_dag.py
[2024-11-13T00:08:15.167+0000] {processor.py:914} INFO - Processing file /home/airflow/.local/lib/python3.12/site-packages/airflow/example_dags/example_skip_dag.py for tasks to queue
[2024-11-13T00:08:15.169+0000] {logging_mixin.py:190} INFO - [2024-11-13T00:08:15.168+0000] {dagbag.py:588} INFO - Filling up the DagBag from /home/airflow/.local/lib/python3.12/site-packages/airflow/example_dags/example_skip_dag.py
[2024-11-13T00:08:15.178+0000] {processor.py:925} INFO - DAG(s) 'example_skip_dag' retrieved from /home/airflow/.local/lib/python3.12/site-packages/airflow/example_dags/example_skip_dag.py
[2024-11-13T00:08:15.201+0000] {logging_mixin.py:190} INFO - [2024-11-13T00:08:15.200+0000] {dag.py:3239} INFO - Sync 1 DAGs
[2024-11-13T00:08:15.224+0000] {logging_mixin.py:190} INFO - [2024-11-13T00:08:15.224+0000] {dag.py:4180} INFO - Setting next_dagrun for example_skip_dag to 2024-11-12 00:00:00+00:00, run_after=2024-11-13 00:00:00+00:00
[2024-11-13T00:08:15.257+0000] {processor.py:208} INFO - Processing /home/airflow/.local/lib/python3.12/site-packages/airflow/example_dags/example_skip_dag.py took 0.098 seconds
[2024-11-13T00:08:45.745+0000] {processor.py:186} INFO - Started process (PID=11965) to work on /home/airflow/.local/lib/python3.12/site-packages/airflow/example_dags/example_skip_dag.py
[2024-11-13T00:08:45.746+0000] {processor.py:914} INFO - Processing file /home/airflow/.local/lib/python3.12/site-packages/airflow/example_dags/example_skip_dag.py for tasks to queue
[2024-11-13T00:08:45.748+0000] {logging_mixin.py:190} INFO - [2024-11-13T00:08:45.748+0000] {dagbag.py:588} INFO - Filling up the DagBag from /home/airflow/.local/lib/python3.12/site-packages/airflow/example_dags/example_skip_dag.py
[2024-11-13T00:08:45.767+0000] {processor.py:925} INFO - DAG(s) 'example_skip_dag' retrieved from /home/airflow/.local/lib/python3.12/site-packages/airflow/example_dags/example_skip_dag.py
[2024-11-13T00:08:45.799+0000] {logging_mixin.py:190} INFO - [2024-11-13T00:08:45.798+0000] {dag.py:3239} INFO - Sync 1 DAGs
[2024-11-13T00:08:45.852+0000] {logging_mixin.py:190} INFO - [2024-11-13T00:08:45.851+0000] {dag.py:4180} INFO - Setting next_dagrun for example_skip_dag to 2024-11-12 00:00:00+00:00, run_after=2024-11-13 00:00:00+00:00
[2024-11-13T00:08:45.881+0000] {processor.py:208} INFO - Processing /home/airflow/.local/lib/python3.12/site-packages/airflow/example_dags/example_skip_dag.py took 0.146 seconds
[2024-11-13T00:09:16.627+0000] {processor.py:186} INFO - Started process (PID=12029) to work on /home/airflow/.local/lib/python3.12/site-packages/airflow/example_dags/example_skip_dag.py
[2024-11-13T00:09:16.628+0000] {processor.py:914} INFO - Processing file /home/airflow/.local/lib/python3.12/site-packages/airflow/example_dags/example_skip_dag.py for tasks to queue
[2024-11-13T00:09:16.631+0000] {logging_mixin.py:190} INFO - [2024-11-13T00:09:16.630+0000] {dagbag.py:588} INFO - Filling up the DagBag from /home/airflow/.local/lib/python3.12/site-packages/airflow/example_dags/example_skip_dag.py
[2024-11-13T00:09:16.656+0000] {processor.py:925} INFO - DAG(s) 'example_skip_dag' retrieved from /home/airflow/.local/lib/python3.12/site-packages/airflow/example_dags/example_skip_dag.py
[2024-11-13T00:09:16.706+0000] {logging_mixin.py:190} INFO - [2024-11-13T00:09:16.705+0000] {dag.py:3239} INFO - Sync 1 DAGs
[2024-11-13T00:09:16.755+0000] {logging_mixin.py:190} INFO - [2024-11-13T00:09:16.755+0000] {dag.py:4180} INFO - Setting next_dagrun for example_skip_dag to 2024-11-12 00:00:00+00:00, run_after=2024-11-13 00:00:00+00:00
[2024-11-13T00:09:16.795+0000] {processor.py:208} INFO - Processing /home/airflow/.local/lib/python3.12/site-packages/airflow/example_dags/example_skip_dag.py took 0.182 seconds
[2024-11-13T00:09:47.483+0000] {processor.py:186} INFO - Started process (PID=12093) to work on /home/airflow/.local/lib/python3.12/site-packages/airflow/example_dags/example_skip_dag.py
[2024-11-13T00:09:47.484+0000] {processor.py:914} INFO - Processing file /home/airflow/.local/lib/python3.12/site-packages/airflow/example_dags/example_skip_dag.py for tasks to queue
[2024-11-13T00:09:47.485+0000] {logging_mixin.py:190} INFO - [2024-11-13T00:09:47.485+0000] {dagbag.py:588} INFO - Filling up the DagBag from /home/airflow/.local/lib/python3.12/site-packages/airflow/example_dags/example_skip_dag.py
[2024-11-13T00:09:47.497+0000] {processor.py:925} INFO - DAG(s) 'example_skip_dag' retrieved from /home/airflow/.local/lib/python3.12/site-packages/airflow/example_dags/example_skip_dag.py
[2024-11-13T00:09:47.522+0000] {logging_mixin.py:190} INFO - [2024-11-13T00:09:47.522+0000] {dag.py:3239} INFO - Sync 1 DAGs
[2024-11-13T00:09:47.549+0000] {logging_mixin.py:190} INFO - [2024-11-13T00:09:47.549+0000] {dag.py:4180} INFO - Setting next_dagrun for example_skip_dag to 2024-11-12 00:00:00+00:00, run_after=2024-11-13 00:00:00+00:00
[2024-11-13T00:09:47.574+0000] {processor.py:208} INFO - Processing /home/airflow/.local/lib/python3.12/site-packages/airflow/example_dags/example_skip_dag.py took 0.101 seconds
[2024-11-13T00:10:17.702+0000] {processor.py:186} INFO - Started process (PID=12157) to work on /home/airflow/.local/lib/python3.12/site-packages/airflow/example_dags/example_skip_dag.py
[2024-11-13T00:10:17.704+0000] {processor.py:914} INFO - Processing file /home/airflow/.local/lib/python3.12/site-packages/airflow/example_dags/example_skip_dag.py for tasks to queue
[2024-11-13T00:10:17.707+0000] {logging_mixin.py:190} INFO - [2024-11-13T00:10:17.706+0000] {dagbag.py:588} INFO - Filling up the DagBag from /home/airflow/.local/lib/python3.12/site-packages/airflow/example_dags/example_skip_dag.py
[2024-11-13T00:10:17.715+0000] {processor.py:925} INFO - DAG(s) 'example_skip_dag' retrieved from /home/airflow/.local/lib/python3.12/site-packages/airflow/example_dags/example_skip_dag.py
[2024-11-13T00:10:17.743+0000] {logging_mixin.py:190} INFO - [2024-11-13T00:10:17.743+0000] {dag.py:3239} INFO - Sync 1 DAGs
[2024-11-13T00:10:17.768+0000] {logging_mixin.py:190} INFO - [2024-11-13T00:10:17.768+0000] {dag.py:4180} INFO - Setting next_dagrun for example_skip_dag to 2024-11-12 00:00:00+00:00, run_after=2024-11-13 00:00:00+00:00
[2024-11-13T00:10:17.798+0000] {processor.py:208} INFO - Processing /home/airflow/.local/lib/python3.12/site-packages/airflow/example_dags/example_skip_dag.py took 0.103 seconds
[2024-11-13T00:10:48.059+0000] {processor.py:186} INFO - Started process (PID=12221) to work on /home/airflow/.local/lib/python3.12/site-packages/airflow/example_dags/example_skip_dag.py
[2024-11-13T00:10:48.060+0000] {processor.py:914} INFO - Processing file /home/airflow/.local/lib/python3.12/site-packages/airflow/example_dags/example_skip_dag.py for tasks to queue
[2024-11-13T00:10:48.062+0000] {logging_mixin.py:190} INFO - [2024-11-13T00:10:48.061+0000] {dagbag.py:588} INFO - Filling up the DagBag from /home/airflow/.local/lib/python3.12/site-packages/airflow/example_dags/example_skip_dag.py
[2024-11-13T00:10:48.073+0000] {processor.py:925} INFO - DAG(s) 'example_skip_dag' retrieved from /home/airflow/.local/lib/python3.12/site-packages/airflow/example_dags/example_skip_dag.py
[2024-11-13T00:10:48.098+0000] {logging_mixin.py:190} INFO - [2024-11-13T00:10:48.098+0000] {dag.py:3239} INFO - Sync 1 DAGs
[2024-11-13T00:10:48.125+0000] {logging_mixin.py:190} INFO - [2024-11-13T00:10:48.124+0000] {dag.py:4180} INFO - Setting next_dagrun for example_skip_dag to 2024-11-12 00:00:00+00:00, run_after=2024-11-13 00:00:00+00:00
[2024-11-13T00:10:48.155+0000] {processor.py:208} INFO - Processing /home/airflow/.local/lib/python3.12/site-packages/airflow/example_dags/example_skip_dag.py took 0.106 seconds
[2024-11-13T00:11:18.295+0000] {processor.py:186} INFO - Started process (PID=12284) to work on /home/airflow/.local/lib/python3.12/site-packages/airflow/example_dags/example_skip_dag.py
[2024-11-13T00:11:18.296+0000] {processor.py:914} INFO - Processing file /home/airflow/.local/lib/python3.12/site-packages/airflow/example_dags/example_skip_dag.py for tasks to queue
[2024-11-13T00:11:18.297+0000] {logging_mixin.py:190} INFO - [2024-11-13T00:11:18.297+0000] {dagbag.py:588} INFO - Filling up the DagBag from /home/airflow/.local/lib/python3.12/site-packages/airflow/example_dags/example_skip_dag.py
[2024-11-13T00:11:18.306+0000] {processor.py:925} INFO - DAG(s) 'example_skip_dag' retrieved from /home/airflow/.local/lib/python3.12/site-packages/airflow/example_dags/example_skip_dag.py
[2024-11-13T00:11:18.328+0000] {logging_mixin.py:190} INFO - [2024-11-13T00:11:18.328+0000] {dag.py:3239} INFO - Sync 1 DAGs
[2024-11-13T00:11:18.348+0000] {logging_mixin.py:190} INFO - [2024-11-13T00:11:18.348+0000] {dag.py:4180} INFO - Setting next_dagrun for example_skip_dag to 2024-11-12 00:00:00+00:00, run_after=2024-11-13 00:00:00+00:00
[2024-11-13T00:11:18.369+0000] {processor.py:208} INFO - Processing /home/airflow/.local/lib/python3.12/site-packages/airflow/example_dags/example_skip_dag.py took 0.082 seconds
[2024-11-13T00:11:48.555+0000] {processor.py:186} INFO - Started process (PID=12348) to work on /home/airflow/.local/lib/python3.12/site-packages/airflow/example_dags/example_skip_dag.py
[2024-11-13T00:11:48.556+0000] {processor.py:914} INFO - Processing file /home/airflow/.local/lib/python3.12/site-packages/airflow/example_dags/example_skip_dag.py for tasks to queue
[2024-11-13T00:11:48.557+0000] {logging_mixin.py:190} INFO - [2024-11-13T00:11:48.557+0000] {dagbag.py:588} INFO - Filling up the DagBag from /home/airflow/.local/lib/python3.12/site-packages/airflow/example_dags/example_skip_dag.py
[2024-11-13T00:11:48.566+0000] {processor.py:925} INFO - DAG(s) 'example_skip_dag' retrieved from /home/airflow/.local/lib/python3.12/site-packages/airflow/example_dags/example_skip_dag.py
[2024-11-13T00:11:48.588+0000] {logging_mixin.py:190} INFO - [2024-11-13T00:11:48.588+0000] {dag.py:3239} INFO - Sync 1 DAGs
[2024-11-13T00:11:48.608+0000] {logging_mixin.py:190} INFO - [2024-11-13T00:11:48.608+0000] {dag.py:4180} INFO - Setting next_dagrun for example_skip_dag to 2024-11-12 00:00:00+00:00, run_after=2024-11-13 00:00:00+00:00
[2024-11-13T00:11:48.629+0000] {processor.py:208} INFO - Processing /home/airflow/.local/lib/python3.12/site-packages/airflow/example_dags/example_skip_dag.py took 0.082 seconds
[2024-11-13T00:12:18.846+0000] {processor.py:186} INFO - Started process (PID=12412) to work on /home/airflow/.local/lib/python3.12/site-packages/airflow/example_dags/example_skip_dag.py
[2024-11-13T00:12:18.847+0000] {processor.py:914} INFO - Processing file /home/airflow/.local/lib/python3.12/site-packages/airflow/example_dags/example_skip_dag.py for tasks to queue
[2024-11-13T00:12:18.849+0000] {logging_mixin.py:190} INFO - [2024-11-13T00:12:18.848+0000] {dagbag.py:588} INFO - Filling up the DagBag from /home/airflow/.local/lib/python3.12/site-packages/airflow/example_dags/example_skip_dag.py
[2024-11-13T00:12:18.861+0000] {processor.py:925} INFO - DAG(s) 'example_skip_dag' retrieved from /home/airflow/.local/lib/python3.12/site-packages/airflow/example_dags/example_skip_dag.py
[2024-11-13T00:12:18.885+0000] {logging_mixin.py:190} INFO - [2024-11-13T00:12:18.884+0000] {dag.py:3239} INFO - Sync 1 DAGs
[2024-11-13T00:12:18.906+0000] {logging_mixin.py:190} INFO - [2024-11-13T00:12:18.906+0000] {dag.py:4180} INFO - Setting next_dagrun for example_skip_dag to 2024-11-12 00:00:00+00:00, run_after=2024-11-13 00:00:00+00:00
[2024-11-13T00:12:18.935+0000] {processor.py:208} INFO - Processing /home/airflow/.local/lib/python3.12/site-packages/airflow/example_dags/example_skip_dag.py took 0.096 seconds
[2024-11-13T00:12:49.465+0000] {processor.py:186} INFO - Started process (PID=12475) to work on /home/airflow/.local/lib/python3.12/site-packages/airflow/example_dags/example_skip_dag.py
[2024-11-13T00:12:49.466+0000] {processor.py:914} INFO - Processing file /home/airflow/.local/lib/python3.12/site-packages/airflow/example_dags/example_skip_dag.py for tasks to queue
[2024-11-13T00:12:49.467+0000] {logging_mixin.py:190} INFO - [2024-11-13T00:12:49.467+0000] {dagbag.py:588} INFO - Filling up the DagBag from /home/airflow/.local/lib/python3.12/site-packages/airflow/example_dags/example_skip_dag.py
[2024-11-13T00:12:49.476+0000] {processor.py:925} INFO - DAG(s) 'example_skip_dag' retrieved from /home/airflow/.local/lib/python3.12/site-packages/airflow/example_dags/example_skip_dag.py
[2024-11-13T00:12:49.496+0000] {logging_mixin.py:190} INFO - [2024-11-13T00:12:49.496+0000] {dag.py:3239} INFO - Sync 1 DAGs
[2024-11-13T00:12:49.526+0000] {logging_mixin.py:190} INFO - [2024-11-13T00:12:49.526+0000] {dag.py:4180} INFO - Setting next_dagrun for example_skip_dag to 2024-11-12 00:00:00+00:00, run_after=2024-11-13 00:00:00+00:00
[2024-11-13T00:12:49.548+0000] {processor.py:208} INFO - Processing /home/airflow/.local/lib/python3.12/site-packages/airflow/example_dags/example_skip_dag.py took 0.089 seconds
[2024-11-13T00:13:20.289+0000] {processor.py:186} INFO - Started process (PID=12540) to work on /home/airflow/.local/lib/python3.12/site-packages/airflow/example_dags/example_skip_dag.py
[2024-11-13T00:13:20.289+0000] {processor.py:914} INFO - Processing file /home/airflow/.local/lib/python3.12/site-packages/airflow/example_dags/example_skip_dag.py for tasks to queue
[2024-11-13T00:13:20.291+0000] {logging_mixin.py:190} INFO - [2024-11-13T00:13:20.291+0000] {dagbag.py:588} INFO - Filling up the DagBag from /home/airflow/.local/lib/python3.12/site-packages/airflow/example_dags/example_skip_dag.py
[2024-11-13T00:13:20.300+0000] {processor.py:925} INFO - DAG(s) 'example_skip_dag' retrieved from /home/airflow/.local/lib/python3.12/site-packages/airflow/example_dags/example_skip_dag.py
[2024-11-13T00:13:20.325+0000] {logging_mixin.py:190} INFO - [2024-11-13T00:13:20.325+0000] {dag.py:3239} INFO - Sync 1 DAGs
[2024-11-13T00:13:20.349+0000] {logging_mixin.py:190} INFO - [2024-11-13T00:13:20.349+0000] {dag.py:4180} INFO - Setting next_dagrun for example_skip_dag to 2024-11-12 00:00:00+00:00, run_after=2024-11-13 00:00:00+00:00
[2024-11-13T00:13:20.375+0000] {processor.py:208} INFO - Processing /home/airflow/.local/lib/python3.12/site-packages/airflow/example_dags/example_skip_dag.py took 0.094 seconds
[2024-11-13T00:13:50.434+0000] {processor.py:186} INFO - Started process (PID=12604) to work on /home/airflow/.local/lib/python3.12/site-packages/airflow/example_dags/example_skip_dag.py
[2024-11-13T00:13:50.435+0000] {processor.py:914} INFO - Processing file /home/airflow/.local/lib/python3.12/site-packages/airflow/example_dags/example_skip_dag.py for tasks to queue
[2024-11-13T00:13:50.437+0000] {logging_mixin.py:190} INFO - [2024-11-13T00:13:50.436+0000] {dagbag.py:588} INFO - Filling up the DagBag from /home/airflow/.local/lib/python3.12/site-packages/airflow/example_dags/example_skip_dag.py
[2024-11-13T00:13:50.446+0000] {processor.py:925} INFO - DAG(s) 'example_skip_dag' retrieved from /home/airflow/.local/lib/python3.12/site-packages/airflow/example_dags/example_skip_dag.py
[2024-11-13T00:13:50.467+0000] {logging_mixin.py:190} INFO - [2024-11-13T00:13:50.467+0000] {dag.py:3239} INFO - Sync 1 DAGs
[2024-11-13T00:13:50.487+0000] {logging_mixin.py:190} INFO - [2024-11-13T00:13:50.487+0000] {dag.py:4180} INFO - Setting next_dagrun for example_skip_dag to 2024-11-12 00:00:00+00:00, run_after=2024-11-13 00:00:00+00:00
[2024-11-13T00:13:50.509+0000] {processor.py:208} INFO - Processing /home/airflow/.local/lib/python3.12/site-packages/airflow/example_dags/example_skip_dag.py took 0.084 seconds
[2024-11-13T00:14:20.723+0000] {processor.py:186} INFO - Started process (PID=12668) to work on /home/airflow/.local/lib/python3.12/site-packages/airflow/example_dags/example_skip_dag.py
[2024-11-13T00:14:20.724+0000] {processor.py:914} INFO - Processing file /home/airflow/.local/lib/python3.12/site-packages/airflow/example_dags/example_skip_dag.py for tasks to queue
[2024-11-13T00:14:20.725+0000] {logging_mixin.py:190} INFO - [2024-11-13T00:14:20.725+0000] {dagbag.py:588} INFO - Filling up the DagBag from /home/airflow/.local/lib/python3.12/site-packages/airflow/example_dags/example_skip_dag.py
[2024-11-13T00:14:20.734+0000] {processor.py:925} INFO - DAG(s) 'example_skip_dag' retrieved from /home/airflow/.local/lib/python3.12/site-packages/airflow/example_dags/example_skip_dag.py
[2024-11-13T00:14:20.756+0000] {logging_mixin.py:190} INFO - [2024-11-13T00:14:20.756+0000] {dag.py:3239} INFO - Sync 1 DAGs
[2024-11-13T00:14:20.778+0000] {logging_mixin.py:190} INFO - [2024-11-13T00:14:20.777+0000] {dag.py:4180} INFO - Setting next_dagrun for example_skip_dag to 2024-11-12 00:00:00+00:00, run_after=2024-11-13 00:00:00+00:00
[2024-11-13T00:14:20.801+0000] {processor.py:208} INFO - Processing /home/airflow/.local/lib/python3.12/site-packages/airflow/example_dags/example_skip_dag.py took 0.086 seconds
[2024-11-13T00:14:50.903+0000] {processor.py:186} INFO - Started process (PID=12732) to work on /home/airflow/.local/lib/python3.12/site-packages/airflow/example_dags/example_skip_dag.py
[2024-11-13T00:14:50.904+0000] {processor.py:914} INFO - Processing file /home/airflow/.local/lib/python3.12/site-packages/airflow/example_dags/example_skip_dag.py for tasks to queue
[2024-11-13T00:14:50.905+0000] {logging_mixin.py:190} INFO - [2024-11-13T00:14:50.905+0000] {dagbag.py:588} INFO - Filling up the DagBag from /home/airflow/.local/lib/python3.12/site-packages/airflow/example_dags/example_skip_dag.py
[2024-11-13T00:14:50.916+0000] {processor.py:925} INFO - DAG(s) 'example_skip_dag' retrieved from /home/airflow/.local/lib/python3.12/site-packages/airflow/example_dags/example_skip_dag.py
[2024-11-13T00:14:50.937+0000] {logging_mixin.py:190} INFO - [2024-11-13T00:14:50.937+0000] {dag.py:3239} INFO - Sync 1 DAGs
[2024-11-13T00:14:50.959+0000] {logging_mixin.py:190} INFO - [2024-11-13T00:14:50.959+0000] {dag.py:4180} INFO - Setting next_dagrun for example_skip_dag to 2024-11-12 00:00:00+00:00, run_after=2024-11-13 00:00:00+00:00
[2024-11-13T00:14:50.982+0000] {processor.py:208} INFO - Processing /home/airflow/.local/lib/python3.12/site-packages/airflow/example_dags/example_skip_dag.py took 0.087 seconds
[2024-11-13T00:15:21.407+0000] {processor.py:186} INFO - Started process (PID=12796) to work on /home/airflow/.local/lib/python3.12/site-packages/airflow/example_dags/example_skip_dag.py
[2024-11-13T00:15:21.407+0000] {processor.py:914} INFO - Processing file /home/airflow/.local/lib/python3.12/site-packages/airflow/example_dags/example_skip_dag.py for tasks to queue
[2024-11-13T00:15:21.409+0000] {logging_mixin.py:190} INFO - [2024-11-13T00:15:21.408+0000] {dagbag.py:588} INFO - Filling up the DagBag from /home/airflow/.local/lib/python3.12/site-packages/airflow/example_dags/example_skip_dag.py
[2024-11-13T00:15:21.417+0000] {processor.py:925} INFO - DAG(s) 'example_skip_dag' retrieved from /home/airflow/.local/lib/python3.12/site-packages/airflow/example_dags/example_skip_dag.py
[2024-11-13T00:15:21.438+0000] {logging_mixin.py:190} INFO - [2024-11-13T00:15:21.438+0000] {dag.py:3239} INFO - Sync 1 DAGs
[2024-11-13T00:15:21.458+0000] {logging_mixin.py:190} INFO - [2024-11-13T00:15:21.458+0000] {dag.py:4180} INFO - Setting next_dagrun for example_skip_dag to 2024-11-12 00:00:00+00:00, run_after=2024-11-13 00:00:00+00:00
[2024-11-13T00:15:21.480+0000] {processor.py:208} INFO - Processing /home/airflow/.local/lib/python3.12/site-packages/airflow/example_dags/example_skip_dag.py took 0.080 seconds
[2024-11-13T00:15:51.667+0000] {processor.py:186} INFO - Started process (PID=12860) to work on /home/airflow/.local/lib/python3.12/site-packages/airflow/example_dags/example_skip_dag.py
[2024-11-13T00:15:51.668+0000] {processor.py:914} INFO - Processing file /home/airflow/.local/lib/python3.12/site-packages/airflow/example_dags/example_skip_dag.py for tasks to queue
[2024-11-13T00:15:51.669+0000] {logging_mixin.py:190} INFO - [2024-11-13T00:15:51.669+0000] {dagbag.py:588} INFO - Filling up the DagBag from /home/airflow/.local/lib/python3.12/site-packages/airflow/example_dags/example_skip_dag.py
[2024-11-13T00:15:51.678+0000] {processor.py:925} INFO - DAG(s) 'example_skip_dag' retrieved from /home/airflow/.local/lib/python3.12/site-packages/airflow/example_dags/example_skip_dag.py
[2024-11-13T00:15:51.699+0000] {logging_mixin.py:190} INFO - [2024-11-13T00:15:51.698+0000] {dag.py:3239} INFO - Sync 1 DAGs
[2024-11-13T00:15:51.718+0000] {logging_mixin.py:190} INFO - [2024-11-13T00:15:51.718+0000] {dag.py:4180} INFO - Setting next_dagrun for example_skip_dag to 2024-11-12 00:00:00+00:00, run_after=2024-11-13 00:00:00+00:00
[2024-11-13T00:15:51.740+0000] {processor.py:208} INFO - Processing /home/airflow/.local/lib/python3.12/site-packages/airflow/example_dags/example_skip_dag.py took 0.080 seconds
[2024-11-13T00:16:23.044+0000] {processor.py:186} INFO - Started process (PID=12924) to work on /home/airflow/.local/lib/python3.12/site-packages/airflow/example_dags/example_skip_dag.py
[2024-11-13T00:16:23.045+0000] {processor.py:914} INFO - Processing file /home/airflow/.local/lib/python3.12/site-packages/airflow/example_dags/example_skip_dag.py for tasks to queue
[2024-11-13T00:16:23.046+0000] {logging_mixin.py:190} INFO - [2024-11-13T00:16:23.046+0000] {dagbag.py:588} INFO - Filling up the DagBag from /home/airflow/.local/lib/python3.12/site-packages/airflow/example_dags/example_skip_dag.py
[2024-11-13T00:16:23.058+0000] {processor.py:925} INFO - DAG(s) 'example_skip_dag' retrieved from /home/airflow/.local/lib/python3.12/site-packages/airflow/example_dags/example_skip_dag.py
[2024-11-13T00:16:23.081+0000] {logging_mixin.py:190} INFO - [2024-11-13T00:16:23.081+0000] {dag.py:3239} INFO - Sync 1 DAGs
[2024-11-13T00:16:23.118+0000] {logging_mixin.py:190} INFO - [2024-11-13T00:16:23.118+0000] {dag.py:4180} INFO - Setting next_dagrun for example_skip_dag to 2024-11-12 00:00:00+00:00, run_after=2024-11-13 00:00:00+00:00
[2024-11-13T00:16:23.144+0000] {processor.py:208} INFO - Processing /home/airflow/.local/lib/python3.12/site-packages/airflow/example_dags/example_skip_dag.py took 0.108 seconds
[2024-11-13T00:16:53.617+0000] {processor.py:186} INFO - Started process (PID=12988) to work on /home/airflow/.local/lib/python3.12/site-packages/airflow/example_dags/example_skip_dag.py
[2024-11-13T00:16:53.619+0000] {processor.py:914} INFO - Processing file /home/airflow/.local/lib/python3.12/site-packages/airflow/example_dags/example_skip_dag.py for tasks to queue
[2024-11-13T00:16:53.621+0000] {logging_mixin.py:190} INFO - [2024-11-13T00:16:53.621+0000] {dagbag.py:588} INFO - Filling up the DagBag from /home/airflow/.local/lib/python3.12/site-packages/airflow/example_dags/example_skip_dag.py
[2024-11-13T00:16:53.641+0000] {processor.py:925} INFO - DAG(s) 'example_skip_dag' retrieved from /home/airflow/.local/lib/python3.12/site-packages/airflow/example_dags/example_skip_dag.py
[2024-11-13T00:16:53.689+0000] {logging_mixin.py:190} INFO - [2024-11-13T00:16:53.689+0000] {dag.py:3239} INFO - Sync 1 DAGs
[2024-11-13T00:16:53.727+0000] {logging_mixin.py:190} INFO - [2024-11-13T00:16:53.727+0000] {dag.py:4180} INFO - Setting next_dagrun for example_skip_dag to 2024-11-12 00:00:00+00:00, run_after=2024-11-13 00:00:00+00:00
[2024-11-13T00:16:53.773+0000] {processor.py:208} INFO - Processing /home/airflow/.local/lib/python3.12/site-packages/airflow/example_dags/example_skip_dag.py took 0.169 seconds
[2024-11-13T00:17:24.651+0000] {processor.py:186} INFO - Started process (PID=13052) to work on /home/airflow/.local/lib/python3.12/site-packages/airflow/example_dags/example_skip_dag.py
[2024-11-13T00:17:24.652+0000] {processor.py:914} INFO - Processing file /home/airflow/.local/lib/python3.12/site-packages/airflow/example_dags/example_skip_dag.py for tasks to queue
[2024-11-13T00:17:24.654+0000] {logging_mixin.py:190} INFO - [2024-11-13T00:17:24.654+0000] {dagbag.py:588} INFO - Filling up the DagBag from /home/airflow/.local/lib/python3.12/site-packages/airflow/example_dags/example_skip_dag.py
[2024-11-13T00:17:24.669+0000] {processor.py:925} INFO - DAG(s) 'example_skip_dag' retrieved from /home/airflow/.local/lib/python3.12/site-packages/airflow/example_dags/example_skip_dag.py
[2024-11-13T00:17:24.700+0000] {logging_mixin.py:190} INFO - [2024-11-13T00:17:24.699+0000] {dag.py:3239} INFO - Sync 1 DAGs
[2024-11-13T00:17:24.737+0000] {logging_mixin.py:190} INFO - [2024-11-13T00:17:24.736+0000] {dag.py:4180} INFO - Setting next_dagrun for example_skip_dag to 2024-11-12 00:00:00+00:00, run_after=2024-11-13 00:00:00+00:00
[2024-11-13T00:17:24.781+0000] {processor.py:208} INFO - Processing /home/airflow/.local/lib/python3.12/site-packages/airflow/example_dags/example_skip_dag.py took 0.143 seconds
[2024-11-13T00:17:55.281+0000] {processor.py:186} INFO - Started process (PID=13116) to work on /home/airflow/.local/lib/python3.12/site-packages/airflow/example_dags/example_skip_dag.py
[2024-11-13T00:17:55.282+0000] {processor.py:914} INFO - Processing file /home/airflow/.local/lib/python3.12/site-packages/airflow/example_dags/example_skip_dag.py for tasks to queue
[2024-11-13T00:17:55.285+0000] {logging_mixin.py:190} INFO - [2024-11-13T00:17:55.284+0000] {dagbag.py:588} INFO - Filling up the DagBag from /home/airflow/.local/lib/python3.12/site-packages/airflow/example_dags/example_skip_dag.py
[2024-11-13T00:17:55.297+0000] {processor.py:925} INFO - DAG(s) 'example_skip_dag' retrieved from /home/airflow/.local/lib/python3.12/site-packages/airflow/example_dags/example_skip_dag.py
[2024-11-13T00:17:55.331+0000] {logging_mixin.py:190} INFO - [2024-11-13T00:17:55.330+0000] {dag.py:3239} INFO - Sync 1 DAGs
[2024-11-13T00:17:55.370+0000] {logging_mixin.py:190} INFO - [2024-11-13T00:17:55.370+0000] {dag.py:4180} INFO - Setting next_dagrun for example_skip_dag to 2024-11-12 00:00:00+00:00, run_after=2024-11-13 00:00:00+00:00
[2024-11-13T00:17:55.411+0000] {processor.py:208} INFO - Processing /home/airflow/.local/lib/python3.12/site-packages/airflow/example_dags/example_skip_dag.py took 0.142 seconds
[2024-11-13T00:18:26.578+0000] {processor.py:186} INFO - Started process (PID=13180) to work on /home/airflow/.local/lib/python3.12/site-packages/airflow/example_dags/example_skip_dag.py
[2024-11-13T00:18:26.584+0000] {processor.py:914} INFO - Processing file /home/airflow/.local/lib/python3.12/site-packages/airflow/example_dags/example_skip_dag.py for tasks to queue
[2024-11-13T00:18:26.586+0000] {logging_mixin.py:190} INFO - [2024-11-13T00:18:26.585+0000] {dagbag.py:588} INFO - Filling up the DagBag from /home/airflow/.local/lib/python3.12/site-packages/airflow/example_dags/example_skip_dag.py
[2024-11-13T00:18:26.606+0000] {processor.py:925} INFO - DAG(s) 'example_skip_dag' retrieved from /home/airflow/.local/lib/python3.12/site-packages/airflow/example_dags/example_skip_dag.py
[2024-11-13T00:18:26.691+0000] {logging_mixin.py:190} INFO - [2024-11-13T00:18:26.691+0000] {dag.py:3239} INFO - Sync 1 DAGs
[2024-11-13T00:18:26.800+0000] {logging_mixin.py:190} INFO - [2024-11-13T00:18:26.799+0000] {dag.py:4180} INFO - Setting next_dagrun for example_skip_dag to 2024-11-12 00:00:00+00:00, run_after=2024-11-13 00:00:00+00:00
[2024-11-13T00:18:26.858+0000] {processor.py:208} INFO - Processing /home/airflow/.local/lib/python3.12/site-packages/airflow/example_dags/example_skip_dag.py took 0.291 seconds
[2024-11-13T00:18:57.281+0000] {processor.py:186} INFO - Started process (PID=13244) to work on /home/airflow/.local/lib/python3.12/site-packages/airflow/example_dags/example_skip_dag.py
[2024-11-13T00:18:57.282+0000] {processor.py:914} INFO - Processing file /home/airflow/.local/lib/python3.12/site-packages/airflow/example_dags/example_skip_dag.py for tasks to queue
[2024-11-13T00:18:57.284+0000] {logging_mixin.py:190} INFO - [2024-11-13T00:18:57.283+0000] {dagbag.py:588} INFO - Filling up the DagBag from /home/airflow/.local/lib/python3.12/site-packages/airflow/example_dags/example_skip_dag.py
[2024-11-13T00:18:57.300+0000] {processor.py:925} INFO - DAG(s) 'example_skip_dag' retrieved from /home/airflow/.local/lib/python3.12/site-packages/airflow/example_dags/example_skip_dag.py
[2024-11-13T00:18:57.334+0000] {logging_mixin.py:190} INFO - [2024-11-13T00:18:57.333+0000] {dag.py:3239} INFO - Sync 1 DAGs
[2024-11-13T00:18:57.370+0000] {logging_mixin.py:190} INFO - [2024-11-13T00:18:57.369+0000] {dag.py:4180} INFO - Setting next_dagrun for example_skip_dag to 2024-11-12 00:00:00+00:00, run_after=2024-11-13 00:00:00+00:00
[2024-11-13T00:18:57.421+0000] {processor.py:208} INFO - Processing /home/airflow/.local/lib/python3.12/site-packages/airflow/example_dags/example_skip_dag.py took 0.154 seconds
[2024-11-13T00:19:39.266+0000] {processor.py:186} INFO - Started process (PID=13283) to work on /home/airflow/.local/lib/python3.12/site-packages/airflow/example_dags/example_skip_dag.py
[2024-11-13T00:19:39.267+0000] {processor.py:914} INFO - Processing file /home/airflow/.local/lib/python3.12/site-packages/airflow/example_dags/example_skip_dag.py for tasks to queue
[2024-11-13T00:19:39.269+0000] {logging_mixin.py:190} INFO - [2024-11-13T00:19:39.269+0000] {dagbag.py:588} INFO - Filling up the DagBag from /home/airflow/.local/lib/python3.12/site-packages/airflow/example_dags/example_skip_dag.py
[2024-11-13T00:19:39.280+0000] {processor.py:925} INFO - DAG(s) 'example_skip_dag' retrieved from /home/airflow/.local/lib/python3.12/site-packages/airflow/example_dags/example_skip_dag.py
[2024-11-13T00:19:39.301+0000] {logging_mixin.py:190} INFO - [2024-11-13T00:19:39.301+0000] {dag.py:3239} INFO - Sync 1 DAGs
[2024-11-13T00:19:39.324+0000] {logging_mixin.py:190} INFO - [2024-11-13T00:19:39.324+0000] {dag.py:4180} INFO - Setting next_dagrun for example_skip_dag to 2024-11-12 00:00:00+00:00, run_after=2024-11-13 00:00:00+00:00
[2024-11-13T00:19:39.346+0000] {processor.py:208} INFO - Processing /home/airflow/.local/lib/python3.12/site-packages/airflow/example_dags/example_skip_dag.py took 0.087 seconds
[2024-11-13T00:20:11.425+0000] {processor.py:186} INFO - Started process (PID=13347) to work on /home/airflow/.local/lib/python3.12/site-packages/airflow/example_dags/example_skip_dag.py
[2024-11-13T00:20:11.426+0000] {processor.py:914} INFO - Processing file /home/airflow/.local/lib/python3.12/site-packages/airflow/example_dags/example_skip_dag.py for tasks to queue
[2024-11-13T00:20:11.428+0000] {logging_mixin.py:190} INFO - [2024-11-13T00:20:11.427+0000] {dagbag.py:588} INFO - Filling up the DagBag from /home/airflow/.local/lib/python3.12/site-packages/airflow/example_dags/example_skip_dag.py
[2024-11-13T00:20:11.440+0000] {processor.py:925} INFO - DAG(s) 'example_skip_dag' retrieved from /home/airflow/.local/lib/python3.12/site-packages/airflow/example_dags/example_skip_dag.py
[2024-11-13T00:20:11.498+0000] {logging_mixin.py:190} INFO - [2024-11-13T00:20:11.498+0000] {dag.py:3239} INFO - Sync 1 DAGs
[2024-11-13T00:20:11.587+0000] {logging_mixin.py:190} INFO - [2024-11-13T00:20:11.586+0000] {dag.py:4180} INFO - Setting next_dagrun for example_skip_dag to 2024-11-12 00:00:00+00:00, run_after=2024-11-13 00:00:00+00:00
[2024-11-13T00:20:11.644+0000] {processor.py:208} INFO - Processing /home/airflow/.local/lib/python3.12/site-packages/airflow/example_dags/example_skip_dag.py took 0.232 seconds
[2024-11-13T00:20:41.955+0000] {processor.py:186} INFO - Started process (PID=13410) to work on /home/airflow/.local/lib/python3.12/site-packages/airflow/example_dags/example_skip_dag.py
[2024-11-13T00:20:41.956+0000] {processor.py:914} INFO - Processing file /home/airflow/.local/lib/python3.12/site-packages/airflow/example_dags/example_skip_dag.py for tasks to queue
[2024-11-13T00:20:41.957+0000] {logging_mixin.py:190} INFO - [2024-11-13T00:20:41.957+0000] {dagbag.py:588} INFO - Filling up the DagBag from /home/airflow/.local/lib/python3.12/site-packages/airflow/example_dags/example_skip_dag.py
[2024-11-13T00:20:41.966+0000] {processor.py:925} INFO - DAG(s) 'example_skip_dag' retrieved from /home/airflow/.local/lib/python3.12/site-packages/airflow/example_dags/example_skip_dag.py
[2024-11-13T00:20:41.990+0000] {logging_mixin.py:190} INFO - [2024-11-13T00:20:41.990+0000] {dag.py:3239} INFO - Sync 1 DAGs
[2024-11-13T00:20:42.016+0000] {logging_mixin.py:190} INFO - [2024-11-13T00:20:42.015+0000] {dag.py:4180} INFO - Setting next_dagrun for example_skip_dag to 2024-11-12 00:00:00+00:00, run_after=2024-11-13 00:00:00+00:00
[2024-11-13T00:20:42.044+0000] {processor.py:208} INFO - Processing /home/airflow/.local/lib/python3.12/site-packages/airflow/example_dags/example_skip_dag.py took 0.099 seconds
[2024-11-13T00:21:12.207+0000] {processor.py:186} INFO - Started process (PID=13473) to work on /home/airflow/.local/lib/python3.12/site-packages/airflow/example_dags/example_skip_dag.py
[2024-11-13T00:21:12.208+0000] {processor.py:914} INFO - Processing file /home/airflow/.local/lib/python3.12/site-packages/airflow/example_dags/example_skip_dag.py for tasks to queue
[2024-11-13T00:21:12.209+0000] {logging_mixin.py:190} INFO - [2024-11-13T00:21:12.209+0000] {dagbag.py:588} INFO - Filling up the DagBag from /home/airflow/.local/lib/python3.12/site-packages/airflow/example_dags/example_skip_dag.py
[2024-11-13T00:21:12.219+0000] {processor.py:925} INFO - DAG(s) 'example_skip_dag' retrieved from /home/airflow/.local/lib/python3.12/site-packages/airflow/example_dags/example_skip_dag.py
[2024-11-13T00:21:12.247+0000] {logging_mixin.py:190} INFO - [2024-11-13T00:21:12.247+0000] {dag.py:3239} INFO - Sync 1 DAGs
[2024-11-13T00:21:12.279+0000] {logging_mixin.py:190} INFO - [2024-11-13T00:21:12.279+0000] {dag.py:4180} INFO - Setting next_dagrun for example_skip_dag to 2024-11-12 00:00:00+00:00, run_after=2024-11-13 00:00:00+00:00
[2024-11-13T00:21:12.310+0000] {processor.py:208} INFO - Processing /home/airflow/.local/lib/python3.12/site-packages/airflow/example_dags/example_skip_dag.py took 0.112 seconds
[2024-11-13T00:21:42.954+0000] {processor.py:186} INFO - Started process (PID=13537) to work on /home/airflow/.local/lib/python3.12/site-packages/airflow/example_dags/example_skip_dag.py
[2024-11-13T00:21:42.955+0000] {processor.py:914} INFO - Processing file /home/airflow/.local/lib/python3.12/site-packages/airflow/example_dags/example_skip_dag.py for tasks to queue
[2024-11-13T00:21:42.956+0000] {logging_mixin.py:190} INFO - [2024-11-13T00:21:42.956+0000] {dagbag.py:588} INFO - Filling up the DagBag from /home/airflow/.local/lib/python3.12/site-packages/airflow/example_dags/example_skip_dag.py
[2024-11-13T00:21:42.969+0000] {processor.py:925} INFO - DAG(s) 'example_skip_dag' retrieved from /home/airflow/.local/lib/python3.12/site-packages/airflow/example_dags/example_skip_dag.py
[2024-11-13T00:21:42.993+0000] {logging_mixin.py:190} INFO - [2024-11-13T00:21:42.993+0000] {dag.py:3239} INFO - Sync 1 DAGs
[2024-11-13T00:21:43.020+0000] {logging_mixin.py:190} INFO - [2024-11-13T00:21:43.019+0000] {dag.py:4180} INFO - Setting next_dagrun for example_skip_dag to 2024-11-12 00:00:00+00:00, run_after=2024-11-13 00:00:00+00:00
[2024-11-13T00:21:43.046+0000] {processor.py:208} INFO - Processing /home/airflow/.local/lib/python3.12/site-packages/airflow/example_dags/example_skip_dag.py took 0.102 seconds
[2024-11-13T00:22:13.189+0000] {processor.py:186} INFO - Started process (PID=13599) to work on /home/airflow/.local/lib/python3.12/site-packages/airflow/example_dags/example_skip_dag.py
[2024-11-13T00:22:13.190+0000] {processor.py:914} INFO - Processing file /home/airflow/.local/lib/python3.12/site-packages/airflow/example_dags/example_skip_dag.py for tasks to queue
[2024-11-13T00:22:13.195+0000] {logging_mixin.py:190} INFO - [2024-11-13T00:22:13.194+0000] {dagbag.py:588} INFO - Filling up the DagBag from /home/airflow/.local/lib/python3.12/site-packages/airflow/example_dags/example_skip_dag.py
[2024-11-13T00:22:13.207+0000] {processor.py:925} INFO - DAG(s) 'example_skip_dag' retrieved from /home/airflow/.local/lib/python3.12/site-packages/airflow/example_dags/example_skip_dag.py
[2024-11-13T00:22:13.235+0000] {logging_mixin.py:190} INFO - [2024-11-13T00:22:13.234+0000] {dag.py:3239} INFO - Sync 1 DAGs
[2024-11-13T00:22:13.263+0000] {logging_mixin.py:190} INFO - [2024-11-13T00:22:13.262+0000] {dag.py:4180} INFO - Setting next_dagrun for example_skip_dag to 2024-11-12 00:00:00+00:00, run_after=2024-11-13 00:00:00+00:00
[2024-11-13T00:22:13.287+0000] {processor.py:208} INFO - Processing /home/airflow/.local/lib/python3.12/site-packages/airflow/example_dags/example_skip_dag.py took 0.105 seconds
[2024-11-13T00:22:44.012+0000] {processor.py:186} INFO - Started process (PID=13663) to work on /home/airflow/.local/lib/python3.12/site-packages/airflow/example_dags/example_skip_dag.py
[2024-11-13T00:22:44.013+0000] {processor.py:914} INFO - Processing file /home/airflow/.local/lib/python3.12/site-packages/airflow/example_dags/example_skip_dag.py for tasks to queue
[2024-11-13T00:22:44.015+0000] {logging_mixin.py:190} INFO - [2024-11-13T00:22:44.014+0000] {dagbag.py:588} INFO - Filling up the DagBag from /home/airflow/.local/lib/python3.12/site-packages/airflow/example_dags/example_skip_dag.py
[2024-11-13T00:22:44.024+0000] {processor.py:925} INFO - DAG(s) 'example_skip_dag' retrieved from /home/airflow/.local/lib/python3.12/site-packages/airflow/example_dags/example_skip_dag.py
[2024-11-13T00:22:44.048+0000] {logging_mixin.py:190} INFO - [2024-11-13T00:22:44.048+0000] {dag.py:3239} INFO - Sync 1 DAGs
[2024-11-13T00:22:44.073+0000] {logging_mixin.py:190} INFO - [2024-11-13T00:22:44.073+0000] {dag.py:4180} INFO - Setting next_dagrun for example_skip_dag to 2024-11-12 00:00:00+00:00, run_after=2024-11-13 00:00:00+00:00
[2024-11-13T00:22:44.101+0000] {processor.py:208} INFO - Processing /home/airflow/.local/lib/python3.12/site-packages/airflow/example_dags/example_skip_dag.py took 0.097 seconds
[2024-11-13T00:23:14.972+0000] {processor.py:186} INFO - Started process (PID=13727) to work on /home/airflow/.local/lib/python3.12/site-packages/airflow/example_dags/example_skip_dag.py
[2024-11-13T00:23:14.973+0000] {processor.py:914} INFO - Processing file /home/airflow/.local/lib/python3.12/site-packages/airflow/example_dags/example_skip_dag.py for tasks to queue
[2024-11-13T00:23:14.976+0000] {logging_mixin.py:190} INFO - [2024-11-13T00:23:14.975+0000] {dagbag.py:588} INFO - Filling up the DagBag from /home/airflow/.local/lib/python3.12/site-packages/airflow/example_dags/example_skip_dag.py
[2024-11-13T00:23:15.005+0000] {processor.py:925} INFO - DAG(s) 'example_skip_dag' retrieved from /home/airflow/.local/lib/python3.12/site-packages/airflow/example_dags/example_skip_dag.py
[2024-11-13T00:23:15.045+0000] {logging_mixin.py:190} INFO - [2024-11-13T00:23:15.045+0000] {dag.py:3239} INFO - Sync 1 DAGs
[2024-11-13T00:23:15.086+0000] {logging_mixin.py:190} INFO - [2024-11-13T00:23:15.085+0000] {dag.py:4180} INFO - Setting next_dagrun for example_skip_dag to 2024-11-12 00:00:00+00:00, run_after=2024-11-13 00:00:00+00:00
[2024-11-13T00:23:15.129+0000] {processor.py:208} INFO - Processing /home/airflow/.local/lib/python3.12/site-packages/airflow/example_dags/example_skip_dag.py took 0.166 seconds
[2024-11-13T00:23:45.213+0000] {processor.py:186} INFO - Started process (PID=13792) to work on /home/airflow/.local/lib/python3.12/site-packages/airflow/example_dags/example_skip_dag.py
[2024-11-13T00:23:45.214+0000] {processor.py:914} INFO - Processing file /home/airflow/.local/lib/python3.12/site-packages/airflow/example_dags/example_skip_dag.py for tasks to queue
[2024-11-13T00:23:45.216+0000] {logging_mixin.py:190} INFO - [2024-11-13T00:23:45.215+0000] {dagbag.py:588} INFO - Filling up the DagBag from /home/airflow/.local/lib/python3.12/site-packages/airflow/example_dags/example_skip_dag.py
[2024-11-13T00:23:45.225+0000] {processor.py:925} INFO - DAG(s) 'example_skip_dag' retrieved from /home/airflow/.local/lib/python3.12/site-packages/airflow/example_dags/example_skip_dag.py
[2024-11-13T00:23:45.247+0000] {logging_mixin.py:190} INFO - [2024-11-13T00:23:45.247+0000] {dag.py:3239} INFO - Sync 1 DAGs
[2024-11-13T00:23:45.268+0000] {logging_mixin.py:190} INFO - [2024-11-13T00:23:45.268+0000] {dag.py:4180} INFO - Setting next_dagrun for example_skip_dag to 2024-11-12 00:00:00+00:00, run_after=2024-11-13 00:00:00+00:00
[2024-11-13T00:23:45.293+0000] {processor.py:208} INFO - Processing /home/airflow/.local/lib/python3.12/site-packages/airflow/example_dags/example_skip_dag.py took 0.086 seconds
[2024-11-13T00:24:15.546+0000] {processor.py:186} INFO - Started process (PID=13856) to work on /home/airflow/.local/lib/python3.12/site-packages/airflow/example_dags/example_skip_dag.py
[2024-11-13T00:24:15.548+0000] {processor.py:914} INFO - Processing file /home/airflow/.local/lib/python3.12/site-packages/airflow/example_dags/example_skip_dag.py for tasks to queue
[2024-11-13T00:24:15.549+0000] {logging_mixin.py:190} INFO - [2024-11-13T00:24:15.549+0000] {dagbag.py:588} INFO - Filling up the DagBag from /home/airflow/.local/lib/python3.12/site-packages/airflow/example_dags/example_skip_dag.py
[2024-11-13T00:24:15.566+0000] {processor.py:925} INFO - DAG(s) 'example_skip_dag' retrieved from /home/airflow/.local/lib/python3.12/site-packages/airflow/example_dags/example_skip_dag.py
[2024-11-13T00:24:15.602+0000] {logging_mixin.py:190} INFO - [2024-11-13T00:24:15.602+0000] {dag.py:3239} INFO - Sync 1 DAGs
[2024-11-13T00:24:15.635+0000] {logging_mixin.py:190} INFO - [2024-11-13T00:24:15.635+0000] {dag.py:4180} INFO - Setting next_dagrun for example_skip_dag to 2024-11-12 00:00:00+00:00, run_after=2024-11-13 00:00:00+00:00
[2024-11-13T00:24:15.668+0000] {processor.py:208} INFO - Processing /home/airflow/.local/lib/python3.12/site-packages/airflow/example_dags/example_skip_dag.py took 0.131 seconds
[2024-11-13T00:24:46.578+0000] {processor.py:186} INFO - Started process (PID=13921) to work on /home/airflow/.local/lib/python3.12/site-packages/airflow/example_dags/example_skip_dag.py
[2024-11-13T00:24:46.579+0000] {processor.py:914} INFO - Processing file /home/airflow/.local/lib/python3.12/site-packages/airflow/example_dags/example_skip_dag.py for tasks to queue
[2024-11-13T00:24:46.581+0000] {logging_mixin.py:190} INFO - [2024-11-13T00:24:46.580+0000] {dagbag.py:588} INFO - Filling up the DagBag from /home/airflow/.local/lib/python3.12/site-packages/airflow/example_dags/example_skip_dag.py
[2024-11-13T00:24:46.591+0000] {processor.py:925} INFO - DAG(s) 'example_skip_dag' retrieved from /home/airflow/.local/lib/python3.12/site-packages/airflow/example_dags/example_skip_dag.py
[2024-11-13T00:24:46.614+0000] {logging_mixin.py:190} INFO - [2024-11-13T00:24:46.614+0000] {dag.py:3239} INFO - Sync 1 DAGs
[2024-11-13T00:24:46.642+0000] {logging_mixin.py:190} INFO - [2024-11-13T00:24:46.641+0000] {dag.py:4180} INFO - Setting next_dagrun for example_skip_dag to 2024-11-12 00:00:00+00:00, run_after=2024-11-13 00:00:00+00:00
[2024-11-13T00:24:46.684+0000] {processor.py:208} INFO - Processing /home/airflow/.local/lib/python3.12/site-packages/airflow/example_dags/example_skip_dag.py took 0.113 seconds
[2024-11-13T00:25:17.086+0000] {processor.py:186} INFO - Started process (PID=13985) to work on /home/airflow/.local/lib/python3.12/site-packages/airflow/example_dags/example_skip_dag.py
[2024-11-13T00:25:17.087+0000] {processor.py:914} INFO - Processing file /home/airflow/.local/lib/python3.12/site-packages/airflow/example_dags/example_skip_dag.py for tasks to queue
[2024-11-13T00:25:17.088+0000] {logging_mixin.py:190} INFO - [2024-11-13T00:25:17.088+0000] {dagbag.py:588} INFO - Filling up the DagBag from /home/airflow/.local/lib/python3.12/site-packages/airflow/example_dags/example_skip_dag.py
[2024-11-13T00:25:17.103+0000] {processor.py:925} INFO - DAG(s) 'example_skip_dag' retrieved from /home/airflow/.local/lib/python3.12/site-packages/airflow/example_dags/example_skip_dag.py
[2024-11-13T00:25:17.133+0000] {logging_mixin.py:190} INFO - [2024-11-13T00:25:17.133+0000] {dag.py:3239} INFO - Sync 1 DAGs
[2024-11-13T00:25:17.165+0000] {logging_mixin.py:190} INFO - [2024-11-13T00:25:17.165+0000] {dag.py:4180} INFO - Setting next_dagrun for example_skip_dag to 2024-11-12 00:00:00+00:00, run_after=2024-11-13 00:00:00+00:00
[2024-11-13T00:25:17.199+0000] {processor.py:208} INFO - Processing /home/airflow/.local/lib/python3.12/site-packages/airflow/example_dags/example_skip_dag.py took 0.121 seconds
[2024-11-13T00:25:47.936+0000] {processor.py:186} INFO - Started process (PID=14049) to work on /home/airflow/.local/lib/python3.12/site-packages/airflow/example_dags/example_skip_dag.py
[2024-11-13T00:25:47.943+0000] {processor.py:914} INFO - Processing file /home/airflow/.local/lib/python3.12/site-packages/airflow/example_dags/example_skip_dag.py for tasks to queue
[2024-11-13T00:25:47.945+0000] {logging_mixin.py:190} INFO - [2024-11-13T00:25:47.945+0000] {dagbag.py:588} INFO - Filling up the DagBag from /home/airflow/.local/lib/python3.12/site-packages/airflow/example_dags/example_skip_dag.py
[2024-11-13T00:25:47.963+0000] {processor.py:925} INFO - DAG(s) 'example_skip_dag' retrieved from /home/airflow/.local/lib/python3.12/site-packages/airflow/example_dags/example_skip_dag.py
[2024-11-13T00:25:48.008+0000] {logging_mixin.py:190} INFO - [2024-11-13T00:25:48.007+0000] {dag.py:3239} INFO - Sync 1 DAGs
[2024-11-13T00:25:48.042+0000] {logging_mixin.py:190} INFO - [2024-11-13T00:25:48.042+0000] {dag.py:4180} INFO - Setting next_dagrun for example_skip_dag to 2024-11-12 00:00:00+00:00, run_after=2024-11-13 00:00:00+00:00
[2024-11-13T00:25:48.068+0000] {processor.py:208} INFO - Processing /home/airflow/.local/lib/python3.12/site-packages/airflow/example_dags/example_skip_dag.py took 0.155 seconds
[2024-11-13T00:26:18.661+0000] {processor.py:186} INFO - Started process (PID=14113) to work on /home/airflow/.local/lib/python3.12/site-packages/airflow/example_dags/example_skip_dag.py
[2024-11-13T00:26:18.662+0000] {processor.py:914} INFO - Processing file /home/airflow/.local/lib/python3.12/site-packages/airflow/example_dags/example_skip_dag.py for tasks to queue
[2024-11-13T00:26:18.666+0000] {logging_mixin.py:190} INFO - [2024-11-13T00:26:18.665+0000] {dagbag.py:588} INFO - Filling up the DagBag from /home/airflow/.local/lib/python3.12/site-packages/airflow/example_dags/example_skip_dag.py
[2024-11-13T00:26:18.675+0000] {processor.py:925} INFO - DAG(s) 'example_skip_dag' retrieved from /home/airflow/.local/lib/python3.12/site-packages/airflow/example_dags/example_skip_dag.py
[2024-11-13T00:26:18.704+0000] {logging_mixin.py:190} INFO - [2024-11-13T00:26:18.703+0000] {dag.py:3239} INFO - Sync 1 DAGs
[2024-11-13T00:26:18.727+0000] {logging_mixin.py:190} INFO - [2024-11-13T00:26:18.727+0000] {dag.py:4180} INFO - Setting next_dagrun for example_skip_dag to 2024-11-12 00:00:00+00:00, run_after=2024-11-13 00:00:00+00:00
[2024-11-13T00:26:18.754+0000] {processor.py:208} INFO - Processing /home/airflow/.local/lib/python3.12/site-packages/airflow/example_dags/example_skip_dag.py took 0.100 seconds
[2024-11-13T00:26:48.978+0000] {processor.py:186} INFO - Started process (PID=14177) to work on /home/airflow/.local/lib/python3.12/site-packages/airflow/example_dags/example_skip_dag.py
[2024-11-13T00:26:48.979+0000] {processor.py:914} INFO - Processing file /home/airflow/.local/lib/python3.12/site-packages/airflow/example_dags/example_skip_dag.py for tasks to queue
[2024-11-13T00:26:48.981+0000] {logging_mixin.py:190} INFO - [2024-11-13T00:26:48.981+0000] {dagbag.py:588} INFO - Filling up the DagBag from /home/airflow/.local/lib/python3.12/site-packages/airflow/example_dags/example_skip_dag.py
[2024-11-13T00:26:48.994+0000] {processor.py:925} INFO - DAG(s) 'example_skip_dag' retrieved from /home/airflow/.local/lib/python3.12/site-packages/airflow/example_dags/example_skip_dag.py
[2024-11-13T00:26:49.027+0000] {logging_mixin.py:190} INFO - [2024-11-13T00:26:49.026+0000] {dag.py:3239} INFO - Sync 1 DAGs
[2024-11-13T00:26:49.056+0000] {logging_mixin.py:190} INFO - [2024-11-13T00:26:49.056+0000] {dag.py:4180} INFO - Setting next_dagrun for example_skip_dag to 2024-11-12 00:00:00+00:00, run_after=2024-11-13 00:00:00+00:00
[2024-11-13T00:26:49.083+0000] {processor.py:208} INFO - Processing /home/airflow/.local/lib/python3.12/site-packages/airflow/example_dags/example_skip_dag.py took 0.118 seconds
[2024-11-13T00:27:20.141+0000] {processor.py:186} INFO - Started process (PID=14241) to work on /home/airflow/.local/lib/python3.12/site-packages/airflow/example_dags/example_skip_dag.py
[2024-11-13T00:27:20.142+0000] {processor.py:914} INFO - Processing file /home/airflow/.local/lib/python3.12/site-packages/airflow/example_dags/example_skip_dag.py for tasks to queue
[2024-11-13T00:27:20.143+0000] {logging_mixin.py:190} INFO - [2024-11-13T00:27:20.143+0000] {dagbag.py:588} INFO - Filling up the DagBag from /home/airflow/.local/lib/python3.12/site-packages/airflow/example_dags/example_skip_dag.py
[2024-11-13T00:27:20.152+0000] {processor.py:925} INFO - DAG(s) 'example_skip_dag' retrieved from /home/airflow/.local/lib/python3.12/site-packages/airflow/example_dags/example_skip_dag.py
[2024-11-13T00:27:20.174+0000] {logging_mixin.py:190} INFO - [2024-11-13T00:27:20.174+0000] {dag.py:3239} INFO - Sync 1 DAGs
[2024-11-13T00:27:20.195+0000] {logging_mixin.py:190} INFO - [2024-11-13T00:27:20.194+0000] {dag.py:4180} INFO - Setting next_dagrun for example_skip_dag to 2024-11-12 00:00:00+00:00, run_after=2024-11-13 00:00:00+00:00
[2024-11-13T00:27:20.218+0000] {processor.py:208} INFO - Processing /home/airflow/.local/lib/python3.12/site-packages/airflow/example_dags/example_skip_dag.py took 0.084 seconds
[2024-11-13T00:27:50.503+0000] {processor.py:186} INFO - Started process (PID=14305) to work on /home/airflow/.local/lib/python3.12/site-packages/airflow/example_dags/example_skip_dag.py
[2024-11-13T00:27:50.504+0000] {processor.py:914} INFO - Processing file /home/airflow/.local/lib/python3.12/site-packages/airflow/example_dags/example_skip_dag.py for tasks to queue
[2024-11-13T00:27:50.505+0000] {logging_mixin.py:190} INFO - [2024-11-13T00:27:50.505+0000] {dagbag.py:588} INFO - Filling up the DagBag from /home/airflow/.local/lib/python3.12/site-packages/airflow/example_dags/example_skip_dag.py
[2024-11-13T00:27:50.515+0000] {processor.py:925} INFO - DAG(s) 'example_skip_dag' retrieved from /home/airflow/.local/lib/python3.12/site-packages/airflow/example_dags/example_skip_dag.py
[2024-11-13T00:27:50.537+0000] {logging_mixin.py:190} INFO - [2024-11-13T00:27:50.537+0000] {dag.py:3239} INFO - Sync 1 DAGs
[2024-11-13T00:27:50.559+0000] {logging_mixin.py:190} INFO - [2024-11-13T00:27:50.559+0000] {dag.py:4180} INFO - Setting next_dagrun for example_skip_dag to 2024-11-12 00:00:00+00:00, run_after=2024-11-13 00:00:00+00:00
[2024-11-13T00:27:50.582+0000] {processor.py:208} INFO - Processing /home/airflow/.local/lib/python3.12/site-packages/airflow/example_dags/example_skip_dag.py took 0.086 seconds
[2024-11-13T00:28:21.004+0000] {processor.py:186} INFO - Started process (PID=14369) to work on /home/airflow/.local/lib/python3.12/site-packages/airflow/example_dags/example_skip_dag.py
[2024-11-13T00:28:21.006+0000] {processor.py:914} INFO - Processing file /home/airflow/.local/lib/python3.12/site-packages/airflow/example_dags/example_skip_dag.py for tasks to queue
[2024-11-13T00:28:21.008+0000] {logging_mixin.py:190} INFO - [2024-11-13T00:28:21.007+0000] {dagbag.py:588} INFO - Filling up the DagBag from /home/airflow/.local/lib/python3.12/site-packages/airflow/example_dags/example_skip_dag.py
[2024-11-13T00:28:21.034+0000] {processor.py:925} INFO - DAG(s) 'example_skip_dag' retrieved from /home/airflow/.local/lib/python3.12/site-packages/airflow/example_dags/example_skip_dag.py
[2024-11-13T00:28:21.080+0000] {logging_mixin.py:190} INFO - [2024-11-13T00:28:21.079+0000] {dag.py:3239} INFO - Sync 1 DAGs
[2024-11-13T00:28:21.115+0000] {logging_mixin.py:190} INFO - [2024-11-13T00:28:21.115+0000] {dag.py:4180} INFO - Setting next_dagrun for example_skip_dag to 2024-11-12 00:00:00+00:00, run_after=2024-11-13 00:00:00+00:00
[2024-11-13T00:28:21.137+0000] {processor.py:208} INFO - Processing /home/airflow/.local/lib/python3.12/site-packages/airflow/example_dags/example_skip_dag.py took 0.147 seconds
[2024-11-13T00:28:52.177+0000] {processor.py:186} INFO - Started process (PID=14433) to work on /home/airflow/.local/lib/python3.12/site-packages/airflow/example_dags/example_skip_dag.py
[2024-11-13T00:28:52.179+0000] {processor.py:914} INFO - Processing file /home/airflow/.local/lib/python3.12/site-packages/airflow/example_dags/example_skip_dag.py for tasks to queue
[2024-11-13T00:28:52.180+0000] {logging_mixin.py:190} INFO - [2024-11-13T00:28:52.180+0000] {dagbag.py:588} INFO - Filling up the DagBag from /home/airflow/.local/lib/python3.12/site-packages/airflow/example_dags/example_skip_dag.py
[2024-11-13T00:28:52.191+0000] {processor.py:925} INFO - DAG(s) 'example_skip_dag' retrieved from /home/airflow/.local/lib/python3.12/site-packages/airflow/example_dags/example_skip_dag.py
[2024-11-13T00:28:52.214+0000] {logging_mixin.py:190} INFO - [2024-11-13T00:28:52.214+0000] {dag.py:3239} INFO - Sync 1 DAGs
[2024-11-13T00:28:52.237+0000] {logging_mixin.py:190} INFO - [2024-11-13T00:28:52.236+0000] {dag.py:4180} INFO - Setting next_dagrun for example_skip_dag to 2024-11-12 00:00:00+00:00, run_after=2024-11-13 00:00:00+00:00
[2024-11-13T00:28:52.261+0000] {processor.py:208} INFO - Processing /home/airflow/.local/lib/python3.12/site-packages/airflow/example_dags/example_skip_dag.py took 0.090 seconds
[2024-11-13T00:29:22.391+0000] {processor.py:186} INFO - Started process (PID=14497) to work on /home/airflow/.local/lib/python3.12/site-packages/airflow/example_dags/example_skip_dag.py
[2024-11-13T00:29:22.393+0000] {processor.py:914} INFO - Processing file /home/airflow/.local/lib/python3.12/site-packages/airflow/example_dags/example_skip_dag.py for tasks to queue
[2024-11-13T00:29:22.395+0000] {logging_mixin.py:190} INFO - [2024-11-13T00:29:22.394+0000] {dagbag.py:588} INFO - Filling up the DagBag from /home/airflow/.local/lib/python3.12/site-packages/airflow/example_dags/example_skip_dag.py
[2024-11-13T00:29:22.407+0000] {processor.py:925} INFO - DAG(s) 'example_skip_dag' retrieved from /home/airflow/.local/lib/python3.12/site-packages/airflow/example_dags/example_skip_dag.py
[2024-11-13T00:29:22.436+0000] {logging_mixin.py:190} INFO - [2024-11-13T00:29:22.435+0000] {dag.py:3239} INFO - Sync 1 DAGs
[2024-11-13T00:29:22.460+0000] {logging_mixin.py:190} INFO - [2024-11-13T00:29:22.460+0000] {dag.py:4180} INFO - Setting next_dagrun for example_skip_dag to 2024-11-12 00:00:00+00:00, run_after=2024-11-13 00:00:00+00:00
[2024-11-13T00:29:22.488+0000] {processor.py:208} INFO - Processing /home/airflow/.local/lib/python3.12/site-packages/airflow/example_dags/example_skip_dag.py took 0.105 seconds
[2024-11-13T00:29:52.686+0000] {processor.py:186} INFO - Started process (PID=14561) to work on /home/airflow/.local/lib/python3.12/site-packages/airflow/example_dags/example_skip_dag.py
[2024-11-13T00:29:52.687+0000] {processor.py:914} INFO - Processing file /home/airflow/.local/lib/python3.12/site-packages/airflow/example_dags/example_skip_dag.py for tasks to queue
[2024-11-13T00:29:52.690+0000] {logging_mixin.py:190} INFO - [2024-11-13T00:29:52.689+0000] {dagbag.py:588} INFO - Filling up the DagBag from /home/airflow/.local/lib/python3.12/site-packages/airflow/example_dags/example_skip_dag.py
[2024-11-13T00:29:52.703+0000] {processor.py:925} INFO - DAG(s) 'example_skip_dag' retrieved from /home/airflow/.local/lib/python3.12/site-packages/airflow/example_dags/example_skip_dag.py
[2024-11-13T00:29:52.731+0000] {logging_mixin.py:190} INFO - [2024-11-13T00:29:52.731+0000] {dag.py:3239} INFO - Sync 1 DAGs
[2024-11-13T00:29:52.755+0000] {logging_mixin.py:190} INFO - [2024-11-13T00:29:52.754+0000] {dag.py:4180} INFO - Setting next_dagrun for example_skip_dag to 2024-11-12 00:00:00+00:00, run_after=2024-11-13 00:00:00+00:00
[2024-11-13T00:29:52.777+0000] {processor.py:208} INFO - Processing /home/airflow/.local/lib/python3.12/site-packages/airflow/example_dags/example_skip_dag.py took 0.101 seconds
[2024-11-13T00:30:22.964+0000] {processor.py:186} INFO - Started process (PID=14625) to work on /home/airflow/.local/lib/python3.12/site-packages/airflow/example_dags/example_skip_dag.py
[2024-11-13T00:30:22.965+0000] {processor.py:914} INFO - Processing file /home/airflow/.local/lib/python3.12/site-packages/airflow/example_dags/example_skip_dag.py for tasks to queue
[2024-11-13T00:30:22.966+0000] {logging_mixin.py:190} INFO - [2024-11-13T00:30:22.966+0000] {dagbag.py:588} INFO - Filling up the DagBag from /home/airflow/.local/lib/python3.12/site-packages/airflow/example_dags/example_skip_dag.py
[2024-11-13T00:30:22.975+0000] {processor.py:925} INFO - DAG(s) 'example_skip_dag' retrieved from /home/airflow/.local/lib/python3.12/site-packages/airflow/example_dags/example_skip_dag.py
[2024-11-13T00:30:22.999+0000] {logging_mixin.py:190} INFO - [2024-11-13T00:30:22.999+0000] {dag.py:3239} INFO - Sync 1 DAGs
[2024-11-13T00:30:23.036+0000] {logging_mixin.py:190} INFO - [2024-11-13T00:30:23.035+0000] {dag.py:4180} INFO - Setting next_dagrun for example_skip_dag to 2024-11-12 00:00:00+00:00, run_after=2024-11-13 00:00:00+00:00
[2024-11-13T00:30:23.066+0000] {processor.py:208} INFO - Processing /home/airflow/.local/lib/python3.12/site-packages/airflow/example_dags/example_skip_dag.py took 0.110 seconds
[2024-11-13T00:30:53.407+0000] {processor.py:186} INFO - Started process (PID=14689) to work on /home/airflow/.local/lib/python3.12/site-packages/airflow/example_dags/example_skip_dag.py
[2024-11-13T00:30:53.407+0000] {processor.py:914} INFO - Processing file /home/airflow/.local/lib/python3.12/site-packages/airflow/example_dags/example_skip_dag.py for tasks to queue
[2024-11-13T00:30:53.409+0000] {logging_mixin.py:190} INFO - [2024-11-13T00:30:53.409+0000] {dagbag.py:588} INFO - Filling up the DagBag from /home/airflow/.local/lib/python3.12/site-packages/airflow/example_dags/example_skip_dag.py
[2024-11-13T00:30:53.422+0000] {processor.py:925} INFO - DAG(s) 'example_skip_dag' retrieved from /home/airflow/.local/lib/python3.12/site-packages/airflow/example_dags/example_skip_dag.py
[2024-11-13T00:30:53.447+0000] {logging_mixin.py:190} INFO - [2024-11-13T00:30:53.447+0000] {dag.py:3239} INFO - Sync 1 DAGs
[2024-11-13T00:30:53.472+0000] {logging_mixin.py:190} INFO - [2024-11-13T00:30:53.471+0000] {dag.py:4180} INFO - Setting next_dagrun for example_skip_dag to 2024-11-12 00:00:00+00:00, run_after=2024-11-13 00:00:00+00:00
[2024-11-13T00:30:53.506+0000] {processor.py:208} INFO - Processing /home/airflow/.local/lib/python3.12/site-packages/airflow/example_dags/example_skip_dag.py took 0.110 seconds
[2024-11-13T00:31:24.308+0000] {processor.py:186} INFO - Started process (PID=14753) to work on /home/airflow/.local/lib/python3.12/site-packages/airflow/example_dags/example_skip_dag.py
[2024-11-13T00:31:24.309+0000] {processor.py:914} INFO - Processing file /home/airflow/.local/lib/python3.12/site-packages/airflow/example_dags/example_skip_dag.py for tasks to queue
[2024-11-13T00:31:24.310+0000] {logging_mixin.py:190} INFO - [2024-11-13T00:31:24.310+0000] {dagbag.py:588} INFO - Filling up the DagBag from /home/airflow/.local/lib/python3.12/site-packages/airflow/example_dags/example_skip_dag.py
[2024-11-13T00:31:24.323+0000] {processor.py:925} INFO - DAG(s) 'example_skip_dag' retrieved from /home/airflow/.local/lib/python3.12/site-packages/airflow/example_dags/example_skip_dag.py
[2024-11-13T00:31:24.350+0000] {logging_mixin.py:190} INFO - [2024-11-13T00:31:24.349+0000] {dag.py:3239} INFO - Sync 1 DAGs
[2024-11-13T00:31:24.379+0000] {logging_mixin.py:190} INFO - [2024-11-13T00:31:24.378+0000] {dag.py:4180} INFO - Setting next_dagrun for example_skip_dag to 2024-11-12 00:00:00+00:00, run_after=2024-11-13 00:00:00+00:00
[2024-11-13T00:31:24.413+0000] {processor.py:208} INFO - Processing /home/airflow/.local/lib/python3.12/site-packages/airflow/example_dags/example_skip_dag.py took 0.116 seconds
