[2024-11-13T00:00:18.123+0000] {processor.py:186} INFO - Started process (PID=10901) to work on /home/airflow/.local/lib/python3.12/site-packages/airflow/example_dags/example_complex.py
[2024-11-13T00:00:18.124+0000] {processor.py:914} INFO - Processing file /home/airflow/.local/lib/python3.12/site-packages/airflow/example_dags/example_complex.py for tasks to queue
[2024-11-13T00:00:18.125+0000] {logging_mixin.py:190} INFO - [2024-11-13T00:00:18.125+0000] {dagbag.py:588} INFO - Filling up the DagBag from /home/airflow/.local/lib/python3.12/site-packages/airflow/example_dags/example_complex.py
[2024-11-13T00:00:18.146+0000] {processor.py:925} INFO - DAG(s) 'example_complex' retrieved from /home/airflow/.local/lib/python3.12/site-packages/airflow/example_dags/example_complex.py
[2024-11-13T00:00:18.207+0000] {logging_mixin.py:190} INFO - [2024-11-13T00:00:18.207+0000] {dag.py:3239} INFO - Sync 1 DAGs
[2024-11-13T00:00:18.236+0000] {logging_mixin.py:190} INFO - [2024-11-13T00:00:18.235+0000] {dag.py:4180} INFO - Setting next_dagrun for example_complex to None, run_after=None
[2024-11-13T00:00:18.268+0000] {processor.py:208} INFO - Processing /home/airflow/.local/lib/python3.12/site-packages/airflow/example_dags/example_complex.py took 0.152 seconds
[2024-11-13T00:00:49.163+0000] {processor.py:186} INFO - Started process (PID=10965) to work on /home/airflow/.local/lib/python3.12/site-packages/airflow/example_dags/example_complex.py
[2024-11-13T00:00:49.164+0000] {processor.py:914} INFO - Processing file /home/airflow/.local/lib/python3.12/site-packages/airflow/example_dags/example_complex.py for tasks to queue
[2024-11-13T00:00:49.166+0000] {logging_mixin.py:190} INFO - [2024-11-13T00:00:49.165+0000] {dagbag.py:588} INFO - Filling up the DagBag from /home/airflow/.local/lib/python3.12/site-packages/airflow/example_dags/example_complex.py
[2024-11-13T00:00:49.188+0000] {processor.py:925} INFO - DAG(s) 'example_complex' retrieved from /home/airflow/.local/lib/python3.12/site-packages/airflow/example_dags/example_complex.py
[2024-11-13T00:00:49.248+0000] {logging_mixin.py:190} INFO - [2024-11-13T00:00:49.248+0000] {dag.py:3239} INFO - Sync 1 DAGs
[2024-11-13T00:00:49.271+0000] {logging_mixin.py:190} INFO - [2024-11-13T00:00:49.270+0000] {dag.py:4180} INFO - Setting next_dagrun for example_complex to None, run_after=None
[2024-11-13T00:00:49.317+0000] {processor.py:208} INFO - Processing /home/airflow/.local/lib/python3.12/site-packages/airflow/example_dags/example_complex.py took 0.169 seconds
[2024-11-13T00:01:20.151+0000] {processor.py:186} INFO - Started process (PID=11029) to work on /home/airflow/.local/lib/python3.12/site-packages/airflow/example_dags/example_complex.py
[2024-11-13T00:01:20.152+0000] {processor.py:914} INFO - Processing file /home/airflow/.local/lib/python3.12/site-packages/airflow/example_dags/example_complex.py for tasks to queue
[2024-11-13T00:01:20.153+0000] {logging_mixin.py:190} INFO - [2024-11-13T00:01:20.153+0000] {dagbag.py:588} INFO - Filling up the DagBag from /home/airflow/.local/lib/python3.12/site-packages/airflow/example_dags/example_complex.py
[2024-11-13T00:01:20.167+0000] {processor.py:925} INFO - DAG(s) 'example_complex' retrieved from /home/airflow/.local/lib/python3.12/site-packages/airflow/example_dags/example_complex.py
[2024-11-13T00:01:20.197+0000] {logging_mixin.py:190} INFO - [2024-11-13T00:01:20.197+0000] {dag.py:3239} INFO - Sync 1 DAGs
[2024-11-13T00:01:20.210+0000] {logging_mixin.py:190} INFO - [2024-11-13T00:01:20.210+0000] {dag.py:4180} INFO - Setting next_dagrun for example_complex to None, run_after=None
[2024-11-13T00:01:20.235+0000] {processor.py:208} INFO - Processing /home/airflow/.local/lib/python3.12/site-packages/airflow/example_dags/example_complex.py took 0.093 seconds
[2024-11-13T00:01:50.647+0000] {processor.py:186} INFO - Started process (PID=11092) to work on /home/airflow/.local/lib/python3.12/site-packages/airflow/example_dags/example_complex.py
[2024-11-13T00:01:50.648+0000] {processor.py:914} INFO - Processing file /home/airflow/.local/lib/python3.12/site-packages/airflow/example_dags/example_complex.py for tasks to queue
[2024-11-13T00:01:50.651+0000] {logging_mixin.py:190} INFO - [2024-11-13T00:01:50.650+0000] {dagbag.py:588} INFO - Filling up the DagBag from /home/airflow/.local/lib/python3.12/site-packages/airflow/example_dags/example_complex.py
[2024-11-13T00:01:50.687+0000] {processor.py:925} INFO - DAG(s) 'example_complex' retrieved from /home/airflow/.local/lib/python3.12/site-packages/airflow/example_dags/example_complex.py
[2024-11-13T00:01:50.772+0000] {logging_mixin.py:190} INFO - [2024-11-13T00:01:50.772+0000] {dag.py:3239} INFO - Sync 1 DAGs
[2024-11-13T00:01:50.809+0000] {logging_mixin.py:190} INFO - [2024-11-13T00:01:50.808+0000] {dag.py:4180} INFO - Setting next_dagrun for example_complex to None, run_after=None
[2024-11-13T00:01:50.844+0000] {processor.py:208} INFO - Processing /home/airflow/.local/lib/python3.12/site-packages/airflow/example_dags/example_complex.py took 0.211 seconds
[2024-11-13T00:02:21.484+0000] {processor.py:186} INFO - Started process (PID=11156) to work on /home/airflow/.local/lib/python3.12/site-packages/airflow/example_dags/example_complex.py
[2024-11-13T00:02:21.485+0000] {processor.py:914} INFO - Processing file /home/airflow/.local/lib/python3.12/site-packages/airflow/example_dags/example_complex.py for tasks to queue
[2024-11-13T00:02:21.486+0000] {logging_mixin.py:190} INFO - [2024-11-13T00:02:21.486+0000] {dagbag.py:588} INFO - Filling up the DagBag from /home/airflow/.local/lib/python3.12/site-packages/airflow/example_dags/example_complex.py
[2024-11-13T00:02:21.498+0000] {processor.py:925} INFO - DAG(s) 'example_complex' retrieved from /home/airflow/.local/lib/python3.12/site-packages/airflow/example_dags/example_complex.py
[2024-11-13T00:02:21.579+0000] {logging_mixin.py:190} INFO - [2024-11-13T00:02:21.579+0000] {dag.py:3239} INFO - Sync 1 DAGs
[2024-11-13T00:02:21.593+0000] {logging_mixin.py:190} INFO - [2024-11-13T00:02:21.592+0000] {dag.py:4180} INFO - Setting next_dagrun for example_complex to None, run_after=None
[2024-11-13T00:02:21.675+0000] {processor.py:208} INFO - Processing /home/airflow/.local/lib/python3.12/site-packages/airflow/example_dags/example_complex.py took 0.199 seconds
[2024-11-13T00:02:52.308+0000] {processor.py:186} INFO - Started process (PID=11221) to work on /home/airflow/.local/lib/python3.12/site-packages/airflow/example_dags/example_complex.py
[2024-11-13T00:02:52.309+0000] {processor.py:914} INFO - Processing file /home/airflow/.local/lib/python3.12/site-packages/airflow/example_dags/example_complex.py for tasks to queue
[2024-11-13T00:02:52.310+0000] {logging_mixin.py:190} INFO - [2024-11-13T00:02:52.310+0000] {dagbag.py:588} INFO - Filling up the DagBag from /home/airflow/.local/lib/python3.12/site-packages/airflow/example_dags/example_complex.py
[2024-11-13T00:02:52.321+0000] {processor.py:925} INFO - DAG(s) 'example_complex' retrieved from /home/airflow/.local/lib/python3.12/site-packages/airflow/example_dags/example_complex.py
[2024-11-13T00:02:52.357+0000] {logging_mixin.py:190} INFO - [2024-11-13T00:02:52.356+0000] {dag.py:3239} INFO - Sync 1 DAGs
[2024-11-13T00:02:52.370+0000] {logging_mixin.py:190} INFO - [2024-11-13T00:02:52.370+0000] {dag.py:4180} INFO - Setting next_dagrun for example_complex to None, run_after=None
[2024-11-13T00:02:52.396+0000] {processor.py:208} INFO - Processing /home/airflow/.local/lib/python3.12/site-packages/airflow/example_dags/example_complex.py took 0.096 seconds
[2024-11-13T00:03:23.058+0000] {processor.py:186} INFO - Started process (PID=11285) to work on /home/airflow/.local/lib/python3.12/site-packages/airflow/example_dags/example_complex.py
[2024-11-13T00:03:23.060+0000] {processor.py:914} INFO - Processing file /home/airflow/.local/lib/python3.12/site-packages/airflow/example_dags/example_complex.py for tasks to queue
[2024-11-13T00:03:23.063+0000] {logging_mixin.py:190} INFO - [2024-11-13T00:03:23.063+0000] {dagbag.py:588} INFO - Filling up the DagBag from /home/airflow/.local/lib/python3.12/site-packages/airflow/example_dags/example_complex.py
[2024-11-13T00:03:23.080+0000] {processor.py:925} INFO - DAG(s) 'example_complex' retrieved from /home/airflow/.local/lib/python3.12/site-packages/airflow/example_dags/example_complex.py
[2024-11-13T00:03:23.128+0000] {logging_mixin.py:190} INFO - [2024-11-13T00:03:23.126+0000] {dag.py:3239} INFO - Sync 1 DAGs
[2024-11-13T00:03:23.153+0000] {logging_mixin.py:190} INFO - [2024-11-13T00:03:23.152+0000] {dag.py:4180} INFO - Setting next_dagrun for example_complex to None, run_after=None
[2024-11-13T00:03:23.188+0000] {processor.py:208} INFO - Processing /home/airflow/.local/lib/python3.12/site-packages/airflow/example_dags/example_complex.py took 0.139 seconds
[2024-11-13T00:03:53.914+0000] {processor.py:186} INFO - Started process (PID=11349) to work on /home/airflow/.local/lib/python3.12/site-packages/airflow/example_dags/example_complex.py
[2024-11-13T00:03:53.915+0000] {processor.py:914} INFO - Processing file /home/airflow/.local/lib/python3.12/site-packages/airflow/example_dags/example_complex.py for tasks to queue
[2024-11-13T00:03:53.916+0000] {logging_mixin.py:190} INFO - [2024-11-13T00:03:53.916+0000] {dagbag.py:588} INFO - Filling up the DagBag from /home/airflow/.local/lib/python3.12/site-packages/airflow/example_dags/example_complex.py
[2024-11-13T00:03:53.935+0000] {processor.py:925} INFO - DAG(s) 'example_complex' retrieved from /home/airflow/.local/lib/python3.12/site-packages/airflow/example_dags/example_complex.py
[2024-11-13T00:03:53.977+0000] {logging_mixin.py:190} INFO - [2024-11-13T00:03:53.976+0000] {dag.py:3239} INFO - Sync 1 DAGs
[2024-11-13T00:03:54.002+0000] {logging_mixin.py:190} INFO - [2024-11-13T00:03:54.001+0000] {dag.py:4180} INFO - Setting next_dagrun for example_complex to None, run_after=None
[2024-11-13T00:03:54.030+0000] {processor.py:208} INFO - Processing /home/airflow/.local/lib/python3.12/site-packages/airflow/example_dags/example_complex.py took 0.123 seconds
[2024-11-13T00:04:24.292+0000] {processor.py:186} INFO - Started process (PID=11413) to work on /home/airflow/.local/lib/python3.12/site-packages/airflow/example_dags/example_complex.py
[2024-11-13T00:04:24.293+0000] {processor.py:914} INFO - Processing file /home/airflow/.local/lib/python3.12/site-packages/airflow/example_dags/example_complex.py for tasks to queue
[2024-11-13T00:04:24.295+0000] {logging_mixin.py:190} INFO - [2024-11-13T00:04:24.295+0000] {dagbag.py:588} INFO - Filling up the DagBag from /home/airflow/.local/lib/python3.12/site-packages/airflow/example_dags/example_complex.py
[2024-11-13T00:04:24.309+0000] {processor.py:925} INFO - DAG(s) 'example_complex' retrieved from /home/airflow/.local/lib/python3.12/site-packages/airflow/example_dags/example_complex.py
[2024-11-13T00:04:24.344+0000] {logging_mixin.py:190} INFO - [2024-11-13T00:04:24.343+0000] {dag.py:3239} INFO - Sync 1 DAGs
[2024-11-13T00:04:24.359+0000] {logging_mixin.py:190} INFO - [2024-11-13T00:04:24.359+0000] {dag.py:4180} INFO - Setting next_dagrun for example_complex to None, run_after=None
[2024-11-13T00:04:24.382+0000] {processor.py:208} INFO - Processing /home/airflow/.local/lib/python3.12/site-packages/airflow/example_dags/example_complex.py took 0.101 seconds
[2024-11-13T00:04:54.795+0000] {processor.py:186} INFO - Started process (PID=11477) to work on /home/airflow/.local/lib/python3.12/site-packages/airflow/example_dags/example_complex.py
[2024-11-13T00:04:54.796+0000] {processor.py:914} INFO - Processing file /home/airflow/.local/lib/python3.12/site-packages/airflow/example_dags/example_complex.py for tasks to queue
[2024-11-13T00:04:54.799+0000] {logging_mixin.py:190} INFO - [2024-11-13T00:04:54.798+0000] {dagbag.py:588} INFO - Filling up the DagBag from /home/airflow/.local/lib/python3.12/site-packages/airflow/example_dags/example_complex.py
[2024-11-13T00:04:54.829+0000] {processor.py:925} INFO - DAG(s) 'example_complex' retrieved from /home/airflow/.local/lib/python3.12/site-packages/airflow/example_dags/example_complex.py
[2024-11-13T00:04:54.892+0000] {logging_mixin.py:190} INFO - [2024-11-13T00:04:54.892+0000] {dag.py:3239} INFO - Sync 1 DAGs
[2024-11-13T00:04:54.925+0000] {logging_mixin.py:190} INFO - [2024-11-13T00:04:54.924+0000] {dag.py:4180} INFO - Setting next_dagrun for example_complex to None, run_after=None
[2024-11-13T00:04:54.960+0000] {processor.py:208} INFO - Processing /home/airflow/.local/lib/python3.12/site-packages/airflow/example_dags/example_complex.py took 0.187 seconds
[2024-11-13T00:05:25.815+0000] {processor.py:186} INFO - Started process (PID=11541) to work on /home/airflow/.local/lib/python3.12/site-packages/airflow/example_dags/example_complex.py
[2024-11-13T00:05:25.817+0000] {processor.py:914} INFO - Processing file /home/airflow/.local/lib/python3.12/site-packages/airflow/example_dags/example_complex.py for tasks to queue
[2024-11-13T00:05:25.820+0000] {logging_mixin.py:190} INFO - [2024-11-13T00:05:25.819+0000] {dagbag.py:588} INFO - Filling up the DagBag from /home/airflow/.local/lib/python3.12/site-packages/airflow/example_dags/example_complex.py
[2024-11-13T00:05:25.844+0000] {processor.py:925} INFO - DAG(s) 'example_complex' retrieved from /home/airflow/.local/lib/python3.12/site-packages/airflow/example_dags/example_complex.py
[2024-11-13T00:05:25.888+0000] {logging_mixin.py:190} INFO - [2024-11-13T00:05:25.887+0000] {dag.py:3239} INFO - Sync 1 DAGs
[2024-11-13T00:05:25.914+0000] {logging_mixin.py:190} INFO - [2024-11-13T00:05:25.914+0000] {dag.py:4180} INFO - Setting next_dagrun for example_complex to None, run_after=None
[2024-11-13T00:05:25.947+0000] {processor.py:208} INFO - Processing /home/airflow/.local/lib/python3.12/site-packages/airflow/example_dags/example_complex.py took 0.141 seconds
[2024-11-13T00:05:56.195+0000] {processor.py:186} INFO - Started process (PID=11606) to work on /home/airflow/.local/lib/python3.12/site-packages/airflow/example_dags/example_complex.py
[2024-11-13T00:05:56.197+0000] {processor.py:914} INFO - Processing file /home/airflow/.local/lib/python3.12/site-packages/airflow/example_dags/example_complex.py for tasks to queue
[2024-11-13T00:05:56.203+0000] {logging_mixin.py:190} INFO - [2024-11-13T00:05:56.201+0000] {dagbag.py:588} INFO - Filling up the DagBag from /home/airflow/.local/lib/python3.12/site-packages/airflow/example_dags/example_complex.py
[2024-11-13T00:05:56.223+0000] {processor.py:925} INFO - DAG(s) 'example_complex' retrieved from /home/airflow/.local/lib/python3.12/site-packages/airflow/example_dags/example_complex.py
[2024-11-13T00:05:56.286+0000] {logging_mixin.py:190} INFO - [2024-11-13T00:05:56.286+0000] {dag.py:3239} INFO - Sync 1 DAGs
[2024-11-13T00:05:56.308+0000] {logging_mixin.py:190} INFO - [2024-11-13T00:05:56.308+0000] {dag.py:4180} INFO - Setting next_dagrun for example_complex to None, run_after=None
[2024-11-13T00:05:56.341+0000] {processor.py:208} INFO - Processing /home/airflow/.local/lib/python3.12/site-packages/airflow/example_dags/example_complex.py took 0.157 seconds
[2024-11-13T00:06:26.749+0000] {processor.py:186} INFO - Started process (PID=11670) to work on /home/airflow/.local/lib/python3.12/site-packages/airflow/example_dags/example_complex.py
[2024-11-13T00:06:26.752+0000] {processor.py:914} INFO - Processing file /home/airflow/.local/lib/python3.12/site-packages/airflow/example_dags/example_complex.py for tasks to queue
[2024-11-13T00:06:26.755+0000] {logging_mixin.py:190} INFO - [2024-11-13T00:06:26.755+0000] {dagbag.py:588} INFO - Filling up the DagBag from /home/airflow/.local/lib/python3.12/site-packages/airflow/example_dags/example_complex.py
[2024-11-13T00:06:26.815+0000] {processor.py:925} INFO - DAG(s) 'example_complex' retrieved from /home/airflow/.local/lib/python3.12/site-packages/airflow/example_dags/example_complex.py
[2024-11-13T00:06:26.881+0000] {logging_mixin.py:190} INFO - [2024-11-13T00:06:26.881+0000] {dag.py:3239} INFO - Sync 1 DAGs
[2024-11-13T00:06:26.911+0000] {logging_mixin.py:190} INFO - [2024-11-13T00:06:26.910+0000] {dag.py:4180} INFO - Setting next_dagrun for example_complex to None, run_after=None
[2024-11-13T00:06:26.952+0000] {processor.py:208} INFO - Processing /home/airflow/.local/lib/python3.12/site-packages/airflow/example_dags/example_complex.py took 0.223 seconds
[2024-11-13T00:06:57.211+0000] {processor.py:186} INFO - Started process (PID=11734) to work on /home/airflow/.local/lib/python3.12/site-packages/airflow/example_dags/example_complex.py
[2024-11-13T00:06:57.212+0000] {processor.py:914} INFO - Processing file /home/airflow/.local/lib/python3.12/site-packages/airflow/example_dags/example_complex.py for tasks to queue
[2024-11-13T00:06:57.213+0000] {logging_mixin.py:190} INFO - [2024-11-13T00:06:57.213+0000] {dagbag.py:588} INFO - Filling up the DagBag from /home/airflow/.local/lib/python3.12/site-packages/airflow/example_dags/example_complex.py
[2024-11-13T00:06:57.224+0000] {processor.py:925} INFO - DAG(s) 'example_complex' retrieved from /home/airflow/.local/lib/python3.12/site-packages/airflow/example_dags/example_complex.py
[2024-11-13T00:06:57.255+0000] {logging_mixin.py:190} INFO - [2024-11-13T00:06:57.255+0000] {dag.py:3239} INFO - Sync 1 DAGs
[2024-11-13T00:06:57.269+0000] {logging_mixin.py:190} INFO - [2024-11-13T00:06:57.269+0000] {dag.py:4180} INFO - Setting next_dagrun for example_complex to None, run_after=None
[2024-11-13T00:06:57.292+0000] {processor.py:208} INFO - Processing /home/airflow/.local/lib/python3.12/site-packages/airflow/example_dags/example_complex.py took 0.087 seconds
[2024-11-13T00:07:28.153+0000] {processor.py:186} INFO - Started process (PID=11798) to work on /home/airflow/.local/lib/python3.12/site-packages/airflow/example_dags/example_complex.py
[2024-11-13T00:07:28.154+0000] {processor.py:914} INFO - Processing file /home/airflow/.local/lib/python3.12/site-packages/airflow/example_dags/example_complex.py for tasks to queue
[2024-11-13T00:07:28.155+0000] {logging_mixin.py:190} INFO - [2024-11-13T00:07:28.155+0000] {dagbag.py:588} INFO - Filling up the DagBag from /home/airflow/.local/lib/python3.12/site-packages/airflow/example_dags/example_complex.py
[2024-11-13T00:07:28.167+0000] {processor.py:925} INFO - DAG(s) 'example_complex' retrieved from /home/airflow/.local/lib/python3.12/site-packages/airflow/example_dags/example_complex.py
[2024-11-13T00:07:28.199+0000] {logging_mixin.py:190} INFO - [2024-11-13T00:07:28.199+0000] {dag.py:3239} INFO - Sync 1 DAGs
[2024-11-13T00:07:28.215+0000] {logging_mixin.py:190} INFO - [2024-11-13T00:07:28.215+0000] {dag.py:4180} INFO - Setting next_dagrun for example_complex to None, run_after=None
[2024-11-13T00:07:28.239+0000] {processor.py:208} INFO - Processing /home/airflow/.local/lib/python3.12/site-packages/airflow/example_dags/example_complex.py took 0.093 seconds
[2024-11-13T00:07:59.035+0000] {processor.py:186} INFO - Started process (PID=11862) to work on /home/airflow/.local/lib/python3.12/site-packages/airflow/example_dags/example_complex.py
[2024-11-13T00:07:59.036+0000] {processor.py:914} INFO - Processing file /home/airflow/.local/lib/python3.12/site-packages/airflow/example_dags/example_complex.py for tasks to queue
[2024-11-13T00:07:59.038+0000] {logging_mixin.py:190} INFO - [2024-11-13T00:07:59.037+0000] {dagbag.py:588} INFO - Filling up the DagBag from /home/airflow/.local/lib/python3.12/site-packages/airflow/example_dags/example_complex.py
[2024-11-13T00:07:59.052+0000] {processor.py:925} INFO - DAG(s) 'example_complex' retrieved from /home/airflow/.local/lib/python3.12/site-packages/airflow/example_dags/example_complex.py
[2024-11-13T00:07:59.089+0000] {logging_mixin.py:190} INFO - [2024-11-13T00:07:59.089+0000] {dag.py:3239} INFO - Sync 1 DAGs
[2024-11-13T00:07:59.116+0000] {logging_mixin.py:190} INFO - [2024-11-13T00:07:59.115+0000] {dag.py:4180} INFO - Setting next_dagrun for example_complex to None, run_after=None
[2024-11-13T00:07:59.149+0000] {processor.py:208} INFO - Processing /home/airflow/.local/lib/python3.12/site-packages/airflow/example_dags/example_complex.py took 0.122 seconds
[2024-11-13T00:08:29.491+0000] {processor.py:186} INFO - Started process (PID=11927) to work on /home/airflow/.local/lib/python3.12/site-packages/airflow/example_dags/example_complex.py
[2024-11-13T00:08:29.494+0000] {processor.py:914} INFO - Processing file /home/airflow/.local/lib/python3.12/site-packages/airflow/example_dags/example_complex.py for tasks to queue
[2024-11-13T00:08:29.495+0000] {logging_mixin.py:190} INFO - [2024-11-13T00:08:29.495+0000] {dagbag.py:588} INFO - Filling up the DagBag from /home/airflow/.local/lib/python3.12/site-packages/airflow/example_dags/example_complex.py
[2024-11-13T00:08:29.512+0000] {processor.py:925} INFO - DAG(s) 'example_complex' retrieved from /home/airflow/.local/lib/python3.12/site-packages/airflow/example_dags/example_complex.py
[2024-11-13T00:08:29.546+0000] {logging_mixin.py:190} INFO - [2024-11-13T00:08:29.546+0000] {dag.py:3239} INFO - Sync 1 DAGs
[2024-11-13T00:08:29.562+0000] {logging_mixin.py:190} INFO - [2024-11-13T00:08:29.562+0000] {dag.py:4180} INFO - Setting next_dagrun for example_complex to None, run_after=None
[2024-11-13T00:08:29.586+0000] {processor.py:208} INFO - Processing /home/airflow/.local/lib/python3.12/site-packages/airflow/example_dags/example_complex.py took 0.107 seconds
[2024-11-13T00:09:00.106+0000] {processor.py:186} INFO - Started process (PID=11989) to work on /home/airflow/.local/lib/python3.12/site-packages/airflow/example_dags/example_complex.py
[2024-11-13T00:09:00.107+0000] {processor.py:914} INFO - Processing file /home/airflow/.local/lib/python3.12/site-packages/airflow/example_dags/example_complex.py for tasks to queue
[2024-11-13T00:09:00.109+0000] {logging_mixin.py:190} INFO - [2024-11-13T00:09:00.108+0000] {dagbag.py:588} INFO - Filling up the DagBag from /home/airflow/.local/lib/python3.12/site-packages/airflow/example_dags/example_complex.py
[2024-11-13T00:09:00.137+0000] {processor.py:925} INFO - DAG(s) 'example_complex' retrieved from /home/airflow/.local/lib/python3.12/site-packages/airflow/example_dags/example_complex.py
[2024-11-13T00:09:00.197+0000] {logging_mixin.py:190} INFO - [2024-11-13T00:09:00.197+0000] {dag.py:3239} INFO - Sync 1 DAGs
[2024-11-13T00:09:00.235+0000] {logging_mixin.py:190} INFO - [2024-11-13T00:09:00.234+0000] {dag.py:4180} INFO - Setting next_dagrun for example_complex to None, run_after=None
[2024-11-13T00:09:00.269+0000] {processor.py:208} INFO - Processing /home/airflow/.local/lib/python3.12/site-packages/airflow/example_dags/example_complex.py took 0.172 seconds
[2024-11-13T00:09:30.695+0000] {processor.py:186} INFO - Started process (PID=12053) to work on /home/airflow/.local/lib/python3.12/site-packages/airflow/example_dags/example_complex.py
[2024-11-13T00:09:30.696+0000] {processor.py:914} INFO - Processing file /home/airflow/.local/lib/python3.12/site-packages/airflow/example_dags/example_complex.py for tasks to queue
[2024-11-13T00:09:30.698+0000] {logging_mixin.py:190} INFO - [2024-11-13T00:09:30.698+0000] {dagbag.py:588} INFO - Filling up the DagBag from /home/airflow/.local/lib/python3.12/site-packages/airflow/example_dags/example_complex.py
[2024-11-13T00:09:30.716+0000] {processor.py:925} INFO - DAG(s) 'example_complex' retrieved from /home/airflow/.local/lib/python3.12/site-packages/airflow/example_dags/example_complex.py
[2024-11-13T00:09:30.759+0000] {logging_mixin.py:190} INFO - [2024-11-13T00:09:30.758+0000] {dag.py:3239} INFO - Sync 1 DAGs
[2024-11-13T00:09:30.777+0000] {logging_mixin.py:190} INFO - [2024-11-13T00:09:30.777+0000] {dag.py:4180} INFO - Setting next_dagrun for example_complex to None, run_after=None
[2024-11-13T00:09:30.808+0000] {processor.py:208} INFO - Processing /home/airflow/.local/lib/python3.12/site-packages/airflow/example_dags/example_complex.py took 0.125 seconds
[2024-11-13T00:10:01.334+0000] {processor.py:186} INFO - Started process (PID=12117) to work on /home/airflow/.local/lib/python3.12/site-packages/airflow/example_dags/example_complex.py
[2024-11-13T00:10:01.335+0000] {processor.py:914} INFO - Processing file /home/airflow/.local/lib/python3.12/site-packages/airflow/example_dags/example_complex.py for tasks to queue
[2024-11-13T00:10:01.336+0000] {logging_mixin.py:190} INFO - [2024-11-13T00:10:01.336+0000] {dagbag.py:588} INFO - Filling up the DagBag from /home/airflow/.local/lib/python3.12/site-packages/airflow/example_dags/example_complex.py
[2024-11-13T00:10:01.361+0000] {processor.py:925} INFO - DAG(s) 'example_complex' retrieved from /home/airflow/.local/lib/python3.12/site-packages/airflow/example_dags/example_complex.py
[2024-11-13T00:10:01.401+0000] {logging_mixin.py:190} INFO - [2024-11-13T00:10:01.401+0000] {dag.py:3239} INFO - Sync 1 DAGs
[2024-11-13T00:10:01.417+0000] {logging_mixin.py:190} INFO - [2024-11-13T00:10:01.417+0000] {dag.py:4180} INFO - Setting next_dagrun for example_complex to None, run_after=None
[2024-11-13T00:10:01.440+0000] {processor.py:208} INFO - Processing /home/airflow/.local/lib/python3.12/site-packages/airflow/example_dags/example_complex.py took 0.118 seconds
[2024-11-13T00:10:31.624+0000] {processor.py:186} INFO - Started process (PID=12181) to work on /home/airflow/.local/lib/python3.12/site-packages/airflow/example_dags/example_complex.py
[2024-11-13T00:10:31.625+0000] {processor.py:914} INFO - Processing file /home/airflow/.local/lib/python3.12/site-packages/airflow/example_dags/example_complex.py for tasks to queue
[2024-11-13T00:10:31.630+0000] {logging_mixin.py:190} INFO - [2024-11-13T00:10:31.627+0000] {dagbag.py:588} INFO - Filling up the DagBag from /home/airflow/.local/lib/python3.12/site-packages/airflow/example_dags/example_complex.py
[2024-11-13T00:10:31.641+0000] {processor.py:925} INFO - DAG(s) 'example_complex' retrieved from /home/airflow/.local/lib/python3.12/site-packages/airflow/example_dags/example_complex.py
[2024-11-13T00:10:31.679+0000] {logging_mixin.py:190} INFO - [2024-11-13T00:10:31.678+0000] {dag.py:3239} INFO - Sync 1 DAGs
[2024-11-13T00:10:31.697+0000] {logging_mixin.py:190} INFO - [2024-11-13T00:10:31.696+0000] {dag.py:4180} INFO - Setting next_dagrun for example_complex to None, run_after=None
[2024-11-13T00:10:31.721+0000] {processor.py:208} INFO - Processing /home/airflow/.local/lib/python3.12/site-packages/airflow/example_dags/example_complex.py took 0.105 seconds
[2024-11-13T00:11:01.898+0000] {processor.py:186} INFO - Started process (PID=12245) to work on /home/airflow/.local/lib/python3.12/site-packages/airflow/example_dags/example_complex.py
[2024-11-13T00:11:01.899+0000] {processor.py:914} INFO - Processing file /home/airflow/.local/lib/python3.12/site-packages/airflow/example_dags/example_complex.py for tasks to queue
[2024-11-13T00:11:01.900+0000] {logging_mixin.py:190} INFO - [2024-11-13T00:11:01.900+0000] {dagbag.py:588} INFO - Filling up the DagBag from /home/airflow/.local/lib/python3.12/site-packages/airflow/example_dags/example_complex.py
[2024-11-13T00:11:01.914+0000] {processor.py:925} INFO - DAG(s) 'example_complex' retrieved from /home/airflow/.local/lib/python3.12/site-packages/airflow/example_dags/example_complex.py
[2024-11-13T00:11:01.948+0000] {logging_mixin.py:190} INFO - [2024-11-13T00:11:01.948+0000] {dag.py:3239} INFO - Sync 1 DAGs
[2024-11-13T00:11:01.962+0000] {logging_mixin.py:190} INFO - [2024-11-13T00:11:01.962+0000] {dag.py:4180} INFO - Setting next_dagrun for example_complex to None, run_after=None
[2024-11-13T00:11:01.984+0000] {processor.py:208} INFO - Processing /home/airflow/.local/lib/python3.12/site-packages/airflow/example_dags/example_complex.py took 0.093 seconds
[2024-11-13T00:11:32.203+0000] {processor.py:186} INFO - Started process (PID=12309) to work on /home/airflow/.local/lib/python3.12/site-packages/airflow/example_dags/example_complex.py
[2024-11-13T00:11:32.204+0000] {processor.py:914} INFO - Processing file /home/airflow/.local/lib/python3.12/site-packages/airflow/example_dags/example_complex.py for tasks to queue
[2024-11-13T00:11:32.206+0000] {logging_mixin.py:190} INFO - [2024-11-13T00:11:32.205+0000] {dagbag.py:588} INFO - Filling up the DagBag from /home/airflow/.local/lib/python3.12/site-packages/airflow/example_dags/example_complex.py
[2024-11-13T00:11:32.217+0000] {processor.py:925} INFO - DAG(s) 'example_complex' retrieved from /home/airflow/.local/lib/python3.12/site-packages/airflow/example_dags/example_complex.py
[2024-11-13T00:11:32.248+0000] {logging_mixin.py:190} INFO - [2024-11-13T00:11:32.248+0000] {dag.py:3239} INFO - Sync 1 DAGs
[2024-11-13T00:11:32.262+0000] {logging_mixin.py:190} INFO - [2024-11-13T00:11:32.262+0000] {dag.py:4180} INFO - Setting next_dagrun for example_complex to None, run_after=None
[2024-11-13T00:11:32.289+0000] {processor.py:208} INFO - Processing /home/airflow/.local/lib/python3.12/site-packages/airflow/example_dags/example_complex.py took 0.093 seconds
[2024-11-13T00:12:02.554+0000] {processor.py:186} INFO - Started process (PID=12373) to work on /home/airflow/.local/lib/python3.12/site-packages/airflow/example_dags/example_complex.py
[2024-11-13T00:12:02.555+0000] {processor.py:914} INFO - Processing file /home/airflow/.local/lib/python3.12/site-packages/airflow/example_dags/example_complex.py for tasks to queue
[2024-11-13T00:12:02.557+0000] {logging_mixin.py:190} INFO - [2024-11-13T00:12:02.556+0000] {dagbag.py:588} INFO - Filling up the DagBag from /home/airflow/.local/lib/python3.12/site-packages/airflow/example_dags/example_complex.py
[2024-11-13T00:12:02.568+0000] {processor.py:925} INFO - DAG(s) 'example_complex' retrieved from /home/airflow/.local/lib/python3.12/site-packages/airflow/example_dags/example_complex.py
[2024-11-13T00:12:02.597+0000] {logging_mixin.py:190} INFO - [2024-11-13T00:12:02.597+0000] {dag.py:3239} INFO - Sync 1 DAGs
[2024-11-13T00:12:02.611+0000] {logging_mixin.py:190} INFO - [2024-11-13T00:12:02.611+0000] {dag.py:4180} INFO - Setting next_dagrun for example_complex to None, run_after=None
[2024-11-13T00:12:02.633+0000] {processor.py:208} INFO - Processing /home/airflow/.local/lib/python3.12/site-packages/airflow/example_dags/example_complex.py took 0.086 seconds
[2024-11-13T00:12:32.937+0000] {processor.py:186} INFO - Started process (PID=12436) to work on /home/airflow/.local/lib/python3.12/site-packages/airflow/example_dags/example_complex.py
[2024-11-13T00:12:32.938+0000] {processor.py:914} INFO - Processing file /home/airflow/.local/lib/python3.12/site-packages/airflow/example_dags/example_complex.py for tasks to queue
[2024-11-13T00:12:32.939+0000] {logging_mixin.py:190} INFO - [2024-11-13T00:12:32.939+0000] {dagbag.py:588} INFO - Filling up the DagBag from /home/airflow/.local/lib/python3.12/site-packages/airflow/example_dags/example_complex.py
[2024-11-13T00:12:32.952+0000] {processor.py:925} INFO - DAG(s) 'example_complex' retrieved from /home/airflow/.local/lib/python3.12/site-packages/airflow/example_dags/example_complex.py
[2024-11-13T00:12:32.982+0000] {logging_mixin.py:190} INFO - [2024-11-13T00:12:32.981+0000] {dag.py:3239} INFO - Sync 1 DAGs
[2024-11-13T00:12:32.995+0000] {logging_mixin.py:190} INFO - [2024-11-13T00:12:32.995+0000] {dag.py:4180} INFO - Setting next_dagrun for example_complex to None, run_after=None
[2024-11-13T00:12:33.019+0000] {processor.py:208} INFO - Processing /home/airflow/.local/lib/python3.12/site-packages/airflow/example_dags/example_complex.py took 0.089 seconds
[2024-11-13T00:13:03.356+0000] {processor.py:186} INFO - Started process (PID=12500) to work on /home/airflow/.local/lib/python3.12/site-packages/airflow/example_dags/example_complex.py
[2024-11-13T00:13:03.357+0000] {processor.py:914} INFO - Processing file /home/airflow/.local/lib/python3.12/site-packages/airflow/example_dags/example_complex.py for tasks to queue
[2024-11-13T00:13:03.359+0000] {logging_mixin.py:190} INFO - [2024-11-13T00:13:03.358+0000] {dagbag.py:588} INFO - Filling up the DagBag from /home/airflow/.local/lib/python3.12/site-packages/airflow/example_dags/example_complex.py
[2024-11-13T00:13:03.376+0000] {processor.py:925} INFO - DAG(s) 'example_complex' retrieved from /home/airflow/.local/lib/python3.12/site-packages/airflow/example_dags/example_complex.py
[2024-11-13T00:13:03.416+0000] {logging_mixin.py:190} INFO - [2024-11-13T00:13:03.415+0000] {dag.py:3239} INFO - Sync 1 DAGs
[2024-11-13T00:13:03.436+0000] {logging_mixin.py:190} INFO - [2024-11-13T00:13:03.436+0000] {dag.py:4180} INFO - Setting next_dagrun for example_complex to None, run_after=None
[2024-11-13T00:13:03.503+0000] {processor.py:208} INFO - Processing /home/airflow/.local/lib/python3.12/site-packages/airflow/example_dags/example_complex.py took 0.156 seconds
[2024-11-13T00:13:34.211+0000] {processor.py:186} INFO - Started process (PID=12565) to work on /home/airflow/.local/lib/python3.12/site-packages/airflow/example_dags/example_complex.py
[2024-11-13T00:13:34.212+0000] {processor.py:914} INFO - Processing file /home/airflow/.local/lib/python3.12/site-packages/airflow/example_dags/example_complex.py for tasks to queue
[2024-11-13T00:13:34.213+0000] {logging_mixin.py:190} INFO - [2024-11-13T00:13:34.213+0000] {dagbag.py:588} INFO - Filling up the DagBag from /home/airflow/.local/lib/python3.12/site-packages/airflow/example_dags/example_complex.py
[2024-11-13T00:13:34.224+0000] {processor.py:925} INFO - DAG(s) 'example_complex' retrieved from /home/airflow/.local/lib/python3.12/site-packages/airflow/example_dags/example_complex.py
[2024-11-13T00:13:34.259+0000] {logging_mixin.py:190} INFO - [2024-11-13T00:13:34.259+0000] {dag.py:3239} INFO - Sync 1 DAGs
[2024-11-13T00:13:34.275+0000] {logging_mixin.py:190} INFO - [2024-11-13T00:13:34.274+0000] {dag.py:4180} INFO - Setting next_dagrun for example_complex to None, run_after=None
[2024-11-13T00:13:34.300+0000] {processor.py:208} INFO - Processing /home/airflow/.local/lib/python3.12/site-packages/airflow/example_dags/example_complex.py took 0.099 seconds
[2024-11-13T00:14:04.451+0000] {processor.py:186} INFO - Started process (PID=12629) to work on /home/airflow/.local/lib/python3.12/site-packages/airflow/example_dags/example_complex.py
[2024-11-13T00:14:04.454+0000] {processor.py:914} INFO - Processing file /home/airflow/.local/lib/python3.12/site-packages/airflow/example_dags/example_complex.py for tasks to queue
[2024-11-13T00:14:04.456+0000] {logging_mixin.py:190} INFO - [2024-11-13T00:14:04.455+0000] {dagbag.py:588} INFO - Filling up the DagBag from /home/airflow/.local/lib/python3.12/site-packages/airflow/example_dags/example_complex.py
[2024-11-13T00:14:04.470+0000] {processor.py:925} INFO - DAG(s) 'example_complex' retrieved from /home/airflow/.local/lib/python3.12/site-packages/airflow/example_dags/example_complex.py
[2024-11-13T00:14:04.515+0000] {logging_mixin.py:190} INFO - [2024-11-13T00:14:04.515+0000] {dag.py:3239} INFO - Sync 1 DAGs
[2024-11-13T00:14:04.538+0000] {logging_mixin.py:190} INFO - [2024-11-13T00:14:04.538+0000] {dag.py:4180} INFO - Setting next_dagrun for example_complex to None, run_after=None
[2024-11-13T00:14:04.565+0000] {processor.py:208} INFO - Processing /home/airflow/.local/lib/python3.12/site-packages/airflow/example_dags/example_complex.py took 0.125 seconds
[2024-11-13T00:14:34.732+0000] {processor.py:186} INFO - Started process (PID=12693) to work on /home/airflow/.local/lib/python3.12/site-packages/airflow/example_dags/example_complex.py
[2024-11-13T00:14:34.733+0000] {processor.py:914} INFO - Processing file /home/airflow/.local/lib/python3.12/site-packages/airflow/example_dags/example_complex.py for tasks to queue
[2024-11-13T00:14:34.734+0000] {logging_mixin.py:190} INFO - [2024-11-13T00:14:34.734+0000] {dagbag.py:588} INFO - Filling up the DagBag from /home/airflow/.local/lib/python3.12/site-packages/airflow/example_dags/example_complex.py
[2024-11-13T00:14:34.747+0000] {processor.py:925} INFO - DAG(s) 'example_complex' retrieved from /home/airflow/.local/lib/python3.12/site-packages/airflow/example_dags/example_complex.py
[2024-11-13T00:14:34.781+0000] {logging_mixin.py:190} INFO - [2024-11-13T00:14:34.781+0000] {dag.py:3239} INFO - Sync 1 DAGs
[2024-11-13T00:14:34.798+0000] {logging_mixin.py:190} INFO - [2024-11-13T00:14:34.797+0000] {dag.py:4180} INFO - Setting next_dagrun for example_complex to None, run_after=None
[2024-11-13T00:14:34.823+0000] {processor.py:208} INFO - Processing /home/airflow/.local/lib/python3.12/site-packages/airflow/example_dags/example_complex.py took 0.100 seconds
[2024-11-13T00:15:04.934+0000] {processor.py:186} INFO - Started process (PID=12757) to work on /home/airflow/.local/lib/python3.12/site-packages/airflow/example_dags/example_complex.py
[2024-11-13T00:15:04.935+0000] {processor.py:914} INFO - Processing file /home/airflow/.local/lib/python3.12/site-packages/airflow/example_dags/example_complex.py for tasks to queue
[2024-11-13T00:15:04.936+0000] {logging_mixin.py:190} INFO - [2024-11-13T00:15:04.936+0000] {dagbag.py:588} INFO - Filling up the DagBag from /home/airflow/.local/lib/python3.12/site-packages/airflow/example_dags/example_complex.py
[2024-11-13T00:15:04.949+0000] {processor.py:925} INFO - DAG(s) 'example_complex' retrieved from /home/airflow/.local/lib/python3.12/site-packages/airflow/example_dags/example_complex.py
[2024-11-13T00:15:04.981+0000] {logging_mixin.py:190} INFO - [2024-11-13T00:15:04.981+0000] {dag.py:3239} INFO - Sync 1 DAGs
[2024-11-13T00:15:04.995+0000] {logging_mixin.py:190} INFO - [2024-11-13T00:15:04.995+0000] {dag.py:4180} INFO - Setting next_dagrun for example_complex to None, run_after=None
[2024-11-13T00:15:05.019+0000] {processor.py:208} INFO - Processing /home/airflow/.local/lib/python3.12/site-packages/airflow/example_dags/example_complex.py took 0.094 seconds
[2024-11-13T00:15:35.564+0000] {processor.py:186} INFO - Started process (PID=12821) to work on /home/airflow/.local/lib/python3.12/site-packages/airflow/example_dags/example_complex.py
[2024-11-13T00:15:35.565+0000] {processor.py:914} INFO - Processing file /home/airflow/.local/lib/python3.12/site-packages/airflow/example_dags/example_complex.py for tasks to queue
[2024-11-13T00:15:35.566+0000] {logging_mixin.py:190} INFO - [2024-11-13T00:15:35.566+0000] {dagbag.py:588} INFO - Filling up the DagBag from /home/airflow/.local/lib/python3.12/site-packages/airflow/example_dags/example_complex.py
[2024-11-13T00:15:35.588+0000] {processor.py:925} INFO - DAG(s) 'example_complex' retrieved from /home/airflow/.local/lib/python3.12/site-packages/airflow/example_dags/example_complex.py
[2024-11-13T00:15:35.628+0000] {logging_mixin.py:190} INFO - [2024-11-13T00:15:35.627+0000] {dag.py:3239} INFO - Sync 1 DAGs
[2024-11-13T00:15:35.642+0000] {logging_mixin.py:190} INFO - [2024-11-13T00:15:35.642+0000] {dag.py:4180} INFO - Setting next_dagrun for example_complex to None, run_after=None
[2024-11-13T00:15:35.682+0000] {processor.py:208} INFO - Processing /home/airflow/.local/lib/python3.12/site-packages/airflow/example_dags/example_complex.py took 0.126 seconds
[2024-11-13T00:16:06.031+0000] {processor.py:186} INFO - Started process (PID=12885) to work on /home/airflow/.local/lib/python3.12/site-packages/airflow/example_dags/example_complex.py
[2024-11-13T00:16:06.104+0000] {processor.py:914} INFO - Processing file /home/airflow/.local/lib/python3.12/site-packages/airflow/example_dags/example_complex.py for tasks to queue
[2024-11-13T00:16:06.105+0000] {logging_mixin.py:190} INFO - [2024-11-13T00:16:06.105+0000] {dagbag.py:588} INFO - Filling up the DagBag from /home/airflow/.local/lib/python3.12/site-packages/airflow/example_dags/example_complex.py
[2024-11-13T00:16:06.119+0000] {processor.py:925} INFO - DAG(s) 'example_complex' retrieved from /home/airflow/.local/lib/python3.12/site-packages/airflow/example_dags/example_complex.py
[2024-11-13T00:16:06.174+0000] {logging_mixin.py:190} INFO - [2024-11-13T00:16:06.174+0000] {dag.py:3239} INFO - Sync 1 DAGs
[2024-11-13T00:16:06.218+0000] {logging_mixin.py:190} INFO - [2024-11-13T00:16:06.218+0000] {dag.py:4180} INFO - Setting next_dagrun for example_complex to None, run_after=None
[2024-11-13T00:16:06.249+0000] {processor.py:208} INFO - Processing /home/airflow/.local/lib/python3.12/site-packages/airflow/example_dags/example_complex.py took 0.229 seconds
[2024-11-13T00:16:36.365+0000] {processor.py:186} INFO - Started process (PID=12950) to work on /home/airflow/.local/lib/python3.12/site-packages/airflow/example_dags/example_complex.py
[2024-11-13T00:16:36.366+0000] {processor.py:914} INFO - Processing file /home/airflow/.local/lib/python3.12/site-packages/airflow/example_dags/example_complex.py for tasks to queue
[2024-11-13T00:16:36.375+0000] {logging_mixin.py:190} INFO - [2024-11-13T00:16:36.368+0000] {dagbag.py:588} INFO - Filling up the DagBag from /home/airflow/.local/lib/python3.12/site-packages/airflow/example_dags/example_complex.py
[2024-11-13T00:16:36.397+0000] {processor.py:925} INFO - DAG(s) 'example_complex' retrieved from /home/airflow/.local/lib/python3.12/site-packages/airflow/example_dags/example_complex.py
[2024-11-13T00:16:36.431+0000] {logging_mixin.py:190} INFO - [2024-11-13T00:16:36.431+0000] {dag.py:3239} INFO - Sync 1 DAGs
[2024-11-13T00:16:36.448+0000] {logging_mixin.py:190} INFO - [2024-11-13T00:16:36.447+0000] {dag.py:4180} INFO - Setting next_dagrun for example_complex to None, run_after=None
[2024-11-13T00:16:36.476+0000] {processor.py:208} INFO - Processing /home/airflow/.local/lib/python3.12/site-packages/airflow/example_dags/example_complex.py took 0.120 seconds
[2024-11-13T00:17:07.066+0000] {processor.py:186} INFO - Started process (PID=13014) to work on /home/airflow/.local/lib/python3.12/site-packages/airflow/example_dags/example_complex.py
[2024-11-13T00:17:07.067+0000] {processor.py:914} INFO - Processing file /home/airflow/.local/lib/python3.12/site-packages/airflow/example_dags/example_complex.py for tasks to queue
[2024-11-13T00:17:07.069+0000] {logging_mixin.py:190} INFO - [2024-11-13T00:17:07.069+0000] {dagbag.py:588} INFO - Filling up the DagBag from /home/airflow/.local/lib/python3.12/site-packages/airflow/example_dags/example_complex.py
[2024-11-13T00:17:07.081+0000] {processor.py:925} INFO - DAG(s) 'example_complex' retrieved from /home/airflow/.local/lib/python3.12/site-packages/airflow/example_dags/example_complex.py
[2024-11-13T00:17:07.115+0000] {logging_mixin.py:190} INFO - [2024-11-13T00:17:07.114+0000] {dag.py:3239} INFO - Sync 1 DAGs
[2024-11-13T00:17:07.130+0000] {logging_mixin.py:190} INFO - [2024-11-13T00:17:07.129+0000] {dag.py:4180} INFO - Setting next_dagrun for example_complex to None, run_after=None
[2024-11-13T00:17:07.160+0000] {processor.py:208} INFO - Processing /home/airflow/.local/lib/python3.12/site-packages/airflow/example_dags/example_complex.py took 0.108 seconds
[2024-11-13T00:17:38.079+0000] {processor.py:186} INFO - Started process (PID=13084) to work on /home/airflow/.local/lib/python3.12/site-packages/airflow/example_dags/example_complex.py
[2024-11-13T00:17:38.081+0000] {processor.py:914} INFO - Processing file /home/airflow/.local/lib/python3.12/site-packages/airflow/example_dags/example_complex.py for tasks to queue
[2024-11-13T00:17:38.083+0000] {logging_mixin.py:190} INFO - [2024-11-13T00:17:38.082+0000] {dagbag.py:588} INFO - Filling up the DagBag from /home/airflow/.local/lib/python3.12/site-packages/airflow/example_dags/example_complex.py
[2024-11-13T00:17:38.104+0000] {processor.py:925} INFO - DAG(s) 'example_complex' retrieved from /home/airflow/.local/lib/python3.12/site-packages/airflow/example_dags/example_complex.py
[2024-11-13T00:17:38.157+0000] {logging_mixin.py:190} INFO - [2024-11-13T00:17:38.156+0000] {dag.py:3239} INFO - Sync 1 DAGs
[2024-11-13T00:17:38.182+0000] {logging_mixin.py:190} INFO - [2024-11-13T00:17:38.181+0000] {dag.py:4180} INFO - Setting next_dagrun for example_complex to None, run_after=None
[2024-11-13T00:17:38.217+0000] {processor.py:208} INFO - Processing /home/airflow/.local/lib/python3.12/site-packages/airflow/example_dags/example_complex.py took 0.149 seconds
[2024-11-13T00:18:08.405+0000] {processor.py:186} INFO - Started process (PID=13148) to work on /home/airflow/.local/lib/python3.12/site-packages/airflow/example_dags/example_complex.py
[2024-11-13T00:18:08.406+0000] {processor.py:914} INFO - Processing file /home/airflow/.local/lib/python3.12/site-packages/airflow/example_dags/example_complex.py for tasks to queue
[2024-11-13T00:18:08.409+0000] {logging_mixin.py:190} INFO - [2024-11-13T00:18:08.408+0000] {dagbag.py:588} INFO - Filling up the DagBag from /home/airflow/.local/lib/python3.12/site-packages/airflow/example_dags/example_complex.py
[2024-11-13T00:18:08.444+0000] {processor.py:925} INFO - DAG(s) 'example_complex' retrieved from /home/airflow/.local/lib/python3.12/site-packages/airflow/example_dags/example_complex.py
[2024-11-13T00:18:08.523+0000] {logging_mixin.py:190} INFO - [2024-11-13T00:18:08.522+0000] {dag.py:3239} INFO - Sync 1 DAGs
[2024-11-13T00:18:08.564+0000] {logging_mixin.py:190} INFO - [2024-11-13T00:18:08.563+0000] {dag.py:4180} INFO - Setting next_dagrun for example_complex to None, run_after=None
[2024-11-13T00:18:08.612+0000] {processor.py:208} INFO - Processing /home/airflow/.local/lib/python3.12/site-packages/airflow/example_dags/example_complex.py took 0.225 seconds
[2024-11-13T00:18:39.104+0000] {processor.py:186} INFO - Started process (PID=13211) to work on /home/airflow/.local/lib/python3.12/site-packages/airflow/example_dags/example_complex.py
[2024-11-13T00:18:39.105+0000] {processor.py:914} INFO - Processing file /home/airflow/.local/lib/python3.12/site-packages/airflow/example_dags/example_complex.py for tasks to queue
[2024-11-13T00:18:39.107+0000] {logging_mixin.py:190} INFO - [2024-11-13T00:18:39.106+0000] {dagbag.py:588} INFO - Filling up the DagBag from /home/airflow/.local/lib/python3.12/site-packages/airflow/example_dags/example_complex.py
[2024-11-13T00:18:39.123+0000] {processor.py:925} INFO - DAG(s) 'example_complex' retrieved from /home/airflow/.local/lib/python3.12/site-packages/airflow/example_dags/example_complex.py
[2024-11-13T00:18:39.157+0000] {logging_mixin.py:190} INFO - [2024-11-13T00:18:39.156+0000] {dag.py:3239} INFO - Sync 1 DAGs
[2024-11-13T00:18:39.174+0000] {logging_mixin.py:190} INFO - [2024-11-13T00:18:39.173+0000] {dag.py:4180} INFO - Setting next_dagrun for example_complex to None, run_after=None
[2024-11-13T00:18:39.196+0000] {processor.py:208} INFO - Processing /home/airflow/.local/lib/python3.12/site-packages/airflow/example_dags/example_complex.py took 0.102 seconds
[2024-11-13T00:19:37.133+0000] {processor.py:186} INFO - Started process (PID=13270) to work on /home/airflow/.local/lib/python3.12/site-packages/airflow/example_dags/example_complex.py
[2024-11-13T00:19:37.135+0000] {processor.py:914} INFO - Processing file /home/airflow/.local/lib/python3.12/site-packages/airflow/example_dags/example_complex.py for tasks to queue
[2024-11-13T00:19:37.139+0000] {logging_mixin.py:190} INFO - [2024-11-13T00:19:37.138+0000] {dagbag.py:588} INFO - Filling up the DagBag from /home/airflow/.local/lib/python3.12/site-packages/airflow/example_dags/example_complex.py
[2024-11-13T00:19:37.161+0000] {processor.py:925} INFO - DAG(s) 'example_complex' retrieved from /home/airflow/.local/lib/python3.12/site-packages/airflow/example_dags/example_complex.py
[2024-11-13T00:19:37.235+0000] {logging_mixin.py:190} INFO - [2024-11-13T00:19:37.234+0000] {dag.py:3239} INFO - Sync 1 DAGs
[2024-11-13T00:19:37.254+0000] {logging_mixin.py:190} INFO - [2024-11-13T00:19:37.254+0000] {dag.py:4180} INFO - Setting next_dagrun for example_complex to None, run_after=None
[2024-11-13T00:19:37.296+0000] {processor.py:208} INFO - Processing /home/airflow/.local/lib/python3.12/site-packages/airflow/example_dags/example_complex.py took 0.172 seconds
[2024-11-13T00:20:08.106+0000] {processor.py:186} INFO - Started process (PID=13334) to work on /home/airflow/.local/lib/python3.12/site-packages/airflow/example_dags/example_complex.py
[2024-11-13T00:20:08.107+0000] {processor.py:914} INFO - Processing file /home/airflow/.local/lib/python3.12/site-packages/airflow/example_dags/example_complex.py for tasks to queue
[2024-11-13T00:20:08.109+0000] {logging_mixin.py:190} INFO - [2024-11-13T00:20:08.109+0000] {dagbag.py:588} INFO - Filling up the DagBag from /home/airflow/.local/lib/python3.12/site-packages/airflow/example_dags/example_complex.py
[2024-11-13T00:20:08.127+0000] {processor.py:925} INFO - DAG(s) 'example_complex' retrieved from /home/airflow/.local/lib/python3.12/site-packages/airflow/example_dags/example_complex.py
[2024-11-13T00:20:08.163+0000] {logging_mixin.py:190} INFO - [2024-11-13T00:20:08.163+0000] {dag.py:3239} INFO - Sync 1 DAGs
[2024-11-13T00:20:08.193+0000] {logging_mixin.py:190} INFO - [2024-11-13T00:20:08.193+0000] {dag.py:4180} INFO - Setting next_dagrun for example_complex to None, run_after=None
[2024-11-13T00:20:08.228+0000] {processor.py:208} INFO - Processing /home/airflow/.local/lib/python3.12/site-packages/airflow/example_dags/example_complex.py took 0.135 seconds
[2024-11-13T00:20:39.230+0000] {processor.py:186} INFO - Started process (PID=13397) to work on /home/airflow/.local/lib/python3.12/site-packages/airflow/example_dags/example_complex.py
[2024-11-13T00:20:39.231+0000] {processor.py:914} INFO - Processing file /home/airflow/.local/lib/python3.12/site-packages/airflow/example_dags/example_complex.py for tasks to queue
[2024-11-13T00:20:39.233+0000] {logging_mixin.py:190} INFO - [2024-11-13T00:20:39.233+0000] {dagbag.py:588} INFO - Filling up the DagBag from /home/airflow/.local/lib/python3.12/site-packages/airflow/example_dags/example_complex.py
[2024-11-13T00:20:39.257+0000] {processor.py:925} INFO - DAG(s) 'example_complex' retrieved from /home/airflow/.local/lib/python3.12/site-packages/airflow/example_dags/example_complex.py
[2024-11-13T00:20:39.304+0000] {logging_mixin.py:190} INFO - [2024-11-13T00:20:39.304+0000] {dag.py:3239} INFO - Sync 1 DAGs
[2024-11-13T00:20:39.345+0000] {logging_mixin.py:190} INFO - [2024-11-13T00:20:39.344+0000] {dag.py:4180} INFO - Setting next_dagrun for example_complex to None, run_after=None
[2024-11-13T00:20:39.389+0000] {processor.py:208} INFO - Processing /home/airflow/.local/lib/python3.12/site-packages/airflow/example_dags/example_complex.py took 0.176 seconds
[2024-11-13T00:21:09.576+0000] {processor.py:186} INFO - Started process (PID=13460) to work on /home/airflow/.local/lib/python3.12/site-packages/airflow/example_dags/example_complex.py
[2024-11-13T00:21:09.577+0000] {processor.py:914} INFO - Processing file /home/airflow/.local/lib/python3.12/site-packages/airflow/example_dags/example_complex.py for tasks to queue
[2024-11-13T00:21:09.578+0000] {logging_mixin.py:190} INFO - [2024-11-13T00:21:09.578+0000] {dagbag.py:588} INFO - Filling up the DagBag from /home/airflow/.local/lib/python3.12/site-packages/airflow/example_dags/example_complex.py
[2024-11-13T00:21:09.594+0000] {processor.py:925} INFO - DAG(s) 'example_complex' retrieved from /home/airflow/.local/lib/python3.12/site-packages/airflow/example_dags/example_complex.py
[2024-11-13T00:21:09.638+0000] {logging_mixin.py:190} INFO - [2024-11-13T00:21:09.638+0000] {dag.py:3239} INFO - Sync 1 DAGs
[2024-11-13T00:21:09.659+0000] {logging_mixin.py:190} INFO - [2024-11-13T00:21:09.659+0000] {dag.py:4180} INFO - Setting next_dagrun for example_complex to None, run_after=None
[2024-11-13T00:21:09.692+0000] {processor.py:208} INFO - Processing /home/airflow/.local/lib/python3.12/site-packages/airflow/example_dags/example_complex.py took 0.125 seconds
[2024-11-13T00:21:39.937+0000] {processor.py:186} INFO - Started process (PID=13524) to work on /home/airflow/.local/lib/python3.12/site-packages/airflow/example_dags/example_complex.py
[2024-11-13T00:21:39.938+0000] {processor.py:914} INFO - Processing file /home/airflow/.local/lib/python3.12/site-packages/airflow/example_dags/example_complex.py for tasks to queue
[2024-11-13T00:21:39.940+0000] {logging_mixin.py:190} INFO - [2024-11-13T00:21:39.939+0000] {dagbag.py:588} INFO - Filling up the DagBag from /home/airflow/.local/lib/python3.12/site-packages/airflow/example_dags/example_complex.py
[2024-11-13T00:21:39.958+0000] {processor.py:925} INFO - DAG(s) 'example_complex' retrieved from /home/airflow/.local/lib/python3.12/site-packages/airflow/example_dags/example_complex.py
[2024-11-13T00:21:40.009+0000] {logging_mixin.py:190} INFO - [2024-11-13T00:21:40.008+0000] {dag.py:3239} INFO - Sync 1 DAGs
[2024-11-13T00:21:40.036+0000] {logging_mixin.py:190} INFO - [2024-11-13T00:21:40.035+0000] {dag.py:4180} INFO - Setting next_dagrun for example_complex to None, run_after=None
[2024-11-13T00:21:40.071+0000] {processor.py:208} INFO - Processing /home/airflow/.local/lib/python3.12/site-packages/airflow/example_dags/example_complex.py took 0.146 seconds
[2024-11-13T00:22:10.268+0000] {processor.py:186} INFO - Started process (PID=13588) to work on /home/airflow/.local/lib/python3.12/site-packages/airflow/example_dags/example_complex.py
[2024-11-13T00:22:10.269+0000] {processor.py:914} INFO - Processing file /home/airflow/.local/lib/python3.12/site-packages/airflow/example_dags/example_complex.py for tasks to queue
[2024-11-13T00:22:10.270+0000] {logging_mixin.py:190} INFO - [2024-11-13T00:22:10.270+0000] {dagbag.py:588} INFO - Filling up the DagBag from /home/airflow/.local/lib/python3.12/site-packages/airflow/example_dags/example_complex.py
[2024-11-13T00:22:10.287+0000] {processor.py:925} INFO - DAG(s) 'example_complex' retrieved from /home/airflow/.local/lib/python3.12/site-packages/airflow/example_dags/example_complex.py
[2024-11-13T00:22:10.327+0000] {logging_mixin.py:190} INFO - [2024-11-13T00:22:10.326+0000] {dag.py:3239} INFO - Sync 1 DAGs
[2024-11-13T00:22:10.343+0000] {logging_mixin.py:190} INFO - [2024-11-13T00:22:10.341+0000] {dag.py:4180} INFO - Setting next_dagrun for example_complex to None, run_after=None
[2024-11-13T00:22:10.369+0000] {processor.py:208} INFO - Processing /home/airflow/.local/lib/python3.12/site-packages/airflow/example_dags/example_complex.py took 0.108 seconds
[2024-11-13T00:22:41.097+0000] {processor.py:186} INFO - Started process (PID=13652) to work on /home/airflow/.local/lib/python3.12/site-packages/airflow/example_dags/example_complex.py
[2024-11-13T00:22:41.102+0000] {processor.py:914} INFO - Processing file /home/airflow/.local/lib/python3.12/site-packages/airflow/example_dags/example_complex.py for tasks to queue
[2024-11-13T00:22:41.108+0000] {logging_mixin.py:190} INFO - [2024-11-13T00:22:41.107+0000] {dagbag.py:588} INFO - Filling up the DagBag from /home/airflow/.local/lib/python3.12/site-packages/airflow/example_dags/example_complex.py
[2024-11-13T00:22:41.138+0000] {processor.py:925} INFO - DAG(s) 'example_complex' retrieved from /home/airflow/.local/lib/python3.12/site-packages/airflow/example_dags/example_complex.py
[2024-11-13T00:22:41.207+0000] {logging_mixin.py:190} INFO - [2024-11-13T00:22:41.207+0000] {dag.py:3239} INFO - Sync 1 DAGs
[2024-11-13T00:22:41.227+0000] {logging_mixin.py:190} INFO - [2024-11-13T00:22:41.227+0000] {dag.py:4180} INFO - Setting next_dagrun for example_complex to None, run_after=None
[2024-11-13T00:22:41.261+0000] {processor.py:208} INFO - Processing /home/airflow/.local/lib/python3.12/site-packages/airflow/example_dags/example_complex.py took 0.182 seconds
[2024-11-13T00:23:12.195+0000] {processor.py:186} INFO - Started process (PID=13716) to work on /home/airflow/.local/lib/python3.12/site-packages/airflow/example_dags/example_complex.py
[2024-11-13T00:23:12.196+0000] {processor.py:914} INFO - Processing file /home/airflow/.local/lib/python3.12/site-packages/airflow/example_dags/example_complex.py for tasks to queue
[2024-11-13T00:23:12.198+0000] {logging_mixin.py:190} INFO - [2024-11-13T00:23:12.198+0000] {dagbag.py:588} INFO - Filling up the DagBag from /home/airflow/.local/lib/python3.12/site-packages/airflow/example_dags/example_complex.py
[2024-11-13T00:23:12.211+0000] {processor.py:925} INFO - DAG(s) 'example_complex' retrieved from /home/airflow/.local/lib/python3.12/site-packages/airflow/example_dags/example_complex.py
[2024-11-13T00:23:12.246+0000] {logging_mixin.py:190} INFO - [2024-11-13T00:23:12.246+0000] {dag.py:3239} INFO - Sync 1 DAGs
[2024-11-13T00:23:12.277+0000] {logging_mixin.py:190} INFO - [2024-11-13T00:23:12.277+0000] {dag.py:4180} INFO - Setting next_dagrun for example_complex to None, run_after=None
[2024-11-13T00:23:12.303+0000] {processor.py:208} INFO - Processing /home/airflow/.local/lib/python3.12/site-packages/airflow/example_dags/example_complex.py took 0.115 seconds
[2024-11-13T00:23:42.393+0000] {processor.py:186} INFO - Started process (PID=13781) to work on /home/airflow/.local/lib/python3.12/site-packages/airflow/example_dags/example_complex.py
[2024-11-13T00:23:42.394+0000] {processor.py:914} INFO - Processing file /home/airflow/.local/lib/python3.12/site-packages/airflow/example_dags/example_complex.py for tasks to queue
[2024-11-13T00:23:42.395+0000] {logging_mixin.py:190} INFO - [2024-11-13T00:23:42.395+0000] {dagbag.py:588} INFO - Filling up the DagBag from /home/airflow/.local/lib/python3.12/site-packages/airflow/example_dags/example_complex.py
[2024-11-13T00:23:42.407+0000] {processor.py:925} INFO - DAG(s) 'example_complex' retrieved from /home/airflow/.local/lib/python3.12/site-packages/airflow/example_dags/example_complex.py
[2024-11-13T00:23:42.438+0000] {logging_mixin.py:190} INFO - [2024-11-13T00:23:42.438+0000] {dag.py:3239} INFO - Sync 1 DAGs
[2024-11-13T00:23:42.452+0000] {logging_mixin.py:190} INFO - [2024-11-13T00:23:42.452+0000] {dag.py:4180} INFO - Setting next_dagrun for example_complex to None, run_after=None
[2024-11-13T00:23:42.475+0000] {processor.py:208} INFO - Processing /home/airflow/.local/lib/python3.12/site-packages/airflow/example_dags/example_complex.py took 0.090 seconds
[2024-11-13T00:24:12.561+0000] {processor.py:186} INFO - Started process (PID=13845) to work on /home/airflow/.local/lib/python3.12/site-packages/airflow/example_dags/example_complex.py
[2024-11-13T00:24:12.562+0000] {processor.py:914} INFO - Processing file /home/airflow/.local/lib/python3.12/site-packages/airflow/example_dags/example_complex.py for tasks to queue
[2024-11-13T00:24:12.563+0000] {logging_mixin.py:190} INFO - [2024-11-13T00:24:12.563+0000] {dagbag.py:588} INFO - Filling up the DagBag from /home/airflow/.local/lib/python3.12/site-packages/airflow/example_dags/example_complex.py
[2024-11-13T00:24:12.581+0000] {processor.py:925} INFO - DAG(s) 'example_complex' retrieved from /home/airflow/.local/lib/python3.12/site-packages/airflow/example_dags/example_complex.py
[2024-11-13T00:24:12.614+0000] {logging_mixin.py:190} INFO - [2024-11-13T00:24:12.614+0000] {dag.py:3239} INFO - Sync 1 DAGs
[2024-11-13T00:24:12.647+0000] {logging_mixin.py:190} INFO - [2024-11-13T00:24:12.646+0000] {dag.py:4180} INFO - Setting next_dagrun for example_complex to None, run_after=None
[2024-11-13T00:24:12.681+0000] {processor.py:208} INFO - Processing /home/airflow/.local/lib/python3.12/site-packages/airflow/example_dags/example_complex.py took 0.130 seconds
[2024-11-13T00:24:42.732+0000] {processor.py:186} INFO - Started process (PID=13909) to work on /home/airflow/.local/lib/python3.12/site-packages/airflow/example_dags/example_complex.py
[2024-11-13T00:24:42.733+0000] {processor.py:914} INFO - Processing file /home/airflow/.local/lib/python3.12/site-packages/airflow/example_dags/example_complex.py for tasks to queue
[2024-11-13T00:24:42.734+0000] {logging_mixin.py:190} INFO - [2024-11-13T00:24:42.734+0000] {dagbag.py:588} INFO - Filling up the DagBag from /home/airflow/.local/lib/python3.12/site-packages/airflow/example_dags/example_complex.py
[2024-11-13T00:24:42.746+0000] {processor.py:925} INFO - DAG(s) 'example_complex' retrieved from /home/airflow/.local/lib/python3.12/site-packages/airflow/example_dags/example_complex.py
[2024-11-13T00:24:42.773+0000] {logging_mixin.py:190} INFO - [2024-11-13T00:24:42.773+0000] {dag.py:3239} INFO - Sync 1 DAGs
[2024-11-13T00:24:42.788+0000] {logging_mixin.py:190} INFO - [2024-11-13T00:24:42.788+0000] {dag.py:4180} INFO - Setting next_dagrun for example_complex to None, run_after=None
[2024-11-13T00:24:42.815+0000] {processor.py:208} INFO - Processing /home/airflow/.local/lib/python3.12/site-packages/airflow/example_dags/example_complex.py took 0.092 seconds
[2024-11-13T00:25:13.197+0000] {processor.py:186} INFO - Started process (PID=13974) to work on /home/airflow/.local/lib/python3.12/site-packages/airflow/example_dags/example_complex.py
[2024-11-13T00:25:13.197+0000] {processor.py:914} INFO - Processing file /home/airflow/.local/lib/python3.12/site-packages/airflow/example_dags/example_complex.py for tasks to queue
[2024-11-13T00:25:13.199+0000] {logging_mixin.py:190} INFO - [2024-11-13T00:25:13.198+0000] {dagbag.py:588} INFO - Filling up the DagBag from /home/airflow/.local/lib/python3.12/site-packages/airflow/example_dags/example_complex.py
[2024-11-13T00:25:13.216+0000] {processor.py:925} INFO - DAG(s) 'example_complex' retrieved from /home/airflow/.local/lib/python3.12/site-packages/airflow/example_dags/example_complex.py
[2024-11-13T00:25:13.253+0000] {logging_mixin.py:190} INFO - [2024-11-13T00:25:13.253+0000] {dag.py:3239} INFO - Sync 1 DAGs
[2024-11-13T00:25:13.279+0000] {logging_mixin.py:190} INFO - [2024-11-13T00:25:13.278+0000] {dag.py:4180} INFO - Setting next_dagrun for example_complex to None, run_after=None
[2024-11-13T00:25:13.304+0000] {processor.py:208} INFO - Processing /home/airflow/.local/lib/python3.12/site-packages/airflow/example_dags/example_complex.py took 0.118 seconds
[2024-11-13T00:25:43.627+0000] {processor.py:186} INFO - Started process (PID=14038) to work on /home/airflow/.local/lib/python3.12/site-packages/airflow/example_dags/example_complex.py
[2024-11-13T00:25:43.628+0000] {processor.py:914} INFO - Processing file /home/airflow/.local/lib/python3.12/site-packages/airflow/example_dags/example_complex.py for tasks to queue
[2024-11-13T00:25:43.631+0000] {logging_mixin.py:190} INFO - [2024-11-13T00:25:43.629+0000] {dagbag.py:588} INFO - Filling up the DagBag from /home/airflow/.local/lib/python3.12/site-packages/airflow/example_dags/example_complex.py
[2024-11-13T00:25:43.662+0000] {processor.py:925} INFO - DAG(s) 'example_complex' retrieved from /home/airflow/.local/lib/python3.12/site-packages/airflow/example_dags/example_complex.py
[2024-11-13T00:25:43.707+0000] {logging_mixin.py:190} INFO - [2024-11-13T00:25:43.706+0000] {dag.py:3239} INFO - Sync 1 DAGs
[2024-11-13T00:25:43.723+0000] {logging_mixin.py:190} INFO - [2024-11-13T00:25:43.723+0000] {dag.py:4180} INFO - Setting next_dagrun for example_complex to None, run_after=None
[2024-11-13T00:25:43.748+0000] {processor.py:208} INFO - Processing /home/airflow/.local/lib/python3.12/site-packages/airflow/example_dags/example_complex.py took 0.139 seconds
[2024-11-13T00:26:13.866+0000] {processor.py:186} INFO - Started process (PID=14102) to work on /home/airflow/.local/lib/python3.12/site-packages/airflow/example_dags/example_complex.py
[2024-11-13T00:26:13.867+0000] {processor.py:914} INFO - Processing file /home/airflow/.local/lib/python3.12/site-packages/airflow/example_dags/example_complex.py for tasks to queue
[2024-11-13T00:26:13.868+0000] {logging_mixin.py:190} INFO - [2024-11-13T00:26:13.868+0000] {dagbag.py:588} INFO - Filling up the DagBag from /home/airflow/.local/lib/python3.12/site-packages/airflow/example_dags/example_complex.py
[2024-11-13T00:26:14.155+0000] {processor.py:925} INFO - DAG(s) 'example_complex' retrieved from /home/airflow/.local/lib/python3.12/site-packages/airflow/example_dags/example_complex.py
[2024-11-13T00:26:14.235+0000] {logging_mixin.py:190} INFO - [2024-11-13T00:26:14.234+0000] {dag.py:3239} INFO - Sync 1 DAGs
[2024-11-13T00:26:14.254+0000] {logging_mixin.py:190} INFO - [2024-11-13T00:26:14.253+0000] {dag.py:4180} INFO - Setting next_dagrun for example_complex to None, run_after=None
[2024-11-13T00:26:14.293+0000] {processor.py:208} INFO - Processing /home/airflow/.local/lib/python3.12/site-packages/airflow/example_dags/example_complex.py took 0.439 seconds
[2024-11-13T00:26:44.764+0000] {processor.py:186} INFO - Started process (PID=14166) to work on /home/airflow/.local/lib/python3.12/site-packages/airflow/example_dags/example_complex.py
[2024-11-13T00:26:44.765+0000] {processor.py:914} INFO - Processing file /home/airflow/.local/lib/python3.12/site-packages/airflow/example_dags/example_complex.py for tasks to queue
[2024-11-13T00:26:44.767+0000] {logging_mixin.py:190} INFO - [2024-11-13T00:26:44.766+0000] {dagbag.py:588} INFO - Filling up the DagBag from /home/airflow/.local/lib/python3.12/site-packages/airflow/example_dags/example_complex.py
[2024-11-13T00:26:44.781+0000] {processor.py:925} INFO - DAG(s) 'example_complex' retrieved from /home/airflow/.local/lib/python3.12/site-packages/airflow/example_dags/example_complex.py
[2024-11-13T00:26:44.816+0000] {logging_mixin.py:190} INFO - [2024-11-13T00:26:44.816+0000] {dag.py:3239} INFO - Sync 1 DAGs
[2024-11-13T00:26:44.834+0000] {logging_mixin.py:190} INFO - [2024-11-13T00:26:44.833+0000] {dag.py:4180} INFO - Setting next_dagrun for example_complex to None, run_after=None
[2024-11-13T00:26:44.862+0000] {processor.py:208} INFO - Processing /home/airflow/.local/lib/python3.12/site-packages/airflow/example_dags/example_complex.py took 0.107 seconds
[2024-11-13T00:27:15.334+0000] {processor.py:186} INFO - Started process (PID=14230) to work on /home/airflow/.local/lib/python3.12/site-packages/airflow/example_dags/example_complex.py
[2024-11-13T00:27:15.335+0000] {processor.py:914} INFO - Processing file /home/airflow/.local/lib/python3.12/site-packages/airflow/example_dags/example_complex.py for tasks to queue
[2024-11-13T00:27:15.336+0000] {logging_mixin.py:190} INFO - [2024-11-13T00:27:15.336+0000] {dagbag.py:588} INFO - Filling up the DagBag from /home/airflow/.local/lib/python3.12/site-packages/airflow/example_dags/example_complex.py
[2024-11-13T00:27:15.347+0000] {processor.py:925} INFO - DAG(s) 'example_complex' retrieved from /home/airflow/.local/lib/python3.12/site-packages/airflow/example_dags/example_complex.py
[2024-11-13T00:27:15.382+0000] {logging_mixin.py:190} INFO - [2024-11-13T00:27:15.382+0000] {dag.py:3239} INFO - Sync 1 DAGs
[2024-11-13T00:27:15.396+0000] {logging_mixin.py:190} INFO - [2024-11-13T00:27:15.395+0000] {dag.py:4180} INFO - Setting next_dagrun for example_complex to None, run_after=None
[2024-11-13T00:27:15.418+0000] {processor.py:208} INFO - Processing /home/airflow/.local/lib/python3.12/site-packages/airflow/example_dags/example_complex.py took 0.092 seconds
[2024-11-13T00:27:45.604+0000] {processor.py:186} INFO - Started process (PID=14294) to work on /home/airflow/.local/lib/python3.12/site-packages/airflow/example_dags/example_complex.py
[2024-11-13T00:27:45.605+0000] {processor.py:914} INFO - Processing file /home/airflow/.local/lib/python3.12/site-packages/airflow/example_dags/example_complex.py for tasks to queue
[2024-11-13T00:27:45.607+0000] {logging_mixin.py:190} INFO - [2024-11-13T00:27:45.606+0000] {dagbag.py:588} INFO - Filling up the DagBag from /home/airflow/.local/lib/python3.12/site-packages/airflow/example_dags/example_complex.py
[2024-11-13T00:27:45.624+0000] {processor.py:925} INFO - DAG(s) 'example_complex' retrieved from /home/airflow/.local/lib/python3.12/site-packages/airflow/example_dags/example_complex.py
[2024-11-13T00:27:45.663+0000] {logging_mixin.py:190} INFO - [2024-11-13T00:27:45.663+0000] {dag.py:3239} INFO - Sync 1 DAGs
[2024-11-13T00:27:45.679+0000] {logging_mixin.py:190} INFO - [2024-11-13T00:27:45.679+0000] {dag.py:4180} INFO - Setting next_dagrun for example_complex to None, run_after=None
[2024-11-13T00:27:45.707+0000] {processor.py:208} INFO - Processing /home/airflow/.local/lib/python3.12/site-packages/airflow/example_dags/example_complex.py took 0.113 seconds
[2024-11-13T00:28:15.980+0000] {processor.py:186} INFO - Started process (PID=14358) to work on /home/airflow/.local/lib/python3.12/site-packages/airflow/example_dags/example_complex.py
[2024-11-13T00:28:15.982+0000] {processor.py:914} INFO - Processing file /home/airflow/.local/lib/python3.12/site-packages/airflow/example_dags/example_complex.py for tasks to queue
[2024-11-13T00:28:15.983+0000] {logging_mixin.py:190} INFO - [2024-11-13T00:28:15.983+0000] {dagbag.py:588} INFO - Filling up the DagBag from /home/airflow/.local/lib/python3.12/site-packages/airflow/example_dags/example_complex.py
[2024-11-13T00:28:16.002+0000] {processor.py:925} INFO - DAG(s) 'example_complex' retrieved from /home/airflow/.local/lib/python3.12/site-packages/airflow/example_dags/example_complex.py
[2024-11-13T00:28:16.035+0000] {logging_mixin.py:190} INFO - [2024-11-13T00:28:16.035+0000] {dag.py:3239} INFO - Sync 1 DAGs
[2024-11-13T00:28:16.051+0000] {logging_mixin.py:190} INFO - [2024-11-13T00:28:16.050+0000] {dag.py:4180} INFO - Setting next_dagrun for example_complex to None, run_after=None
[2024-11-13T00:28:16.074+0000] {processor.py:208} INFO - Processing /home/airflow/.local/lib/python3.12/site-packages/airflow/example_dags/example_complex.py took 0.106 seconds
[2024-11-13T00:28:46.269+0000] {processor.py:186} INFO - Started process (PID=14422) to work on /home/airflow/.local/lib/python3.12/site-packages/airflow/example_dags/example_complex.py
[2024-11-13T00:28:46.270+0000] {processor.py:914} INFO - Processing file /home/airflow/.local/lib/python3.12/site-packages/airflow/example_dags/example_complex.py for tasks to queue
[2024-11-13T00:28:46.272+0000] {logging_mixin.py:190} INFO - [2024-11-13T00:28:46.272+0000] {dagbag.py:588} INFO - Filling up the DagBag from /home/airflow/.local/lib/python3.12/site-packages/airflow/example_dags/example_complex.py
[2024-11-13T00:28:46.285+0000] {processor.py:925} INFO - DAG(s) 'example_complex' retrieved from /home/airflow/.local/lib/python3.12/site-packages/airflow/example_dags/example_complex.py
[2024-11-13T00:28:46.316+0000] {logging_mixin.py:190} INFO - [2024-11-13T00:28:46.315+0000] {dag.py:3239} INFO - Sync 1 DAGs
[2024-11-13T00:28:46.332+0000] {logging_mixin.py:190} INFO - [2024-11-13T00:28:46.331+0000] {dag.py:4180} INFO - Setting next_dagrun for example_complex to None, run_after=None
[2024-11-13T00:28:46.357+0000] {processor.py:208} INFO - Processing /home/airflow/.local/lib/python3.12/site-packages/airflow/example_dags/example_complex.py took 0.096 seconds
[2024-11-13T00:29:16.553+0000] {processor.py:186} INFO - Started process (PID=14486) to work on /home/airflow/.local/lib/python3.12/site-packages/airflow/example_dags/example_complex.py
[2024-11-13T00:29:16.554+0000] {processor.py:914} INFO - Processing file /home/airflow/.local/lib/python3.12/site-packages/airflow/example_dags/example_complex.py for tasks to queue
[2024-11-13T00:29:16.555+0000] {logging_mixin.py:190} INFO - [2024-11-13T00:29:16.555+0000] {dagbag.py:588} INFO - Filling up the DagBag from /home/airflow/.local/lib/python3.12/site-packages/airflow/example_dags/example_complex.py
[2024-11-13T00:29:16.569+0000] {processor.py:925} INFO - DAG(s) 'example_complex' retrieved from /home/airflow/.local/lib/python3.12/site-packages/airflow/example_dags/example_complex.py
[2024-11-13T00:29:16.613+0000] {logging_mixin.py:190} INFO - [2024-11-13T00:29:16.612+0000] {dag.py:3239} INFO - Sync 1 DAGs
[2024-11-13T00:29:16.628+0000] {logging_mixin.py:190} INFO - [2024-11-13T00:29:16.628+0000] {dag.py:4180} INFO - Setting next_dagrun for example_complex to None, run_after=None
[2024-11-13T00:29:16.652+0000] {processor.py:208} INFO - Processing /home/airflow/.local/lib/python3.12/site-packages/airflow/example_dags/example_complex.py took 0.107 seconds
[2024-11-13T00:29:46.865+0000] {processor.py:186} INFO - Started process (PID=14550) to work on /home/airflow/.local/lib/python3.12/site-packages/airflow/example_dags/example_complex.py
[2024-11-13T00:29:46.866+0000] {processor.py:914} INFO - Processing file /home/airflow/.local/lib/python3.12/site-packages/airflow/example_dags/example_complex.py for tasks to queue
[2024-11-13T00:29:46.867+0000] {logging_mixin.py:190} INFO - [2024-11-13T00:29:46.867+0000] {dagbag.py:588} INFO - Filling up the DagBag from /home/airflow/.local/lib/python3.12/site-packages/airflow/example_dags/example_complex.py
[2024-11-13T00:29:46.894+0000] {processor.py:925} INFO - DAG(s) 'example_complex' retrieved from /home/airflow/.local/lib/python3.12/site-packages/airflow/example_dags/example_complex.py
[2024-11-13T00:29:46.931+0000] {logging_mixin.py:190} INFO - [2024-11-13T00:29:46.931+0000] {dag.py:3239} INFO - Sync 1 DAGs
[2024-11-13T00:29:46.951+0000] {logging_mixin.py:190} INFO - [2024-11-13T00:29:46.950+0000] {dag.py:4180} INFO - Setting next_dagrun for example_complex to None, run_after=None
[2024-11-13T00:29:46.972+0000] {processor.py:208} INFO - Processing /home/airflow/.local/lib/python3.12/site-packages/airflow/example_dags/example_complex.py took 0.116 seconds
[2024-11-13T00:30:17.172+0000] {processor.py:186} INFO - Started process (PID=14614) to work on /home/airflow/.local/lib/python3.12/site-packages/airflow/example_dags/example_complex.py
[2024-11-13T00:30:17.172+0000] {processor.py:914} INFO - Processing file /home/airflow/.local/lib/python3.12/site-packages/airflow/example_dags/example_complex.py for tasks to queue
[2024-11-13T00:30:17.174+0000] {logging_mixin.py:190} INFO - [2024-11-13T00:30:17.174+0000] {dagbag.py:588} INFO - Filling up the DagBag from /home/airflow/.local/lib/python3.12/site-packages/airflow/example_dags/example_complex.py
[2024-11-13T00:30:17.187+0000] {processor.py:925} INFO - DAG(s) 'example_complex' retrieved from /home/airflow/.local/lib/python3.12/site-packages/airflow/example_dags/example_complex.py
[2024-11-13T00:30:17.220+0000] {logging_mixin.py:190} INFO - [2024-11-13T00:30:17.219+0000] {dag.py:3239} INFO - Sync 1 DAGs
[2024-11-13T00:30:17.236+0000] {logging_mixin.py:190} INFO - [2024-11-13T00:30:17.235+0000] {dag.py:4180} INFO - Setting next_dagrun for example_complex to None, run_after=None
[2024-11-13T00:30:17.262+0000] {processor.py:208} INFO - Processing /home/airflow/.local/lib/python3.12/site-packages/airflow/example_dags/example_complex.py took 0.097 seconds
[2024-11-13T00:30:47.544+0000] {processor.py:186} INFO - Started process (PID=14678) to work on /home/airflow/.local/lib/python3.12/site-packages/airflow/example_dags/example_complex.py
[2024-11-13T00:30:47.545+0000] {processor.py:914} INFO - Processing file /home/airflow/.local/lib/python3.12/site-packages/airflow/example_dags/example_complex.py for tasks to queue
[2024-11-13T00:30:47.546+0000] {logging_mixin.py:190} INFO - [2024-11-13T00:30:47.546+0000] {dagbag.py:588} INFO - Filling up the DagBag from /home/airflow/.local/lib/python3.12/site-packages/airflow/example_dags/example_complex.py
[2024-11-13T00:30:47.561+0000] {processor.py:925} INFO - DAG(s) 'example_complex' retrieved from /home/airflow/.local/lib/python3.12/site-packages/airflow/example_dags/example_complex.py
[2024-11-13T00:30:47.593+0000] {logging_mixin.py:190} INFO - [2024-11-13T00:30:47.593+0000] {dag.py:3239} INFO - Sync 1 DAGs
[2024-11-13T00:30:47.608+0000] {logging_mixin.py:190} INFO - [2024-11-13T00:30:47.608+0000] {dag.py:4180} INFO - Setting next_dagrun for example_complex to None, run_after=None
[2024-11-13T00:30:47.641+0000] {processor.py:208} INFO - Processing /home/airflow/.local/lib/python3.12/site-packages/airflow/example_dags/example_complex.py took 0.105 seconds
[2024-11-13T00:31:18.310+0000] {processor.py:186} INFO - Started process (PID=14742) to work on /home/airflow/.local/lib/python3.12/site-packages/airflow/example_dags/example_complex.py
[2024-11-13T00:31:18.311+0000] {processor.py:914} INFO - Processing file /home/airflow/.local/lib/python3.12/site-packages/airflow/example_dags/example_complex.py for tasks to queue
[2024-11-13T00:31:18.313+0000] {logging_mixin.py:190} INFO - [2024-11-13T00:31:18.312+0000] {dagbag.py:588} INFO - Filling up the DagBag from /home/airflow/.local/lib/python3.12/site-packages/airflow/example_dags/example_complex.py
[2024-11-13T00:31:18.328+0000] {processor.py:925} INFO - DAG(s) 'example_complex' retrieved from /home/airflow/.local/lib/python3.12/site-packages/airflow/example_dags/example_complex.py
[2024-11-13T00:31:18.374+0000] {logging_mixin.py:190} INFO - [2024-11-13T00:31:18.374+0000] {dag.py:3239} INFO - Sync 1 DAGs
[2024-11-13T00:31:18.396+0000] {logging_mixin.py:190} INFO - [2024-11-13T00:31:18.395+0000] {dag.py:4180} INFO - Setting next_dagrun for example_complex to None, run_after=None
[2024-11-13T00:31:18.424+0000] {processor.py:208} INFO - Processing /home/airflow/.local/lib/python3.12/site-packages/airflow/example_dags/example_complex.py took 0.123 seconds
