[2024-11-13T00:00:03.181+0000] {processor.py:186} INFO - Started process (PID=10866) to work on /home/airflow/.local/lib/python3.12/site-packages/airflow/example_dags/tutorial_objectstorage.py
[2024-11-13T00:00:03.182+0000] {processor.py:914} INFO - Processing file /home/airflow/.local/lib/python3.12/site-packages/airflow/example_dags/tutorial_objectstorage.py for tasks to queue
[2024-11-13T00:00:03.184+0000] {logging_mixin.py:190} INFO - [2024-11-13T00:00:03.184+0000] {dagbag.py:588} INFO - Filling up the DagBag from /home/airflow/.local/lib/python3.12/site-packages/airflow/example_dags/tutorial_objectstorage.py
[2024-11-13T00:00:03.203+0000] {processor.py:925} INFO - DAG(s) 'tutorial_objectstorage' retrieved from /home/airflow/.local/lib/python3.12/site-packages/airflow/example_dags/tutorial_objectstorage.py
[2024-11-13T00:00:03.232+0000] {logging_mixin.py:190} INFO - [2024-11-13T00:00:03.232+0000] {dag.py:3239} INFO - Sync 1 DAGs
[2024-11-13T00:00:03.249+0000] {logging_mixin.py:190} INFO - [2024-11-13T00:00:03.248+0000] {dag.py:4180} INFO - Setting next_dagrun for tutorial_objectstorage to None, run_after=None
[2024-11-13T00:00:03.276+0000] {processor.py:208} INFO - Processing /home/airflow/.local/lib/python3.12/site-packages/airflow/example_dags/tutorial_objectstorage.py took 0.107 seconds
[2024-11-13T00:00:34.106+0000] {processor.py:186} INFO - Started process (PID=10937) to work on /home/airflow/.local/lib/python3.12/site-packages/airflow/example_dags/tutorial_objectstorage.py
[2024-11-13T00:00:34.107+0000] {processor.py:914} INFO - Processing file /home/airflow/.local/lib/python3.12/site-packages/airflow/example_dags/tutorial_objectstorage.py for tasks to queue
[2024-11-13T00:00:34.109+0000] {logging_mixin.py:190} INFO - [2024-11-13T00:00:34.109+0000] {dagbag.py:588} INFO - Filling up the DagBag from /home/airflow/.local/lib/python3.12/site-packages/airflow/example_dags/tutorial_objectstorage.py
[2024-11-13T00:00:34.140+0000] {processor.py:925} INFO - DAG(s) 'tutorial_objectstorage' retrieved from /home/airflow/.local/lib/python3.12/site-packages/airflow/example_dags/tutorial_objectstorage.py
[2024-11-13T00:00:34.178+0000] {logging_mixin.py:190} INFO - [2024-11-13T00:00:34.177+0000] {dag.py:3239} INFO - Sync 1 DAGs
[2024-11-13T00:00:34.206+0000] {logging_mixin.py:190} INFO - [2024-11-13T00:00:34.206+0000] {dag.py:4180} INFO - Setting next_dagrun for tutorial_objectstorage to None, run_after=None
[2024-11-13T00:00:34.240+0000] {processor.py:208} INFO - Processing /home/airflow/.local/lib/python3.12/site-packages/airflow/example_dags/tutorial_objectstorage.py took 0.147 seconds
[2024-11-13T00:01:04.424+0000] {processor.py:186} INFO - Started process (PID=11001) to work on /home/airflow/.local/lib/python3.12/site-packages/airflow/example_dags/tutorial_objectstorage.py
[2024-11-13T00:01:04.425+0000] {processor.py:914} INFO - Processing file /home/airflow/.local/lib/python3.12/site-packages/airflow/example_dags/tutorial_objectstorage.py for tasks to queue
[2024-11-13T00:01:04.426+0000] {logging_mixin.py:190} INFO - [2024-11-13T00:01:04.426+0000] {dagbag.py:588} INFO - Filling up the DagBag from /home/airflow/.local/lib/python3.12/site-packages/airflow/example_dags/tutorial_objectstorage.py
[2024-11-13T00:01:04.443+0000] {processor.py:925} INFO - DAG(s) 'tutorial_objectstorage' retrieved from /home/airflow/.local/lib/python3.12/site-packages/airflow/example_dags/tutorial_objectstorage.py
[2024-11-13T00:01:04.463+0000] {logging_mixin.py:190} INFO - [2024-11-13T00:01:04.462+0000] {dag.py:3239} INFO - Sync 1 DAGs
[2024-11-13T00:01:04.478+0000] {logging_mixin.py:190} INFO - [2024-11-13T00:01:04.478+0000] {dag.py:4180} INFO - Setting next_dagrun for tutorial_objectstorage to None, run_after=None
[2024-11-13T00:01:04.501+0000] {processor.py:208} INFO - Processing /home/airflow/.local/lib/python3.12/site-packages/airflow/example_dags/tutorial_objectstorage.py took 0.085 seconds
[2024-11-13T00:01:34.871+0000] {processor.py:186} INFO - Started process (PID=11065) to work on /home/airflow/.local/lib/python3.12/site-packages/airflow/example_dags/tutorial_objectstorage.py
[2024-11-13T00:01:34.872+0000] {processor.py:914} INFO - Processing file /home/airflow/.local/lib/python3.12/site-packages/airflow/example_dags/tutorial_objectstorage.py for tasks to queue
[2024-11-13T00:01:34.874+0000] {logging_mixin.py:190} INFO - [2024-11-13T00:01:34.873+0000] {dagbag.py:588} INFO - Filling up the DagBag from /home/airflow/.local/lib/python3.12/site-packages/airflow/example_dags/tutorial_objectstorage.py
[2024-11-13T00:01:34.884+0000] {processor.py:925} INFO - DAG(s) 'tutorial_objectstorage' retrieved from /home/airflow/.local/lib/python3.12/site-packages/airflow/example_dags/tutorial_objectstorage.py
[2024-11-13T00:01:34.903+0000] {logging_mixin.py:190} INFO - [2024-11-13T00:01:34.902+0000] {dag.py:3239} INFO - Sync 1 DAGs
[2024-11-13T00:01:34.917+0000] {logging_mixin.py:190} INFO - [2024-11-13T00:01:34.917+0000] {dag.py:4180} INFO - Setting next_dagrun for tutorial_objectstorage to None, run_after=None
[2024-11-13T00:01:34.939+0000] {processor.py:208} INFO - Processing /home/airflow/.local/lib/python3.12/site-packages/airflow/example_dags/tutorial_objectstorage.py took 0.076 seconds
[2024-11-13T00:02:05.769+0000] {processor.py:186} INFO - Started process (PID=11129) to work on /home/airflow/.local/lib/python3.12/site-packages/airflow/example_dags/tutorial_objectstorage.py
[2024-11-13T00:02:05.770+0000] {processor.py:914} INFO - Processing file /home/airflow/.local/lib/python3.12/site-packages/airflow/example_dags/tutorial_objectstorage.py for tasks to queue
[2024-11-13T00:02:05.772+0000] {logging_mixin.py:190} INFO - [2024-11-13T00:02:05.771+0000] {dagbag.py:588} INFO - Filling up the DagBag from /home/airflow/.local/lib/python3.12/site-packages/airflow/example_dags/tutorial_objectstorage.py
[2024-11-13T00:02:05.786+0000] {processor.py:925} INFO - DAG(s) 'tutorial_objectstorage' retrieved from /home/airflow/.local/lib/python3.12/site-packages/airflow/example_dags/tutorial_objectstorage.py
[2024-11-13T00:02:05.810+0000] {logging_mixin.py:190} INFO - [2024-11-13T00:02:05.810+0000] {dag.py:3239} INFO - Sync 1 DAGs
[2024-11-13T00:02:05.828+0000] {logging_mixin.py:190} INFO - [2024-11-13T00:02:05.828+0000] {dag.py:4180} INFO - Setting next_dagrun for tutorial_objectstorage to None, run_after=None
[2024-11-13T00:02:05.857+0000] {processor.py:208} INFO - Processing /home/airflow/.local/lib/python3.12/site-packages/airflow/example_dags/tutorial_objectstorage.py took 0.097 seconds
[2024-11-13T00:02:36.880+0000] {processor.py:186} INFO - Started process (PID=11194) to work on /home/airflow/.local/lib/python3.12/site-packages/airflow/example_dags/tutorial_objectstorage.py
[2024-11-13T00:02:36.882+0000] {processor.py:914} INFO - Processing file /home/airflow/.local/lib/python3.12/site-packages/airflow/example_dags/tutorial_objectstorage.py for tasks to queue
[2024-11-13T00:02:36.885+0000] {logging_mixin.py:190} INFO - [2024-11-13T00:02:36.884+0000] {dagbag.py:588} INFO - Filling up the DagBag from /home/airflow/.local/lib/python3.12/site-packages/airflow/example_dags/tutorial_objectstorage.py
[2024-11-13T00:02:36.902+0000] {processor.py:925} INFO - DAG(s) 'tutorial_objectstorage' retrieved from /home/airflow/.local/lib/python3.12/site-packages/airflow/example_dags/tutorial_objectstorage.py
[2024-11-13T00:02:36.964+0000] {logging_mixin.py:190} INFO - [2024-11-13T00:02:36.964+0000] {dag.py:3239} INFO - Sync 1 DAGs
[2024-11-13T00:02:36.995+0000] {logging_mixin.py:190} INFO - [2024-11-13T00:02:36.995+0000] {dag.py:4180} INFO - Setting next_dagrun for tutorial_objectstorage to None, run_after=None
[2024-11-13T00:02:37.032+0000] {processor.py:208} INFO - Processing /home/airflow/.local/lib/python3.12/site-packages/airflow/example_dags/tutorial_objectstorage.py took 0.164 seconds
[2024-11-13T00:03:07.659+0000] {processor.py:186} INFO - Started process (PID=11258) to work on /home/airflow/.local/lib/python3.12/site-packages/airflow/example_dags/tutorial_objectstorage.py
[2024-11-13T00:03:07.660+0000] {processor.py:914} INFO - Processing file /home/airflow/.local/lib/python3.12/site-packages/airflow/example_dags/tutorial_objectstorage.py for tasks to queue
[2024-11-13T00:03:07.665+0000] {logging_mixin.py:190} INFO - [2024-11-13T00:03:07.662+0000] {dagbag.py:588} INFO - Filling up the DagBag from /home/airflow/.local/lib/python3.12/site-packages/airflow/example_dags/tutorial_objectstorage.py
[2024-11-13T00:03:07.687+0000] {processor.py:925} INFO - DAG(s) 'tutorial_objectstorage' retrieved from /home/airflow/.local/lib/python3.12/site-packages/airflow/example_dags/tutorial_objectstorage.py
[2024-11-13T00:03:07.714+0000] {logging_mixin.py:190} INFO - [2024-11-13T00:03:07.713+0000] {dag.py:3239} INFO - Sync 1 DAGs
[2024-11-13T00:03:07.739+0000] {logging_mixin.py:190} INFO - [2024-11-13T00:03:07.738+0000] {dag.py:4180} INFO - Setting next_dagrun for tutorial_objectstorage to None, run_after=None
[2024-11-13T00:03:07.776+0000] {processor.py:208} INFO - Processing /home/airflow/.local/lib/python3.12/site-packages/airflow/example_dags/tutorial_objectstorage.py took 0.128 seconds
[2024-11-13T00:03:38.139+0000] {processor.py:186} INFO - Started process (PID=11322) to work on /home/airflow/.local/lib/python3.12/site-packages/airflow/example_dags/tutorial_objectstorage.py
[2024-11-13T00:03:38.140+0000] {processor.py:914} INFO - Processing file /home/airflow/.local/lib/python3.12/site-packages/airflow/example_dags/tutorial_objectstorage.py for tasks to queue
[2024-11-13T00:03:38.141+0000] {logging_mixin.py:190} INFO - [2024-11-13T00:03:38.141+0000] {dagbag.py:588} INFO - Filling up the DagBag from /home/airflow/.local/lib/python3.12/site-packages/airflow/example_dags/tutorial_objectstorage.py
[2024-11-13T00:03:38.151+0000] {processor.py:925} INFO - DAG(s) 'tutorial_objectstorage' retrieved from /home/airflow/.local/lib/python3.12/site-packages/airflow/example_dags/tutorial_objectstorage.py
[2024-11-13T00:03:38.173+0000] {logging_mixin.py:190} INFO - [2024-11-13T00:03:38.173+0000] {dag.py:3239} INFO - Sync 1 DAGs
[2024-11-13T00:03:38.187+0000] {logging_mixin.py:190} INFO - [2024-11-13T00:03:38.187+0000] {dag.py:4180} INFO - Setting next_dagrun for tutorial_objectstorage to None, run_after=None
[2024-11-13T00:03:38.210+0000] {processor.py:208} INFO - Processing /home/airflow/.local/lib/python3.12/site-packages/airflow/example_dags/tutorial_objectstorage.py took 0.078 seconds
[2024-11-13T00:04:08.293+0000] {processor.py:186} INFO - Started process (PID=11386) to work on /home/airflow/.local/lib/python3.12/site-packages/airflow/example_dags/tutorial_objectstorage.py
[2024-11-13T00:04:08.293+0000] {processor.py:914} INFO - Processing file /home/airflow/.local/lib/python3.12/site-packages/airflow/example_dags/tutorial_objectstorage.py for tasks to queue
[2024-11-13T00:04:08.295+0000] {logging_mixin.py:190} INFO - [2024-11-13T00:04:08.294+0000] {dagbag.py:588} INFO - Filling up the DagBag from /home/airflow/.local/lib/python3.12/site-packages/airflow/example_dags/tutorial_objectstorage.py
[2024-11-13T00:04:08.305+0000] {processor.py:925} INFO - DAG(s) 'tutorial_objectstorage' retrieved from /home/airflow/.local/lib/python3.12/site-packages/airflow/example_dags/tutorial_objectstorage.py
[2024-11-13T00:04:08.328+0000] {logging_mixin.py:190} INFO - [2024-11-13T00:04:08.328+0000] {dag.py:3239} INFO - Sync 1 DAGs
[2024-11-13T00:04:08.342+0000] {logging_mixin.py:190} INFO - [2024-11-13T00:04:08.342+0000] {dag.py:4180} INFO - Setting next_dagrun for tutorial_objectstorage to None, run_after=None
[2024-11-13T00:04:08.366+0000] {processor.py:208} INFO - Processing /home/airflow/.local/lib/python3.12/site-packages/airflow/example_dags/tutorial_objectstorage.py took 0.081 seconds
[2024-11-13T00:04:39.006+0000] {processor.py:186} INFO - Started process (PID=11450) to work on /home/airflow/.local/lib/python3.12/site-packages/airflow/example_dags/tutorial_objectstorage.py
[2024-11-13T00:04:39.007+0000] {processor.py:914} INFO - Processing file /home/airflow/.local/lib/python3.12/site-packages/airflow/example_dags/tutorial_objectstorage.py for tasks to queue
[2024-11-13T00:04:39.008+0000] {logging_mixin.py:190} INFO - [2024-11-13T00:04:39.008+0000] {dagbag.py:588} INFO - Filling up the DagBag from /home/airflow/.local/lib/python3.12/site-packages/airflow/example_dags/tutorial_objectstorage.py
[2024-11-13T00:04:39.021+0000] {processor.py:925} INFO - DAG(s) 'tutorial_objectstorage' retrieved from /home/airflow/.local/lib/python3.12/site-packages/airflow/example_dags/tutorial_objectstorage.py
[2024-11-13T00:04:39.042+0000] {logging_mixin.py:190} INFO - [2024-11-13T00:04:39.042+0000] {dag.py:3239} INFO - Sync 1 DAGs
[2024-11-13T00:04:39.057+0000] {logging_mixin.py:190} INFO - [2024-11-13T00:04:39.056+0000] {dag.py:4180} INFO - Setting next_dagrun for tutorial_objectstorage to None, run_after=None
[2024-11-13T00:04:39.080+0000] {processor.py:208} INFO - Processing /home/airflow/.local/lib/python3.12/site-packages/airflow/example_dags/tutorial_objectstorage.py took 0.082 seconds
[2024-11-13T00:05:09.247+0000] {processor.py:186} INFO - Started process (PID=11514) to work on /home/airflow/.local/lib/python3.12/site-packages/airflow/example_dags/tutorial_objectstorage.py
[2024-11-13T00:05:09.248+0000] {processor.py:914} INFO - Processing file /home/airflow/.local/lib/python3.12/site-packages/airflow/example_dags/tutorial_objectstorage.py for tasks to queue
[2024-11-13T00:05:09.249+0000] {logging_mixin.py:190} INFO - [2024-11-13T00:05:09.249+0000] {dagbag.py:588} INFO - Filling up the DagBag from /home/airflow/.local/lib/python3.12/site-packages/airflow/example_dags/tutorial_objectstorage.py
[2024-11-13T00:05:09.260+0000] {processor.py:925} INFO - DAG(s) 'tutorial_objectstorage' retrieved from /home/airflow/.local/lib/python3.12/site-packages/airflow/example_dags/tutorial_objectstorage.py
[2024-11-13T00:05:09.282+0000] {logging_mixin.py:190} INFO - [2024-11-13T00:05:09.282+0000] {dag.py:3239} INFO - Sync 1 DAGs
[2024-11-13T00:05:09.304+0000] {logging_mixin.py:190} INFO - [2024-11-13T00:05:09.303+0000] {dag.py:4180} INFO - Setting next_dagrun for tutorial_objectstorage to None, run_after=None
[2024-11-13T00:05:09.429+0000] {processor.py:208} INFO - Processing /home/airflow/.local/lib/python3.12/site-packages/airflow/example_dags/tutorial_objectstorage.py took 0.193 seconds
[2024-11-13T00:05:40.257+0000] {processor.py:186} INFO - Started process (PID=11579) to work on /home/airflow/.local/lib/python3.12/site-packages/airflow/example_dags/tutorial_objectstorage.py
[2024-11-13T00:05:40.258+0000] {processor.py:914} INFO - Processing file /home/airflow/.local/lib/python3.12/site-packages/airflow/example_dags/tutorial_objectstorage.py for tasks to queue
[2024-11-13T00:05:40.260+0000] {logging_mixin.py:190} INFO - [2024-11-13T00:05:40.260+0000] {dagbag.py:588} INFO - Filling up the DagBag from /home/airflow/.local/lib/python3.12/site-packages/airflow/example_dags/tutorial_objectstorage.py
[2024-11-13T00:05:40.294+0000] {processor.py:925} INFO - DAG(s) 'tutorial_objectstorage' retrieved from /home/airflow/.local/lib/python3.12/site-packages/airflow/example_dags/tutorial_objectstorage.py
[2024-11-13T00:05:40.322+0000] {logging_mixin.py:190} INFO - [2024-11-13T00:05:40.322+0000] {dag.py:3239} INFO - Sync 1 DAGs
[2024-11-13T00:05:40.342+0000] {logging_mixin.py:190} INFO - [2024-11-13T00:05:40.342+0000] {dag.py:4180} INFO - Setting next_dagrun for tutorial_objectstorage to None, run_after=None
[2024-11-13T00:05:40.386+0000] {processor.py:208} INFO - Processing /home/airflow/.local/lib/python3.12/site-packages/airflow/example_dags/tutorial_objectstorage.py took 0.139 seconds
[2024-11-13T00:06:10.683+0000] {processor.py:186} INFO - Started process (PID=11643) to work on /home/airflow/.local/lib/python3.12/site-packages/airflow/example_dags/tutorial_objectstorage.py
[2024-11-13T00:06:10.684+0000] {processor.py:914} INFO - Processing file /home/airflow/.local/lib/python3.12/site-packages/airflow/example_dags/tutorial_objectstorage.py for tasks to queue
[2024-11-13T00:06:10.688+0000] {logging_mixin.py:190} INFO - [2024-11-13T00:06:10.687+0000] {dagbag.py:588} INFO - Filling up the DagBag from /home/airflow/.local/lib/python3.12/site-packages/airflow/example_dags/tutorial_objectstorage.py
[2024-11-13T00:06:10.710+0000] {processor.py:925} INFO - DAG(s) 'tutorial_objectstorage' retrieved from /home/airflow/.local/lib/python3.12/site-packages/airflow/example_dags/tutorial_objectstorage.py
[2024-11-13T00:06:10.734+0000] {logging_mixin.py:190} INFO - [2024-11-13T00:06:10.734+0000] {dag.py:3239} INFO - Sync 1 DAGs
[2024-11-13T00:06:10.756+0000] {logging_mixin.py:190} INFO - [2024-11-13T00:06:10.756+0000] {dag.py:4180} INFO - Setting next_dagrun for tutorial_objectstorage to None, run_after=None
[2024-11-13T00:06:10.792+0000] {processor.py:208} INFO - Processing /home/airflow/.local/lib/python3.12/site-packages/airflow/example_dags/tutorial_objectstorage.py took 0.118 seconds
[2024-11-13T00:06:41.707+0000] {processor.py:186} INFO - Started process (PID=11707) to work on /home/airflow/.local/lib/python3.12/site-packages/airflow/example_dags/tutorial_objectstorage.py
[2024-11-13T00:06:41.708+0000] {processor.py:914} INFO - Processing file /home/airflow/.local/lib/python3.12/site-packages/airflow/example_dags/tutorial_objectstorage.py for tasks to queue
[2024-11-13T00:06:41.710+0000] {logging_mixin.py:190} INFO - [2024-11-13T00:06:41.709+0000] {dagbag.py:588} INFO - Filling up the DagBag from /home/airflow/.local/lib/python3.12/site-packages/airflow/example_dags/tutorial_objectstorage.py
[2024-11-13T00:06:41.720+0000] {processor.py:925} INFO - DAG(s) 'tutorial_objectstorage' retrieved from /home/airflow/.local/lib/python3.12/site-packages/airflow/example_dags/tutorial_objectstorage.py
[2024-11-13T00:06:41.739+0000] {logging_mixin.py:190} INFO - [2024-11-13T00:06:41.738+0000] {dag.py:3239} INFO - Sync 1 DAGs
[2024-11-13T00:06:41.751+0000] {logging_mixin.py:190} INFO - [2024-11-13T00:06:41.751+0000] {dag.py:4180} INFO - Setting next_dagrun for tutorial_objectstorage to None, run_after=None
[2024-11-13T00:06:41.775+0000] {processor.py:208} INFO - Processing /home/airflow/.local/lib/python3.12/site-packages/airflow/example_dags/tutorial_objectstorage.py took 0.075 seconds
[2024-11-13T00:07:11.909+0000] {processor.py:186} INFO - Started process (PID=11770) to work on /home/airflow/.local/lib/python3.12/site-packages/airflow/example_dags/tutorial_objectstorage.py
[2024-11-13T00:07:11.909+0000] {processor.py:914} INFO - Processing file /home/airflow/.local/lib/python3.12/site-packages/airflow/example_dags/tutorial_objectstorage.py for tasks to queue
[2024-11-13T00:07:11.911+0000] {logging_mixin.py:190} INFO - [2024-11-13T00:07:11.910+0000] {dagbag.py:588} INFO - Filling up the DagBag from /home/airflow/.local/lib/python3.12/site-packages/airflow/example_dags/tutorial_objectstorage.py
[2024-11-13T00:07:11.920+0000] {processor.py:925} INFO - DAG(s) 'tutorial_objectstorage' retrieved from /home/airflow/.local/lib/python3.12/site-packages/airflow/example_dags/tutorial_objectstorage.py
[2024-11-13T00:07:11.942+0000] {logging_mixin.py:190} INFO - [2024-11-13T00:07:11.942+0000] {dag.py:3239} INFO - Sync 1 DAGs
[2024-11-13T00:07:11.955+0000] {logging_mixin.py:190} INFO - [2024-11-13T00:07:11.955+0000] {dag.py:4180} INFO - Setting next_dagrun for tutorial_objectstorage to None, run_after=None
[2024-11-13T00:07:11.979+0000] {processor.py:208} INFO - Processing /home/airflow/.local/lib/python3.12/site-packages/airflow/example_dags/tutorial_objectstorage.py took 0.079 seconds
[2024-11-13T00:07:42.523+0000] {processor.py:186} INFO - Started process (PID=11834) to work on /home/airflow/.local/lib/python3.12/site-packages/airflow/example_dags/tutorial_objectstorage.py
[2024-11-13T00:07:42.524+0000] {processor.py:914} INFO - Processing file /home/airflow/.local/lib/python3.12/site-packages/airflow/example_dags/tutorial_objectstorage.py for tasks to queue
[2024-11-13T00:07:42.525+0000] {logging_mixin.py:190} INFO - [2024-11-13T00:07:42.525+0000] {dagbag.py:588} INFO - Filling up the DagBag from /home/airflow/.local/lib/python3.12/site-packages/airflow/example_dags/tutorial_objectstorage.py
[2024-11-13T00:07:42.536+0000] {processor.py:925} INFO - DAG(s) 'tutorial_objectstorage' retrieved from /home/airflow/.local/lib/python3.12/site-packages/airflow/example_dags/tutorial_objectstorage.py
[2024-11-13T00:07:42.556+0000] {logging_mixin.py:190} INFO - [2024-11-13T00:07:42.556+0000] {dag.py:3239} INFO - Sync 1 DAGs
[2024-11-13T00:07:42.570+0000] {logging_mixin.py:190} INFO - [2024-11-13T00:07:42.569+0000] {dag.py:4180} INFO - Setting next_dagrun for tutorial_objectstorage to None, run_after=None
[2024-11-13T00:07:42.606+0000] {processor.py:208} INFO - Processing /home/airflow/.local/lib/python3.12/site-packages/airflow/example_dags/tutorial_objectstorage.py took 0.089 seconds
[2024-11-13T00:08:12.877+0000] {processor.py:186} INFO - Started process (PID=11898) to work on /home/airflow/.local/lib/python3.12/site-packages/airflow/example_dags/tutorial_objectstorage.py
[2024-11-13T00:08:12.879+0000] {processor.py:914} INFO - Processing file /home/airflow/.local/lib/python3.12/site-packages/airflow/example_dags/tutorial_objectstorage.py for tasks to queue
[2024-11-13T00:08:12.880+0000] {logging_mixin.py:190} INFO - [2024-11-13T00:08:12.880+0000] {dagbag.py:588} INFO - Filling up the DagBag from /home/airflow/.local/lib/python3.12/site-packages/airflow/example_dags/tutorial_objectstorage.py
[2024-11-13T00:08:12.891+0000] {processor.py:925} INFO - DAG(s) 'tutorial_objectstorage' retrieved from /home/airflow/.local/lib/python3.12/site-packages/airflow/example_dags/tutorial_objectstorage.py
[2024-11-13T00:08:12.913+0000] {logging_mixin.py:190} INFO - [2024-11-13T00:08:12.913+0000] {dag.py:3239} INFO - Sync 1 DAGs
[2024-11-13T00:08:12.928+0000] {logging_mixin.py:190} INFO - [2024-11-13T00:08:12.928+0000] {dag.py:4180} INFO - Setting next_dagrun for tutorial_objectstorage to None, run_after=None
[2024-11-13T00:08:12.954+0000] {processor.py:208} INFO - Processing /home/airflow/.local/lib/python3.12/site-packages/airflow/example_dags/tutorial_objectstorage.py took 0.084 seconds
[2024-11-13T00:08:44.083+0000] {processor.py:186} INFO - Started process (PID=11962) to work on /home/airflow/.local/lib/python3.12/site-packages/airflow/example_dags/tutorial_objectstorage.py
[2024-11-13T00:08:44.084+0000] {processor.py:914} INFO - Processing file /home/airflow/.local/lib/python3.12/site-packages/airflow/example_dags/tutorial_objectstorage.py for tasks to queue
[2024-11-13T00:08:44.086+0000] {logging_mixin.py:190} INFO - [2024-11-13T00:08:44.086+0000] {dagbag.py:588} INFO - Filling up the DagBag from /home/airflow/.local/lib/python3.12/site-packages/airflow/example_dags/tutorial_objectstorage.py
[2024-11-13T00:08:44.099+0000] {processor.py:925} INFO - DAG(s) 'tutorial_objectstorage' retrieved from /home/airflow/.local/lib/python3.12/site-packages/airflow/example_dags/tutorial_objectstorage.py
[2024-11-13T00:08:44.140+0000] {logging_mixin.py:190} INFO - [2024-11-13T00:08:44.139+0000] {dag.py:3239} INFO - Sync 1 DAGs
[2024-11-13T00:08:44.177+0000] {logging_mixin.py:190} INFO - [2024-11-13T00:08:44.176+0000] {dag.py:4180} INFO - Setting next_dagrun for tutorial_objectstorage to None, run_after=None
[2024-11-13T00:08:44.236+0000] {processor.py:208} INFO - Processing /home/airflow/.local/lib/python3.12/site-packages/airflow/example_dags/tutorial_objectstorage.py took 0.168 seconds
[2024-11-13T00:09:14.428+0000] {processor.py:186} INFO - Started process (PID=12025) to work on /home/airflow/.local/lib/python3.12/site-packages/airflow/example_dags/tutorial_objectstorage.py
[2024-11-13T00:09:14.429+0000] {processor.py:914} INFO - Processing file /home/airflow/.local/lib/python3.12/site-packages/airflow/example_dags/tutorial_objectstorage.py for tasks to queue
[2024-11-13T00:09:14.431+0000] {logging_mixin.py:190} INFO - [2024-11-13T00:09:14.431+0000] {dagbag.py:588} INFO - Filling up the DagBag from /home/airflow/.local/lib/python3.12/site-packages/airflow/example_dags/tutorial_objectstorage.py
[2024-11-13T00:09:14.446+0000] {processor.py:925} INFO - DAG(s) 'tutorial_objectstorage' retrieved from /home/airflow/.local/lib/python3.12/site-packages/airflow/example_dags/tutorial_objectstorage.py
[2024-11-13T00:09:14.474+0000] {logging_mixin.py:190} INFO - [2024-11-13T00:09:14.473+0000] {dag.py:3239} INFO - Sync 1 DAGs
[2024-11-13T00:09:14.489+0000] {logging_mixin.py:190} INFO - [2024-11-13T00:09:14.489+0000] {dag.py:4180} INFO - Setting next_dagrun for tutorial_objectstorage to None, run_after=None
[2024-11-13T00:09:14.512+0000] {processor.py:208} INFO - Processing /home/airflow/.local/lib/python3.12/site-packages/airflow/example_dags/tutorial_objectstorage.py took 0.094 seconds
[2024-11-13T00:09:45.454+0000] {processor.py:186} INFO - Started process (PID=12089) to work on /home/airflow/.local/lib/python3.12/site-packages/airflow/example_dags/tutorial_objectstorage.py
[2024-11-13T00:09:45.455+0000] {processor.py:914} INFO - Processing file /home/airflow/.local/lib/python3.12/site-packages/airflow/example_dags/tutorial_objectstorage.py for tasks to queue
[2024-11-13T00:09:45.456+0000] {logging_mixin.py:190} INFO - [2024-11-13T00:09:45.456+0000] {dagbag.py:588} INFO - Filling up the DagBag from /home/airflow/.local/lib/python3.12/site-packages/airflow/example_dags/tutorial_objectstorage.py
[2024-11-13T00:09:45.473+0000] {processor.py:925} INFO - DAG(s) 'tutorial_objectstorage' retrieved from /home/airflow/.local/lib/python3.12/site-packages/airflow/example_dags/tutorial_objectstorage.py
[2024-11-13T00:09:45.497+0000] {logging_mixin.py:190} INFO - [2024-11-13T00:09:45.497+0000] {dag.py:3239} INFO - Sync 1 DAGs
[2024-11-13T00:09:45.509+0000] {logging_mixin.py:190} INFO - [2024-11-13T00:09:45.509+0000] {dag.py:4180} INFO - Setting next_dagrun for tutorial_objectstorage to None, run_after=None
[2024-11-13T00:09:45.539+0000] {processor.py:208} INFO - Processing /home/airflow/.local/lib/python3.12/site-packages/airflow/example_dags/tutorial_objectstorage.py took 0.091 seconds
[2024-11-13T00:10:15.817+0000] {processor.py:186} INFO - Started process (PID=12153) to work on /home/airflow/.local/lib/python3.12/site-packages/airflow/example_dags/tutorial_objectstorage.py
[2024-11-13T00:10:15.818+0000] {processor.py:914} INFO - Processing file /home/airflow/.local/lib/python3.12/site-packages/airflow/example_dags/tutorial_objectstorage.py for tasks to queue
[2024-11-13T00:10:15.822+0000] {logging_mixin.py:190} INFO - [2024-11-13T00:10:15.819+0000] {dagbag.py:588} INFO - Filling up the DagBag from /home/airflow/.local/lib/python3.12/site-packages/airflow/example_dags/tutorial_objectstorage.py
[2024-11-13T00:10:15.832+0000] {processor.py:925} INFO - DAG(s) 'tutorial_objectstorage' retrieved from /home/airflow/.local/lib/python3.12/site-packages/airflow/example_dags/tutorial_objectstorage.py
[2024-11-13T00:10:15.856+0000] {logging_mixin.py:190} INFO - [2024-11-13T00:10:15.856+0000] {dag.py:3239} INFO - Sync 1 DAGs
[2024-11-13T00:10:15.869+0000] {logging_mixin.py:190} INFO - [2024-11-13T00:10:15.868+0000] {dag.py:4180} INFO - Setting next_dagrun for tutorial_objectstorage to None, run_after=None
[2024-11-13T00:10:15.896+0000] {processor.py:208} INFO - Processing /home/airflow/.local/lib/python3.12/site-packages/airflow/example_dags/tutorial_objectstorage.py took 0.086 seconds
[2024-11-13T00:10:46.736+0000] {processor.py:186} INFO - Started process (PID=12217) to work on /home/airflow/.local/lib/python3.12/site-packages/airflow/example_dags/tutorial_objectstorage.py
[2024-11-13T00:10:46.737+0000] {processor.py:914} INFO - Processing file /home/airflow/.local/lib/python3.12/site-packages/airflow/example_dags/tutorial_objectstorage.py for tasks to queue
[2024-11-13T00:10:46.738+0000] {logging_mixin.py:190} INFO - [2024-11-13T00:10:46.738+0000] {dagbag.py:588} INFO - Filling up the DagBag from /home/airflow/.local/lib/python3.12/site-packages/airflow/example_dags/tutorial_objectstorage.py
[2024-11-13T00:10:46.752+0000] {processor.py:925} INFO - DAG(s) 'tutorial_objectstorage' retrieved from /home/airflow/.local/lib/python3.12/site-packages/airflow/example_dags/tutorial_objectstorage.py
[2024-11-13T00:10:46.775+0000] {logging_mixin.py:190} INFO - [2024-11-13T00:10:46.775+0000] {dag.py:3239} INFO - Sync 1 DAGs
[2024-11-13T00:10:46.791+0000] {logging_mixin.py:190} INFO - [2024-11-13T00:10:46.790+0000] {dag.py:4180} INFO - Setting next_dagrun for tutorial_objectstorage to None, run_after=None
[2024-11-13T00:10:46.815+0000] {processor.py:208} INFO - Processing /home/airflow/.local/lib/python3.12/site-packages/airflow/example_dags/tutorial_objectstorage.py took 0.089 seconds
[2024-11-13T00:11:17.141+0000] {processor.py:186} INFO - Started process (PID=12281) to work on /home/airflow/.local/lib/python3.12/site-packages/airflow/example_dags/tutorial_objectstorage.py
[2024-11-13T00:11:17.142+0000] {processor.py:914} INFO - Processing file /home/airflow/.local/lib/python3.12/site-packages/airflow/example_dags/tutorial_objectstorage.py for tasks to queue
[2024-11-13T00:11:17.145+0000] {logging_mixin.py:190} INFO - [2024-11-13T00:11:17.144+0000] {dagbag.py:588} INFO - Filling up the DagBag from /home/airflow/.local/lib/python3.12/site-packages/airflow/example_dags/tutorial_objectstorage.py
[2024-11-13T00:11:17.157+0000] {processor.py:925} INFO - DAG(s) 'tutorial_objectstorage' retrieved from /home/airflow/.local/lib/python3.12/site-packages/airflow/example_dags/tutorial_objectstorage.py
[2024-11-13T00:11:17.177+0000] {logging_mixin.py:190} INFO - [2024-11-13T00:11:17.177+0000] {dag.py:3239} INFO - Sync 1 DAGs
[2024-11-13T00:11:17.190+0000] {logging_mixin.py:190} INFO - [2024-11-13T00:11:17.190+0000] {dag.py:4180} INFO - Setting next_dagrun for tutorial_objectstorage to None, run_after=None
[2024-11-13T00:11:17.211+0000] {processor.py:208} INFO - Processing /home/airflow/.local/lib/python3.12/site-packages/airflow/example_dags/tutorial_objectstorage.py took 0.079 seconds
[2024-11-13T00:11:47.279+0000] {processor.py:186} INFO - Started process (PID=12344) to work on /home/airflow/.local/lib/python3.12/site-packages/airflow/example_dags/tutorial_objectstorage.py
[2024-11-13T00:11:47.279+0000] {processor.py:914} INFO - Processing file /home/airflow/.local/lib/python3.12/site-packages/airflow/example_dags/tutorial_objectstorage.py for tasks to queue
[2024-11-13T00:11:47.281+0000] {logging_mixin.py:190} INFO - [2024-11-13T00:11:47.280+0000] {dagbag.py:588} INFO - Filling up the DagBag from /home/airflow/.local/lib/python3.12/site-packages/airflow/example_dags/tutorial_objectstorage.py
[2024-11-13T00:11:47.292+0000] {processor.py:925} INFO - DAG(s) 'tutorial_objectstorage' retrieved from /home/airflow/.local/lib/python3.12/site-packages/airflow/example_dags/tutorial_objectstorage.py
[2024-11-13T00:11:47.311+0000] {logging_mixin.py:190} INFO - [2024-11-13T00:11:47.311+0000] {dag.py:3239} INFO - Sync 1 DAGs
[2024-11-13T00:11:47.325+0000] {logging_mixin.py:190} INFO - [2024-11-13T00:11:47.325+0000] {dag.py:4180} INFO - Setting next_dagrun for tutorial_objectstorage to None, run_after=None
[2024-11-13T00:11:47.348+0000] {processor.py:208} INFO - Processing /home/airflow/.local/lib/python3.12/site-packages/airflow/example_dags/tutorial_objectstorage.py took 0.076 seconds
[2024-11-13T00:12:17.809+0000] {processor.py:186} INFO - Started process (PID=12408) to work on /home/airflow/.local/lib/python3.12/site-packages/airflow/example_dags/tutorial_objectstorage.py
[2024-11-13T00:12:17.810+0000] {processor.py:914} INFO - Processing file /home/airflow/.local/lib/python3.12/site-packages/airflow/example_dags/tutorial_objectstorage.py for tasks to queue
[2024-11-13T00:12:17.811+0000] {logging_mixin.py:190} INFO - [2024-11-13T00:12:17.811+0000] {dagbag.py:588} INFO - Filling up the DagBag from /home/airflow/.local/lib/python3.12/site-packages/airflow/example_dags/tutorial_objectstorage.py
[2024-11-13T00:12:17.826+0000] {processor.py:925} INFO - DAG(s) 'tutorial_objectstorage' retrieved from /home/airflow/.local/lib/python3.12/site-packages/airflow/example_dags/tutorial_objectstorage.py
[2024-11-13T00:12:17.853+0000] {logging_mixin.py:190} INFO - [2024-11-13T00:12:17.853+0000] {dag.py:3239} INFO - Sync 1 DAGs
[2024-11-13T00:12:17.875+0000] {logging_mixin.py:190} INFO - [2024-11-13T00:12:17.875+0000] {dag.py:4180} INFO - Setting next_dagrun for tutorial_objectstorage to None, run_after=None
[2024-11-13T00:12:17.909+0000] {processor.py:208} INFO - Processing /home/airflow/.local/lib/python3.12/site-packages/airflow/example_dags/tutorial_objectstorage.py took 0.109 seconds
[2024-11-13T00:12:48.224+0000] {processor.py:186} INFO - Started process (PID=12472) to work on /home/airflow/.local/lib/python3.12/site-packages/airflow/example_dags/tutorial_objectstorage.py
[2024-11-13T00:12:48.225+0000] {processor.py:914} INFO - Processing file /home/airflow/.local/lib/python3.12/site-packages/airflow/example_dags/tutorial_objectstorage.py for tasks to queue
[2024-11-13T00:12:48.227+0000] {logging_mixin.py:190} INFO - [2024-11-13T00:12:48.226+0000] {dagbag.py:588} INFO - Filling up the DagBag from /home/airflow/.local/lib/python3.12/site-packages/airflow/example_dags/tutorial_objectstorage.py
[2024-11-13T00:12:48.237+0000] {processor.py:925} INFO - DAG(s) 'tutorial_objectstorage' retrieved from /home/airflow/.local/lib/python3.12/site-packages/airflow/example_dags/tutorial_objectstorage.py
[2024-11-13T00:12:48.261+0000] {logging_mixin.py:190} INFO - [2024-11-13T00:12:48.261+0000] {dag.py:3239} INFO - Sync 1 DAGs
[2024-11-13T00:12:48.275+0000] {logging_mixin.py:190} INFO - [2024-11-13T00:12:48.275+0000] {dag.py:4180} INFO - Setting next_dagrun for tutorial_objectstorage to None, run_after=None
[2024-11-13T00:12:48.308+0000] {processor.py:208} INFO - Processing /home/airflow/.local/lib/python3.12/site-packages/airflow/example_dags/tutorial_objectstorage.py took 0.091 seconds
[2024-11-13T00:13:19.040+0000] {processor.py:186} INFO - Started process (PID=12537) to work on /home/airflow/.local/lib/python3.12/site-packages/airflow/example_dags/tutorial_objectstorage.py
[2024-11-13T00:13:19.041+0000] {processor.py:914} INFO - Processing file /home/airflow/.local/lib/python3.12/site-packages/airflow/example_dags/tutorial_objectstorage.py for tasks to queue
[2024-11-13T00:13:19.043+0000] {logging_mixin.py:190} INFO - [2024-11-13T00:13:19.043+0000] {dagbag.py:588} INFO - Filling up the DagBag from /home/airflow/.local/lib/python3.12/site-packages/airflow/example_dags/tutorial_objectstorage.py
[2024-11-13T00:13:19.055+0000] {processor.py:925} INFO - DAG(s) 'tutorial_objectstorage' retrieved from /home/airflow/.local/lib/python3.12/site-packages/airflow/example_dags/tutorial_objectstorage.py
[2024-11-13T00:13:19.079+0000] {logging_mixin.py:190} INFO - [2024-11-13T00:13:19.079+0000] {dag.py:3239} INFO - Sync 1 DAGs
[2024-11-13T00:13:19.097+0000] {logging_mixin.py:190} INFO - [2024-11-13T00:13:19.097+0000] {dag.py:4180} INFO - Setting next_dagrun for tutorial_objectstorage to None, run_after=None
[2024-11-13T00:13:19.123+0000] {processor.py:208} INFO - Processing /home/airflow/.local/lib/python3.12/site-packages/airflow/example_dags/tutorial_objectstorage.py took 0.091 seconds
[2024-11-13T00:13:49.298+0000] {processor.py:186} INFO - Started process (PID=12601) to work on /home/airflow/.local/lib/python3.12/site-packages/airflow/example_dags/tutorial_objectstorage.py
[2024-11-13T00:13:49.299+0000] {processor.py:914} INFO - Processing file /home/airflow/.local/lib/python3.12/site-packages/airflow/example_dags/tutorial_objectstorage.py for tasks to queue
[2024-11-13T00:13:49.301+0000] {logging_mixin.py:190} INFO - [2024-11-13T00:13:49.300+0000] {dagbag.py:588} INFO - Filling up the DagBag from /home/airflow/.local/lib/python3.12/site-packages/airflow/example_dags/tutorial_objectstorage.py
[2024-11-13T00:13:49.311+0000] {processor.py:925} INFO - DAG(s) 'tutorial_objectstorage' retrieved from /home/airflow/.local/lib/python3.12/site-packages/airflow/example_dags/tutorial_objectstorage.py
[2024-11-13T00:13:49.332+0000] {logging_mixin.py:190} INFO - [2024-11-13T00:13:49.332+0000] {dag.py:3239} INFO - Sync 1 DAGs
[2024-11-13T00:13:49.346+0000] {logging_mixin.py:190} INFO - [2024-11-13T00:13:49.346+0000] {dag.py:4180} INFO - Setting next_dagrun for tutorial_objectstorage to None, run_after=None
[2024-11-13T00:13:49.369+0000] {processor.py:208} INFO - Processing /home/airflow/.local/lib/python3.12/site-packages/airflow/example_dags/tutorial_objectstorage.py took 0.081 seconds
[2024-11-13T00:14:19.452+0000] {processor.py:186} INFO - Started process (PID=12665) to work on /home/airflow/.local/lib/python3.12/site-packages/airflow/example_dags/tutorial_objectstorage.py
[2024-11-13T00:14:19.453+0000] {processor.py:914} INFO - Processing file /home/airflow/.local/lib/python3.12/site-packages/airflow/example_dags/tutorial_objectstorage.py for tasks to queue
[2024-11-13T00:14:19.454+0000] {logging_mixin.py:190} INFO - [2024-11-13T00:14:19.454+0000] {dagbag.py:588} INFO - Filling up the DagBag from /home/airflow/.local/lib/python3.12/site-packages/airflow/example_dags/tutorial_objectstorage.py
[2024-11-13T00:14:19.464+0000] {processor.py:925} INFO - DAG(s) 'tutorial_objectstorage' retrieved from /home/airflow/.local/lib/python3.12/site-packages/airflow/example_dags/tutorial_objectstorage.py
[2024-11-13T00:14:19.486+0000] {logging_mixin.py:190} INFO - [2024-11-13T00:14:19.485+0000] {dag.py:3239} INFO - Sync 1 DAGs
[2024-11-13T00:14:19.501+0000] {logging_mixin.py:190} INFO - [2024-11-13T00:14:19.501+0000] {dag.py:4180} INFO - Setting next_dagrun for tutorial_objectstorage to None, run_after=None
[2024-11-13T00:14:19.633+0000] {processor.py:208} INFO - Processing /home/airflow/.local/lib/python3.12/site-packages/airflow/example_dags/tutorial_objectstorage.py took 0.188 seconds
[2024-11-13T00:14:49.773+0000] {processor.py:186} INFO - Started process (PID=12729) to work on /home/airflow/.local/lib/python3.12/site-packages/airflow/example_dags/tutorial_objectstorage.py
[2024-11-13T00:14:49.774+0000] {processor.py:914} INFO - Processing file /home/airflow/.local/lib/python3.12/site-packages/airflow/example_dags/tutorial_objectstorage.py for tasks to queue
[2024-11-13T00:14:49.777+0000] {logging_mixin.py:190} INFO - [2024-11-13T00:14:49.776+0000] {dagbag.py:588} INFO - Filling up the DagBag from /home/airflow/.local/lib/python3.12/site-packages/airflow/example_dags/tutorial_objectstorage.py
[2024-11-13T00:14:49.789+0000] {processor.py:925} INFO - DAG(s) 'tutorial_objectstorage' retrieved from /home/airflow/.local/lib/python3.12/site-packages/airflow/example_dags/tutorial_objectstorage.py
[2024-11-13T00:14:49.809+0000] {logging_mixin.py:190} INFO - [2024-11-13T00:14:49.808+0000] {dag.py:3239} INFO - Sync 1 DAGs
[2024-11-13T00:14:49.822+0000] {logging_mixin.py:190} INFO - [2024-11-13T00:14:49.822+0000] {dag.py:4180} INFO - Setting next_dagrun for tutorial_objectstorage to None, run_after=None
[2024-11-13T00:14:49.843+0000] {processor.py:208} INFO - Processing /home/airflow/.local/lib/python3.12/site-packages/airflow/example_dags/tutorial_objectstorage.py took 0.078 seconds
[2024-11-13T00:15:20.259+0000] {processor.py:186} INFO - Started process (PID=12793) to work on /home/airflow/.local/lib/python3.12/site-packages/airflow/example_dags/tutorial_objectstorage.py
[2024-11-13T00:15:20.260+0000] {processor.py:914} INFO - Processing file /home/airflow/.local/lib/python3.12/site-packages/airflow/example_dags/tutorial_objectstorage.py for tasks to queue
[2024-11-13T00:15:20.261+0000] {logging_mixin.py:190} INFO - [2024-11-13T00:15:20.261+0000] {dagbag.py:588} INFO - Filling up the DagBag from /home/airflow/.local/lib/python3.12/site-packages/airflow/example_dags/tutorial_objectstorage.py
[2024-11-13T00:15:20.271+0000] {processor.py:925} INFO - DAG(s) 'tutorial_objectstorage' retrieved from /home/airflow/.local/lib/python3.12/site-packages/airflow/example_dags/tutorial_objectstorage.py
[2024-11-13T00:15:20.290+0000] {logging_mixin.py:190} INFO - [2024-11-13T00:15:20.290+0000] {dag.py:3239} INFO - Sync 1 DAGs
[2024-11-13T00:15:20.303+0000] {logging_mixin.py:190} INFO - [2024-11-13T00:15:20.303+0000] {dag.py:4180} INFO - Setting next_dagrun for tutorial_objectstorage to None, run_after=None
[2024-11-13T00:15:20.325+0000] {processor.py:208} INFO - Processing /home/airflow/.local/lib/python3.12/site-packages/airflow/example_dags/tutorial_objectstorage.py took 0.073 seconds
[2024-11-13T00:15:50.910+0000] {processor.py:186} INFO - Started process (PID=12856) to work on /home/airflow/.local/lib/python3.12/site-packages/airflow/example_dags/tutorial_objectstorage.py
[2024-11-13T00:15:50.911+0000] {processor.py:914} INFO - Processing file /home/airflow/.local/lib/python3.12/site-packages/airflow/example_dags/tutorial_objectstorage.py for tasks to queue
[2024-11-13T00:15:50.913+0000] {logging_mixin.py:190} INFO - [2024-11-13T00:15:50.912+0000] {dagbag.py:588} INFO - Filling up the DagBag from /home/airflow/.local/lib/python3.12/site-packages/airflow/example_dags/tutorial_objectstorage.py
[2024-11-13T00:15:50.925+0000] {processor.py:925} INFO - DAG(s) 'tutorial_objectstorage' retrieved from /home/airflow/.local/lib/python3.12/site-packages/airflow/example_dags/tutorial_objectstorage.py
[2024-11-13T00:15:50.946+0000] {logging_mixin.py:190} INFO - [2024-11-13T00:15:50.946+0000] {dag.py:3239} INFO - Sync 1 DAGs
[2024-11-13T00:15:50.960+0000] {logging_mixin.py:190} INFO - [2024-11-13T00:15:50.959+0000] {dag.py:4180} INFO - Setting next_dagrun for tutorial_objectstorage to None, run_after=None
[2024-11-13T00:15:50.983+0000] {processor.py:208} INFO - Processing /home/airflow/.local/lib/python3.12/site-packages/airflow/example_dags/tutorial_objectstorage.py took 0.084 seconds
[2024-11-13T00:16:21.404+0000] {processor.py:186} INFO - Started process (PID=12921) to work on /home/airflow/.local/lib/python3.12/site-packages/airflow/example_dags/tutorial_objectstorage.py
[2024-11-13T00:16:21.405+0000] {processor.py:914} INFO - Processing file /home/airflow/.local/lib/python3.12/site-packages/airflow/example_dags/tutorial_objectstorage.py for tasks to queue
[2024-11-13T00:16:21.406+0000] {logging_mixin.py:190} INFO - [2024-11-13T00:16:21.406+0000] {dagbag.py:588} INFO - Filling up the DagBag from /home/airflow/.local/lib/python3.12/site-packages/airflow/example_dags/tutorial_objectstorage.py
[2024-11-13T00:16:21.417+0000] {processor.py:925} INFO - DAG(s) 'tutorial_objectstorage' retrieved from /home/airflow/.local/lib/python3.12/site-packages/airflow/example_dags/tutorial_objectstorage.py
[2024-11-13T00:16:21.438+0000] {logging_mixin.py:190} INFO - [2024-11-13T00:16:21.438+0000] {dag.py:3239} INFO - Sync 1 DAGs
[2024-11-13T00:16:21.452+0000] {logging_mixin.py:190} INFO - [2024-11-13T00:16:21.451+0000] {dag.py:4180} INFO - Setting next_dagrun for tutorial_objectstorage to None, run_after=None
[2024-11-13T00:16:21.475+0000] {processor.py:208} INFO - Processing /home/airflow/.local/lib/python3.12/site-packages/airflow/example_dags/tutorial_objectstorage.py took 0.081 seconds
[2024-11-13T00:16:52.024+0000] {processor.py:186} INFO - Started process (PID=12984) to work on /home/airflow/.local/lib/python3.12/site-packages/airflow/example_dags/tutorial_objectstorage.py
[2024-11-13T00:16:52.025+0000] {processor.py:914} INFO - Processing file /home/airflow/.local/lib/python3.12/site-packages/airflow/example_dags/tutorial_objectstorage.py for tasks to queue
[2024-11-13T00:16:52.027+0000] {logging_mixin.py:190} INFO - [2024-11-13T00:16:52.026+0000] {dagbag.py:588} INFO - Filling up the DagBag from /home/airflow/.local/lib/python3.12/site-packages/airflow/example_dags/tutorial_objectstorage.py
[2024-11-13T00:16:52.044+0000] {processor.py:925} INFO - DAG(s) 'tutorial_objectstorage' retrieved from /home/airflow/.local/lib/python3.12/site-packages/airflow/example_dags/tutorial_objectstorage.py
[2024-11-13T00:16:52.070+0000] {logging_mixin.py:190} INFO - [2024-11-13T00:16:52.069+0000] {dag.py:3239} INFO - Sync 1 DAGs
[2024-11-13T00:16:52.087+0000] {logging_mixin.py:190} INFO - [2024-11-13T00:16:52.087+0000] {dag.py:4180} INFO - Setting next_dagrun for tutorial_objectstorage to None, run_after=None
[2024-11-13T00:16:52.119+0000] {processor.py:208} INFO - Processing /home/airflow/.local/lib/python3.12/site-packages/airflow/example_dags/tutorial_objectstorage.py took 0.104 seconds
[2024-11-13T00:17:22.387+0000] {processor.py:186} INFO - Started process (PID=13048) to work on /home/airflow/.local/lib/python3.12/site-packages/airflow/example_dags/tutorial_objectstorage.py
[2024-11-13T00:17:22.388+0000] {processor.py:914} INFO - Processing file /home/airflow/.local/lib/python3.12/site-packages/airflow/example_dags/tutorial_objectstorage.py for tasks to queue
[2024-11-13T00:17:22.390+0000] {logging_mixin.py:190} INFO - [2024-11-13T00:17:22.390+0000] {dagbag.py:588} INFO - Filling up the DagBag from /home/airflow/.local/lib/python3.12/site-packages/airflow/example_dags/tutorial_objectstorage.py
[2024-11-13T00:17:22.401+0000] {processor.py:925} INFO - DAG(s) 'tutorial_objectstorage' retrieved from /home/airflow/.local/lib/python3.12/site-packages/airflow/example_dags/tutorial_objectstorage.py
[2024-11-13T00:17:22.422+0000] {logging_mixin.py:190} INFO - [2024-11-13T00:17:22.421+0000] {dag.py:3239} INFO - Sync 1 DAGs
[2024-11-13T00:17:22.436+0000] {logging_mixin.py:190} INFO - [2024-11-13T00:17:22.436+0000] {dag.py:4180} INFO - Setting next_dagrun for tutorial_objectstorage to None, run_after=None
[2024-11-13T00:17:22.460+0000] {processor.py:208} INFO - Processing /home/airflow/.local/lib/python3.12/site-packages/airflow/example_dags/tutorial_objectstorage.py took 0.081 seconds
[2024-11-13T00:17:52.911+0000] {processor.py:186} INFO - Started process (PID=13113) to work on /home/airflow/.local/lib/python3.12/site-packages/airflow/example_dags/tutorial_objectstorage.py
[2024-11-13T00:17:52.912+0000] {processor.py:914} INFO - Processing file /home/airflow/.local/lib/python3.12/site-packages/airflow/example_dags/tutorial_objectstorage.py for tasks to queue
[2024-11-13T00:17:52.913+0000] {logging_mixin.py:190} INFO - [2024-11-13T00:17:52.913+0000] {dagbag.py:588} INFO - Filling up the DagBag from /home/airflow/.local/lib/python3.12/site-packages/airflow/example_dags/tutorial_objectstorage.py
[2024-11-13T00:17:52.928+0000] {processor.py:925} INFO - DAG(s) 'tutorial_objectstorage' retrieved from /home/airflow/.local/lib/python3.12/site-packages/airflow/example_dags/tutorial_objectstorage.py
[2024-11-13T00:17:52.949+0000] {logging_mixin.py:190} INFO - [2024-11-13T00:17:52.948+0000] {dag.py:3239} INFO - Sync 1 DAGs
[2024-11-13T00:17:52.963+0000] {logging_mixin.py:190} INFO - [2024-11-13T00:17:52.963+0000] {dag.py:4180} INFO - Setting next_dagrun for tutorial_objectstorage to None, run_after=None
[2024-11-13T00:17:53.012+0000] {processor.py:208} INFO - Processing /home/airflow/.local/lib/python3.12/site-packages/airflow/example_dags/tutorial_objectstorage.py took 0.109 seconds
[2024-11-13T00:18:24.022+0000] {processor.py:186} INFO - Started process (PID=13177) to work on /home/airflow/.local/lib/python3.12/site-packages/airflow/example_dags/tutorial_objectstorage.py
[2024-11-13T00:18:24.026+0000] {processor.py:914} INFO - Processing file /home/airflow/.local/lib/python3.12/site-packages/airflow/example_dags/tutorial_objectstorage.py for tasks to queue
[2024-11-13T00:18:24.029+0000] {logging_mixin.py:190} INFO - [2024-11-13T00:18:24.027+0000] {dagbag.py:588} INFO - Filling up the DagBag from /home/airflow/.local/lib/python3.12/site-packages/airflow/example_dags/tutorial_objectstorage.py
[2024-11-13T00:18:24.042+0000] {processor.py:925} INFO - DAG(s) 'tutorial_objectstorage' retrieved from /home/airflow/.local/lib/python3.12/site-packages/airflow/example_dags/tutorial_objectstorage.py
[2024-11-13T00:18:24.069+0000] {logging_mixin.py:190} INFO - [2024-11-13T00:18:24.069+0000] {dag.py:3239} INFO - Sync 1 DAGs
[2024-11-13T00:18:24.093+0000] {logging_mixin.py:190} INFO - [2024-11-13T00:18:24.093+0000] {dag.py:4180} INFO - Setting next_dagrun for tutorial_objectstorage to None, run_after=None
[2024-11-13T00:18:24.129+0000] {processor.py:208} INFO - Processing /home/airflow/.local/lib/python3.12/site-packages/airflow/example_dags/tutorial_objectstorage.py took 0.119 seconds
[2024-11-13T00:18:54.848+0000] {processor.py:186} INFO - Started process (PID=13241) to work on /home/airflow/.local/lib/python3.12/site-packages/airflow/example_dags/tutorial_objectstorage.py
[2024-11-13T00:18:54.849+0000] {processor.py:914} INFO - Processing file /home/airflow/.local/lib/python3.12/site-packages/airflow/example_dags/tutorial_objectstorage.py for tasks to queue
[2024-11-13T00:18:54.851+0000] {logging_mixin.py:190} INFO - [2024-11-13T00:18:54.851+0000] {dagbag.py:588} INFO - Filling up the DagBag from /home/airflow/.local/lib/python3.12/site-packages/airflow/example_dags/tutorial_objectstorage.py
[2024-11-13T00:18:54.878+0000] {processor.py:925} INFO - DAG(s) 'tutorial_objectstorage' retrieved from /home/airflow/.local/lib/python3.12/site-packages/airflow/example_dags/tutorial_objectstorage.py
[2024-11-13T00:18:54.909+0000] {logging_mixin.py:190} INFO - [2024-11-13T00:18:54.909+0000] {dag.py:3239} INFO - Sync 1 DAGs
[2024-11-13T00:18:54.930+0000] {logging_mixin.py:190} INFO - [2024-11-13T00:18:54.930+0000] {dag.py:4180} INFO - Setting next_dagrun for tutorial_objectstorage to None, run_after=None
[2024-11-13T00:18:54.970+0000] {processor.py:208} INFO - Processing /home/airflow/.local/lib/python3.12/site-packages/airflow/example_dags/tutorial_objectstorage.py took 0.132 seconds
[2024-11-13T00:19:38.158+0000] {processor.py:186} INFO - Started process (PID=13279) to work on /home/airflow/.local/lib/python3.12/site-packages/airflow/example_dags/tutorial_objectstorage.py
[2024-11-13T00:19:38.160+0000] {processor.py:914} INFO - Processing file /home/airflow/.local/lib/python3.12/site-packages/airflow/example_dags/tutorial_objectstorage.py for tasks to queue
[2024-11-13T00:19:38.162+0000] {logging_mixin.py:190} INFO - [2024-11-13T00:19:38.162+0000] {dagbag.py:588} INFO - Filling up the DagBag from /home/airflow/.local/lib/python3.12/site-packages/airflow/example_dags/tutorial_objectstorage.py
[2024-11-13T00:19:38.178+0000] {processor.py:925} INFO - DAG(s) 'tutorial_objectstorage' retrieved from /home/airflow/.local/lib/python3.12/site-packages/airflow/example_dags/tutorial_objectstorage.py
[2024-11-13T00:19:38.207+0000] {logging_mixin.py:190} INFO - [2024-11-13T00:19:38.206+0000] {dag.py:3239} INFO - Sync 1 DAGs
[2024-11-13T00:19:38.233+0000] {logging_mixin.py:190} INFO - [2024-11-13T00:19:38.233+0000] {dag.py:4180} INFO - Setting next_dagrun for tutorial_objectstorage to None, run_after=None
[2024-11-13T00:19:38.261+0000] {processor.py:208} INFO - Processing /home/airflow/.local/lib/python3.12/site-packages/airflow/example_dags/tutorial_objectstorage.py took 0.117 seconds
[2024-11-13T00:20:09.727+0000] {processor.py:186} INFO - Started process (PID=13342) to work on /home/airflow/.local/lib/python3.12/site-packages/airflow/example_dags/tutorial_objectstorage.py
[2024-11-13T00:20:09.728+0000] {processor.py:914} INFO - Processing file /home/airflow/.local/lib/python3.12/site-packages/airflow/example_dags/tutorial_objectstorage.py for tasks to queue
[2024-11-13T00:20:09.730+0000] {logging_mixin.py:190} INFO - [2024-11-13T00:20:09.730+0000] {dagbag.py:588} INFO - Filling up the DagBag from /home/airflow/.local/lib/python3.12/site-packages/airflow/example_dags/tutorial_objectstorage.py
[2024-11-13T00:20:09.759+0000] {processor.py:925} INFO - DAG(s) 'tutorial_objectstorage' retrieved from /home/airflow/.local/lib/python3.12/site-packages/airflow/example_dags/tutorial_objectstorage.py
[2024-11-13T00:20:09.808+0000] {logging_mixin.py:190} INFO - [2024-11-13T00:20:09.807+0000] {dag.py:3239} INFO - Sync 1 DAGs
[2024-11-13T00:20:09.842+0000] {logging_mixin.py:190} INFO - [2024-11-13T00:20:09.841+0000] {dag.py:4180} INFO - Setting next_dagrun for tutorial_objectstorage to None, run_after=None
[2024-11-13T00:20:09.911+0000] {processor.py:208} INFO - Processing /home/airflow/.local/lib/python3.12/site-packages/airflow/example_dags/tutorial_objectstorage.py took 0.202 seconds
[2024-11-13T00:20:40.526+0000] {processor.py:186} INFO - Started process (PID=13406) to work on /home/airflow/.local/lib/python3.12/site-packages/airflow/example_dags/tutorial_objectstorage.py
[2024-11-13T00:20:40.527+0000] {processor.py:914} INFO - Processing file /home/airflow/.local/lib/python3.12/site-packages/airflow/example_dags/tutorial_objectstorage.py for tasks to queue
[2024-11-13T00:20:40.530+0000] {logging_mixin.py:190} INFO - [2024-11-13T00:20:40.529+0000] {dagbag.py:588} INFO - Filling up the DagBag from /home/airflow/.local/lib/python3.12/site-packages/airflow/example_dags/tutorial_objectstorage.py
[2024-11-13T00:20:40.547+0000] {processor.py:925} INFO - DAG(s) 'tutorial_objectstorage' retrieved from /home/airflow/.local/lib/python3.12/site-packages/airflow/example_dags/tutorial_objectstorage.py
[2024-11-13T00:20:40.583+0000] {logging_mixin.py:190} INFO - [2024-11-13T00:20:40.583+0000] {dag.py:3239} INFO - Sync 1 DAGs
[2024-11-13T00:20:40.598+0000] {logging_mixin.py:190} INFO - [2024-11-13T00:20:40.598+0000] {dag.py:4180} INFO - Setting next_dagrun for tutorial_objectstorage to None, run_after=None
[2024-11-13T00:20:40.628+0000] {processor.py:208} INFO - Processing /home/airflow/.local/lib/python3.12/site-packages/airflow/example_dags/tutorial_objectstorage.py took 0.112 seconds
[2024-11-13T00:21:10.900+0000] {processor.py:186} INFO - Started process (PID=13469) to work on /home/airflow/.local/lib/python3.12/site-packages/airflow/example_dags/tutorial_objectstorage.py
[2024-11-13T00:21:10.901+0000] {processor.py:914} INFO - Processing file /home/airflow/.local/lib/python3.12/site-packages/airflow/example_dags/tutorial_objectstorage.py for tasks to queue
[2024-11-13T00:21:10.905+0000] {logging_mixin.py:190} INFO - [2024-11-13T00:21:10.904+0000] {dagbag.py:588} INFO - Filling up the DagBag from /home/airflow/.local/lib/python3.12/site-packages/airflow/example_dags/tutorial_objectstorage.py
[2024-11-13T00:21:10.915+0000] {processor.py:925} INFO - DAG(s) 'tutorial_objectstorage' retrieved from /home/airflow/.local/lib/python3.12/site-packages/airflow/example_dags/tutorial_objectstorage.py
[2024-11-13T00:21:10.940+0000] {logging_mixin.py:190} INFO - [2024-11-13T00:21:10.940+0000] {dag.py:3239} INFO - Sync 1 DAGs
[2024-11-13T00:21:10.956+0000] {logging_mixin.py:190} INFO - [2024-11-13T00:21:10.956+0000] {dag.py:4180} INFO - Setting next_dagrun for tutorial_objectstorage to None, run_after=None
[2024-11-13T00:21:10.980+0000] {processor.py:208} INFO - Processing /home/airflow/.local/lib/python3.12/site-packages/airflow/example_dags/tutorial_objectstorage.py took 0.086 seconds
[2024-11-13T00:21:41.051+0000] {processor.py:186} INFO - Started process (PID=13532) to work on /home/airflow/.local/lib/python3.12/site-packages/airflow/example_dags/tutorial_objectstorage.py
[2024-11-13T00:21:41.053+0000] {processor.py:914} INFO - Processing file /home/airflow/.local/lib/python3.12/site-packages/airflow/example_dags/tutorial_objectstorage.py for tasks to queue
[2024-11-13T00:21:41.054+0000] {logging_mixin.py:190} INFO - [2024-11-13T00:21:41.054+0000] {dagbag.py:588} INFO - Filling up the DagBag from /home/airflow/.local/lib/python3.12/site-packages/airflow/example_dags/tutorial_objectstorage.py
[2024-11-13T00:21:41.070+0000] {processor.py:925} INFO - DAG(s) 'tutorial_objectstorage' retrieved from /home/airflow/.local/lib/python3.12/site-packages/airflow/example_dags/tutorial_objectstorage.py
[2024-11-13T00:21:41.093+0000] {logging_mixin.py:190} INFO - [2024-11-13T00:21:41.093+0000] {dag.py:3239} INFO - Sync 1 DAGs
[2024-11-13T00:21:41.110+0000] {logging_mixin.py:190} INFO - [2024-11-13T00:21:41.110+0000] {dag.py:4180} INFO - Setting next_dagrun for tutorial_objectstorage to None, run_after=None
[2024-11-13T00:21:41.139+0000] {processor.py:208} INFO - Processing /home/airflow/.local/lib/python3.12/site-packages/airflow/example_dags/tutorial_objectstorage.py took 0.098 seconds
[2024-11-13T00:22:12.033+0000] {processor.py:186} INFO - Started process (PID=13596) to work on /home/airflow/.local/lib/python3.12/site-packages/airflow/example_dags/tutorial_objectstorage.py
[2024-11-13T00:22:12.034+0000] {processor.py:914} INFO - Processing file /home/airflow/.local/lib/python3.12/site-packages/airflow/example_dags/tutorial_objectstorage.py for tasks to queue
[2024-11-13T00:22:12.035+0000] {logging_mixin.py:190} INFO - [2024-11-13T00:22:12.035+0000] {dagbag.py:588} INFO - Filling up the DagBag from /home/airflow/.local/lib/python3.12/site-packages/airflow/example_dags/tutorial_objectstorage.py
[2024-11-13T00:22:12.052+0000] {processor.py:925} INFO - DAG(s) 'tutorial_objectstorage' retrieved from /home/airflow/.local/lib/python3.12/site-packages/airflow/example_dags/tutorial_objectstorage.py
[2024-11-13T00:22:12.079+0000] {logging_mixin.py:190} INFO - [2024-11-13T00:22:12.079+0000] {dag.py:3239} INFO - Sync 1 DAGs
[2024-11-13T00:22:12.095+0000] {logging_mixin.py:190} INFO - [2024-11-13T00:22:12.094+0000] {dag.py:4180} INFO - Setting next_dagrun for tutorial_objectstorage to None, run_after=None
[2024-11-13T00:22:12.118+0000] {processor.py:208} INFO - Processing /home/airflow/.local/lib/python3.12/site-packages/airflow/example_dags/tutorial_objectstorage.py took 0.094 seconds
[2024-11-13T00:22:42.805+0000] {processor.py:186} INFO - Started process (PID=13660) to work on /home/airflow/.local/lib/python3.12/site-packages/airflow/example_dags/tutorial_objectstorage.py
[2024-11-13T00:22:42.809+0000] {processor.py:914} INFO - Processing file /home/airflow/.local/lib/python3.12/site-packages/airflow/example_dags/tutorial_objectstorage.py for tasks to queue
[2024-11-13T00:22:42.811+0000] {logging_mixin.py:190} INFO - [2024-11-13T00:22:42.810+0000] {dagbag.py:588} INFO - Filling up the DagBag from /home/airflow/.local/lib/python3.12/site-packages/airflow/example_dags/tutorial_objectstorage.py
[2024-11-13T00:22:42.821+0000] {processor.py:925} INFO - DAG(s) 'tutorial_objectstorage' retrieved from /home/airflow/.local/lib/python3.12/site-packages/airflow/example_dags/tutorial_objectstorage.py
[2024-11-13T00:22:42.851+0000] {logging_mixin.py:190} INFO - [2024-11-13T00:22:42.850+0000] {dag.py:3239} INFO - Sync 1 DAGs
[2024-11-13T00:22:42.882+0000] {logging_mixin.py:190} INFO - [2024-11-13T00:22:42.881+0000] {dag.py:4180} INFO - Setting next_dagrun for tutorial_objectstorage to None, run_after=None
[2024-11-13T00:22:42.927+0000] {processor.py:208} INFO - Processing /home/airflow/.local/lib/python3.12/site-packages/airflow/example_dags/tutorial_objectstorage.py took 0.129 seconds
[2024-11-13T00:23:13.827+0000] {processor.py:186} INFO - Started process (PID=13724) to work on /home/airflow/.local/lib/python3.12/site-packages/airflow/example_dags/tutorial_objectstorage.py
[2024-11-13T00:23:13.828+0000] {processor.py:914} INFO - Processing file /home/airflow/.local/lib/python3.12/site-packages/airflow/example_dags/tutorial_objectstorage.py for tasks to queue
[2024-11-13T00:23:13.829+0000] {logging_mixin.py:190} INFO - [2024-11-13T00:23:13.829+0000] {dagbag.py:588} INFO - Filling up the DagBag from /home/airflow/.local/lib/python3.12/site-packages/airflow/example_dags/tutorial_objectstorage.py
[2024-11-13T00:23:13.840+0000] {processor.py:925} INFO - DAG(s) 'tutorial_objectstorage' retrieved from /home/airflow/.local/lib/python3.12/site-packages/airflow/example_dags/tutorial_objectstorage.py
[2024-11-13T00:23:13.860+0000] {logging_mixin.py:190} INFO - [2024-11-13T00:23:13.860+0000] {dag.py:3239} INFO - Sync 1 DAGs
[2024-11-13T00:23:13.875+0000] {logging_mixin.py:190} INFO - [2024-11-13T00:23:13.874+0000] {dag.py:4180} INFO - Setting next_dagrun for tutorial_objectstorage to None, run_after=None
[2024-11-13T00:23:13.900+0000] {processor.py:208} INFO - Processing /home/airflow/.local/lib/python3.12/site-packages/airflow/example_dags/tutorial_objectstorage.py took 0.082 seconds
[2024-11-13T00:23:44.962+0000] {processor.py:186} INFO - Started process (PID=13789) to work on /home/airflow/.local/lib/python3.12/site-packages/airflow/example_dags/tutorial_objectstorage.py
[2024-11-13T00:23:44.963+0000] {processor.py:914} INFO - Processing file /home/airflow/.local/lib/python3.12/site-packages/airflow/example_dags/tutorial_objectstorage.py for tasks to queue
[2024-11-13T00:23:44.964+0000] {logging_mixin.py:190} INFO - [2024-11-13T00:23:44.964+0000] {dagbag.py:588} INFO - Filling up the DagBag from /home/airflow/.local/lib/python3.12/site-packages/airflow/example_dags/tutorial_objectstorage.py
[2024-11-13T00:23:44.975+0000] {processor.py:925} INFO - DAG(s) 'tutorial_objectstorage' retrieved from /home/airflow/.local/lib/python3.12/site-packages/airflow/example_dags/tutorial_objectstorage.py
[2024-11-13T00:23:44.994+0000] {logging_mixin.py:190} INFO - [2024-11-13T00:23:44.994+0000] {dag.py:3239} INFO - Sync 1 DAGs
[2024-11-13T00:23:45.007+0000] {logging_mixin.py:190} INFO - [2024-11-13T00:23:45.006+0000] {dag.py:4180} INFO - Setting next_dagrun for tutorial_objectstorage to None, run_after=None
[2024-11-13T00:23:45.029+0000] {processor.py:208} INFO - Processing /home/airflow/.local/lib/python3.12/site-packages/airflow/example_dags/tutorial_objectstorage.py took 0.075 seconds
[2024-11-13T00:24:15.232+0000] {processor.py:186} INFO - Started process (PID=13853) to work on /home/airflow/.local/lib/python3.12/site-packages/airflow/example_dags/tutorial_objectstorage.py
[2024-11-13T00:24:15.233+0000] {processor.py:914} INFO - Processing file /home/airflow/.local/lib/python3.12/site-packages/airflow/example_dags/tutorial_objectstorage.py for tasks to queue
[2024-11-13T00:24:15.235+0000] {logging_mixin.py:190} INFO - [2024-11-13T00:24:15.234+0000] {dagbag.py:588} INFO - Filling up the DagBag from /home/airflow/.local/lib/python3.12/site-packages/airflow/example_dags/tutorial_objectstorage.py
[2024-11-13T00:24:15.247+0000] {processor.py:925} INFO - DAG(s) 'tutorial_objectstorage' retrieved from /home/airflow/.local/lib/python3.12/site-packages/airflow/example_dags/tutorial_objectstorage.py
[2024-11-13T00:24:15.283+0000] {logging_mixin.py:190} INFO - [2024-11-13T00:24:15.283+0000] {dag.py:3239} INFO - Sync 1 DAGs
[2024-11-13T00:24:15.307+0000] {logging_mixin.py:190} INFO - [2024-11-13T00:24:15.306+0000] {dag.py:4180} INFO - Setting next_dagrun for tutorial_objectstorage to None, run_after=None
[2024-11-13T00:24:15.329+0000] {processor.py:208} INFO - Processing /home/airflow/.local/lib/python3.12/site-packages/airflow/example_dags/tutorial_objectstorage.py took 0.119 seconds
[2024-11-13T00:24:45.413+0000] {processor.py:186} INFO - Started process (PID=13918) to work on /home/airflow/.local/lib/python3.12/site-packages/airflow/example_dags/tutorial_objectstorage.py
[2024-11-13T00:24:45.414+0000] {processor.py:914} INFO - Processing file /home/airflow/.local/lib/python3.12/site-packages/airflow/example_dags/tutorial_objectstorage.py for tasks to queue
[2024-11-13T00:24:45.416+0000] {logging_mixin.py:190} INFO - [2024-11-13T00:24:45.415+0000] {dagbag.py:588} INFO - Filling up the DagBag from /home/airflow/.local/lib/python3.12/site-packages/airflow/example_dags/tutorial_objectstorage.py
[2024-11-13T00:24:45.426+0000] {processor.py:925} INFO - DAG(s) 'tutorial_objectstorage' retrieved from /home/airflow/.local/lib/python3.12/site-packages/airflow/example_dags/tutorial_objectstorage.py
[2024-11-13T00:24:45.444+0000] {logging_mixin.py:190} INFO - [2024-11-13T00:24:45.444+0000] {dag.py:3239} INFO - Sync 1 DAGs
[2024-11-13T00:24:45.457+0000] {logging_mixin.py:190} INFO - [2024-11-13T00:24:45.456+0000] {dag.py:4180} INFO - Setting next_dagrun for tutorial_objectstorage to None, run_after=None
[2024-11-13T00:24:45.476+0000] {processor.py:208} INFO - Processing /home/airflow/.local/lib/python3.12/site-packages/airflow/example_dags/tutorial_objectstorage.py took 0.071 seconds
[2024-11-13T00:25:15.905+0000] {processor.py:186} INFO - Started process (PID=13982) to work on /home/airflow/.local/lib/python3.12/site-packages/airflow/example_dags/tutorial_objectstorage.py
[2024-11-13T00:25:15.905+0000] {processor.py:914} INFO - Processing file /home/airflow/.local/lib/python3.12/site-packages/airflow/example_dags/tutorial_objectstorage.py for tasks to queue
[2024-11-13T00:25:15.907+0000] {logging_mixin.py:190} INFO - [2024-11-13T00:25:15.906+0000] {dagbag.py:588} INFO - Filling up the DagBag from /home/airflow/.local/lib/python3.12/site-packages/airflow/example_dags/tutorial_objectstorage.py
[2024-11-13T00:25:15.920+0000] {processor.py:925} INFO - DAG(s) 'tutorial_objectstorage' retrieved from /home/airflow/.local/lib/python3.12/site-packages/airflow/example_dags/tutorial_objectstorage.py
[2024-11-13T00:25:15.944+0000] {logging_mixin.py:190} INFO - [2024-11-13T00:25:15.943+0000] {dag.py:3239} INFO - Sync 1 DAGs
[2024-11-13T00:25:15.959+0000] {logging_mixin.py:190} INFO - [2024-11-13T00:25:15.959+0000] {dag.py:4180} INFO - Setting next_dagrun for tutorial_objectstorage to None, run_after=None
[2024-11-13T00:25:15.984+0000] {processor.py:208} INFO - Processing /home/airflow/.local/lib/python3.12/site-packages/airflow/example_dags/tutorial_objectstorage.py took 0.088 seconds
[2024-11-13T00:25:46.596+0000] {processor.py:186} INFO - Started process (PID=14046) to work on /home/airflow/.local/lib/python3.12/site-packages/airflow/example_dags/tutorial_objectstorage.py
[2024-11-13T00:25:46.597+0000] {processor.py:914} INFO - Processing file /home/airflow/.local/lib/python3.12/site-packages/airflow/example_dags/tutorial_objectstorage.py for tasks to queue
[2024-11-13T00:25:46.598+0000] {logging_mixin.py:190} INFO - [2024-11-13T00:25:46.598+0000] {dagbag.py:588} INFO - Filling up the DagBag from /home/airflow/.local/lib/python3.12/site-packages/airflow/example_dags/tutorial_objectstorage.py
[2024-11-13T00:25:46.613+0000] {processor.py:925} INFO - DAG(s) 'tutorial_objectstorage' retrieved from /home/airflow/.local/lib/python3.12/site-packages/airflow/example_dags/tutorial_objectstorage.py
[2024-11-13T00:25:46.648+0000] {logging_mixin.py:190} INFO - [2024-11-13T00:25:46.648+0000] {dag.py:3239} INFO - Sync 1 DAGs
[2024-11-13T00:25:46.666+0000] {logging_mixin.py:190} INFO - [2024-11-13T00:25:46.666+0000] {dag.py:4180} INFO - Setting next_dagrun for tutorial_objectstorage to None, run_after=None
[2024-11-13T00:25:46.695+0000] {processor.py:208} INFO - Processing /home/airflow/.local/lib/python3.12/site-packages/airflow/example_dags/tutorial_objectstorage.py took 0.108 seconds
[2024-11-13T00:26:17.390+0000] {processor.py:186} INFO - Started process (PID=14110) to work on /home/airflow/.local/lib/python3.12/site-packages/airflow/example_dags/tutorial_objectstorage.py
[2024-11-13T00:26:17.391+0000] {processor.py:914} INFO - Processing file /home/airflow/.local/lib/python3.12/site-packages/airflow/example_dags/tutorial_objectstorage.py for tasks to queue
[2024-11-13T00:26:17.393+0000] {logging_mixin.py:190} INFO - [2024-11-13T00:26:17.393+0000] {dagbag.py:588} INFO - Filling up the DagBag from /home/airflow/.local/lib/python3.12/site-packages/airflow/example_dags/tutorial_objectstorage.py
[2024-11-13T00:26:17.406+0000] {processor.py:925} INFO - DAG(s) 'tutorial_objectstorage' retrieved from /home/airflow/.local/lib/python3.12/site-packages/airflow/example_dags/tutorial_objectstorage.py
[2024-11-13T00:26:17.431+0000] {logging_mixin.py:190} INFO - [2024-11-13T00:26:17.429+0000] {dag.py:3239} INFO - Sync 1 DAGs
[2024-11-13T00:26:17.444+0000] {logging_mixin.py:190} INFO - [2024-11-13T00:26:17.444+0000] {dag.py:4180} INFO - Setting next_dagrun for tutorial_objectstorage to None, run_after=None
[2024-11-13T00:26:17.474+0000] {processor.py:208} INFO - Processing /home/airflow/.local/lib/python3.12/site-packages/airflow/example_dags/tutorial_objectstorage.py took 0.091 seconds
[2024-11-13T00:26:47.602+0000] {processor.py:186} INFO - Started process (PID=14174) to work on /home/airflow/.local/lib/python3.12/site-packages/airflow/example_dags/tutorial_objectstorage.py
[2024-11-13T00:26:47.603+0000] {processor.py:914} INFO - Processing file /home/airflow/.local/lib/python3.12/site-packages/airflow/example_dags/tutorial_objectstorage.py for tasks to queue
[2024-11-13T00:26:47.605+0000] {logging_mixin.py:190} INFO - [2024-11-13T00:26:47.604+0000] {dagbag.py:588} INFO - Filling up the DagBag from /home/airflow/.local/lib/python3.12/site-packages/airflow/example_dags/tutorial_objectstorage.py
[2024-11-13T00:26:47.622+0000] {processor.py:925} INFO - DAG(s) 'tutorial_objectstorage' retrieved from /home/airflow/.local/lib/python3.12/site-packages/airflow/example_dags/tutorial_objectstorage.py
[2024-11-13T00:26:47.650+0000] {logging_mixin.py:190} INFO - [2024-11-13T00:26:47.650+0000] {dag.py:3239} INFO - Sync 1 DAGs
[2024-11-13T00:26:47.668+0000] {logging_mixin.py:190} INFO - [2024-11-13T00:26:47.668+0000] {dag.py:4180} INFO - Setting next_dagrun for tutorial_objectstorage to None, run_after=None
[2024-11-13T00:26:47.697+0000] {processor.py:208} INFO - Processing /home/airflow/.local/lib/python3.12/site-packages/airflow/example_dags/tutorial_objectstorage.py took 0.108 seconds
[2024-11-13T00:27:17.957+0000] {processor.py:186} INFO - Started process (PID=14238) to work on /home/airflow/.local/lib/python3.12/site-packages/airflow/example_dags/tutorial_objectstorage.py
[2024-11-13T00:27:17.958+0000] {processor.py:914} INFO - Processing file /home/airflow/.local/lib/python3.12/site-packages/airflow/example_dags/tutorial_objectstorage.py for tasks to queue
[2024-11-13T00:27:17.960+0000] {logging_mixin.py:190} INFO - [2024-11-13T00:27:17.959+0000] {dagbag.py:588} INFO - Filling up the DagBag from /home/airflow/.local/lib/python3.12/site-packages/airflow/example_dags/tutorial_objectstorage.py
[2024-11-13T00:27:17.972+0000] {processor.py:925} INFO - DAG(s) 'tutorial_objectstorage' retrieved from /home/airflow/.local/lib/python3.12/site-packages/airflow/example_dags/tutorial_objectstorage.py
[2024-11-13T00:27:17.991+0000] {logging_mixin.py:190} INFO - [2024-11-13T00:27:17.991+0000] {dag.py:3239} INFO - Sync 1 DAGs
[2024-11-13T00:27:18.004+0000] {logging_mixin.py:190} INFO - [2024-11-13T00:27:18.004+0000] {dag.py:4180} INFO - Setting next_dagrun for tutorial_objectstorage to None, run_after=None
[2024-11-13T00:27:18.024+0000] {processor.py:208} INFO - Processing /home/airflow/.local/lib/python3.12/site-packages/airflow/example_dags/tutorial_objectstorage.py took 0.074 seconds
[2024-11-13T00:27:48.322+0000] {processor.py:186} INFO - Started process (PID=14302) to work on /home/airflow/.local/lib/python3.12/site-packages/airflow/example_dags/tutorial_objectstorage.py
[2024-11-13T00:27:48.323+0000] {processor.py:914} INFO - Processing file /home/airflow/.local/lib/python3.12/site-packages/airflow/example_dags/tutorial_objectstorage.py for tasks to queue
[2024-11-13T00:27:48.324+0000] {logging_mixin.py:190} INFO - [2024-11-13T00:27:48.324+0000] {dagbag.py:588} INFO - Filling up the DagBag from /home/airflow/.local/lib/python3.12/site-packages/airflow/example_dags/tutorial_objectstorage.py
[2024-11-13T00:27:48.334+0000] {processor.py:925} INFO - DAG(s) 'tutorial_objectstorage' retrieved from /home/airflow/.local/lib/python3.12/site-packages/airflow/example_dags/tutorial_objectstorage.py
[2024-11-13T00:27:48.354+0000] {logging_mixin.py:190} INFO - [2024-11-13T00:27:48.354+0000] {dag.py:3239} INFO - Sync 1 DAGs
[2024-11-13T00:27:48.367+0000] {logging_mixin.py:190} INFO - [2024-11-13T00:27:48.366+0000] {dag.py:4180} INFO - Setting next_dagrun for tutorial_objectstorage to None, run_after=None
[2024-11-13T00:27:48.388+0000] {processor.py:208} INFO - Processing /home/airflow/.local/lib/python3.12/site-packages/airflow/example_dags/tutorial_objectstorage.py took 0.073 seconds
[2024-11-13T00:28:18.821+0000] {processor.py:186} INFO - Started process (PID=14366) to work on /home/airflow/.local/lib/python3.12/site-packages/airflow/example_dags/tutorial_objectstorage.py
[2024-11-13T00:28:18.822+0000] {processor.py:914} INFO - Processing file /home/airflow/.local/lib/python3.12/site-packages/airflow/example_dags/tutorial_objectstorage.py for tasks to queue
[2024-11-13T00:28:18.824+0000] {logging_mixin.py:190} INFO - [2024-11-13T00:28:18.823+0000] {dagbag.py:588} INFO - Filling up the DagBag from /home/airflow/.local/lib/python3.12/site-packages/airflow/example_dags/tutorial_objectstorage.py
[2024-11-13T00:28:18.835+0000] {processor.py:925} INFO - DAG(s) 'tutorial_objectstorage' retrieved from /home/airflow/.local/lib/python3.12/site-packages/airflow/example_dags/tutorial_objectstorage.py
[2024-11-13T00:28:18.859+0000] {logging_mixin.py:190} INFO - [2024-11-13T00:28:18.859+0000] {dag.py:3239} INFO - Sync 1 DAGs
[2024-11-13T00:28:18.872+0000] {logging_mixin.py:190} INFO - [2024-11-13T00:28:18.872+0000] {dag.py:4180} INFO - Setting next_dagrun for tutorial_objectstorage to None, run_after=None
[2024-11-13T00:28:18.901+0000] {processor.py:208} INFO - Processing /home/airflow/.local/lib/python3.12/site-packages/airflow/example_dags/tutorial_objectstorage.py took 0.087 seconds
[2024-11-13T00:28:49.006+0000] {processor.py:186} INFO - Started process (PID=14430) to work on /home/airflow/.local/lib/python3.12/site-packages/airflow/example_dags/tutorial_objectstorage.py
[2024-11-13T00:28:49.007+0000] {processor.py:914} INFO - Processing file /home/airflow/.local/lib/python3.12/site-packages/airflow/example_dags/tutorial_objectstorage.py for tasks to queue
[2024-11-13T00:28:49.009+0000] {logging_mixin.py:190} INFO - [2024-11-13T00:28:49.009+0000] {dagbag.py:588} INFO - Filling up the DagBag from /home/airflow/.local/lib/python3.12/site-packages/airflow/example_dags/tutorial_objectstorage.py
[2024-11-13T00:28:49.020+0000] {processor.py:925} INFO - DAG(s) 'tutorial_objectstorage' retrieved from /home/airflow/.local/lib/python3.12/site-packages/airflow/example_dags/tutorial_objectstorage.py
[2024-11-13T00:28:49.043+0000] {logging_mixin.py:190} INFO - [2024-11-13T00:28:49.043+0000] {dag.py:3239} INFO - Sync 1 DAGs
[2024-11-13T00:28:49.057+0000] {logging_mixin.py:190} INFO - [2024-11-13T00:28:49.057+0000] {dag.py:4180} INFO - Setting next_dagrun for tutorial_objectstorage to None, run_after=None
[2024-11-13T00:28:49.081+0000] {processor.py:208} INFO - Processing /home/airflow/.local/lib/python3.12/site-packages/airflow/example_dags/tutorial_objectstorage.py took 0.083 seconds
[2024-11-13T00:29:19.206+0000] {processor.py:186} INFO - Started process (PID=14494) to work on /home/airflow/.local/lib/python3.12/site-packages/airflow/example_dags/tutorial_objectstorage.py
[2024-11-13T00:29:19.207+0000] {processor.py:914} INFO - Processing file /home/airflow/.local/lib/python3.12/site-packages/airflow/example_dags/tutorial_objectstorage.py for tasks to queue
[2024-11-13T00:29:19.208+0000] {logging_mixin.py:190} INFO - [2024-11-13T00:29:19.208+0000] {dagbag.py:588} INFO - Filling up the DagBag from /home/airflow/.local/lib/python3.12/site-packages/airflow/example_dags/tutorial_objectstorage.py
[2024-11-13T00:29:19.219+0000] {processor.py:925} INFO - DAG(s) 'tutorial_objectstorage' retrieved from /home/airflow/.local/lib/python3.12/site-packages/airflow/example_dags/tutorial_objectstorage.py
[2024-11-13T00:29:19.239+0000] {logging_mixin.py:190} INFO - [2024-11-13T00:29:19.239+0000] {dag.py:3239} INFO - Sync 1 DAGs
[2024-11-13T00:29:19.252+0000] {logging_mixin.py:190} INFO - [2024-11-13T00:29:19.252+0000] {dag.py:4180} INFO - Setting next_dagrun for tutorial_objectstorage to None, run_after=None
[2024-11-13T00:29:19.279+0000] {processor.py:208} INFO - Processing /home/airflow/.local/lib/python3.12/site-packages/airflow/example_dags/tutorial_objectstorage.py took 0.082 seconds
[2024-11-13T00:29:49.509+0000] {processor.py:186} INFO - Started process (PID=14558) to work on /home/airflow/.local/lib/python3.12/site-packages/airflow/example_dags/tutorial_objectstorage.py
[2024-11-13T00:29:49.510+0000] {processor.py:914} INFO - Processing file /home/airflow/.local/lib/python3.12/site-packages/airflow/example_dags/tutorial_objectstorage.py for tasks to queue
[2024-11-13T00:29:49.512+0000] {logging_mixin.py:190} INFO - [2024-11-13T00:29:49.511+0000] {dagbag.py:588} INFO - Filling up the DagBag from /home/airflow/.local/lib/python3.12/site-packages/airflow/example_dags/tutorial_objectstorage.py
[2024-11-13T00:29:49.521+0000] {processor.py:925} INFO - DAG(s) 'tutorial_objectstorage' retrieved from /home/airflow/.local/lib/python3.12/site-packages/airflow/example_dags/tutorial_objectstorage.py
[2024-11-13T00:29:49.541+0000] {logging_mixin.py:190} INFO - [2024-11-13T00:29:49.540+0000] {dag.py:3239} INFO - Sync 1 DAGs
[2024-11-13T00:29:49.554+0000] {logging_mixin.py:190} INFO - [2024-11-13T00:29:49.554+0000] {dag.py:4180} INFO - Setting next_dagrun for tutorial_objectstorage to None, run_after=None
[2024-11-13T00:29:49.577+0000] {processor.py:208} INFO - Processing /home/airflow/.local/lib/python3.12/site-packages/airflow/example_dags/tutorial_objectstorage.py took 0.077 seconds
[2024-11-13T00:30:19.787+0000] {processor.py:186} INFO - Started process (PID=14622) to work on /home/airflow/.local/lib/python3.12/site-packages/airflow/example_dags/tutorial_objectstorage.py
[2024-11-13T00:30:19.788+0000] {processor.py:914} INFO - Processing file /home/airflow/.local/lib/python3.12/site-packages/airflow/example_dags/tutorial_objectstorage.py for tasks to queue
[2024-11-13T00:30:19.790+0000] {logging_mixin.py:190} INFO - [2024-11-13T00:30:19.789+0000] {dagbag.py:588} INFO - Filling up the DagBag from /home/airflow/.local/lib/python3.12/site-packages/airflow/example_dags/tutorial_objectstorage.py
[2024-11-13T00:30:19.800+0000] {processor.py:925} INFO - DAG(s) 'tutorial_objectstorage' retrieved from /home/airflow/.local/lib/python3.12/site-packages/airflow/example_dags/tutorial_objectstorage.py
[2024-11-13T00:30:19.819+0000] {logging_mixin.py:190} INFO - [2024-11-13T00:30:19.819+0000] {dag.py:3239} INFO - Sync 1 DAGs
[2024-11-13T00:30:19.833+0000] {logging_mixin.py:190} INFO - [2024-11-13T00:30:19.833+0000] {dag.py:4180} INFO - Setting next_dagrun for tutorial_objectstorage to None, run_after=None
[2024-11-13T00:30:19.854+0000] {processor.py:208} INFO - Processing /home/airflow/.local/lib/python3.12/site-packages/airflow/example_dags/tutorial_objectstorage.py took 0.075 seconds
[2024-11-13T00:30:50.255+0000] {processor.py:186} INFO - Started process (PID=14686) to work on /home/airflow/.local/lib/python3.12/site-packages/airflow/example_dags/tutorial_objectstorage.py
[2024-11-13T00:30:50.256+0000] {processor.py:914} INFO - Processing file /home/airflow/.local/lib/python3.12/site-packages/airflow/example_dags/tutorial_objectstorage.py for tasks to queue
[2024-11-13T00:30:50.257+0000] {logging_mixin.py:190} INFO - [2024-11-13T00:30:50.257+0000] {dagbag.py:588} INFO - Filling up the DagBag from /home/airflow/.local/lib/python3.12/site-packages/airflow/example_dags/tutorial_objectstorage.py
[2024-11-13T00:30:50.267+0000] {processor.py:925} INFO - DAG(s) 'tutorial_objectstorage' retrieved from /home/airflow/.local/lib/python3.12/site-packages/airflow/example_dags/tutorial_objectstorage.py
[2024-11-13T00:30:50.286+0000] {logging_mixin.py:190} INFO - [2024-11-13T00:30:50.286+0000] {dag.py:3239} INFO - Sync 1 DAGs
[2024-11-13T00:30:50.300+0000] {logging_mixin.py:190} INFO - [2024-11-13T00:30:50.300+0000] {dag.py:4180} INFO - Setting next_dagrun for tutorial_objectstorage to None, run_after=None
[2024-11-13T00:30:50.325+0000] {processor.py:208} INFO - Processing /home/airflow/.local/lib/python3.12/site-packages/airflow/example_dags/tutorial_objectstorage.py took 0.078 seconds
[2024-11-13T00:31:21.131+0000] {processor.py:186} INFO - Started process (PID=14750) to work on /home/airflow/.local/lib/python3.12/site-packages/airflow/example_dags/tutorial_objectstorage.py
[2024-11-13T00:31:21.132+0000] {processor.py:914} INFO - Processing file /home/airflow/.local/lib/python3.12/site-packages/airflow/example_dags/tutorial_objectstorage.py for tasks to queue
[2024-11-13T00:31:21.134+0000] {logging_mixin.py:190} INFO - [2024-11-13T00:31:21.134+0000] {dagbag.py:588} INFO - Filling up the DagBag from /home/airflow/.local/lib/python3.12/site-packages/airflow/example_dags/tutorial_objectstorage.py
[2024-11-13T00:31:21.145+0000] {processor.py:925} INFO - DAG(s) 'tutorial_objectstorage' retrieved from /home/airflow/.local/lib/python3.12/site-packages/airflow/example_dags/tutorial_objectstorage.py
[2024-11-13T00:31:21.166+0000] {logging_mixin.py:190} INFO - [2024-11-13T00:31:21.166+0000] {dag.py:3239} INFO - Sync 1 DAGs
[2024-11-13T00:31:21.183+0000] {logging_mixin.py:190} INFO - [2024-11-13T00:31:21.182+0000] {dag.py:4180} INFO - Setting next_dagrun for tutorial_objectstorage to None, run_after=None
[2024-11-13T00:31:21.206+0000] {processor.py:208} INFO - Processing /home/airflow/.local/lib/python3.12/site-packages/airflow/example_dags/tutorial_objectstorage.py took 0.083 seconds
