[2024-11-13T23:18:14.649+0000] {local_task_job_runner.py:123} INFO - ::group::Pre task execution logs
[2024-11-13T23:18:14.668+0000] {taskinstance.py:2613} INFO - Dependencies all met for dep_context=non-requeueable deps ti=<TaskInstance: brew-dag.data_quality_num_rows scheduled__2024-11-12T07:00:00+00:00 [queued]>
[2024-11-13T23:18:14.681+0000] {taskinstance.py:2613} INFO - Dependencies all met for dep_context=requeueable deps ti=<TaskInstance: brew-dag.data_quality_num_rows scheduled__2024-11-12T07:00:00+00:00 [queued]>
[2024-11-13T23:18:14.682+0000] {taskinstance.py:2866} INFO - Starting attempt 1 of 2
[2024-11-13T23:18:14.701+0000] {taskinstance.py:2889} INFO - Executing <Task(BranchPythonOperator): data_quality_num_rows> on 2024-11-12 07:00:00+00:00
[2024-11-13T23:18:14.713+0000] {warnings.py:112} WARNING - /home/***/.local/lib/python3.12/site-packages/***/task/task_runner/standard_task_runner.py:70: DeprecationWarning: This process (pid=848) is multi-threaded, use of fork() may lead to deadlocks in the child.
  pid = os.fork()

[2024-11-13T23:18:14.715+0000] {standard_task_runner.py:72} INFO - Started process 850 to run task
[2024-11-13T23:18:14.714+0000] {standard_task_runner.py:104} INFO - Running: ['***', 'tasks', 'run', 'brew-dag', 'data_quality_num_rows', 'scheduled__2024-11-12T07:00:00+00:00', '--job-id', '87', '--raw', '--subdir', 'DAGS_FOLDER/brew-dag.py', '--cfg-path', '/tmp/tmp4nzouwj_']
[2024-11-13T23:18:14.716+0000] {standard_task_runner.py:105} INFO - Job 87: Subtask data_quality_num_rows
[2024-11-13T23:18:14.772+0000] {task_command.py:467} INFO - Running <TaskInstance: brew-dag.data_quality_num_rows scheduled__2024-11-12T07:00:00+00:00 [running]> on host 453aae92f04c
[2024-11-13T23:18:14.870+0000] {taskinstance.py:3132} INFO - Exporting env vars: AIRFLOW_CTX_DAG_EMAIL='nelsonlsn@gmail.com' AIRFLOW_CTX_DAG_OWNER='***' AIRFLOW_CTX_DAG_ID='brew-dag' AIRFLOW_CTX_TASK_ID='data_quality_num_rows' AIRFLOW_CTX_EXECUTION_DATE='2024-11-12T07:00:00+00:00' AIRFLOW_CTX_TRY_NUMBER='1' AIRFLOW_CTX_DAG_RUN_ID='scheduled__2024-11-12T07:00:00+00:00'
[2024-11-13T23:18:14.872+0000] {logging_mixin.py:190} INFO - Task instance is in running state
[2024-11-13T23:18:14.873+0000] {logging_mixin.py:190} INFO -  Previous state of the Task instance: queued
[2024-11-13T23:18:14.874+0000] {logging_mixin.py:190} INFO - Current task name:data_quality_num_rows state:running start_date:2024-11-13 23:18:14.669815+00:00
[2024-11-13T23:18:14.874+0000] {logging_mixin.py:190} INFO - Dag name:brew-dag and current dag run status:running
[2024-11-13T23:18:14.875+0000] {taskinstance.py:731} INFO - ::endgroup::
[2024-11-13T23:18:14.877+0000] {baseoperator.py:416} WARNING - BranchPythonOperator.execute cannot be called outside TaskInstance!
[2024-11-13T23:18:15.001+0000] {python.py:240} INFO - Done. Returned value was: quality_ok
[2024-11-13T23:18:15.002+0000] {branch.py:38} INFO - Branch into quality_ok
[2024-11-13T23:18:15.003+0000] {skipmixin.py:230} INFO - Following branch ('quality_ok',)
[2024-11-13T23:18:15.017+0000] {skipmixin.py:278} INFO - Skipping tasks [('quality_nok', -1)]
[2024-11-13T23:18:15.064+0000] {taskinstance.py:340} INFO - ::group::Post task execution logs
[2024-11-13T23:18:15.065+0000] {taskinstance.py:352} INFO - Marking task as SUCCESS. dag_id=brew-dag, task_id=data_quality_num_rows, run_id=scheduled__2024-11-12T07:00:00+00:00, execution_date=20241112T070000, start_date=20241113T231814, end_date=20241113T231815
[2024-11-13T23:18:15.079+0000] {logging_mixin.py:190} INFO - Task instance in success state
[2024-11-13T23:18:15.080+0000] {logging_mixin.py:190} INFO -  Previous state of the Task instance: running
[2024-11-13T23:18:15.080+0000] {logging_mixin.py:190} INFO - Dag name:brew-dag queued_at:2024-11-13 23:17:14.295053+00:00
[2024-11-13T23:18:15.081+0000] {logging_mixin.py:190} INFO - Task hostname:453aae92f04c operator:BranchPythonOperator
[2024-11-13T23:18:15.093+0000] {local_task_job_runner.py:266} INFO - Task exited with return code 0
[2024-11-13T23:18:15.134+0000] {taskinstance.py:3895} INFO - 1 downstream tasks scheduled from follow-on schedule check
[2024-11-13T23:18:15.139+0000] {local_task_job_runner.py:245} INFO - ::endgroup::
