[2024-11-11T23:44:18.702+0000] {processor.py:186} INFO - Started process (PID=128) to work on /home/airflow/.local/lib/python3.12/site-packages/airflow/example_dags/example_subdag_operator.py
[2024-11-11T23:44:18.704+0000] {processor.py:914} INFO - Processing file /home/airflow/.local/lib/python3.12/site-packages/airflow/example_dags/example_subdag_operator.py for tasks to queue
[2024-11-11T23:44:18.708+0000] {logging_mixin.py:190} INFO - [2024-11-11T23:44:18.707+0000] {dagbag.py:588} INFO - Filling up the DagBag from /home/airflow/.local/lib/python3.12/site-packages/airflow/example_dags/example_subdag_operator.py
[2024-11-11T23:44:18.766+0000] {processor.py:925} INFO - DAG(s) 'example_subdag_operator.section-1', 'example_subdag_operator.section-2', 'example_subdag_operator' retrieved from /home/airflow/.local/lib/python3.12/site-packages/airflow/example_dags/example_subdag_operator.py
[2024-11-11T23:44:18.940+0000] {logging_mixin.py:190} INFO - [2024-11-11T23:44:18.936+0000] {override.py:1911} INFO - Created Permission View: can edit on DAG:example_subdag_operator
[2024-11-11T23:44:18.958+0000] {logging_mixin.py:190} INFO - [2024-11-11T23:44:18.958+0000] {override.py:1911} INFO - Created Permission View: can read on DAG:example_subdag_operator
[2024-11-11T23:44:18.980+0000] {logging_mixin.py:190} INFO - [2024-11-11T23:44:18.980+0000] {override.py:1911} INFO - Created Permission View: can delete on DAG:example_subdag_operator
[2024-11-11T23:44:19.006+0000] {logging_mixin.py:190} INFO - [2024-11-11T23:44:19.005+0000] {override.py:1911} INFO - Created Permission View: menu access on DAG Run:example_subdag_operator
[2024-11-11T23:44:19.020+0000] {logging_mixin.py:190} INFO - [2024-11-11T23:44:19.020+0000] {override.py:1911} INFO - Created Permission View: can read on DAG Run:example_subdag_operator
[2024-11-11T23:44:19.034+0000] {logging_mixin.py:190} INFO - [2024-11-11T23:44:19.034+0000] {override.py:1911} INFO - Created Permission View: can delete on DAG Run:example_subdag_operator
[2024-11-11T23:44:19.046+0000] {logging_mixin.py:190} INFO - [2024-11-11T23:44:19.046+0000] {override.py:1911} INFO - Created Permission View: can create on DAG Run:example_subdag_operator
[2024-11-11T23:44:19.047+0000] {logging_mixin.py:190} INFO - [2024-11-11T23:44:19.047+0000] {dag.py:3239} INFO - Sync 3 DAGs
[2024-11-11T23:44:19.065+0000] {logging_mixin.py:190} INFO - [2024-11-11T23:44:19.065+0000] {dag.py:3262} INFO - Creating ORM DAG for example_subdag_operator.section-1
[2024-11-11T23:44:19.066+0000] {logging_mixin.py:190} INFO - [2024-11-11T23:44:19.066+0000] {dag.py:3262} INFO - Creating ORM DAG for example_subdag_operator.section-2
[2024-11-11T23:44:19.067+0000] {logging_mixin.py:190} INFO - [2024-11-11T23:44:19.067+0000] {dag.py:3262} INFO - Creating ORM DAG for example_subdag_operator
[2024-11-11T23:44:19.079+0000] {logging_mixin.py:190} INFO - [2024-11-11T23:44:19.079+0000] {dag.py:4180} INFO - Setting next_dagrun for example_subdag_operator to 2022-01-01 00:00:00+00:00, run_after=2022-01-01 00:00:00+00:00
[2024-11-11T23:44:19.080+0000] {logging_mixin.py:190} INFO - [2024-11-11T23:44:19.080+0000] {dag.py:4180} INFO - Setting next_dagrun for example_subdag_operator.section-1 to None, run_after=None
[2024-11-11T23:44:19.081+0000] {logging_mixin.py:190} INFO - [2024-11-11T23:44:19.081+0000] {dag.py:4180} INFO - Setting next_dagrun for example_subdag_operator.section-2 to None, run_after=None
[2024-11-11T23:44:19.095+0000] {logging_mixin.py:190} INFO - [2024-11-11T23:44:19.094+0000] {dag.py:3239} INFO - Sync 2 DAGs
[2024-11-11T23:44:19.102+0000] {logging_mixin.py:190} INFO - [2024-11-11T23:44:19.102+0000] {dag.py:4180} INFO - Setting next_dagrun for example_subdag_operator.section-1 to None, run_after=None
[2024-11-11T23:44:19.107+0000] {logging_mixin.py:190} INFO - [2024-11-11T23:44:19.106+0000] {dag.py:4180} INFO - Setting next_dagrun for example_subdag_operator.section-2 to None, run_after=None
[2024-11-11T23:44:19.131+0000] {processor.py:208} INFO - Processing /home/airflow/.local/lib/python3.12/site-packages/airflow/example_dags/example_subdag_operator.py took 0.439 seconds
[2024-11-11T23:44:50.350+0000] {processor.py:186} INFO - Started process (PID=191) to work on /home/airflow/.local/lib/python3.12/site-packages/airflow/example_dags/example_subdag_operator.py
[2024-11-11T23:44:50.352+0000] {processor.py:914} INFO - Processing file /home/airflow/.local/lib/python3.12/site-packages/airflow/example_dags/example_subdag_operator.py for tasks to queue
[2024-11-11T23:44:50.354+0000] {logging_mixin.py:190} INFO - [2024-11-11T23:44:50.354+0000] {dagbag.py:588} INFO - Filling up the DagBag from /home/airflow/.local/lib/python3.12/site-packages/airflow/example_dags/example_subdag_operator.py
[2024-11-11T23:44:50.383+0000] {processor.py:925} INFO - DAG(s) 'example_subdag_operator.section-1', 'example_subdag_operator.section-2', 'example_subdag_operator' retrieved from /home/airflow/.local/lib/python3.12/site-packages/airflow/example_dags/example_subdag_operator.py
[2024-11-11T23:44:50.401+0000] {logging_mixin.py:190} INFO - [2024-11-11T23:44:50.401+0000] {dag.py:3239} INFO - Sync 3 DAGs
[2024-11-11T23:44:50.430+0000] {logging_mixin.py:190} INFO - [2024-11-11T23:44:50.430+0000] {dag.py:4180} INFO - Setting next_dagrun for example_subdag_operator to 2022-01-01 00:00:00+00:00, run_after=2022-01-01 00:00:00+00:00
[2024-11-11T23:44:50.435+0000] {logging_mixin.py:190} INFO - [2024-11-11T23:44:50.435+0000] {dag.py:4180} INFO - Setting next_dagrun for example_subdag_operator.section-1 to None, run_after=None
[2024-11-11T23:44:50.437+0000] {logging_mixin.py:190} INFO - [2024-11-11T23:44:50.437+0000] {dag.py:4180} INFO - Setting next_dagrun for example_subdag_operator.section-2 to None, run_after=None
[2024-11-11T23:44:50.445+0000] {logging_mixin.py:190} INFO - [2024-11-11T23:44:50.445+0000] {dag.py:3239} INFO - Sync 2 DAGs
[2024-11-11T23:44:50.452+0000] {logging_mixin.py:190} INFO - [2024-11-11T23:44:50.452+0000] {dag.py:4180} INFO - Setting next_dagrun for example_subdag_operator.section-1 to None, run_after=None
[2024-11-11T23:44:50.453+0000] {logging_mixin.py:190} INFO - [2024-11-11T23:44:50.453+0000] {dag.py:4180} INFO - Setting next_dagrun for example_subdag_operator.section-2 to None, run_after=None
[2024-11-11T23:44:50.470+0000] {processor.py:208} INFO - Processing /home/airflow/.local/lib/python3.12/site-packages/airflow/example_dags/example_subdag_operator.py took 0.127 seconds
[2024-11-11T23:45:21.182+0000] {processor.py:186} INFO - Started process (PID=253) to work on /home/airflow/.local/lib/python3.12/site-packages/airflow/example_dags/example_subdag_operator.py
[2024-11-11T23:45:21.183+0000] {processor.py:914} INFO - Processing file /home/airflow/.local/lib/python3.12/site-packages/airflow/example_dags/example_subdag_operator.py for tasks to queue
[2024-11-11T23:45:21.187+0000] {logging_mixin.py:190} INFO - [2024-11-11T23:45:21.187+0000] {dagbag.py:588} INFO - Filling up the DagBag from /home/airflow/.local/lib/python3.12/site-packages/airflow/example_dags/example_subdag_operator.py
[2024-11-11T23:45:21.214+0000] {processor.py:925} INFO - DAG(s) 'example_subdag_operator.section-1', 'example_subdag_operator.section-2', 'example_subdag_operator' retrieved from /home/airflow/.local/lib/python3.12/site-packages/airflow/example_dags/example_subdag_operator.py
[2024-11-11T23:45:21.231+0000] {logging_mixin.py:190} INFO - [2024-11-11T23:45:21.231+0000] {dag.py:3239} INFO - Sync 3 DAGs
[2024-11-11T23:45:21.253+0000] {logging_mixin.py:190} INFO - [2024-11-11T23:45:21.252+0000] {dag.py:4180} INFO - Setting next_dagrun for example_subdag_operator to 2022-01-01 00:00:00+00:00, run_after=2022-01-01 00:00:00+00:00
[2024-11-11T23:45:21.257+0000] {logging_mixin.py:190} INFO - [2024-11-11T23:45:21.256+0000] {dag.py:4180} INFO - Setting next_dagrun for example_subdag_operator.section-1 to None, run_after=None
[2024-11-11T23:45:21.259+0000] {logging_mixin.py:190} INFO - [2024-11-11T23:45:21.258+0000] {dag.py:4180} INFO - Setting next_dagrun for example_subdag_operator.section-2 to None, run_after=None
[2024-11-11T23:45:21.268+0000] {logging_mixin.py:190} INFO - [2024-11-11T23:45:21.268+0000] {dag.py:3239} INFO - Sync 2 DAGs
[2024-11-11T23:45:21.279+0000] {logging_mixin.py:190} INFO - [2024-11-11T23:45:21.279+0000] {dag.py:4180} INFO - Setting next_dagrun for example_subdag_operator.section-1 to None, run_after=None
[2024-11-11T23:45:21.280+0000] {logging_mixin.py:190} INFO - [2024-11-11T23:45:21.280+0000] {dag.py:4180} INFO - Setting next_dagrun for example_subdag_operator.section-2 to None, run_after=None
[2024-11-11T23:45:21.339+0000] {processor.py:208} INFO - Processing /home/airflow/.local/lib/python3.12/site-packages/airflow/example_dags/example_subdag_operator.py took 0.163 seconds
[2024-11-11T23:45:55.134+0000] {processor.py:186} INFO - Started process (PID=321) to work on /home/airflow/.local/lib/python3.12/site-packages/airflow/example_dags/example_subdag_operator.py
[2024-11-11T23:45:55.135+0000] {processor.py:914} INFO - Processing file /home/airflow/.local/lib/python3.12/site-packages/airflow/example_dags/example_subdag_operator.py for tasks to queue
[2024-11-11T23:45:55.138+0000] {logging_mixin.py:190} INFO - [2024-11-11T23:45:55.137+0000] {dagbag.py:588} INFO - Filling up the DagBag from /home/airflow/.local/lib/python3.12/site-packages/airflow/example_dags/example_subdag_operator.py
[2024-11-11T23:45:55.160+0000] {processor.py:925} INFO - DAG(s) 'example_subdag_operator.section-1', 'example_subdag_operator.section-2', 'example_subdag_operator' retrieved from /home/airflow/.local/lib/python3.12/site-packages/airflow/example_dags/example_subdag_operator.py
[2024-11-11T23:45:55.175+0000] {logging_mixin.py:190} INFO - [2024-11-11T23:45:55.175+0000] {dag.py:3239} INFO - Sync 3 DAGs
[2024-11-11T23:45:55.199+0000] {logging_mixin.py:190} INFO - [2024-11-11T23:45:55.199+0000] {dag.py:4180} INFO - Setting next_dagrun for example_subdag_operator to 2022-01-01 00:00:00+00:00, run_after=2022-01-01 00:00:00+00:00
[2024-11-11T23:45:55.204+0000] {logging_mixin.py:190} INFO - [2024-11-11T23:45:55.203+0000] {dag.py:4180} INFO - Setting next_dagrun for example_subdag_operator.section-1 to None, run_after=None
[2024-11-11T23:45:55.206+0000] {logging_mixin.py:190} INFO - [2024-11-11T23:45:55.206+0000] {dag.py:4180} INFO - Setting next_dagrun for example_subdag_operator.section-2 to None, run_after=None
[2024-11-11T23:45:55.215+0000] {logging_mixin.py:190} INFO - [2024-11-11T23:45:55.214+0000] {dag.py:3239} INFO - Sync 2 DAGs
[2024-11-11T23:45:55.221+0000] {logging_mixin.py:190} INFO - [2024-11-11T23:45:55.220+0000] {dag.py:4180} INFO - Setting next_dagrun for example_subdag_operator.section-1 to None, run_after=None
[2024-11-11T23:45:55.222+0000] {logging_mixin.py:190} INFO - [2024-11-11T23:45:55.222+0000] {dag.py:4180} INFO - Setting next_dagrun for example_subdag_operator.section-2 to None, run_after=None
[2024-11-11T23:45:55.240+0000] {processor.py:208} INFO - Processing /home/airflow/.local/lib/python3.12/site-packages/airflow/example_dags/example_subdag_operator.py took 0.115 seconds
[2024-11-11T23:46:35.327+0000] {processor.py:186} INFO - Started process (PID=398) to work on /home/airflow/.local/lib/python3.12/site-packages/airflow/example_dags/example_subdag_operator.py
[2024-11-11T23:46:35.351+0000] {processor.py:914} INFO - Processing file /home/airflow/.local/lib/python3.12/site-packages/airflow/example_dags/example_subdag_operator.py for tasks to queue
[2024-11-11T23:46:35.355+0000] {logging_mixin.py:190} INFO - [2024-11-11T23:46:35.354+0000] {dagbag.py:588} INFO - Filling up the DagBag from /home/airflow/.local/lib/python3.12/site-packages/airflow/example_dags/example_subdag_operator.py
[2024-11-11T23:46:35.392+0000] {processor.py:925} INFO - DAG(s) 'example_subdag_operator.section-1', 'example_subdag_operator.section-2', 'example_subdag_operator' retrieved from /home/airflow/.local/lib/python3.12/site-packages/airflow/example_dags/example_subdag_operator.py
[2024-11-11T23:46:35.417+0000] {logging_mixin.py:190} INFO - [2024-11-11T23:46:35.416+0000] {dag.py:3239} INFO - Sync 3 DAGs
[2024-11-11T23:46:35.463+0000] {logging_mixin.py:190} INFO - [2024-11-11T23:46:35.462+0000] {dag.py:4180} INFO - Setting next_dagrun for example_subdag_operator to 2022-01-01 00:00:00+00:00, run_after=2022-01-01 00:00:00+00:00
[2024-11-11T23:46:35.467+0000] {logging_mixin.py:190} INFO - [2024-11-11T23:46:35.467+0000] {dag.py:4180} INFO - Setting next_dagrun for example_subdag_operator.section-1 to None, run_after=None
[2024-11-11T23:46:35.470+0000] {logging_mixin.py:190} INFO - [2024-11-11T23:46:35.469+0000] {dag.py:4180} INFO - Setting next_dagrun for example_subdag_operator.section-2 to None, run_after=None
[2024-11-11T23:46:35.480+0000] {logging_mixin.py:190} INFO - [2024-11-11T23:46:35.479+0000] {dag.py:3239} INFO - Sync 2 DAGs
[2024-11-11T23:46:35.488+0000] {logging_mixin.py:190} INFO - [2024-11-11T23:46:35.488+0000] {dag.py:4180} INFO - Setting next_dagrun for example_subdag_operator.section-1 to None, run_after=None
[2024-11-11T23:46:35.489+0000] {logging_mixin.py:190} INFO - [2024-11-11T23:46:35.489+0000] {dag.py:4180} INFO - Setting next_dagrun for example_subdag_operator.section-2 to None, run_after=None
[2024-11-11T23:46:35.554+0000] {processor.py:208} INFO - Processing /home/airflow/.local/lib/python3.12/site-packages/airflow/example_dags/example_subdag_operator.py took 0.234 seconds
[2024-11-11T23:47:05.857+0000] {processor.py:186} INFO - Started process (PID=460) to work on /home/airflow/.local/lib/python3.12/site-packages/airflow/example_dags/example_subdag_operator.py
[2024-11-11T23:47:05.859+0000] {processor.py:914} INFO - Processing file /home/airflow/.local/lib/python3.12/site-packages/airflow/example_dags/example_subdag_operator.py for tasks to queue
[2024-11-11T23:47:05.861+0000] {logging_mixin.py:190} INFO - [2024-11-11T23:47:05.861+0000] {dagbag.py:588} INFO - Filling up the DagBag from /home/airflow/.local/lib/python3.12/site-packages/airflow/example_dags/example_subdag_operator.py
[2024-11-11T23:47:05.893+0000] {processor.py:925} INFO - DAG(s) 'example_subdag_operator.section-1', 'example_subdag_operator.section-2', 'example_subdag_operator' retrieved from /home/airflow/.local/lib/python3.12/site-packages/airflow/example_dags/example_subdag_operator.py
[2024-11-11T23:47:05.910+0000] {logging_mixin.py:190} INFO - [2024-11-11T23:47:05.910+0000] {dag.py:3239} INFO - Sync 3 DAGs
[2024-11-11T23:47:05.934+0000] {logging_mixin.py:190} INFO - [2024-11-11T23:47:05.934+0000] {dag.py:4180} INFO - Setting next_dagrun for example_subdag_operator to 2022-01-01 00:00:00+00:00, run_after=2022-01-01 00:00:00+00:00
[2024-11-11T23:47:05.939+0000] {logging_mixin.py:190} INFO - [2024-11-11T23:47:05.939+0000] {dag.py:4180} INFO - Setting next_dagrun for example_subdag_operator.section-1 to None, run_after=None
[2024-11-11T23:47:05.941+0000] {logging_mixin.py:190} INFO - [2024-11-11T23:47:05.941+0000] {dag.py:4180} INFO - Setting next_dagrun for example_subdag_operator.section-2 to None, run_after=None
[2024-11-11T23:47:05.949+0000] {logging_mixin.py:190} INFO - [2024-11-11T23:47:05.948+0000] {dag.py:3239} INFO - Sync 2 DAGs
[2024-11-11T23:47:05.956+0000] {logging_mixin.py:190} INFO - [2024-11-11T23:47:05.956+0000] {dag.py:4180} INFO - Setting next_dagrun for example_subdag_operator.section-1 to None, run_after=None
[2024-11-11T23:47:05.957+0000] {logging_mixin.py:190} INFO - [2024-11-11T23:47:05.957+0000] {dag.py:4180} INFO - Setting next_dagrun for example_subdag_operator.section-2 to None, run_after=None
[2024-11-11T23:47:05.974+0000] {processor.py:208} INFO - Processing /home/airflow/.local/lib/python3.12/site-packages/airflow/example_dags/example_subdag_operator.py took 0.123 seconds
[2024-11-11T23:47:36.980+0000] {processor.py:186} INFO - Started process (PID=524) to work on /home/airflow/.local/lib/python3.12/site-packages/airflow/example_dags/example_subdag_operator.py
[2024-11-11T23:47:36.983+0000] {processor.py:914} INFO - Processing file /home/airflow/.local/lib/python3.12/site-packages/airflow/example_dags/example_subdag_operator.py for tasks to queue
[2024-11-11T23:47:36.987+0000] {logging_mixin.py:190} INFO - [2024-11-11T23:47:36.987+0000] {dagbag.py:588} INFO - Filling up the DagBag from /home/airflow/.local/lib/python3.12/site-packages/airflow/example_dags/example_subdag_operator.py
[2024-11-11T23:47:37.022+0000] {processor.py:925} INFO - DAG(s) 'example_subdag_operator.section-1', 'example_subdag_operator.section-2', 'example_subdag_operator' retrieved from /home/airflow/.local/lib/python3.12/site-packages/airflow/example_dags/example_subdag_operator.py
[2024-11-11T23:47:37.039+0000] {logging_mixin.py:190} INFO - [2024-11-11T23:47:37.039+0000] {dag.py:3239} INFO - Sync 3 DAGs
[2024-11-11T23:47:37.068+0000] {logging_mixin.py:190} INFO - [2024-11-11T23:47:37.067+0000] {dag.py:4180} INFO - Setting next_dagrun for example_subdag_operator to 2022-01-01 00:00:00+00:00, run_after=2022-01-01 00:00:00+00:00
[2024-11-11T23:47:37.072+0000] {logging_mixin.py:190} INFO - [2024-11-11T23:47:37.072+0000] {dag.py:4180} INFO - Setting next_dagrun for example_subdag_operator.section-1 to None, run_after=None
[2024-11-11T23:47:37.074+0000] {logging_mixin.py:190} INFO - [2024-11-11T23:47:37.074+0000] {dag.py:4180} INFO - Setting next_dagrun for example_subdag_operator.section-2 to None, run_after=None
[2024-11-11T23:47:37.083+0000] {logging_mixin.py:190} INFO - [2024-11-11T23:47:37.083+0000] {dag.py:3239} INFO - Sync 2 DAGs
[2024-11-11T23:47:37.091+0000] {logging_mixin.py:190} INFO - [2024-11-11T23:47:37.090+0000] {dag.py:4180} INFO - Setting next_dagrun for example_subdag_operator.section-1 to None, run_after=None
[2024-11-11T23:47:37.092+0000] {logging_mixin.py:190} INFO - [2024-11-11T23:47:37.092+0000] {dag.py:4180} INFO - Setting next_dagrun for example_subdag_operator.section-2 to None, run_after=None
[2024-11-11T23:47:37.113+0000] {processor.py:208} INFO - Processing /home/airflow/.local/lib/python3.12/site-packages/airflow/example_dags/example_subdag_operator.py took 0.139 seconds
[2024-11-11T23:48:08.291+0000] {processor.py:186} INFO - Started process (PID=586) to work on /home/airflow/.local/lib/python3.12/site-packages/airflow/example_dags/example_subdag_operator.py
[2024-11-11T23:48:08.293+0000] {processor.py:914} INFO - Processing file /home/airflow/.local/lib/python3.12/site-packages/airflow/example_dags/example_subdag_operator.py for tasks to queue
[2024-11-11T23:48:08.297+0000] {logging_mixin.py:190} INFO - [2024-11-11T23:48:08.296+0000] {dagbag.py:588} INFO - Filling up the DagBag from /home/airflow/.local/lib/python3.12/site-packages/airflow/example_dags/example_subdag_operator.py
[2024-11-11T23:48:08.334+0000] {processor.py:925} INFO - DAG(s) 'example_subdag_operator.section-1', 'example_subdag_operator.section-2', 'example_subdag_operator' retrieved from /home/airflow/.local/lib/python3.12/site-packages/airflow/example_dags/example_subdag_operator.py
[2024-11-11T23:48:08.360+0000] {logging_mixin.py:190} INFO - [2024-11-11T23:48:08.359+0000] {dag.py:3239} INFO - Sync 3 DAGs
[2024-11-11T23:48:08.392+0000] {logging_mixin.py:190} INFO - [2024-11-11T23:48:08.390+0000] {dag.py:4180} INFO - Setting next_dagrun for example_subdag_operator to 2022-01-01 00:00:00+00:00, run_after=2022-01-01 00:00:00+00:00
[2024-11-11T23:48:08.397+0000] {logging_mixin.py:190} INFO - [2024-11-11T23:48:08.397+0000] {dag.py:4180} INFO - Setting next_dagrun for example_subdag_operator.section-1 to None, run_after=None
[2024-11-11T23:48:08.400+0000] {logging_mixin.py:190} INFO - [2024-11-11T23:48:08.399+0000] {dag.py:4180} INFO - Setting next_dagrun for example_subdag_operator.section-2 to None, run_after=None
[2024-11-11T23:48:08.409+0000] {logging_mixin.py:190} INFO - [2024-11-11T23:48:08.409+0000] {dag.py:3239} INFO - Sync 2 DAGs
[2024-11-11T23:48:08.416+0000] {logging_mixin.py:190} INFO - [2024-11-11T23:48:08.416+0000] {dag.py:4180} INFO - Setting next_dagrun for example_subdag_operator.section-1 to None, run_after=None
[2024-11-11T23:48:08.417+0000] {logging_mixin.py:190} INFO - [2024-11-11T23:48:08.417+0000] {dag.py:4180} INFO - Setting next_dagrun for example_subdag_operator.section-2 to None, run_after=None
[2024-11-11T23:48:08.492+0000] {processor.py:208} INFO - Processing /home/airflow/.local/lib/python3.12/site-packages/airflow/example_dags/example_subdag_operator.py took 0.209 seconds
[2024-11-11T23:48:39.976+0000] {processor.py:186} INFO - Started process (PID=651) to work on /home/airflow/.local/lib/python3.12/site-packages/airflow/example_dags/example_subdag_operator.py
[2024-11-11T23:48:39.977+0000] {processor.py:914} INFO - Processing file /home/airflow/.local/lib/python3.12/site-packages/airflow/example_dags/example_subdag_operator.py for tasks to queue
[2024-11-11T23:48:39.980+0000] {logging_mixin.py:190} INFO - [2024-11-11T23:48:39.979+0000] {dagbag.py:588} INFO - Filling up the DagBag from /home/airflow/.local/lib/python3.12/site-packages/airflow/example_dags/example_subdag_operator.py
[2024-11-11T23:48:40.005+0000] {processor.py:925} INFO - DAG(s) 'example_subdag_operator.section-1', 'example_subdag_operator.section-2', 'example_subdag_operator' retrieved from /home/airflow/.local/lib/python3.12/site-packages/airflow/example_dags/example_subdag_operator.py
[2024-11-11T23:48:40.019+0000] {logging_mixin.py:190} INFO - [2024-11-11T23:48:40.019+0000] {dag.py:3239} INFO - Sync 3 DAGs
[2024-11-11T23:48:40.041+0000] {logging_mixin.py:190} INFO - [2024-11-11T23:48:40.041+0000] {dag.py:4180} INFO - Setting next_dagrun for example_subdag_operator to 2022-01-01 00:00:00+00:00, run_after=2022-01-01 00:00:00+00:00
[2024-11-11T23:48:40.045+0000] {logging_mixin.py:190} INFO - [2024-11-11T23:48:40.045+0000] {dag.py:4180} INFO - Setting next_dagrun for example_subdag_operator.section-1 to None, run_after=None
[2024-11-11T23:48:40.047+0000] {logging_mixin.py:190} INFO - [2024-11-11T23:48:40.047+0000] {dag.py:4180} INFO - Setting next_dagrun for example_subdag_operator.section-2 to None, run_after=None
[2024-11-11T23:48:40.055+0000] {logging_mixin.py:190} INFO - [2024-11-11T23:48:40.055+0000] {dag.py:3239} INFO - Sync 2 DAGs
[2024-11-11T23:48:40.062+0000] {logging_mixin.py:190} INFO - [2024-11-11T23:48:40.062+0000] {dag.py:4180} INFO - Setting next_dagrun for example_subdag_operator.section-1 to None, run_after=None
[2024-11-11T23:48:40.063+0000] {logging_mixin.py:190} INFO - [2024-11-11T23:48:40.063+0000] {dag.py:4180} INFO - Setting next_dagrun for example_subdag_operator.section-2 to None, run_after=None
[2024-11-11T23:48:40.079+0000] {processor.py:208} INFO - Processing /home/airflow/.local/lib/python3.12/site-packages/airflow/example_dags/example_subdag_operator.py took 0.111 seconds
[2024-11-11T23:49:10.260+0000] {processor.py:186} INFO - Started process (PID=715) to work on /home/airflow/.local/lib/python3.12/site-packages/airflow/example_dags/example_subdag_operator.py
[2024-11-11T23:49:10.261+0000] {processor.py:914} INFO - Processing file /home/airflow/.local/lib/python3.12/site-packages/airflow/example_dags/example_subdag_operator.py for tasks to queue
[2024-11-11T23:49:10.264+0000] {logging_mixin.py:190} INFO - [2024-11-11T23:49:10.264+0000] {dagbag.py:588} INFO - Filling up the DagBag from /home/airflow/.local/lib/python3.12/site-packages/airflow/example_dags/example_subdag_operator.py
[2024-11-11T23:49:10.289+0000] {processor.py:925} INFO - DAG(s) 'example_subdag_operator.section-1', 'example_subdag_operator.section-2', 'example_subdag_operator' retrieved from /home/airflow/.local/lib/python3.12/site-packages/airflow/example_dags/example_subdag_operator.py
[2024-11-11T23:49:10.304+0000] {logging_mixin.py:190} INFO - [2024-11-11T23:49:10.304+0000] {dag.py:3239} INFO - Sync 3 DAGs
[2024-11-11T23:49:10.326+0000] {logging_mixin.py:190} INFO - [2024-11-11T23:49:10.326+0000] {dag.py:4180} INFO - Setting next_dagrun for example_subdag_operator to 2022-01-01 00:00:00+00:00, run_after=2022-01-01 00:00:00+00:00
[2024-11-11T23:49:10.330+0000] {logging_mixin.py:190} INFO - [2024-11-11T23:49:10.330+0000] {dag.py:4180} INFO - Setting next_dagrun for example_subdag_operator.section-1 to None, run_after=None
[2024-11-11T23:49:10.332+0000] {logging_mixin.py:190} INFO - [2024-11-11T23:49:10.332+0000] {dag.py:4180} INFO - Setting next_dagrun for example_subdag_operator.section-2 to None, run_after=None
[2024-11-11T23:49:10.341+0000] {logging_mixin.py:190} INFO - [2024-11-11T23:49:10.341+0000] {dag.py:3239} INFO - Sync 2 DAGs
[2024-11-11T23:49:10.349+0000] {logging_mixin.py:190} INFO - [2024-11-11T23:49:10.348+0000] {dag.py:4180} INFO - Setting next_dagrun for example_subdag_operator.section-1 to None, run_after=None
[2024-11-11T23:49:10.350+0000] {logging_mixin.py:190} INFO - [2024-11-11T23:49:10.350+0000] {dag.py:4180} INFO - Setting next_dagrun for example_subdag_operator.section-2 to None, run_after=None
[2024-11-11T23:49:10.373+0000] {processor.py:208} INFO - Processing /home/airflow/.local/lib/python3.12/site-packages/airflow/example_dags/example_subdag_operator.py took 0.118 seconds
[2024-11-11T23:49:41.338+0000] {processor.py:186} INFO - Started process (PID=781) to work on /home/airflow/.local/lib/python3.12/site-packages/airflow/example_dags/example_subdag_operator.py
[2024-11-11T23:49:41.339+0000] {processor.py:914} INFO - Processing file /home/airflow/.local/lib/python3.12/site-packages/airflow/example_dags/example_subdag_operator.py for tasks to queue
[2024-11-11T23:49:41.342+0000] {logging_mixin.py:190} INFO - [2024-11-11T23:49:41.342+0000] {dagbag.py:588} INFO - Filling up the DagBag from /home/airflow/.local/lib/python3.12/site-packages/airflow/example_dags/example_subdag_operator.py
[2024-11-11T23:49:41.370+0000] {processor.py:925} INFO - DAG(s) 'example_subdag_operator.section-1', 'example_subdag_operator.section-2', 'example_subdag_operator' retrieved from /home/airflow/.local/lib/python3.12/site-packages/airflow/example_dags/example_subdag_operator.py
[2024-11-11T23:49:41.408+0000] {logging_mixin.py:190} INFO - [2024-11-11T23:49:41.407+0000] {dag.py:3239} INFO - Sync 3 DAGs
[2024-11-11T23:49:41.444+0000] {logging_mixin.py:190} INFO - [2024-11-11T23:49:41.443+0000] {dag.py:4180} INFO - Setting next_dagrun for example_subdag_operator to 2022-01-01 00:00:00+00:00, run_after=2022-01-01 00:00:00+00:00
[2024-11-11T23:49:41.453+0000] {logging_mixin.py:190} INFO - [2024-11-11T23:49:41.453+0000] {dag.py:4180} INFO - Setting next_dagrun for example_subdag_operator.section-1 to None, run_after=None
[2024-11-11T23:49:41.456+0000] {logging_mixin.py:190} INFO - [2024-11-11T23:49:41.456+0000] {dag.py:4180} INFO - Setting next_dagrun for example_subdag_operator.section-2 to None, run_after=None
[2024-11-11T23:49:41.470+0000] {logging_mixin.py:190} INFO - [2024-11-11T23:49:41.469+0000] {dag.py:3239} INFO - Sync 2 DAGs
[2024-11-11T23:49:41.480+0000] {logging_mixin.py:190} INFO - [2024-11-11T23:49:41.480+0000] {dag.py:4180} INFO - Setting next_dagrun for example_subdag_operator.section-1 to None, run_after=None
[2024-11-11T23:49:41.482+0000] {logging_mixin.py:190} INFO - [2024-11-11T23:49:41.481+0000] {dag.py:4180} INFO - Setting next_dagrun for example_subdag_operator.section-2 to None, run_after=None
[2024-11-11T23:49:41.508+0000] {processor.py:208} INFO - Processing /home/airflow/.local/lib/python3.12/site-packages/airflow/example_dags/example_subdag_operator.py took 0.176 seconds
[2024-11-11T23:50:11.802+0000] {processor.py:186} INFO - Started process (PID=844) to work on /home/airflow/.local/lib/python3.12/site-packages/airflow/example_dags/example_subdag_operator.py
[2024-11-11T23:50:11.804+0000] {processor.py:914} INFO - Processing file /home/airflow/.local/lib/python3.12/site-packages/airflow/example_dags/example_subdag_operator.py for tasks to queue
[2024-11-11T23:50:11.808+0000] {logging_mixin.py:190} INFO - [2024-11-11T23:50:11.808+0000] {dagbag.py:588} INFO - Filling up the DagBag from /home/airflow/.local/lib/python3.12/site-packages/airflow/example_dags/example_subdag_operator.py
[2024-11-11T23:50:11.842+0000] {processor.py:925} INFO - DAG(s) 'example_subdag_operator.section-1', 'example_subdag_operator.section-2', 'example_subdag_operator' retrieved from /home/airflow/.local/lib/python3.12/site-packages/airflow/example_dags/example_subdag_operator.py
[2024-11-11T23:50:11.861+0000] {logging_mixin.py:190} INFO - [2024-11-11T23:50:11.860+0000] {dag.py:3239} INFO - Sync 3 DAGs
[2024-11-11T23:50:11.894+0000] {logging_mixin.py:190} INFO - [2024-11-11T23:50:11.894+0000] {dag.py:4180} INFO - Setting next_dagrun for example_subdag_operator to 2022-01-01 00:00:00+00:00, run_after=2022-01-01 00:00:00+00:00
[2024-11-11T23:50:11.898+0000] {logging_mixin.py:190} INFO - [2024-11-11T23:50:11.898+0000] {dag.py:4180} INFO - Setting next_dagrun for example_subdag_operator.section-1 to None, run_after=None
[2024-11-11T23:50:11.901+0000] {logging_mixin.py:190} INFO - [2024-11-11T23:50:11.900+0000] {dag.py:4180} INFO - Setting next_dagrun for example_subdag_operator.section-2 to None, run_after=None
[2024-11-11T23:50:11.914+0000] {logging_mixin.py:190} INFO - [2024-11-11T23:50:11.914+0000] {dag.py:3239} INFO - Sync 2 DAGs
[2024-11-11T23:50:11.928+0000] {logging_mixin.py:190} INFO - [2024-11-11T23:50:11.927+0000] {dag.py:4180} INFO - Setting next_dagrun for example_subdag_operator.section-1 to None, run_after=None
[2024-11-11T23:50:11.929+0000] {logging_mixin.py:190} INFO - [2024-11-11T23:50:11.928+0000] {dag.py:4180} INFO - Setting next_dagrun for example_subdag_operator.section-2 to None, run_after=None
[2024-11-11T23:50:11.947+0000] {processor.py:208} INFO - Processing /home/airflow/.local/lib/python3.12/site-packages/airflow/example_dags/example_subdag_operator.py took 0.167 seconds
[2024-11-11T23:50:42.094+0000] {processor.py:186} INFO - Started process (PID=907) to work on /home/airflow/.local/lib/python3.12/site-packages/airflow/example_dags/example_subdag_operator.py
[2024-11-11T23:50:42.095+0000] {processor.py:914} INFO - Processing file /home/airflow/.local/lib/python3.12/site-packages/airflow/example_dags/example_subdag_operator.py for tasks to queue
[2024-11-11T23:50:42.097+0000] {logging_mixin.py:190} INFO - [2024-11-11T23:50:42.097+0000] {dagbag.py:588} INFO - Filling up the DagBag from /home/airflow/.local/lib/python3.12/site-packages/airflow/example_dags/example_subdag_operator.py
[2024-11-11T23:50:42.124+0000] {processor.py:925} INFO - DAG(s) 'example_subdag_operator.section-1', 'example_subdag_operator.section-2', 'example_subdag_operator' retrieved from /home/airflow/.local/lib/python3.12/site-packages/airflow/example_dags/example_subdag_operator.py
[2024-11-11T23:50:42.139+0000] {logging_mixin.py:190} INFO - [2024-11-11T23:50:42.138+0000] {dag.py:3239} INFO - Sync 3 DAGs
[2024-11-11T23:50:42.161+0000] {logging_mixin.py:190} INFO - [2024-11-11T23:50:42.160+0000] {dag.py:4180} INFO - Setting next_dagrun for example_subdag_operator to 2022-01-01 00:00:00+00:00, run_after=2022-01-01 00:00:00+00:00
[2024-11-11T23:50:42.165+0000] {logging_mixin.py:190} INFO - [2024-11-11T23:50:42.165+0000] {dag.py:4180} INFO - Setting next_dagrun for example_subdag_operator.section-1 to None, run_after=None
[2024-11-11T23:50:42.167+0000] {logging_mixin.py:190} INFO - [2024-11-11T23:50:42.166+0000] {dag.py:4180} INFO - Setting next_dagrun for example_subdag_operator.section-2 to None, run_after=None
[2024-11-11T23:50:42.175+0000] {logging_mixin.py:190} INFO - [2024-11-11T23:50:42.175+0000] {dag.py:3239} INFO - Sync 2 DAGs
[2024-11-11T23:50:42.182+0000] {logging_mixin.py:190} INFO - [2024-11-11T23:50:42.182+0000] {dag.py:4180} INFO - Setting next_dagrun for example_subdag_operator.section-1 to None, run_after=None
[2024-11-11T23:50:42.183+0000] {logging_mixin.py:190} INFO - [2024-11-11T23:50:42.183+0000] {dag.py:4180} INFO - Setting next_dagrun for example_subdag_operator.section-2 to None, run_after=None
[2024-11-11T23:50:42.196+0000] {processor.py:208} INFO - Processing /home/airflow/.local/lib/python3.12/site-packages/airflow/example_dags/example_subdag_operator.py took 0.108 seconds
[2024-11-11T23:51:12.559+0000] {processor.py:186} INFO - Started process (PID=971) to work on /home/airflow/.local/lib/python3.12/site-packages/airflow/example_dags/example_subdag_operator.py
[2024-11-11T23:51:12.563+0000] {processor.py:914} INFO - Processing file /home/airflow/.local/lib/python3.12/site-packages/airflow/example_dags/example_subdag_operator.py for tasks to queue
[2024-11-11T23:51:12.566+0000] {logging_mixin.py:190} INFO - [2024-11-11T23:51:12.566+0000] {dagbag.py:588} INFO - Filling up the DagBag from /home/airflow/.local/lib/python3.12/site-packages/airflow/example_dags/example_subdag_operator.py
[2024-11-11T23:51:12.597+0000] {processor.py:925} INFO - DAG(s) 'example_subdag_operator.section-1', 'example_subdag_operator.section-2', 'example_subdag_operator' retrieved from /home/airflow/.local/lib/python3.12/site-packages/airflow/example_dags/example_subdag_operator.py
[2024-11-11T23:51:12.613+0000] {logging_mixin.py:190} INFO - [2024-11-11T23:51:12.613+0000] {dag.py:3239} INFO - Sync 3 DAGs
[2024-11-11T23:51:12.648+0000] {logging_mixin.py:190} INFO - [2024-11-11T23:51:12.647+0000] {dag.py:4180} INFO - Setting next_dagrun for example_subdag_operator to 2022-01-01 00:00:00+00:00, run_after=2022-01-01 00:00:00+00:00
[2024-11-11T23:51:12.656+0000] {logging_mixin.py:190} INFO - [2024-11-11T23:51:12.655+0000] {dag.py:4180} INFO - Setting next_dagrun for example_subdag_operator.section-1 to None, run_after=None
[2024-11-11T23:51:12.662+0000] {logging_mixin.py:190} INFO - [2024-11-11T23:51:12.661+0000] {dag.py:4180} INFO - Setting next_dagrun for example_subdag_operator.section-2 to None, run_after=None
[2024-11-11T23:51:12.686+0000] {logging_mixin.py:190} INFO - [2024-11-11T23:51:12.685+0000] {dag.py:3239} INFO - Sync 2 DAGs
[2024-11-11T23:51:12.702+0000] {logging_mixin.py:190} INFO - [2024-11-11T23:51:12.702+0000] {dag.py:4180} INFO - Setting next_dagrun for example_subdag_operator.section-1 to None, run_after=None
[2024-11-11T23:51:12.704+0000] {logging_mixin.py:190} INFO - [2024-11-11T23:51:12.703+0000] {dag.py:4180} INFO - Setting next_dagrun for example_subdag_operator.section-2 to None, run_after=None
[2024-11-11T23:51:12.739+0000] {processor.py:208} INFO - Processing /home/airflow/.local/lib/python3.12/site-packages/airflow/example_dags/example_subdag_operator.py took 0.187 seconds
[2024-11-11T23:51:42.791+0000] {processor.py:186} INFO - Started process (PID=1035) to work on /home/airflow/.local/lib/python3.12/site-packages/airflow/example_dags/example_subdag_operator.py
[2024-11-11T23:51:42.792+0000] {processor.py:914} INFO - Processing file /home/airflow/.local/lib/python3.12/site-packages/airflow/example_dags/example_subdag_operator.py for tasks to queue
[2024-11-11T23:51:42.794+0000] {logging_mixin.py:190} INFO - [2024-11-11T23:51:42.794+0000] {dagbag.py:588} INFO - Filling up the DagBag from /home/airflow/.local/lib/python3.12/site-packages/airflow/example_dags/example_subdag_operator.py
[2024-11-11T23:51:42.833+0000] {processor.py:925} INFO - DAG(s) 'example_subdag_operator.section-1', 'example_subdag_operator.section-2', 'example_subdag_operator' retrieved from /home/airflow/.local/lib/python3.12/site-packages/airflow/example_dags/example_subdag_operator.py
[2024-11-11T23:51:42.855+0000] {logging_mixin.py:190} INFO - [2024-11-11T23:51:42.855+0000] {dag.py:3239} INFO - Sync 3 DAGs
[2024-11-11T23:51:42.886+0000] {logging_mixin.py:190} INFO - [2024-11-11T23:51:42.885+0000] {dag.py:4180} INFO - Setting next_dagrun for example_subdag_operator to 2022-01-01 00:00:00+00:00, run_after=2022-01-01 00:00:00+00:00
[2024-11-11T23:51:42.892+0000] {logging_mixin.py:190} INFO - [2024-11-11T23:51:42.892+0000] {dag.py:4180} INFO - Setting next_dagrun for example_subdag_operator.section-1 to None, run_after=None
[2024-11-11T23:51:42.894+0000] {logging_mixin.py:190} INFO - [2024-11-11T23:51:42.894+0000] {dag.py:4180} INFO - Setting next_dagrun for example_subdag_operator.section-2 to None, run_after=None
[2024-11-11T23:51:42.908+0000] {logging_mixin.py:190} INFO - [2024-11-11T23:51:42.908+0000] {dag.py:3239} INFO - Sync 2 DAGs
[2024-11-11T23:51:42.919+0000] {logging_mixin.py:190} INFO - [2024-11-11T23:51:42.919+0000] {dag.py:4180} INFO - Setting next_dagrun for example_subdag_operator.section-1 to None, run_after=None
[2024-11-11T23:51:42.920+0000] {logging_mixin.py:190} INFO - [2024-11-11T23:51:42.920+0000] {dag.py:4180} INFO - Setting next_dagrun for example_subdag_operator.section-2 to None, run_after=None
[2024-11-11T23:51:42.946+0000] {processor.py:208} INFO - Processing /home/airflow/.local/lib/python3.12/site-packages/airflow/example_dags/example_subdag_operator.py took 0.164 seconds
[2024-11-11T23:52:13.119+0000] {processor.py:186} INFO - Started process (PID=1099) to work on /home/airflow/.local/lib/python3.12/site-packages/airflow/example_dags/example_subdag_operator.py
[2024-11-11T23:52:13.120+0000] {processor.py:914} INFO - Processing file /home/airflow/.local/lib/python3.12/site-packages/airflow/example_dags/example_subdag_operator.py for tasks to queue
[2024-11-11T23:52:13.123+0000] {logging_mixin.py:190} INFO - [2024-11-11T23:52:13.123+0000] {dagbag.py:588} INFO - Filling up the DagBag from /home/airflow/.local/lib/python3.12/site-packages/airflow/example_dags/example_subdag_operator.py
[2024-11-11T23:52:13.150+0000] {processor.py:925} INFO - DAG(s) 'example_subdag_operator.section-1', 'example_subdag_operator.section-2', 'example_subdag_operator' retrieved from /home/airflow/.local/lib/python3.12/site-packages/airflow/example_dags/example_subdag_operator.py
[2024-11-11T23:52:13.165+0000] {logging_mixin.py:190} INFO - [2024-11-11T23:52:13.165+0000] {dag.py:3239} INFO - Sync 3 DAGs
[2024-11-11T23:52:13.191+0000] {logging_mixin.py:190} INFO - [2024-11-11T23:52:13.190+0000] {dag.py:4180} INFO - Setting next_dagrun for example_subdag_operator to 2022-01-01 00:00:00+00:00, run_after=2022-01-01 00:00:00+00:00
[2024-11-11T23:52:13.196+0000] {logging_mixin.py:190} INFO - [2024-11-11T23:52:13.196+0000] {dag.py:4180} INFO - Setting next_dagrun for example_subdag_operator.section-1 to None, run_after=None
[2024-11-11T23:52:13.198+0000] {logging_mixin.py:190} INFO - [2024-11-11T23:52:13.197+0000] {dag.py:4180} INFO - Setting next_dagrun for example_subdag_operator.section-2 to None, run_after=None
[2024-11-11T23:52:13.205+0000] {logging_mixin.py:190} INFO - [2024-11-11T23:52:13.205+0000] {dag.py:3239} INFO - Sync 2 DAGs
[2024-11-11T23:52:13.212+0000] {logging_mixin.py:190} INFO - [2024-11-11T23:52:13.212+0000] {dag.py:4180} INFO - Setting next_dagrun for example_subdag_operator.section-1 to None, run_after=None
[2024-11-11T23:52:13.213+0000] {logging_mixin.py:190} INFO - [2024-11-11T23:52:13.213+0000] {dag.py:4180} INFO - Setting next_dagrun for example_subdag_operator.section-2 to None, run_after=None
[2024-11-11T23:52:13.228+0000] {processor.py:208} INFO - Processing /home/airflow/.local/lib/python3.12/site-packages/airflow/example_dags/example_subdag_operator.py took 0.116 seconds
[2024-11-11T23:52:43.446+0000] {processor.py:186} INFO - Started process (PID=1163) to work on /home/airflow/.local/lib/python3.12/site-packages/airflow/example_dags/example_subdag_operator.py
[2024-11-11T23:52:43.447+0000] {processor.py:914} INFO - Processing file /home/airflow/.local/lib/python3.12/site-packages/airflow/example_dags/example_subdag_operator.py for tasks to queue
[2024-11-11T23:52:43.454+0000] {logging_mixin.py:190} INFO - [2024-11-11T23:52:43.453+0000] {dagbag.py:588} INFO - Filling up the DagBag from /home/airflow/.local/lib/python3.12/site-packages/airflow/example_dags/example_subdag_operator.py
[2024-11-11T23:52:43.480+0000] {processor.py:925} INFO - DAG(s) 'example_subdag_operator.section-1', 'example_subdag_operator.section-2', 'example_subdag_operator' retrieved from /home/airflow/.local/lib/python3.12/site-packages/airflow/example_dags/example_subdag_operator.py
[2024-11-11T23:52:43.494+0000] {logging_mixin.py:190} INFO - [2024-11-11T23:52:43.493+0000] {dag.py:3239} INFO - Sync 3 DAGs
[2024-11-11T23:52:43.520+0000] {logging_mixin.py:190} INFO - [2024-11-11T23:52:43.520+0000] {dag.py:4180} INFO - Setting next_dagrun for example_subdag_operator to 2022-01-01 00:00:00+00:00, run_after=2022-01-01 00:00:00+00:00
[2024-11-11T23:52:43.524+0000] {logging_mixin.py:190} INFO - [2024-11-11T23:52:43.524+0000] {dag.py:4180} INFO - Setting next_dagrun for example_subdag_operator.section-1 to None, run_after=None
[2024-11-11T23:52:43.526+0000] {logging_mixin.py:190} INFO - [2024-11-11T23:52:43.525+0000] {dag.py:4180} INFO - Setting next_dagrun for example_subdag_operator.section-2 to None, run_after=None
[2024-11-11T23:52:43.534+0000] {logging_mixin.py:190} INFO - [2024-11-11T23:52:43.534+0000] {dag.py:3239} INFO - Sync 2 DAGs
[2024-11-11T23:52:43.540+0000] {logging_mixin.py:190} INFO - [2024-11-11T23:52:43.540+0000] {dag.py:4180} INFO - Setting next_dagrun for example_subdag_operator.section-1 to None, run_after=None
[2024-11-11T23:52:43.540+0000] {logging_mixin.py:190} INFO - [2024-11-11T23:52:43.540+0000] {dag.py:4180} INFO - Setting next_dagrun for example_subdag_operator.section-2 to None, run_after=None
[2024-11-11T23:52:43.553+0000] {processor.py:208} INFO - Processing /home/airflow/.local/lib/python3.12/site-packages/airflow/example_dags/example_subdag_operator.py took 0.114 seconds
[2024-11-11T23:53:13.808+0000] {processor.py:186} INFO - Started process (PID=1228) to work on /home/airflow/.local/lib/python3.12/site-packages/airflow/example_dags/example_subdag_operator.py
[2024-11-11T23:53:13.809+0000] {processor.py:914} INFO - Processing file /home/airflow/.local/lib/python3.12/site-packages/airflow/example_dags/example_subdag_operator.py for tasks to queue
[2024-11-11T23:53:13.812+0000] {logging_mixin.py:190} INFO - [2024-11-11T23:53:13.811+0000] {dagbag.py:588} INFO - Filling up the DagBag from /home/airflow/.local/lib/python3.12/site-packages/airflow/example_dags/example_subdag_operator.py
[2024-11-11T23:53:13.843+0000] {processor.py:925} INFO - DAG(s) 'example_subdag_operator.section-1', 'example_subdag_operator.section-2', 'example_subdag_operator' retrieved from /home/airflow/.local/lib/python3.12/site-packages/airflow/example_dags/example_subdag_operator.py
[2024-11-11T23:53:13.859+0000] {logging_mixin.py:190} INFO - [2024-11-11T23:53:13.859+0000] {dag.py:3239} INFO - Sync 3 DAGs
[2024-11-11T23:53:13.892+0000] {logging_mixin.py:190} INFO - [2024-11-11T23:53:13.891+0000] {dag.py:4180} INFO - Setting next_dagrun for example_subdag_operator to 2022-01-01 00:00:00+00:00, run_after=2022-01-01 00:00:00+00:00
[2024-11-11T23:53:13.898+0000] {logging_mixin.py:190} INFO - [2024-11-11T23:53:13.898+0000] {dag.py:4180} INFO - Setting next_dagrun for example_subdag_operator.section-1 to None, run_after=None
[2024-11-11T23:53:13.903+0000] {logging_mixin.py:190} INFO - [2024-11-11T23:53:13.902+0000] {dag.py:4180} INFO - Setting next_dagrun for example_subdag_operator.section-2 to None, run_after=None
[2024-11-11T23:53:13.920+0000] {logging_mixin.py:190} INFO - [2024-11-11T23:53:13.919+0000] {dag.py:3239} INFO - Sync 2 DAGs
[2024-11-11T23:53:13.928+0000] {logging_mixin.py:190} INFO - [2024-11-11T23:53:13.928+0000] {dag.py:4180} INFO - Setting next_dagrun for example_subdag_operator.section-1 to None, run_after=None
[2024-11-11T23:53:13.929+0000] {logging_mixin.py:190} INFO - [2024-11-11T23:53:13.929+0000] {dag.py:4180} INFO - Setting next_dagrun for example_subdag_operator.section-2 to None, run_after=None
[2024-11-11T23:53:13.949+0000] {processor.py:208} INFO - Processing /home/airflow/.local/lib/python3.12/site-packages/airflow/example_dags/example_subdag_operator.py took 0.148 seconds
[2024-11-11T23:53:44.055+0000] {processor.py:186} INFO - Started process (PID=1293) to work on /home/airflow/.local/lib/python3.12/site-packages/airflow/example_dags/example_subdag_operator.py
[2024-11-11T23:53:44.056+0000] {processor.py:914} INFO - Processing file /home/airflow/.local/lib/python3.12/site-packages/airflow/example_dags/example_subdag_operator.py for tasks to queue
[2024-11-11T23:53:44.059+0000] {logging_mixin.py:190} INFO - [2024-11-11T23:53:44.058+0000] {dagbag.py:588} INFO - Filling up the DagBag from /home/airflow/.local/lib/python3.12/site-packages/airflow/example_dags/example_subdag_operator.py
[2024-11-11T23:53:44.084+0000] {processor.py:925} INFO - DAG(s) 'example_subdag_operator.section-1', 'example_subdag_operator.section-2', 'example_subdag_operator' retrieved from /home/airflow/.local/lib/python3.12/site-packages/airflow/example_dags/example_subdag_operator.py
[2024-11-11T23:53:44.101+0000] {logging_mixin.py:190} INFO - [2024-11-11T23:53:44.100+0000] {dag.py:3239} INFO - Sync 3 DAGs
[2024-11-11T23:53:44.124+0000] {logging_mixin.py:190} INFO - [2024-11-11T23:53:44.124+0000] {dag.py:4180} INFO - Setting next_dagrun for example_subdag_operator to 2022-01-01 00:00:00+00:00, run_after=2022-01-01 00:00:00+00:00
[2024-11-11T23:53:44.128+0000] {logging_mixin.py:190} INFO - [2024-11-11T23:53:44.128+0000] {dag.py:4180} INFO - Setting next_dagrun for example_subdag_operator.section-1 to None, run_after=None
[2024-11-11T23:53:44.130+0000] {logging_mixin.py:190} INFO - [2024-11-11T23:53:44.130+0000] {dag.py:4180} INFO - Setting next_dagrun for example_subdag_operator.section-2 to None, run_after=None
[2024-11-11T23:53:44.139+0000] {logging_mixin.py:190} INFO - [2024-11-11T23:53:44.138+0000] {dag.py:3239} INFO - Sync 2 DAGs
[2024-11-11T23:53:44.146+0000] {logging_mixin.py:190} INFO - [2024-11-11T23:53:44.145+0000] {dag.py:4180} INFO - Setting next_dagrun for example_subdag_operator.section-1 to None, run_after=None
[2024-11-11T23:53:44.147+0000] {logging_mixin.py:190} INFO - [2024-11-11T23:53:44.146+0000] {dag.py:4180} INFO - Setting next_dagrun for example_subdag_operator.section-2 to None, run_after=None
[2024-11-11T23:53:44.165+0000] {processor.py:208} INFO - Processing /home/airflow/.local/lib/python3.12/site-packages/airflow/example_dags/example_subdag_operator.py took 0.116 seconds
[2024-11-11T23:54:14.808+0000] {processor.py:186} INFO - Started process (PID=1357) to work on /home/airflow/.local/lib/python3.12/site-packages/airflow/example_dags/example_subdag_operator.py
[2024-11-11T23:54:14.809+0000] {processor.py:914} INFO - Processing file /home/airflow/.local/lib/python3.12/site-packages/airflow/example_dags/example_subdag_operator.py for tasks to queue
[2024-11-11T23:54:14.812+0000] {logging_mixin.py:190} INFO - [2024-11-11T23:54:14.811+0000] {dagbag.py:588} INFO - Filling up the DagBag from /home/airflow/.local/lib/python3.12/site-packages/airflow/example_dags/example_subdag_operator.py
[2024-11-11T23:54:14.841+0000] {processor.py:925} INFO - DAG(s) 'example_subdag_operator.section-1', 'example_subdag_operator.section-2', 'example_subdag_operator' retrieved from /home/airflow/.local/lib/python3.12/site-packages/airflow/example_dags/example_subdag_operator.py
[2024-11-11T23:54:14.857+0000] {logging_mixin.py:190} INFO - [2024-11-11T23:54:14.857+0000] {dag.py:3239} INFO - Sync 3 DAGs
[2024-11-11T23:54:14.883+0000] {logging_mixin.py:190} INFO - [2024-11-11T23:54:14.882+0000] {dag.py:4180} INFO - Setting next_dagrun for example_subdag_operator to 2022-01-01 00:00:00+00:00, run_after=2022-01-01 00:00:00+00:00
[2024-11-11T23:54:14.888+0000] {logging_mixin.py:190} INFO - [2024-11-11T23:54:14.888+0000] {dag.py:4180} INFO - Setting next_dagrun for example_subdag_operator.section-1 to None, run_after=None
[2024-11-11T23:54:14.890+0000] {logging_mixin.py:190} INFO - [2024-11-11T23:54:14.890+0000] {dag.py:4180} INFO - Setting next_dagrun for example_subdag_operator.section-2 to None, run_after=None
[2024-11-11T23:54:14.901+0000] {logging_mixin.py:190} INFO - [2024-11-11T23:54:14.900+0000] {dag.py:3239} INFO - Sync 2 DAGs
[2024-11-11T23:54:14.907+0000] {logging_mixin.py:190} INFO - [2024-11-11T23:54:14.907+0000] {dag.py:4180} INFO - Setting next_dagrun for example_subdag_operator.section-1 to None, run_after=None
[2024-11-11T23:54:14.908+0000] {logging_mixin.py:190} INFO - [2024-11-11T23:54:14.908+0000] {dag.py:4180} INFO - Setting next_dagrun for example_subdag_operator.section-2 to None, run_after=None
[2024-11-11T23:54:14.926+0000] {processor.py:208} INFO - Processing /home/airflow/.local/lib/python3.12/site-packages/airflow/example_dags/example_subdag_operator.py took 0.123 seconds
[2024-11-11T23:54:45.193+0000] {processor.py:186} INFO - Started process (PID=1421) to work on /home/airflow/.local/lib/python3.12/site-packages/airflow/example_dags/example_subdag_operator.py
[2024-11-11T23:54:45.195+0000] {processor.py:914} INFO - Processing file /home/airflow/.local/lib/python3.12/site-packages/airflow/example_dags/example_subdag_operator.py for tasks to queue
[2024-11-11T23:54:45.197+0000] {logging_mixin.py:190} INFO - [2024-11-11T23:54:45.197+0000] {dagbag.py:588} INFO - Filling up the DagBag from /home/airflow/.local/lib/python3.12/site-packages/airflow/example_dags/example_subdag_operator.py
[2024-11-11T23:54:45.225+0000] {processor.py:925} INFO - DAG(s) 'example_subdag_operator.section-1', 'example_subdag_operator.section-2', 'example_subdag_operator' retrieved from /home/airflow/.local/lib/python3.12/site-packages/airflow/example_dags/example_subdag_operator.py
[2024-11-11T23:54:45.241+0000] {logging_mixin.py:190} INFO - [2024-11-11T23:54:45.241+0000] {dag.py:3239} INFO - Sync 3 DAGs
[2024-11-11T23:54:45.265+0000] {logging_mixin.py:190} INFO - [2024-11-11T23:54:45.265+0000] {dag.py:4180} INFO - Setting next_dagrun for example_subdag_operator to 2022-01-01 00:00:00+00:00, run_after=2022-01-01 00:00:00+00:00
[2024-11-11T23:54:45.269+0000] {logging_mixin.py:190} INFO - [2024-11-11T23:54:45.269+0000] {dag.py:4180} INFO - Setting next_dagrun for example_subdag_operator.section-1 to None, run_after=None
[2024-11-11T23:54:45.271+0000] {logging_mixin.py:190} INFO - [2024-11-11T23:54:45.271+0000] {dag.py:4180} INFO - Setting next_dagrun for example_subdag_operator.section-2 to None, run_after=None
[2024-11-11T23:54:45.280+0000] {logging_mixin.py:190} INFO - [2024-11-11T23:54:45.279+0000] {dag.py:3239} INFO - Sync 2 DAGs
[2024-11-11T23:54:45.286+0000] {logging_mixin.py:190} INFO - [2024-11-11T23:54:45.286+0000] {dag.py:4180} INFO - Setting next_dagrun for example_subdag_operator.section-1 to None, run_after=None
[2024-11-11T23:54:45.287+0000] {logging_mixin.py:190} INFO - [2024-11-11T23:54:45.287+0000] {dag.py:4180} INFO - Setting next_dagrun for example_subdag_operator.section-2 to None, run_after=None
[2024-11-11T23:54:45.304+0000] {processor.py:208} INFO - Processing /home/airflow/.local/lib/python3.12/site-packages/airflow/example_dags/example_subdag_operator.py took 0.116 seconds
[2024-11-11T23:55:15.469+0000] {processor.py:186} INFO - Started process (PID=1485) to work on /home/airflow/.local/lib/python3.12/site-packages/airflow/example_dags/example_subdag_operator.py
[2024-11-11T23:55:15.470+0000] {processor.py:914} INFO - Processing file /home/airflow/.local/lib/python3.12/site-packages/airflow/example_dags/example_subdag_operator.py for tasks to queue
[2024-11-11T23:55:15.473+0000] {logging_mixin.py:190} INFO - [2024-11-11T23:55:15.473+0000] {dagbag.py:588} INFO - Filling up the DagBag from /home/airflow/.local/lib/python3.12/site-packages/airflow/example_dags/example_subdag_operator.py
[2024-11-11T23:55:15.518+0000] {processor.py:925} INFO - DAG(s) 'example_subdag_operator.section-1', 'example_subdag_operator.section-2', 'example_subdag_operator' retrieved from /home/airflow/.local/lib/python3.12/site-packages/airflow/example_dags/example_subdag_operator.py
[2024-11-11T23:55:15.535+0000] {logging_mixin.py:190} INFO - [2024-11-11T23:55:15.535+0000] {dag.py:3239} INFO - Sync 3 DAGs
[2024-11-11T23:55:15.568+0000] {logging_mixin.py:190} INFO - [2024-11-11T23:55:15.568+0000] {dag.py:4180} INFO - Setting next_dagrun for example_subdag_operator to 2022-01-01 00:00:00+00:00, run_after=2022-01-01 00:00:00+00:00
[2024-11-11T23:55:15.572+0000] {logging_mixin.py:190} INFO - [2024-11-11T23:55:15.572+0000] {dag.py:4180} INFO - Setting next_dagrun for example_subdag_operator.section-1 to None, run_after=None
[2024-11-11T23:55:15.575+0000] {logging_mixin.py:190} INFO - [2024-11-11T23:55:15.574+0000] {dag.py:4180} INFO - Setting next_dagrun for example_subdag_operator.section-2 to None, run_after=None
[2024-11-11T23:55:15.589+0000] {logging_mixin.py:190} INFO - [2024-11-11T23:55:15.588+0000] {dag.py:3239} INFO - Sync 2 DAGs
[2024-11-11T23:55:15.597+0000] {logging_mixin.py:190} INFO - [2024-11-11T23:55:15.597+0000] {dag.py:4180} INFO - Setting next_dagrun for example_subdag_operator.section-1 to None, run_after=None
[2024-11-11T23:55:15.598+0000] {logging_mixin.py:190} INFO - [2024-11-11T23:55:15.598+0000] {dag.py:4180} INFO - Setting next_dagrun for example_subdag_operator.section-2 to None, run_after=None
[2024-11-11T23:55:15.614+0000] {processor.py:208} INFO - Processing /home/airflow/.local/lib/python3.12/site-packages/airflow/example_dags/example_subdag_operator.py took 0.157 seconds
[2024-11-11T23:55:45.855+0000] {processor.py:186} INFO - Started process (PID=1549) to work on /home/airflow/.local/lib/python3.12/site-packages/airflow/example_dags/example_subdag_operator.py
[2024-11-11T23:55:45.856+0000] {processor.py:914} INFO - Processing file /home/airflow/.local/lib/python3.12/site-packages/airflow/example_dags/example_subdag_operator.py for tasks to queue
[2024-11-11T23:55:45.858+0000] {logging_mixin.py:190} INFO - [2024-11-11T23:55:45.858+0000] {dagbag.py:588} INFO - Filling up the DagBag from /home/airflow/.local/lib/python3.12/site-packages/airflow/example_dags/example_subdag_operator.py
[2024-11-11T23:55:45.888+0000] {processor.py:925} INFO - DAG(s) 'example_subdag_operator.section-1', 'example_subdag_operator.section-2', 'example_subdag_operator' retrieved from /home/airflow/.local/lib/python3.12/site-packages/airflow/example_dags/example_subdag_operator.py
[2024-11-11T23:55:45.904+0000] {logging_mixin.py:190} INFO - [2024-11-11T23:55:45.904+0000] {dag.py:3239} INFO - Sync 3 DAGs
[2024-11-11T23:55:45.926+0000] {logging_mixin.py:190} INFO - [2024-11-11T23:55:45.926+0000] {dag.py:4180} INFO - Setting next_dagrun for example_subdag_operator to 2022-01-01 00:00:00+00:00, run_after=2022-01-01 00:00:00+00:00
[2024-11-11T23:55:45.931+0000] {logging_mixin.py:190} INFO - [2024-11-11T23:55:45.930+0000] {dag.py:4180} INFO - Setting next_dagrun for example_subdag_operator.section-1 to None, run_after=None
[2024-11-11T23:55:45.932+0000] {logging_mixin.py:190} INFO - [2024-11-11T23:55:45.932+0000] {dag.py:4180} INFO - Setting next_dagrun for example_subdag_operator.section-2 to None, run_after=None
[2024-11-11T23:55:45.941+0000] {logging_mixin.py:190} INFO - [2024-11-11T23:55:45.941+0000] {dag.py:3239} INFO - Sync 2 DAGs
[2024-11-11T23:55:45.948+0000] {logging_mixin.py:190} INFO - [2024-11-11T23:55:45.948+0000] {dag.py:4180} INFO - Setting next_dagrun for example_subdag_operator.section-1 to None, run_after=None
[2024-11-11T23:55:45.949+0000] {logging_mixin.py:190} INFO - [2024-11-11T23:55:45.949+0000] {dag.py:4180} INFO - Setting next_dagrun for example_subdag_operator.section-2 to None, run_after=None
[2024-11-11T23:55:45.965+0000] {processor.py:208} INFO - Processing /home/airflow/.local/lib/python3.12/site-packages/airflow/example_dags/example_subdag_operator.py took 0.116 seconds
[2024-11-11T23:56:16.342+0000] {processor.py:186} INFO - Started process (PID=1613) to work on /home/airflow/.local/lib/python3.12/site-packages/airflow/example_dags/example_subdag_operator.py
[2024-11-11T23:56:16.343+0000] {processor.py:914} INFO - Processing file /home/airflow/.local/lib/python3.12/site-packages/airflow/example_dags/example_subdag_operator.py for tasks to queue
[2024-11-11T23:56:16.346+0000] {logging_mixin.py:190} INFO - [2024-11-11T23:56:16.345+0000] {dagbag.py:588} INFO - Filling up the DagBag from /home/airflow/.local/lib/python3.12/site-packages/airflow/example_dags/example_subdag_operator.py
[2024-11-11T23:56:16.372+0000] {processor.py:925} INFO - DAG(s) 'example_subdag_operator.section-1', 'example_subdag_operator.section-2', 'example_subdag_operator' retrieved from /home/airflow/.local/lib/python3.12/site-packages/airflow/example_dags/example_subdag_operator.py
[2024-11-11T23:56:16.388+0000] {logging_mixin.py:190} INFO - [2024-11-11T23:56:16.387+0000] {dag.py:3239} INFO - Sync 3 DAGs
[2024-11-11T23:56:16.412+0000] {logging_mixin.py:190} INFO - [2024-11-11T23:56:16.412+0000] {dag.py:4180} INFO - Setting next_dagrun for example_subdag_operator to 2022-01-01 00:00:00+00:00, run_after=2022-01-01 00:00:00+00:00
[2024-11-11T23:56:16.416+0000] {logging_mixin.py:190} INFO - [2024-11-11T23:56:16.416+0000] {dag.py:4180} INFO - Setting next_dagrun for example_subdag_operator.section-1 to None, run_after=None
[2024-11-11T23:56:16.418+0000] {logging_mixin.py:190} INFO - [2024-11-11T23:56:16.418+0000] {dag.py:4180} INFO - Setting next_dagrun for example_subdag_operator.section-2 to None, run_after=None
[2024-11-11T23:56:16.427+0000] {logging_mixin.py:190} INFO - [2024-11-11T23:56:16.427+0000] {dag.py:3239} INFO - Sync 2 DAGs
[2024-11-11T23:56:16.434+0000] {logging_mixin.py:190} INFO - [2024-11-11T23:56:16.434+0000] {dag.py:4180} INFO - Setting next_dagrun for example_subdag_operator.section-1 to None, run_after=None
[2024-11-11T23:56:16.435+0000] {logging_mixin.py:190} INFO - [2024-11-11T23:56:16.434+0000] {dag.py:4180} INFO - Setting next_dagrun for example_subdag_operator.section-2 to None, run_after=None
[2024-11-11T23:56:16.451+0000] {processor.py:208} INFO - Processing /home/airflow/.local/lib/python3.12/site-packages/airflow/example_dags/example_subdag_operator.py took 0.114 seconds
[2024-11-11T23:56:47.429+0000] {processor.py:186} INFO - Started process (PID=1677) to work on /home/airflow/.local/lib/python3.12/site-packages/airflow/example_dags/example_subdag_operator.py
[2024-11-11T23:56:47.431+0000] {processor.py:914} INFO - Processing file /home/airflow/.local/lib/python3.12/site-packages/airflow/example_dags/example_subdag_operator.py for tasks to queue
[2024-11-11T23:56:47.434+0000] {logging_mixin.py:190} INFO - [2024-11-11T23:56:47.433+0000] {dagbag.py:588} INFO - Filling up the DagBag from /home/airflow/.local/lib/python3.12/site-packages/airflow/example_dags/example_subdag_operator.py
[2024-11-11T23:56:47.483+0000] {processor.py:925} INFO - DAG(s) 'example_subdag_operator.section-1', 'example_subdag_operator.section-2', 'example_subdag_operator' retrieved from /home/airflow/.local/lib/python3.12/site-packages/airflow/example_dags/example_subdag_operator.py
[2024-11-11T23:56:47.512+0000] {logging_mixin.py:190} INFO - [2024-11-11T23:56:47.512+0000] {dag.py:3239} INFO - Sync 3 DAGs
[2024-11-11T23:56:47.539+0000] {logging_mixin.py:190} INFO - [2024-11-11T23:56:47.538+0000] {dag.py:4180} INFO - Setting next_dagrun for example_subdag_operator to 2022-01-01 00:00:00+00:00, run_after=2022-01-01 00:00:00+00:00
[2024-11-11T23:56:47.556+0000] {logging_mixin.py:190} INFO - [2024-11-11T23:56:47.556+0000] {dag.py:4180} INFO - Setting next_dagrun for example_subdag_operator.section-1 to None, run_after=None
[2024-11-11T23:56:47.558+0000] {logging_mixin.py:190} INFO - [2024-11-11T23:56:47.558+0000] {dag.py:4180} INFO - Setting next_dagrun for example_subdag_operator.section-2 to None, run_after=None
[2024-11-11T23:56:47.568+0000] {logging_mixin.py:190} INFO - [2024-11-11T23:56:47.568+0000] {dag.py:3239} INFO - Sync 2 DAGs
[2024-11-11T23:56:47.576+0000] {logging_mixin.py:190} INFO - [2024-11-11T23:56:47.575+0000] {dag.py:4180} INFO - Setting next_dagrun for example_subdag_operator.section-1 to None, run_after=None
[2024-11-11T23:56:47.577+0000] {logging_mixin.py:190} INFO - [2024-11-11T23:56:47.576+0000] {dag.py:4180} INFO - Setting next_dagrun for example_subdag_operator.section-2 to None, run_after=None
[2024-11-11T23:56:47.593+0000] {processor.py:208} INFO - Processing /home/airflow/.local/lib/python3.12/site-packages/airflow/example_dags/example_subdag_operator.py took 0.176 seconds
[2024-11-11T23:57:18.214+0000] {processor.py:186} INFO - Started process (PID=1741) to work on /home/airflow/.local/lib/python3.12/site-packages/airflow/example_dags/example_subdag_operator.py
[2024-11-11T23:57:18.216+0000] {processor.py:914} INFO - Processing file /home/airflow/.local/lib/python3.12/site-packages/airflow/example_dags/example_subdag_operator.py for tasks to queue
[2024-11-11T23:57:18.219+0000] {logging_mixin.py:190} INFO - [2024-11-11T23:57:18.218+0000] {dagbag.py:588} INFO - Filling up the DagBag from /home/airflow/.local/lib/python3.12/site-packages/airflow/example_dags/example_subdag_operator.py
[2024-11-11T23:57:18.248+0000] {processor.py:925} INFO - DAG(s) 'example_subdag_operator.section-1', 'example_subdag_operator.section-2', 'example_subdag_operator' retrieved from /home/airflow/.local/lib/python3.12/site-packages/airflow/example_dags/example_subdag_operator.py
[2024-11-11T23:57:18.267+0000] {logging_mixin.py:190} INFO - [2024-11-11T23:57:18.267+0000] {dag.py:3239} INFO - Sync 3 DAGs
[2024-11-11T23:57:18.294+0000] {logging_mixin.py:190} INFO - [2024-11-11T23:57:18.294+0000] {dag.py:4180} INFO - Setting next_dagrun for example_subdag_operator to 2022-01-01 00:00:00+00:00, run_after=2022-01-01 00:00:00+00:00
[2024-11-11T23:57:18.299+0000] {logging_mixin.py:190} INFO - [2024-11-11T23:57:18.299+0000] {dag.py:4180} INFO - Setting next_dagrun for example_subdag_operator.section-1 to None, run_after=None
[2024-11-11T23:57:18.302+0000] {logging_mixin.py:190} INFO - [2024-11-11T23:57:18.301+0000] {dag.py:4180} INFO - Setting next_dagrun for example_subdag_operator.section-2 to None, run_after=None
[2024-11-11T23:57:18.311+0000] {logging_mixin.py:190} INFO - [2024-11-11T23:57:18.311+0000] {dag.py:3239} INFO - Sync 2 DAGs
[2024-11-11T23:57:18.316+0000] {logging_mixin.py:190} INFO - [2024-11-11T23:57:18.316+0000] {dag.py:4180} INFO - Setting next_dagrun for example_subdag_operator.section-1 to None, run_after=None
[2024-11-11T23:57:18.317+0000] {logging_mixin.py:190} INFO - [2024-11-11T23:57:18.317+0000] {dag.py:4180} INFO - Setting next_dagrun for example_subdag_operator.section-2 to None, run_after=None
[2024-11-11T23:57:18.338+0000] {processor.py:208} INFO - Processing /home/airflow/.local/lib/python3.12/site-packages/airflow/example_dags/example_subdag_operator.py took 0.130 seconds
[2024-11-11T23:57:48.568+0000] {processor.py:186} INFO - Started process (PID=1805) to work on /home/airflow/.local/lib/python3.12/site-packages/airflow/example_dags/example_subdag_operator.py
[2024-11-11T23:57:48.569+0000] {processor.py:914} INFO - Processing file /home/airflow/.local/lib/python3.12/site-packages/airflow/example_dags/example_subdag_operator.py for tasks to queue
[2024-11-11T23:57:48.572+0000] {logging_mixin.py:190} INFO - [2024-11-11T23:57:48.572+0000] {dagbag.py:588} INFO - Filling up the DagBag from /home/airflow/.local/lib/python3.12/site-packages/airflow/example_dags/example_subdag_operator.py
[2024-11-11T23:57:48.604+0000] {processor.py:925} INFO - DAG(s) 'example_subdag_operator.section-1', 'example_subdag_operator.section-2', 'example_subdag_operator' retrieved from /home/airflow/.local/lib/python3.12/site-packages/airflow/example_dags/example_subdag_operator.py
[2024-11-11T23:57:48.622+0000] {logging_mixin.py:190} INFO - [2024-11-11T23:57:48.622+0000] {dag.py:3239} INFO - Sync 3 DAGs
[2024-11-11T23:57:48.653+0000] {logging_mixin.py:190} INFO - [2024-11-11T23:57:48.653+0000] {dag.py:4180} INFO - Setting next_dagrun for example_subdag_operator to 2022-01-01 00:00:00+00:00, run_after=2022-01-01 00:00:00+00:00
[2024-11-11T23:57:48.658+0000] {logging_mixin.py:190} INFO - [2024-11-11T23:57:48.658+0000] {dag.py:4180} INFO - Setting next_dagrun for example_subdag_operator.section-1 to None, run_after=None
[2024-11-11T23:57:48.661+0000] {logging_mixin.py:190} INFO - [2024-11-11T23:57:48.660+0000] {dag.py:4180} INFO - Setting next_dagrun for example_subdag_operator.section-2 to None, run_after=None
[2024-11-11T23:57:48.672+0000] {logging_mixin.py:190} INFO - [2024-11-11T23:57:48.672+0000] {dag.py:3239} INFO - Sync 2 DAGs
[2024-11-11T23:57:48.678+0000] {logging_mixin.py:190} INFO - [2024-11-11T23:57:48.677+0000] {dag.py:4180} INFO - Setting next_dagrun for example_subdag_operator.section-1 to None, run_after=None
[2024-11-11T23:57:48.679+0000] {logging_mixin.py:190} INFO - [2024-11-11T23:57:48.679+0000] {dag.py:4180} INFO - Setting next_dagrun for example_subdag_operator.section-2 to None, run_after=None
[2024-11-11T23:57:48.700+0000] {processor.py:208} INFO - Processing /home/airflow/.local/lib/python3.12/site-packages/airflow/example_dags/example_subdag_operator.py took 0.140 seconds
[2024-11-11T23:58:18.983+0000] {processor.py:186} INFO - Started process (PID=1869) to work on /home/airflow/.local/lib/python3.12/site-packages/airflow/example_dags/example_subdag_operator.py
[2024-11-11T23:58:18.985+0000] {processor.py:914} INFO - Processing file /home/airflow/.local/lib/python3.12/site-packages/airflow/example_dags/example_subdag_operator.py for tasks to queue
[2024-11-11T23:58:18.987+0000] {logging_mixin.py:190} INFO - [2024-11-11T23:58:18.987+0000] {dagbag.py:588} INFO - Filling up the DagBag from /home/airflow/.local/lib/python3.12/site-packages/airflow/example_dags/example_subdag_operator.py
[2024-11-11T23:58:19.024+0000] {processor.py:925} INFO - DAG(s) 'example_subdag_operator.section-1', 'example_subdag_operator.section-2', 'example_subdag_operator' retrieved from /home/airflow/.local/lib/python3.12/site-packages/airflow/example_dags/example_subdag_operator.py
[2024-11-11T23:58:19.043+0000] {logging_mixin.py:190} INFO - [2024-11-11T23:58:19.043+0000] {dag.py:3239} INFO - Sync 3 DAGs
[2024-11-11T23:58:19.072+0000] {logging_mixin.py:190} INFO - [2024-11-11T23:58:19.071+0000] {dag.py:4180} INFO - Setting next_dagrun for example_subdag_operator to 2022-01-01 00:00:00+00:00, run_after=2022-01-01 00:00:00+00:00
[2024-11-11T23:58:19.080+0000] {logging_mixin.py:190} INFO - [2024-11-11T23:58:19.080+0000] {dag.py:4180} INFO - Setting next_dagrun for example_subdag_operator.section-1 to None, run_after=None
[2024-11-11T23:58:19.082+0000] {logging_mixin.py:190} INFO - [2024-11-11T23:58:19.082+0000] {dag.py:4180} INFO - Setting next_dagrun for example_subdag_operator.section-2 to None, run_after=None
[2024-11-11T23:58:19.091+0000] {logging_mixin.py:190} INFO - [2024-11-11T23:58:19.090+0000] {dag.py:3239} INFO - Sync 2 DAGs
[2024-11-11T23:58:19.098+0000] {logging_mixin.py:190} INFO - [2024-11-11T23:58:19.098+0000] {dag.py:4180} INFO - Setting next_dagrun for example_subdag_operator.section-1 to None, run_after=None
[2024-11-11T23:58:19.099+0000] {logging_mixin.py:190} INFO - [2024-11-11T23:58:19.099+0000] {dag.py:4180} INFO - Setting next_dagrun for example_subdag_operator.section-2 to None, run_after=None
[2024-11-11T23:58:19.115+0000] {processor.py:208} INFO - Processing /home/airflow/.local/lib/python3.12/site-packages/airflow/example_dags/example_subdag_operator.py took 0.138 seconds
[2024-11-11T23:58:49.528+0000] {processor.py:186} INFO - Started process (PID=1933) to work on /home/airflow/.local/lib/python3.12/site-packages/airflow/example_dags/example_subdag_operator.py
[2024-11-11T23:58:49.529+0000] {processor.py:914} INFO - Processing file /home/airflow/.local/lib/python3.12/site-packages/airflow/example_dags/example_subdag_operator.py for tasks to queue
[2024-11-11T23:58:49.533+0000] {logging_mixin.py:190} INFO - [2024-11-11T23:58:49.532+0000] {dagbag.py:588} INFO - Filling up the DagBag from /home/airflow/.local/lib/python3.12/site-packages/airflow/example_dags/example_subdag_operator.py
[2024-11-11T23:58:49.588+0000] {processor.py:925} INFO - DAG(s) 'example_subdag_operator.section-1', 'example_subdag_operator.section-2', 'example_subdag_operator' retrieved from /home/airflow/.local/lib/python3.12/site-packages/airflow/example_dags/example_subdag_operator.py
[2024-11-11T23:58:49.625+0000] {logging_mixin.py:190} INFO - [2024-11-11T23:58:49.624+0000] {dag.py:3239} INFO - Sync 3 DAGs
[2024-11-11T23:58:49.666+0000] {logging_mixin.py:190} INFO - [2024-11-11T23:58:49.666+0000] {dag.py:4180} INFO - Setting next_dagrun for example_subdag_operator to 2022-01-01 00:00:00+00:00, run_after=2022-01-01 00:00:00+00:00
[2024-11-11T23:58:49.677+0000] {logging_mixin.py:190} INFO - [2024-11-11T23:58:49.676+0000] {dag.py:4180} INFO - Setting next_dagrun for example_subdag_operator.section-1 to None, run_after=None
[2024-11-11T23:58:49.680+0000] {logging_mixin.py:190} INFO - [2024-11-11T23:58:49.680+0000] {dag.py:4180} INFO - Setting next_dagrun for example_subdag_operator.section-2 to None, run_after=None
[2024-11-11T23:58:49.695+0000] {logging_mixin.py:190} INFO - [2024-11-11T23:58:49.695+0000] {dag.py:3239} INFO - Sync 2 DAGs
[2024-11-11T23:58:49.708+0000] {logging_mixin.py:190} INFO - [2024-11-11T23:58:49.707+0000] {dag.py:4180} INFO - Setting next_dagrun for example_subdag_operator.section-1 to None, run_after=None
[2024-11-11T23:58:49.709+0000] {logging_mixin.py:190} INFO - [2024-11-11T23:58:49.708+0000] {dag.py:4180} INFO - Setting next_dagrun for example_subdag_operator.section-2 to None, run_after=None
[2024-11-11T23:58:49.733+0000] {processor.py:208} INFO - Processing /home/airflow/.local/lib/python3.12/site-packages/airflow/example_dags/example_subdag_operator.py took 0.211 seconds
[2024-11-11T23:59:19.941+0000] {processor.py:186} INFO - Started process (PID=1997) to work on /home/airflow/.local/lib/python3.12/site-packages/airflow/example_dags/example_subdag_operator.py
[2024-11-11T23:59:19.942+0000] {processor.py:914} INFO - Processing file /home/airflow/.local/lib/python3.12/site-packages/airflow/example_dags/example_subdag_operator.py for tasks to queue
[2024-11-11T23:59:19.945+0000] {logging_mixin.py:190} INFO - [2024-11-11T23:59:19.944+0000] {dagbag.py:588} INFO - Filling up the DagBag from /home/airflow/.local/lib/python3.12/site-packages/airflow/example_dags/example_subdag_operator.py
[2024-11-11T23:59:19.972+0000] {processor.py:925} INFO - DAG(s) 'example_subdag_operator.section-1', 'example_subdag_operator.section-2', 'example_subdag_operator' retrieved from /home/airflow/.local/lib/python3.12/site-packages/airflow/example_dags/example_subdag_operator.py
[2024-11-11T23:59:19.987+0000] {logging_mixin.py:190} INFO - [2024-11-11T23:59:19.987+0000] {dag.py:3239} INFO - Sync 3 DAGs
[2024-11-11T23:59:20.009+0000] {logging_mixin.py:190} INFO - [2024-11-11T23:59:20.009+0000] {dag.py:4180} INFO - Setting next_dagrun for example_subdag_operator to 2022-01-01 00:00:00+00:00, run_after=2022-01-01 00:00:00+00:00
[2024-11-11T23:59:20.015+0000] {logging_mixin.py:190} INFO - [2024-11-11T23:59:20.015+0000] {dag.py:4180} INFO - Setting next_dagrun for example_subdag_operator.section-1 to None, run_after=None
[2024-11-11T23:59:20.017+0000] {logging_mixin.py:190} INFO - [2024-11-11T23:59:20.017+0000] {dag.py:4180} INFO - Setting next_dagrun for example_subdag_operator.section-2 to None, run_after=None
[2024-11-11T23:59:20.024+0000] {logging_mixin.py:190} INFO - [2024-11-11T23:59:20.024+0000] {dag.py:3239} INFO - Sync 2 DAGs
[2024-11-11T23:59:20.031+0000] {logging_mixin.py:190} INFO - [2024-11-11T23:59:20.031+0000] {dag.py:4180} INFO - Setting next_dagrun for example_subdag_operator.section-1 to None, run_after=None
[2024-11-11T23:59:20.032+0000] {logging_mixin.py:190} INFO - [2024-11-11T23:59:20.032+0000] {dag.py:4180} INFO - Setting next_dagrun for example_subdag_operator.section-2 to None, run_after=None
[2024-11-11T23:59:20.054+0000] {processor.py:208} INFO - Processing /home/airflow/.local/lib/python3.12/site-packages/airflow/example_dags/example_subdag_operator.py took 0.119 seconds
[2024-11-11T23:59:50.139+0000] {processor.py:186} INFO - Started process (PID=2061) to work on /home/airflow/.local/lib/python3.12/site-packages/airflow/example_dags/example_subdag_operator.py
[2024-11-11T23:59:50.140+0000] {processor.py:914} INFO - Processing file /home/airflow/.local/lib/python3.12/site-packages/airflow/example_dags/example_subdag_operator.py for tasks to queue
[2024-11-11T23:59:50.144+0000] {logging_mixin.py:190} INFO - [2024-11-11T23:59:50.144+0000] {dagbag.py:588} INFO - Filling up the DagBag from /home/airflow/.local/lib/python3.12/site-packages/airflow/example_dags/example_subdag_operator.py
[2024-11-11T23:59:50.198+0000] {processor.py:925} INFO - DAG(s) 'example_subdag_operator.section-1', 'example_subdag_operator.section-2', 'example_subdag_operator' retrieved from /home/airflow/.local/lib/python3.12/site-packages/airflow/example_dags/example_subdag_operator.py
[2024-11-11T23:59:50.223+0000] {logging_mixin.py:190} INFO - [2024-11-11T23:59:50.222+0000] {dag.py:3239} INFO - Sync 3 DAGs
[2024-11-11T23:59:50.305+0000] {logging_mixin.py:190} INFO - [2024-11-11T23:59:50.304+0000] {dag.py:4180} INFO - Setting next_dagrun for example_subdag_operator to 2022-01-01 00:00:00+00:00, run_after=2022-01-01 00:00:00+00:00
[2024-11-11T23:59:50.316+0000] {logging_mixin.py:190} INFO - [2024-11-11T23:59:50.316+0000] {dag.py:4180} INFO - Setting next_dagrun for example_subdag_operator.section-1 to None, run_after=None
[2024-11-11T23:59:50.318+0000] {logging_mixin.py:190} INFO - [2024-11-11T23:59:50.318+0000] {dag.py:4180} INFO - Setting next_dagrun for example_subdag_operator.section-2 to None, run_after=None
[2024-11-11T23:59:50.336+0000] {logging_mixin.py:190} INFO - [2024-11-11T23:59:50.335+0000] {dag.py:3239} INFO - Sync 2 DAGs
[2024-11-11T23:59:50.355+0000] {logging_mixin.py:190} INFO - [2024-11-11T23:59:50.353+0000] {dag.py:4180} INFO - Setting next_dagrun for example_subdag_operator.section-1 to None, run_after=None
[2024-11-11T23:59:50.368+0000] {logging_mixin.py:190} INFO - [2024-11-11T23:59:50.367+0000] {dag.py:4180} INFO - Setting next_dagrun for example_subdag_operator.section-2 to None, run_after=None
[2024-11-11T23:59:50.407+0000] {processor.py:208} INFO - Processing /home/airflow/.local/lib/python3.12/site-packages/airflow/example_dags/example_subdag_operator.py took 0.278 seconds
