[2024-11-11T23:44:00.141+0000] {processor.py:186} INFO - Started process (PID=84) to work on /home/airflow/.local/lib/python3.12/site-packages/airflow/example_dags/example_inlet_event_extra.py
[2024-11-11T23:44:00.145+0000] {processor.py:914} INFO - Processing file /home/airflow/.local/lib/python3.12/site-packages/airflow/example_dags/example_inlet_event_extra.py for tasks to queue
[2024-11-11T23:44:00.164+0000] {logging_mixin.py:190} INFO - [2024-11-11T23:44:00.161+0000] {dagbag.py:588} INFO - Filling up the DagBag from /home/airflow/.local/lib/python3.12/site-packages/airflow/example_dags/example_inlet_event_extra.py
[2024-11-11T23:44:04.498+0000] {processor.py:925} INFO - DAG(s) 'read_dataset_event_from_classic', 'read_dataset_event' retrieved from /home/airflow/.local/lib/python3.12/site-packages/airflow/example_dags/example_inlet_event_extra.py
[2024-11-11T23:44:04.749+0000] {logging_mixin.py:190} INFO - [2024-11-11T23:44:04.748+0000] {override.py:1911} INFO - Created Permission View: can edit on DAG:read_dataset_event_from_classic
[2024-11-11T23:44:04.769+0000] {logging_mixin.py:190} INFO - [2024-11-11T23:44:04.769+0000] {override.py:1911} INFO - Created Permission View: can read on DAG:read_dataset_event_from_classic
[2024-11-11T23:44:04.781+0000] {logging_mixin.py:190} INFO - [2024-11-11T23:44:04.780+0000] {override.py:1911} INFO - Created Permission View: can delete on DAG:read_dataset_event_from_classic
[2024-11-11T23:44:04.801+0000] {logging_mixin.py:190} INFO - [2024-11-11T23:44:04.800+0000] {override.py:1911} INFO - Created Permission View: menu access on DAG Run:read_dataset_event_from_classic
[2024-11-11T23:44:04.817+0000] {logging_mixin.py:190} INFO - [2024-11-11T23:44:04.816+0000] {override.py:1911} INFO - Created Permission View: can read on DAG Run:read_dataset_event_from_classic
[2024-11-11T23:44:04.829+0000] {logging_mixin.py:190} INFO - [2024-11-11T23:44:04.829+0000] {override.py:1911} INFO - Created Permission View: can delete on DAG Run:read_dataset_event_from_classic
[2024-11-11T23:44:04.841+0000] {logging_mixin.py:190} INFO - [2024-11-11T23:44:04.840+0000] {override.py:1911} INFO - Created Permission View: can create on DAG Run:read_dataset_event_from_classic
[2024-11-11T23:44:04.867+0000] {logging_mixin.py:190} INFO - [2024-11-11T23:44:04.867+0000] {override.py:1911} INFO - Created Permission View: can edit on DAG:read_dataset_event
[2024-11-11T23:44:04.879+0000] {logging_mixin.py:190} INFO - [2024-11-11T23:44:04.879+0000] {override.py:1911} INFO - Created Permission View: can read on DAG:read_dataset_event
[2024-11-11T23:44:04.890+0000] {logging_mixin.py:190} INFO - [2024-11-11T23:44:04.890+0000] {override.py:1911} INFO - Created Permission View: can delete on DAG:read_dataset_event
[2024-11-11T23:44:04.908+0000] {logging_mixin.py:190} INFO - [2024-11-11T23:44:04.908+0000] {override.py:1911} INFO - Created Permission View: menu access on DAG Run:read_dataset_event
[2024-11-11T23:44:04.921+0000] {logging_mixin.py:190} INFO - [2024-11-11T23:44:04.921+0000] {override.py:1911} INFO - Created Permission View: can read on DAG Run:read_dataset_event
[2024-11-11T23:44:04.934+0000] {logging_mixin.py:190} INFO - [2024-11-11T23:44:04.934+0000] {override.py:1911} INFO - Created Permission View: can delete on DAG Run:read_dataset_event
[2024-11-11T23:44:04.949+0000] {logging_mixin.py:190} INFO - [2024-11-11T23:44:04.948+0000] {override.py:1911} INFO - Created Permission View: can create on DAG Run:read_dataset_event
[2024-11-11T23:44:04.950+0000] {logging_mixin.py:190} INFO - [2024-11-11T23:44:04.949+0000] {dag.py:3239} INFO - Sync 2 DAGs
[2024-11-11T23:44:05.225+0000] {logging_mixin.py:190} INFO - [2024-11-11T23:44:05.225+0000] {dag.py:3262} INFO - Creating ORM DAG for read_dataset_event_from_classic
[2024-11-11T23:44:05.227+0000] {logging_mixin.py:190} INFO - [2024-11-11T23:44:05.226+0000] {dag.py:3262} INFO - Creating ORM DAG for read_dataset_event
[2024-11-11T23:44:05.241+0000] {logging_mixin.py:190} INFO - [2024-11-11T23:44:05.240+0000] {dag.py:4180} INFO - Setting next_dagrun for read_dataset_event to 2024-11-10 00:00:00+00:00, run_after=2024-11-11 00:00:00+00:00
[2024-11-11T23:44:05.244+0000] {logging_mixin.py:190} INFO - [2024-11-11T23:44:05.243+0000] {dag.py:4180} INFO - Setting next_dagrun for read_dataset_event_from_classic to 2024-11-10 00:00:00+00:00, run_after=2024-11-11 00:00:00+00:00
[2024-11-11T23:44:05.279+0000] {processor.py:208} INFO - Processing /home/airflow/.local/lib/python3.12/site-packages/airflow/example_dags/example_inlet_event_extra.py took 5.173 seconds
[2024-11-11T23:44:36.028+0000] {processor.py:186} INFO - Started process (PID=155) to work on /home/airflow/.local/lib/python3.12/site-packages/airflow/example_dags/example_inlet_event_extra.py
[2024-11-11T23:44:36.033+0000] {processor.py:914} INFO - Processing file /home/airflow/.local/lib/python3.12/site-packages/airflow/example_dags/example_inlet_event_extra.py for tasks to queue
[2024-11-11T23:44:36.038+0000] {logging_mixin.py:190} INFO - [2024-11-11T23:44:36.037+0000] {dagbag.py:588} INFO - Filling up the DagBag from /home/airflow/.local/lib/python3.12/site-packages/airflow/example_dags/example_inlet_event_extra.py
[2024-11-11T23:44:38.392+0000] {processor.py:925} INFO - DAG(s) 'read_dataset_event_from_classic', 'read_dataset_event' retrieved from /home/airflow/.local/lib/python3.12/site-packages/airflow/example_dags/example_inlet_event_extra.py
[2024-11-11T23:44:38.430+0000] {logging_mixin.py:190} INFO - [2024-11-11T23:44:38.429+0000] {dag.py:3239} INFO - Sync 2 DAGs
[2024-11-11T23:44:38.456+0000] {logging_mixin.py:190} INFO - [2024-11-11T23:44:38.456+0000] {dag.py:4180} INFO - Setting next_dagrun for read_dataset_event to 2024-11-10 00:00:00+00:00, run_after=2024-11-11 00:00:00+00:00
[2024-11-11T23:44:38.462+0000] {logging_mixin.py:190} INFO - [2024-11-11T23:44:38.462+0000] {dag.py:4180} INFO - Setting next_dagrun for read_dataset_event_from_classic to 2024-11-10 00:00:00+00:00, run_after=2024-11-11 00:00:00+00:00
[2024-11-11T23:44:38.492+0000] {processor.py:208} INFO - Processing /home/airflow/.local/lib/python3.12/site-packages/airflow/example_dags/example_inlet_event_extra.py took 2.472 seconds
[2024-11-11T23:45:08.657+0000] {processor.py:186} INFO - Started process (PID=220) to work on /home/airflow/.local/lib/python3.12/site-packages/airflow/example_dags/example_inlet_event_extra.py
[2024-11-11T23:45:08.658+0000] {processor.py:914} INFO - Processing file /home/airflow/.local/lib/python3.12/site-packages/airflow/example_dags/example_inlet_event_extra.py for tasks to queue
[2024-11-11T23:45:08.661+0000] {logging_mixin.py:190} INFO - [2024-11-11T23:45:08.661+0000] {dagbag.py:588} INFO - Filling up the DagBag from /home/airflow/.local/lib/python3.12/site-packages/airflow/example_dags/example_inlet_event_extra.py
[2024-11-11T23:45:09.312+0000] {processor.py:925} INFO - DAG(s) 'read_dataset_event', 'read_dataset_event_from_classic' retrieved from /home/airflow/.local/lib/python3.12/site-packages/airflow/example_dags/example_inlet_event_extra.py
[2024-11-11T23:45:09.335+0000] {logging_mixin.py:190} INFO - [2024-11-11T23:45:09.334+0000] {dag.py:3239} INFO - Sync 2 DAGs
[2024-11-11T23:45:09.358+0000] {logging_mixin.py:190} INFO - [2024-11-11T23:45:09.357+0000] {dag.py:4180} INFO - Setting next_dagrun for read_dataset_event to 2024-11-10 00:00:00+00:00, run_after=2024-11-11 00:00:00+00:00
[2024-11-11T23:45:09.362+0000] {logging_mixin.py:190} INFO - [2024-11-11T23:45:09.362+0000] {dag.py:4180} INFO - Setting next_dagrun for read_dataset_event_from_classic to 2024-11-10 00:00:00+00:00, run_after=2024-11-11 00:00:00+00:00
[2024-11-11T23:45:09.385+0000] {processor.py:208} INFO - Processing /home/airflow/.local/lib/python3.12/site-packages/airflow/example_dags/example_inlet_event_extra.py took 0.734 seconds
[2024-11-11T23:45:40.195+0000] {processor.py:186} INFO - Started process (PID=286) to work on /home/airflow/.local/lib/python3.12/site-packages/airflow/example_dags/example_inlet_event_extra.py
[2024-11-11T23:45:40.197+0000] {processor.py:914} INFO - Processing file /home/airflow/.local/lib/python3.12/site-packages/airflow/example_dags/example_inlet_event_extra.py for tasks to queue
[2024-11-11T23:45:40.200+0000] {logging_mixin.py:190} INFO - [2024-11-11T23:45:40.200+0000] {dagbag.py:588} INFO - Filling up the DagBag from /home/airflow/.local/lib/python3.12/site-packages/airflow/example_dags/example_inlet_event_extra.py
[2024-11-11T23:45:40.742+0000] {processor.py:925} INFO - DAG(s) 'read_dataset_event', 'read_dataset_event_from_classic' retrieved from /home/airflow/.local/lib/python3.12/site-packages/airflow/example_dags/example_inlet_event_extra.py
[2024-11-11T23:45:40.763+0000] {logging_mixin.py:190} INFO - [2024-11-11T23:45:40.763+0000] {dag.py:3239} INFO - Sync 2 DAGs
[2024-11-11T23:45:40.786+0000] {logging_mixin.py:190} INFO - [2024-11-11T23:45:40.785+0000] {dag.py:4180} INFO - Setting next_dagrun for read_dataset_event to 2024-11-10 00:00:00+00:00, run_after=2024-11-11 00:00:00+00:00
[2024-11-11T23:45:40.791+0000] {logging_mixin.py:190} INFO - [2024-11-11T23:45:40.790+0000] {dag.py:4180} INFO - Setting next_dagrun for read_dataset_event_from_classic to 2024-11-10 00:00:00+00:00, run_after=2024-11-11 00:00:00+00:00
[2024-11-11T23:45:40.811+0000] {processor.py:208} INFO - Processing /home/airflow/.local/lib/python3.12/site-packages/airflow/example_dags/example_inlet_event_extra.py took 0.622 seconds
[2024-11-11T23:46:10.875+0000] {processor.py:186} INFO - Started process (PID=353) to work on /home/airflow/.local/lib/python3.12/site-packages/airflow/example_dags/example_inlet_event_extra.py
[2024-11-11T23:46:10.878+0000] {processor.py:914} INFO - Processing file /home/airflow/.local/lib/python3.12/site-packages/airflow/example_dags/example_inlet_event_extra.py for tasks to queue
[2024-11-11T23:46:10.893+0000] {logging_mixin.py:190} INFO - [2024-11-11T23:46:10.893+0000] {dagbag.py:588} INFO - Filling up the DagBag from /home/airflow/.local/lib/python3.12/site-packages/airflow/example_dags/example_inlet_event_extra.py
[2024-11-11T23:46:11.860+0000] {processor.py:925} INFO - DAG(s) 'read_dataset_event', 'read_dataset_event_from_classic' retrieved from /home/airflow/.local/lib/python3.12/site-packages/airflow/example_dags/example_inlet_event_extra.py
[2024-11-11T23:46:11.884+0000] {logging_mixin.py:190} INFO - [2024-11-11T23:46:11.884+0000] {dag.py:3239} INFO - Sync 2 DAGs
[2024-11-11T23:46:11.922+0000] {logging_mixin.py:190} INFO - [2024-11-11T23:46:11.922+0000] {dag.py:4180} INFO - Setting next_dagrun for read_dataset_event to 2024-11-10 00:00:00+00:00, run_after=2024-11-11 00:00:00+00:00
[2024-11-11T23:46:11.930+0000] {logging_mixin.py:190} INFO - [2024-11-11T23:46:11.930+0000] {dag.py:4180} INFO - Setting next_dagrun for read_dataset_event_from_classic to 2024-11-10 00:00:00+00:00, run_after=2024-11-11 00:00:00+00:00
[2024-11-11T23:46:11.957+0000] {processor.py:208} INFO - Processing /home/airflow/.local/lib/python3.12/site-packages/airflow/example_dags/example_inlet_event_extra.py took 1.094 seconds
[2024-11-11T23:46:42.307+0000] {processor.py:186} INFO - Started process (PID=418) to work on /home/airflow/.local/lib/python3.12/site-packages/airflow/example_dags/example_inlet_event_extra.py
[2024-11-11T23:46:42.308+0000] {processor.py:914} INFO - Processing file /home/airflow/.local/lib/python3.12/site-packages/airflow/example_dags/example_inlet_event_extra.py for tasks to queue
[2024-11-11T23:46:42.311+0000] {logging_mixin.py:190} INFO - [2024-11-11T23:46:42.311+0000] {dagbag.py:588} INFO - Filling up the DagBag from /home/airflow/.local/lib/python3.12/site-packages/airflow/example_dags/example_inlet_event_extra.py
[2024-11-11T23:46:42.979+0000] {processor.py:925} INFO - DAG(s) 'read_dataset_event', 'read_dataset_event_from_classic' retrieved from /home/airflow/.local/lib/python3.12/site-packages/airflow/example_dags/example_inlet_event_extra.py
[2024-11-11T23:46:43.005+0000] {logging_mixin.py:190} INFO - [2024-11-11T23:46:43.005+0000] {dag.py:3239} INFO - Sync 2 DAGs
[2024-11-11T23:46:43.034+0000] {logging_mixin.py:190} INFO - [2024-11-11T23:46:43.034+0000] {dag.py:4180} INFO - Setting next_dagrun for read_dataset_event to 2024-11-10 00:00:00+00:00, run_after=2024-11-11 00:00:00+00:00
[2024-11-11T23:46:43.040+0000] {logging_mixin.py:190} INFO - [2024-11-11T23:46:43.039+0000] {dag.py:4180} INFO - Setting next_dagrun for read_dataset_event_from_classic to 2024-11-10 00:00:00+00:00, run_after=2024-11-11 00:00:00+00:00
[2024-11-11T23:46:43.067+0000] {processor.py:208} INFO - Processing /home/airflow/.local/lib/python3.12/site-packages/airflow/example_dags/example_inlet_event_extra.py took 0.767 seconds
[2024-11-11T23:47:13.467+0000] {processor.py:186} INFO - Started process (PID=485) to work on /home/airflow/.local/lib/python3.12/site-packages/airflow/example_dags/example_inlet_event_extra.py
[2024-11-11T23:47:13.468+0000] {processor.py:914} INFO - Processing file /home/airflow/.local/lib/python3.12/site-packages/airflow/example_dags/example_inlet_event_extra.py for tasks to queue
[2024-11-11T23:47:13.472+0000] {logging_mixin.py:190} INFO - [2024-11-11T23:47:13.471+0000] {dagbag.py:588} INFO - Filling up the DagBag from /home/airflow/.local/lib/python3.12/site-packages/airflow/example_dags/example_inlet_event_extra.py
[2024-11-11T23:47:14.742+0000] {processor.py:925} INFO - DAG(s) 'read_dataset_event', 'read_dataset_event_from_classic' retrieved from /home/airflow/.local/lib/python3.12/site-packages/airflow/example_dags/example_inlet_event_extra.py
[2024-11-11T23:47:14.772+0000] {logging_mixin.py:190} INFO - [2024-11-11T23:47:14.770+0000] {dag.py:3239} INFO - Sync 2 DAGs
[2024-11-11T23:47:14.810+0000] {logging_mixin.py:190} INFO - [2024-11-11T23:47:14.809+0000] {dag.py:4180} INFO - Setting next_dagrun for read_dataset_event to 2024-11-10 00:00:00+00:00, run_after=2024-11-11 00:00:00+00:00
[2024-11-11T23:47:14.816+0000] {logging_mixin.py:190} INFO - [2024-11-11T23:47:14.816+0000] {dag.py:4180} INFO - Setting next_dagrun for read_dataset_event_from_classic to 2024-11-10 00:00:00+00:00, run_after=2024-11-11 00:00:00+00:00
[2024-11-11T23:47:14.846+0000] {processor.py:208} INFO - Processing /home/airflow/.local/lib/python3.12/site-packages/airflow/example_dags/example_inlet_event_extra.py took 1.386 seconds
[2024-11-11T23:47:45.137+0000] {processor.py:186} INFO - Started process (PID=551) to work on /home/airflow/.local/lib/python3.12/site-packages/airflow/example_dags/example_inlet_event_extra.py
[2024-11-11T23:47:45.138+0000] {processor.py:914} INFO - Processing file /home/airflow/.local/lib/python3.12/site-packages/airflow/example_dags/example_inlet_event_extra.py for tasks to queue
[2024-11-11T23:47:45.140+0000] {logging_mixin.py:190} INFO - [2024-11-11T23:47:45.140+0000] {dagbag.py:588} INFO - Filling up the DagBag from /home/airflow/.local/lib/python3.12/site-packages/airflow/example_dags/example_inlet_event_extra.py
[2024-11-11T23:47:45.780+0000] {processor.py:925} INFO - DAG(s) 'read_dataset_event_from_classic', 'read_dataset_event' retrieved from /home/airflow/.local/lib/python3.12/site-packages/airflow/example_dags/example_inlet_event_extra.py
[2024-11-11T23:47:45.803+0000] {logging_mixin.py:190} INFO - [2024-11-11T23:47:45.802+0000] {dag.py:3239} INFO - Sync 2 DAGs
[2024-11-11T23:47:45.825+0000] {logging_mixin.py:190} INFO - [2024-11-11T23:47:45.825+0000] {dag.py:4180} INFO - Setting next_dagrun for read_dataset_event to 2024-11-10 00:00:00+00:00, run_after=2024-11-11 00:00:00+00:00
[2024-11-11T23:47:45.829+0000] {logging_mixin.py:190} INFO - [2024-11-11T23:47:45.829+0000] {dag.py:4180} INFO - Setting next_dagrun for read_dataset_event_from_classic to 2024-11-10 00:00:00+00:00, run_after=2024-11-11 00:00:00+00:00
[2024-11-11T23:47:45.854+0000] {processor.py:208} INFO - Processing /home/airflow/.local/lib/python3.12/site-packages/airflow/example_dags/example_inlet_event_extra.py took 0.724 seconds
[2024-11-11T23:48:15.966+0000] {processor.py:186} INFO - Started process (PID=614) to work on /home/airflow/.local/lib/python3.12/site-packages/airflow/example_dags/example_inlet_event_extra.py
[2024-11-11T23:48:15.967+0000] {processor.py:914} INFO - Processing file /home/airflow/.local/lib/python3.12/site-packages/airflow/example_dags/example_inlet_event_extra.py for tasks to queue
[2024-11-11T23:48:15.970+0000] {logging_mixin.py:190} INFO - [2024-11-11T23:48:15.970+0000] {dagbag.py:588} INFO - Filling up the DagBag from /home/airflow/.local/lib/python3.12/site-packages/airflow/example_dags/example_inlet_event_extra.py
[2024-11-11T23:48:16.610+0000] {processor.py:925} INFO - DAG(s) 'read_dataset_event', 'read_dataset_event_from_classic' retrieved from /home/airflow/.local/lib/python3.12/site-packages/airflow/example_dags/example_inlet_event_extra.py
[2024-11-11T23:48:16.638+0000] {logging_mixin.py:190} INFO - [2024-11-11T23:48:16.638+0000] {dag.py:3239} INFO - Sync 2 DAGs
[2024-11-11T23:48:16.674+0000] {logging_mixin.py:190} INFO - [2024-11-11T23:48:16.673+0000] {dag.py:4180} INFO - Setting next_dagrun for read_dataset_event to 2024-11-10 00:00:00+00:00, run_after=2024-11-11 00:00:00+00:00
[2024-11-11T23:48:16.681+0000] {logging_mixin.py:190} INFO - [2024-11-11T23:48:16.681+0000] {dag.py:4180} INFO - Setting next_dagrun for read_dataset_event_from_classic to 2024-11-10 00:00:00+00:00, run_after=2024-11-11 00:00:00+00:00
[2024-11-11T23:48:16.703+0000] {processor.py:208} INFO - Processing /home/airflow/.local/lib/python3.12/site-packages/airflow/example_dags/example_inlet_event_extra.py took 0.745 seconds
[2024-11-11T23:48:47.161+0000] {processor.py:186} INFO - Started process (PID=680) to work on /home/airflow/.local/lib/python3.12/site-packages/airflow/example_dags/example_inlet_event_extra.py
[2024-11-11T23:48:47.163+0000] {processor.py:914} INFO - Processing file /home/airflow/.local/lib/python3.12/site-packages/airflow/example_dags/example_inlet_event_extra.py for tasks to queue
[2024-11-11T23:48:47.168+0000] {logging_mixin.py:190} INFO - [2024-11-11T23:48:47.168+0000] {dagbag.py:588} INFO - Filling up the DagBag from /home/airflow/.local/lib/python3.12/site-packages/airflow/example_dags/example_inlet_event_extra.py
[2024-11-11T23:48:48.325+0000] {processor.py:925} INFO - DAG(s) 'read_dataset_event_from_classic', 'read_dataset_event' retrieved from /home/airflow/.local/lib/python3.12/site-packages/airflow/example_dags/example_inlet_event_extra.py
[2024-11-11T23:48:48.376+0000] {logging_mixin.py:190} INFO - [2024-11-11T23:48:48.376+0000] {dag.py:3239} INFO - Sync 2 DAGs
[2024-11-11T23:48:48.412+0000] {logging_mixin.py:190} INFO - [2024-11-11T23:48:48.411+0000] {dag.py:4180} INFO - Setting next_dagrun for read_dataset_event to 2024-11-10 00:00:00+00:00, run_after=2024-11-11 00:00:00+00:00
[2024-11-11T23:48:48.418+0000] {logging_mixin.py:190} INFO - [2024-11-11T23:48:48.418+0000] {dag.py:4180} INFO - Setting next_dagrun for read_dataset_event_from_classic to 2024-11-10 00:00:00+00:00, run_after=2024-11-11 00:00:00+00:00
[2024-11-11T23:48:48.457+0000] {processor.py:208} INFO - Processing /home/airflow/.local/lib/python3.12/site-packages/airflow/example_dags/example_inlet_event_extra.py took 1.312 seconds
[2024-11-11T23:49:19.351+0000] {processor.py:186} INFO - Started process (PID=746) to work on /home/airflow/.local/lib/python3.12/site-packages/airflow/example_dags/example_inlet_event_extra.py
[2024-11-11T23:49:19.355+0000] {processor.py:914} INFO - Processing file /home/airflow/.local/lib/python3.12/site-packages/airflow/example_dags/example_inlet_event_extra.py for tasks to queue
[2024-11-11T23:49:19.358+0000] {logging_mixin.py:190} INFO - [2024-11-11T23:49:19.358+0000] {dagbag.py:588} INFO - Filling up the DagBag from /home/airflow/.local/lib/python3.12/site-packages/airflow/example_dags/example_inlet_event_extra.py
[2024-11-11T23:49:20.473+0000] {processor.py:925} INFO - DAG(s) 'read_dataset_event_from_classic', 'read_dataset_event' retrieved from /home/airflow/.local/lib/python3.12/site-packages/airflow/example_dags/example_inlet_event_extra.py
[2024-11-11T23:49:20.513+0000] {logging_mixin.py:190} INFO - [2024-11-11T23:49:20.513+0000] {dag.py:3239} INFO - Sync 2 DAGs
[2024-11-11T23:49:20.546+0000] {logging_mixin.py:190} INFO - [2024-11-11T23:49:20.546+0000] {dag.py:4180} INFO - Setting next_dagrun for read_dataset_event to 2024-11-10 00:00:00+00:00, run_after=2024-11-11 00:00:00+00:00
[2024-11-11T23:49:20.554+0000] {logging_mixin.py:190} INFO - [2024-11-11T23:49:20.554+0000] {dag.py:4180} INFO - Setting next_dagrun for read_dataset_event_from_classic to 2024-11-10 00:00:00+00:00, run_after=2024-11-11 00:00:00+00:00
[2024-11-11T23:49:20.581+0000] {processor.py:208} INFO - Processing /home/airflow/.local/lib/python3.12/site-packages/airflow/example_dags/example_inlet_event_extra.py took 1.239 seconds
[2024-11-11T23:49:50.762+0000] {processor.py:186} INFO - Started process (PID=812) to work on /home/airflow/.local/lib/python3.12/site-packages/airflow/example_dags/example_inlet_event_extra.py
[2024-11-11T23:49:50.767+0000] {processor.py:914} INFO - Processing file /home/airflow/.local/lib/python3.12/site-packages/airflow/example_dags/example_inlet_event_extra.py for tasks to queue
[2024-11-11T23:49:50.778+0000] {logging_mixin.py:190} INFO - [2024-11-11T23:49:50.777+0000] {dagbag.py:588} INFO - Filling up the DagBag from /home/airflow/.local/lib/python3.12/site-packages/airflow/example_dags/example_inlet_event_extra.py
[2024-11-11T23:49:51.684+0000] {processor.py:925} INFO - DAG(s) 'read_dataset_event_from_classic', 'read_dataset_event' retrieved from /home/airflow/.local/lib/python3.12/site-packages/airflow/example_dags/example_inlet_event_extra.py
[2024-11-11T23:49:51.718+0000] {logging_mixin.py:190} INFO - [2024-11-11T23:49:51.718+0000] {dag.py:3239} INFO - Sync 2 DAGs
[2024-11-11T23:49:51.752+0000] {logging_mixin.py:190} INFO - [2024-11-11T23:49:51.752+0000] {dag.py:4180} INFO - Setting next_dagrun for read_dataset_event to 2024-11-10 00:00:00+00:00, run_after=2024-11-11 00:00:00+00:00
[2024-11-11T23:49:51.759+0000] {logging_mixin.py:190} INFO - [2024-11-11T23:49:51.759+0000] {dag.py:4180} INFO - Setting next_dagrun for read_dataset_event_from_classic to 2024-11-10 00:00:00+00:00, run_after=2024-11-11 00:00:00+00:00
[2024-11-11T23:49:51.784+0000] {processor.py:208} INFO - Processing /home/airflow/.local/lib/python3.12/site-packages/airflow/example_dags/example_inlet_event_extra.py took 1.050 seconds
[2024-11-11T23:50:22.202+0000] {processor.py:186} INFO - Started process (PID=877) to work on /home/airflow/.local/lib/python3.12/site-packages/airflow/example_dags/example_inlet_event_extra.py
[2024-11-11T23:50:22.203+0000] {processor.py:914} INFO - Processing file /home/airflow/.local/lib/python3.12/site-packages/airflow/example_dags/example_inlet_event_extra.py for tasks to queue
[2024-11-11T23:50:22.207+0000] {logging_mixin.py:190} INFO - [2024-11-11T23:50:22.207+0000] {dagbag.py:588} INFO - Filling up the DagBag from /home/airflow/.local/lib/python3.12/site-packages/airflow/example_dags/example_inlet_event_extra.py
[2024-11-11T23:50:22.933+0000] {processor.py:925} INFO - DAG(s) 'read_dataset_event', 'read_dataset_event_from_classic' retrieved from /home/airflow/.local/lib/python3.12/site-packages/airflow/example_dags/example_inlet_event_extra.py
[2024-11-11T23:50:22.953+0000] {logging_mixin.py:190} INFO - [2024-11-11T23:50:22.953+0000] {dag.py:3239} INFO - Sync 2 DAGs
[2024-11-11T23:50:22.978+0000] {logging_mixin.py:190} INFO - [2024-11-11T23:50:22.978+0000] {dag.py:4180} INFO - Setting next_dagrun for read_dataset_event to 2024-11-10 00:00:00+00:00, run_after=2024-11-11 00:00:00+00:00
[2024-11-11T23:50:22.983+0000] {logging_mixin.py:190} INFO - [2024-11-11T23:50:22.983+0000] {dag.py:4180} INFO - Setting next_dagrun for read_dataset_event_from_classic to 2024-11-10 00:00:00+00:00, run_after=2024-11-11 00:00:00+00:00
[2024-11-11T23:50:23.015+0000] {processor.py:208} INFO - Processing /home/airflow/.local/lib/python3.12/site-packages/airflow/example_dags/example_inlet_event_extra.py took 0.820 seconds
[2024-11-11T23:50:53.568+0000] {processor.py:186} INFO - Started process (PID=943) to work on /home/airflow/.local/lib/python3.12/site-packages/airflow/example_dags/example_inlet_event_extra.py
[2024-11-11T23:50:53.570+0000] {processor.py:914} INFO - Processing file /home/airflow/.local/lib/python3.12/site-packages/airflow/example_dags/example_inlet_event_extra.py for tasks to queue
[2024-11-11T23:50:53.573+0000] {logging_mixin.py:190} INFO - [2024-11-11T23:50:53.572+0000] {dagbag.py:588} INFO - Filling up the DagBag from /home/airflow/.local/lib/python3.12/site-packages/airflow/example_dags/example_inlet_event_extra.py
[2024-11-11T23:50:54.171+0000] {processor.py:925} INFO - DAG(s) 'read_dataset_event', 'read_dataset_event_from_classic' retrieved from /home/airflow/.local/lib/python3.12/site-packages/airflow/example_dags/example_inlet_event_extra.py
[2024-11-11T23:50:54.193+0000] {logging_mixin.py:190} INFO - [2024-11-11T23:50:54.193+0000] {dag.py:3239} INFO - Sync 2 DAGs
[2024-11-11T23:50:54.220+0000] {logging_mixin.py:190} INFO - [2024-11-11T23:50:54.220+0000] {dag.py:4180} INFO - Setting next_dagrun for read_dataset_event to 2024-11-10 00:00:00+00:00, run_after=2024-11-11 00:00:00+00:00
[2024-11-11T23:50:54.225+0000] {logging_mixin.py:190} INFO - [2024-11-11T23:50:54.225+0000] {dag.py:4180} INFO - Setting next_dagrun for read_dataset_event_from_classic to 2024-11-10 00:00:00+00:00, run_after=2024-11-11 00:00:00+00:00
[2024-11-11T23:50:54.245+0000] {processor.py:208} INFO - Processing /home/airflow/.local/lib/python3.12/site-packages/airflow/example_dags/example_inlet_event_extra.py took 0.684 seconds
[2024-11-11T23:51:25.156+0000] {processor.py:186} INFO - Started process (PID=1007) to work on /home/airflow/.local/lib/python3.12/site-packages/airflow/example_dags/example_inlet_event_extra.py
[2024-11-11T23:51:25.157+0000] {processor.py:914} INFO - Processing file /home/airflow/.local/lib/python3.12/site-packages/airflow/example_dags/example_inlet_event_extra.py for tasks to queue
[2024-11-11T23:51:25.160+0000] {logging_mixin.py:190} INFO - [2024-11-11T23:51:25.160+0000] {dagbag.py:588} INFO - Filling up the DagBag from /home/airflow/.local/lib/python3.12/site-packages/airflow/example_dags/example_inlet_event_extra.py
[2024-11-11T23:51:25.709+0000] {processor.py:925} INFO - DAG(s) 'read_dataset_event', 'read_dataset_event_from_classic' retrieved from /home/airflow/.local/lib/python3.12/site-packages/airflow/example_dags/example_inlet_event_extra.py
[2024-11-11T23:51:25.730+0000] {logging_mixin.py:190} INFO - [2024-11-11T23:51:25.730+0000] {dag.py:3239} INFO - Sync 2 DAGs
[2024-11-11T23:51:25.754+0000] {logging_mixin.py:190} INFO - [2024-11-11T23:51:25.753+0000] {dag.py:4180} INFO - Setting next_dagrun for read_dataset_event to 2024-11-10 00:00:00+00:00, run_after=2024-11-11 00:00:00+00:00
[2024-11-11T23:51:25.760+0000] {logging_mixin.py:190} INFO - [2024-11-11T23:51:25.759+0000] {dag.py:4180} INFO - Setting next_dagrun for read_dataset_event_from_classic to 2024-11-10 00:00:00+00:00, run_after=2024-11-11 00:00:00+00:00
[2024-11-11T23:51:25.781+0000] {processor.py:208} INFO - Processing /home/airflow/.local/lib/python3.12/site-packages/airflow/example_dags/example_inlet_event_extra.py took 0.633 seconds
[2024-11-11T23:51:56.058+0000] {processor.py:186} INFO - Started process (PID=1071) to work on /home/airflow/.local/lib/python3.12/site-packages/airflow/example_dags/example_inlet_event_extra.py
[2024-11-11T23:51:56.060+0000] {processor.py:914} INFO - Processing file /home/airflow/.local/lib/python3.12/site-packages/airflow/example_dags/example_inlet_event_extra.py for tasks to queue
[2024-11-11T23:51:56.062+0000] {logging_mixin.py:190} INFO - [2024-11-11T23:51:56.062+0000] {dagbag.py:588} INFO - Filling up the DagBag from /home/airflow/.local/lib/python3.12/site-packages/airflow/example_dags/example_inlet_event_extra.py
[2024-11-11T23:51:57.182+0000] {processor.py:925} INFO - DAG(s) 'read_dataset_event', 'read_dataset_event_from_classic' retrieved from /home/airflow/.local/lib/python3.12/site-packages/airflow/example_dags/example_inlet_event_extra.py
[2024-11-11T23:51:57.214+0000] {logging_mixin.py:190} INFO - [2024-11-11T23:51:57.214+0000] {dag.py:3239} INFO - Sync 2 DAGs
[2024-11-11T23:51:57.266+0000] {logging_mixin.py:190} INFO - [2024-11-11T23:51:57.266+0000] {dag.py:4180} INFO - Setting next_dagrun for read_dataset_event to 2024-11-10 00:00:00+00:00, run_after=2024-11-11 00:00:00+00:00
[2024-11-11T23:51:57.292+0000] {logging_mixin.py:190} INFO - [2024-11-11T23:51:57.291+0000] {dag.py:4180} INFO - Setting next_dagrun for read_dataset_event_from_classic to 2024-11-10 00:00:00+00:00, run_after=2024-11-11 00:00:00+00:00
[2024-11-11T23:51:57.381+0000] {processor.py:208} INFO - Processing /home/airflow/.local/lib/python3.12/site-packages/airflow/example_dags/example_inlet_event_extra.py took 1.331 seconds
[2024-11-11T23:52:27.510+0000] {processor.py:186} INFO - Started process (PID=1136) to work on /home/airflow/.local/lib/python3.12/site-packages/airflow/example_dags/example_inlet_event_extra.py
[2024-11-11T23:52:27.511+0000] {processor.py:914} INFO - Processing file /home/airflow/.local/lib/python3.12/site-packages/airflow/example_dags/example_inlet_event_extra.py for tasks to queue
[2024-11-11T23:52:27.514+0000] {logging_mixin.py:190} INFO - [2024-11-11T23:52:27.514+0000] {dagbag.py:588} INFO - Filling up the DagBag from /home/airflow/.local/lib/python3.12/site-packages/airflow/example_dags/example_inlet_event_extra.py
[2024-11-11T23:52:28.276+0000] {processor.py:925} INFO - DAG(s) 'read_dataset_event', 'read_dataset_event_from_classic' retrieved from /home/airflow/.local/lib/python3.12/site-packages/airflow/example_dags/example_inlet_event_extra.py
[2024-11-11T23:52:28.298+0000] {logging_mixin.py:190} INFO - [2024-11-11T23:52:28.298+0000] {dag.py:3239} INFO - Sync 2 DAGs
[2024-11-11T23:52:28.330+0000] {logging_mixin.py:190} INFO - [2024-11-11T23:52:28.330+0000] {dag.py:4180} INFO - Setting next_dagrun for read_dataset_event to 2024-11-10 00:00:00+00:00, run_after=2024-11-11 00:00:00+00:00
[2024-11-11T23:52:28.336+0000] {logging_mixin.py:190} INFO - [2024-11-11T23:52:28.336+0000] {dag.py:4180} INFO - Setting next_dagrun for read_dataset_event_from_classic to 2024-11-10 00:00:00+00:00, run_after=2024-11-11 00:00:00+00:00
[2024-11-11T23:52:28.356+0000] {processor.py:208} INFO - Processing /home/airflow/.local/lib/python3.12/site-packages/airflow/example_dags/example_inlet_event_extra.py took 0.853 seconds
[2024-11-11T23:52:58.916+0000] {processor.py:186} INFO - Started process (PID=1201) to work on /home/airflow/.local/lib/python3.12/site-packages/airflow/example_dags/example_inlet_event_extra.py
[2024-11-11T23:52:58.918+0000] {processor.py:914} INFO - Processing file /home/airflow/.local/lib/python3.12/site-packages/airflow/example_dags/example_inlet_event_extra.py for tasks to queue
[2024-11-11T23:52:58.920+0000] {logging_mixin.py:190} INFO - [2024-11-11T23:52:58.920+0000] {dagbag.py:588} INFO - Filling up the DagBag from /home/airflow/.local/lib/python3.12/site-packages/airflow/example_dags/example_inlet_event_extra.py
[2024-11-11T23:52:59.567+0000] {processor.py:925} INFO - DAG(s) 'read_dataset_event', 'read_dataset_event_from_classic' retrieved from /home/airflow/.local/lib/python3.12/site-packages/airflow/example_dags/example_inlet_event_extra.py
[2024-11-11T23:52:59.587+0000] {logging_mixin.py:190} INFO - [2024-11-11T23:52:59.587+0000] {dag.py:3239} INFO - Sync 2 DAGs
[2024-11-11T23:52:59.609+0000] {logging_mixin.py:190} INFO - [2024-11-11T23:52:59.609+0000] {dag.py:4180} INFO - Setting next_dagrun for read_dataset_event to 2024-11-10 00:00:00+00:00, run_after=2024-11-11 00:00:00+00:00
[2024-11-11T23:52:59.614+0000] {logging_mixin.py:190} INFO - [2024-11-11T23:52:59.614+0000] {dag.py:4180} INFO - Setting next_dagrun for read_dataset_event_from_classic to 2024-11-10 00:00:00+00:00, run_after=2024-11-11 00:00:00+00:00
[2024-11-11T23:52:59.640+0000] {processor.py:208} INFO - Processing /home/airflow/.local/lib/python3.12/site-packages/airflow/example_dags/example_inlet_event_extra.py took 0.729 seconds
[2024-11-11T23:53:29.813+0000] {processor.py:186} INFO - Started process (PID=1266) to work on /home/airflow/.local/lib/python3.12/site-packages/airflow/example_dags/example_inlet_event_extra.py
[2024-11-11T23:53:29.815+0000] {processor.py:914} INFO - Processing file /home/airflow/.local/lib/python3.12/site-packages/airflow/example_dags/example_inlet_event_extra.py for tasks to queue
[2024-11-11T23:53:29.818+0000] {logging_mixin.py:190} INFO - [2024-11-11T23:53:29.817+0000] {dagbag.py:588} INFO - Filling up the DagBag from /home/airflow/.local/lib/python3.12/site-packages/airflow/example_dags/example_inlet_event_extra.py
[2024-11-11T23:53:30.345+0000] {processor.py:925} INFO - DAG(s) 'read_dataset_event_from_classic', 'read_dataset_event' retrieved from /home/airflow/.local/lib/python3.12/site-packages/airflow/example_dags/example_inlet_event_extra.py
[2024-11-11T23:53:30.365+0000] {logging_mixin.py:190} INFO - [2024-11-11T23:53:30.365+0000] {dag.py:3239} INFO - Sync 2 DAGs
[2024-11-11T23:53:30.386+0000] {logging_mixin.py:190} INFO - [2024-11-11T23:53:30.386+0000] {dag.py:4180} INFO - Setting next_dagrun for read_dataset_event to 2024-11-10 00:00:00+00:00, run_after=2024-11-11 00:00:00+00:00
[2024-11-11T23:53:30.391+0000] {logging_mixin.py:190} INFO - [2024-11-11T23:53:30.390+0000] {dag.py:4180} INFO - Setting next_dagrun for read_dataset_event_from_classic to 2024-11-10 00:00:00+00:00, run_after=2024-11-11 00:00:00+00:00
[2024-11-11T23:53:30.411+0000] {processor.py:208} INFO - Processing /home/airflow/.local/lib/python3.12/site-packages/airflow/example_dags/example_inlet_event_extra.py took 0.604 seconds
[2024-11-11T23:54:00.502+0000] {processor.py:186} INFO - Started process (PID=1331) to work on /home/airflow/.local/lib/python3.12/site-packages/airflow/example_dags/example_inlet_event_extra.py
[2024-11-11T23:54:00.503+0000] {processor.py:914} INFO - Processing file /home/airflow/.local/lib/python3.12/site-packages/airflow/example_dags/example_inlet_event_extra.py for tasks to queue
[2024-11-11T23:54:00.506+0000] {logging_mixin.py:190} INFO - [2024-11-11T23:54:00.506+0000] {dagbag.py:588} INFO - Filling up the DagBag from /home/airflow/.local/lib/python3.12/site-packages/airflow/example_dags/example_inlet_event_extra.py
[2024-11-11T23:54:01.375+0000] {processor.py:925} INFO - DAG(s) 'read_dataset_event', 'read_dataset_event_from_classic' retrieved from /home/airflow/.local/lib/python3.12/site-packages/airflow/example_dags/example_inlet_event_extra.py
[2024-11-11T23:54:01.406+0000] {logging_mixin.py:190} INFO - [2024-11-11T23:54:01.406+0000] {dag.py:3239} INFO - Sync 2 DAGs
[2024-11-11T23:54:01.435+0000] {logging_mixin.py:190} INFO - [2024-11-11T23:54:01.435+0000] {dag.py:4180} INFO - Setting next_dagrun for read_dataset_event to 2024-11-10 00:00:00+00:00, run_after=2024-11-11 00:00:00+00:00
[2024-11-11T23:54:01.442+0000] {logging_mixin.py:190} INFO - [2024-11-11T23:54:01.442+0000] {dag.py:4180} INFO - Setting next_dagrun for read_dataset_event_from_classic to 2024-11-10 00:00:00+00:00, run_after=2024-11-11 00:00:00+00:00
[2024-11-11T23:54:01.472+0000] {processor.py:208} INFO - Processing /home/airflow/.local/lib/python3.12/site-packages/airflow/example_dags/example_inlet_event_extra.py took 0.978 seconds
[2024-11-11T23:54:32.186+0000] {processor.py:186} INFO - Started process (PID=1399) to work on /home/airflow/.local/lib/python3.12/site-packages/airflow/example_dags/example_inlet_event_extra.py
[2024-11-11T23:54:32.188+0000] {processor.py:914} INFO - Processing file /home/airflow/.local/lib/python3.12/site-packages/airflow/example_dags/example_inlet_event_extra.py for tasks to queue
[2024-11-11T23:54:32.190+0000] {logging_mixin.py:190} INFO - [2024-11-11T23:54:32.190+0000] {dagbag.py:588} INFO - Filling up the DagBag from /home/airflow/.local/lib/python3.12/site-packages/airflow/example_dags/example_inlet_event_extra.py
[2024-11-11T23:54:32.920+0000] {processor.py:925} INFO - DAG(s) 'read_dataset_event', 'read_dataset_event_from_classic' retrieved from /home/airflow/.local/lib/python3.12/site-packages/airflow/example_dags/example_inlet_event_extra.py
[2024-11-11T23:54:32.946+0000] {logging_mixin.py:190} INFO - [2024-11-11T23:54:32.946+0000] {dag.py:3239} INFO - Sync 2 DAGs
[2024-11-11T23:54:32.969+0000] {logging_mixin.py:190} INFO - [2024-11-11T23:54:32.969+0000] {dag.py:4180} INFO - Setting next_dagrun for read_dataset_event to 2024-11-10 00:00:00+00:00, run_after=2024-11-11 00:00:00+00:00
[2024-11-11T23:54:32.974+0000] {logging_mixin.py:190} INFO - [2024-11-11T23:54:32.974+0000] {dag.py:4180} INFO - Setting next_dagrun for read_dataset_event_from_classic to 2024-11-10 00:00:00+00:00, run_after=2024-11-11 00:00:00+00:00
[2024-11-11T23:54:32.995+0000] {processor.py:208} INFO - Processing /home/airflow/.local/lib/python3.12/site-packages/airflow/example_dags/example_inlet_event_extra.py took 0.814 seconds
[2024-11-11T23:55:03.311+0000] {processor.py:186} INFO - Started process (PID=1460) to work on /home/airflow/.local/lib/python3.12/site-packages/airflow/example_dags/example_inlet_event_extra.py
[2024-11-11T23:55:03.313+0000] {processor.py:914} INFO - Processing file /home/airflow/.local/lib/python3.12/site-packages/airflow/example_dags/example_inlet_event_extra.py for tasks to queue
[2024-11-11T23:55:03.315+0000] {logging_mixin.py:190} INFO - [2024-11-11T23:55:03.315+0000] {dagbag.py:588} INFO - Filling up the DagBag from /home/airflow/.local/lib/python3.12/site-packages/airflow/example_dags/example_inlet_event_extra.py
[2024-11-11T23:55:04.097+0000] {processor.py:925} INFO - DAG(s) 'read_dataset_event', 'read_dataset_event_from_classic' retrieved from /home/airflow/.local/lib/python3.12/site-packages/airflow/example_dags/example_inlet_event_extra.py
[2024-11-11T23:55:04.124+0000] {logging_mixin.py:190} INFO - [2024-11-11T23:55:04.124+0000] {dag.py:3239} INFO - Sync 2 DAGs
[2024-11-11T23:55:04.156+0000] {logging_mixin.py:190} INFO - [2024-11-11T23:55:04.155+0000] {dag.py:4180} INFO - Setting next_dagrun for read_dataset_event to 2024-11-10 00:00:00+00:00, run_after=2024-11-11 00:00:00+00:00
[2024-11-11T23:55:04.161+0000] {logging_mixin.py:190} INFO - [2024-11-11T23:55:04.161+0000] {dag.py:4180} INFO - Setting next_dagrun for read_dataset_event_from_classic to 2024-11-10 00:00:00+00:00, run_after=2024-11-11 00:00:00+00:00
[2024-11-11T23:55:04.186+0000] {processor.py:208} INFO - Processing /home/airflow/.local/lib/python3.12/site-packages/airflow/example_dags/example_inlet_event_extra.py took 0.881 seconds
[2024-11-11T23:55:35.082+0000] {processor.py:186} INFO - Started process (PID=1526) to work on /home/airflow/.local/lib/python3.12/site-packages/airflow/example_dags/example_inlet_event_extra.py
[2024-11-11T23:55:35.084+0000] {processor.py:914} INFO - Processing file /home/airflow/.local/lib/python3.12/site-packages/airflow/example_dags/example_inlet_event_extra.py for tasks to queue
[2024-11-11T23:55:35.087+0000] {logging_mixin.py:190} INFO - [2024-11-11T23:55:35.086+0000] {dagbag.py:588} INFO - Filling up the DagBag from /home/airflow/.local/lib/python3.12/site-packages/airflow/example_dags/example_inlet_event_extra.py
[2024-11-11T23:55:35.666+0000] {processor.py:925} INFO - DAG(s) 'read_dataset_event_from_classic', 'read_dataset_event' retrieved from /home/airflow/.local/lib/python3.12/site-packages/airflow/example_dags/example_inlet_event_extra.py
[2024-11-11T23:55:35.688+0000] {logging_mixin.py:190} INFO - [2024-11-11T23:55:35.688+0000] {dag.py:3239} INFO - Sync 2 DAGs
[2024-11-11T23:55:35.719+0000] {logging_mixin.py:190} INFO - [2024-11-11T23:55:35.718+0000] {dag.py:4180} INFO - Setting next_dagrun for read_dataset_event to 2024-11-10 00:00:00+00:00, run_after=2024-11-11 00:00:00+00:00
[2024-11-11T23:55:35.726+0000] {logging_mixin.py:190} INFO - [2024-11-11T23:55:35.726+0000] {dag.py:4180} INFO - Setting next_dagrun for read_dataset_event_from_classic to 2024-11-10 00:00:00+00:00, run_after=2024-11-11 00:00:00+00:00
[2024-11-11T23:55:35.763+0000] {processor.py:208} INFO - Processing /home/airflow/.local/lib/python3.12/site-packages/airflow/example_dags/example_inlet_event_extra.py took 0.688 seconds
[2024-11-11T23:56:05.861+0000] {processor.py:186} INFO - Started process (PID=1595) to work on /home/airflow/.local/lib/python3.12/site-packages/airflow/example_dags/example_inlet_event_extra.py
[2024-11-11T23:56:05.863+0000] {processor.py:914} INFO - Processing file /home/airflow/.local/lib/python3.12/site-packages/airflow/example_dags/example_inlet_event_extra.py for tasks to queue
[2024-11-11T23:56:05.865+0000] {logging_mixin.py:190} INFO - [2024-11-11T23:56:05.865+0000] {dagbag.py:588} INFO - Filling up the DagBag from /home/airflow/.local/lib/python3.12/site-packages/airflow/example_dags/example_inlet_event_extra.py
[2024-11-11T23:56:06.465+0000] {processor.py:925} INFO - DAG(s) 'read_dataset_event', 'read_dataset_event_from_classic' retrieved from /home/airflow/.local/lib/python3.12/site-packages/airflow/example_dags/example_inlet_event_extra.py
[2024-11-11T23:56:06.489+0000] {logging_mixin.py:190} INFO - [2024-11-11T23:56:06.489+0000] {dag.py:3239} INFO - Sync 2 DAGs
[2024-11-11T23:56:06.514+0000] {logging_mixin.py:190} INFO - [2024-11-11T23:56:06.514+0000] {dag.py:4180} INFO - Setting next_dagrun for read_dataset_event to 2024-11-10 00:00:00+00:00, run_after=2024-11-11 00:00:00+00:00
[2024-11-11T23:56:06.520+0000] {logging_mixin.py:190} INFO - [2024-11-11T23:56:06.520+0000] {dag.py:4180} INFO - Setting next_dagrun for read_dataset_event_from_classic to 2024-11-10 00:00:00+00:00, run_after=2024-11-11 00:00:00+00:00
[2024-11-11T23:56:06.542+0000] {processor.py:208} INFO - Processing /home/airflow/.local/lib/python3.12/site-packages/airflow/example_dags/example_inlet_event_extra.py took 0.687 seconds
[2024-11-11T23:56:36.657+0000] {processor.py:186} INFO - Started process (PID=1659) to work on /home/airflow/.local/lib/python3.12/site-packages/airflow/example_dags/example_inlet_event_extra.py
[2024-11-11T23:56:36.659+0000] {processor.py:914} INFO - Processing file /home/airflow/.local/lib/python3.12/site-packages/airflow/example_dags/example_inlet_event_extra.py for tasks to queue
[2024-11-11T23:56:36.662+0000] {logging_mixin.py:190} INFO - [2024-11-11T23:56:36.662+0000] {dagbag.py:588} INFO - Filling up the DagBag from /home/airflow/.local/lib/python3.12/site-packages/airflow/example_dags/example_inlet_event_extra.py
[2024-11-11T23:56:37.314+0000] {processor.py:925} INFO - DAG(s) 'read_dataset_event', 'read_dataset_event_from_classic' retrieved from /home/airflow/.local/lib/python3.12/site-packages/airflow/example_dags/example_inlet_event_extra.py
[2024-11-11T23:56:37.336+0000] {logging_mixin.py:190} INFO - [2024-11-11T23:56:37.335+0000] {dag.py:3239} INFO - Sync 2 DAGs
[2024-11-11T23:56:37.360+0000] {logging_mixin.py:190} INFO - [2024-11-11T23:56:37.360+0000] {dag.py:4180} INFO - Setting next_dagrun for read_dataset_event to 2024-11-10 00:00:00+00:00, run_after=2024-11-11 00:00:00+00:00
[2024-11-11T23:56:37.366+0000] {logging_mixin.py:190} INFO - [2024-11-11T23:56:37.366+0000] {dag.py:4180} INFO - Setting next_dagrun for read_dataset_event_from_classic to 2024-11-10 00:00:00+00:00, run_after=2024-11-11 00:00:00+00:00
[2024-11-11T23:56:37.390+0000] {processor.py:208} INFO - Processing /home/airflow/.local/lib/python3.12/site-packages/airflow/example_dags/example_inlet_event_extra.py took 0.739 seconds
[2024-11-11T23:57:08.217+0000] {processor.py:186} INFO - Started process (PID=1723) to work on /home/airflow/.local/lib/python3.12/site-packages/airflow/example_dags/example_inlet_event_extra.py
[2024-11-11T23:57:08.219+0000] {processor.py:914} INFO - Processing file /home/airflow/.local/lib/python3.12/site-packages/airflow/example_dags/example_inlet_event_extra.py for tasks to queue
[2024-11-11T23:57:08.222+0000] {logging_mixin.py:190} INFO - [2024-11-11T23:57:08.222+0000] {dagbag.py:588} INFO - Filling up the DagBag from /home/airflow/.local/lib/python3.12/site-packages/airflow/example_dags/example_inlet_event_extra.py
[2024-11-11T23:57:08.819+0000] {processor.py:925} INFO - DAG(s) 'read_dataset_event_from_classic', 'read_dataset_event' retrieved from /home/airflow/.local/lib/python3.12/site-packages/airflow/example_dags/example_inlet_event_extra.py
[2024-11-11T23:57:08.840+0000] {logging_mixin.py:190} INFO - [2024-11-11T23:57:08.839+0000] {dag.py:3239} INFO - Sync 2 DAGs
[2024-11-11T23:57:08.864+0000] {logging_mixin.py:190} INFO - [2024-11-11T23:57:08.863+0000] {dag.py:4180} INFO - Setting next_dagrun for read_dataset_event to 2024-11-10 00:00:00+00:00, run_after=2024-11-11 00:00:00+00:00
[2024-11-11T23:57:08.869+0000] {logging_mixin.py:190} INFO - [2024-11-11T23:57:08.869+0000] {dag.py:4180} INFO - Setting next_dagrun for read_dataset_event_from_classic to 2024-11-10 00:00:00+00:00, run_after=2024-11-11 00:00:00+00:00
[2024-11-11T23:57:08.893+0000] {processor.py:208} INFO - Processing /home/airflow/.local/lib/python3.12/site-packages/airflow/example_dags/example_inlet_event_extra.py took 0.684 seconds
[2024-11-11T23:57:39.403+0000] {processor.py:186} INFO - Started process (PID=1787) to work on /home/airflow/.local/lib/python3.12/site-packages/airflow/example_dags/example_inlet_event_extra.py
[2024-11-11T23:57:39.404+0000] {processor.py:914} INFO - Processing file /home/airflow/.local/lib/python3.12/site-packages/airflow/example_dags/example_inlet_event_extra.py for tasks to queue
[2024-11-11T23:57:39.406+0000] {logging_mixin.py:190} INFO - [2024-11-11T23:57:39.406+0000] {dagbag.py:588} INFO - Filling up the DagBag from /home/airflow/.local/lib/python3.12/site-packages/airflow/example_dags/example_inlet_event_extra.py
[2024-11-11T23:57:40.057+0000] {processor.py:925} INFO - DAG(s) 'read_dataset_event_from_classic', 'read_dataset_event' retrieved from /home/airflow/.local/lib/python3.12/site-packages/airflow/example_dags/example_inlet_event_extra.py
[2024-11-11T23:57:40.085+0000] {logging_mixin.py:190} INFO - [2024-11-11T23:57:40.085+0000] {dag.py:3239} INFO - Sync 2 DAGs
[2024-11-11T23:57:40.111+0000] {logging_mixin.py:190} INFO - [2024-11-11T23:57:40.110+0000] {dag.py:4180} INFO - Setting next_dagrun for read_dataset_event to 2024-11-10 00:00:00+00:00, run_after=2024-11-11 00:00:00+00:00
[2024-11-11T23:57:40.116+0000] {logging_mixin.py:190} INFO - [2024-11-11T23:57:40.116+0000] {dag.py:4180} INFO - Setting next_dagrun for read_dataset_event_from_classic to 2024-11-10 00:00:00+00:00, run_after=2024-11-11 00:00:00+00:00
[2024-11-11T23:57:40.140+0000] {processor.py:208} INFO - Processing /home/airflow/.local/lib/python3.12/site-packages/airflow/example_dags/example_inlet_event_extra.py took 0.743 seconds
[2024-11-11T23:58:10.359+0000] {processor.py:186} INFO - Started process (PID=1851) to work on /home/airflow/.local/lib/python3.12/site-packages/airflow/example_dags/example_inlet_event_extra.py
[2024-11-11T23:58:10.361+0000] {processor.py:914} INFO - Processing file /home/airflow/.local/lib/python3.12/site-packages/airflow/example_dags/example_inlet_event_extra.py for tasks to queue
[2024-11-11T23:58:10.363+0000] {logging_mixin.py:190} INFO - [2024-11-11T23:58:10.363+0000] {dagbag.py:588} INFO - Filling up the DagBag from /home/airflow/.local/lib/python3.12/site-packages/airflow/example_dags/example_inlet_event_extra.py
[2024-11-11T23:58:10.943+0000] {processor.py:925} INFO - DAG(s) 'read_dataset_event_from_classic', 'read_dataset_event' retrieved from /home/airflow/.local/lib/python3.12/site-packages/airflow/example_dags/example_inlet_event_extra.py
[2024-11-11T23:58:10.966+0000] {logging_mixin.py:190} INFO - [2024-11-11T23:58:10.966+0000] {dag.py:3239} INFO - Sync 2 DAGs
[2024-11-11T23:58:10.990+0000] {logging_mixin.py:190} INFO - [2024-11-11T23:58:10.989+0000] {dag.py:4180} INFO - Setting next_dagrun for read_dataset_event to 2024-11-10 00:00:00+00:00, run_after=2024-11-11 00:00:00+00:00
[2024-11-11T23:58:10.994+0000] {logging_mixin.py:190} INFO - [2024-11-11T23:58:10.994+0000] {dag.py:4180} INFO - Setting next_dagrun for read_dataset_event_from_classic to 2024-11-10 00:00:00+00:00, run_after=2024-11-11 00:00:00+00:00
[2024-11-11T23:58:11.015+0000] {processor.py:208} INFO - Processing /home/airflow/.local/lib/python3.12/site-packages/airflow/example_dags/example_inlet_event_extra.py took 0.663 seconds
[2024-11-11T23:58:41.693+0000] {processor.py:186} INFO - Started process (PID=1915) to work on /home/airflow/.local/lib/python3.12/site-packages/airflow/example_dags/example_inlet_event_extra.py
[2024-11-11T23:58:41.694+0000] {processor.py:914} INFO - Processing file /home/airflow/.local/lib/python3.12/site-packages/airflow/example_dags/example_inlet_event_extra.py for tasks to queue
[2024-11-11T23:58:41.697+0000] {logging_mixin.py:190} INFO - [2024-11-11T23:58:41.696+0000] {dagbag.py:588} INFO - Filling up the DagBag from /home/airflow/.local/lib/python3.12/site-packages/airflow/example_dags/example_inlet_event_extra.py
[2024-11-11T23:58:42.466+0000] {processor.py:925} INFO - DAG(s) 'read_dataset_event_from_classic', 'read_dataset_event' retrieved from /home/airflow/.local/lib/python3.12/site-packages/airflow/example_dags/example_inlet_event_extra.py
[2024-11-11T23:58:42.487+0000] {logging_mixin.py:190} INFO - [2024-11-11T23:58:42.487+0000] {dag.py:3239} INFO - Sync 2 DAGs
[2024-11-11T23:58:42.512+0000] {logging_mixin.py:190} INFO - [2024-11-11T23:58:42.511+0000] {dag.py:4180} INFO - Setting next_dagrun for read_dataset_event to 2024-11-10 00:00:00+00:00, run_after=2024-11-11 00:00:00+00:00
[2024-11-11T23:58:42.584+0000] {logging_mixin.py:190} INFO - [2024-11-11T23:58:42.583+0000] {dag.py:4180} INFO - Setting next_dagrun for read_dataset_event_from_classic to 2024-11-10 00:00:00+00:00, run_after=2024-11-11 00:00:00+00:00
[2024-11-11T23:58:42.643+0000] {processor.py:208} INFO - Processing /home/airflow/.local/lib/python3.12/site-packages/airflow/example_dags/example_inlet_event_extra.py took 0.956 seconds
[2024-11-11T23:59:12.896+0000] {processor.py:186} INFO - Started process (PID=1979) to work on /home/airflow/.local/lib/python3.12/site-packages/airflow/example_dags/example_inlet_event_extra.py
[2024-11-11T23:59:12.897+0000] {processor.py:914} INFO - Processing file /home/airflow/.local/lib/python3.12/site-packages/airflow/example_dags/example_inlet_event_extra.py for tasks to queue
[2024-11-11T23:59:12.903+0000] {logging_mixin.py:190} INFO - [2024-11-11T23:59:12.903+0000] {dagbag.py:588} INFO - Filling up the DagBag from /home/airflow/.local/lib/python3.12/site-packages/airflow/example_dags/example_inlet_event_extra.py
[2024-11-11T23:59:14.632+0000] {processor.py:925} INFO - DAG(s) 'read_dataset_event', 'read_dataset_event_from_classic' retrieved from /home/airflow/.local/lib/python3.12/site-packages/airflow/example_dags/example_inlet_event_extra.py
[2024-11-11T23:59:15.022+0000] {logging_mixin.py:190} INFO - [2024-11-11T23:59:15.021+0000] {dag.py:3239} INFO - Sync 2 DAGs
[2024-11-11T23:59:15.104+0000] {logging_mixin.py:190} INFO - [2024-11-11T23:59:15.104+0000] {dag.py:4180} INFO - Setting next_dagrun for read_dataset_event to 2024-11-10 00:00:00+00:00, run_after=2024-11-11 00:00:00+00:00
[2024-11-11T23:59:15.117+0000] {logging_mixin.py:190} INFO - [2024-11-11T23:59:15.115+0000] {dag.py:4180} INFO - Setting next_dagrun for read_dataset_event_from_classic to 2024-11-10 00:00:00+00:00, run_after=2024-11-11 00:00:00+00:00
[2024-11-11T23:59:15.162+0000] {processor.py:208} INFO - Processing /home/airflow/.local/lib/python3.12/site-packages/airflow/example_dags/example_inlet_event_extra.py took 2.278 seconds
[2024-11-11T23:59:46.127+0000] {processor.py:186} INFO - Started process (PID=2044) to work on /home/airflow/.local/lib/python3.12/site-packages/airflow/example_dags/example_inlet_event_extra.py
[2024-11-11T23:59:46.128+0000] {processor.py:914} INFO - Processing file /home/airflow/.local/lib/python3.12/site-packages/airflow/example_dags/example_inlet_event_extra.py for tasks to queue
[2024-11-11T23:59:46.130+0000] {logging_mixin.py:190} INFO - [2024-11-11T23:59:46.130+0000] {dagbag.py:588} INFO - Filling up the DagBag from /home/airflow/.local/lib/python3.12/site-packages/airflow/example_dags/example_inlet_event_extra.py
[2024-11-11T23:59:46.988+0000] {processor.py:925} INFO - DAG(s) 'read_dataset_event', 'read_dataset_event_from_classic' retrieved from /home/airflow/.local/lib/python3.12/site-packages/airflow/example_dags/example_inlet_event_extra.py
[2024-11-11T23:59:47.016+0000] {logging_mixin.py:190} INFO - [2024-11-11T23:59:47.016+0000] {dag.py:3239} INFO - Sync 2 DAGs
[2024-11-11T23:59:47.048+0000] {logging_mixin.py:190} INFO - [2024-11-11T23:59:47.047+0000] {dag.py:4180} INFO - Setting next_dagrun for read_dataset_event to 2024-11-10 00:00:00+00:00, run_after=2024-11-11 00:00:00+00:00
[2024-11-11T23:59:47.053+0000] {logging_mixin.py:190} INFO - [2024-11-11T23:59:47.053+0000] {dag.py:4180} INFO - Setting next_dagrun for read_dataset_event_from_classic to 2024-11-10 00:00:00+00:00, run_after=2024-11-11 00:00:00+00:00
[2024-11-11T23:59:47.078+0000] {processor.py:208} INFO - Processing /home/airflow/.local/lib/python3.12/site-packages/airflow/example_dags/example_inlet_event_extra.py took 0.959 seconds
