[2024-11-11T23:43:54.036+0000] {processor.py:186} INFO - Started process (PID=78) to work on /home/airflow/.local/lib/python3.12/site-packages/airflow/example_dags/example_display_name.py
[2024-11-11T23:43:54.038+0000] {processor.py:914} INFO - Processing file /home/airflow/.local/lib/python3.12/site-packages/airflow/example_dags/example_display_name.py for tasks to queue
[2024-11-11T23:43:54.041+0000] {logging_mixin.py:190} INFO - [2024-11-11T23:43:54.041+0000] {dagbag.py:588} INFO - Filling up the DagBag from /home/airflow/.local/lib/python3.12/site-packages/airflow/example_dags/example_display_name.py
[2024-11-11T23:43:54.057+0000] {processor.py:925} INFO - DAG(s) 'example_display_name' retrieved from /home/airflow/.local/lib/python3.12/site-packages/airflow/example_dags/example_display_name.py
[2024-11-11T23:43:54.579+0000] {logging_mixin.py:190} INFO - [2024-11-11T23:43:54.579+0000] {override.py:1911} INFO - Created Permission View: can edit on DAG:example_display_name
[2024-11-11T23:43:54.612+0000] {logging_mixin.py:190} INFO - [2024-11-11T23:43:54.612+0000] {override.py:1911} INFO - Created Permission View: can read on DAG:example_display_name
[2024-11-11T23:43:54.629+0000] {logging_mixin.py:190} INFO - [2024-11-11T23:43:54.629+0000] {override.py:1911} INFO - Created Permission View: can delete on DAG:example_display_name
[2024-11-11T23:43:54.645+0000] {logging_mixin.py:190} INFO - [2024-11-11T23:43:54.645+0000] {override.py:1911} INFO - Created Permission View: menu access on DAG Run:example_display_name
[2024-11-11T23:43:54.658+0000] {logging_mixin.py:190} INFO - [2024-11-11T23:43:54.657+0000] {override.py:1911} INFO - Created Permission View: can read on DAG Run:example_display_name
[2024-11-11T23:43:54.669+0000] {logging_mixin.py:190} INFO - [2024-11-11T23:43:54.669+0000] {override.py:1911} INFO - Created Permission View: can delete on DAG Run:example_display_name
[2024-11-11T23:43:54.681+0000] {logging_mixin.py:190} INFO - [2024-11-11T23:43:54.681+0000] {override.py:1911} INFO - Created Permission View: can create on DAG Run:example_display_name
[2024-11-11T23:43:54.682+0000] {logging_mixin.py:190} INFO - [2024-11-11T23:43:54.682+0000] {dag.py:3239} INFO - Sync 1 DAGs
[2024-11-11T23:43:54.743+0000] {logging_mixin.py:190} INFO - [2024-11-11T23:43:54.742+0000] {dag.py:3262} INFO - Creating ORM DAG for example_display_name
[2024-11-11T23:43:54.745+0000] {logging_mixin.py:190} INFO - [2024-11-11T23:43:54.744+0000] {dag.py:4180} INFO - Setting next_dagrun for example_display_name to None, run_after=None
[2024-11-11T23:43:54.788+0000] {processor.py:208} INFO - Processing /home/airflow/.local/lib/python3.12/site-packages/airflow/example_dags/example_display_name.py took 0.760 seconds
[2024-11-11T23:44:25.372+0000] {processor.py:186} INFO - Started process (PID=141) to work on /home/airflow/.local/lib/python3.12/site-packages/airflow/example_dags/example_display_name.py
[2024-11-11T23:44:25.373+0000] {processor.py:914} INFO - Processing file /home/airflow/.local/lib/python3.12/site-packages/airflow/example_dags/example_display_name.py for tasks to queue
[2024-11-11T23:44:25.376+0000] {logging_mixin.py:190} INFO - [2024-11-11T23:44:25.375+0000] {dagbag.py:588} INFO - Filling up the DagBag from /home/airflow/.local/lib/python3.12/site-packages/airflow/example_dags/example_display_name.py
[2024-11-11T23:44:25.512+0000] {processor.py:925} INFO - DAG(s) 'example_display_name' retrieved from /home/airflow/.local/lib/python3.12/site-packages/airflow/example_dags/example_display_name.py
[2024-11-11T23:44:25.532+0000] {logging_mixin.py:190} INFO - [2024-11-11T23:44:25.532+0000] {dag.py:3239} INFO - Sync 1 DAGs
[2024-11-11T23:44:25.546+0000] {logging_mixin.py:190} INFO - [2024-11-11T23:44:25.546+0000] {dag.py:4180} INFO - Setting next_dagrun for example_display_name to None, run_after=None
[2024-11-11T23:44:25.617+0000] {processor.py:208} INFO - Processing /home/airflow/.local/lib/python3.12/site-packages/airflow/example_dags/example_display_name.py took 0.252 seconds
[2024-11-11T23:44:55.766+0000] {processor.py:186} INFO - Started process (PID=204) to work on /home/airflow/.local/lib/python3.12/site-packages/airflow/example_dags/example_display_name.py
[2024-11-11T23:44:55.768+0000] {processor.py:914} INFO - Processing file /home/airflow/.local/lib/python3.12/site-packages/airflow/example_dags/example_display_name.py for tasks to queue
[2024-11-11T23:44:55.770+0000] {logging_mixin.py:190} INFO - [2024-11-11T23:44:55.770+0000] {dagbag.py:588} INFO - Filling up the DagBag from /home/airflow/.local/lib/python3.12/site-packages/airflow/example_dags/example_display_name.py
[2024-11-11T23:44:55.778+0000] {processor.py:925} INFO - DAG(s) 'example_display_name' retrieved from /home/airflow/.local/lib/python3.12/site-packages/airflow/example_dags/example_display_name.py
[2024-11-11T23:44:55.798+0000] {logging_mixin.py:190} INFO - [2024-11-11T23:44:55.797+0000] {dag.py:3239} INFO - Sync 1 DAGs
[2024-11-11T23:44:55.811+0000] {logging_mixin.py:190} INFO - [2024-11-11T23:44:55.811+0000] {dag.py:4180} INFO - Setting next_dagrun for example_display_name to None, run_after=None
[2024-11-11T23:44:55.835+0000] {processor.py:208} INFO - Processing /home/airflow/.local/lib/python3.12/site-packages/airflow/example_dags/example_display_name.py took 0.074 seconds
[2024-11-11T23:45:26.756+0000] {processor.py:186} INFO - Started process (PID=267) to work on /home/airflow/.local/lib/python3.12/site-packages/airflow/example_dags/example_display_name.py
[2024-11-11T23:45:26.757+0000] {processor.py:914} INFO - Processing file /home/airflow/.local/lib/python3.12/site-packages/airflow/example_dags/example_display_name.py for tasks to queue
[2024-11-11T23:45:26.759+0000] {logging_mixin.py:190} INFO - [2024-11-11T23:45:26.759+0000] {dagbag.py:588} INFO - Filling up the DagBag from /home/airflow/.local/lib/python3.12/site-packages/airflow/example_dags/example_display_name.py
[2024-11-11T23:45:26.767+0000] {processor.py:925} INFO - DAG(s) 'example_display_name' retrieved from /home/airflow/.local/lib/python3.12/site-packages/airflow/example_dags/example_display_name.py
[2024-11-11T23:45:26.788+0000] {logging_mixin.py:190} INFO - [2024-11-11T23:45:26.788+0000] {dag.py:3239} INFO - Sync 1 DAGs
[2024-11-11T23:45:26.802+0000] {logging_mixin.py:190} INFO - [2024-11-11T23:45:26.802+0000] {dag.py:4180} INFO - Setting next_dagrun for example_display_name to None, run_after=None
[2024-11-11T23:45:26.883+0000] {processor.py:208} INFO - Processing /home/airflow/.local/lib/python3.12/site-packages/airflow/example_dags/example_display_name.py took 0.133 seconds
[2024-11-11T23:45:57.006+0000] {processor.py:186} INFO - Started process (PID=330) to work on /home/airflow/.local/lib/python3.12/site-packages/airflow/example_dags/example_display_name.py
[2024-11-11T23:45:57.007+0000] {processor.py:914} INFO - Processing file /home/airflow/.local/lib/python3.12/site-packages/airflow/example_dags/example_display_name.py for tasks to queue
[2024-11-11T23:45:57.011+0000] {logging_mixin.py:190} INFO - [2024-11-11T23:45:57.010+0000] {dagbag.py:588} INFO - Filling up the DagBag from /home/airflow/.local/lib/python3.12/site-packages/airflow/example_dags/example_display_name.py
[2024-11-11T23:45:57.020+0000] {processor.py:925} INFO - DAG(s) 'example_display_name' retrieved from /home/airflow/.local/lib/python3.12/site-packages/airflow/example_dags/example_display_name.py
[2024-11-11T23:45:57.041+0000] {logging_mixin.py:190} INFO - [2024-11-11T23:45:57.040+0000] {dag.py:3239} INFO - Sync 1 DAGs
[2024-11-11T23:45:57.055+0000] {logging_mixin.py:190} INFO - [2024-11-11T23:45:57.054+0000] {dag.py:4180} INFO - Setting next_dagrun for example_display_name to None, run_after=None
[2024-11-11T23:45:57.084+0000] {processor.py:208} INFO - Processing /home/airflow/.local/lib/python3.12/site-packages/airflow/example_dags/example_display_name.py took 0.084 seconds
[2024-11-11T23:46:34.607+0000] {processor.py:186} INFO - Started process (PID=392) to work on /home/airflow/.local/lib/python3.12/site-packages/airflow/example_dags/example_display_name.py
[2024-11-11T23:46:34.609+0000] {processor.py:914} INFO - Processing file /home/airflow/.local/lib/python3.12/site-packages/airflow/example_dags/example_display_name.py for tasks to queue
[2024-11-11T23:46:34.615+0000] {logging_mixin.py:190} INFO - [2024-11-11T23:46:34.615+0000] {dagbag.py:588} INFO - Filling up the DagBag from /home/airflow/.local/lib/python3.12/site-packages/airflow/example_dags/example_display_name.py
[2024-11-11T23:46:34.638+0000] {processor.py:925} INFO - DAG(s) 'example_display_name' retrieved from /home/airflow/.local/lib/python3.12/site-packages/airflow/example_dags/example_display_name.py
[2024-11-11T23:46:34.698+0000] {logging_mixin.py:190} INFO - [2024-11-11T23:46:34.698+0000] {dag.py:3239} INFO - Sync 1 DAGs
[2024-11-11T23:46:34.738+0000] {logging_mixin.py:190} INFO - [2024-11-11T23:46:34.737+0000] {dag.py:4180} INFO - Setting next_dagrun for example_display_name to None, run_after=None
[2024-11-11T23:46:34.786+0000] {processor.py:208} INFO - Processing /home/airflow/.local/lib/python3.12/site-packages/airflow/example_dags/example_display_name.py took 0.189 seconds
[2024-11-11T23:47:05.335+0000] {processor.py:186} INFO - Started process (PID=454) to work on /home/airflow/.local/lib/python3.12/site-packages/airflow/example_dags/example_display_name.py
[2024-11-11T23:47:05.338+0000] {processor.py:914} INFO - Processing file /home/airflow/.local/lib/python3.12/site-packages/airflow/example_dags/example_display_name.py for tasks to queue
[2024-11-11T23:47:05.345+0000] {logging_mixin.py:190} INFO - [2024-11-11T23:47:05.345+0000] {dagbag.py:588} INFO - Filling up the DagBag from /home/airflow/.local/lib/python3.12/site-packages/airflow/example_dags/example_display_name.py
[2024-11-11T23:47:05.357+0000] {processor.py:925} INFO - DAG(s) 'example_display_name' retrieved from /home/airflow/.local/lib/python3.12/site-packages/airflow/example_dags/example_display_name.py
[2024-11-11T23:47:05.379+0000] {logging_mixin.py:190} INFO - [2024-11-11T23:47:05.379+0000] {dag.py:3239} INFO - Sync 1 DAGs
[2024-11-11T23:47:05.396+0000] {logging_mixin.py:190} INFO - [2024-11-11T23:47:05.396+0000] {dag.py:4180} INFO - Setting next_dagrun for example_display_name to None, run_after=None
[2024-11-11T23:47:05.427+0000] {processor.py:208} INFO - Processing /home/airflow/.local/lib/python3.12/site-packages/airflow/example_dags/example_display_name.py took 0.100 seconds
[2024-11-11T23:47:36.209+0000] {processor.py:186} INFO - Started process (PID=516) to work on /home/airflow/.local/lib/python3.12/site-packages/airflow/example_dags/example_display_name.py
[2024-11-11T23:47:36.210+0000] {processor.py:914} INFO - Processing file /home/airflow/.local/lib/python3.12/site-packages/airflow/example_dags/example_display_name.py for tasks to queue
[2024-11-11T23:47:36.213+0000] {logging_mixin.py:190} INFO - [2024-11-11T23:47:36.213+0000] {dagbag.py:588} INFO - Filling up the DagBag from /home/airflow/.local/lib/python3.12/site-packages/airflow/example_dags/example_display_name.py
[2024-11-11T23:47:36.222+0000] {processor.py:925} INFO - DAG(s) 'example_display_name' retrieved from /home/airflow/.local/lib/python3.12/site-packages/airflow/example_dags/example_display_name.py
[2024-11-11T23:47:36.245+0000] {logging_mixin.py:190} INFO - [2024-11-11T23:47:36.244+0000] {dag.py:3239} INFO - Sync 1 DAGs
[2024-11-11T23:47:36.263+0000] {logging_mixin.py:190} INFO - [2024-11-11T23:47:36.262+0000] {dag.py:4180} INFO - Setting next_dagrun for example_display_name to None, run_after=None
[2024-11-11T23:47:36.287+0000] {processor.py:208} INFO - Processing /home/airflow/.local/lib/python3.12/site-packages/airflow/example_dags/example_display_name.py took 0.085 seconds
[2024-11-11T23:48:06.747+0000] {processor.py:186} INFO - Started process (PID=576) to work on /home/airflow/.local/lib/python3.12/site-packages/airflow/example_dags/example_display_name.py
[2024-11-11T23:48:06.748+0000] {processor.py:914} INFO - Processing file /home/airflow/.local/lib/python3.12/site-packages/airflow/example_dags/example_display_name.py for tasks to queue
[2024-11-11T23:48:06.751+0000] {logging_mixin.py:190} INFO - [2024-11-11T23:48:06.751+0000] {dagbag.py:588} INFO - Filling up the DagBag from /home/airflow/.local/lib/python3.12/site-packages/airflow/example_dags/example_display_name.py
[2024-11-11T23:48:06.760+0000] {processor.py:925} INFO - DAG(s) 'example_display_name' retrieved from /home/airflow/.local/lib/python3.12/site-packages/airflow/example_dags/example_display_name.py
[2024-11-11T23:48:06.783+0000] {logging_mixin.py:190} INFO - [2024-11-11T23:48:06.783+0000] {dag.py:3239} INFO - Sync 1 DAGs
[2024-11-11T23:48:06.799+0000] {logging_mixin.py:190} INFO - [2024-11-11T23:48:06.798+0000] {dag.py:4180} INFO - Setting next_dagrun for example_display_name to None, run_after=None
[2024-11-11T23:48:06.822+0000] {processor.py:208} INFO - Processing /home/airflow/.local/lib/python3.12/site-packages/airflow/example_dags/example_display_name.py took 0.081 seconds
[2024-11-11T23:48:37.011+0000] {processor.py:186} INFO - Started process (PID=639) to work on /home/airflow/.local/lib/python3.12/site-packages/airflow/example_dags/example_display_name.py
[2024-11-11T23:48:37.016+0000] {processor.py:914} INFO - Processing file /home/airflow/.local/lib/python3.12/site-packages/airflow/example_dags/example_display_name.py for tasks to queue
[2024-11-11T23:48:37.021+0000] {logging_mixin.py:190} INFO - [2024-11-11T23:48:37.020+0000] {dagbag.py:588} INFO - Filling up the DagBag from /home/airflow/.local/lib/python3.12/site-packages/airflow/example_dags/example_display_name.py
[2024-11-11T23:48:37.030+0000] {processor.py:925} INFO - DAG(s) 'example_display_name' retrieved from /home/airflow/.local/lib/python3.12/site-packages/airflow/example_dags/example_display_name.py
[2024-11-11T23:48:37.059+0000] {logging_mixin.py:190} INFO - [2024-11-11T23:48:37.058+0000] {dag.py:3239} INFO - Sync 1 DAGs
[2024-11-11T23:48:37.080+0000] {logging_mixin.py:190} INFO - [2024-11-11T23:48:37.080+0000] {dag.py:4180} INFO - Setting next_dagrun for example_display_name to None, run_after=None
[2024-11-11T23:48:37.110+0000] {processor.py:208} INFO - Processing /home/airflow/.local/lib/python3.12/site-packages/airflow/example_dags/example_display_name.py took 0.110 seconds
[2024-11-11T23:49:07.202+0000] {processor.py:186} INFO - Started process (PID=703) to work on /home/airflow/.local/lib/python3.12/site-packages/airflow/example_dags/example_display_name.py
[2024-11-11T23:49:07.203+0000] {processor.py:914} INFO - Processing file /home/airflow/.local/lib/python3.12/site-packages/airflow/example_dags/example_display_name.py for tasks to queue
[2024-11-11T23:49:07.205+0000] {logging_mixin.py:190} INFO - [2024-11-11T23:49:07.205+0000] {dagbag.py:588} INFO - Filling up the DagBag from /home/airflow/.local/lib/python3.12/site-packages/airflow/example_dags/example_display_name.py
[2024-11-11T23:49:07.215+0000] {processor.py:925} INFO - DAG(s) 'example_display_name' retrieved from /home/airflow/.local/lib/python3.12/site-packages/airflow/example_dags/example_display_name.py
[2024-11-11T23:49:07.237+0000] {logging_mixin.py:190} INFO - [2024-11-11T23:49:07.236+0000] {dag.py:3239} INFO - Sync 1 DAGs
[2024-11-11T23:49:07.252+0000] {logging_mixin.py:190} INFO - [2024-11-11T23:49:07.252+0000] {dag.py:4180} INFO - Setting next_dagrun for example_display_name to None, run_after=None
[2024-11-11T23:49:07.278+0000] {processor.py:208} INFO - Processing /home/airflow/.local/lib/python3.12/site-packages/airflow/example_dags/example_display_name.py took 0.082 seconds
[2024-11-11T23:49:37.586+0000] {processor.py:186} INFO - Started process (PID=768) to work on /home/airflow/.local/lib/python3.12/site-packages/airflow/example_dags/example_display_name.py
[2024-11-11T23:49:37.587+0000] {processor.py:914} INFO - Processing file /home/airflow/.local/lib/python3.12/site-packages/airflow/example_dags/example_display_name.py for tasks to queue
[2024-11-11T23:49:37.591+0000] {logging_mixin.py:190} INFO - [2024-11-11T23:49:37.590+0000] {dagbag.py:588} INFO - Filling up the DagBag from /home/airflow/.local/lib/python3.12/site-packages/airflow/example_dags/example_display_name.py
[2024-11-11T23:49:37.599+0000] {processor.py:925} INFO - DAG(s) 'example_display_name' retrieved from /home/airflow/.local/lib/python3.12/site-packages/airflow/example_dags/example_display_name.py
[2024-11-11T23:49:37.624+0000] {logging_mixin.py:190} INFO - [2024-11-11T23:49:37.624+0000] {dag.py:3239} INFO - Sync 1 DAGs
[2024-11-11T23:49:37.640+0000] {logging_mixin.py:190} INFO - [2024-11-11T23:49:37.639+0000] {dag.py:4180} INFO - Setting next_dagrun for example_display_name to None, run_after=None
[2024-11-11T23:49:37.675+0000] {processor.py:208} INFO - Processing /home/airflow/.local/lib/python3.12/site-packages/airflow/example_dags/example_display_name.py took 0.096 seconds
[2024-11-11T23:50:07.818+0000] {processor.py:186} INFO - Started process (PID=832) to work on /home/airflow/.local/lib/python3.12/site-packages/airflow/example_dags/example_display_name.py
[2024-11-11T23:50:07.819+0000] {processor.py:914} INFO - Processing file /home/airflow/.local/lib/python3.12/site-packages/airflow/example_dags/example_display_name.py for tasks to queue
[2024-11-11T23:50:07.822+0000] {logging_mixin.py:190} INFO - [2024-11-11T23:50:07.821+0000] {dagbag.py:588} INFO - Filling up the DagBag from /home/airflow/.local/lib/python3.12/site-packages/airflow/example_dags/example_display_name.py
[2024-11-11T23:50:07.828+0000] {processor.py:925} INFO - DAG(s) 'example_display_name' retrieved from /home/airflow/.local/lib/python3.12/site-packages/airflow/example_dags/example_display_name.py
[2024-11-11T23:50:07.851+0000] {logging_mixin.py:190} INFO - [2024-11-11T23:50:07.850+0000] {dag.py:3239} INFO - Sync 1 DAGs
[2024-11-11T23:50:07.868+0000] {logging_mixin.py:190} INFO - [2024-11-11T23:50:07.867+0000] {dag.py:4180} INFO - Setting next_dagrun for example_display_name to None, run_after=None
[2024-11-11T23:50:07.894+0000] {processor.py:208} INFO - Processing /home/airflow/.local/lib/python3.12/site-packages/airflow/example_dags/example_display_name.py took 0.082 seconds
[2024-11-11T23:50:38.472+0000] {processor.py:186} INFO - Started process (PID=896) to work on /home/airflow/.local/lib/python3.12/site-packages/airflow/example_dags/example_display_name.py
[2024-11-11T23:50:38.473+0000] {processor.py:914} INFO - Processing file /home/airflow/.local/lib/python3.12/site-packages/airflow/example_dags/example_display_name.py for tasks to queue
[2024-11-11T23:50:38.478+0000] {logging_mixin.py:190} INFO - [2024-11-11T23:50:38.477+0000] {dagbag.py:588} INFO - Filling up the DagBag from /home/airflow/.local/lib/python3.12/site-packages/airflow/example_dags/example_display_name.py
[2024-11-11T23:50:38.486+0000] {processor.py:925} INFO - DAG(s) 'example_display_name' retrieved from /home/airflow/.local/lib/python3.12/site-packages/airflow/example_dags/example_display_name.py
[2024-11-11T23:50:38.508+0000] {logging_mixin.py:190} INFO - [2024-11-11T23:50:38.507+0000] {dag.py:3239} INFO - Sync 1 DAGs
[2024-11-11T23:50:38.522+0000] {logging_mixin.py:190} INFO - [2024-11-11T23:50:38.521+0000] {dag.py:4180} INFO - Setting next_dagrun for example_display_name to None, run_after=None
[2024-11-11T23:50:38.610+0000] {processor.py:208} INFO - Processing /home/airflow/.local/lib/python3.12/site-packages/airflow/example_dags/example_display_name.py took 0.145 seconds
[2024-11-11T23:51:08.731+0000] {processor.py:186} INFO - Started process (PID=960) to work on /home/airflow/.local/lib/python3.12/site-packages/airflow/example_dags/example_display_name.py
[2024-11-11T23:51:08.732+0000] {processor.py:914} INFO - Processing file /home/airflow/.local/lib/python3.12/site-packages/airflow/example_dags/example_display_name.py for tasks to queue
[2024-11-11T23:51:08.737+0000] {logging_mixin.py:190} INFO - [2024-11-11T23:51:08.736+0000] {dagbag.py:588} INFO - Filling up the DagBag from /home/airflow/.local/lib/python3.12/site-packages/airflow/example_dags/example_display_name.py
[2024-11-11T23:51:08.746+0000] {processor.py:925} INFO - DAG(s) 'example_display_name' retrieved from /home/airflow/.local/lib/python3.12/site-packages/airflow/example_dags/example_display_name.py
[2024-11-11T23:51:08.769+0000] {logging_mixin.py:190} INFO - [2024-11-11T23:51:08.768+0000] {dag.py:3239} INFO - Sync 1 DAGs
[2024-11-11T23:51:08.784+0000] {logging_mixin.py:190} INFO - [2024-11-11T23:51:08.783+0000] {dag.py:4180} INFO - Setting next_dagrun for example_display_name to None, run_after=None
[2024-11-11T23:51:08.810+0000] {processor.py:208} INFO - Processing /home/airflow/.local/lib/python3.12/site-packages/airflow/example_dags/example_display_name.py took 0.084 seconds
[2024-11-11T23:51:38.946+0000] {processor.py:186} INFO - Started process (PID=1024) to work on /home/airflow/.local/lib/python3.12/site-packages/airflow/example_dags/example_display_name.py
[2024-11-11T23:51:38.947+0000] {processor.py:914} INFO - Processing file /home/airflow/.local/lib/python3.12/site-packages/airflow/example_dags/example_display_name.py for tasks to queue
[2024-11-11T23:51:38.953+0000] {logging_mixin.py:190} INFO - [2024-11-11T23:51:38.952+0000] {dagbag.py:588} INFO - Filling up the DagBag from /home/airflow/.local/lib/python3.12/site-packages/airflow/example_dags/example_display_name.py
[2024-11-11T23:51:38.965+0000] {processor.py:925} INFO - DAG(s) 'example_display_name' retrieved from /home/airflow/.local/lib/python3.12/site-packages/airflow/example_dags/example_display_name.py
[2024-11-11T23:51:39.005+0000] {logging_mixin.py:190} INFO - [2024-11-11T23:51:39.005+0000] {dag.py:3239} INFO - Sync 1 DAGs
[2024-11-11T23:51:39.030+0000] {logging_mixin.py:190} INFO - [2024-11-11T23:51:39.029+0000] {dag.py:4180} INFO - Setting next_dagrun for example_display_name to None, run_after=None
[2024-11-11T23:51:39.058+0000] {processor.py:208} INFO - Processing /home/airflow/.local/lib/python3.12/site-packages/airflow/example_dags/example_display_name.py took 0.118 seconds
[2024-11-11T23:52:09.487+0000] {processor.py:186} INFO - Started process (PID=1088) to work on /home/airflow/.local/lib/python3.12/site-packages/airflow/example_dags/example_display_name.py
[2024-11-11T23:52:09.488+0000] {processor.py:914} INFO - Processing file /home/airflow/.local/lib/python3.12/site-packages/airflow/example_dags/example_display_name.py for tasks to queue
[2024-11-11T23:52:09.490+0000] {logging_mixin.py:190} INFO - [2024-11-11T23:52:09.490+0000] {dagbag.py:588} INFO - Filling up the DagBag from /home/airflow/.local/lib/python3.12/site-packages/airflow/example_dags/example_display_name.py
[2024-11-11T23:52:09.501+0000] {processor.py:925} INFO - DAG(s) 'example_display_name' retrieved from /home/airflow/.local/lib/python3.12/site-packages/airflow/example_dags/example_display_name.py
[2024-11-11T23:52:09.523+0000] {logging_mixin.py:190} INFO - [2024-11-11T23:52:09.523+0000] {dag.py:3239} INFO - Sync 1 DAGs
[2024-11-11T23:52:09.540+0000] {logging_mixin.py:190} INFO - [2024-11-11T23:52:09.540+0000] {dag.py:4180} INFO - Setting next_dagrun for example_display_name to None, run_after=None
[2024-11-11T23:52:09.568+0000] {processor.py:208} INFO - Processing /home/airflow/.local/lib/python3.12/site-packages/airflow/example_dags/example_display_name.py took 0.087 seconds
[2024-11-11T23:52:39.657+0000] {processor.py:186} INFO - Started process (PID=1152) to work on /home/airflow/.local/lib/python3.12/site-packages/airflow/example_dags/example_display_name.py
[2024-11-11T23:52:39.658+0000] {processor.py:914} INFO - Processing file /home/airflow/.local/lib/python3.12/site-packages/airflow/example_dags/example_display_name.py for tasks to queue
[2024-11-11T23:52:39.660+0000] {logging_mixin.py:190} INFO - [2024-11-11T23:52:39.660+0000] {dagbag.py:588} INFO - Filling up the DagBag from /home/airflow/.local/lib/python3.12/site-packages/airflow/example_dags/example_display_name.py
[2024-11-11T23:52:39.669+0000] {processor.py:925} INFO - DAG(s) 'example_display_name' retrieved from /home/airflow/.local/lib/python3.12/site-packages/airflow/example_dags/example_display_name.py
[2024-11-11T23:52:39.709+0000] {logging_mixin.py:190} INFO - [2024-11-11T23:52:39.709+0000] {dag.py:3239} INFO - Sync 1 DAGs
[2024-11-11T23:52:39.728+0000] {logging_mixin.py:190} INFO - [2024-11-11T23:52:39.728+0000] {dag.py:4180} INFO - Setting next_dagrun for example_display_name to None, run_after=None
[2024-11-11T23:52:39.754+0000] {processor.py:208} INFO - Processing /home/airflow/.local/lib/python3.12/site-packages/airflow/example_dags/example_display_name.py took 0.102 seconds
[2024-11-11T23:53:09.825+0000] {processor.py:186} INFO - Started process (PID=1216) to work on /home/airflow/.local/lib/python3.12/site-packages/airflow/example_dags/example_display_name.py
[2024-11-11T23:53:09.826+0000] {processor.py:914} INFO - Processing file /home/airflow/.local/lib/python3.12/site-packages/airflow/example_dags/example_display_name.py for tasks to queue
[2024-11-11T23:53:09.831+0000] {logging_mixin.py:190} INFO - [2024-11-11T23:53:09.831+0000] {dagbag.py:588} INFO - Filling up the DagBag from /home/airflow/.local/lib/python3.12/site-packages/airflow/example_dags/example_display_name.py
[2024-11-11T23:53:09.840+0000] {processor.py:925} INFO - DAG(s) 'example_display_name' retrieved from /home/airflow/.local/lib/python3.12/site-packages/airflow/example_dags/example_display_name.py
[2024-11-11T23:53:09.863+0000] {logging_mixin.py:190} INFO - [2024-11-11T23:53:09.863+0000] {dag.py:3239} INFO - Sync 1 DAGs
[2024-11-11T23:53:09.882+0000] {logging_mixin.py:190} INFO - [2024-11-11T23:53:09.882+0000] {dag.py:4180} INFO - Setting next_dagrun for example_display_name to None, run_after=None
[2024-11-11T23:53:09.933+0000] {processor.py:208} INFO - Processing /home/airflow/.local/lib/python3.12/site-packages/airflow/example_dags/example_display_name.py took 0.117 seconds
[2024-11-11T23:53:40.242+0000] {processor.py:186} INFO - Started process (PID=1281) to work on /home/airflow/.local/lib/python3.12/site-packages/airflow/example_dags/example_display_name.py
[2024-11-11T23:53:40.244+0000] {processor.py:914} INFO - Processing file /home/airflow/.local/lib/python3.12/site-packages/airflow/example_dags/example_display_name.py for tasks to queue
[2024-11-11T23:53:40.246+0000] {logging_mixin.py:190} INFO - [2024-11-11T23:53:40.246+0000] {dagbag.py:588} INFO - Filling up the DagBag from /home/airflow/.local/lib/python3.12/site-packages/airflow/example_dags/example_display_name.py
[2024-11-11T23:53:40.256+0000] {processor.py:925} INFO - DAG(s) 'example_display_name' retrieved from /home/airflow/.local/lib/python3.12/site-packages/airflow/example_dags/example_display_name.py
[2024-11-11T23:53:40.286+0000] {logging_mixin.py:190} INFO - [2024-11-11T23:53:40.286+0000] {dag.py:3239} INFO - Sync 1 DAGs
[2024-11-11T23:53:40.306+0000] {logging_mixin.py:190} INFO - [2024-11-11T23:53:40.306+0000] {dag.py:4180} INFO - Setting next_dagrun for example_display_name to None, run_after=None
[2024-11-11T23:53:40.333+0000] {processor.py:208} INFO - Processing /home/airflow/.local/lib/python3.12/site-packages/airflow/example_dags/example_display_name.py took 0.099 seconds
[2024-11-11T23:54:10.781+0000] {processor.py:186} INFO - Started process (PID=1345) to work on /home/airflow/.local/lib/python3.12/site-packages/airflow/example_dags/example_display_name.py
[2024-11-11T23:54:10.783+0000] {processor.py:914} INFO - Processing file /home/airflow/.local/lib/python3.12/site-packages/airflow/example_dags/example_display_name.py for tasks to queue
[2024-11-11T23:54:10.788+0000] {logging_mixin.py:190} INFO - [2024-11-11T23:54:10.788+0000] {dagbag.py:588} INFO - Filling up the DagBag from /home/airflow/.local/lib/python3.12/site-packages/airflow/example_dags/example_display_name.py
[2024-11-11T23:54:10.798+0000] {processor.py:925} INFO - DAG(s) 'example_display_name' retrieved from /home/airflow/.local/lib/python3.12/site-packages/airflow/example_dags/example_display_name.py
[2024-11-11T23:54:10.824+0000] {logging_mixin.py:190} INFO - [2024-11-11T23:54:10.823+0000] {dag.py:3239} INFO - Sync 1 DAGs
[2024-11-11T23:54:10.840+0000] {logging_mixin.py:190} INFO - [2024-11-11T23:54:10.840+0000] {dag.py:4180} INFO - Setting next_dagrun for example_display_name to None, run_after=None
[2024-11-11T23:54:10.870+0000] {processor.py:208} INFO - Processing /home/airflow/.local/lib/python3.12/site-packages/airflow/example_dags/example_display_name.py took 0.095 seconds
[2024-11-11T23:54:41.322+0000] {processor.py:186} INFO - Started process (PID=1409) to work on /home/airflow/.local/lib/python3.12/site-packages/airflow/example_dags/example_display_name.py
[2024-11-11T23:54:41.323+0000] {processor.py:914} INFO - Processing file /home/airflow/.local/lib/python3.12/site-packages/airflow/example_dags/example_display_name.py for tasks to queue
[2024-11-11T23:54:41.328+0000] {logging_mixin.py:190} INFO - [2024-11-11T23:54:41.327+0000] {dagbag.py:588} INFO - Filling up the DagBag from /home/airflow/.local/lib/python3.12/site-packages/airflow/example_dags/example_display_name.py
[2024-11-11T23:54:41.338+0000] {processor.py:925} INFO - DAG(s) 'example_display_name' retrieved from /home/airflow/.local/lib/python3.12/site-packages/airflow/example_dags/example_display_name.py
[2024-11-11T23:54:41.366+0000] {logging_mixin.py:190} INFO - [2024-11-11T23:54:41.366+0000] {dag.py:3239} INFO - Sync 1 DAGs
[2024-11-11T23:54:41.384+0000] {logging_mixin.py:190} INFO - [2024-11-11T23:54:41.384+0000] {dag.py:4180} INFO - Setting next_dagrun for example_display_name to None, run_after=None
[2024-11-11T23:54:41.409+0000] {processor.py:208} INFO - Processing /home/airflow/.local/lib/python3.12/site-packages/airflow/example_dags/example_display_name.py took 0.094 seconds
[2024-11-11T23:55:11.484+0000] {processor.py:186} INFO - Started process (PID=1473) to work on /home/airflow/.local/lib/python3.12/site-packages/airflow/example_dags/example_display_name.py
[2024-11-11T23:55:11.485+0000] {processor.py:914} INFO - Processing file /home/airflow/.local/lib/python3.12/site-packages/airflow/example_dags/example_display_name.py for tasks to queue
[2024-11-11T23:55:11.488+0000] {logging_mixin.py:190} INFO - [2024-11-11T23:55:11.488+0000] {dagbag.py:588} INFO - Filling up the DagBag from /home/airflow/.local/lib/python3.12/site-packages/airflow/example_dags/example_display_name.py
[2024-11-11T23:55:11.498+0000] {processor.py:925} INFO - DAG(s) 'example_display_name' retrieved from /home/airflow/.local/lib/python3.12/site-packages/airflow/example_dags/example_display_name.py
[2024-11-11T23:55:11.519+0000] {logging_mixin.py:190} INFO - [2024-11-11T23:55:11.519+0000] {dag.py:3239} INFO - Sync 1 DAGs
[2024-11-11T23:55:11.537+0000] {logging_mixin.py:190} INFO - [2024-11-11T23:55:11.536+0000] {dag.py:4180} INFO - Setting next_dagrun for example_display_name to None, run_after=None
[2024-11-11T23:55:11.562+0000] {processor.py:208} INFO - Processing /home/airflow/.local/lib/python3.12/site-packages/airflow/example_dags/example_display_name.py took 0.084 seconds
[2024-11-11T23:55:42.117+0000] {processor.py:186} INFO - Started process (PID=1537) to work on /home/airflow/.local/lib/python3.12/site-packages/airflow/example_dags/example_display_name.py
[2024-11-11T23:55:42.119+0000] {processor.py:914} INFO - Processing file /home/airflow/.local/lib/python3.12/site-packages/airflow/example_dags/example_display_name.py for tasks to queue
[2024-11-11T23:55:42.121+0000] {logging_mixin.py:190} INFO - [2024-11-11T23:55:42.121+0000] {dagbag.py:588} INFO - Filling up the DagBag from /home/airflow/.local/lib/python3.12/site-packages/airflow/example_dags/example_display_name.py
[2024-11-11T23:55:42.129+0000] {processor.py:925} INFO - DAG(s) 'example_display_name' retrieved from /home/airflow/.local/lib/python3.12/site-packages/airflow/example_dags/example_display_name.py
[2024-11-11T23:55:42.148+0000] {logging_mixin.py:190} INFO - [2024-11-11T23:55:42.148+0000] {dag.py:3239} INFO - Sync 1 DAGs
[2024-11-11T23:55:42.161+0000] {logging_mixin.py:190} INFO - [2024-11-11T23:55:42.161+0000] {dag.py:4180} INFO - Setting next_dagrun for example_display_name to None, run_after=None
[2024-11-11T23:55:42.183+0000] {processor.py:208} INFO - Processing /home/airflow/.local/lib/python3.12/site-packages/airflow/example_dags/example_display_name.py took 0.071 seconds
[2024-11-11T23:56:12.598+0000] {processor.py:186} INFO - Started process (PID=1601) to work on /home/airflow/.local/lib/python3.12/site-packages/airflow/example_dags/example_display_name.py
[2024-11-11T23:56:12.599+0000] {processor.py:914} INFO - Processing file /home/airflow/.local/lib/python3.12/site-packages/airflow/example_dags/example_display_name.py for tasks to queue
[2024-11-11T23:56:12.602+0000] {logging_mixin.py:190} INFO - [2024-11-11T23:56:12.602+0000] {dagbag.py:588} INFO - Filling up the DagBag from /home/airflow/.local/lib/python3.12/site-packages/airflow/example_dags/example_display_name.py
[2024-11-11T23:56:12.610+0000] {processor.py:925} INFO - DAG(s) 'example_display_name' retrieved from /home/airflow/.local/lib/python3.12/site-packages/airflow/example_dags/example_display_name.py
[2024-11-11T23:56:12.633+0000] {logging_mixin.py:190} INFO - [2024-11-11T23:56:12.633+0000] {dag.py:3239} INFO - Sync 1 DAGs
[2024-11-11T23:56:12.647+0000] {logging_mixin.py:190} INFO - [2024-11-11T23:56:12.646+0000] {dag.py:4180} INFO - Setting next_dagrun for example_display_name to None, run_after=None
[2024-11-11T23:56:12.671+0000] {processor.py:208} INFO - Processing /home/airflow/.local/lib/python3.12/site-packages/airflow/example_dags/example_display_name.py took 0.078 seconds
[2024-11-11T23:56:42.980+0000] {processor.py:186} INFO - Started process (PID=1665) to work on /home/airflow/.local/lib/python3.12/site-packages/airflow/example_dags/example_display_name.py
[2024-11-11T23:56:42.981+0000] {processor.py:914} INFO - Processing file /home/airflow/.local/lib/python3.12/site-packages/airflow/example_dags/example_display_name.py for tasks to queue
[2024-11-11T23:56:42.984+0000] {logging_mixin.py:190} INFO - [2024-11-11T23:56:42.984+0000] {dagbag.py:588} INFO - Filling up the DagBag from /home/airflow/.local/lib/python3.12/site-packages/airflow/example_dags/example_display_name.py
[2024-11-11T23:56:43.000+0000] {processor.py:925} INFO - DAG(s) 'example_display_name' retrieved from /home/airflow/.local/lib/python3.12/site-packages/airflow/example_dags/example_display_name.py
[2024-11-11T23:56:43.031+0000] {logging_mixin.py:190} INFO - [2024-11-11T23:56:43.031+0000] {dag.py:3239} INFO - Sync 1 DAGs
[2024-11-11T23:56:43.046+0000] {logging_mixin.py:190} INFO - [2024-11-11T23:56:43.046+0000] {dag.py:4180} INFO - Setting next_dagrun for example_display_name to None, run_after=None
[2024-11-11T23:56:43.071+0000] {processor.py:208} INFO - Processing /home/airflow/.local/lib/python3.12/site-packages/airflow/example_dags/example_display_name.py took 0.100 seconds
[2024-11-11T23:57:13.419+0000] {processor.py:186} INFO - Started process (PID=1729) to work on /home/airflow/.local/lib/python3.12/site-packages/airflow/example_dags/example_display_name.py
[2024-11-11T23:57:13.421+0000] {processor.py:914} INFO - Processing file /home/airflow/.local/lib/python3.12/site-packages/airflow/example_dags/example_display_name.py for tasks to queue
[2024-11-11T23:57:13.424+0000] {logging_mixin.py:190} INFO - [2024-11-11T23:57:13.423+0000] {dagbag.py:588} INFO - Filling up the DagBag from /home/airflow/.local/lib/python3.12/site-packages/airflow/example_dags/example_display_name.py
[2024-11-11T23:57:13.431+0000] {processor.py:925} INFO - DAG(s) 'example_display_name' retrieved from /home/airflow/.local/lib/python3.12/site-packages/airflow/example_dags/example_display_name.py
[2024-11-11T23:57:13.454+0000] {logging_mixin.py:190} INFO - [2024-11-11T23:57:13.453+0000] {dag.py:3239} INFO - Sync 1 DAGs
[2024-11-11T23:57:13.473+0000] {logging_mixin.py:190} INFO - [2024-11-11T23:57:13.473+0000] {dag.py:4180} INFO - Setting next_dagrun for example_display_name to None, run_after=None
[2024-11-11T23:57:13.494+0000] {processor.py:208} INFO - Processing /home/airflow/.local/lib/python3.12/site-packages/airflow/example_dags/example_display_name.py took 0.084 seconds
[2024-11-11T23:57:44.472+0000] {processor.py:186} INFO - Started process (PID=1793) to work on /home/airflow/.local/lib/python3.12/site-packages/airflow/example_dags/example_display_name.py
[2024-11-11T23:57:44.473+0000] {processor.py:914} INFO - Processing file /home/airflow/.local/lib/python3.12/site-packages/airflow/example_dags/example_display_name.py for tasks to queue
[2024-11-11T23:57:44.476+0000] {logging_mixin.py:190} INFO - [2024-11-11T23:57:44.476+0000] {dagbag.py:588} INFO - Filling up the DagBag from /home/airflow/.local/lib/python3.12/site-packages/airflow/example_dags/example_display_name.py
[2024-11-11T23:57:44.487+0000] {processor.py:925} INFO - DAG(s) 'example_display_name' retrieved from /home/airflow/.local/lib/python3.12/site-packages/airflow/example_dags/example_display_name.py
[2024-11-11T23:57:44.511+0000] {logging_mixin.py:190} INFO - [2024-11-11T23:57:44.510+0000] {dag.py:3239} INFO - Sync 1 DAGs
[2024-11-11T23:57:44.526+0000] {logging_mixin.py:190} INFO - [2024-11-11T23:57:44.526+0000] {dag.py:4180} INFO - Setting next_dagrun for example_display_name to None, run_after=None
[2024-11-11T23:57:44.555+0000] {processor.py:208} INFO - Processing /home/airflow/.local/lib/python3.12/site-packages/airflow/example_dags/example_display_name.py took 0.089 seconds
[2024-11-11T23:58:15.154+0000] {processor.py:186} INFO - Started process (PID=1857) to work on /home/airflow/.local/lib/python3.12/site-packages/airflow/example_dags/example_display_name.py
[2024-11-11T23:58:15.156+0000] {processor.py:914} INFO - Processing file /home/airflow/.local/lib/python3.12/site-packages/airflow/example_dags/example_display_name.py for tasks to queue
[2024-11-11T23:58:15.160+0000] {logging_mixin.py:190} INFO - [2024-11-11T23:58:15.159+0000] {dagbag.py:588} INFO - Filling up the DagBag from /home/airflow/.local/lib/python3.12/site-packages/airflow/example_dags/example_display_name.py
[2024-11-11T23:58:15.168+0000] {processor.py:925} INFO - DAG(s) 'example_display_name' retrieved from /home/airflow/.local/lib/python3.12/site-packages/airflow/example_dags/example_display_name.py
[2024-11-11T23:58:15.196+0000] {logging_mixin.py:190} INFO - [2024-11-11T23:58:15.195+0000] {dag.py:3239} INFO - Sync 1 DAGs
[2024-11-11T23:58:15.214+0000] {logging_mixin.py:190} INFO - [2024-11-11T23:58:15.213+0000] {dag.py:4180} INFO - Setting next_dagrun for example_display_name to None, run_after=None
[2024-11-11T23:58:15.245+0000] {processor.py:208} INFO - Processing /home/airflow/.local/lib/python3.12/site-packages/airflow/example_dags/example_display_name.py took 0.097 seconds
[2024-11-11T23:58:45.863+0000] {processor.py:186} INFO - Started process (PID=1922) to work on /home/airflow/.local/lib/python3.12/site-packages/airflow/example_dags/example_display_name.py
[2024-11-11T23:58:45.864+0000] {processor.py:914} INFO - Processing file /home/airflow/.local/lib/python3.12/site-packages/airflow/example_dags/example_display_name.py for tasks to queue
[2024-11-11T23:58:45.867+0000] {logging_mixin.py:190} INFO - [2024-11-11T23:58:45.867+0000] {dagbag.py:588} INFO - Filling up the DagBag from /home/airflow/.local/lib/python3.12/site-packages/airflow/example_dags/example_display_name.py
[2024-11-11T23:58:45.875+0000] {processor.py:925} INFO - DAG(s) 'example_display_name' retrieved from /home/airflow/.local/lib/python3.12/site-packages/airflow/example_dags/example_display_name.py
[2024-11-11T23:58:45.897+0000] {logging_mixin.py:190} INFO - [2024-11-11T23:58:45.897+0000] {dag.py:3239} INFO - Sync 1 DAGs
[2024-11-11T23:58:45.912+0000] {logging_mixin.py:190} INFO - [2024-11-11T23:58:45.911+0000] {dag.py:4180} INFO - Setting next_dagrun for example_display_name to None, run_after=None
[2024-11-11T23:58:45.935+0000] {processor.py:208} INFO - Processing /home/airflow/.local/lib/python3.12/site-packages/airflow/example_dags/example_display_name.py took 0.078 seconds
[2024-11-11T23:59:17.527+0000] {processor.py:186} INFO - Started process (PID=1986) to work on /home/airflow/.local/lib/python3.12/site-packages/airflow/example_dags/example_display_name.py
[2024-11-11T23:59:17.528+0000] {processor.py:914} INFO - Processing file /home/airflow/.local/lib/python3.12/site-packages/airflow/example_dags/example_display_name.py for tasks to queue
[2024-11-11T23:59:17.531+0000] {logging_mixin.py:190} INFO - [2024-11-11T23:59:17.530+0000] {dagbag.py:588} INFO - Filling up the DagBag from /home/airflow/.local/lib/python3.12/site-packages/airflow/example_dags/example_display_name.py
[2024-11-11T23:59:17.543+0000] {processor.py:925} INFO - DAG(s) 'example_display_name' retrieved from /home/airflow/.local/lib/python3.12/site-packages/airflow/example_dags/example_display_name.py
[2024-11-11T23:59:17.580+0000] {logging_mixin.py:190} INFO - [2024-11-11T23:59:17.579+0000] {dag.py:3239} INFO - Sync 1 DAGs
[2024-11-11T23:59:17.607+0000] {logging_mixin.py:190} INFO - [2024-11-11T23:59:17.607+0000] {dag.py:4180} INFO - Setting next_dagrun for example_display_name to None, run_after=None
[2024-11-11T23:59:17.671+0000] {processor.py:208} INFO - Processing /home/airflow/.local/lib/python3.12/site-packages/airflow/example_dags/example_display_name.py took 0.156 seconds
[2024-11-11T23:59:48.110+0000] {processor.py:186} INFO - Started process (PID=2048) to work on /home/airflow/.local/lib/python3.12/site-packages/airflow/example_dags/example_display_name.py
[2024-11-11T23:59:48.111+0000] {processor.py:914} INFO - Processing file /home/airflow/.local/lib/python3.12/site-packages/airflow/example_dags/example_display_name.py for tasks to queue
[2024-11-11T23:59:48.115+0000] {logging_mixin.py:190} INFO - [2024-11-11T23:59:48.115+0000] {dagbag.py:588} INFO - Filling up the DagBag from /home/airflow/.local/lib/python3.12/site-packages/airflow/example_dags/example_display_name.py
[2024-11-11T23:59:48.128+0000] {processor.py:925} INFO - DAG(s) 'example_display_name' retrieved from /home/airflow/.local/lib/python3.12/site-packages/airflow/example_dags/example_display_name.py
[2024-11-11T23:59:48.148+0000] {logging_mixin.py:190} INFO - [2024-11-11T23:59:48.148+0000] {dag.py:3239} INFO - Sync 1 DAGs
[2024-11-11T23:59:48.165+0000] {logging_mixin.py:190} INFO - [2024-11-11T23:59:48.165+0000] {dag.py:4180} INFO - Setting next_dagrun for example_display_name to None, run_after=None
[2024-11-11T23:59:48.191+0000] {processor.py:208} INFO - Processing /home/airflow/.local/lib/python3.12/site-packages/airflow/example_dags/example_display_name.py took 0.091 seconds
