[2024-11-11T23:44:05.419+0000] {processor.py:186} INFO - Started process (PID=95) to work on /home/airflow/.local/lib/python3.12/site-packages/airflow/example_dags/example_dag_decorator.py
[2024-11-11T23:44:05.420+0000] {processor.py:914} INFO - Processing file /home/airflow/.local/lib/python3.12/site-packages/airflow/example_dags/example_dag_decorator.py for tasks to queue
[2024-11-11T23:44:05.424+0000] {logging_mixin.py:190} INFO - [2024-11-11T23:44:05.423+0000] {dagbag.py:588} INFO - Filling up the DagBag from /home/airflow/.local/lib/python3.12/site-packages/airflow/example_dags/example_dag_decorator.py
[2024-11-11T23:44:05.442+0000] {processor.py:925} INFO - DAG(s) 'example_dag_decorator' retrieved from /home/airflow/.local/lib/python3.12/site-packages/airflow/example_dags/example_dag_decorator.py
[2024-11-11T23:44:05.602+0000] {logging_mixin.py:190} INFO - [2024-11-11T23:44:05.601+0000] {override.py:1911} INFO - Created Permission View: can edit on DAG:example_dag_decorator
[2024-11-11T23:44:05.620+0000] {logging_mixin.py:190} INFO - [2024-11-11T23:44:05.619+0000] {override.py:1911} INFO - Created Permission View: can read on DAG:example_dag_decorator
[2024-11-11T23:44:05.631+0000] {logging_mixin.py:190} INFO - [2024-11-11T23:44:05.630+0000] {override.py:1911} INFO - Created Permission View: can delete on DAG:example_dag_decorator
[2024-11-11T23:44:05.656+0000] {logging_mixin.py:190} INFO - [2024-11-11T23:44:05.655+0000] {override.py:1911} INFO - Created Permission View: menu access on DAG Run:example_dag_decorator
[2024-11-11T23:44:05.665+0000] {logging_mixin.py:190} INFO - [2024-11-11T23:44:05.665+0000] {override.py:1911} INFO - Created Permission View: can read on DAG Run:example_dag_decorator
[2024-11-11T23:44:05.677+0000] {logging_mixin.py:190} INFO - [2024-11-11T23:44:05.676+0000] {override.py:1911} INFO - Created Permission View: can delete on DAG Run:example_dag_decorator
[2024-11-11T23:44:05.688+0000] {logging_mixin.py:190} INFO - [2024-11-11T23:44:05.687+0000] {override.py:1911} INFO - Created Permission View: can create on DAG Run:example_dag_decorator
[2024-11-11T23:44:05.689+0000] {logging_mixin.py:190} INFO - [2024-11-11T23:44:05.689+0000] {dag.py:3239} INFO - Sync 1 DAGs
[2024-11-11T23:44:05.703+0000] {logging_mixin.py:190} INFO - [2024-11-11T23:44:05.703+0000] {dag.py:3262} INFO - Creating ORM DAG for example_dag_decorator
[2024-11-11T23:44:05.705+0000] {logging_mixin.py:190} INFO - [2024-11-11T23:44:05.704+0000] {dag.py:4180} INFO - Setting next_dagrun for example_dag_decorator to None, run_after=None
[2024-11-11T23:44:05.734+0000] {processor.py:208} INFO - Processing /home/airflow/.local/lib/python3.12/site-packages/airflow/example_dags/example_dag_decorator.py took 0.321 seconds
[2024-11-11T23:44:36.509+0000] {processor.py:186} INFO - Started process (PID=158) to work on /home/airflow/.local/lib/python3.12/site-packages/airflow/example_dags/example_dag_decorator.py
[2024-11-11T23:44:36.511+0000] {processor.py:914} INFO - Processing file /home/airflow/.local/lib/python3.12/site-packages/airflow/example_dags/example_dag_decorator.py for tasks to queue
[2024-11-11T23:44:36.524+0000] {logging_mixin.py:190} INFO - [2024-11-11T23:44:36.523+0000] {dagbag.py:588} INFO - Filling up the DagBag from /home/airflow/.local/lib/python3.12/site-packages/airflow/example_dags/example_dag_decorator.py
[2024-11-11T23:44:36.590+0000] {processor.py:925} INFO - DAG(s) 'example_dag_decorator' retrieved from /home/airflow/.local/lib/python3.12/site-packages/airflow/example_dags/example_dag_decorator.py
[2024-11-11T23:44:37.145+0000] {logging_mixin.py:190} INFO - [2024-11-11T23:44:37.144+0000] {dag.py:3239} INFO - Sync 1 DAGs
[2024-11-11T23:44:37.738+0000] {logging_mixin.py:190} INFO - [2024-11-11T23:44:37.738+0000] {dag.py:4180} INFO - Setting next_dagrun for example_dag_decorator to None, run_after=None
[2024-11-11T23:44:37.805+0000] {processor.py:208} INFO - Processing /home/airflow/.local/lib/python3.12/site-packages/airflow/example_dags/example_dag_decorator.py took 1.307 seconds
[2024-11-11T23:45:08.657+0000] {processor.py:186} INFO - Started process (PID=221) to work on /home/airflow/.local/lib/python3.12/site-packages/airflow/example_dags/example_dag_decorator.py
[2024-11-11T23:45:08.658+0000] {processor.py:914} INFO - Processing file /home/airflow/.local/lib/python3.12/site-packages/airflow/example_dags/example_dag_decorator.py for tasks to queue
[2024-11-11T23:45:08.661+0000] {logging_mixin.py:190} INFO - [2024-11-11T23:45:08.661+0000] {dagbag.py:588} INFO - Filling up the DagBag from /home/airflow/.local/lib/python3.12/site-packages/airflow/example_dags/example_dag_decorator.py
[2024-11-11T23:45:08.677+0000] {processor.py:925} INFO - DAG(s) 'example_dag_decorator' retrieved from /home/airflow/.local/lib/python3.12/site-packages/airflow/example_dags/example_dag_decorator.py
[2024-11-11T23:45:08.701+0000] {logging_mixin.py:190} INFO - [2024-11-11T23:45:08.701+0000] {dag.py:3239} INFO - Sync 1 DAGs
[2024-11-11T23:45:08.716+0000] {logging_mixin.py:190} INFO - [2024-11-11T23:45:08.716+0000] {dag.py:4180} INFO - Setting next_dagrun for example_dag_decorator to None, run_after=None
[2024-11-11T23:45:08.751+0000] {processor.py:208} INFO - Processing /home/airflow/.local/lib/python3.12/site-packages/airflow/example_dags/example_dag_decorator.py took 0.100 seconds
[2024-11-11T23:45:38.984+0000] {processor.py:186} INFO - Started process (PID=283) to work on /home/airflow/.local/lib/python3.12/site-packages/airflow/example_dags/example_dag_decorator.py
[2024-11-11T23:45:38.986+0000] {processor.py:914} INFO - Processing file /home/airflow/.local/lib/python3.12/site-packages/airflow/example_dags/example_dag_decorator.py for tasks to queue
[2024-11-11T23:45:38.989+0000] {logging_mixin.py:190} INFO - [2024-11-11T23:45:38.989+0000] {dagbag.py:588} INFO - Filling up the DagBag from /home/airflow/.local/lib/python3.12/site-packages/airflow/example_dags/example_dag_decorator.py
[2024-11-11T23:45:39.002+0000] {processor.py:925} INFO - DAG(s) 'example_dag_decorator' retrieved from /home/airflow/.local/lib/python3.12/site-packages/airflow/example_dags/example_dag_decorator.py
[2024-11-11T23:45:39.114+0000] {logging_mixin.py:190} INFO - [2024-11-11T23:45:39.114+0000] {dag.py:3239} INFO - Sync 1 DAGs
[2024-11-11T23:45:39.126+0000] {logging_mixin.py:190} INFO - [2024-11-11T23:45:39.126+0000] {dag.py:4180} INFO - Setting next_dagrun for example_dag_decorator to None, run_after=None
[2024-11-11T23:45:39.148+0000] {processor.py:208} INFO - Processing /home/airflow/.local/lib/python3.12/site-packages/airflow/example_dags/example_dag_decorator.py took 0.170 seconds
[2024-11-11T23:46:09.203+0000] {processor.py:186} INFO - Started process (PID=346) to work on /home/airflow/.local/lib/python3.12/site-packages/airflow/example_dags/example_dag_decorator.py
[2024-11-11T23:46:09.204+0000] {processor.py:914} INFO - Processing file /home/airflow/.local/lib/python3.12/site-packages/airflow/example_dags/example_dag_decorator.py for tasks to queue
[2024-11-11T23:46:09.206+0000] {logging_mixin.py:190} INFO - [2024-11-11T23:46:09.206+0000] {dagbag.py:588} INFO - Filling up the DagBag from /home/airflow/.local/lib/python3.12/site-packages/airflow/example_dags/example_dag_decorator.py
[2024-11-11T23:46:09.222+0000] {processor.py:925} INFO - DAG(s) 'example_dag_decorator' retrieved from /home/airflow/.local/lib/python3.12/site-packages/airflow/example_dags/example_dag_decorator.py
[2024-11-11T23:46:09.369+0000] {logging_mixin.py:190} INFO - [2024-11-11T23:46:09.369+0000] {dag.py:3239} INFO - Sync 1 DAGs
[2024-11-11T23:46:09.384+0000] {logging_mixin.py:190} INFO - [2024-11-11T23:46:09.383+0000] {dag.py:4180} INFO - Setting next_dagrun for example_dag_decorator to None, run_after=None
[2024-11-11T23:46:09.414+0000] {processor.py:208} INFO - Processing /home/airflow/.local/lib/python3.12/site-packages/airflow/example_dags/example_dag_decorator.py took 0.219 seconds
[2024-11-11T23:46:39.513+0000] {processor.py:186} INFO - Started process (PID=409) to work on /home/airflow/.local/lib/python3.12/site-packages/airflow/example_dags/example_dag_decorator.py
[2024-11-11T23:46:39.515+0000] {processor.py:914} INFO - Processing file /home/airflow/.local/lib/python3.12/site-packages/airflow/example_dags/example_dag_decorator.py for tasks to queue
[2024-11-11T23:46:39.520+0000] {logging_mixin.py:190} INFO - [2024-11-11T23:46:39.520+0000] {dagbag.py:588} INFO - Filling up the DagBag from /home/airflow/.local/lib/python3.12/site-packages/airflow/example_dags/example_dag_decorator.py
[2024-11-11T23:46:39.537+0000] {processor.py:925} INFO - DAG(s) 'example_dag_decorator' retrieved from /home/airflow/.local/lib/python3.12/site-packages/airflow/example_dags/example_dag_decorator.py
[2024-11-11T23:46:39.565+0000] {logging_mixin.py:190} INFO - [2024-11-11T23:46:39.564+0000] {dag.py:3239} INFO - Sync 1 DAGs
[2024-11-11T23:46:39.580+0000] {logging_mixin.py:190} INFO - [2024-11-11T23:46:39.580+0000] {dag.py:4180} INFO - Setting next_dagrun for example_dag_decorator to None, run_after=None
[2024-11-11T23:46:39.606+0000] {processor.py:208} INFO - Processing /home/airflow/.local/lib/python3.12/site-packages/airflow/example_dags/example_dag_decorator.py took 0.102 seconds
[2024-11-11T23:47:10.215+0000] {processor.py:186} INFO - Started process (PID=472) to work on /home/airflow/.local/lib/python3.12/site-packages/airflow/example_dags/example_dag_decorator.py
[2024-11-11T23:47:10.216+0000] {processor.py:914} INFO - Processing file /home/airflow/.local/lib/python3.12/site-packages/airflow/example_dags/example_dag_decorator.py for tasks to queue
[2024-11-11T23:47:10.221+0000] {logging_mixin.py:190} INFO - [2024-11-11T23:47:10.220+0000] {dagbag.py:588} INFO - Filling up the DagBag from /home/airflow/.local/lib/python3.12/site-packages/airflow/example_dags/example_dag_decorator.py
[2024-11-11T23:47:10.233+0000] {processor.py:925} INFO - DAG(s) 'example_dag_decorator' retrieved from /home/airflow/.local/lib/python3.12/site-packages/airflow/example_dags/example_dag_decorator.py
[2024-11-11T23:47:10.378+0000] {logging_mixin.py:190} INFO - [2024-11-11T23:47:10.377+0000] {dag.py:3239} INFO - Sync 1 DAGs
[2024-11-11T23:47:10.392+0000] {logging_mixin.py:190} INFO - [2024-11-11T23:47:10.392+0000] {dag.py:4180} INFO - Setting next_dagrun for example_dag_decorator to None, run_after=None
[2024-11-11T23:47:10.419+0000] {processor.py:208} INFO - Processing /home/airflow/.local/lib/python3.12/site-packages/airflow/example_dags/example_dag_decorator.py took 0.210 seconds
[2024-11-11T23:47:40.956+0000] {processor.py:186} INFO - Started process (PID=535) to work on /home/airflow/.local/lib/python3.12/site-packages/airflow/example_dags/example_dag_decorator.py
[2024-11-11T23:47:40.958+0000] {processor.py:914} INFO - Processing file /home/airflow/.local/lib/python3.12/site-packages/airflow/example_dags/example_dag_decorator.py for tasks to queue
[2024-11-11T23:47:40.961+0000] {logging_mixin.py:190} INFO - [2024-11-11T23:47:40.961+0000] {dagbag.py:588} INFO - Filling up the DagBag from /home/airflow/.local/lib/python3.12/site-packages/airflow/example_dags/example_dag_decorator.py
[2024-11-11T23:47:40.975+0000] {processor.py:925} INFO - DAG(s) 'example_dag_decorator' retrieved from /home/airflow/.local/lib/python3.12/site-packages/airflow/example_dags/example_dag_decorator.py
[2024-11-11T23:47:41.114+0000] {logging_mixin.py:190} INFO - [2024-11-11T23:47:41.114+0000] {dag.py:3239} INFO - Sync 1 DAGs
[2024-11-11T23:47:41.130+0000] {logging_mixin.py:190} INFO - [2024-11-11T23:47:41.129+0000] {dag.py:4180} INFO - Setting next_dagrun for example_dag_decorator to None, run_after=None
[2024-11-11T23:47:41.156+0000] {processor.py:208} INFO - Processing /home/airflow/.local/lib/python3.12/site-packages/airflow/example_dags/example_dag_decorator.py took 0.206 seconds
[2024-11-11T23:48:11.762+0000] {processor.py:186} INFO - Started process (PID=598) to work on /home/airflow/.local/lib/python3.12/site-packages/airflow/example_dags/example_dag_decorator.py
[2024-11-11T23:48:11.763+0000] {processor.py:914} INFO - Processing file /home/airflow/.local/lib/python3.12/site-packages/airflow/example_dags/example_dag_decorator.py for tasks to queue
[2024-11-11T23:48:11.765+0000] {logging_mixin.py:190} INFO - [2024-11-11T23:48:11.765+0000] {dagbag.py:588} INFO - Filling up the DagBag from /home/airflow/.local/lib/python3.12/site-packages/airflow/example_dags/example_dag_decorator.py
[2024-11-11T23:48:11.781+0000] {processor.py:925} INFO - DAG(s) 'example_dag_decorator' retrieved from /home/airflow/.local/lib/python3.12/site-packages/airflow/example_dags/example_dag_decorator.py
[2024-11-11T23:48:11.901+0000] {logging_mixin.py:190} INFO - [2024-11-11T23:48:11.901+0000] {dag.py:3239} INFO - Sync 1 DAGs
[2024-11-11T23:48:11.913+0000] {logging_mixin.py:190} INFO - [2024-11-11T23:48:11.913+0000] {dag.py:4180} INFO - Setting next_dagrun for example_dag_decorator to None, run_after=None
[2024-11-11T23:48:11.938+0000] {processor.py:208} INFO - Processing /home/airflow/.local/lib/python3.12/site-packages/airflow/example_dags/example_dag_decorator.py took 0.183 seconds
[2024-11-11T23:48:42.428+0000] {processor.py:186} INFO - Started process (PID=660) to work on /home/airflow/.local/lib/python3.12/site-packages/airflow/example_dags/example_dag_decorator.py
[2024-11-11T23:48:42.429+0000] {processor.py:914} INFO - Processing file /home/airflow/.local/lib/python3.12/site-packages/airflow/example_dags/example_dag_decorator.py for tasks to queue
[2024-11-11T23:48:42.432+0000] {logging_mixin.py:190} INFO - [2024-11-11T23:48:42.432+0000] {dagbag.py:588} INFO - Filling up the DagBag from /home/airflow/.local/lib/python3.12/site-packages/airflow/example_dags/example_dag_decorator.py
[2024-11-11T23:48:42.449+0000] {processor.py:925} INFO - DAG(s) 'example_dag_decorator' retrieved from /home/airflow/.local/lib/python3.12/site-packages/airflow/example_dags/example_dag_decorator.py
[2024-11-11T23:48:42.580+0000] {logging_mixin.py:190} INFO - [2024-11-11T23:48:42.580+0000] {dag.py:3239} INFO - Sync 1 DAGs
[2024-11-11T23:48:42.597+0000] {logging_mixin.py:190} INFO - [2024-11-11T23:48:42.596+0000] {dag.py:4180} INFO - Setting next_dagrun for example_dag_decorator to None, run_after=None
[2024-11-11T23:48:42.628+0000] {processor.py:208} INFO - Processing /home/airflow/.local/lib/python3.12/site-packages/airflow/example_dags/example_dag_decorator.py took 0.206 seconds
[2024-11-11T23:49:12.885+0000] {processor.py:186} INFO - Started process (PID=723) to work on /home/airflow/.local/lib/python3.12/site-packages/airflow/example_dags/example_dag_decorator.py
[2024-11-11T23:49:12.886+0000] {processor.py:914} INFO - Processing file /home/airflow/.local/lib/python3.12/site-packages/airflow/example_dags/example_dag_decorator.py for tasks to queue
[2024-11-11T23:49:12.888+0000] {logging_mixin.py:190} INFO - [2024-11-11T23:49:12.888+0000] {dagbag.py:588} INFO - Filling up the DagBag from /home/airflow/.local/lib/python3.12/site-packages/airflow/example_dags/example_dag_decorator.py
[2024-11-11T23:49:12.903+0000] {processor.py:925} INFO - DAG(s) 'example_dag_decorator' retrieved from /home/airflow/.local/lib/python3.12/site-packages/airflow/example_dags/example_dag_decorator.py
[2024-11-11T23:49:13.038+0000] {logging_mixin.py:190} INFO - [2024-11-11T23:49:13.038+0000] {dag.py:3239} INFO - Sync 1 DAGs
[2024-11-11T23:49:13.053+0000] {logging_mixin.py:190} INFO - [2024-11-11T23:49:13.053+0000] {dag.py:4180} INFO - Setting next_dagrun for example_dag_decorator to None, run_after=None
[2024-11-11T23:49:13.167+0000] {processor.py:208} INFO - Processing /home/airflow/.local/lib/python3.12/site-packages/airflow/example_dags/example_dag_decorator.py took 0.289 seconds
[2024-11-11T23:49:43.330+0000] {processor.py:186} INFO - Started process (PID=788) to work on /home/airflow/.local/lib/python3.12/site-packages/airflow/example_dags/example_dag_decorator.py
[2024-11-11T23:49:43.331+0000] {processor.py:914} INFO - Processing file /home/airflow/.local/lib/python3.12/site-packages/airflow/example_dags/example_dag_decorator.py for tasks to queue
[2024-11-11T23:49:43.334+0000] {logging_mixin.py:190} INFO - [2024-11-11T23:49:43.333+0000] {dagbag.py:588} INFO - Filling up the DagBag from /home/airflow/.local/lib/python3.12/site-packages/airflow/example_dags/example_dag_decorator.py
[2024-11-11T23:49:43.360+0000] {processor.py:925} INFO - DAG(s) 'example_dag_decorator' retrieved from /home/airflow/.local/lib/python3.12/site-packages/airflow/example_dags/example_dag_decorator.py
[2024-11-11T23:49:43.578+0000] {logging_mixin.py:190} INFO - [2024-11-11T23:49:43.578+0000] {dag.py:3239} INFO - Sync 1 DAGs
[2024-11-11T23:49:43.601+0000] {logging_mixin.py:190} INFO - [2024-11-11T23:49:43.600+0000] {dag.py:4180} INFO - Setting next_dagrun for example_dag_decorator to None, run_after=None
[2024-11-11T23:49:43.654+0000] {processor.py:208} INFO - Processing /home/airflow/.local/lib/python3.12/site-packages/airflow/example_dags/example_dag_decorator.py took 0.334 seconds
[2024-11-11T23:50:14.322+0000] {processor.py:186} INFO - Started process (PID=852) to work on /home/airflow/.local/lib/python3.12/site-packages/airflow/example_dags/example_dag_decorator.py
[2024-11-11T23:50:14.323+0000] {processor.py:914} INFO - Processing file /home/airflow/.local/lib/python3.12/site-packages/airflow/example_dags/example_dag_decorator.py for tasks to queue
[2024-11-11T23:50:14.326+0000] {logging_mixin.py:190} INFO - [2024-11-11T23:50:14.326+0000] {dagbag.py:588} INFO - Filling up the DagBag from /home/airflow/.local/lib/python3.12/site-packages/airflow/example_dags/example_dag_decorator.py
[2024-11-11T23:50:14.343+0000] {processor.py:925} INFO - DAG(s) 'example_dag_decorator' retrieved from /home/airflow/.local/lib/python3.12/site-packages/airflow/example_dags/example_dag_decorator.py
[2024-11-11T23:50:14.515+0000] {logging_mixin.py:190} INFO - [2024-11-11T23:50:14.514+0000] {dag.py:3239} INFO - Sync 1 DAGs
[2024-11-11T23:50:14.530+0000] {logging_mixin.py:190} INFO - [2024-11-11T23:50:14.530+0000] {dag.py:4180} INFO - Setting next_dagrun for example_dag_decorator to None, run_after=None
[2024-11-11T23:50:14.553+0000] {processor.py:208} INFO - Processing /home/airflow/.local/lib/python3.12/site-packages/airflow/example_dags/example_dag_decorator.py took 0.240 seconds
[2024-11-11T23:50:45.085+0000] {processor.py:186} INFO - Started process (PID=915) to work on /home/airflow/.local/lib/python3.12/site-packages/airflow/example_dags/example_dag_decorator.py
[2024-11-11T23:50:45.086+0000] {processor.py:914} INFO - Processing file /home/airflow/.local/lib/python3.12/site-packages/airflow/example_dags/example_dag_decorator.py for tasks to queue
[2024-11-11T23:50:45.089+0000] {logging_mixin.py:190} INFO - [2024-11-11T23:50:45.088+0000] {dagbag.py:588} INFO - Filling up the DagBag from /home/airflow/.local/lib/python3.12/site-packages/airflow/example_dags/example_dag_decorator.py
[2024-11-11T23:50:45.102+0000] {processor.py:925} INFO - DAG(s) 'example_dag_decorator' retrieved from /home/airflow/.local/lib/python3.12/site-packages/airflow/example_dags/example_dag_decorator.py
[2024-11-11T23:50:45.212+0000] {logging_mixin.py:190} INFO - [2024-11-11T23:50:45.212+0000] {dag.py:3239} INFO - Sync 1 DAGs
[2024-11-11T23:50:45.226+0000] {logging_mixin.py:190} INFO - [2024-11-11T23:50:45.226+0000] {dag.py:4180} INFO - Setting next_dagrun for example_dag_decorator to None, run_after=None
[2024-11-11T23:50:45.250+0000] {processor.py:208} INFO - Processing /home/airflow/.local/lib/python3.12/site-packages/airflow/example_dags/example_dag_decorator.py took 0.171 seconds
[2024-11-11T23:51:15.931+0000] {processor.py:186} INFO - Started process (PID=979) to work on /home/airflow/.local/lib/python3.12/site-packages/airflow/example_dags/example_dag_decorator.py
[2024-11-11T23:51:15.933+0000] {processor.py:914} INFO - Processing file /home/airflow/.local/lib/python3.12/site-packages/airflow/example_dags/example_dag_decorator.py for tasks to queue
[2024-11-11T23:51:15.935+0000] {logging_mixin.py:190} INFO - [2024-11-11T23:51:15.935+0000] {dagbag.py:588} INFO - Filling up the DagBag from /home/airflow/.local/lib/python3.12/site-packages/airflow/example_dags/example_dag_decorator.py
[2024-11-11T23:51:15.948+0000] {processor.py:925} INFO - DAG(s) 'example_dag_decorator' retrieved from /home/airflow/.local/lib/python3.12/site-packages/airflow/example_dags/example_dag_decorator.py
[2024-11-11T23:51:16.062+0000] {logging_mixin.py:190} INFO - [2024-11-11T23:51:16.062+0000] {dag.py:3239} INFO - Sync 1 DAGs
[2024-11-11T23:51:16.075+0000] {logging_mixin.py:190} INFO - [2024-11-11T23:51:16.075+0000] {dag.py:4180} INFO - Setting next_dagrun for example_dag_decorator to None, run_after=None
[2024-11-11T23:51:16.098+0000] {processor.py:208} INFO - Processing /home/airflow/.local/lib/python3.12/site-packages/airflow/example_dags/example_dag_decorator.py took 0.172 seconds
[2024-11-11T23:51:46.229+0000] {processor.py:186} INFO - Started process (PID=1043) to work on /home/airflow/.local/lib/python3.12/site-packages/airflow/example_dags/example_dag_decorator.py
[2024-11-11T23:51:46.230+0000] {processor.py:914} INFO - Processing file /home/airflow/.local/lib/python3.12/site-packages/airflow/example_dags/example_dag_decorator.py for tasks to queue
[2024-11-11T23:51:46.232+0000] {logging_mixin.py:190} INFO - [2024-11-11T23:51:46.232+0000] {dagbag.py:588} INFO - Filling up the DagBag from /home/airflow/.local/lib/python3.12/site-packages/airflow/example_dags/example_dag_decorator.py
[2024-11-11T23:51:46.244+0000] {processor.py:925} INFO - DAG(s) 'example_dag_decorator' retrieved from /home/airflow/.local/lib/python3.12/site-packages/airflow/example_dags/example_dag_decorator.py
[2024-11-11T23:51:46.371+0000] {logging_mixin.py:190} INFO - [2024-11-11T23:51:46.371+0000] {dag.py:3239} INFO - Sync 1 DAGs
[2024-11-11T23:51:46.384+0000] {logging_mixin.py:190} INFO - [2024-11-11T23:51:46.383+0000] {dag.py:4180} INFO - Setting next_dagrun for example_dag_decorator to None, run_after=None
[2024-11-11T23:51:46.412+0000] {processor.py:208} INFO - Processing /home/airflow/.local/lib/python3.12/site-packages/airflow/example_dags/example_dag_decorator.py took 0.189 seconds
[2024-11-11T23:52:16.578+0000] {processor.py:186} INFO - Started process (PID=1107) to work on /home/airflow/.local/lib/python3.12/site-packages/airflow/example_dags/example_dag_decorator.py
[2024-11-11T23:52:16.580+0000] {processor.py:914} INFO - Processing file /home/airflow/.local/lib/python3.12/site-packages/airflow/example_dags/example_dag_decorator.py for tasks to queue
[2024-11-11T23:52:16.583+0000] {logging_mixin.py:190} INFO - [2024-11-11T23:52:16.582+0000] {dagbag.py:588} INFO - Filling up the DagBag from /home/airflow/.local/lib/python3.12/site-packages/airflow/example_dags/example_dag_decorator.py
[2024-11-11T23:52:16.595+0000] {processor.py:925} INFO - DAG(s) 'example_dag_decorator' retrieved from /home/airflow/.local/lib/python3.12/site-packages/airflow/example_dags/example_dag_decorator.py
[2024-11-11T23:52:16.711+0000] {logging_mixin.py:190} INFO - [2024-11-11T23:52:16.710+0000] {dag.py:3239} INFO - Sync 1 DAGs
[2024-11-11T23:52:16.723+0000] {logging_mixin.py:190} INFO - [2024-11-11T23:52:16.723+0000] {dag.py:4180} INFO - Setting next_dagrun for example_dag_decorator to None, run_after=None
[2024-11-11T23:52:16.753+0000] {processor.py:208} INFO - Processing /home/airflow/.local/lib/python3.12/site-packages/airflow/example_dags/example_dag_decorator.py took 0.181 seconds
[2024-11-11T23:52:46.919+0000] {processor.py:186} INFO - Started process (PID=1170) to work on /home/airflow/.local/lib/python3.12/site-packages/airflow/example_dags/example_dag_decorator.py
[2024-11-11T23:52:46.929+0000] {processor.py:914} INFO - Processing file /home/airflow/.local/lib/python3.12/site-packages/airflow/example_dags/example_dag_decorator.py for tasks to queue
[2024-11-11T23:52:46.934+0000] {logging_mixin.py:190} INFO - [2024-11-11T23:52:46.933+0000] {dagbag.py:588} INFO - Filling up the DagBag from /home/airflow/.local/lib/python3.12/site-packages/airflow/example_dags/example_dag_decorator.py
[2024-11-11T23:52:46.985+0000] {processor.py:925} INFO - DAG(s) 'example_dag_decorator' retrieved from /home/airflow/.local/lib/python3.12/site-packages/airflow/example_dags/example_dag_decorator.py
[2024-11-11T23:52:47.182+0000] {logging_mixin.py:190} INFO - [2024-11-11T23:52:47.181+0000] {dag.py:3239} INFO - Sync 1 DAGs
[2024-11-11T23:52:47.199+0000] {logging_mixin.py:190} INFO - [2024-11-11T23:52:47.199+0000] {dag.py:4180} INFO - Setting next_dagrun for example_dag_decorator to None, run_after=None
[2024-11-11T23:52:47.231+0000] {processor.py:208} INFO - Processing /home/airflow/.local/lib/python3.12/site-packages/airflow/example_dags/example_dag_decorator.py took 0.328 seconds
[2024-11-11T23:53:17.340+0000] {processor.py:186} INFO - Started process (PID=1235) to work on /home/airflow/.local/lib/python3.12/site-packages/airflow/example_dags/example_dag_decorator.py
[2024-11-11T23:53:17.342+0000] {processor.py:914} INFO - Processing file /home/airflow/.local/lib/python3.12/site-packages/airflow/example_dags/example_dag_decorator.py for tasks to queue
[2024-11-11T23:53:17.345+0000] {logging_mixin.py:190} INFO - [2024-11-11T23:53:17.345+0000] {dagbag.py:588} INFO - Filling up the DagBag from /home/airflow/.local/lib/python3.12/site-packages/airflow/example_dags/example_dag_decorator.py
[2024-11-11T23:53:17.357+0000] {processor.py:925} INFO - DAG(s) 'example_dag_decorator' retrieved from /home/airflow/.local/lib/python3.12/site-packages/airflow/example_dags/example_dag_decorator.py
[2024-11-11T23:53:17.381+0000] {logging_mixin.py:190} INFO - [2024-11-11T23:53:17.381+0000] {dag.py:3239} INFO - Sync 1 DAGs
[2024-11-11T23:53:17.396+0000] {logging_mixin.py:190} INFO - [2024-11-11T23:53:17.396+0000] {dag.py:4180} INFO - Setting next_dagrun for example_dag_decorator to None, run_after=None
[2024-11-11T23:53:17.422+0000] {processor.py:208} INFO - Processing /home/airflow/.local/lib/python3.12/site-packages/airflow/example_dags/example_dag_decorator.py took 0.088 seconds
[2024-11-11T23:53:47.526+0000] {processor.py:186} INFO - Started process (PID=1300) to work on /home/airflow/.local/lib/python3.12/site-packages/airflow/example_dags/example_dag_decorator.py
[2024-11-11T23:53:47.530+0000] {processor.py:914} INFO - Processing file /home/airflow/.local/lib/python3.12/site-packages/airflow/example_dags/example_dag_decorator.py for tasks to queue
[2024-11-11T23:53:47.533+0000] {logging_mixin.py:190} INFO - [2024-11-11T23:53:47.533+0000] {dagbag.py:588} INFO - Filling up the DagBag from /home/airflow/.local/lib/python3.12/site-packages/airflow/example_dags/example_dag_decorator.py
[2024-11-11T23:53:47.549+0000] {processor.py:925} INFO - DAG(s) 'example_dag_decorator' retrieved from /home/airflow/.local/lib/python3.12/site-packages/airflow/example_dags/example_dag_decorator.py
[2024-11-11T23:53:47.672+0000] {logging_mixin.py:190} INFO - [2024-11-11T23:53:47.672+0000] {dag.py:3239} INFO - Sync 1 DAGs
[2024-11-11T23:53:47.685+0000] {logging_mixin.py:190} INFO - [2024-11-11T23:53:47.684+0000] {dag.py:4180} INFO - Setting next_dagrun for example_dag_decorator to None, run_after=None
[2024-11-11T23:53:47.715+0000] {processor.py:208} INFO - Processing /home/airflow/.local/lib/python3.12/site-packages/airflow/example_dags/example_dag_decorator.py took 0.196 seconds
[2024-11-11T23:54:18.163+0000] {processor.py:186} INFO - Started process (PID=1364) to work on /home/airflow/.local/lib/python3.12/site-packages/airflow/example_dags/example_dag_decorator.py
[2024-11-11T23:54:18.164+0000] {processor.py:914} INFO - Processing file /home/airflow/.local/lib/python3.12/site-packages/airflow/example_dags/example_dag_decorator.py for tasks to queue
[2024-11-11T23:54:18.166+0000] {logging_mixin.py:190} INFO - [2024-11-11T23:54:18.166+0000] {dagbag.py:588} INFO - Filling up the DagBag from /home/airflow/.local/lib/python3.12/site-packages/airflow/example_dags/example_dag_decorator.py
[2024-11-11T23:54:18.191+0000] {processor.py:925} INFO - DAG(s) 'example_dag_decorator' retrieved from /home/airflow/.local/lib/python3.12/site-packages/airflow/example_dags/example_dag_decorator.py
[2024-11-11T23:54:19.081+0000] {logging_mixin.py:190} INFO - [2024-11-11T23:54:19.080+0000] {dag.py:3239} INFO - Sync 1 DAGs
[2024-11-11T23:54:19.101+0000] {logging_mixin.py:190} INFO - [2024-11-11T23:54:19.101+0000] {dag.py:4180} INFO - Setting next_dagrun for example_dag_decorator to None, run_after=None
[2024-11-11T23:54:19.137+0000] {processor.py:208} INFO - Processing /home/airflow/.local/lib/python3.12/site-packages/airflow/example_dags/example_dag_decorator.py took 0.984 seconds
[2024-11-11T23:54:49.604+0000] {processor.py:186} INFO - Started process (PID=1429) to work on /home/airflow/.local/lib/python3.12/site-packages/airflow/example_dags/example_dag_decorator.py
[2024-11-11T23:54:49.605+0000] {processor.py:914} INFO - Processing file /home/airflow/.local/lib/python3.12/site-packages/airflow/example_dags/example_dag_decorator.py for tasks to queue
[2024-11-11T23:54:49.608+0000] {logging_mixin.py:190} INFO - [2024-11-11T23:54:49.607+0000] {dagbag.py:588} INFO - Filling up the DagBag from /home/airflow/.local/lib/python3.12/site-packages/airflow/example_dags/example_dag_decorator.py
[2024-11-11T23:54:49.619+0000] {processor.py:925} INFO - DAG(s) 'example_dag_decorator' retrieved from /home/airflow/.local/lib/python3.12/site-packages/airflow/example_dags/example_dag_decorator.py
[2024-11-11T23:54:49.756+0000] {logging_mixin.py:190} INFO - [2024-11-11T23:54:49.756+0000] {dag.py:3239} INFO - Sync 1 DAGs
[2024-11-11T23:54:49.768+0000] {logging_mixin.py:190} INFO - [2024-11-11T23:54:49.768+0000] {dag.py:4180} INFO - Setting next_dagrun for example_dag_decorator to None, run_after=None
[2024-11-11T23:54:49.790+0000] {processor.py:208} INFO - Processing /home/airflow/.local/lib/python3.12/site-packages/airflow/example_dags/example_dag_decorator.py took 0.192 seconds
[2024-11-11T23:55:20.006+0000] {processor.py:186} INFO - Started process (PID=1493) to work on /home/airflow/.local/lib/python3.12/site-packages/airflow/example_dags/example_dag_decorator.py
[2024-11-11T23:55:20.007+0000] {processor.py:914} INFO - Processing file /home/airflow/.local/lib/python3.12/site-packages/airflow/example_dags/example_dag_decorator.py for tasks to queue
[2024-11-11T23:55:20.012+0000] {logging_mixin.py:190} INFO - [2024-11-11T23:55:20.011+0000] {dagbag.py:588} INFO - Filling up the DagBag from /home/airflow/.local/lib/python3.12/site-packages/airflow/example_dags/example_dag_decorator.py
[2024-11-11T23:55:20.025+0000] {processor.py:925} INFO - DAG(s) 'example_dag_decorator' retrieved from /home/airflow/.local/lib/python3.12/site-packages/airflow/example_dags/example_dag_decorator.py
[2024-11-11T23:55:20.154+0000] {logging_mixin.py:190} INFO - [2024-11-11T23:55:20.153+0000] {dag.py:3239} INFO - Sync 1 DAGs
[2024-11-11T23:55:20.169+0000] {logging_mixin.py:190} INFO - [2024-11-11T23:55:20.169+0000] {dag.py:4180} INFO - Setting next_dagrun for example_dag_decorator to None, run_after=None
[2024-11-11T23:55:20.196+0000] {processor.py:208} INFO - Processing /home/airflow/.local/lib/python3.12/site-packages/airflow/example_dags/example_dag_decorator.py took 0.198 seconds
[2024-11-11T23:55:50.336+0000] {processor.py:186} INFO - Started process (PID=1557) to work on /home/airflow/.local/lib/python3.12/site-packages/airflow/example_dags/example_dag_decorator.py
[2024-11-11T23:55:50.338+0000] {processor.py:914} INFO - Processing file /home/airflow/.local/lib/python3.12/site-packages/airflow/example_dags/example_dag_decorator.py for tasks to queue
[2024-11-11T23:55:50.341+0000] {logging_mixin.py:190} INFO - [2024-11-11T23:55:50.341+0000] {dagbag.py:588} INFO - Filling up the DagBag from /home/airflow/.local/lib/python3.12/site-packages/airflow/example_dags/example_dag_decorator.py
[2024-11-11T23:55:50.355+0000] {processor.py:925} INFO - DAG(s) 'example_dag_decorator' retrieved from /home/airflow/.local/lib/python3.12/site-packages/airflow/example_dags/example_dag_decorator.py
[2024-11-11T23:55:50.480+0000] {logging_mixin.py:190} INFO - [2024-11-11T23:55:50.480+0000] {dag.py:3239} INFO - Sync 1 DAGs
[2024-11-11T23:55:50.497+0000] {logging_mixin.py:190} INFO - [2024-11-11T23:55:50.496+0000] {dag.py:4180} INFO - Setting next_dagrun for example_dag_decorator to None, run_after=None
[2024-11-11T23:55:50.523+0000] {processor.py:208} INFO - Processing /home/airflow/.local/lib/python3.12/site-packages/airflow/example_dags/example_dag_decorator.py took 0.193 seconds
[2024-11-11T23:56:20.799+0000] {processor.py:186} INFO - Started process (PID=1621) to work on /home/airflow/.local/lib/python3.12/site-packages/airflow/example_dags/example_dag_decorator.py
[2024-11-11T23:56:20.800+0000] {processor.py:914} INFO - Processing file /home/airflow/.local/lib/python3.12/site-packages/airflow/example_dags/example_dag_decorator.py for tasks to queue
[2024-11-11T23:56:20.803+0000] {logging_mixin.py:190} INFO - [2024-11-11T23:56:20.803+0000] {dagbag.py:588} INFO - Filling up the DagBag from /home/airflow/.local/lib/python3.12/site-packages/airflow/example_dags/example_dag_decorator.py
[2024-11-11T23:56:20.819+0000] {processor.py:925} INFO - DAG(s) 'example_dag_decorator' retrieved from /home/airflow/.local/lib/python3.12/site-packages/airflow/example_dags/example_dag_decorator.py
[2024-11-11T23:56:20.845+0000] {logging_mixin.py:190} INFO - [2024-11-11T23:56:20.845+0000] {dag.py:3239} INFO - Sync 1 DAGs
[2024-11-11T23:56:20.866+0000] {logging_mixin.py:190} INFO - [2024-11-11T23:56:20.866+0000] {dag.py:4180} INFO - Setting next_dagrun for example_dag_decorator to None, run_after=None
[2024-11-11T23:56:20.889+0000] {processor.py:208} INFO - Processing /home/airflow/.local/lib/python3.12/site-packages/airflow/example_dags/example_dag_decorator.py took 0.096 seconds
[2024-11-11T23:56:51.900+0000] {processor.py:186} INFO - Started process (PID=1685) to work on /home/airflow/.local/lib/python3.12/site-packages/airflow/example_dags/example_dag_decorator.py
[2024-11-11T23:56:51.903+0000] {processor.py:914} INFO - Processing file /home/airflow/.local/lib/python3.12/site-packages/airflow/example_dags/example_dag_decorator.py for tasks to queue
[2024-11-11T23:56:51.906+0000] {logging_mixin.py:190} INFO - [2024-11-11T23:56:51.906+0000] {dagbag.py:588} INFO - Filling up the DagBag from /home/airflow/.local/lib/python3.12/site-packages/airflow/example_dags/example_dag_decorator.py
[2024-11-11T23:56:51.930+0000] {processor.py:925} INFO - DAG(s) 'example_dag_decorator' retrieved from /home/airflow/.local/lib/python3.12/site-packages/airflow/example_dags/example_dag_decorator.py
[2024-11-11T23:56:51.981+0000] {logging_mixin.py:190} INFO - [2024-11-11T23:56:51.980+0000] {dag.py:3239} INFO - Sync 1 DAGs
[2024-11-11T23:56:52.014+0000] {logging_mixin.py:190} INFO - [2024-11-11T23:56:52.013+0000] {dag.py:4180} INFO - Setting next_dagrun for example_dag_decorator to None, run_after=None
[2024-11-11T23:56:52.059+0000] {processor.py:208} INFO - Processing /home/airflow/.local/lib/python3.12/site-packages/airflow/example_dags/example_dag_decorator.py took 0.170 seconds
[2024-11-11T23:57:22.630+0000] {processor.py:186} INFO - Started process (PID=1749) to work on /home/airflow/.local/lib/python3.12/site-packages/airflow/example_dags/example_dag_decorator.py
[2024-11-11T23:57:22.631+0000] {processor.py:914} INFO - Processing file /home/airflow/.local/lib/python3.12/site-packages/airflow/example_dags/example_dag_decorator.py for tasks to queue
[2024-11-11T23:57:22.634+0000] {logging_mixin.py:190} INFO - [2024-11-11T23:57:22.634+0000] {dagbag.py:588} INFO - Filling up the DagBag from /home/airflow/.local/lib/python3.12/site-packages/airflow/example_dags/example_dag_decorator.py
[2024-11-11T23:57:22.646+0000] {processor.py:925} INFO - DAG(s) 'example_dag_decorator' retrieved from /home/airflow/.local/lib/python3.12/site-packages/airflow/example_dags/example_dag_decorator.py
[2024-11-11T23:57:22.672+0000] {logging_mixin.py:190} INFO - [2024-11-11T23:57:22.671+0000] {dag.py:3239} INFO - Sync 1 DAGs
[2024-11-11T23:57:22.685+0000] {logging_mixin.py:190} INFO - [2024-11-11T23:57:22.685+0000] {dag.py:4180} INFO - Setting next_dagrun for example_dag_decorator to None, run_after=None
[2024-11-11T23:57:22.722+0000] {processor.py:208} INFO - Processing /home/airflow/.local/lib/python3.12/site-packages/airflow/example_dags/example_dag_decorator.py took 0.098 seconds
[2024-11-11T23:57:53.076+0000] {processor.py:186} INFO - Started process (PID=1813) to work on /home/airflow/.local/lib/python3.12/site-packages/airflow/example_dags/example_dag_decorator.py
[2024-11-11T23:57:53.077+0000] {processor.py:914} INFO - Processing file /home/airflow/.local/lib/python3.12/site-packages/airflow/example_dags/example_dag_decorator.py for tasks to queue
[2024-11-11T23:57:53.080+0000] {logging_mixin.py:190} INFO - [2024-11-11T23:57:53.080+0000] {dagbag.py:588} INFO - Filling up the DagBag from /home/airflow/.local/lib/python3.12/site-packages/airflow/example_dags/example_dag_decorator.py
[2024-11-11T23:57:53.092+0000] {processor.py:925} INFO - DAG(s) 'example_dag_decorator' retrieved from /home/airflow/.local/lib/python3.12/site-packages/airflow/example_dags/example_dag_decorator.py
[2024-11-11T23:57:53.227+0000] {logging_mixin.py:190} INFO - [2024-11-11T23:57:53.226+0000] {dag.py:3239} INFO - Sync 1 DAGs
[2024-11-11T23:57:53.241+0000] {logging_mixin.py:190} INFO - [2024-11-11T23:57:53.240+0000] {dag.py:4180} INFO - Setting next_dagrun for example_dag_decorator to None, run_after=None
[2024-11-11T23:57:53.270+0000] {processor.py:208} INFO - Processing /home/airflow/.local/lib/python3.12/site-packages/airflow/example_dags/example_dag_decorator.py took 0.200 seconds
[2024-11-11T23:58:23.419+0000] {processor.py:186} INFO - Started process (PID=1877) to work on /home/airflow/.local/lib/python3.12/site-packages/airflow/example_dags/example_dag_decorator.py
[2024-11-11T23:58:23.420+0000] {processor.py:914} INFO - Processing file /home/airflow/.local/lib/python3.12/site-packages/airflow/example_dags/example_dag_decorator.py for tasks to queue
[2024-11-11T23:58:23.423+0000] {logging_mixin.py:190} INFO - [2024-11-11T23:58:23.423+0000] {dagbag.py:588} INFO - Filling up the DagBag from /home/airflow/.local/lib/python3.12/site-packages/airflow/example_dags/example_dag_decorator.py
[2024-11-11T23:58:23.435+0000] {processor.py:925} INFO - DAG(s) 'example_dag_decorator' retrieved from /home/airflow/.local/lib/python3.12/site-packages/airflow/example_dags/example_dag_decorator.py
[2024-11-11T23:58:23.564+0000] {logging_mixin.py:190} INFO - [2024-11-11T23:58:23.564+0000] {dag.py:3239} INFO - Sync 1 DAGs
[2024-11-11T23:58:23.579+0000] {logging_mixin.py:190} INFO - [2024-11-11T23:58:23.578+0000] {dag.py:4180} INFO - Setting next_dagrun for example_dag_decorator to None, run_after=None
[2024-11-11T23:58:23.602+0000] {processor.py:208} INFO - Processing /home/airflow/.local/lib/python3.12/site-packages/airflow/example_dags/example_dag_decorator.py took 0.189 seconds
[2024-11-11T23:58:54.380+0000] {processor.py:186} INFO - Started process (PID=1941) to work on /home/airflow/.local/lib/python3.12/site-packages/airflow/example_dags/example_dag_decorator.py
[2024-11-11T23:58:54.382+0000] {processor.py:914} INFO - Processing file /home/airflow/.local/lib/python3.12/site-packages/airflow/example_dags/example_dag_decorator.py for tasks to queue
[2024-11-11T23:58:54.385+0000] {logging_mixin.py:190} INFO - [2024-11-11T23:58:54.384+0000] {dagbag.py:588} INFO - Filling up the DagBag from /home/airflow/.local/lib/python3.12/site-packages/airflow/example_dags/example_dag_decorator.py
[2024-11-11T23:58:54.399+0000] {processor.py:925} INFO - DAG(s) 'example_dag_decorator' retrieved from /home/airflow/.local/lib/python3.12/site-packages/airflow/example_dags/example_dag_decorator.py
[2024-11-11T23:58:54.518+0000] {logging_mixin.py:190} INFO - [2024-11-11T23:58:54.518+0000] {dag.py:3239} INFO - Sync 1 DAGs
[2024-11-11T23:58:54.532+0000] {logging_mixin.py:190} INFO - [2024-11-11T23:58:54.531+0000] {dag.py:4180} INFO - Setting next_dagrun for example_dag_decorator to None, run_after=None
[2024-11-11T23:58:54.557+0000] {processor.py:208} INFO - Processing /home/airflow/.local/lib/python3.12/site-packages/airflow/example_dags/example_dag_decorator.py took 0.186 seconds
[2024-11-11T23:59:24.778+0000] {processor.py:186} INFO - Started process (PID=2006) to work on /home/airflow/.local/lib/python3.12/site-packages/airflow/example_dags/example_dag_decorator.py
[2024-11-11T23:59:24.779+0000] {processor.py:914} INFO - Processing file /home/airflow/.local/lib/python3.12/site-packages/airflow/example_dags/example_dag_decorator.py for tasks to queue
[2024-11-11T23:59:24.786+0000] {logging_mixin.py:190} INFO - [2024-11-11T23:59:24.785+0000] {dagbag.py:588} INFO - Filling up the DagBag from /home/airflow/.local/lib/python3.12/site-packages/airflow/example_dags/example_dag_decorator.py
[2024-11-11T23:59:24.817+0000] {processor.py:925} INFO - DAG(s) 'example_dag_decorator' retrieved from /home/airflow/.local/lib/python3.12/site-packages/airflow/example_dags/example_dag_decorator.py
[2024-11-11T23:59:25.004+0000] {logging_mixin.py:190} INFO - [2024-11-11T23:59:25.004+0000] {dag.py:3239} INFO - Sync 1 DAGs
[2024-11-11T23:59:25.021+0000] {logging_mixin.py:190} INFO - [2024-11-11T23:59:25.021+0000] {dag.py:4180} INFO - Setting next_dagrun for example_dag_decorator to None, run_after=None
[2024-11-11T23:59:25.051+0000] {processor.py:208} INFO - Processing /home/airflow/.local/lib/python3.12/site-packages/airflow/example_dags/example_dag_decorator.py took 0.283 seconds
[2024-11-11T23:59:55.186+0000] {processor.py:186} INFO - Started process (PID=2070) to work on /home/airflow/.local/lib/python3.12/site-packages/airflow/example_dags/example_dag_decorator.py
[2024-11-11T23:59:55.187+0000] {processor.py:914} INFO - Processing file /home/airflow/.local/lib/python3.12/site-packages/airflow/example_dags/example_dag_decorator.py for tasks to queue
[2024-11-11T23:59:55.190+0000] {logging_mixin.py:190} INFO - [2024-11-11T23:59:55.190+0000] {dagbag.py:588} INFO - Filling up the DagBag from /home/airflow/.local/lib/python3.12/site-packages/airflow/example_dags/example_dag_decorator.py
[2024-11-11T23:59:55.203+0000] {processor.py:925} INFO - DAG(s) 'example_dag_decorator' retrieved from /home/airflow/.local/lib/python3.12/site-packages/airflow/example_dags/example_dag_decorator.py
[2024-11-11T23:59:55.313+0000] {logging_mixin.py:190} INFO - [2024-11-11T23:59:55.313+0000] {dag.py:3239} INFO - Sync 1 DAGs
[2024-11-11T23:59:55.326+0000] {logging_mixin.py:190} INFO - [2024-11-11T23:59:55.325+0000] {dag.py:4180} INFO - Setting next_dagrun for example_dag_decorator to None, run_after=None
[2024-11-11T23:59:55.351+0000] {processor.py:208} INFO - Processing /home/airflow/.local/lib/python3.12/site-packages/airflow/example_dags/example_dag_decorator.py took 0.174 seconds
