[2024-11-11T23:43:50.795+0000] {processor.py:186} INFO - Started process (PID=73) to work on /home/airflow/.local/lib/python3.12/site-packages/airflow/example_dags/example_complex.py
[2024-11-11T23:43:50.797+0000] {processor.py:914} INFO - Processing file /home/airflow/.local/lib/python3.12/site-packages/airflow/example_dags/example_complex.py for tasks to queue
[2024-11-11T23:43:50.801+0000] {logging_mixin.py:190} INFO - [2024-11-11T23:43:50.800+0000] {dagbag.py:588} INFO - Filling up the DagBag from /home/airflow/.local/lib/python3.12/site-packages/airflow/example_dags/example_complex.py
[2024-11-11T23:43:50.832+0000] {processor.py:925} INFO - DAG(s) 'example_complex' retrieved from /home/airflow/.local/lib/python3.12/site-packages/airflow/example_dags/example_complex.py
[2024-11-11T23:43:51.049+0000] {logging_mixin.py:190} INFO - [2024-11-11T23:43:51.048+0000] {override.py:1911} INFO - Created Permission View: can edit on DAG:example_complex
[2024-11-11T23:43:51.067+0000] {logging_mixin.py:190} INFO - [2024-11-11T23:43:51.067+0000] {override.py:1911} INFO - Created Permission View: can read on DAG:example_complex
[2024-11-11T23:43:51.079+0000] {logging_mixin.py:190} INFO - [2024-11-11T23:43:51.079+0000] {override.py:1911} INFO - Created Permission View: can delete on DAG:example_complex
[2024-11-11T23:43:51.098+0000] {logging_mixin.py:190} INFO - [2024-11-11T23:43:51.098+0000] {override.py:1911} INFO - Created Permission View: menu access on DAG Run:example_complex
[2024-11-11T23:43:51.135+0000] {logging_mixin.py:190} INFO - [2024-11-11T23:43:51.133+0000] {override.py:1911} INFO - Created Permission View: can read on DAG Run:example_complex
[2024-11-11T23:43:51.157+0000] {logging_mixin.py:190} INFO - [2024-11-11T23:43:51.157+0000] {override.py:1911} INFO - Created Permission View: can delete on DAG Run:example_complex
[2024-11-11T23:43:51.172+0000] {logging_mixin.py:190} INFO - [2024-11-11T23:43:51.171+0000] {override.py:1911} INFO - Created Permission View: can create on DAG Run:example_complex
[2024-11-11T23:43:51.172+0000] {logging_mixin.py:190} INFO - [2024-11-11T23:43:51.172+0000] {dag.py:3239} INFO - Sync 1 DAGs
[2024-11-11T23:43:51.200+0000] {logging_mixin.py:190} INFO - [2024-11-11T23:43:51.199+0000] {dag.py:3262} INFO - Creating ORM DAG for example_complex
[2024-11-11T23:43:51.201+0000] {logging_mixin.py:190} INFO - [2024-11-11T23:43:51.201+0000] {dag.py:4180} INFO - Setting next_dagrun for example_complex to None, run_after=None
[2024-11-11T23:43:51.251+0000] {processor.py:208} INFO - Processing /home/airflow/.local/lib/python3.12/site-packages/airflow/example_dags/example_complex.py took 0.465 seconds
[2024-11-11T23:44:21.733+0000] {processor.py:186} INFO - Started process (PID=136) to work on /home/airflow/.local/lib/python3.12/site-packages/airflow/example_dags/example_complex.py
[2024-11-11T23:44:21.734+0000] {processor.py:914} INFO - Processing file /home/airflow/.local/lib/python3.12/site-packages/airflow/example_dags/example_complex.py for tasks to queue
[2024-11-11T23:44:21.737+0000] {logging_mixin.py:190} INFO - [2024-11-11T23:44:21.736+0000] {dagbag.py:588} INFO - Filling up the DagBag from /home/airflow/.local/lib/python3.12/site-packages/airflow/example_dags/example_complex.py
[2024-11-11T23:44:21.788+0000] {processor.py:925} INFO - DAG(s) 'example_complex' retrieved from /home/airflow/.local/lib/python3.12/site-packages/airflow/example_dags/example_complex.py
[2024-11-11T23:44:21.824+0000] {logging_mixin.py:190} INFO - [2024-11-11T23:44:21.824+0000] {dag.py:3239} INFO - Sync 1 DAGs
[2024-11-11T23:44:21.840+0000] {logging_mixin.py:190} INFO - [2024-11-11T23:44:21.840+0000] {dag.py:4180} INFO - Setting next_dagrun for example_complex to None, run_after=None
[2024-11-11T23:44:21.914+0000] {processor.py:208} INFO - Processing /home/airflow/.local/lib/python3.12/site-packages/airflow/example_dags/example_complex.py took 0.187 seconds
[2024-11-11T23:44:52.939+0000] {processor.py:186} INFO - Started process (PID=199) to work on /home/airflow/.local/lib/python3.12/site-packages/airflow/example_dags/example_complex.py
[2024-11-11T23:44:52.940+0000] {processor.py:914} INFO - Processing file /home/airflow/.local/lib/python3.12/site-packages/airflow/example_dags/example_complex.py for tasks to queue
[2024-11-11T23:44:52.942+0000] {logging_mixin.py:190} INFO - [2024-11-11T23:44:52.942+0000] {dagbag.py:588} INFO - Filling up the DagBag from /home/airflow/.local/lib/python3.12/site-packages/airflow/example_dags/example_complex.py
[2024-11-11T23:44:52.952+0000] {processor.py:925} INFO - DAG(s) 'example_complex' retrieved from /home/airflow/.local/lib/python3.12/site-packages/airflow/example_dags/example_complex.py
[2024-11-11T23:44:52.979+0000] {logging_mixin.py:190} INFO - [2024-11-11T23:44:52.979+0000] {dag.py:3239} INFO - Sync 1 DAGs
[2024-11-11T23:44:52.994+0000] {logging_mixin.py:190} INFO - [2024-11-11T23:44:52.993+0000] {dag.py:4180} INFO - Setting next_dagrun for example_complex to None, run_after=None
[2024-11-11T23:44:53.075+0000] {processor.py:208} INFO - Processing /home/airflow/.local/lib/python3.12/site-packages/airflow/example_dags/example_complex.py took 0.142 seconds
[2024-11-11T23:45:23.483+0000] {processor.py:186} INFO - Started process (PID=262) to work on /home/airflow/.local/lib/python3.12/site-packages/airflow/example_dags/example_complex.py
[2024-11-11T23:45:23.484+0000] {processor.py:914} INFO - Processing file /home/airflow/.local/lib/python3.12/site-packages/airflow/example_dags/example_complex.py for tasks to queue
[2024-11-11T23:45:23.487+0000] {logging_mixin.py:190} INFO - [2024-11-11T23:45:23.486+0000] {dagbag.py:588} INFO - Filling up the DagBag from /home/airflow/.local/lib/python3.12/site-packages/airflow/example_dags/example_complex.py
[2024-11-11T23:45:23.498+0000] {processor.py:925} INFO - DAG(s) 'example_complex' retrieved from /home/airflow/.local/lib/python3.12/site-packages/airflow/example_dags/example_complex.py
[2024-11-11T23:45:23.528+0000] {logging_mixin.py:190} INFO - [2024-11-11T23:45:23.527+0000] {dag.py:3239} INFO - Sync 1 DAGs
[2024-11-11T23:45:23.543+0000] {logging_mixin.py:190} INFO - [2024-11-11T23:45:23.543+0000] {dag.py:4180} INFO - Setting next_dagrun for example_complex to None, run_after=None
[2024-11-11T23:45:23.576+0000] {processor.py:208} INFO - Processing /home/airflow/.local/lib/python3.12/site-packages/airflow/example_dags/example_complex.py took 0.099 seconds
[2024-11-11T23:45:54.682+0000] {processor.py:186} INFO - Started process (PID=316) to work on /home/airflow/.local/lib/python3.12/site-packages/airflow/example_dags/example_complex.py
[2024-11-11T23:45:54.683+0000] {processor.py:914} INFO - Processing file /home/airflow/.local/lib/python3.12/site-packages/airflow/example_dags/example_complex.py for tasks to queue
[2024-11-11T23:45:54.686+0000] {logging_mixin.py:190} INFO - [2024-11-11T23:45:54.686+0000] {dagbag.py:588} INFO - Filling up the DagBag from /home/airflow/.local/lib/python3.12/site-packages/airflow/example_dags/example_complex.py
[2024-11-11T23:45:54.698+0000] {processor.py:925} INFO - DAG(s) 'example_complex' retrieved from /home/airflow/.local/lib/python3.12/site-packages/airflow/example_dags/example_complex.py
[2024-11-11T23:45:54.727+0000] {logging_mixin.py:190} INFO - [2024-11-11T23:45:54.726+0000] {dag.py:3239} INFO - Sync 1 DAGs
[2024-11-11T23:45:54.741+0000] {logging_mixin.py:190} INFO - [2024-11-11T23:45:54.740+0000] {dag.py:4180} INFO - Setting next_dagrun for example_complex to None, run_after=None
[2024-11-11T23:45:54.763+0000] {processor.py:208} INFO - Processing /home/airflow/.local/lib/python3.12/site-packages/airflow/example_dags/example_complex.py took 0.087 seconds
[2024-11-11T23:46:25.381+0000] {processor.py:186} INFO - Started process (PID=376) to work on /home/airflow/.local/lib/python3.12/site-packages/airflow/example_dags/example_complex.py
[2024-11-11T23:46:25.383+0000] {processor.py:914} INFO - Processing file /home/airflow/.local/lib/python3.12/site-packages/airflow/example_dags/example_complex.py for tasks to queue
[2024-11-11T23:46:25.387+0000] {logging_mixin.py:190} INFO - [2024-11-11T23:46:25.387+0000] {dagbag.py:588} INFO - Filling up the DagBag from /home/airflow/.local/lib/python3.12/site-packages/airflow/example_dags/example_complex.py
[2024-11-11T23:46:25.401+0000] {processor.py:925} INFO - DAG(s) 'example_complex' retrieved from /home/airflow/.local/lib/python3.12/site-packages/airflow/example_dags/example_complex.py
[2024-11-11T23:46:25.437+0000] {logging_mixin.py:190} INFO - [2024-11-11T23:46:25.437+0000] {dag.py:3239} INFO - Sync 1 DAGs
[2024-11-11T23:46:25.459+0000] {logging_mixin.py:190} INFO - [2024-11-11T23:46:25.459+0000] {dag.py:4180} INFO - Setting next_dagrun for example_complex to None, run_after=None
[2024-11-11T23:46:25.498+0000] {processor.py:208} INFO - Processing /home/airflow/.local/lib/python3.12/site-packages/airflow/example_dags/example_complex.py took 0.125 seconds
[2024-11-11T23:46:55.963+0000] {processor.py:186} INFO - Started process (PID=439) to work on /home/airflow/.local/lib/python3.12/site-packages/airflow/example_dags/example_complex.py
[2024-11-11T23:46:55.964+0000] {processor.py:914} INFO - Processing file /home/airflow/.local/lib/python3.12/site-packages/airflow/example_dags/example_complex.py for tasks to queue
[2024-11-11T23:46:55.967+0000] {logging_mixin.py:190} INFO - [2024-11-11T23:46:55.966+0000] {dagbag.py:588} INFO - Filling up the DagBag from /home/airflow/.local/lib/python3.12/site-packages/airflow/example_dags/example_complex.py
[2024-11-11T23:46:55.979+0000] {processor.py:925} INFO - DAG(s) 'example_complex' retrieved from /home/airflow/.local/lib/python3.12/site-packages/airflow/example_dags/example_complex.py
[2024-11-11T23:46:56.015+0000] {logging_mixin.py:190} INFO - [2024-11-11T23:46:56.015+0000] {dag.py:3239} INFO - Sync 1 DAGs
[2024-11-11T23:46:56.029+0000] {logging_mixin.py:190} INFO - [2024-11-11T23:46:56.029+0000] {dag.py:4180} INFO - Setting next_dagrun for example_complex to None, run_after=None
[2024-11-11T23:46:56.054+0000] {processor.py:208} INFO - Processing /home/airflow/.local/lib/python3.12/site-packages/airflow/example_dags/example_complex.py took 0.097 seconds
[2024-11-11T23:47:26.798+0000] {processor.py:186} INFO - Started process (PID=502) to work on /home/airflow/.local/lib/python3.12/site-packages/airflow/example_dags/example_complex.py
[2024-11-11T23:47:26.799+0000] {processor.py:914} INFO - Processing file /home/airflow/.local/lib/python3.12/site-packages/airflow/example_dags/example_complex.py for tasks to queue
[2024-11-11T23:47:26.802+0000] {logging_mixin.py:190} INFO - [2024-11-11T23:47:26.802+0000] {dagbag.py:588} INFO - Filling up the DagBag from /home/airflow/.local/lib/python3.12/site-packages/airflow/example_dags/example_complex.py
[2024-11-11T23:47:26.814+0000] {processor.py:925} INFO - DAG(s) 'example_complex' retrieved from /home/airflow/.local/lib/python3.12/site-packages/airflow/example_dags/example_complex.py
[2024-11-11T23:47:26.843+0000] {logging_mixin.py:190} INFO - [2024-11-11T23:47:26.843+0000] {dag.py:3239} INFO - Sync 1 DAGs
[2024-11-11T23:47:26.859+0000] {logging_mixin.py:190} INFO - [2024-11-11T23:47:26.859+0000] {dag.py:4180} INFO - Setting next_dagrun for example_complex to None, run_after=None
[2024-11-11T23:47:26.889+0000] {processor.py:208} INFO - Processing /home/airflow/.local/lib/python3.12/site-packages/airflow/example_dags/example_complex.py took 0.098 seconds
[2024-11-11T23:47:57.249+0000] {processor.py:186} INFO - Started process (PID=565) to work on /home/airflow/.local/lib/python3.12/site-packages/airflow/example_dags/example_complex.py
[2024-11-11T23:47:57.251+0000] {processor.py:914} INFO - Processing file /home/airflow/.local/lib/python3.12/site-packages/airflow/example_dags/example_complex.py for tasks to queue
[2024-11-11T23:47:57.253+0000] {logging_mixin.py:190} INFO - [2024-11-11T23:47:57.253+0000] {dagbag.py:588} INFO - Filling up the DagBag from /home/airflow/.local/lib/python3.12/site-packages/airflow/example_dags/example_complex.py
[2024-11-11T23:47:57.264+0000] {processor.py:925} INFO - DAG(s) 'example_complex' retrieved from /home/airflow/.local/lib/python3.12/site-packages/airflow/example_dags/example_complex.py
[2024-11-11T23:47:57.295+0000] {logging_mixin.py:190} INFO - [2024-11-11T23:47:57.295+0000] {dag.py:3239} INFO - Sync 1 DAGs
[2024-11-11T23:47:57.310+0000] {logging_mixin.py:190} INFO - [2024-11-11T23:47:57.310+0000] {dag.py:4180} INFO - Setting next_dagrun for example_complex to None, run_after=None
[2024-11-11T23:47:57.333+0000] {processor.py:208} INFO - Processing /home/airflow/.local/lib/python3.12/site-packages/airflow/example_dags/example_complex.py took 0.089 seconds
[2024-11-11T23:48:27.388+0000] {processor.py:186} INFO - Started process (PID=628) to work on /home/airflow/.local/lib/python3.12/site-packages/airflow/example_dags/example_complex.py
[2024-11-11T23:48:27.389+0000] {processor.py:914} INFO - Processing file /home/airflow/.local/lib/python3.12/site-packages/airflow/example_dags/example_complex.py for tasks to queue
[2024-11-11T23:48:27.393+0000] {logging_mixin.py:190} INFO - [2024-11-11T23:48:27.392+0000] {dagbag.py:588} INFO - Filling up the DagBag from /home/airflow/.local/lib/python3.12/site-packages/airflow/example_dags/example_complex.py
[2024-11-11T23:48:27.409+0000] {processor.py:925} INFO - DAG(s) 'example_complex' retrieved from /home/airflow/.local/lib/python3.12/site-packages/airflow/example_dags/example_complex.py
[2024-11-11T23:48:27.455+0000] {logging_mixin.py:190} INFO - [2024-11-11T23:48:27.454+0000] {dag.py:3239} INFO - Sync 1 DAGs
[2024-11-11T23:48:27.475+0000] {logging_mixin.py:190} INFO - [2024-11-11T23:48:27.475+0000] {dag.py:4180} INFO - Setting next_dagrun for example_complex to None, run_after=None
[2024-11-11T23:48:27.505+0000] {processor.py:208} INFO - Processing /home/airflow/.local/lib/python3.12/site-packages/airflow/example_dags/example_complex.py took 0.127 seconds
[2024-11-11T23:48:57.686+0000] {processor.py:186} INFO - Started process (PID=692) to work on /home/airflow/.local/lib/python3.12/site-packages/airflow/example_dags/example_complex.py
[2024-11-11T23:48:57.688+0000] {processor.py:914} INFO - Processing file /home/airflow/.local/lib/python3.12/site-packages/airflow/example_dags/example_complex.py for tasks to queue
[2024-11-11T23:48:57.690+0000] {logging_mixin.py:190} INFO - [2024-11-11T23:48:57.690+0000] {dagbag.py:588} INFO - Filling up the DagBag from /home/airflow/.local/lib/python3.12/site-packages/airflow/example_dags/example_complex.py
[2024-11-11T23:48:57.702+0000] {processor.py:925} INFO - DAG(s) 'example_complex' retrieved from /home/airflow/.local/lib/python3.12/site-packages/airflow/example_dags/example_complex.py
[2024-11-11T23:48:57.731+0000] {logging_mixin.py:190} INFO - [2024-11-11T23:48:57.731+0000] {dag.py:3239} INFO - Sync 1 DAGs
[2024-11-11T23:48:57.746+0000] {logging_mixin.py:190} INFO - [2024-11-11T23:48:57.745+0000] {dag.py:4180} INFO - Setting next_dagrun for example_complex to None, run_after=None
[2024-11-11T23:48:57.769+0000] {processor.py:208} INFO - Processing /home/airflow/.local/lib/python3.12/site-packages/airflow/example_dags/example_complex.py took 0.088 seconds
[2024-11-11T23:49:28.019+0000] {processor.py:186} INFO - Started process (PID=756) to work on /home/airflow/.local/lib/python3.12/site-packages/airflow/example_dags/example_complex.py
[2024-11-11T23:49:28.020+0000] {processor.py:914} INFO - Processing file /home/airflow/.local/lib/python3.12/site-packages/airflow/example_dags/example_complex.py for tasks to queue
[2024-11-11T23:49:28.024+0000] {logging_mixin.py:190} INFO - [2024-11-11T23:49:28.023+0000] {dagbag.py:588} INFO - Filling up the DagBag from /home/airflow/.local/lib/python3.12/site-packages/airflow/example_dags/example_complex.py
[2024-11-11T23:49:28.037+0000] {processor.py:925} INFO - DAG(s) 'example_complex' retrieved from /home/airflow/.local/lib/python3.12/site-packages/airflow/example_dags/example_complex.py
[2024-11-11T23:49:28.075+0000] {logging_mixin.py:190} INFO - [2024-11-11T23:49:28.075+0000] {dag.py:3239} INFO - Sync 1 DAGs
[2024-11-11T23:49:28.092+0000] {logging_mixin.py:190} INFO - [2024-11-11T23:49:28.092+0000] {dag.py:4180} INFO - Setting next_dagrun for example_complex to None, run_after=None
[2024-11-11T23:49:28.121+0000] {processor.py:208} INFO - Processing /home/airflow/.local/lib/python3.12/site-packages/airflow/example_dags/example_complex.py took 0.109 seconds
[2024-11-11T23:49:58.302+0000] {processor.py:186} INFO - Started process (PID=820) to work on /home/airflow/.local/lib/python3.12/site-packages/airflow/example_dags/example_complex.py
[2024-11-11T23:49:58.304+0000] {processor.py:914} INFO - Processing file /home/airflow/.local/lib/python3.12/site-packages/airflow/example_dags/example_complex.py for tasks to queue
[2024-11-11T23:49:58.307+0000] {logging_mixin.py:190} INFO - [2024-11-11T23:49:58.306+0000] {dagbag.py:588} INFO - Filling up the DagBag from /home/airflow/.local/lib/python3.12/site-packages/airflow/example_dags/example_complex.py
[2024-11-11T23:49:58.322+0000] {processor.py:925} INFO - DAG(s) 'example_complex' retrieved from /home/airflow/.local/lib/python3.12/site-packages/airflow/example_dags/example_complex.py
[2024-11-11T23:49:58.355+0000] {logging_mixin.py:190} INFO - [2024-11-11T23:49:58.355+0000] {dag.py:3239} INFO - Sync 1 DAGs
[2024-11-11T23:49:58.372+0000] {logging_mixin.py:190} INFO - [2024-11-11T23:49:58.372+0000] {dag.py:4180} INFO - Setting next_dagrun for example_complex to None, run_after=None
[2024-11-11T23:49:58.397+0000] {processor.py:208} INFO - Processing /home/airflow/.local/lib/python3.12/site-packages/airflow/example_dags/example_complex.py took 0.105 seconds
[2024-11-11T23:50:28.750+0000] {processor.py:186} INFO - Started process (PID=884) to work on /home/airflow/.local/lib/python3.12/site-packages/airflow/example_dags/example_complex.py
[2024-11-11T23:50:28.751+0000] {processor.py:914} INFO - Processing file /home/airflow/.local/lib/python3.12/site-packages/airflow/example_dags/example_complex.py for tasks to queue
[2024-11-11T23:50:28.755+0000] {logging_mixin.py:190} INFO - [2024-11-11T23:50:28.754+0000] {dagbag.py:588} INFO - Filling up the DagBag from /home/airflow/.local/lib/python3.12/site-packages/airflow/example_dags/example_complex.py
[2024-11-11T23:50:28.769+0000] {processor.py:925} INFO - DAG(s) 'example_complex' retrieved from /home/airflow/.local/lib/python3.12/site-packages/airflow/example_dags/example_complex.py
[2024-11-11T23:50:28.805+0000] {logging_mixin.py:190} INFO - [2024-11-11T23:50:28.804+0000] {dag.py:3239} INFO - Sync 1 DAGs
[2024-11-11T23:50:28.843+0000] {logging_mixin.py:190} INFO - [2024-11-11T23:50:28.842+0000] {dag.py:4180} INFO - Setting next_dagrun for example_complex to None, run_after=None
[2024-11-11T23:50:28.871+0000] {processor.py:208} INFO - Processing /home/airflow/.local/lib/python3.12/site-packages/airflow/example_dags/example_complex.py took 0.127 seconds
[2024-11-11T23:50:59.042+0000] {processor.py:186} INFO - Started process (PID=948) to work on /home/airflow/.local/lib/python3.12/site-packages/airflow/example_dags/example_complex.py
[2024-11-11T23:50:59.044+0000] {processor.py:914} INFO - Processing file /home/airflow/.local/lib/python3.12/site-packages/airflow/example_dags/example_complex.py for tasks to queue
[2024-11-11T23:50:59.047+0000] {logging_mixin.py:190} INFO - [2024-11-11T23:50:59.047+0000] {dagbag.py:588} INFO - Filling up the DagBag from /home/airflow/.local/lib/python3.12/site-packages/airflow/example_dags/example_complex.py
[2024-11-11T23:50:59.064+0000] {processor.py:925} INFO - DAG(s) 'example_complex' retrieved from /home/airflow/.local/lib/python3.12/site-packages/airflow/example_dags/example_complex.py
[2024-11-11T23:50:59.100+0000] {logging_mixin.py:190} INFO - [2024-11-11T23:50:59.100+0000] {dag.py:3239} INFO - Sync 1 DAGs
[2024-11-11T23:50:59.121+0000] {logging_mixin.py:190} INFO - [2024-11-11T23:50:59.121+0000] {dag.py:4180} INFO - Setting next_dagrun for example_complex to None, run_after=None
[2024-11-11T23:50:59.221+0000] {processor.py:208} INFO - Processing /home/airflow/.local/lib/python3.12/site-packages/airflow/example_dags/example_complex.py took 0.187 seconds
[2024-11-11T23:51:29.429+0000] {processor.py:186} INFO - Started process (PID=1012) to work on /home/airflow/.local/lib/python3.12/site-packages/airflow/example_dags/example_complex.py
[2024-11-11T23:51:29.431+0000] {processor.py:914} INFO - Processing file /home/airflow/.local/lib/python3.12/site-packages/airflow/example_dags/example_complex.py for tasks to queue
[2024-11-11T23:51:29.434+0000] {logging_mixin.py:190} INFO - [2024-11-11T23:51:29.433+0000] {dagbag.py:588} INFO - Filling up the DagBag from /home/airflow/.local/lib/python3.12/site-packages/airflow/example_dags/example_complex.py
[2024-11-11T23:51:29.448+0000] {processor.py:925} INFO - DAG(s) 'example_complex' retrieved from /home/airflow/.local/lib/python3.12/site-packages/airflow/example_dags/example_complex.py
[2024-11-11T23:51:29.483+0000] {logging_mixin.py:190} INFO - [2024-11-11T23:51:29.482+0000] {dag.py:3239} INFO - Sync 1 DAGs
[2024-11-11T23:51:29.498+0000] {logging_mixin.py:190} INFO - [2024-11-11T23:51:29.498+0000] {dag.py:4180} INFO - Setting next_dagrun for example_complex to None, run_after=None
[2024-11-11T23:51:29.524+0000] {processor.py:208} INFO - Processing /home/airflow/.local/lib/python3.12/site-packages/airflow/example_dags/example_complex.py took 0.103 seconds
[2024-11-11T23:51:59.697+0000] {processor.py:186} INFO - Started process (PID=1076) to work on /home/airflow/.local/lib/python3.12/site-packages/airflow/example_dags/example_complex.py
[2024-11-11T23:51:59.699+0000] {processor.py:914} INFO - Processing file /home/airflow/.local/lib/python3.12/site-packages/airflow/example_dags/example_complex.py for tasks to queue
[2024-11-11T23:51:59.701+0000] {logging_mixin.py:190} INFO - [2024-11-11T23:51:59.701+0000] {dagbag.py:588} INFO - Filling up the DagBag from /home/airflow/.local/lib/python3.12/site-packages/airflow/example_dags/example_complex.py
[2024-11-11T23:51:59.729+0000] {processor.py:925} INFO - DAG(s) 'example_complex' retrieved from /home/airflow/.local/lib/python3.12/site-packages/airflow/example_dags/example_complex.py
[2024-11-11T23:51:59.768+0000] {logging_mixin.py:190} INFO - [2024-11-11T23:51:59.767+0000] {dag.py:3239} INFO - Sync 1 DAGs
[2024-11-11T23:51:59.785+0000] {logging_mixin.py:190} INFO - [2024-11-11T23:51:59.784+0000] {dag.py:4180} INFO - Setting next_dagrun for example_complex to None, run_after=None
[2024-11-11T23:51:59.900+0000] {processor.py:208} INFO - Processing /home/airflow/.local/lib/python3.12/site-packages/airflow/example_dags/example_complex.py took 0.209 seconds
[2024-11-11T23:52:30.118+0000] {processor.py:186} INFO - Started process (PID=1140) to work on /home/airflow/.local/lib/python3.12/site-packages/airflow/example_dags/example_complex.py
[2024-11-11T23:52:30.120+0000] {processor.py:914} INFO - Processing file /home/airflow/.local/lib/python3.12/site-packages/airflow/example_dags/example_complex.py for tasks to queue
[2024-11-11T23:52:30.122+0000] {logging_mixin.py:190} INFO - [2024-11-11T23:52:30.122+0000] {dagbag.py:588} INFO - Filling up the DagBag from /home/airflow/.local/lib/python3.12/site-packages/airflow/example_dags/example_complex.py
[2024-11-11T23:52:30.135+0000] {processor.py:925} INFO - DAG(s) 'example_complex' retrieved from /home/airflow/.local/lib/python3.12/site-packages/airflow/example_dags/example_complex.py
[2024-11-11T23:52:30.169+0000] {logging_mixin.py:190} INFO - [2024-11-11T23:52:30.169+0000] {dag.py:3239} INFO - Sync 1 DAGs
[2024-11-11T23:52:30.186+0000] {logging_mixin.py:190} INFO - [2024-11-11T23:52:30.185+0000] {dag.py:4180} INFO - Setting next_dagrun for example_complex to None, run_after=None
[2024-11-11T23:52:30.212+0000] {processor.py:208} INFO - Processing /home/airflow/.local/lib/python3.12/site-packages/airflow/example_dags/example_complex.py took 0.100 seconds
[2024-11-11T23:53:00.329+0000] {processor.py:186} INFO - Started process (PID=1204) to work on /home/airflow/.local/lib/python3.12/site-packages/airflow/example_dags/example_complex.py
[2024-11-11T23:53:00.330+0000] {processor.py:914} INFO - Processing file /home/airflow/.local/lib/python3.12/site-packages/airflow/example_dags/example_complex.py for tasks to queue
[2024-11-11T23:53:00.333+0000] {logging_mixin.py:190} INFO - [2024-11-11T23:53:00.333+0000] {dagbag.py:588} INFO - Filling up the DagBag from /home/airflow/.local/lib/python3.12/site-packages/airflow/example_dags/example_complex.py
[2024-11-11T23:53:00.346+0000] {processor.py:925} INFO - DAG(s) 'example_complex' retrieved from /home/airflow/.local/lib/python3.12/site-packages/airflow/example_dags/example_complex.py
[2024-11-11T23:53:00.382+0000] {logging_mixin.py:190} INFO - [2024-11-11T23:53:00.381+0000] {dag.py:3239} INFO - Sync 1 DAGs
[2024-11-11T23:53:00.400+0000] {logging_mixin.py:190} INFO - [2024-11-11T23:53:00.399+0000] {dag.py:4180} INFO - Setting next_dagrun for example_complex to None, run_after=None
[2024-11-11T23:53:00.430+0000] {processor.py:208} INFO - Processing /home/airflow/.local/lib/python3.12/site-packages/airflow/example_dags/example_complex.py took 0.109 seconds
[2024-11-11T23:53:30.581+0000] {processor.py:186} INFO - Started process (PID=1269) to work on /home/airflow/.local/lib/python3.12/site-packages/airflow/example_dags/example_complex.py
[2024-11-11T23:53:30.582+0000] {processor.py:914} INFO - Processing file /home/airflow/.local/lib/python3.12/site-packages/airflow/example_dags/example_complex.py for tasks to queue
[2024-11-11T23:53:30.585+0000] {logging_mixin.py:190} INFO - [2024-11-11T23:53:30.584+0000] {dagbag.py:588} INFO - Filling up the DagBag from /home/airflow/.local/lib/python3.12/site-packages/airflow/example_dags/example_complex.py
[2024-11-11T23:53:30.597+0000] {processor.py:925} INFO - DAG(s) 'example_complex' retrieved from /home/airflow/.local/lib/python3.12/site-packages/airflow/example_dags/example_complex.py
[2024-11-11T23:53:30.631+0000] {logging_mixin.py:190} INFO - [2024-11-11T23:53:30.631+0000] {dag.py:3239} INFO - Sync 1 DAGs
[2024-11-11T23:53:30.656+0000] {logging_mixin.py:190} INFO - [2024-11-11T23:53:30.656+0000] {dag.py:4180} INFO - Setting next_dagrun for example_complex to None, run_after=None
[2024-11-11T23:53:30.681+0000] {processor.py:208} INFO - Processing /home/airflow/.local/lib/python3.12/site-packages/airflow/example_dags/example_complex.py took 0.106 seconds
[2024-11-11T23:54:01.265+0000] {processor.py:186} INFO - Started process (PID=1334) to work on /home/airflow/.local/lib/python3.12/site-packages/airflow/example_dags/example_complex.py
[2024-11-11T23:54:01.267+0000] {processor.py:914} INFO - Processing file /home/airflow/.local/lib/python3.12/site-packages/airflow/example_dags/example_complex.py for tasks to queue
[2024-11-11T23:54:01.269+0000] {logging_mixin.py:190} INFO - [2024-11-11T23:54:01.269+0000] {dagbag.py:588} INFO - Filling up the DagBag from /home/airflow/.local/lib/python3.12/site-packages/airflow/example_dags/example_complex.py
[2024-11-11T23:54:01.281+0000] {processor.py:925} INFO - DAG(s) 'example_complex' retrieved from /home/airflow/.local/lib/python3.12/site-packages/airflow/example_dags/example_complex.py
[2024-11-11T23:54:01.325+0000] {logging_mixin.py:190} INFO - [2024-11-11T23:54:01.324+0000] {dag.py:3239} INFO - Sync 1 DAGs
[2024-11-11T23:54:01.343+0000] {logging_mixin.py:190} INFO - [2024-11-11T23:54:01.343+0000] {dag.py:4180} INFO - Setting next_dagrun for example_complex to None, run_after=None
[2024-11-11T23:54:01.376+0000] {processor.py:208} INFO - Processing /home/airflow/.local/lib/python3.12/site-packages/airflow/example_dags/example_complex.py took 0.117 seconds
[2024-11-11T23:54:31.588+0000] {processor.py:186} INFO - Started process (PID=1394) to work on /home/airflow/.local/lib/python3.12/site-packages/airflow/example_dags/example_complex.py
[2024-11-11T23:54:31.589+0000] {processor.py:914} INFO - Processing file /home/airflow/.local/lib/python3.12/site-packages/airflow/example_dags/example_complex.py for tasks to queue
[2024-11-11T23:54:31.593+0000] {logging_mixin.py:190} INFO - [2024-11-11T23:54:31.593+0000] {dagbag.py:588} INFO - Filling up the DagBag from /home/airflow/.local/lib/python3.12/site-packages/airflow/example_dags/example_complex.py
[2024-11-11T23:54:31.609+0000] {processor.py:925} INFO - DAG(s) 'example_complex' retrieved from /home/airflow/.local/lib/python3.12/site-packages/airflow/example_dags/example_complex.py
[2024-11-11T23:54:31.649+0000] {logging_mixin.py:190} INFO - [2024-11-11T23:54:31.648+0000] {dag.py:3239} INFO - Sync 1 DAGs
[2024-11-11T23:54:31.678+0000] {logging_mixin.py:190} INFO - [2024-11-11T23:54:31.678+0000] {dag.py:4180} INFO - Setting next_dagrun for example_complex to None, run_after=None
[2024-11-11T23:54:31.716+0000] {processor.py:208} INFO - Processing /home/airflow/.local/lib/python3.12/site-packages/airflow/example_dags/example_complex.py took 0.137 seconds
[2024-11-11T23:55:02.147+0000] {processor.py:186} INFO - Started process (PID=1455) to work on /home/airflow/.local/lib/python3.12/site-packages/airflow/example_dags/example_complex.py
[2024-11-11T23:55:02.148+0000] {processor.py:914} INFO - Processing file /home/airflow/.local/lib/python3.12/site-packages/airflow/example_dags/example_complex.py for tasks to queue
[2024-11-11T23:55:02.151+0000] {logging_mixin.py:190} INFO - [2024-11-11T23:55:02.151+0000] {dagbag.py:588} INFO - Filling up the DagBag from /home/airflow/.local/lib/python3.12/site-packages/airflow/example_dags/example_complex.py
[2024-11-11T23:55:02.163+0000] {processor.py:925} INFO - DAG(s) 'example_complex' retrieved from /home/airflow/.local/lib/python3.12/site-packages/airflow/example_dags/example_complex.py
[2024-11-11T23:55:02.204+0000] {logging_mixin.py:190} INFO - [2024-11-11T23:55:02.203+0000] {dag.py:3239} INFO - Sync 1 DAGs
[2024-11-11T23:55:02.225+0000] {logging_mixin.py:190} INFO - [2024-11-11T23:55:02.225+0000] {dag.py:4180} INFO - Setting next_dagrun for example_complex to None, run_after=None
[2024-11-11T23:55:02.272+0000] {processor.py:208} INFO - Processing /home/airflow/.local/lib/python3.12/site-packages/airflow/example_dags/example_complex.py took 0.132 seconds
[2024-11-11T23:55:32.971+0000] {processor.py:186} INFO - Started process (PID=1519) to work on /home/airflow/.local/lib/python3.12/site-packages/airflow/example_dags/example_complex.py
[2024-11-11T23:55:32.972+0000] {processor.py:914} INFO - Processing file /home/airflow/.local/lib/python3.12/site-packages/airflow/example_dags/example_complex.py for tasks to queue
[2024-11-11T23:55:32.975+0000] {logging_mixin.py:190} INFO - [2024-11-11T23:55:32.974+0000] {dagbag.py:588} INFO - Filling up the DagBag from /home/airflow/.local/lib/python3.12/site-packages/airflow/example_dags/example_complex.py
[2024-11-11T23:55:32.989+0000] {processor.py:925} INFO - DAG(s) 'example_complex' retrieved from /home/airflow/.local/lib/python3.12/site-packages/airflow/example_dags/example_complex.py
[2024-11-11T23:55:33.026+0000] {logging_mixin.py:190} INFO - [2024-11-11T23:55:33.026+0000] {dag.py:3239} INFO - Sync 1 DAGs
[2024-11-11T23:55:33.044+0000] {logging_mixin.py:190} INFO - [2024-11-11T23:55:33.043+0000] {dag.py:4180} INFO - Setting next_dagrun for example_complex to None, run_after=None
[2024-11-11T23:55:33.071+0000] {processor.py:208} INFO - Processing /home/airflow/.local/lib/python3.12/site-packages/airflow/example_dags/example_complex.py took 0.107 seconds
[2024-11-11T23:56:03.548+0000] {processor.py:186} INFO - Started process (PID=1583) to work on /home/airflow/.local/lib/python3.12/site-packages/airflow/example_dags/example_complex.py
[2024-11-11T23:56:03.549+0000] {processor.py:914} INFO - Processing file /home/airflow/.local/lib/python3.12/site-packages/airflow/example_dags/example_complex.py for tasks to queue
[2024-11-11T23:56:03.552+0000] {logging_mixin.py:190} INFO - [2024-11-11T23:56:03.552+0000] {dagbag.py:588} INFO - Filling up the DagBag from /home/airflow/.local/lib/python3.12/site-packages/airflow/example_dags/example_complex.py
[2024-11-11T23:56:03.564+0000] {processor.py:925} INFO - DAG(s) 'example_complex' retrieved from /home/airflow/.local/lib/python3.12/site-packages/airflow/example_dags/example_complex.py
[2024-11-11T23:56:03.595+0000] {logging_mixin.py:190} INFO - [2024-11-11T23:56:03.595+0000] {dag.py:3239} INFO - Sync 1 DAGs
[2024-11-11T23:56:03.611+0000] {logging_mixin.py:190} INFO - [2024-11-11T23:56:03.610+0000] {dag.py:4180} INFO - Setting next_dagrun for example_complex to None, run_after=None
[2024-11-11T23:56:03.649+0000] {processor.py:208} INFO - Processing /home/airflow/.local/lib/python3.12/site-packages/airflow/example_dags/example_complex.py took 0.107 seconds
[2024-11-11T23:56:34.321+0000] {processor.py:186} INFO - Started process (PID=1647) to work on /home/airflow/.local/lib/python3.12/site-packages/airflow/example_dags/example_complex.py
[2024-11-11T23:56:34.322+0000] {processor.py:914} INFO - Processing file /home/airflow/.local/lib/python3.12/site-packages/airflow/example_dags/example_complex.py for tasks to queue
[2024-11-11T23:56:34.325+0000] {logging_mixin.py:190} INFO - [2024-11-11T23:56:34.325+0000] {dagbag.py:588} INFO - Filling up the DagBag from /home/airflow/.local/lib/python3.12/site-packages/airflow/example_dags/example_complex.py
[2024-11-11T23:56:34.343+0000] {processor.py:925} INFO - DAG(s) 'example_complex' retrieved from /home/airflow/.local/lib/python3.12/site-packages/airflow/example_dags/example_complex.py
[2024-11-11T23:56:34.376+0000] {logging_mixin.py:190} INFO - [2024-11-11T23:56:34.375+0000] {dag.py:3239} INFO - Sync 1 DAGs
[2024-11-11T23:56:34.392+0000] {logging_mixin.py:190} INFO - [2024-11-11T23:56:34.392+0000] {dag.py:4180} INFO - Setting next_dagrun for example_complex to None, run_after=None
[2024-11-11T23:56:34.413+0000] {processor.py:208} INFO - Processing /home/airflow/.local/lib/python3.12/site-packages/airflow/example_dags/example_complex.py took 0.101 seconds
[2024-11-11T23:57:04.740+0000] {processor.py:186} INFO - Started process (PID=1710) to work on /home/airflow/.local/lib/python3.12/site-packages/airflow/example_dags/example_complex.py
[2024-11-11T23:57:04.741+0000] {processor.py:914} INFO - Processing file /home/airflow/.local/lib/python3.12/site-packages/airflow/example_dags/example_complex.py for tasks to queue
[2024-11-11T23:57:04.745+0000] {logging_mixin.py:190} INFO - [2024-11-11T23:57:04.744+0000] {dagbag.py:588} INFO - Filling up the DagBag from /home/airflow/.local/lib/python3.12/site-packages/airflow/example_dags/example_complex.py
[2024-11-11T23:57:04.762+0000] {processor.py:925} INFO - DAG(s) 'example_complex' retrieved from /home/airflow/.local/lib/python3.12/site-packages/airflow/example_dags/example_complex.py
[2024-11-11T23:57:04.795+0000] {logging_mixin.py:190} INFO - [2024-11-11T23:57:04.794+0000] {dag.py:3239} INFO - Sync 1 DAGs
[2024-11-11T23:57:04.814+0000] {logging_mixin.py:190} INFO - [2024-11-11T23:57:04.813+0000] {dag.py:4180} INFO - Setting next_dagrun for example_complex to None, run_after=None
[2024-11-11T23:57:04.838+0000] {processor.py:208} INFO - Processing /home/airflow/.local/lib/python3.12/site-packages/airflow/example_dags/example_complex.py took 0.110 seconds
[2024-11-11T23:57:35.034+0000] {processor.py:186} INFO - Started process (PID=1774) to work on /home/airflow/.local/lib/python3.12/site-packages/airflow/example_dags/example_complex.py
[2024-11-11T23:57:35.035+0000] {processor.py:914} INFO - Processing file /home/airflow/.local/lib/python3.12/site-packages/airflow/example_dags/example_complex.py for tasks to queue
[2024-11-11T23:57:35.038+0000] {logging_mixin.py:190} INFO - [2024-11-11T23:57:35.038+0000] {dagbag.py:588} INFO - Filling up the DagBag from /home/airflow/.local/lib/python3.12/site-packages/airflow/example_dags/example_complex.py
[2024-11-11T23:57:35.061+0000] {processor.py:925} INFO - DAG(s) 'example_complex' retrieved from /home/airflow/.local/lib/python3.12/site-packages/airflow/example_dags/example_complex.py
[2024-11-11T23:57:35.103+0000] {logging_mixin.py:190} INFO - [2024-11-11T23:57:35.102+0000] {dag.py:3239} INFO - Sync 1 DAGs
[2024-11-11T23:57:35.122+0000] {logging_mixin.py:190} INFO - [2024-11-11T23:57:35.121+0000] {dag.py:4180} INFO - Setting next_dagrun for example_complex to None, run_after=None
[2024-11-11T23:57:35.150+0000] {processor.py:208} INFO - Processing /home/airflow/.local/lib/python3.12/site-packages/airflow/example_dags/example_complex.py took 0.123 seconds
[2024-11-11T23:58:06.003+0000] {processor.py:186} INFO - Started process (PID=1838) to work on /home/airflow/.local/lib/python3.12/site-packages/airflow/example_dags/example_complex.py
[2024-11-11T23:58:06.005+0000] {processor.py:914} INFO - Processing file /home/airflow/.local/lib/python3.12/site-packages/airflow/example_dags/example_complex.py for tasks to queue
[2024-11-11T23:58:06.010+0000] {logging_mixin.py:190} INFO - [2024-11-11T23:58:06.009+0000] {dagbag.py:588} INFO - Filling up the DagBag from /home/airflow/.local/lib/python3.12/site-packages/airflow/example_dags/example_complex.py
[2024-11-11T23:58:06.032+0000] {processor.py:925} INFO - DAG(s) 'example_complex' retrieved from /home/airflow/.local/lib/python3.12/site-packages/airflow/example_dags/example_complex.py
[2024-11-11T23:58:06.080+0000] {logging_mixin.py:190} INFO - [2024-11-11T23:58:06.079+0000] {dag.py:3239} INFO - Sync 1 DAGs
[2024-11-11T23:58:06.100+0000] {logging_mixin.py:190} INFO - [2024-11-11T23:58:06.099+0000] {dag.py:4180} INFO - Setting next_dagrun for example_complex to None, run_after=None
[2024-11-11T23:58:06.130+0000] {processor.py:208} INFO - Processing /home/airflow/.local/lib/python3.12/site-packages/airflow/example_dags/example_complex.py took 0.136 seconds
[2024-11-11T23:58:36.229+0000] {processor.py:186} INFO - Started process (PID=1908) to work on /home/airflow/.local/lib/python3.12/site-packages/airflow/example_dags/example_complex.py
[2024-11-11T23:58:36.230+0000] {processor.py:914} INFO - Processing file /home/airflow/.local/lib/python3.12/site-packages/airflow/example_dags/example_complex.py for tasks to queue
[2024-11-11T23:58:36.233+0000] {logging_mixin.py:190} INFO - [2024-11-11T23:58:36.233+0000] {dagbag.py:588} INFO - Filling up the DagBag from /home/airflow/.local/lib/python3.12/site-packages/airflow/example_dags/example_complex.py
[2024-11-11T23:58:36.245+0000] {processor.py:925} INFO - DAG(s) 'example_complex' retrieved from /home/airflow/.local/lib/python3.12/site-packages/airflow/example_dags/example_complex.py
[2024-11-11T23:58:36.297+0000] {logging_mixin.py:190} INFO - [2024-11-11T23:58:36.296+0000] {dag.py:3239} INFO - Sync 1 DAGs
[2024-11-11T23:58:36.321+0000] {logging_mixin.py:190} INFO - [2024-11-11T23:58:36.320+0000] {dag.py:4180} INFO - Setting next_dagrun for example_complex to None, run_after=None
[2024-11-11T23:58:36.345+0000] {processor.py:208} INFO - Processing /home/airflow/.local/lib/python3.12/site-packages/airflow/example_dags/example_complex.py took 0.122 seconds
[2024-11-11T23:59:06.460+0000] {processor.py:186} INFO - Started process (PID=1972) to work on /home/airflow/.local/lib/python3.12/site-packages/airflow/example_dags/example_complex.py
[2024-11-11T23:59:06.461+0000] {processor.py:914} INFO - Processing file /home/airflow/.local/lib/python3.12/site-packages/airflow/example_dags/example_complex.py for tasks to queue
[2024-11-11T23:59:06.465+0000] {logging_mixin.py:190} INFO - [2024-11-11T23:59:06.464+0000] {dagbag.py:588} INFO - Filling up the DagBag from /home/airflow/.local/lib/python3.12/site-packages/airflow/example_dags/example_complex.py
[2024-11-11T23:59:06.484+0000] {processor.py:925} INFO - DAG(s) 'example_complex' retrieved from /home/airflow/.local/lib/python3.12/site-packages/airflow/example_dags/example_complex.py
[2024-11-11T23:59:06.537+0000] {logging_mixin.py:190} INFO - [2024-11-11T23:59:06.537+0000] {dag.py:3239} INFO - Sync 1 DAGs
[2024-11-11T23:59:06.551+0000] {logging_mixin.py:190} INFO - [2024-11-11T23:59:06.551+0000] {dag.py:4180} INFO - Setting next_dagrun for example_complex to None, run_after=None
[2024-11-11T23:59:06.574+0000] {processor.py:208} INFO - Processing /home/airflow/.local/lib/python3.12/site-packages/airflow/example_dags/example_complex.py took 0.122 seconds
[2024-11-11T23:59:36.785+0000] {processor.py:186} INFO - Started process (PID=2036) to work on /home/airflow/.local/lib/python3.12/site-packages/airflow/example_dags/example_complex.py
[2024-11-11T23:59:36.787+0000] {processor.py:914} INFO - Processing file /home/airflow/.local/lib/python3.12/site-packages/airflow/example_dags/example_complex.py for tasks to queue
[2024-11-11T23:59:36.792+0000] {logging_mixin.py:190} INFO - [2024-11-11T23:59:36.791+0000] {dagbag.py:588} INFO - Filling up the DagBag from /home/airflow/.local/lib/python3.12/site-packages/airflow/example_dags/example_complex.py
[2024-11-11T23:59:36.812+0000] {processor.py:925} INFO - DAG(s) 'example_complex' retrieved from /home/airflow/.local/lib/python3.12/site-packages/airflow/example_dags/example_complex.py
[2024-11-11T23:59:36.846+0000] {logging_mixin.py:190} INFO - [2024-11-11T23:59:36.846+0000] {dag.py:3239} INFO - Sync 1 DAGs
[2024-11-11T23:59:36.865+0000] {logging_mixin.py:190} INFO - [2024-11-11T23:59:36.865+0000] {dag.py:4180} INFO - Setting next_dagrun for example_complex to None, run_after=None
[2024-11-11T23:59:36.898+0000] {processor.py:208} INFO - Processing /home/airflow/.local/lib/python3.12/site-packages/airflow/example_dags/example_complex.py took 0.122 seconds
