[2024-11-11T23:43:49.339+0000] {processor.py:186} INFO - Started process (PID=71) to work on /home/airflow/.local/lib/python3.12/site-packages/airflow/example_dags/example_external_task_marker_dag.py
[2024-11-11T23:43:49.348+0000] {processor.py:914} INFO - Processing file /home/airflow/.local/lib/python3.12/site-packages/airflow/example_dags/example_external_task_marker_dag.py for tasks to queue
[2024-11-11T23:43:49.366+0000] {logging_mixin.py:190} INFO - [2024-11-11T23:43:49.363+0000] {dagbag.py:588} INFO - Filling up the DagBag from /home/airflow/.local/lib/python3.12/site-packages/airflow/example_dags/example_external_task_marker_dag.py
[2024-11-11T23:43:49.425+0000] {processor.py:925} INFO - DAG(s) 'example_external_task_marker_child', 'example_external_task_marker_parent' retrieved from /home/airflow/.local/lib/python3.12/site-packages/airflow/example_dags/example_external_task_marker_dag.py
[2024-11-11T23:43:50.323+0000] {logging_mixin.py:190} INFO - [2024-11-11T23:43:50.316+0000] {override.py:1911} INFO - Created Permission View: can edit on DAG:example_external_task_marker_child
[2024-11-11T23:43:50.340+0000] {logging_mixin.py:190} INFO - [2024-11-11T23:43:50.340+0000] {override.py:1911} INFO - Created Permission View: can read on DAG:example_external_task_marker_child
[2024-11-11T23:43:50.353+0000] {logging_mixin.py:190} INFO - [2024-11-11T23:43:50.352+0000] {override.py:1911} INFO - Created Permission View: can delete on DAG:example_external_task_marker_child
[2024-11-11T23:43:50.376+0000] {logging_mixin.py:190} INFO - [2024-11-11T23:43:50.376+0000] {override.py:1911} INFO - Created Permission View: menu access on DAG Run:example_external_task_marker_child
[2024-11-11T23:43:50.390+0000] {logging_mixin.py:190} INFO - [2024-11-11T23:43:50.390+0000] {override.py:1911} INFO - Created Permission View: can read on DAG Run:example_external_task_marker_child
[2024-11-11T23:43:50.401+0000] {logging_mixin.py:190} INFO - [2024-11-11T23:43:50.400+0000] {override.py:1911} INFO - Created Permission View: can delete on DAG Run:example_external_task_marker_child
[2024-11-11T23:43:50.413+0000] {logging_mixin.py:190} INFO - [2024-11-11T23:43:50.413+0000] {override.py:1911} INFO - Created Permission View: can create on DAG Run:example_external_task_marker_child
[2024-11-11T23:43:50.442+0000] {logging_mixin.py:190} INFO - [2024-11-11T23:43:50.442+0000] {override.py:1911} INFO - Created Permission View: can edit on DAG:example_external_task_marker_parent
[2024-11-11T23:43:50.479+0000] {logging_mixin.py:190} INFO - [2024-11-11T23:43:50.478+0000] {override.py:1911} INFO - Created Permission View: can read on DAG:example_external_task_marker_parent
[2024-11-11T23:43:50.497+0000] {logging_mixin.py:190} INFO - [2024-11-11T23:43:50.496+0000] {override.py:1911} INFO - Created Permission View: can delete on DAG:example_external_task_marker_parent
[2024-11-11T23:43:50.519+0000] {logging_mixin.py:190} INFO - [2024-11-11T23:43:50.519+0000] {override.py:1911} INFO - Created Permission View: menu access on DAG Run:example_external_task_marker_parent
[2024-11-11T23:43:50.534+0000] {logging_mixin.py:190} INFO - [2024-11-11T23:43:50.533+0000] {override.py:1911} INFO - Created Permission View: can read on DAG Run:example_external_task_marker_parent
[2024-11-11T23:43:50.547+0000] {logging_mixin.py:190} INFO - [2024-11-11T23:43:50.547+0000] {override.py:1911} INFO - Created Permission View: can delete on DAG Run:example_external_task_marker_parent
[2024-11-11T23:43:50.563+0000] {logging_mixin.py:190} INFO - [2024-11-11T23:43:50.562+0000] {override.py:1911} INFO - Created Permission View: can create on DAG Run:example_external_task_marker_parent
[2024-11-11T23:43:50.564+0000] {logging_mixin.py:190} INFO - [2024-11-11T23:43:50.563+0000] {dag.py:3239} INFO - Sync 2 DAGs
[2024-11-11T23:43:50.634+0000] {logging_mixin.py:190} INFO - [2024-11-11T23:43:50.634+0000] {dag.py:3262} INFO - Creating ORM DAG for example_external_task_marker_child
[2024-11-11T23:43:50.641+0000] {logging_mixin.py:190} INFO - [2024-11-11T23:43:50.641+0000] {dag.py:3262} INFO - Creating ORM DAG for example_external_task_marker_parent
[2024-11-11T23:43:50.644+0000] {logging_mixin.py:190} INFO - [2024-11-11T23:43:50.644+0000] {dag.py:4180} INFO - Setting next_dagrun for example_external_task_marker_child to None, run_after=None
[2024-11-11T23:43:50.648+0000] {logging_mixin.py:190} INFO - [2024-11-11T23:43:50.647+0000] {dag.py:4180} INFO - Setting next_dagrun for example_external_task_marker_parent to None, run_after=None
[2024-11-11T23:43:50.720+0000] {processor.py:208} INFO - Processing /home/airflow/.local/lib/python3.12/site-packages/airflow/example_dags/example_external_task_marker_dag.py took 1.418 seconds
[2024-11-11T23:44:21.376+0000] {processor.py:186} INFO - Started process (PID=134) to work on /home/airflow/.local/lib/python3.12/site-packages/airflow/example_dags/example_external_task_marker_dag.py
[2024-11-11T23:44:21.400+0000] {processor.py:914} INFO - Processing file /home/airflow/.local/lib/python3.12/site-packages/airflow/example_dags/example_external_task_marker_dag.py for tasks to queue
[2024-11-11T23:44:21.402+0000] {logging_mixin.py:190} INFO - [2024-11-11T23:44:21.402+0000] {dagbag.py:588} INFO - Filling up the DagBag from /home/airflow/.local/lib/python3.12/site-packages/airflow/example_dags/example_external_task_marker_dag.py
[2024-11-11T23:44:21.464+0000] {processor.py:925} INFO - DAG(s) 'example_external_task_marker_child', 'example_external_task_marker_parent' retrieved from /home/airflow/.local/lib/python3.12/site-packages/airflow/example_dags/example_external_task_marker_dag.py
[2024-11-11T23:44:21.492+0000] {logging_mixin.py:190} INFO - [2024-11-11T23:44:21.491+0000] {dag.py:3239} INFO - Sync 2 DAGs
[2024-11-11T23:44:21.506+0000] {logging_mixin.py:190} INFO - [2024-11-11T23:44:21.506+0000] {dag.py:4180} INFO - Setting next_dagrun for example_external_task_marker_child to None, run_after=None
[2024-11-11T23:44:21.511+0000] {logging_mixin.py:190} INFO - [2024-11-11T23:44:21.510+0000] {dag.py:4180} INFO - Setting next_dagrun for example_external_task_marker_parent to None, run_after=None
[2024-11-11T23:44:21.620+0000] {processor.py:208} INFO - Processing /home/airflow/.local/lib/python3.12/site-packages/airflow/example_dags/example_external_task_marker_dag.py took 0.250 seconds
[2024-11-11T23:44:51.779+0000] {processor.py:186} INFO - Started process (PID=197) to work on /home/airflow/.local/lib/python3.12/site-packages/airflow/example_dags/example_external_task_marker_dag.py
[2024-11-11T23:44:51.781+0000] {processor.py:914} INFO - Processing file /home/airflow/.local/lib/python3.12/site-packages/airflow/example_dags/example_external_task_marker_dag.py for tasks to queue
[2024-11-11T23:44:51.790+0000] {logging_mixin.py:190} INFO - [2024-11-11T23:44:51.789+0000] {dagbag.py:588} INFO - Filling up the DagBag from /home/airflow/.local/lib/python3.12/site-packages/airflow/example_dags/example_external_task_marker_dag.py
[2024-11-11T23:44:51.807+0000] {processor.py:925} INFO - DAG(s) 'example_external_task_marker_child', 'example_external_task_marker_parent' retrieved from /home/airflow/.local/lib/python3.12/site-packages/airflow/example_dags/example_external_task_marker_dag.py
[2024-11-11T23:44:51.836+0000] {logging_mixin.py:190} INFO - [2024-11-11T23:44:51.836+0000] {dag.py:3239} INFO - Sync 2 DAGs
[2024-11-11T23:44:51.856+0000] {logging_mixin.py:190} INFO - [2024-11-11T23:44:51.856+0000] {dag.py:4180} INFO - Setting next_dagrun for example_external_task_marker_child to None, run_after=None
[2024-11-11T23:44:51.861+0000] {logging_mixin.py:190} INFO - [2024-11-11T23:44:51.860+0000] {dag.py:4180} INFO - Setting next_dagrun for example_external_task_marker_parent to None, run_after=None
[2024-11-11T23:44:51.881+0000] {processor.py:208} INFO - Processing /home/airflow/.local/lib/python3.12/site-packages/airflow/example_dags/example_external_task_marker_dag.py took 0.109 seconds
[2024-11-11T23:45:22.350+0000] {processor.py:186} INFO - Started process (PID=260) to work on /home/airflow/.local/lib/python3.12/site-packages/airflow/example_dags/example_external_task_marker_dag.py
[2024-11-11T23:45:22.352+0000] {processor.py:914} INFO - Processing file /home/airflow/.local/lib/python3.12/site-packages/airflow/example_dags/example_external_task_marker_dag.py for tasks to queue
[2024-11-11T23:45:22.354+0000] {logging_mixin.py:190} INFO - [2024-11-11T23:45:22.354+0000] {dagbag.py:588} INFO - Filling up the DagBag from /home/airflow/.local/lib/python3.12/site-packages/airflow/example_dags/example_external_task_marker_dag.py
[2024-11-11T23:45:22.366+0000] {processor.py:925} INFO - DAG(s) 'example_external_task_marker_child', 'example_external_task_marker_parent' retrieved from /home/airflow/.local/lib/python3.12/site-packages/airflow/example_dags/example_external_task_marker_dag.py
[2024-11-11T23:45:22.393+0000] {logging_mixin.py:190} INFO - [2024-11-11T23:45:22.392+0000] {dag.py:3239} INFO - Sync 2 DAGs
[2024-11-11T23:45:22.407+0000] {logging_mixin.py:190} INFO - [2024-11-11T23:45:22.406+0000] {dag.py:4180} INFO - Setting next_dagrun for example_external_task_marker_child to None, run_after=None
[2024-11-11T23:45:22.411+0000] {logging_mixin.py:190} INFO - [2024-11-11T23:45:22.411+0000] {dag.py:4180} INFO - Setting next_dagrun for example_external_task_marker_parent to None, run_after=None
[2024-11-11T23:45:22.433+0000] {processor.py:208} INFO - Processing /home/airflow/.local/lib/python3.12/site-packages/airflow/example_dags/example_external_task_marker_dag.py took 0.088 seconds
[2024-11-11T23:45:54.564+0000] {processor.py:186} INFO - Started process (PID=314) to work on /home/airflow/.local/lib/python3.12/site-packages/airflow/example_dags/example_external_task_marker_dag.py
[2024-11-11T23:45:54.565+0000] {processor.py:914} INFO - Processing file /home/airflow/.local/lib/python3.12/site-packages/airflow/example_dags/example_external_task_marker_dag.py for tasks to queue
[2024-11-11T23:45:54.568+0000] {logging_mixin.py:190} INFO - [2024-11-11T23:45:54.568+0000] {dagbag.py:588} INFO - Filling up the DagBag from /home/airflow/.local/lib/python3.12/site-packages/airflow/example_dags/example_external_task_marker_dag.py
[2024-11-11T23:45:54.576+0000] {processor.py:925} INFO - DAG(s) 'example_external_task_marker_parent', 'example_external_task_marker_child' retrieved from /home/airflow/.local/lib/python3.12/site-packages/airflow/example_dags/example_external_task_marker_dag.py
[2024-11-11T23:45:54.602+0000] {logging_mixin.py:190} INFO - [2024-11-11T23:45:54.601+0000] {dag.py:3239} INFO - Sync 2 DAGs
[2024-11-11T23:45:54.617+0000] {logging_mixin.py:190} INFO - [2024-11-11T23:45:54.616+0000] {dag.py:4180} INFO - Setting next_dagrun for example_external_task_marker_child to None, run_after=None
[2024-11-11T23:45:54.621+0000] {logging_mixin.py:190} INFO - [2024-11-11T23:45:54.621+0000] {dag.py:4180} INFO - Setting next_dagrun for example_external_task_marker_parent to None, run_after=None
[2024-11-11T23:45:54.642+0000] {processor.py:208} INFO - Processing /home/airflow/.local/lib/python3.12/site-packages/airflow/example_dags/example_external_task_marker_dag.py took 0.083 seconds
[2024-11-11T23:46:25.222+0000] {processor.py:186} INFO - Started process (PID=374) to work on /home/airflow/.local/lib/python3.12/site-packages/airflow/example_dags/example_external_task_marker_dag.py
[2024-11-11T23:46:25.224+0000] {processor.py:914} INFO - Processing file /home/airflow/.local/lib/python3.12/site-packages/airflow/example_dags/example_external_task_marker_dag.py for tasks to queue
[2024-11-11T23:46:25.227+0000] {logging_mixin.py:190} INFO - [2024-11-11T23:46:25.227+0000] {dagbag.py:588} INFO - Filling up the DagBag from /home/airflow/.local/lib/python3.12/site-packages/airflow/example_dags/example_external_task_marker_dag.py
[2024-11-11T23:46:25.238+0000] {processor.py:925} INFO - DAG(s) 'example_external_task_marker_parent', 'example_external_task_marker_child' retrieved from /home/airflow/.local/lib/python3.12/site-packages/airflow/example_dags/example_external_task_marker_dag.py
[2024-11-11T23:46:25.270+0000] {logging_mixin.py:190} INFO - [2024-11-11T23:46:25.270+0000] {dag.py:3239} INFO - Sync 2 DAGs
[2024-11-11T23:46:25.294+0000] {logging_mixin.py:190} INFO - [2024-11-11T23:46:25.294+0000] {dag.py:4180} INFO - Setting next_dagrun for example_external_task_marker_child to None, run_after=None
[2024-11-11T23:46:25.300+0000] {logging_mixin.py:190} INFO - [2024-11-11T23:46:25.300+0000] {dag.py:4180} INFO - Setting next_dagrun for example_external_task_marker_parent to None, run_after=None
[2024-11-11T23:46:25.333+0000] {processor.py:208} INFO - Processing /home/airflow/.local/lib/python3.12/site-packages/airflow/example_dags/example_external_task_marker_dag.py took 0.119 seconds
[2024-11-11T23:46:55.839+0000] {processor.py:186} INFO - Started process (PID=437) to work on /home/airflow/.local/lib/python3.12/site-packages/airflow/example_dags/example_external_task_marker_dag.py
[2024-11-11T23:46:55.841+0000] {processor.py:914} INFO - Processing file /home/airflow/.local/lib/python3.12/site-packages/airflow/example_dags/example_external_task_marker_dag.py for tasks to queue
[2024-11-11T23:46:55.843+0000] {logging_mixin.py:190} INFO - [2024-11-11T23:46:55.843+0000] {dagbag.py:588} INFO - Filling up the DagBag from /home/airflow/.local/lib/python3.12/site-packages/airflow/example_dags/example_external_task_marker_dag.py
[2024-11-11T23:46:55.852+0000] {processor.py:925} INFO - DAG(s) 'example_external_task_marker_parent', 'example_external_task_marker_child' retrieved from /home/airflow/.local/lib/python3.12/site-packages/airflow/example_dags/example_external_task_marker_dag.py
[2024-11-11T23:46:55.876+0000] {logging_mixin.py:190} INFO - [2024-11-11T23:46:55.876+0000] {dag.py:3239} INFO - Sync 2 DAGs
[2024-11-11T23:46:55.892+0000] {logging_mixin.py:190} INFO - [2024-11-11T23:46:55.891+0000] {dag.py:4180} INFO - Setting next_dagrun for example_external_task_marker_child to None, run_after=None
[2024-11-11T23:46:55.897+0000] {logging_mixin.py:190} INFO - [2024-11-11T23:46:55.896+0000] {dag.py:4180} INFO - Setting next_dagrun for example_external_task_marker_parent to None, run_after=None
[2024-11-11T23:46:55.921+0000] {processor.py:208} INFO - Processing /home/airflow/.local/lib/python3.12/site-packages/airflow/example_dags/example_external_task_marker_dag.py took 0.087 seconds
[2024-11-11T23:47:26.669+0000] {processor.py:186} INFO - Started process (PID=500) to work on /home/airflow/.local/lib/python3.12/site-packages/airflow/example_dags/example_external_task_marker_dag.py
[2024-11-11T23:47:26.670+0000] {processor.py:914} INFO - Processing file /home/airflow/.local/lib/python3.12/site-packages/airflow/example_dags/example_external_task_marker_dag.py for tasks to queue
[2024-11-11T23:47:26.674+0000] {logging_mixin.py:190} INFO - [2024-11-11T23:47:26.673+0000] {dagbag.py:588} INFO - Filling up the DagBag from /home/airflow/.local/lib/python3.12/site-packages/airflow/example_dags/example_external_task_marker_dag.py
[2024-11-11T23:47:26.684+0000] {processor.py:925} INFO - DAG(s) 'example_external_task_marker_parent', 'example_external_task_marker_child' retrieved from /home/airflow/.local/lib/python3.12/site-packages/airflow/example_dags/example_external_task_marker_dag.py
[2024-11-11T23:47:26.713+0000] {logging_mixin.py:190} INFO - [2024-11-11T23:47:26.713+0000] {dag.py:3239} INFO - Sync 2 DAGs
[2024-11-11T23:47:26.730+0000] {logging_mixin.py:190} INFO - [2024-11-11T23:47:26.730+0000] {dag.py:4180} INFO - Setting next_dagrun for example_external_task_marker_child to None, run_after=None
[2024-11-11T23:47:26.734+0000] {logging_mixin.py:190} INFO - [2024-11-11T23:47:26.734+0000] {dag.py:4180} INFO - Setting next_dagrun for example_external_task_marker_parent to None, run_after=None
[2024-11-11T23:47:26.758+0000] {processor.py:208} INFO - Processing /home/airflow/.local/lib/python3.12/site-packages/airflow/example_dags/example_external_task_marker_dag.py took 0.096 seconds
[2024-11-11T23:47:57.106+0000] {processor.py:186} INFO - Started process (PID=563) to work on /home/airflow/.local/lib/python3.12/site-packages/airflow/example_dags/example_external_task_marker_dag.py
[2024-11-11T23:47:57.107+0000] {processor.py:914} INFO - Processing file /home/airflow/.local/lib/python3.12/site-packages/airflow/example_dags/example_external_task_marker_dag.py for tasks to queue
[2024-11-11T23:47:57.110+0000] {logging_mixin.py:190} INFO - [2024-11-11T23:47:57.110+0000] {dagbag.py:588} INFO - Filling up the DagBag from /home/airflow/.local/lib/python3.12/site-packages/airflow/example_dags/example_external_task_marker_dag.py
[2024-11-11T23:47:57.119+0000] {processor.py:925} INFO - DAG(s) 'example_external_task_marker_parent', 'example_external_task_marker_child' retrieved from /home/airflow/.local/lib/python3.12/site-packages/airflow/example_dags/example_external_task_marker_dag.py
[2024-11-11T23:47:57.145+0000] {logging_mixin.py:190} INFO - [2024-11-11T23:47:57.145+0000] {dag.py:3239} INFO - Sync 2 DAGs
[2024-11-11T23:47:57.165+0000] {logging_mixin.py:190} INFO - [2024-11-11T23:47:57.165+0000] {dag.py:4180} INFO - Setting next_dagrun for example_external_task_marker_child to None, run_after=None
[2024-11-11T23:47:57.172+0000] {logging_mixin.py:190} INFO - [2024-11-11T23:47:57.171+0000] {dag.py:4180} INFO - Setting next_dagrun for example_external_task_marker_parent to None, run_after=None
[2024-11-11T23:47:57.206+0000] {processor.py:208} INFO - Processing /home/airflow/.local/lib/python3.12/site-packages/airflow/example_dags/example_external_task_marker_dag.py took 0.108 seconds
[2024-11-11T23:48:27.247+0000] {processor.py:186} INFO - Started process (PID=626) to work on /home/airflow/.local/lib/python3.12/site-packages/airflow/example_dags/example_external_task_marker_dag.py
[2024-11-11T23:48:27.249+0000] {processor.py:914} INFO - Processing file /home/airflow/.local/lib/python3.12/site-packages/airflow/example_dags/example_external_task_marker_dag.py for tasks to queue
[2024-11-11T23:48:27.254+0000] {logging_mixin.py:190} INFO - [2024-11-11T23:48:27.253+0000] {dagbag.py:588} INFO - Filling up the DagBag from /home/airflow/.local/lib/python3.12/site-packages/airflow/example_dags/example_external_task_marker_dag.py
[2024-11-11T23:48:27.265+0000] {processor.py:925} INFO - DAG(s) 'example_external_task_marker_parent', 'example_external_task_marker_child' retrieved from /home/airflow/.local/lib/python3.12/site-packages/airflow/example_dags/example_external_task_marker_dag.py
[2024-11-11T23:48:27.289+0000] {logging_mixin.py:190} INFO - [2024-11-11T23:48:27.289+0000] {dag.py:3239} INFO - Sync 2 DAGs
[2024-11-11T23:48:27.305+0000] {logging_mixin.py:190} INFO - [2024-11-11T23:48:27.305+0000] {dag.py:4180} INFO - Setting next_dagrun for example_external_task_marker_child to None, run_after=None
[2024-11-11T23:48:27.310+0000] {logging_mixin.py:190} INFO - [2024-11-11T23:48:27.309+0000] {dag.py:4180} INFO - Setting next_dagrun for example_external_task_marker_parent to None, run_after=None
[2024-11-11T23:48:27.339+0000] {processor.py:208} INFO - Processing /home/airflow/.local/lib/python3.12/site-packages/airflow/example_dags/example_external_task_marker_dag.py took 0.099 seconds
[2024-11-11T23:48:57.569+0000] {processor.py:186} INFO - Started process (PID=690) to work on /home/airflow/.local/lib/python3.12/site-packages/airflow/example_dags/example_external_task_marker_dag.py
[2024-11-11T23:48:57.570+0000] {processor.py:914} INFO - Processing file /home/airflow/.local/lib/python3.12/site-packages/airflow/example_dags/example_external_task_marker_dag.py for tasks to queue
[2024-11-11T23:48:57.574+0000] {logging_mixin.py:190} INFO - [2024-11-11T23:48:57.573+0000] {dagbag.py:588} INFO - Filling up the DagBag from /home/airflow/.local/lib/python3.12/site-packages/airflow/example_dags/example_external_task_marker_dag.py
[2024-11-11T23:48:57.581+0000] {processor.py:925} INFO - DAG(s) 'example_external_task_marker_parent', 'example_external_task_marker_child' retrieved from /home/airflow/.local/lib/python3.12/site-packages/airflow/example_dags/example_external_task_marker_dag.py
[2024-11-11T23:48:57.606+0000] {logging_mixin.py:190} INFO - [2024-11-11T23:48:57.606+0000] {dag.py:3239} INFO - Sync 2 DAGs
[2024-11-11T23:48:57.620+0000] {logging_mixin.py:190} INFO - [2024-11-11T23:48:57.619+0000] {dag.py:4180} INFO - Setting next_dagrun for example_external_task_marker_child to None, run_after=None
[2024-11-11T23:48:57.624+0000] {logging_mixin.py:190} INFO - [2024-11-11T23:48:57.624+0000] {dag.py:4180} INFO - Setting next_dagrun for example_external_task_marker_parent to None, run_after=None
[2024-11-11T23:48:57.644+0000] {processor.py:208} INFO - Processing /home/airflow/.local/lib/python3.12/site-packages/airflow/example_dags/example_external_task_marker_dag.py took 0.081 seconds
[2024-11-11T23:49:27.857+0000] {processor.py:186} INFO - Started process (PID=754) to work on /home/airflow/.local/lib/python3.12/site-packages/airflow/example_dags/example_external_task_marker_dag.py
[2024-11-11T23:49:27.859+0000] {processor.py:914} INFO - Processing file /home/airflow/.local/lib/python3.12/site-packages/airflow/example_dags/example_external_task_marker_dag.py for tasks to queue
[2024-11-11T23:49:27.861+0000] {logging_mixin.py:190} INFO - [2024-11-11T23:49:27.861+0000] {dagbag.py:588} INFO - Filling up the DagBag from /home/airflow/.local/lib/python3.12/site-packages/airflow/example_dags/example_external_task_marker_dag.py
[2024-11-11T23:49:27.872+0000] {processor.py:925} INFO - DAG(s) 'example_external_task_marker_child', 'example_external_task_marker_parent' retrieved from /home/airflow/.local/lib/python3.12/site-packages/airflow/example_dags/example_external_task_marker_dag.py
[2024-11-11T23:49:27.913+0000] {logging_mixin.py:190} INFO - [2024-11-11T23:49:27.913+0000] {dag.py:3239} INFO - Sync 2 DAGs
[2024-11-11T23:49:27.929+0000] {logging_mixin.py:190} INFO - [2024-11-11T23:49:27.928+0000] {dag.py:4180} INFO - Setting next_dagrun for example_external_task_marker_child to None, run_after=None
[2024-11-11T23:49:27.933+0000] {logging_mixin.py:190} INFO - [2024-11-11T23:49:27.933+0000] {dag.py:4180} INFO - Setting next_dagrun for example_external_task_marker_parent to None, run_after=None
[2024-11-11T23:49:27.958+0000] {processor.py:208} INFO - Processing /home/airflow/.local/lib/python3.12/site-packages/airflow/example_dags/example_external_task_marker_dag.py took 0.108 seconds
[2024-11-11T23:49:58.166+0000] {processor.py:186} INFO - Started process (PID=818) to work on /home/airflow/.local/lib/python3.12/site-packages/airflow/example_dags/example_external_task_marker_dag.py
[2024-11-11T23:49:58.168+0000] {processor.py:914} INFO - Processing file /home/airflow/.local/lib/python3.12/site-packages/airflow/example_dags/example_external_task_marker_dag.py for tasks to queue
[2024-11-11T23:49:58.172+0000] {logging_mixin.py:190} INFO - [2024-11-11T23:49:58.171+0000] {dagbag.py:588} INFO - Filling up the DagBag from /home/airflow/.local/lib/python3.12/site-packages/airflow/example_dags/example_external_task_marker_dag.py
[2024-11-11T23:49:58.184+0000] {processor.py:925} INFO - DAG(s) 'example_external_task_marker_parent', 'example_external_task_marker_child' retrieved from /home/airflow/.local/lib/python3.12/site-packages/airflow/example_dags/example_external_task_marker_dag.py
[2024-11-11T23:49:58.211+0000] {logging_mixin.py:190} INFO - [2024-11-11T23:49:58.211+0000] {dag.py:3239} INFO - Sync 2 DAGs
[2024-11-11T23:49:58.227+0000] {logging_mixin.py:190} INFO - [2024-11-11T23:49:58.226+0000] {dag.py:4180} INFO - Setting next_dagrun for example_external_task_marker_child to None, run_after=None
[2024-11-11T23:49:58.232+0000] {logging_mixin.py:190} INFO - [2024-11-11T23:49:58.231+0000] {dag.py:4180} INFO - Setting next_dagrun for example_external_task_marker_parent to None, run_after=None
[2024-11-11T23:49:58.254+0000] {processor.py:208} INFO - Processing /home/airflow/.local/lib/python3.12/site-packages/airflow/example_dags/example_external_task_marker_dag.py took 0.103 seconds
[2024-11-11T23:50:28.616+0000] {processor.py:186} INFO - Started process (PID=882) to work on /home/airflow/.local/lib/python3.12/site-packages/airflow/example_dags/example_external_task_marker_dag.py
[2024-11-11T23:50:28.618+0000] {processor.py:914} INFO - Processing file /home/airflow/.local/lib/python3.12/site-packages/airflow/example_dags/example_external_task_marker_dag.py for tasks to queue
[2024-11-11T23:50:28.621+0000] {logging_mixin.py:190} INFO - [2024-11-11T23:50:28.620+0000] {dagbag.py:588} INFO - Filling up the DagBag from /home/airflow/.local/lib/python3.12/site-packages/airflow/example_dags/example_external_task_marker_dag.py
[2024-11-11T23:50:28.630+0000] {processor.py:925} INFO - DAG(s) 'example_external_task_marker_child', 'example_external_task_marker_parent' retrieved from /home/airflow/.local/lib/python3.12/site-packages/airflow/example_dags/example_external_task_marker_dag.py
[2024-11-11T23:50:28.660+0000] {logging_mixin.py:190} INFO - [2024-11-11T23:50:28.659+0000] {dag.py:3239} INFO - Sync 2 DAGs
[2024-11-11T23:50:28.677+0000] {logging_mixin.py:190} INFO - [2024-11-11T23:50:28.676+0000] {dag.py:4180} INFO - Setting next_dagrun for example_external_task_marker_child to None, run_after=None
[2024-11-11T23:50:28.681+0000] {logging_mixin.py:190} INFO - [2024-11-11T23:50:28.681+0000] {dag.py:4180} INFO - Setting next_dagrun for example_external_task_marker_parent to None, run_after=None
[2024-11-11T23:50:28.703+0000] {processor.py:208} INFO - Processing /home/airflow/.local/lib/python3.12/site-packages/airflow/example_dags/example_external_task_marker_dag.py took 0.095 seconds
[2024-11-11T23:50:58.784+0000] {processor.py:186} INFO - Started process (PID=946) to work on /home/airflow/.local/lib/python3.12/site-packages/airflow/example_dags/example_external_task_marker_dag.py
[2024-11-11T23:50:58.785+0000] {processor.py:914} INFO - Processing file /home/airflow/.local/lib/python3.12/site-packages/airflow/example_dags/example_external_task_marker_dag.py for tasks to queue
[2024-11-11T23:50:58.788+0000] {logging_mixin.py:190} INFO - [2024-11-11T23:50:58.788+0000] {dagbag.py:588} INFO - Filling up the DagBag from /home/airflow/.local/lib/python3.12/site-packages/airflow/example_dags/example_external_task_marker_dag.py
[2024-11-11T23:50:58.795+0000] {processor.py:925} INFO - DAG(s) 'example_external_task_marker_child', 'example_external_task_marker_parent' retrieved from /home/airflow/.local/lib/python3.12/site-packages/airflow/example_dags/example_external_task_marker_dag.py
[2024-11-11T23:50:58.821+0000] {logging_mixin.py:190} INFO - [2024-11-11T23:50:58.821+0000] {dag.py:3239} INFO - Sync 2 DAGs
[2024-11-11T23:50:58.835+0000] {logging_mixin.py:190} INFO - [2024-11-11T23:50:58.835+0000] {dag.py:4180} INFO - Setting next_dagrun for example_external_task_marker_child to None, run_after=None
[2024-11-11T23:50:58.839+0000] {logging_mixin.py:190} INFO - [2024-11-11T23:50:58.839+0000] {dag.py:4180} INFO - Setting next_dagrun for example_external_task_marker_parent to None, run_after=None
[2024-11-11T23:50:58.872+0000] {processor.py:208} INFO - Processing /home/airflow/.local/lib/python3.12/site-packages/airflow/example_dags/example_external_task_marker_dag.py took 0.093 seconds
[2024-11-11T23:51:29.296+0000] {processor.py:186} INFO - Started process (PID=1010) to work on /home/airflow/.local/lib/python3.12/site-packages/airflow/example_dags/example_external_task_marker_dag.py
[2024-11-11T23:51:29.297+0000] {processor.py:914} INFO - Processing file /home/airflow/.local/lib/python3.12/site-packages/airflow/example_dags/example_external_task_marker_dag.py for tasks to queue
[2024-11-11T23:51:29.300+0000] {logging_mixin.py:190} INFO - [2024-11-11T23:51:29.300+0000] {dagbag.py:588} INFO - Filling up the DagBag from /home/airflow/.local/lib/python3.12/site-packages/airflow/example_dags/example_external_task_marker_dag.py
[2024-11-11T23:51:29.308+0000] {processor.py:925} INFO - DAG(s) 'example_external_task_marker_child', 'example_external_task_marker_parent' retrieved from /home/airflow/.local/lib/python3.12/site-packages/airflow/example_dags/example_external_task_marker_dag.py
[2024-11-11T23:51:29.339+0000] {logging_mixin.py:190} INFO - [2024-11-11T23:51:29.338+0000] {dag.py:3239} INFO - Sync 2 DAGs
[2024-11-11T23:51:29.353+0000] {logging_mixin.py:190} INFO - [2024-11-11T23:51:29.353+0000] {dag.py:4180} INFO - Setting next_dagrun for example_external_task_marker_child to None, run_after=None
[2024-11-11T23:51:29.358+0000] {logging_mixin.py:190} INFO - [2024-11-11T23:51:29.358+0000] {dag.py:4180} INFO - Setting next_dagrun for example_external_task_marker_parent to None, run_after=None
[2024-11-11T23:51:29.380+0000] {processor.py:208} INFO - Processing /home/airflow/.local/lib/python3.12/site-packages/airflow/example_dags/example_external_task_marker_dag.py took 0.091 seconds
[2024-11-11T23:51:59.454+0000] {processor.py:186} INFO - Started process (PID=1074) to work on /home/airflow/.local/lib/python3.12/site-packages/airflow/example_dags/example_external_task_marker_dag.py
[2024-11-11T23:51:59.457+0000] {processor.py:914} INFO - Processing file /home/airflow/.local/lib/python3.12/site-packages/airflow/example_dags/example_external_task_marker_dag.py for tasks to queue
[2024-11-11T23:51:59.461+0000] {logging_mixin.py:190} INFO - [2024-11-11T23:51:59.460+0000] {dagbag.py:588} INFO - Filling up the DagBag from /home/airflow/.local/lib/python3.12/site-packages/airflow/example_dags/example_external_task_marker_dag.py
[2024-11-11T23:51:59.469+0000] {processor.py:925} INFO - DAG(s) 'example_external_task_marker_parent', 'example_external_task_marker_child' retrieved from /home/airflow/.local/lib/python3.12/site-packages/airflow/example_dags/example_external_task_marker_dag.py
[2024-11-11T23:51:59.502+0000] {logging_mixin.py:190} INFO - [2024-11-11T23:51:59.502+0000] {dag.py:3239} INFO - Sync 2 DAGs
[2024-11-11T23:51:59.531+0000] {logging_mixin.py:190} INFO - [2024-11-11T23:51:59.530+0000] {dag.py:4180} INFO - Setting next_dagrun for example_external_task_marker_child to None, run_after=None
[2024-11-11T23:51:59.540+0000] {logging_mixin.py:190} INFO - [2024-11-11T23:51:59.540+0000] {dag.py:4180} INFO - Setting next_dagrun for example_external_task_marker_parent to None, run_after=None
[2024-11-11T23:51:59.649+0000] {processor.py:208} INFO - Processing /home/airflow/.local/lib/python3.12/site-packages/airflow/example_dags/example_external_task_marker_dag.py took 0.202 seconds
[2024-11-11T23:52:29.788+0000] {processor.py:186} INFO - Started process (PID=1138) to work on /home/airflow/.local/lib/python3.12/site-packages/airflow/example_dags/example_external_task_marker_dag.py
[2024-11-11T23:52:29.789+0000] {processor.py:914} INFO - Processing file /home/airflow/.local/lib/python3.12/site-packages/airflow/example_dags/example_external_task_marker_dag.py for tasks to queue
[2024-11-11T23:52:29.792+0000] {logging_mixin.py:190} INFO - [2024-11-11T23:52:29.792+0000] {dagbag.py:588} INFO - Filling up the DagBag from /home/airflow/.local/lib/python3.12/site-packages/airflow/example_dags/example_external_task_marker_dag.py
[2024-11-11T23:52:29.802+0000] {processor.py:925} INFO - DAG(s) 'example_external_task_marker_parent', 'example_external_task_marker_child' retrieved from /home/airflow/.local/lib/python3.12/site-packages/airflow/example_dags/example_external_task_marker_dag.py
[2024-11-11T23:52:29.827+0000] {logging_mixin.py:190} INFO - [2024-11-11T23:52:29.826+0000] {dag.py:3239} INFO - Sync 2 DAGs
[2024-11-11T23:52:29.843+0000] {logging_mixin.py:190} INFO - [2024-11-11T23:52:29.843+0000] {dag.py:4180} INFO - Setting next_dagrun for example_external_task_marker_child to None, run_after=None
[2024-11-11T23:52:29.848+0000] {logging_mixin.py:190} INFO - [2024-11-11T23:52:29.848+0000] {dag.py:4180} INFO - Setting next_dagrun for example_external_task_marker_parent to None, run_after=None
[2024-11-11T23:52:29.875+0000] {processor.py:208} INFO - Processing /home/airflow/.local/lib/python3.12/site-packages/airflow/example_dags/example_external_task_marker_dag.py took 0.093 seconds
[2024-11-11T23:53:00.055+0000] {processor.py:186} INFO - Started process (PID=1202) to work on /home/airflow/.local/lib/python3.12/site-packages/airflow/example_dags/example_external_task_marker_dag.py
[2024-11-11T23:53:00.056+0000] {processor.py:914} INFO - Processing file /home/airflow/.local/lib/python3.12/site-packages/airflow/example_dags/example_external_task_marker_dag.py for tasks to queue
[2024-11-11T23:53:00.059+0000] {logging_mixin.py:190} INFO - [2024-11-11T23:53:00.058+0000] {dagbag.py:588} INFO - Filling up the DagBag from /home/airflow/.local/lib/python3.12/site-packages/airflow/example_dags/example_external_task_marker_dag.py
[2024-11-11T23:53:00.066+0000] {processor.py:925} INFO - DAG(s) 'example_external_task_marker_child', 'example_external_task_marker_parent' retrieved from /home/airflow/.local/lib/python3.12/site-packages/airflow/example_dags/example_external_task_marker_dag.py
[2024-11-11T23:53:00.089+0000] {logging_mixin.py:190} INFO - [2024-11-11T23:53:00.089+0000] {dag.py:3239} INFO - Sync 2 DAGs
[2024-11-11T23:53:00.103+0000] {logging_mixin.py:190} INFO - [2024-11-11T23:53:00.102+0000] {dag.py:4180} INFO - Setting next_dagrun for example_external_task_marker_child to None, run_after=None
[2024-11-11T23:53:00.108+0000] {logging_mixin.py:190} INFO - [2024-11-11T23:53:00.107+0000] {dag.py:4180} INFO - Setting next_dagrun for example_external_task_marker_parent to None, run_after=None
[2024-11-11T23:53:00.133+0000] {processor.py:208} INFO - Processing /home/airflow/.local/lib/python3.12/site-packages/airflow/example_dags/example_external_task_marker_dag.py took 0.084 seconds
[2024-11-11T23:53:30.460+0000] {processor.py:186} INFO - Started process (PID=1267) to work on /home/airflow/.local/lib/python3.12/site-packages/airflow/example_dags/example_external_task_marker_dag.py
[2024-11-11T23:53:30.461+0000] {processor.py:914} INFO - Processing file /home/airflow/.local/lib/python3.12/site-packages/airflow/example_dags/example_external_task_marker_dag.py for tasks to queue
[2024-11-11T23:53:30.464+0000] {logging_mixin.py:190} INFO - [2024-11-11T23:53:30.464+0000] {dagbag.py:588} INFO - Filling up the DagBag from /home/airflow/.local/lib/python3.12/site-packages/airflow/example_dags/example_external_task_marker_dag.py
[2024-11-11T23:53:30.472+0000] {processor.py:925} INFO - DAG(s) 'example_external_task_marker_child', 'example_external_task_marker_parent' retrieved from /home/airflow/.local/lib/python3.12/site-packages/airflow/example_dags/example_external_task_marker_dag.py
[2024-11-11T23:53:30.497+0000] {logging_mixin.py:190} INFO - [2024-11-11T23:53:30.497+0000] {dag.py:3239} INFO - Sync 2 DAGs
[2024-11-11T23:53:30.515+0000] {logging_mixin.py:190} INFO - [2024-11-11T23:53:30.515+0000] {dag.py:4180} INFO - Setting next_dagrun for example_external_task_marker_child to None, run_after=None
[2024-11-11T23:53:30.519+0000] {logging_mixin.py:190} INFO - [2024-11-11T23:53:30.519+0000] {dag.py:4180} INFO - Setting next_dagrun for example_external_task_marker_parent to None, run_after=None
[2024-11-11T23:53:30.541+0000] {processor.py:208} INFO - Processing /home/airflow/.local/lib/python3.12/site-packages/airflow/example_dags/example_external_task_marker_dag.py took 0.087 seconds
[2024-11-11T23:54:00.934+0000] {processor.py:186} INFO - Started process (PID=1332) to work on /home/airflow/.local/lib/python3.12/site-packages/airflow/example_dags/example_external_task_marker_dag.py
[2024-11-11T23:54:00.936+0000] {processor.py:914} INFO - Processing file /home/airflow/.local/lib/python3.12/site-packages/airflow/example_dags/example_external_task_marker_dag.py for tasks to queue
[2024-11-11T23:54:00.950+0000] {logging_mixin.py:190} INFO - [2024-11-11T23:54:00.950+0000] {dagbag.py:588} INFO - Filling up the DagBag from /home/airflow/.local/lib/python3.12/site-packages/airflow/example_dags/example_external_task_marker_dag.py
[2024-11-11T23:54:00.977+0000] {processor.py:925} INFO - DAG(s) 'example_external_task_marker_parent', 'example_external_task_marker_child' retrieved from /home/airflow/.local/lib/python3.12/site-packages/airflow/example_dags/example_external_task_marker_dag.py
[2024-11-11T23:54:01.010+0000] {logging_mixin.py:190} INFO - [2024-11-11T23:54:01.009+0000] {dag.py:3239} INFO - Sync 2 DAGs
[2024-11-11T23:54:01.032+0000] {logging_mixin.py:190} INFO - [2024-11-11T23:54:01.032+0000] {dag.py:4180} INFO - Setting next_dagrun for example_external_task_marker_child to None, run_after=None
[2024-11-11T23:54:01.038+0000] {logging_mixin.py:190} INFO - [2024-11-11T23:54:01.038+0000] {dag.py:4180} INFO - Setting next_dagrun for example_external_task_marker_parent to None, run_after=None
[2024-11-11T23:54:01.066+0000] {processor.py:208} INFO - Processing /home/airflow/.local/lib/python3.12/site-packages/airflow/example_dags/example_external_task_marker_dag.py took 0.139 seconds
[2024-11-11T23:54:31.429+0000] {processor.py:186} INFO - Started process (PID=1392) to work on /home/airflow/.local/lib/python3.12/site-packages/airflow/example_dags/example_external_task_marker_dag.py
[2024-11-11T23:54:31.431+0000] {processor.py:914} INFO - Processing file /home/airflow/.local/lib/python3.12/site-packages/airflow/example_dags/example_external_task_marker_dag.py for tasks to queue
[2024-11-11T23:54:31.435+0000] {logging_mixin.py:190} INFO - [2024-11-11T23:54:31.434+0000] {dagbag.py:588} INFO - Filling up the DagBag from /home/airflow/.local/lib/python3.12/site-packages/airflow/example_dags/example_external_task_marker_dag.py
[2024-11-11T23:54:31.447+0000] {processor.py:925} INFO - DAG(s) 'example_external_task_marker_child', 'example_external_task_marker_parent' retrieved from /home/airflow/.local/lib/python3.12/site-packages/airflow/example_dags/example_external_task_marker_dag.py
[2024-11-11T23:54:31.479+0000] {logging_mixin.py:190} INFO - [2024-11-11T23:54:31.478+0000] {dag.py:3239} INFO - Sync 2 DAGs
[2024-11-11T23:54:31.503+0000] {logging_mixin.py:190} INFO - [2024-11-11T23:54:31.503+0000] {dag.py:4180} INFO - Setting next_dagrun for example_external_task_marker_child to None, run_after=None
[2024-11-11T23:54:31.511+0000] {logging_mixin.py:190} INFO - [2024-11-11T23:54:31.510+0000] {dag.py:4180} INFO - Setting next_dagrun for example_external_task_marker_parent to None, run_after=None
[2024-11-11T23:54:31.538+0000] {processor.py:208} INFO - Processing /home/airflow/.local/lib/python3.12/site-packages/airflow/example_dags/example_external_task_marker_dag.py took 0.118 seconds
[2024-11-11T23:55:01.961+0000] {processor.py:186} INFO - Started process (PID=1453) to work on /home/airflow/.local/lib/python3.12/site-packages/airflow/example_dags/example_external_task_marker_dag.py
[2024-11-11T23:55:01.962+0000] {processor.py:914} INFO - Processing file /home/airflow/.local/lib/python3.12/site-packages/airflow/example_dags/example_external_task_marker_dag.py for tasks to queue
[2024-11-11T23:55:01.965+0000] {logging_mixin.py:190} INFO - [2024-11-11T23:55:01.965+0000] {dagbag.py:588} INFO - Filling up the DagBag from /home/airflow/.local/lib/python3.12/site-packages/airflow/example_dags/example_external_task_marker_dag.py
[2024-11-11T23:55:01.975+0000] {processor.py:925} INFO - DAG(s) 'example_external_task_marker_child', 'example_external_task_marker_parent' retrieved from /home/airflow/.local/lib/python3.12/site-packages/airflow/example_dags/example_external_task_marker_dag.py
[2024-11-11T23:55:02.000+0000] {logging_mixin.py:190} INFO - [2024-11-11T23:55:02.000+0000] {dag.py:3239} INFO - Sync 2 DAGs
[2024-11-11T23:55:02.015+0000] {logging_mixin.py:190} INFO - [2024-11-11T23:55:02.015+0000] {dag.py:4180} INFO - Setting next_dagrun for example_external_task_marker_child to None, run_after=None
[2024-11-11T23:55:02.020+0000] {logging_mixin.py:190} INFO - [2024-11-11T23:55:02.020+0000] {dag.py:4180} INFO - Setting next_dagrun for example_external_task_marker_parent to None, run_after=None
[2024-11-11T23:55:02.099+0000] {processor.py:208} INFO - Processing /home/airflow/.local/lib/python3.12/site-packages/airflow/example_dags/example_external_task_marker_dag.py took 0.147 seconds
[2024-11-11T23:55:32.842+0000] {processor.py:186} INFO - Started process (PID=1517) to work on /home/airflow/.local/lib/python3.12/site-packages/airflow/example_dags/example_external_task_marker_dag.py
[2024-11-11T23:55:32.844+0000] {processor.py:914} INFO - Processing file /home/airflow/.local/lib/python3.12/site-packages/airflow/example_dags/example_external_task_marker_dag.py for tasks to queue
[2024-11-11T23:55:32.846+0000] {logging_mixin.py:190} INFO - [2024-11-11T23:55:32.846+0000] {dagbag.py:588} INFO - Filling up the DagBag from /home/airflow/.local/lib/python3.12/site-packages/airflow/example_dags/example_external_task_marker_dag.py
[2024-11-11T23:55:32.855+0000] {processor.py:925} INFO - DAG(s) 'example_external_task_marker_child', 'example_external_task_marker_parent' retrieved from /home/airflow/.local/lib/python3.12/site-packages/airflow/example_dags/example_external_task_marker_dag.py
[2024-11-11T23:55:32.882+0000] {logging_mixin.py:190} INFO - [2024-11-11T23:55:32.882+0000] {dag.py:3239} INFO - Sync 2 DAGs
[2024-11-11T23:55:32.897+0000] {logging_mixin.py:190} INFO - [2024-11-11T23:55:32.897+0000] {dag.py:4180} INFO - Setting next_dagrun for example_external_task_marker_child to None, run_after=None
[2024-11-11T23:55:32.902+0000] {logging_mixin.py:190} INFO - [2024-11-11T23:55:32.902+0000] {dag.py:4180} INFO - Setting next_dagrun for example_external_task_marker_parent to None, run_after=None
[2024-11-11T23:55:32.929+0000] {processor.py:208} INFO - Processing /home/airflow/.local/lib/python3.12/site-packages/airflow/example_dags/example_external_task_marker_dag.py took 0.091 seconds
[2024-11-11T23:56:03.424+0000] {processor.py:186} INFO - Started process (PID=1581) to work on /home/airflow/.local/lib/python3.12/site-packages/airflow/example_dags/example_external_task_marker_dag.py
[2024-11-11T23:56:03.425+0000] {processor.py:914} INFO - Processing file /home/airflow/.local/lib/python3.12/site-packages/airflow/example_dags/example_external_task_marker_dag.py for tasks to queue
[2024-11-11T23:56:03.429+0000] {logging_mixin.py:190} INFO - [2024-11-11T23:56:03.428+0000] {dagbag.py:588} INFO - Filling up the DagBag from /home/airflow/.local/lib/python3.12/site-packages/airflow/example_dags/example_external_task_marker_dag.py
[2024-11-11T23:56:03.437+0000] {processor.py:925} INFO - DAG(s) 'example_external_task_marker_parent', 'example_external_task_marker_child' retrieved from /home/airflow/.local/lib/python3.12/site-packages/airflow/example_dags/example_external_task_marker_dag.py
[2024-11-11T23:56:03.463+0000] {logging_mixin.py:190} INFO - [2024-11-11T23:56:03.462+0000] {dag.py:3239} INFO - Sync 2 DAGs
[2024-11-11T23:56:03.478+0000] {logging_mixin.py:190} INFO - [2024-11-11T23:56:03.477+0000] {dag.py:4180} INFO - Setting next_dagrun for example_external_task_marker_child to None, run_after=None
[2024-11-11T23:56:03.483+0000] {logging_mixin.py:190} INFO - [2024-11-11T23:56:03.483+0000] {dag.py:4180} INFO - Setting next_dagrun for example_external_task_marker_parent to None, run_after=None
[2024-11-11T23:56:03.507+0000] {processor.py:208} INFO - Processing /home/airflow/.local/lib/python3.12/site-packages/airflow/example_dags/example_external_task_marker_dag.py took 0.089 seconds
[2024-11-11T23:56:34.157+0000] {processor.py:186} INFO - Started process (PID=1645) to work on /home/airflow/.local/lib/python3.12/site-packages/airflow/example_dags/example_external_task_marker_dag.py
[2024-11-11T23:56:34.158+0000] {processor.py:914} INFO - Processing file /home/airflow/.local/lib/python3.12/site-packages/airflow/example_dags/example_external_task_marker_dag.py for tasks to queue
[2024-11-11T23:56:34.161+0000] {logging_mixin.py:190} INFO - [2024-11-11T23:56:34.161+0000] {dagbag.py:588} INFO - Filling up the DagBag from /home/airflow/.local/lib/python3.12/site-packages/airflow/example_dags/example_external_task_marker_dag.py
[2024-11-11T23:56:34.171+0000] {processor.py:925} INFO - DAG(s) 'example_external_task_marker_parent', 'example_external_task_marker_child' retrieved from /home/airflow/.local/lib/python3.12/site-packages/airflow/example_dags/example_external_task_marker_dag.py
[2024-11-11T23:56:34.198+0000] {logging_mixin.py:190} INFO - [2024-11-11T23:56:34.198+0000] {dag.py:3239} INFO - Sync 2 DAGs
[2024-11-11T23:56:34.216+0000] {logging_mixin.py:190} INFO - [2024-11-11T23:56:34.216+0000] {dag.py:4180} INFO - Setting next_dagrun for example_external_task_marker_child to None, run_after=None
[2024-11-11T23:56:34.223+0000] {logging_mixin.py:190} INFO - [2024-11-11T23:56:34.223+0000] {dag.py:4180} INFO - Setting next_dagrun for example_external_task_marker_parent to None, run_after=None
[2024-11-11T23:56:34.259+0000] {processor.py:208} INFO - Processing /home/airflow/.local/lib/python3.12/site-packages/airflow/example_dags/example_external_task_marker_dag.py took 0.108 seconds
[2024-11-11T23:57:04.577+0000] {processor.py:186} INFO - Started process (PID=1708) to work on /home/airflow/.local/lib/python3.12/site-packages/airflow/example_dags/example_external_task_marker_dag.py
[2024-11-11T23:57:04.579+0000] {processor.py:914} INFO - Processing file /home/airflow/.local/lib/python3.12/site-packages/airflow/example_dags/example_external_task_marker_dag.py for tasks to queue
[2024-11-11T23:57:04.583+0000] {logging_mixin.py:190} INFO - [2024-11-11T23:57:04.583+0000] {dagbag.py:588} INFO - Filling up the DagBag from /home/airflow/.local/lib/python3.12/site-packages/airflow/example_dags/example_external_task_marker_dag.py
[2024-11-11T23:57:04.594+0000] {processor.py:925} INFO - DAG(s) 'example_external_task_marker_parent', 'example_external_task_marker_child' retrieved from /home/airflow/.local/lib/python3.12/site-packages/airflow/example_dags/example_external_task_marker_dag.py
[2024-11-11T23:57:04.630+0000] {logging_mixin.py:190} INFO - [2024-11-11T23:57:04.629+0000] {dag.py:3239} INFO - Sync 2 DAGs
[2024-11-11T23:57:04.651+0000] {logging_mixin.py:190} INFO - [2024-11-11T23:57:04.650+0000] {dag.py:4180} INFO - Setting next_dagrun for example_external_task_marker_child to None, run_after=None
[2024-11-11T23:57:04.657+0000] {logging_mixin.py:190} INFO - [2024-11-11T23:57:04.657+0000] {dag.py:4180} INFO - Setting next_dagrun for example_external_task_marker_parent to None, run_after=None
[2024-11-11T23:57:04.691+0000] {processor.py:208} INFO - Processing /home/airflow/.local/lib/python3.12/site-packages/airflow/example_dags/example_external_task_marker_dag.py took 0.123 seconds
[2024-11-11T23:57:34.803+0000] {processor.py:186} INFO - Started process (PID=1772) to work on /home/airflow/.local/lib/python3.12/site-packages/airflow/example_dags/example_external_task_marker_dag.py
[2024-11-11T23:57:34.808+0000] {processor.py:914} INFO - Processing file /home/airflow/.local/lib/python3.12/site-packages/airflow/example_dags/example_external_task_marker_dag.py for tasks to queue
[2024-11-11T23:57:34.815+0000] {logging_mixin.py:190} INFO - [2024-11-11T23:57:34.813+0000] {dagbag.py:588} INFO - Filling up the DagBag from /home/airflow/.local/lib/python3.12/site-packages/airflow/example_dags/example_external_task_marker_dag.py
[2024-11-11T23:57:34.847+0000] {processor.py:925} INFO - DAG(s) 'example_external_task_marker_child', 'example_external_task_marker_parent' retrieved from /home/airflow/.local/lib/python3.12/site-packages/airflow/example_dags/example_external_task_marker_dag.py
[2024-11-11T23:57:34.920+0000] {logging_mixin.py:190} INFO - [2024-11-11T23:57:34.920+0000] {dag.py:3239} INFO - Sync 2 DAGs
[2024-11-11T23:57:34.944+0000] {logging_mixin.py:190} INFO - [2024-11-11T23:57:34.943+0000] {dag.py:4180} INFO - Setting next_dagrun for example_external_task_marker_child to None, run_after=None
[2024-11-11T23:57:34.953+0000] {logging_mixin.py:190} INFO - [2024-11-11T23:57:34.953+0000] {dag.py:4180} INFO - Setting next_dagrun for example_external_task_marker_parent to None, run_after=None
[2024-11-11T23:57:34.980+0000] {processor.py:208} INFO - Processing /home/airflow/.local/lib/python3.12/site-packages/airflow/example_dags/example_external_task_marker_dag.py took 0.196 seconds
[2024-11-11T23:58:05.825+0000] {processor.py:186} INFO - Started process (PID=1836) to work on /home/airflow/.local/lib/python3.12/site-packages/airflow/example_dags/example_external_task_marker_dag.py
[2024-11-11T23:58:05.826+0000] {processor.py:914} INFO - Processing file /home/airflow/.local/lib/python3.12/site-packages/airflow/example_dags/example_external_task_marker_dag.py for tasks to queue
[2024-11-11T23:58:05.829+0000] {logging_mixin.py:190} INFO - [2024-11-11T23:58:05.828+0000] {dagbag.py:588} INFO - Filling up the DagBag from /home/airflow/.local/lib/python3.12/site-packages/airflow/example_dags/example_external_task_marker_dag.py
[2024-11-11T23:58:05.838+0000] {processor.py:925} INFO - DAG(s) 'example_external_task_marker_parent', 'example_external_task_marker_child' retrieved from /home/airflow/.local/lib/python3.12/site-packages/airflow/example_dags/example_external_task_marker_dag.py
[2024-11-11T23:58:05.869+0000] {logging_mixin.py:190} INFO - [2024-11-11T23:58:05.869+0000] {dag.py:3239} INFO - Sync 2 DAGs
[2024-11-11T23:58:05.884+0000] {logging_mixin.py:190} INFO - [2024-11-11T23:58:05.884+0000] {dag.py:4180} INFO - Setting next_dagrun for example_external_task_marker_child to None, run_after=None
[2024-11-11T23:58:05.890+0000] {logging_mixin.py:190} INFO - [2024-11-11T23:58:05.890+0000] {dag.py:4180} INFO - Setting next_dagrun for example_external_task_marker_parent to None, run_after=None
[2024-11-11T23:58:05.915+0000] {processor.py:208} INFO - Processing /home/airflow/.local/lib/python3.12/site-packages/airflow/example_dags/example_external_task_marker_dag.py took 0.096 seconds
[2024-11-11T23:58:36.098+0000] {processor.py:186} INFO - Started process (PID=1906) to work on /home/airflow/.local/lib/python3.12/site-packages/airflow/example_dags/example_external_task_marker_dag.py
[2024-11-11T23:58:36.099+0000] {processor.py:914} INFO - Processing file /home/airflow/.local/lib/python3.12/site-packages/airflow/example_dags/example_external_task_marker_dag.py for tasks to queue
[2024-11-11T23:58:36.103+0000] {logging_mixin.py:190} INFO - [2024-11-11T23:58:36.102+0000] {dagbag.py:588} INFO - Filling up the DagBag from /home/airflow/.local/lib/python3.12/site-packages/airflow/example_dags/example_external_task_marker_dag.py
[2024-11-11T23:58:36.113+0000] {processor.py:925} INFO - DAG(s) 'example_external_task_marker_parent', 'example_external_task_marker_child' retrieved from /home/airflow/.local/lib/python3.12/site-packages/airflow/example_dags/example_external_task_marker_dag.py
[2024-11-11T23:58:36.143+0000] {logging_mixin.py:190} INFO - [2024-11-11T23:58:36.143+0000] {dag.py:3239} INFO - Sync 2 DAGs
[2024-11-11T23:58:36.157+0000] {logging_mixin.py:190} INFO - [2024-11-11T23:58:36.157+0000] {dag.py:4180} INFO - Setting next_dagrun for example_external_task_marker_child to None, run_after=None
[2024-11-11T23:58:36.162+0000] {logging_mixin.py:190} INFO - [2024-11-11T23:58:36.162+0000] {dag.py:4180} INFO - Setting next_dagrun for example_external_task_marker_parent to None, run_after=None
[2024-11-11T23:58:36.187+0000] {processor.py:208} INFO - Processing /home/airflow/.local/lib/python3.12/site-packages/airflow/example_dags/example_external_task_marker_dag.py took 0.096 seconds
[2024-11-11T23:59:06.279+0000] {processor.py:186} INFO - Started process (PID=1970) to work on /home/airflow/.local/lib/python3.12/site-packages/airflow/example_dags/example_external_task_marker_dag.py
[2024-11-11T23:59:06.281+0000] {processor.py:914} INFO - Processing file /home/airflow/.local/lib/python3.12/site-packages/airflow/example_dags/example_external_task_marker_dag.py for tasks to queue
[2024-11-11T23:59:06.285+0000] {logging_mixin.py:190} INFO - [2024-11-11T23:59:06.284+0000] {dagbag.py:588} INFO - Filling up the DagBag from /home/airflow/.local/lib/python3.12/site-packages/airflow/example_dags/example_external_task_marker_dag.py
[2024-11-11T23:59:06.311+0000] {processor.py:925} INFO - DAG(s) 'example_external_task_marker_child', 'example_external_task_marker_parent' retrieved from /home/airflow/.local/lib/python3.12/site-packages/airflow/example_dags/example_external_task_marker_dag.py
[2024-11-11T23:59:06.347+0000] {logging_mixin.py:190} INFO - [2024-11-11T23:59:06.346+0000] {dag.py:3239} INFO - Sync 2 DAGs
[2024-11-11T23:59:06.370+0000] {logging_mixin.py:190} INFO - [2024-11-11T23:59:06.370+0000] {dag.py:4180} INFO - Setting next_dagrun for example_external_task_marker_child to None, run_after=None
[2024-11-11T23:59:06.379+0000] {logging_mixin.py:190} INFO - [2024-11-11T23:59:06.379+0000] {dag.py:4180} INFO - Setting next_dagrun for example_external_task_marker_parent to None, run_after=None
[2024-11-11T23:59:06.412+0000] {processor.py:208} INFO - Processing /home/airflow/.local/lib/python3.12/site-packages/airflow/example_dags/example_external_task_marker_dag.py took 0.145 seconds
[2024-11-11T23:59:36.639+0000] {processor.py:186} INFO - Started process (PID=2034) to work on /home/airflow/.local/lib/python3.12/site-packages/airflow/example_dags/example_external_task_marker_dag.py
[2024-11-11T23:59:36.640+0000] {processor.py:914} INFO - Processing file /home/airflow/.local/lib/python3.12/site-packages/airflow/example_dags/example_external_task_marker_dag.py for tasks to queue
[2024-11-11T23:59:36.643+0000] {logging_mixin.py:190} INFO - [2024-11-11T23:59:36.643+0000] {dagbag.py:588} INFO - Filling up the DagBag from /home/airflow/.local/lib/python3.12/site-packages/airflow/example_dags/example_external_task_marker_dag.py
[2024-11-11T23:59:36.653+0000] {processor.py:925} INFO - DAG(s) 'example_external_task_marker_child', 'example_external_task_marker_parent' retrieved from /home/airflow/.local/lib/python3.12/site-packages/airflow/example_dags/example_external_task_marker_dag.py
[2024-11-11T23:59:36.683+0000] {logging_mixin.py:190} INFO - [2024-11-11T23:59:36.682+0000] {dag.py:3239} INFO - Sync 2 DAGs
[2024-11-11T23:59:36.698+0000] {logging_mixin.py:190} INFO - [2024-11-11T23:59:36.698+0000] {dag.py:4180} INFO - Setting next_dagrun for example_external_task_marker_child to None, run_after=None
[2024-11-11T23:59:36.704+0000] {logging_mixin.py:190} INFO - [2024-11-11T23:59:36.704+0000] {dag.py:4180} INFO - Setting next_dagrun for example_external_task_marker_parent to None, run_after=None
[2024-11-11T23:59:36.738+0000] {processor.py:208} INFO - Processing /home/airflow/.local/lib/python3.12/site-packages/airflow/example_dags/example_external_task_marker_dag.py took 0.105 seconds
