[2024-11-11T23:44:08.343+0000] {processor.py:186} INFO - Started process (PID=107) to work on /home/airflow/.local/lib/python3.12/site-packages/airflow/example_dags/example_latest_only.py
[2024-11-11T23:44:08.345+0000] {processor.py:914} INFO - Processing file /home/airflow/.local/lib/python3.12/site-packages/airflow/example_dags/example_latest_only.py for tasks to queue
[2024-11-11T23:44:08.348+0000] {logging_mixin.py:190} INFO - [2024-11-11T23:44:08.347+0000] {dagbag.py:588} INFO - Filling up the DagBag from /home/airflow/.local/lib/python3.12/site-packages/airflow/example_dags/example_latest_only.py
[2024-11-11T23:44:08.357+0000] {processor.py:925} INFO - DAG(s) 'latest_only' retrieved from /home/airflow/.local/lib/python3.12/site-packages/airflow/example_dags/example_latest_only.py
[2024-11-11T23:44:08.984+0000] {logging_mixin.py:190} INFO - [2024-11-11T23:44:08.983+0000] {override.py:1911} INFO - Created Permission View: can edit on DAG:latest_only
[2024-11-11T23:44:09.030+0000] {logging_mixin.py:190} INFO - [2024-11-11T23:44:09.029+0000] {override.py:1911} INFO - Created Permission View: can read on DAG:latest_only
[2024-11-11T23:44:09.053+0000] {logging_mixin.py:190} INFO - [2024-11-11T23:44:09.053+0000] {override.py:1911} INFO - Created Permission View: can delete on DAG:latest_only
[2024-11-11T23:44:09.088+0000] {logging_mixin.py:190} INFO - [2024-11-11T23:44:09.087+0000] {override.py:1911} INFO - Created Permission View: menu access on DAG Run:latest_only
[2024-11-11T23:44:09.112+0000] {logging_mixin.py:190} INFO - [2024-11-11T23:44:09.112+0000] {override.py:1911} INFO - Created Permission View: can read on DAG Run:latest_only
[2024-11-11T23:44:09.132+0000] {logging_mixin.py:190} INFO - [2024-11-11T23:44:09.131+0000] {override.py:1911} INFO - Created Permission View: can delete on DAG Run:latest_only
[2024-11-11T23:44:09.148+0000] {logging_mixin.py:190} INFO - [2024-11-11T23:44:09.147+0000] {override.py:1911} INFO - Created Permission View: can create on DAG Run:latest_only
[2024-11-11T23:44:09.149+0000] {logging_mixin.py:190} INFO - [2024-11-11T23:44:09.149+0000] {dag.py:3239} INFO - Sync 1 DAGs
[2024-11-11T23:44:09.198+0000] {logging_mixin.py:190} INFO - [2024-11-11T23:44:09.198+0000] {dag.py:3262} INFO - Creating ORM DAG for latest_only
[2024-11-11T23:44:09.239+0000] {logging_mixin.py:190} INFO - [2024-11-11T23:44:09.238+0000] {dag.py:4180} INFO - Setting next_dagrun for latest_only to 2024-11-11 16:00:00+00:00, run_after=2024-11-11 20:00:00+00:00
[2024-11-11T23:44:09.303+0000] {processor.py:208} INFO - Processing /home/airflow/.local/lib/python3.12/site-packages/airflow/example_dags/example_latest_only.py took 0.968 seconds
[2024-11-11T23:44:39.727+0000] {processor.py:186} INFO - Started process (PID=170) to work on /home/airflow/.local/lib/python3.12/site-packages/airflow/example_dags/example_latest_only.py
[2024-11-11T23:44:39.729+0000] {processor.py:914} INFO - Processing file /home/airflow/.local/lib/python3.12/site-packages/airflow/example_dags/example_latest_only.py for tasks to queue
[2024-11-11T23:44:39.735+0000] {logging_mixin.py:190} INFO - [2024-11-11T23:44:39.734+0000] {dagbag.py:588} INFO - Filling up the DagBag from /home/airflow/.local/lib/python3.12/site-packages/airflow/example_dags/example_latest_only.py
[2024-11-11T23:44:39.746+0000] {processor.py:925} INFO - DAG(s) 'latest_only' retrieved from /home/airflow/.local/lib/python3.12/site-packages/airflow/example_dags/example_latest_only.py
[2024-11-11T23:44:39.775+0000] {logging_mixin.py:190} INFO - [2024-11-11T23:44:39.775+0000] {dag.py:3239} INFO - Sync 1 DAGs
[2024-11-11T23:44:39.815+0000] {logging_mixin.py:190} INFO - [2024-11-11T23:44:39.814+0000] {dag.py:4180} INFO - Setting next_dagrun for latest_only to 2024-11-11 16:00:00+00:00, run_after=2024-11-11 20:00:00+00:00
[2024-11-11T23:44:39.847+0000] {processor.py:208} INFO - Processing /home/airflow/.local/lib/python3.12/site-packages/airflow/example_dags/example_latest_only.py took 0.139 seconds
[2024-11-11T23:45:10.757+0000] {processor.py:186} INFO - Started process (PID=233) to work on /home/airflow/.local/lib/python3.12/site-packages/airflow/example_dags/example_latest_only.py
[2024-11-11T23:45:10.758+0000] {processor.py:914} INFO - Processing file /home/airflow/.local/lib/python3.12/site-packages/airflow/example_dags/example_latest_only.py for tasks to queue
[2024-11-11T23:45:10.761+0000] {logging_mixin.py:190} INFO - [2024-11-11T23:45:10.761+0000] {dagbag.py:588} INFO - Filling up the DagBag from /home/airflow/.local/lib/python3.12/site-packages/airflow/example_dags/example_latest_only.py
[2024-11-11T23:45:10.769+0000] {processor.py:925} INFO - DAG(s) 'latest_only' retrieved from /home/airflow/.local/lib/python3.12/site-packages/airflow/example_dags/example_latest_only.py
[2024-11-11T23:45:10.788+0000] {logging_mixin.py:190} INFO - [2024-11-11T23:45:10.788+0000] {dag.py:3239} INFO - Sync 1 DAGs
[2024-11-11T23:45:10.810+0000] {logging_mixin.py:190} INFO - [2024-11-11T23:45:10.809+0000] {dag.py:4180} INFO - Setting next_dagrun for latest_only to 2024-11-11 16:00:00+00:00, run_after=2024-11-11 20:00:00+00:00
[2024-11-11T23:45:10.832+0000] {processor.py:208} INFO - Processing /home/airflow/.local/lib/python3.12/site-packages/airflow/example_dags/example_latest_only.py took 0.082 seconds
[2024-11-11T23:45:41.071+0000] {processor.py:186} INFO - Started process (PID=296) to work on /home/airflow/.local/lib/python3.12/site-packages/airflow/example_dags/example_latest_only.py
[2024-11-11T23:45:41.072+0000] {processor.py:914} INFO - Processing file /home/airflow/.local/lib/python3.12/site-packages/airflow/example_dags/example_latest_only.py for tasks to queue
[2024-11-11T23:45:41.075+0000] {logging_mixin.py:190} INFO - [2024-11-11T23:45:41.074+0000] {dagbag.py:588} INFO - Filling up the DagBag from /home/airflow/.local/lib/python3.12/site-packages/airflow/example_dags/example_latest_only.py
[2024-11-11T23:45:41.082+0000] {processor.py:925} INFO - DAG(s) 'latest_only' retrieved from /home/airflow/.local/lib/python3.12/site-packages/airflow/example_dags/example_latest_only.py
[2024-11-11T23:45:41.109+0000] {logging_mixin.py:190} INFO - [2024-11-11T23:45:41.108+0000] {dag.py:3239} INFO - Sync 1 DAGs
[2024-11-11T23:45:41.133+0000] {logging_mixin.py:190} INFO - [2024-11-11T23:45:41.133+0000] {dag.py:4180} INFO - Setting next_dagrun for latest_only to 2024-11-11 16:00:00+00:00, run_after=2024-11-11 20:00:00+00:00
[2024-11-11T23:45:41.157+0000] {processor.py:208} INFO - Processing /home/airflow/.local/lib/python3.12/site-packages/airflow/example_dags/example_latest_only.py took 0.092 seconds
[2024-11-11T23:46:11.828+0000] {processor.py:186} INFO - Started process (PID=359) to work on /home/airflow/.local/lib/python3.12/site-packages/airflow/example_dags/example_latest_only.py
[2024-11-11T23:46:11.830+0000] {processor.py:914} INFO - Processing file /home/airflow/.local/lib/python3.12/site-packages/airflow/example_dags/example_latest_only.py for tasks to queue
[2024-11-11T23:46:11.832+0000] {logging_mixin.py:190} INFO - [2024-11-11T23:46:11.832+0000] {dagbag.py:588} INFO - Filling up the DagBag from /home/airflow/.local/lib/python3.12/site-packages/airflow/example_dags/example_latest_only.py
[2024-11-11T23:46:11.842+0000] {processor.py:925} INFO - DAG(s) 'latest_only' retrieved from /home/airflow/.local/lib/python3.12/site-packages/airflow/example_dags/example_latest_only.py
[2024-11-11T23:46:11.869+0000] {logging_mixin.py:190} INFO - [2024-11-11T23:46:11.868+0000] {dag.py:3239} INFO - Sync 1 DAGs
[2024-11-11T23:46:11.900+0000] {logging_mixin.py:190} INFO - [2024-11-11T23:46:11.899+0000] {dag.py:4180} INFO - Setting next_dagrun for latest_only to 2024-11-11 16:00:00+00:00, run_after=2024-11-11 20:00:00+00:00
[2024-11-11T23:46:11.934+0000] {processor.py:208} INFO - Processing /home/airflow/.local/lib/python3.12/site-packages/airflow/example_dags/example_latest_only.py took 0.111 seconds
[2024-11-11T23:46:42.688+0000] {processor.py:186} INFO - Started process (PID=422) to work on /home/airflow/.local/lib/python3.12/site-packages/airflow/example_dags/example_latest_only.py
[2024-11-11T23:46:42.689+0000] {processor.py:914} INFO - Processing file /home/airflow/.local/lib/python3.12/site-packages/airflow/example_dags/example_latest_only.py for tasks to queue
[2024-11-11T23:46:42.692+0000] {logging_mixin.py:190} INFO - [2024-11-11T23:46:42.692+0000] {dagbag.py:588} INFO - Filling up the DagBag from /home/airflow/.local/lib/python3.12/site-packages/airflow/example_dags/example_latest_only.py
[2024-11-11T23:46:42.700+0000] {processor.py:925} INFO - DAG(s) 'latest_only' retrieved from /home/airflow/.local/lib/python3.12/site-packages/airflow/example_dags/example_latest_only.py
[2024-11-11T23:46:42.723+0000] {logging_mixin.py:190} INFO - [2024-11-11T23:46:42.723+0000] {dag.py:3239} INFO - Sync 1 DAGs
[2024-11-11T23:46:42.752+0000] {logging_mixin.py:190} INFO - [2024-11-11T23:46:42.752+0000] {dag.py:4180} INFO - Setting next_dagrun for latest_only to 2024-11-11 16:00:00+00:00, run_after=2024-11-11 20:00:00+00:00
[2024-11-11T23:46:42.781+0000] {processor.py:208} INFO - Processing /home/airflow/.local/lib/python3.12/site-packages/airflow/example_dags/example_latest_only.py took 0.099 seconds
[2024-11-11T23:47:13.263+0000] {processor.py:186} INFO - Started process (PID=484) to work on /home/airflow/.local/lib/python3.12/site-packages/airflow/example_dags/example_latest_only.py
[2024-11-11T23:47:13.264+0000] {processor.py:914} INFO - Processing file /home/airflow/.local/lib/python3.12/site-packages/airflow/example_dags/example_latest_only.py for tasks to queue
[2024-11-11T23:47:13.267+0000] {logging_mixin.py:190} INFO - [2024-11-11T23:47:13.267+0000] {dagbag.py:588} INFO - Filling up the DagBag from /home/airflow/.local/lib/python3.12/site-packages/airflow/example_dags/example_latest_only.py
[2024-11-11T23:47:13.275+0000] {processor.py:925} INFO - DAG(s) 'latest_only' retrieved from /home/airflow/.local/lib/python3.12/site-packages/airflow/example_dags/example_latest_only.py
[2024-11-11T23:47:13.319+0000] {logging_mixin.py:190} INFO - [2024-11-11T23:47:13.319+0000] {dag.py:3239} INFO - Sync 1 DAGs
[2024-11-11T23:47:13.370+0000] {logging_mixin.py:190} INFO - [2024-11-11T23:47:13.369+0000] {dag.py:4180} INFO - Setting next_dagrun for latest_only to 2024-11-11 16:00:00+00:00, run_after=2024-11-11 20:00:00+00:00
[2024-11-11T23:47:13.413+0000] {processor.py:208} INFO - Processing /home/airflow/.local/lib/python3.12/site-packages/airflow/example_dags/example_latest_only.py took 0.155 seconds
[2024-11-11T23:47:43.842+0000] {processor.py:186} INFO - Started process (PID=547) to work on /home/airflow/.local/lib/python3.12/site-packages/airflow/example_dags/example_latest_only.py
[2024-11-11T23:47:43.843+0000] {processor.py:914} INFO - Processing file /home/airflow/.local/lib/python3.12/site-packages/airflow/example_dags/example_latest_only.py for tasks to queue
[2024-11-11T23:47:43.846+0000] {logging_mixin.py:190} INFO - [2024-11-11T23:47:43.845+0000] {dagbag.py:588} INFO - Filling up the DagBag from /home/airflow/.local/lib/python3.12/site-packages/airflow/example_dags/example_latest_only.py
[2024-11-11T23:47:43.854+0000] {processor.py:925} INFO - DAG(s) 'latest_only' retrieved from /home/airflow/.local/lib/python3.12/site-packages/airflow/example_dags/example_latest_only.py
[2024-11-11T23:47:43.875+0000] {logging_mixin.py:190} INFO - [2024-11-11T23:47:43.875+0000] {dag.py:3239} INFO - Sync 1 DAGs
[2024-11-11T23:47:43.904+0000] {logging_mixin.py:190} INFO - [2024-11-11T23:47:43.904+0000] {dag.py:4180} INFO - Setting next_dagrun for latest_only to 2024-11-11 16:00:00+00:00, run_after=2024-11-11 20:00:00+00:00
[2024-11-11T23:47:43.935+0000] {processor.py:208} INFO - Processing /home/airflow/.local/lib/python3.12/site-packages/airflow/example_dags/example_latest_only.py took 0.099 seconds
[2024-11-11T23:48:14.702+0000] {processor.py:186} INFO - Started process (PID=610) to work on /home/airflow/.local/lib/python3.12/site-packages/airflow/example_dags/example_latest_only.py
[2024-11-11T23:48:14.703+0000] {processor.py:914} INFO - Processing file /home/airflow/.local/lib/python3.12/site-packages/airflow/example_dags/example_latest_only.py for tasks to queue
[2024-11-11T23:48:14.706+0000] {logging_mixin.py:190} INFO - [2024-11-11T23:48:14.705+0000] {dagbag.py:588} INFO - Filling up the DagBag from /home/airflow/.local/lib/python3.12/site-packages/airflow/example_dags/example_latest_only.py
[2024-11-11T23:48:14.717+0000] {processor.py:925} INFO - DAG(s) 'latest_only' retrieved from /home/airflow/.local/lib/python3.12/site-packages/airflow/example_dags/example_latest_only.py
[2024-11-11T23:48:14.739+0000] {logging_mixin.py:190} INFO - [2024-11-11T23:48:14.739+0000] {dag.py:3239} INFO - Sync 1 DAGs
[2024-11-11T23:48:14.767+0000] {logging_mixin.py:190} INFO - [2024-11-11T23:48:14.767+0000] {dag.py:4180} INFO - Setting next_dagrun for latest_only to 2024-11-11 16:00:00+00:00, run_after=2024-11-11 20:00:00+00:00
[2024-11-11T23:48:14.802+0000] {processor.py:208} INFO - Processing /home/airflow/.local/lib/python3.12/site-packages/airflow/example_dags/example_latest_only.py took 0.106 seconds
[2024-11-11T23:48:45.388+0000] {processor.py:186} INFO - Started process (PID=673) to work on /home/airflow/.local/lib/python3.12/site-packages/airflow/example_dags/example_latest_only.py
[2024-11-11T23:48:45.389+0000] {processor.py:914} INFO - Processing file /home/airflow/.local/lib/python3.12/site-packages/airflow/example_dags/example_latest_only.py for tasks to queue
[2024-11-11T23:48:45.391+0000] {logging_mixin.py:190} INFO - [2024-11-11T23:48:45.391+0000] {dagbag.py:588} INFO - Filling up the DagBag from /home/airflow/.local/lib/python3.12/site-packages/airflow/example_dags/example_latest_only.py
[2024-11-11T23:48:45.399+0000] {processor.py:925} INFO - DAG(s) 'latest_only' retrieved from /home/airflow/.local/lib/python3.12/site-packages/airflow/example_dags/example_latest_only.py
[2024-11-11T23:48:45.420+0000] {logging_mixin.py:190} INFO - [2024-11-11T23:48:45.420+0000] {dag.py:3239} INFO - Sync 1 DAGs
[2024-11-11T23:48:45.460+0000] {logging_mixin.py:190} INFO - [2024-11-11T23:48:45.460+0000] {dag.py:4180} INFO - Setting next_dagrun for latest_only to 2024-11-11 16:00:00+00:00, run_after=2024-11-11 20:00:00+00:00
[2024-11-11T23:48:45.486+0000] {processor.py:208} INFO - Processing /home/airflow/.local/lib/python3.12/site-packages/airflow/example_dags/example_latest_only.py took 0.106 seconds
[2024-11-11T23:49:15.555+0000] {processor.py:186} INFO - Started process (PID=737) to work on /home/airflow/.local/lib/python3.12/site-packages/airflow/example_dags/example_latest_only.py
[2024-11-11T23:49:15.556+0000] {processor.py:914} INFO - Processing file /home/airflow/.local/lib/python3.12/site-packages/airflow/example_dags/example_latest_only.py for tasks to queue
[2024-11-11T23:49:15.558+0000] {logging_mixin.py:190} INFO - [2024-11-11T23:49:15.558+0000] {dagbag.py:588} INFO - Filling up the DagBag from /home/airflow/.local/lib/python3.12/site-packages/airflow/example_dags/example_latest_only.py
[2024-11-11T23:49:15.565+0000] {processor.py:925} INFO - DAG(s) 'latest_only' retrieved from /home/airflow/.local/lib/python3.12/site-packages/airflow/example_dags/example_latest_only.py
[2024-11-11T23:49:15.585+0000] {logging_mixin.py:190} INFO - [2024-11-11T23:49:15.585+0000] {dag.py:3239} INFO - Sync 1 DAGs
[2024-11-11T23:49:15.607+0000] {logging_mixin.py:190} INFO - [2024-11-11T23:49:15.606+0000] {dag.py:4180} INFO - Setting next_dagrun for latest_only to 2024-11-11 16:00:00+00:00, run_after=2024-11-11 20:00:00+00:00
[2024-11-11T23:49:15.633+0000] {processor.py:208} INFO - Processing /home/airflow/.local/lib/python3.12/site-packages/airflow/example_dags/example_latest_only.py took 0.084 seconds
[2024-11-11T23:49:46.168+0000] {processor.py:186} INFO - Started process (PID=801) to work on /home/airflow/.local/lib/python3.12/site-packages/airflow/example_dags/example_latest_only.py
[2024-11-11T23:49:46.170+0000] {processor.py:914} INFO - Processing file /home/airflow/.local/lib/python3.12/site-packages/airflow/example_dags/example_latest_only.py for tasks to queue
[2024-11-11T23:49:46.176+0000] {logging_mixin.py:190} INFO - [2024-11-11T23:49:46.175+0000] {dagbag.py:588} INFO - Filling up the DagBag from /home/airflow/.local/lib/python3.12/site-packages/airflow/example_dags/example_latest_only.py
[2024-11-11T23:49:46.193+0000] {processor.py:925} INFO - DAG(s) 'latest_only' retrieved from /home/airflow/.local/lib/python3.12/site-packages/airflow/example_dags/example_latest_only.py
[2024-11-11T23:49:46.227+0000] {logging_mixin.py:190} INFO - [2024-11-11T23:49:46.226+0000] {dag.py:3239} INFO - Sync 1 DAGs
[2024-11-11T23:49:46.277+0000] {logging_mixin.py:190} INFO - [2024-11-11T23:49:46.277+0000] {dag.py:4180} INFO - Setting next_dagrun for latest_only to 2024-11-11 16:00:00+00:00, run_after=2024-11-11 20:00:00+00:00
[2024-11-11T23:49:46.325+0000] {processor.py:208} INFO - Processing /home/airflow/.local/lib/python3.12/site-packages/airflow/example_dags/example_latest_only.py took 0.164 seconds
[2024-11-11T23:50:16.630+0000] {processor.py:186} INFO - Started process (PID=865) to work on /home/airflow/.local/lib/python3.12/site-packages/airflow/example_dags/example_latest_only.py
[2024-11-11T23:50:16.631+0000] {processor.py:914} INFO - Processing file /home/airflow/.local/lib/python3.12/site-packages/airflow/example_dags/example_latest_only.py for tasks to queue
[2024-11-11T23:50:16.634+0000] {logging_mixin.py:190} INFO - [2024-11-11T23:50:16.633+0000] {dagbag.py:588} INFO - Filling up the DagBag from /home/airflow/.local/lib/python3.12/site-packages/airflow/example_dags/example_latest_only.py
[2024-11-11T23:50:16.641+0000] {processor.py:925} INFO - DAG(s) 'latest_only' retrieved from /home/airflow/.local/lib/python3.12/site-packages/airflow/example_dags/example_latest_only.py
[2024-11-11T23:50:16.660+0000] {logging_mixin.py:190} INFO - [2024-11-11T23:50:16.660+0000] {dag.py:3239} INFO - Sync 1 DAGs
[2024-11-11T23:50:16.682+0000] {logging_mixin.py:190} INFO - [2024-11-11T23:50:16.682+0000] {dag.py:4180} INFO - Setting next_dagrun for latest_only to 2024-11-11 16:00:00+00:00, run_after=2024-11-11 20:00:00+00:00
[2024-11-11T23:50:16.704+0000] {processor.py:208} INFO - Processing /home/airflow/.local/lib/python3.12/site-packages/airflow/example_dags/example_latest_only.py took 0.081 seconds
[2024-11-11T23:50:46.823+0000] {processor.py:186} INFO - Started process (PID=929) to work on /home/airflow/.local/lib/python3.12/site-packages/airflow/example_dags/example_latest_only.py
[2024-11-11T23:50:46.825+0000] {processor.py:914} INFO - Processing file /home/airflow/.local/lib/python3.12/site-packages/airflow/example_dags/example_latest_only.py for tasks to queue
[2024-11-11T23:50:46.827+0000] {logging_mixin.py:190} INFO - [2024-11-11T23:50:46.827+0000] {dagbag.py:588} INFO - Filling up the DagBag from /home/airflow/.local/lib/python3.12/site-packages/airflow/example_dags/example_latest_only.py
[2024-11-11T23:50:46.835+0000] {processor.py:925} INFO - DAG(s) 'latest_only' retrieved from /home/airflow/.local/lib/python3.12/site-packages/airflow/example_dags/example_latest_only.py
[2024-11-11T23:50:46.856+0000] {logging_mixin.py:190} INFO - [2024-11-11T23:50:46.856+0000] {dag.py:3239} INFO - Sync 1 DAGs
[2024-11-11T23:50:46.876+0000] {logging_mixin.py:190} INFO - [2024-11-11T23:50:46.876+0000] {dag.py:4180} INFO - Setting next_dagrun for latest_only to 2024-11-11 16:00:00+00:00, run_after=2024-11-11 20:00:00+00:00
[2024-11-11T23:50:46.898+0000] {processor.py:208} INFO - Processing /home/airflow/.local/lib/python3.12/site-packages/airflow/example_dags/example_latest_only.py took 0.080 seconds
[2024-11-11T23:51:17.352+0000] {processor.py:186} INFO - Started process (PID=992) to work on /home/airflow/.local/lib/python3.12/site-packages/airflow/example_dags/example_latest_only.py
[2024-11-11T23:51:17.354+0000] {processor.py:914} INFO - Processing file /home/airflow/.local/lib/python3.12/site-packages/airflow/example_dags/example_latest_only.py for tasks to queue
[2024-11-11T23:51:17.358+0000] {logging_mixin.py:190} INFO - [2024-11-11T23:51:17.357+0000] {dagbag.py:588} INFO - Filling up the DagBag from /home/airflow/.local/lib/python3.12/site-packages/airflow/example_dags/example_latest_only.py
[2024-11-11T23:51:17.367+0000] {processor.py:925} INFO - DAG(s) 'latest_only' retrieved from /home/airflow/.local/lib/python3.12/site-packages/airflow/example_dags/example_latest_only.py
[2024-11-11T23:51:17.393+0000] {logging_mixin.py:190} INFO - [2024-11-11T23:51:17.393+0000] {dag.py:3239} INFO - Sync 1 DAGs
[2024-11-11T23:51:17.421+0000] {logging_mixin.py:190} INFO - [2024-11-11T23:51:17.420+0000] {dag.py:4180} INFO - Setting next_dagrun for latest_only to 2024-11-11 16:00:00+00:00, run_after=2024-11-11 20:00:00+00:00
[2024-11-11T23:51:17.452+0000] {processor.py:208} INFO - Processing /home/airflow/.local/lib/python3.12/site-packages/airflow/example_dags/example_latest_only.py took 0.106 seconds
[2024-11-11T23:51:48.089+0000] {processor.py:186} INFO - Started process (PID=1056) to work on /home/airflow/.local/lib/python3.12/site-packages/airflow/example_dags/example_latest_only.py
[2024-11-11T23:51:48.091+0000] {processor.py:914} INFO - Processing file /home/airflow/.local/lib/python3.12/site-packages/airflow/example_dags/example_latest_only.py for tasks to queue
[2024-11-11T23:51:48.093+0000] {logging_mixin.py:190} INFO - [2024-11-11T23:51:48.093+0000] {dagbag.py:588} INFO - Filling up the DagBag from /home/airflow/.local/lib/python3.12/site-packages/airflow/example_dags/example_latest_only.py
[2024-11-11T23:51:48.105+0000] {processor.py:925} INFO - DAG(s) 'latest_only' retrieved from /home/airflow/.local/lib/python3.12/site-packages/airflow/example_dags/example_latest_only.py
[2024-11-11T23:51:48.130+0000] {logging_mixin.py:190} INFO - [2024-11-11T23:51:48.130+0000] {dag.py:3239} INFO - Sync 1 DAGs
[2024-11-11T23:51:48.160+0000] {logging_mixin.py:190} INFO - [2024-11-11T23:51:48.160+0000] {dag.py:4180} INFO - Setting next_dagrun for latest_only to 2024-11-11 16:00:00+00:00, run_after=2024-11-11 20:00:00+00:00
[2024-11-11T23:51:48.186+0000] {processor.py:208} INFO - Processing /home/airflow/.local/lib/python3.12/site-packages/airflow/example_dags/example_latest_only.py took 0.105 seconds
[2024-11-11T23:52:18.286+0000] {processor.py:186} INFO - Started process (PID=1119) to work on /home/airflow/.local/lib/python3.12/site-packages/airflow/example_dags/example_latest_only.py
[2024-11-11T23:52:18.288+0000] {processor.py:914} INFO - Processing file /home/airflow/.local/lib/python3.12/site-packages/airflow/example_dags/example_latest_only.py for tasks to queue
[2024-11-11T23:52:18.291+0000] {logging_mixin.py:190} INFO - [2024-11-11T23:52:18.290+0000] {dagbag.py:588} INFO - Filling up the DagBag from /home/airflow/.local/lib/python3.12/site-packages/airflow/example_dags/example_latest_only.py
[2024-11-11T23:52:18.305+0000] {processor.py:925} INFO - DAG(s) 'latest_only' retrieved from /home/airflow/.local/lib/python3.12/site-packages/airflow/example_dags/example_latest_only.py
[2024-11-11T23:52:18.332+0000] {logging_mixin.py:190} INFO - [2024-11-11T23:52:18.330+0000] {dag.py:3239} INFO - Sync 1 DAGs
[2024-11-11T23:52:18.360+0000] {logging_mixin.py:190} INFO - [2024-11-11T23:52:18.359+0000] {dag.py:4180} INFO - Setting next_dagrun for latest_only to 2024-11-11 16:00:00+00:00, run_after=2024-11-11 20:00:00+00:00
[2024-11-11T23:52:18.391+0000] {processor.py:208} INFO - Processing /home/airflow/.local/lib/python3.12/site-packages/airflow/example_dags/example_latest_only.py took 0.114 seconds
[2024-11-11T23:52:48.473+0000] {processor.py:186} INFO - Started process (PID=1183) to work on /home/airflow/.local/lib/python3.12/site-packages/airflow/example_dags/example_latest_only.py
[2024-11-11T23:52:48.474+0000] {processor.py:914} INFO - Processing file /home/airflow/.local/lib/python3.12/site-packages/airflow/example_dags/example_latest_only.py for tasks to queue
[2024-11-11T23:52:48.476+0000] {logging_mixin.py:190} INFO - [2024-11-11T23:52:48.476+0000] {dagbag.py:588} INFO - Filling up the DagBag from /home/airflow/.local/lib/python3.12/site-packages/airflow/example_dags/example_latest_only.py
[2024-11-11T23:52:48.483+0000] {processor.py:925} INFO - DAG(s) 'latest_only' retrieved from /home/airflow/.local/lib/python3.12/site-packages/airflow/example_dags/example_latest_only.py
[2024-11-11T23:52:48.503+0000] {logging_mixin.py:190} INFO - [2024-11-11T23:52:48.503+0000] {dag.py:3239} INFO - Sync 1 DAGs
[2024-11-11T23:52:48.523+0000] {logging_mixin.py:190} INFO - [2024-11-11T23:52:48.523+0000] {dag.py:4180} INFO - Setting next_dagrun for latest_only to 2024-11-11 16:00:00+00:00, run_after=2024-11-11 20:00:00+00:00
[2024-11-11T23:52:48.546+0000] {processor.py:208} INFO - Processing /home/airflow/.local/lib/python3.12/site-packages/airflow/example_dags/example_latest_only.py took 0.079 seconds
[2024-11-11T23:53:19.243+0000] {processor.py:186} INFO - Started process (PID=1248) to work on /home/airflow/.local/lib/python3.12/site-packages/airflow/example_dags/example_latest_only.py
[2024-11-11T23:53:19.247+0000] {processor.py:914} INFO - Processing file /home/airflow/.local/lib/python3.12/site-packages/airflow/example_dags/example_latest_only.py for tasks to queue
[2024-11-11T23:53:19.252+0000] {logging_mixin.py:190} INFO - [2024-11-11T23:53:19.251+0000] {dagbag.py:588} INFO - Filling up the DagBag from /home/airflow/.local/lib/python3.12/site-packages/airflow/example_dags/example_latest_only.py
[2024-11-11T23:53:19.263+0000] {processor.py:925} INFO - DAG(s) 'latest_only' retrieved from /home/airflow/.local/lib/python3.12/site-packages/airflow/example_dags/example_latest_only.py
[2024-11-11T23:53:19.308+0000] {logging_mixin.py:190} INFO - [2024-11-11T23:53:19.307+0000] {dag.py:3239} INFO - Sync 1 DAGs
[2024-11-11T23:53:19.364+0000] {logging_mixin.py:190} INFO - [2024-11-11T23:53:19.364+0000] {dag.py:4180} INFO - Setting next_dagrun for latest_only to 2024-11-11 16:00:00+00:00, run_after=2024-11-11 20:00:00+00:00
[2024-11-11T23:53:19.413+0000] {processor.py:208} INFO - Processing /home/airflow/.local/lib/python3.12/site-packages/airflow/example_dags/example_latest_only.py took 0.183 seconds
[2024-11-11T23:53:50.605+0000] {processor.py:186} INFO - Started process (PID=1312) to work on /home/airflow/.local/lib/python3.12/site-packages/airflow/example_dags/example_latest_only.py
[2024-11-11T23:53:50.607+0000] {processor.py:914} INFO - Processing file /home/airflow/.local/lib/python3.12/site-packages/airflow/example_dags/example_latest_only.py for tasks to queue
[2024-11-11T23:53:50.610+0000] {logging_mixin.py:190} INFO - [2024-11-11T23:53:50.610+0000] {dagbag.py:588} INFO - Filling up the DagBag from /home/airflow/.local/lib/python3.12/site-packages/airflow/example_dags/example_latest_only.py
[2024-11-11T23:53:50.620+0000] {processor.py:925} INFO - DAG(s) 'latest_only' retrieved from /home/airflow/.local/lib/python3.12/site-packages/airflow/example_dags/example_latest_only.py
[2024-11-11T23:53:50.701+0000] {logging_mixin.py:190} INFO - [2024-11-11T23:53:50.701+0000] {dag.py:3239} INFO - Sync 1 DAGs
[2024-11-11T23:53:50.815+0000] {logging_mixin.py:190} INFO - [2024-11-11T23:53:50.815+0000] {dag.py:4180} INFO - Setting next_dagrun for latest_only to 2024-11-11 16:00:00+00:00, run_after=2024-11-11 20:00:00+00:00
[2024-11-11T23:53:50.916+0000] {processor.py:208} INFO - Processing /home/airflow/.local/lib/python3.12/site-packages/airflow/example_dags/example_latest_only.py took 0.317 seconds
[2024-11-11T23:54:21.646+0000] {processor.py:186} INFO - Started process (PID=1376) to work on /home/airflow/.local/lib/python3.12/site-packages/airflow/example_dags/example_latest_only.py
[2024-11-11T23:54:21.647+0000] {processor.py:914} INFO - Processing file /home/airflow/.local/lib/python3.12/site-packages/airflow/example_dags/example_latest_only.py for tasks to queue
[2024-11-11T23:54:21.652+0000] {logging_mixin.py:190} INFO - [2024-11-11T23:54:21.651+0000] {dagbag.py:588} INFO - Filling up the DagBag from /home/airflow/.local/lib/python3.12/site-packages/airflow/example_dags/example_latest_only.py
[2024-11-11T23:54:21.663+0000] {processor.py:925} INFO - DAG(s) 'latest_only' retrieved from /home/airflow/.local/lib/python3.12/site-packages/airflow/example_dags/example_latest_only.py
[2024-11-11T23:54:21.690+0000] {logging_mixin.py:190} INFO - [2024-11-11T23:54:21.690+0000] {dag.py:3239} INFO - Sync 1 DAGs
[2024-11-11T23:54:21.733+0000] {logging_mixin.py:190} INFO - [2024-11-11T23:54:21.732+0000] {dag.py:4180} INFO - Setting next_dagrun for latest_only to 2024-11-11 16:00:00+00:00, run_after=2024-11-11 20:00:00+00:00
[2024-11-11T23:54:21.761+0000] {processor.py:208} INFO - Processing /home/airflow/.local/lib/python3.12/site-packages/airflow/example_dags/example_latest_only.py took 0.123 seconds
[2024-11-11T23:54:52.303+0000] {processor.py:186} INFO - Started process (PID=1440) to work on /home/airflow/.local/lib/python3.12/site-packages/airflow/example_dags/example_latest_only.py
[2024-11-11T23:54:52.305+0000] {processor.py:914} INFO - Processing file /home/airflow/.local/lib/python3.12/site-packages/airflow/example_dags/example_latest_only.py for tasks to queue
[2024-11-11T23:54:52.308+0000] {logging_mixin.py:190} INFO - [2024-11-11T23:54:52.308+0000] {dagbag.py:588} INFO - Filling up the DagBag from /home/airflow/.local/lib/python3.12/site-packages/airflow/example_dags/example_latest_only.py
[2024-11-11T23:54:52.316+0000] {processor.py:925} INFO - DAG(s) 'latest_only' retrieved from /home/airflow/.local/lib/python3.12/site-packages/airflow/example_dags/example_latest_only.py
[2024-11-11T23:54:52.338+0000] {logging_mixin.py:190} INFO - [2024-11-11T23:54:52.338+0000] {dag.py:3239} INFO - Sync 1 DAGs
[2024-11-11T23:54:52.364+0000] {logging_mixin.py:190} INFO - [2024-11-11T23:54:52.363+0000] {dag.py:4180} INFO - Setting next_dagrun for latest_only to 2024-11-11 16:00:00+00:00, run_after=2024-11-11 20:00:00+00:00
[2024-11-11T23:54:52.391+0000] {processor.py:208} INFO - Processing /home/airflow/.local/lib/python3.12/site-packages/airflow/example_dags/example_latest_only.py took 0.095 seconds
[2024-11-11T23:55:22.768+0000] {processor.py:186} INFO - Started process (PID=1504) to work on /home/airflow/.local/lib/python3.12/site-packages/airflow/example_dags/example_latest_only.py
[2024-11-11T23:55:22.769+0000] {processor.py:914} INFO - Processing file /home/airflow/.local/lib/python3.12/site-packages/airflow/example_dags/example_latest_only.py for tasks to queue
[2024-11-11T23:55:22.772+0000] {logging_mixin.py:190} INFO - [2024-11-11T23:55:22.772+0000] {dagbag.py:588} INFO - Filling up the DagBag from /home/airflow/.local/lib/python3.12/site-packages/airflow/example_dags/example_latest_only.py
[2024-11-11T23:55:22.781+0000] {processor.py:925} INFO - DAG(s) 'latest_only' retrieved from /home/airflow/.local/lib/python3.12/site-packages/airflow/example_dags/example_latest_only.py
[2024-11-11T23:55:22.803+0000] {logging_mixin.py:190} INFO - [2024-11-11T23:55:22.803+0000] {dag.py:3239} INFO - Sync 1 DAGs
[2024-11-11T23:55:22.826+0000] {logging_mixin.py:190} INFO - [2024-11-11T23:55:22.826+0000] {dag.py:4180} INFO - Setting next_dagrun for latest_only to 2024-11-11 16:00:00+00:00, run_after=2024-11-11 20:00:00+00:00
[2024-11-11T23:55:22.852+0000] {processor.py:208} INFO - Processing /home/airflow/.local/lib/python3.12/site-packages/airflow/example_dags/example_latest_only.py took 0.091 seconds
[2024-11-11T23:55:53.079+0000] {processor.py:186} INFO - Started process (PID=1568) to work on /home/airflow/.local/lib/python3.12/site-packages/airflow/example_dags/example_latest_only.py
[2024-11-11T23:55:53.081+0000] {processor.py:914} INFO - Processing file /home/airflow/.local/lib/python3.12/site-packages/airflow/example_dags/example_latest_only.py for tasks to queue
[2024-11-11T23:55:53.085+0000] {logging_mixin.py:190} INFO - [2024-11-11T23:55:53.084+0000] {dagbag.py:588} INFO - Filling up the DagBag from /home/airflow/.local/lib/python3.12/site-packages/airflow/example_dags/example_latest_only.py
[2024-11-11T23:55:53.097+0000] {processor.py:925} INFO - DAG(s) 'latest_only' retrieved from /home/airflow/.local/lib/python3.12/site-packages/airflow/example_dags/example_latest_only.py
[2024-11-11T23:55:53.125+0000] {logging_mixin.py:190} INFO - [2024-11-11T23:55:53.125+0000] {dag.py:3239} INFO - Sync 1 DAGs
[2024-11-11T23:55:53.157+0000] {logging_mixin.py:190} INFO - [2024-11-11T23:55:53.157+0000] {dag.py:4180} INFO - Setting next_dagrun for latest_only to 2024-11-11 16:00:00+00:00, run_after=2024-11-11 20:00:00+00:00
[2024-11-11T23:55:53.182+0000] {processor.py:208} INFO - Processing /home/airflow/.local/lib/python3.12/site-packages/airflow/example_dags/example_latest_only.py took 0.112 seconds
[2024-11-11T23:56:23.481+0000] {processor.py:186} INFO - Started process (PID=1632) to work on /home/airflow/.local/lib/python3.12/site-packages/airflow/example_dags/example_latest_only.py
[2024-11-11T23:56:23.482+0000] {processor.py:914} INFO - Processing file /home/airflow/.local/lib/python3.12/site-packages/airflow/example_dags/example_latest_only.py for tasks to queue
[2024-11-11T23:56:23.485+0000] {logging_mixin.py:190} INFO - [2024-11-11T23:56:23.485+0000] {dagbag.py:588} INFO - Filling up the DagBag from /home/airflow/.local/lib/python3.12/site-packages/airflow/example_dags/example_latest_only.py
[2024-11-11T23:56:23.492+0000] {processor.py:925} INFO - DAG(s) 'latest_only' retrieved from /home/airflow/.local/lib/python3.12/site-packages/airflow/example_dags/example_latest_only.py
[2024-11-11T23:56:23.513+0000] {logging_mixin.py:190} INFO - [2024-11-11T23:56:23.512+0000] {dag.py:3239} INFO - Sync 1 DAGs
[2024-11-11T23:56:23.539+0000] {logging_mixin.py:190} INFO - [2024-11-11T23:56:23.539+0000] {dag.py:4180} INFO - Setting next_dagrun for latest_only to 2024-11-11 16:00:00+00:00, run_after=2024-11-11 20:00:00+00:00
[2024-11-11T23:56:23.563+0000] {processor.py:208} INFO - Processing /home/airflow/.local/lib/python3.12/site-packages/airflow/example_dags/example_latest_only.py took 0.088 seconds
[2024-11-11T23:56:53.845+0000] {processor.py:186} INFO - Started process (PID=1696) to work on /home/airflow/.local/lib/python3.12/site-packages/airflow/example_dags/example_latest_only.py
[2024-11-11T23:56:53.847+0000] {processor.py:914} INFO - Processing file /home/airflow/.local/lib/python3.12/site-packages/airflow/example_dags/example_latest_only.py for tasks to queue
[2024-11-11T23:56:53.851+0000] {logging_mixin.py:190} INFO - [2024-11-11T23:56:53.851+0000] {dagbag.py:588} INFO - Filling up the DagBag from /home/airflow/.local/lib/python3.12/site-packages/airflow/example_dags/example_latest_only.py
[2024-11-11T23:56:53.862+0000] {processor.py:925} INFO - DAG(s) 'latest_only' retrieved from /home/airflow/.local/lib/python3.12/site-packages/airflow/example_dags/example_latest_only.py
[2024-11-11T23:56:53.889+0000] {logging_mixin.py:190} INFO - [2024-11-11T23:56:53.889+0000] {dag.py:3239} INFO - Sync 1 DAGs
[2024-11-11T23:56:53.918+0000] {logging_mixin.py:190} INFO - [2024-11-11T23:56:53.918+0000] {dag.py:4180} INFO - Setting next_dagrun for latest_only to 2024-11-11 16:00:00+00:00, run_after=2024-11-11 20:00:00+00:00
[2024-11-11T23:56:53.948+0000] {processor.py:208} INFO - Processing /home/airflow/.local/lib/python3.12/site-packages/airflow/example_dags/example_latest_only.py took 0.112 seconds
[2024-11-11T23:57:24.466+0000] {processor.py:186} INFO - Started process (PID=1760) to work on /home/airflow/.local/lib/python3.12/site-packages/airflow/example_dags/example_latest_only.py
[2024-11-11T23:57:24.468+0000] {processor.py:914} INFO - Processing file /home/airflow/.local/lib/python3.12/site-packages/airflow/example_dags/example_latest_only.py for tasks to queue
[2024-11-11T23:57:24.470+0000] {logging_mixin.py:190} INFO - [2024-11-11T23:57:24.470+0000] {dagbag.py:588} INFO - Filling up the DagBag from /home/airflow/.local/lib/python3.12/site-packages/airflow/example_dags/example_latest_only.py
[2024-11-11T23:57:24.479+0000] {processor.py:925} INFO - DAG(s) 'latest_only' retrieved from /home/airflow/.local/lib/python3.12/site-packages/airflow/example_dags/example_latest_only.py
[2024-11-11T23:57:24.500+0000] {logging_mixin.py:190} INFO - [2024-11-11T23:57:24.499+0000] {dag.py:3239} INFO - Sync 1 DAGs
[2024-11-11T23:57:24.531+0000] {logging_mixin.py:190} INFO - [2024-11-11T23:57:24.531+0000] {dag.py:4180} INFO - Setting next_dagrun for latest_only to 2024-11-11 16:00:00+00:00, run_after=2024-11-11 20:00:00+00:00
[2024-11-11T23:57:24.558+0000] {processor.py:208} INFO - Processing /home/airflow/.local/lib/python3.12/site-packages/airflow/example_dags/example_latest_only.py took 0.098 seconds
[2024-11-11T23:57:54.877+0000] {processor.py:186} INFO - Started process (PID=1824) to work on /home/airflow/.local/lib/python3.12/site-packages/airflow/example_dags/example_latest_only.py
[2024-11-11T23:57:54.879+0000] {processor.py:914} INFO - Processing file /home/airflow/.local/lib/python3.12/site-packages/airflow/example_dags/example_latest_only.py for tasks to queue
[2024-11-11T23:57:54.881+0000] {logging_mixin.py:190} INFO - [2024-11-11T23:57:54.881+0000] {dagbag.py:588} INFO - Filling up the DagBag from /home/airflow/.local/lib/python3.12/site-packages/airflow/example_dags/example_latest_only.py
[2024-11-11T23:57:54.891+0000] {processor.py:925} INFO - DAG(s) 'latest_only' retrieved from /home/airflow/.local/lib/python3.12/site-packages/airflow/example_dags/example_latest_only.py
[2024-11-11T23:57:54.915+0000] {logging_mixin.py:190} INFO - [2024-11-11T23:57:54.915+0000] {dag.py:3239} INFO - Sync 1 DAGs
[2024-11-11T23:57:54.944+0000] {logging_mixin.py:190} INFO - [2024-11-11T23:57:54.944+0000] {dag.py:4180} INFO - Setting next_dagrun for latest_only to 2024-11-11 16:00:00+00:00, run_after=2024-11-11 20:00:00+00:00
[2024-11-11T23:57:54.988+0000] {processor.py:208} INFO - Processing /home/airflow/.local/lib/python3.12/site-packages/airflow/example_dags/example_latest_only.py took 0.122 seconds
[2024-11-11T23:58:25.183+0000] {processor.py:186} INFO - Started process (PID=1888) to work on /home/airflow/.local/lib/python3.12/site-packages/airflow/example_dags/example_latest_only.py
[2024-11-11T23:58:25.185+0000] {processor.py:914} INFO - Processing file /home/airflow/.local/lib/python3.12/site-packages/airflow/example_dags/example_latest_only.py for tasks to queue
[2024-11-11T23:58:25.188+0000] {logging_mixin.py:190} INFO - [2024-11-11T23:58:25.188+0000] {dagbag.py:588} INFO - Filling up the DagBag from /home/airflow/.local/lib/python3.12/site-packages/airflow/example_dags/example_latest_only.py
[2024-11-11T23:58:25.199+0000] {processor.py:925} INFO - DAG(s) 'latest_only' retrieved from /home/airflow/.local/lib/python3.12/site-packages/airflow/example_dags/example_latest_only.py
[2024-11-11T23:58:25.220+0000] {logging_mixin.py:190} INFO - [2024-11-11T23:58:25.220+0000] {dag.py:3239} INFO - Sync 1 DAGs
[2024-11-11T23:58:25.250+0000] {logging_mixin.py:190} INFO - [2024-11-11T23:58:25.250+0000] {dag.py:4180} INFO - Setting next_dagrun for latest_only to 2024-11-11 16:00:00+00:00, run_after=2024-11-11 20:00:00+00:00
[2024-11-11T23:58:25.289+0000] {processor.py:208} INFO - Processing /home/airflow/.local/lib/python3.12/site-packages/airflow/example_dags/example_latest_only.py took 0.118 seconds
[2024-11-11T23:58:56.243+0000] {processor.py:186} INFO - Started process (PID=1952) to work on /home/airflow/.local/lib/python3.12/site-packages/airflow/example_dags/example_latest_only.py
[2024-11-11T23:58:56.244+0000] {processor.py:914} INFO - Processing file /home/airflow/.local/lib/python3.12/site-packages/airflow/example_dags/example_latest_only.py for tasks to queue
[2024-11-11T23:58:56.247+0000] {logging_mixin.py:190} INFO - [2024-11-11T23:58:56.246+0000] {dagbag.py:588} INFO - Filling up the DagBag from /home/airflow/.local/lib/python3.12/site-packages/airflow/example_dags/example_latest_only.py
[2024-11-11T23:58:56.254+0000] {processor.py:925} INFO - DAG(s) 'latest_only' retrieved from /home/airflow/.local/lib/python3.12/site-packages/airflow/example_dags/example_latest_only.py
[2024-11-11T23:58:56.274+0000] {logging_mixin.py:190} INFO - [2024-11-11T23:58:56.273+0000] {dag.py:3239} INFO - Sync 1 DAGs
[2024-11-11T23:58:56.295+0000] {logging_mixin.py:190} INFO - [2024-11-11T23:58:56.295+0000] {dag.py:4180} INFO - Setting next_dagrun for latest_only to 2024-11-11 16:00:00+00:00, run_after=2024-11-11 20:00:00+00:00
[2024-11-11T23:58:56.319+0000] {processor.py:208} INFO - Processing /home/airflow/.local/lib/python3.12/site-packages/airflow/example_dags/example_latest_only.py took 0.081 seconds
[2024-11-11T23:59:26.767+0000] {processor.py:186} INFO - Started process (PID=2016) to work on /home/airflow/.local/lib/python3.12/site-packages/airflow/example_dags/example_latest_only.py
[2024-11-11T23:59:26.769+0000] {processor.py:914} INFO - Processing file /home/airflow/.local/lib/python3.12/site-packages/airflow/example_dags/example_latest_only.py for tasks to queue
[2024-11-11T23:59:26.771+0000] {logging_mixin.py:190} INFO - [2024-11-11T23:59:26.771+0000] {dagbag.py:588} INFO - Filling up the DagBag from /home/airflow/.local/lib/python3.12/site-packages/airflow/example_dags/example_latest_only.py
[2024-11-11T23:59:26.780+0000] {processor.py:925} INFO - DAG(s) 'latest_only' retrieved from /home/airflow/.local/lib/python3.12/site-packages/airflow/example_dags/example_latest_only.py
[2024-11-11T23:59:26.807+0000] {logging_mixin.py:190} INFO - [2024-11-11T23:59:26.807+0000] {dag.py:3239} INFO - Sync 1 DAGs
[2024-11-11T23:59:26.835+0000] {logging_mixin.py:190} INFO - [2024-11-11T23:59:26.834+0000] {dag.py:4180} INFO - Setting next_dagrun for latest_only to 2024-11-11 16:00:00+00:00, run_after=2024-11-11 20:00:00+00:00
[2024-11-11T23:59:26.860+0000] {processor.py:208} INFO - Processing /home/airflow/.local/lib/python3.12/site-packages/airflow/example_dags/example_latest_only.py took 0.099 seconds
[2024-11-11T23:59:56.920+0000] {processor.py:186} INFO - Started process (PID=2080) to work on /home/airflow/.local/lib/python3.12/site-packages/airflow/example_dags/example_latest_only.py
[2024-11-11T23:59:56.921+0000] {processor.py:914} INFO - Processing file /home/airflow/.local/lib/python3.12/site-packages/airflow/example_dags/example_latest_only.py for tasks to queue
[2024-11-11T23:59:56.927+0000] {logging_mixin.py:190} INFO - [2024-11-11T23:59:56.926+0000] {dagbag.py:588} INFO - Filling up the DagBag from /home/airflow/.local/lib/python3.12/site-packages/airflow/example_dags/example_latest_only.py
[2024-11-11T23:59:56.935+0000] {processor.py:925} INFO - DAG(s) 'latest_only' retrieved from /home/airflow/.local/lib/python3.12/site-packages/airflow/example_dags/example_latest_only.py
[2024-11-11T23:59:56.961+0000] {logging_mixin.py:190} INFO - [2024-11-11T23:59:56.961+0000] {dag.py:3239} INFO - Sync 1 DAGs
[2024-11-11T23:59:56.989+0000] {logging_mixin.py:190} INFO - [2024-11-11T23:59:56.989+0000] {dag.py:4180} INFO - Setting next_dagrun for latest_only to 2024-11-11 16:00:00+00:00, run_after=2024-11-11 20:00:00+00:00
[2024-11-11T23:59:57.020+0000] {processor.py:208} INFO - Processing /home/airflow/.local/lib/python3.12/site-packages/airflow/example_dags/example_latest_only.py took 0.106 seconds
