[2024-11-11T23:43:58.108+0000] {processor.py:186} INFO - Started process (PID=83) to work on /home/airflow/.local/lib/python3.12/site-packages/airflow/example_dags/example_task_group_decorator.py
[2024-11-11T23:43:58.111+0000] {processor.py:914} INFO - Processing file /home/airflow/.local/lib/python3.12/site-packages/airflow/example_dags/example_task_group_decorator.py for tasks to queue
[2024-11-11T23:43:58.123+0000] {logging_mixin.py:190} INFO - [2024-11-11T23:43:58.122+0000] {dagbag.py:588} INFO - Filling up the DagBag from /home/airflow/.local/lib/python3.12/site-packages/airflow/example_dags/example_task_group_decorator.py
[2024-11-11T23:43:58.232+0000] {processor.py:925} INFO - DAG(s) 'example_task_group_decorator' retrieved from /home/airflow/.local/lib/python3.12/site-packages/airflow/example_dags/example_task_group_decorator.py
[2024-11-11T23:43:59.341+0000] {logging_mixin.py:190} INFO - [2024-11-11T23:43:59.339+0000] {override.py:1911} INFO - Created Permission View: can edit on DAG:example_task_group_decorator
[2024-11-11T23:43:59.382+0000] {logging_mixin.py:190} INFO - [2024-11-11T23:43:59.381+0000] {override.py:1911} INFO - Created Permission View: can read on DAG:example_task_group_decorator
[2024-11-11T23:43:59.413+0000] {logging_mixin.py:190} INFO - [2024-11-11T23:43:59.412+0000] {override.py:1911} INFO - Created Permission View: can delete on DAG:example_task_group_decorator
[2024-11-11T23:43:59.533+0000] {logging_mixin.py:190} INFO - [2024-11-11T23:43:59.532+0000] {override.py:1911} INFO - Created Permission View: menu access on DAG Run:example_task_group_decorator
[2024-11-11T23:43:59.609+0000] {logging_mixin.py:190} INFO - [2024-11-11T23:43:59.608+0000] {override.py:1911} INFO - Created Permission View: can read on DAG Run:example_task_group_decorator
[2024-11-11T23:43:59.621+0000] {logging_mixin.py:190} INFO - [2024-11-11T23:43:59.621+0000] {override.py:1911} INFO - Created Permission View: can delete on DAG Run:example_task_group_decorator
[2024-11-11T23:43:59.634+0000] {logging_mixin.py:190} INFO - [2024-11-11T23:43:59.634+0000] {override.py:1911} INFO - Created Permission View: can create on DAG Run:example_task_group_decorator
[2024-11-11T23:43:59.635+0000] {logging_mixin.py:190} INFO - [2024-11-11T23:43:59.635+0000] {dag.py:3239} INFO - Sync 1 DAGs
[2024-11-11T23:43:59.698+0000] {logging_mixin.py:190} INFO - [2024-11-11T23:43:59.697+0000] {dag.py:3262} INFO - Creating ORM DAG for example_task_group_decorator
[2024-11-11T23:43:59.701+0000] {logging_mixin.py:190} INFO - [2024-11-11T23:43:59.701+0000] {dag.py:4180} INFO - Setting next_dagrun for example_task_group_decorator to None, run_after=None
[2024-11-11T23:43:59.779+0000] {processor.py:208} INFO - Processing /home/airflow/.local/lib/python3.12/site-packages/airflow/example_dags/example_task_group_decorator.py took 1.677 seconds
[2024-11-11T23:44:30.951+0000] {processor.py:186} INFO - Started process (PID=145) to work on /home/airflow/.local/lib/python3.12/site-packages/airflow/example_dags/example_task_group_decorator.py
[2024-11-11T23:44:30.952+0000] {processor.py:914} INFO - Processing file /home/airflow/.local/lib/python3.12/site-packages/airflow/example_dags/example_task_group_decorator.py for tasks to queue
[2024-11-11T23:44:30.955+0000] {logging_mixin.py:190} INFO - [2024-11-11T23:44:30.954+0000] {dagbag.py:588} INFO - Filling up the DagBag from /home/airflow/.local/lib/python3.12/site-packages/airflow/example_dags/example_task_group_decorator.py
[2024-11-11T23:44:30.971+0000] {processor.py:925} INFO - DAG(s) 'example_task_group_decorator' retrieved from /home/airflow/.local/lib/python3.12/site-packages/airflow/example_dags/example_task_group_decorator.py
[2024-11-11T23:44:30.996+0000] {logging_mixin.py:190} INFO - [2024-11-11T23:44:30.996+0000] {dag.py:3239} INFO - Sync 1 DAGs
[2024-11-11T23:44:31.010+0000] {logging_mixin.py:190} INFO - [2024-11-11T23:44:31.010+0000] {dag.py:4180} INFO - Setting next_dagrun for example_task_group_decorator to None, run_after=None
[2024-11-11T23:44:31.035+0000] {processor.py:208} INFO - Processing /home/airflow/.local/lib/python3.12/site-packages/airflow/example_dags/example_task_group_decorator.py took 0.091 seconds
[2024-11-11T23:45:01.170+0000] {processor.py:186} INFO - Started process (PID=208) to work on /home/airflow/.local/lib/python3.12/site-packages/airflow/example_dags/example_task_group_decorator.py
[2024-11-11T23:45:01.171+0000] {processor.py:914} INFO - Processing file /home/airflow/.local/lib/python3.12/site-packages/airflow/example_dags/example_task_group_decorator.py for tasks to queue
[2024-11-11T23:45:01.173+0000] {logging_mixin.py:190} INFO - [2024-11-11T23:45:01.173+0000] {dagbag.py:588} INFO - Filling up the DagBag from /home/airflow/.local/lib/python3.12/site-packages/airflow/example_dags/example_task_group_decorator.py
[2024-11-11T23:45:01.186+0000] {processor.py:925} INFO - DAG(s) 'example_task_group_decorator' retrieved from /home/airflow/.local/lib/python3.12/site-packages/airflow/example_dags/example_task_group_decorator.py
[2024-11-11T23:45:01.210+0000] {logging_mixin.py:190} INFO - [2024-11-11T23:45:01.209+0000] {dag.py:3239} INFO - Sync 1 DAGs
[2024-11-11T23:45:01.222+0000] {logging_mixin.py:190} INFO - [2024-11-11T23:45:01.222+0000] {dag.py:4180} INFO - Setting next_dagrun for example_task_group_decorator to None, run_after=None
[2024-11-11T23:45:01.245+0000] {processor.py:208} INFO - Processing /home/airflow/.local/lib/python3.12/site-packages/airflow/example_dags/example_task_group_decorator.py took 0.081 seconds
[2024-11-11T23:45:31.375+0000] {processor.py:186} INFO - Started process (PID=271) to work on /home/airflow/.local/lib/python3.12/site-packages/airflow/example_dags/example_task_group_decorator.py
[2024-11-11T23:45:31.376+0000] {processor.py:914} INFO - Processing file /home/airflow/.local/lib/python3.12/site-packages/airflow/example_dags/example_task_group_decorator.py for tasks to queue
[2024-11-11T23:45:31.379+0000] {logging_mixin.py:190} INFO - [2024-11-11T23:45:31.379+0000] {dagbag.py:588} INFO - Filling up the DagBag from /home/airflow/.local/lib/python3.12/site-packages/airflow/example_dags/example_task_group_decorator.py
[2024-11-11T23:45:31.392+0000] {processor.py:925} INFO - DAG(s) 'example_task_group_decorator' retrieved from /home/airflow/.local/lib/python3.12/site-packages/airflow/example_dags/example_task_group_decorator.py
[2024-11-11T23:45:31.415+0000] {logging_mixin.py:190} INFO - [2024-11-11T23:45:31.415+0000] {dag.py:3239} INFO - Sync 1 DAGs
[2024-11-11T23:45:31.428+0000] {logging_mixin.py:190} INFO - [2024-11-11T23:45:31.427+0000] {dag.py:4180} INFO - Setting next_dagrun for example_task_group_decorator to None, run_after=None
[2024-11-11T23:45:31.451+0000] {processor.py:208} INFO - Processing /home/airflow/.local/lib/python3.12/site-packages/airflow/example_dags/example_task_group_decorator.py took 0.082 seconds
[2024-11-11T23:46:01.538+0000] {processor.py:186} INFO - Started process (PID=334) to work on /home/airflow/.local/lib/python3.12/site-packages/airflow/example_dags/example_task_group_decorator.py
[2024-11-11T23:46:01.539+0000] {processor.py:914} INFO - Processing file /home/airflow/.local/lib/python3.12/site-packages/airflow/example_dags/example_task_group_decorator.py for tasks to queue
[2024-11-11T23:46:01.541+0000] {logging_mixin.py:190} INFO - [2024-11-11T23:46:01.541+0000] {dagbag.py:588} INFO - Filling up the DagBag from /home/airflow/.local/lib/python3.12/site-packages/airflow/example_dags/example_task_group_decorator.py
[2024-11-11T23:46:01.554+0000] {processor.py:925} INFO - DAG(s) 'example_task_group_decorator' retrieved from /home/airflow/.local/lib/python3.12/site-packages/airflow/example_dags/example_task_group_decorator.py
[2024-11-11T23:46:01.578+0000] {logging_mixin.py:190} INFO - [2024-11-11T23:46:01.577+0000] {dag.py:3239} INFO - Sync 1 DAGs
[2024-11-11T23:46:01.592+0000] {logging_mixin.py:190} INFO - [2024-11-11T23:46:01.591+0000] {dag.py:4180} INFO - Setting next_dagrun for example_task_group_decorator to None, run_after=None
[2024-11-11T23:46:01.613+0000] {processor.py:208} INFO - Processing /home/airflow/.local/lib/python3.12/site-packages/airflow/example_dags/example_task_group_decorator.py took 0.081 seconds
[2024-11-11T23:46:35.033+0000] {processor.py:186} INFO - Started process (PID=396) to work on /home/airflow/.local/lib/python3.12/site-packages/airflow/example_dags/example_task_group_decorator.py
[2024-11-11T23:46:35.070+0000] {processor.py:914} INFO - Processing file /home/airflow/.local/lib/python3.12/site-packages/airflow/example_dags/example_task_group_decorator.py for tasks to queue
[2024-11-11T23:46:35.076+0000] {logging_mixin.py:190} INFO - [2024-11-11T23:46:35.075+0000] {dagbag.py:588} INFO - Filling up the DagBag from /home/airflow/.local/lib/python3.12/site-packages/airflow/example_dags/example_task_group_decorator.py
[2024-11-11T23:46:35.099+0000] {processor.py:925} INFO - DAG(s) 'example_task_group_decorator' retrieved from /home/airflow/.local/lib/python3.12/site-packages/airflow/example_dags/example_task_group_decorator.py
[2024-11-11T23:46:35.128+0000] {logging_mixin.py:190} INFO - [2024-11-11T23:46:35.127+0000] {dag.py:3239} INFO - Sync 1 DAGs
[2024-11-11T23:46:35.146+0000] {logging_mixin.py:190} INFO - [2024-11-11T23:46:35.146+0000] {dag.py:4180} INFO - Setting next_dagrun for example_task_group_decorator to None, run_after=None
[2024-11-11T23:46:35.234+0000] {processor.py:208} INFO - Processing /home/airflow/.local/lib/python3.12/site-packages/airflow/example_dags/example_task_group_decorator.py took 0.208 seconds
[2024-11-11T23:47:05.722+0000] {processor.py:186} INFO - Started process (PID=459) to work on /home/airflow/.local/lib/python3.12/site-packages/airflow/example_dags/example_task_group_decorator.py
[2024-11-11T23:47:05.723+0000] {processor.py:914} INFO - Processing file /home/airflow/.local/lib/python3.12/site-packages/airflow/example_dags/example_task_group_decorator.py for tasks to queue
[2024-11-11T23:47:05.726+0000] {logging_mixin.py:190} INFO - [2024-11-11T23:47:05.725+0000] {dagbag.py:588} INFO - Filling up the DagBag from /home/airflow/.local/lib/python3.12/site-packages/airflow/example_dags/example_task_group_decorator.py
[2024-11-11T23:47:05.741+0000] {processor.py:925} INFO - DAG(s) 'example_task_group_decorator' retrieved from /home/airflow/.local/lib/python3.12/site-packages/airflow/example_dags/example_task_group_decorator.py
[2024-11-11T23:47:05.767+0000] {logging_mixin.py:190} INFO - [2024-11-11T23:47:05.766+0000] {dag.py:3239} INFO - Sync 1 DAGs
[2024-11-11T23:47:05.785+0000] {logging_mixin.py:190} INFO - [2024-11-11T23:47:05.785+0000] {dag.py:4180} INFO - Setting next_dagrun for example_task_group_decorator to None, run_after=None
[2024-11-11T23:47:05.815+0000] {processor.py:208} INFO - Processing /home/airflow/.local/lib/python3.12/site-packages/airflow/example_dags/example_task_group_decorator.py took 0.099 seconds
[2024-11-11T23:47:36.616+0000] {processor.py:186} INFO - Started process (PID=520) to work on /home/airflow/.local/lib/python3.12/site-packages/airflow/example_dags/example_task_group_decorator.py
[2024-11-11T23:47:36.618+0000] {processor.py:914} INFO - Processing file /home/airflow/.local/lib/python3.12/site-packages/airflow/example_dags/example_task_group_decorator.py for tasks to queue
[2024-11-11T23:47:36.621+0000] {logging_mixin.py:190} INFO - [2024-11-11T23:47:36.620+0000] {dagbag.py:588} INFO - Filling up the DagBag from /home/airflow/.local/lib/python3.12/site-packages/airflow/example_dags/example_task_group_decorator.py
[2024-11-11T23:47:36.645+0000] {processor.py:925} INFO - DAG(s) 'example_task_group_decorator' retrieved from /home/airflow/.local/lib/python3.12/site-packages/airflow/example_dags/example_task_group_decorator.py
[2024-11-11T23:47:36.673+0000] {logging_mixin.py:190} INFO - [2024-11-11T23:47:36.673+0000] {dag.py:3239} INFO - Sync 1 DAGs
[2024-11-11T23:47:36.687+0000] {logging_mixin.py:190} INFO - [2024-11-11T23:47:36.687+0000] {dag.py:4180} INFO - Setting next_dagrun for example_task_group_decorator to None, run_after=None
[2024-11-11T23:47:36.708+0000] {processor.py:208} INFO - Processing /home/airflow/.local/lib/python3.12/site-packages/airflow/example_dags/example_task_group_decorator.py took 0.100 seconds
[2024-11-11T23:48:07.998+0000] {processor.py:186} INFO - Started process (PID=583) to work on /home/airflow/.local/lib/python3.12/site-packages/airflow/example_dags/example_task_group_decorator.py
[2024-11-11T23:48:07.999+0000] {processor.py:914} INFO - Processing file /home/airflow/.local/lib/python3.12/site-packages/airflow/example_dags/example_task_group_decorator.py for tasks to queue
[2024-11-11T23:48:08.002+0000] {logging_mixin.py:190} INFO - [2024-11-11T23:48:08.002+0000] {dagbag.py:588} INFO - Filling up the DagBag from /home/airflow/.local/lib/python3.12/site-packages/airflow/example_dags/example_task_group_decorator.py
[2024-11-11T23:48:08.019+0000] {processor.py:925} INFO - DAG(s) 'example_task_group_decorator' retrieved from /home/airflow/.local/lib/python3.12/site-packages/airflow/example_dags/example_task_group_decorator.py
[2024-11-11T23:48:08.049+0000] {logging_mixin.py:190} INFO - [2024-11-11T23:48:08.049+0000] {dag.py:3239} INFO - Sync 1 DAGs
[2024-11-11T23:48:08.067+0000] {logging_mixin.py:190} INFO - [2024-11-11T23:48:08.067+0000] {dag.py:4180} INFO - Setting next_dagrun for example_task_group_decorator to None, run_after=None
[2024-11-11T23:48:08.125+0000] {processor.py:208} INFO - Processing /home/airflow/.local/lib/python3.12/site-packages/airflow/example_dags/example_task_group_decorator.py took 0.133 seconds
[2024-11-11T23:48:39.242+0000] {processor.py:186} INFO - Started process (PID=646) to work on /home/airflow/.local/lib/python3.12/site-packages/airflow/example_dags/example_task_group_decorator.py
[2024-11-11T23:48:39.244+0000] {processor.py:914} INFO - Processing file /home/airflow/.local/lib/python3.12/site-packages/airflow/example_dags/example_task_group_decorator.py for tasks to queue
[2024-11-11T23:48:39.246+0000] {logging_mixin.py:190} INFO - [2024-11-11T23:48:39.246+0000] {dagbag.py:588} INFO - Filling up the DagBag from /home/airflow/.local/lib/python3.12/site-packages/airflow/example_dags/example_task_group_decorator.py
[2024-11-11T23:48:39.262+0000] {processor.py:925} INFO - DAG(s) 'example_task_group_decorator' retrieved from /home/airflow/.local/lib/python3.12/site-packages/airflow/example_dags/example_task_group_decorator.py
[2024-11-11T23:48:39.306+0000] {logging_mixin.py:190} INFO - [2024-11-11T23:48:39.306+0000] {dag.py:3239} INFO - Sync 1 DAGs
[2024-11-11T23:48:39.375+0000] {logging_mixin.py:190} INFO - [2024-11-11T23:48:39.374+0000] {dag.py:4180} INFO - Setting next_dagrun for example_task_group_decorator to None, run_after=None
[2024-11-11T23:48:39.418+0000] {processor.py:208} INFO - Processing /home/airflow/.local/lib/python3.12/site-packages/airflow/example_dags/example_task_group_decorator.py took 0.188 seconds
[2024-11-11T23:49:09.602+0000] {processor.py:186} INFO - Started process (PID=709) to work on /home/airflow/.local/lib/python3.12/site-packages/airflow/example_dags/example_task_group_decorator.py
[2024-11-11T23:49:09.604+0000] {processor.py:914} INFO - Processing file /home/airflow/.local/lib/python3.12/site-packages/airflow/example_dags/example_task_group_decorator.py for tasks to queue
[2024-11-11T23:49:09.606+0000] {logging_mixin.py:190} INFO - [2024-11-11T23:49:09.606+0000] {dagbag.py:588} INFO - Filling up the DagBag from /home/airflow/.local/lib/python3.12/site-packages/airflow/example_dags/example_task_group_decorator.py
[2024-11-11T23:49:09.620+0000] {processor.py:925} INFO - DAG(s) 'example_task_group_decorator' retrieved from /home/airflow/.local/lib/python3.12/site-packages/airflow/example_dags/example_task_group_decorator.py
[2024-11-11T23:49:09.647+0000] {logging_mixin.py:190} INFO - [2024-11-11T23:49:09.647+0000] {dag.py:3239} INFO - Sync 1 DAGs
[2024-11-11T23:49:09.662+0000] {logging_mixin.py:190} INFO - [2024-11-11T23:49:09.662+0000] {dag.py:4180} INFO - Setting next_dagrun for example_task_group_decorator to None, run_after=None
[2024-11-11T23:49:09.688+0000] {processor.py:208} INFO - Processing /home/airflow/.local/lib/python3.12/site-packages/airflow/example_dags/example_task_group_decorator.py took 0.091 seconds
[2024-11-11T23:49:39.743+0000] {processor.py:186} INFO - Started process (PID=772) to work on /home/airflow/.local/lib/python3.12/site-packages/airflow/example_dags/example_task_group_decorator.py
[2024-11-11T23:49:39.745+0000] {processor.py:914} INFO - Processing file /home/airflow/.local/lib/python3.12/site-packages/airflow/example_dags/example_task_group_decorator.py for tasks to queue
[2024-11-11T23:49:39.747+0000] {logging_mixin.py:190} INFO - [2024-11-11T23:49:39.747+0000] {dagbag.py:588} INFO - Filling up the DagBag from /home/airflow/.local/lib/python3.12/site-packages/airflow/example_dags/example_task_group_decorator.py
[2024-11-11T23:49:39.762+0000] {processor.py:925} INFO - DAG(s) 'example_task_group_decorator' retrieved from /home/airflow/.local/lib/python3.12/site-packages/airflow/example_dags/example_task_group_decorator.py
[2024-11-11T23:49:39.786+0000] {logging_mixin.py:190} INFO - [2024-11-11T23:49:39.785+0000] {dag.py:3239} INFO - Sync 1 DAGs
[2024-11-11T23:49:39.802+0000] {logging_mixin.py:190} INFO - [2024-11-11T23:49:39.802+0000] {dag.py:4180} INFO - Setting next_dagrun for example_task_group_decorator to None, run_after=None
[2024-11-11T23:49:39.825+0000] {processor.py:208} INFO - Processing /home/airflow/.local/lib/python3.12/site-packages/airflow/example_dags/example_task_group_decorator.py took 0.087 seconds
[2024-11-11T23:50:09.989+0000] {processor.py:186} INFO - Started process (PID=836) to work on /home/airflow/.local/lib/python3.12/site-packages/airflow/example_dags/example_task_group_decorator.py
[2024-11-11T23:50:09.990+0000] {processor.py:914} INFO - Processing file /home/airflow/.local/lib/python3.12/site-packages/airflow/example_dags/example_task_group_decorator.py for tasks to queue
[2024-11-11T23:50:09.994+0000] {logging_mixin.py:190} INFO - [2024-11-11T23:50:09.993+0000] {dagbag.py:588} INFO - Filling up the DagBag from /home/airflow/.local/lib/python3.12/site-packages/airflow/example_dags/example_task_group_decorator.py
[2024-11-11T23:50:10.019+0000] {processor.py:925} INFO - DAG(s) 'example_task_group_decorator' retrieved from /home/airflow/.local/lib/python3.12/site-packages/airflow/example_dags/example_task_group_decorator.py
[2024-11-11T23:50:10.047+0000] {logging_mixin.py:190} INFO - [2024-11-11T23:50:10.047+0000] {dag.py:3239} INFO - Sync 1 DAGs
[2024-11-11T23:50:10.062+0000] {logging_mixin.py:190} INFO - [2024-11-11T23:50:10.062+0000] {dag.py:4180} INFO - Setting next_dagrun for example_task_group_decorator to None, run_after=None
[2024-11-11T23:50:10.090+0000] {processor.py:208} INFO - Processing /home/airflow/.local/lib/python3.12/site-packages/airflow/example_dags/example_task_group_decorator.py took 0.109 seconds
[2024-11-11T23:50:40.700+0000] {processor.py:186} INFO - Started process (PID=900) to work on /home/airflow/.local/lib/python3.12/site-packages/airflow/example_dags/example_task_group_decorator.py
[2024-11-11T23:50:40.701+0000] {processor.py:914} INFO - Processing file /home/airflow/.local/lib/python3.12/site-packages/airflow/example_dags/example_task_group_decorator.py for tasks to queue
[2024-11-11T23:50:40.703+0000] {logging_mixin.py:190} INFO - [2024-11-11T23:50:40.703+0000] {dagbag.py:588} INFO - Filling up the DagBag from /home/airflow/.local/lib/python3.12/site-packages/airflow/example_dags/example_task_group_decorator.py
[2024-11-11T23:50:40.720+0000] {processor.py:925} INFO - DAG(s) 'example_task_group_decorator' retrieved from /home/airflow/.local/lib/python3.12/site-packages/airflow/example_dags/example_task_group_decorator.py
[2024-11-11T23:50:40.743+0000] {logging_mixin.py:190} INFO - [2024-11-11T23:50:40.743+0000] {dag.py:3239} INFO - Sync 1 DAGs
[2024-11-11T23:50:40.757+0000] {logging_mixin.py:190} INFO - [2024-11-11T23:50:40.756+0000] {dag.py:4180} INFO - Setting next_dagrun for example_task_group_decorator to None, run_after=None
[2024-11-11T23:50:40.780+0000] {processor.py:208} INFO - Processing /home/airflow/.local/lib/python3.12/site-packages/airflow/example_dags/example_task_group_decorator.py took 0.085 seconds
[2024-11-11T23:51:10.892+0000] {processor.py:186} INFO - Started process (PID=964) to work on /home/airflow/.local/lib/python3.12/site-packages/airflow/example_dags/example_task_group_decorator.py
[2024-11-11T23:51:10.894+0000] {processor.py:914} INFO - Processing file /home/airflow/.local/lib/python3.12/site-packages/airflow/example_dags/example_task_group_decorator.py for tasks to queue
[2024-11-11T23:51:10.896+0000] {logging_mixin.py:190} INFO - [2024-11-11T23:51:10.896+0000] {dagbag.py:588} INFO - Filling up the DagBag from /home/airflow/.local/lib/python3.12/site-packages/airflow/example_dags/example_task_group_decorator.py
[2024-11-11T23:51:10.913+0000] {processor.py:925} INFO - DAG(s) 'example_task_group_decorator' retrieved from /home/airflow/.local/lib/python3.12/site-packages/airflow/example_dags/example_task_group_decorator.py
[2024-11-11T23:51:10.940+0000] {logging_mixin.py:190} INFO - [2024-11-11T23:51:10.940+0000] {dag.py:3239} INFO - Sync 1 DAGs
[2024-11-11T23:51:10.965+0000] {logging_mixin.py:190} INFO - [2024-11-11T23:51:10.965+0000] {dag.py:4180} INFO - Setting next_dagrun for example_task_group_decorator to None, run_after=None
[2024-11-11T23:51:10.994+0000] {processor.py:208} INFO - Processing /home/airflow/.local/lib/python3.12/site-packages/airflow/example_dags/example_task_group_decorator.py took 0.114 seconds
[2024-11-11T23:51:41.205+0000] {processor.py:186} INFO - Started process (PID=1028) to work on /home/airflow/.local/lib/python3.12/site-packages/airflow/example_dags/example_task_group_decorator.py
[2024-11-11T23:51:41.207+0000] {processor.py:914} INFO - Processing file /home/airflow/.local/lib/python3.12/site-packages/airflow/example_dags/example_task_group_decorator.py for tasks to queue
[2024-11-11T23:51:41.209+0000] {logging_mixin.py:190} INFO - [2024-11-11T23:51:41.209+0000] {dagbag.py:588} INFO - Filling up the DagBag from /home/airflow/.local/lib/python3.12/site-packages/airflow/example_dags/example_task_group_decorator.py
[2024-11-11T23:51:41.230+0000] {processor.py:925} INFO - DAG(s) 'example_task_group_decorator' retrieved from /home/airflow/.local/lib/python3.12/site-packages/airflow/example_dags/example_task_group_decorator.py
[2024-11-11T23:51:41.258+0000] {logging_mixin.py:190} INFO - [2024-11-11T23:51:41.257+0000] {dag.py:3239} INFO - Sync 1 DAGs
[2024-11-11T23:51:41.274+0000] {logging_mixin.py:190} INFO - [2024-11-11T23:51:41.274+0000] {dag.py:4180} INFO - Setting next_dagrun for example_task_group_decorator to None, run_after=None
[2024-11-11T23:51:41.300+0000] {processor.py:208} INFO - Processing /home/airflow/.local/lib/python3.12/site-packages/airflow/example_dags/example_task_group_decorator.py took 0.101 seconds
[2024-11-11T23:52:11.637+0000] {processor.py:186} INFO - Started process (PID=1092) to work on /home/airflow/.local/lib/python3.12/site-packages/airflow/example_dags/example_task_group_decorator.py
[2024-11-11T23:52:11.639+0000] {processor.py:914} INFO - Processing file /home/airflow/.local/lib/python3.12/site-packages/airflow/example_dags/example_task_group_decorator.py for tasks to queue
[2024-11-11T23:52:11.641+0000] {logging_mixin.py:190} INFO - [2024-11-11T23:52:11.641+0000] {dagbag.py:588} INFO - Filling up the DagBag from /home/airflow/.local/lib/python3.12/site-packages/airflow/example_dags/example_task_group_decorator.py
[2024-11-11T23:52:11.664+0000] {processor.py:925} INFO - DAG(s) 'example_task_group_decorator' retrieved from /home/airflow/.local/lib/python3.12/site-packages/airflow/example_dags/example_task_group_decorator.py
[2024-11-11T23:52:11.703+0000] {logging_mixin.py:190} INFO - [2024-11-11T23:52:11.703+0000] {dag.py:3239} INFO - Sync 1 DAGs
[2024-11-11T23:52:11.722+0000] {logging_mixin.py:190} INFO - [2024-11-11T23:52:11.722+0000] {dag.py:4180} INFO - Setting next_dagrun for example_task_group_decorator to None, run_after=None
[2024-11-11T23:52:11.757+0000] {processor.py:208} INFO - Processing /home/airflow/.local/lib/python3.12/site-packages/airflow/example_dags/example_task_group_decorator.py took 0.126 seconds
[2024-11-11T23:52:41.953+0000] {processor.py:186} INFO - Started process (PID=1156) to work on /home/airflow/.local/lib/python3.12/site-packages/airflow/example_dags/example_task_group_decorator.py
[2024-11-11T23:52:41.955+0000] {processor.py:914} INFO - Processing file /home/airflow/.local/lib/python3.12/site-packages/airflow/example_dags/example_task_group_decorator.py for tasks to queue
[2024-11-11T23:52:41.957+0000] {logging_mixin.py:190} INFO - [2024-11-11T23:52:41.957+0000] {dagbag.py:588} INFO - Filling up the DagBag from /home/airflow/.local/lib/python3.12/site-packages/airflow/example_dags/example_task_group_decorator.py
[2024-11-11T23:52:41.973+0000] {processor.py:925} INFO - DAG(s) 'example_task_group_decorator' retrieved from /home/airflow/.local/lib/python3.12/site-packages/airflow/example_dags/example_task_group_decorator.py
[2024-11-11T23:52:41.998+0000] {logging_mixin.py:190} INFO - [2024-11-11T23:52:41.998+0000] {dag.py:3239} INFO - Sync 1 DAGs
[2024-11-11T23:52:42.012+0000] {logging_mixin.py:190} INFO - [2024-11-11T23:52:42.012+0000] {dag.py:4180} INFO - Setting next_dagrun for example_task_group_decorator to None, run_after=None
[2024-11-11T23:52:42.035+0000] {processor.py:208} INFO - Processing /home/airflow/.local/lib/python3.12/site-packages/airflow/example_dags/example_task_group_decorator.py took 0.088 seconds
[2024-11-11T23:53:12.169+0000] {processor.py:186} INFO - Started process (PID=1221) to work on /home/airflow/.local/lib/python3.12/site-packages/airflow/example_dags/example_task_group_decorator.py
[2024-11-11T23:53:12.173+0000] {processor.py:914} INFO - Processing file /home/airflow/.local/lib/python3.12/site-packages/airflow/example_dags/example_task_group_decorator.py for tasks to queue
[2024-11-11T23:53:12.175+0000] {logging_mixin.py:190} INFO - [2024-11-11T23:53:12.175+0000] {dagbag.py:588} INFO - Filling up the DagBag from /home/airflow/.local/lib/python3.12/site-packages/airflow/example_dags/example_task_group_decorator.py
[2024-11-11T23:53:12.193+0000] {processor.py:925} INFO - DAG(s) 'example_task_group_decorator' retrieved from /home/airflow/.local/lib/python3.12/site-packages/airflow/example_dags/example_task_group_decorator.py
[2024-11-11T23:53:12.222+0000] {logging_mixin.py:190} INFO - [2024-11-11T23:53:12.222+0000] {dag.py:3239} INFO - Sync 1 DAGs
[2024-11-11T23:53:12.241+0000] {logging_mixin.py:190} INFO - [2024-11-11T23:53:12.241+0000] {dag.py:4180} INFO - Setting next_dagrun for example_task_group_decorator to None, run_after=None
[2024-11-11T23:53:12.271+0000] {processor.py:208} INFO - Processing /home/airflow/.local/lib/python3.12/site-packages/airflow/example_dags/example_task_group_decorator.py took 0.109 seconds
[2024-11-11T23:53:42.335+0000] {processor.py:186} INFO - Started process (PID=1286) to work on /home/airflow/.local/lib/python3.12/site-packages/airflow/example_dags/example_task_group_decorator.py
[2024-11-11T23:53:42.337+0000] {processor.py:914} INFO - Processing file /home/airflow/.local/lib/python3.12/site-packages/airflow/example_dags/example_task_group_decorator.py for tasks to queue
[2024-11-11T23:53:42.339+0000] {logging_mixin.py:190} INFO - [2024-11-11T23:53:42.339+0000] {dagbag.py:588} INFO - Filling up the DagBag from /home/airflow/.local/lib/python3.12/site-packages/airflow/example_dags/example_task_group_decorator.py
[2024-11-11T23:53:42.355+0000] {processor.py:925} INFO - DAG(s) 'example_task_group_decorator' retrieved from /home/airflow/.local/lib/python3.12/site-packages/airflow/example_dags/example_task_group_decorator.py
[2024-11-11T23:53:42.381+0000] {logging_mixin.py:190} INFO - [2024-11-11T23:53:42.381+0000] {dag.py:3239} INFO - Sync 1 DAGs
[2024-11-11T23:53:42.398+0000] {logging_mixin.py:190} INFO - [2024-11-11T23:53:42.398+0000] {dag.py:4180} INFO - Setting next_dagrun for example_task_group_decorator to None, run_after=None
[2024-11-11T23:53:42.423+0000] {processor.py:208} INFO - Processing /home/airflow/.local/lib/python3.12/site-packages/airflow/example_dags/example_task_group_decorator.py took 0.093 seconds
[2024-11-11T23:54:13.379+0000] {processor.py:186} INFO - Started process (PID=1350) to work on /home/airflow/.local/lib/python3.12/site-packages/airflow/example_dags/example_task_group_decorator.py
[2024-11-11T23:54:13.380+0000] {processor.py:914} INFO - Processing file /home/airflow/.local/lib/python3.12/site-packages/airflow/example_dags/example_task_group_decorator.py for tasks to queue
[2024-11-11T23:54:13.384+0000] {logging_mixin.py:190} INFO - [2024-11-11T23:54:13.383+0000] {dagbag.py:588} INFO - Filling up the DagBag from /home/airflow/.local/lib/python3.12/site-packages/airflow/example_dags/example_task_group_decorator.py
[2024-11-11T23:54:13.405+0000] {processor.py:925} INFO - DAG(s) 'example_task_group_decorator' retrieved from /home/airflow/.local/lib/python3.12/site-packages/airflow/example_dags/example_task_group_decorator.py
[2024-11-11T23:54:13.431+0000] {logging_mixin.py:190} INFO - [2024-11-11T23:54:13.431+0000] {dag.py:3239} INFO - Sync 1 DAGs
[2024-11-11T23:54:13.447+0000] {logging_mixin.py:190} INFO - [2024-11-11T23:54:13.447+0000] {dag.py:4180} INFO - Setting next_dagrun for example_task_group_decorator to None, run_after=None
[2024-11-11T23:54:13.475+0000] {processor.py:208} INFO - Processing /home/airflow/.local/lib/python3.12/site-packages/airflow/example_dags/example_task_group_decorator.py took 0.103 seconds
[2024-11-11T23:54:43.653+0000] {processor.py:186} INFO - Started process (PID=1414) to work on /home/airflow/.local/lib/python3.12/site-packages/airflow/example_dags/example_task_group_decorator.py
[2024-11-11T23:54:43.654+0000] {processor.py:914} INFO - Processing file /home/airflow/.local/lib/python3.12/site-packages/airflow/example_dags/example_task_group_decorator.py for tasks to queue
[2024-11-11T23:54:43.657+0000] {logging_mixin.py:190} INFO - [2024-11-11T23:54:43.657+0000] {dagbag.py:588} INFO - Filling up the DagBag from /home/airflow/.local/lib/python3.12/site-packages/airflow/example_dags/example_task_group_decorator.py
[2024-11-11T23:54:43.673+0000] {processor.py:925} INFO - DAG(s) 'example_task_group_decorator' retrieved from /home/airflow/.local/lib/python3.12/site-packages/airflow/example_dags/example_task_group_decorator.py
[2024-11-11T23:54:43.700+0000] {logging_mixin.py:190} INFO - [2024-11-11T23:54:43.700+0000] {dag.py:3239} INFO - Sync 1 DAGs
[2024-11-11T23:54:43.714+0000] {logging_mixin.py:190} INFO - [2024-11-11T23:54:43.714+0000] {dag.py:4180} INFO - Setting next_dagrun for example_task_group_decorator to None, run_after=None
[2024-11-11T23:54:43.737+0000] {processor.py:208} INFO - Processing /home/airflow/.local/lib/python3.12/site-packages/airflow/example_dags/example_task_group_decorator.py took 0.092 seconds
[2024-11-11T23:55:13.849+0000] {processor.py:186} INFO - Started process (PID=1478) to work on /home/airflow/.local/lib/python3.12/site-packages/airflow/example_dags/example_task_group_decorator.py
[2024-11-11T23:55:13.850+0000] {processor.py:914} INFO - Processing file /home/airflow/.local/lib/python3.12/site-packages/airflow/example_dags/example_task_group_decorator.py for tasks to queue
[2024-11-11T23:55:13.853+0000] {logging_mixin.py:190} INFO - [2024-11-11T23:55:13.853+0000] {dagbag.py:588} INFO - Filling up the DagBag from /home/airflow/.local/lib/python3.12/site-packages/airflow/example_dags/example_task_group_decorator.py
[2024-11-11T23:55:13.871+0000] {processor.py:925} INFO - DAG(s) 'example_task_group_decorator' retrieved from /home/airflow/.local/lib/python3.12/site-packages/airflow/example_dags/example_task_group_decorator.py
[2024-11-11T23:55:13.918+0000] {logging_mixin.py:190} INFO - [2024-11-11T23:55:13.918+0000] {dag.py:3239} INFO - Sync 1 DAGs
[2024-11-11T23:55:13.935+0000] {logging_mixin.py:190} INFO - [2024-11-11T23:55:13.935+0000] {dag.py:4180} INFO - Setting next_dagrun for example_task_group_decorator to None, run_after=None
[2024-11-11T23:55:13.962+0000] {processor.py:208} INFO - Processing /home/airflow/.local/lib/python3.12/site-packages/airflow/example_dags/example_task_group_decorator.py took 0.120 seconds
[2024-11-11T23:55:44.416+0000] {processor.py:186} INFO - Started process (PID=1542) to work on /home/airflow/.local/lib/python3.12/site-packages/airflow/example_dags/example_task_group_decorator.py
[2024-11-11T23:55:44.418+0000] {processor.py:914} INFO - Processing file /home/airflow/.local/lib/python3.12/site-packages/airflow/example_dags/example_task_group_decorator.py for tasks to queue
[2024-11-11T23:55:44.421+0000] {logging_mixin.py:190} INFO - [2024-11-11T23:55:44.421+0000] {dagbag.py:588} INFO - Filling up the DagBag from /home/airflow/.local/lib/python3.12/site-packages/airflow/example_dags/example_task_group_decorator.py
[2024-11-11T23:55:44.435+0000] {processor.py:925} INFO - DAG(s) 'example_task_group_decorator' retrieved from /home/airflow/.local/lib/python3.12/site-packages/airflow/example_dags/example_task_group_decorator.py
[2024-11-11T23:55:44.462+0000] {logging_mixin.py:190} INFO - [2024-11-11T23:55:44.461+0000] {dag.py:3239} INFO - Sync 1 DAGs
[2024-11-11T23:55:44.476+0000] {logging_mixin.py:190} INFO - [2024-11-11T23:55:44.476+0000] {dag.py:4180} INFO - Setting next_dagrun for example_task_group_decorator to None, run_after=None
[2024-11-11T23:55:44.503+0000] {processor.py:208} INFO - Processing /home/airflow/.local/lib/python3.12/site-packages/airflow/example_dags/example_task_group_decorator.py took 0.092 seconds
[2024-11-11T23:56:14.907+0000] {processor.py:186} INFO - Started process (PID=1606) to work on /home/airflow/.local/lib/python3.12/site-packages/airflow/example_dags/example_task_group_decorator.py
[2024-11-11T23:56:14.909+0000] {processor.py:914} INFO - Processing file /home/airflow/.local/lib/python3.12/site-packages/airflow/example_dags/example_task_group_decorator.py for tasks to queue
[2024-11-11T23:56:14.911+0000] {logging_mixin.py:190} INFO - [2024-11-11T23:56:14.911+0000] {dagbag.py:588} INFO - Filling up the DagBag from /home/airflow/.local/lib/python3.12/site-packages/airflow/example_dags/example_task_group_decorator.py
[2024-11-11T23:56:14.927+0000] {processor.py:925} INFO - DAG(s) 'example_task_group_decorator' retrieved from /home/airflow/.local/lib/python3.12/site-packages/airflow/example_dags/example_task_group_decorator.py
[2024-11-11T23:56:14.956+0000] {logging_mixin.py:190} INFO - [2024-11-11T23:56:14.956+0000] {dag.py:3239} INFO - Sync 1 DAGs
[2024-11-11T23:56:14.972+0000] {logging_mixin.py:190} INFO - [2024-11-11T23:56:14.971+0000] {dag.py:4180} INFO - Setting next_dagrun for example_task_group_decorator to None, run_after=None
[2024-11-11T23:56:14.995+0000] {processor.py:208} INFO - Processing /home/airflow/.local/lib/python3.12/site-packages/airflow/example_dags/example_task_group_decorator.py took 0.094 seconds
[2024-11-11T23:56:45.391+0000] {processor.py:186} INFO - Started process (PID=1670) to work on /home/airflow/.local/lib/python3.12/site-packages/airflow/example_dags/example_task_group_decorator.py
[2024-11-11T23:56:45.417+0000] {processor.py:914} INFO - Processing file /home/airflow/.local/lib/python3.12/site-packages/airflow/example_dags/example_task_group_decorator.py for tasks to queue
[2024-11-11T23:56:45.422+0000] {logging_mixin.py:190} INFO - [2024-11-11T23:56:45.421+0000] {dagbag.py:588} INFO - Filling up the DagBag from /home/airflow/.local/lib/python3.12/site-packages/airflow/example_dags/example_task_group_decorator.py
[2024-11-11T23:56:45.463+0000] {processor.py:925} INFO - DAG(s) 'example_task_group_decorator' retrieved from /home/airflow/.local/lib/python3.12/site-packages/airflow/example_dags/example_task_group_decorator.py
[2024-11-11T23:56:45.504+0000] {logging_mixin.py:190} INFO - [2024-11-11T23:56:45.503+0000] {dag.py:3239} INFO - Sync 1 DAGs
[2024-11-11T23:56:45.524+0000] {logging_mixin.py:190} INFO - [2024-11-11T23:56:45.524+0000] {dag.py:4180} INFO - Setting next_dagrun for example_task_group_decorator to None, run_after=None
[2024-11-11T23:56:45.552+0000] {processor.py:208} INFO - Processing /home/airflow/.local/lib/python3.12/site-packages/airflow/example_dags/example_task_group_decorator.py took 0.181 seconds
[2024-11-11T23:57:15.742+0000] {processor.py:186} INFO - Started process (PID=1734) to work on /home/airflow/.local/lib/python3.12/site-packages/airflow/example_dags/example_task_group_decorator.py
[2024-11-11T23:57:15.743+0000] {processor.py:914} INFO - Processing file /home/airflow/.local/lib/python3.12/site-packages/airflow/example_dags/example_task_group_decorator.py for tasks to queue
[2024-11-11T23:57:15.746+0000] {logging_mixin.py:190} INFO - [2024-11-11T23:57:15.746+0000] {dagbag.py:588} INFO - Filling up the DagBag from /home/airflow/.local/lib/python3.12/site-packages/airflow/example_dags/example_task_group_decorator.py
[2024-11-11T23:57:15.764+0000] {processor.py:925} INFO - DAG(s) 'example_task_group_decorator' retrieved from /home/airflow/.local/lib/python3.12/site-packages/airflow/example_dags/example_task_group_decorator.py
[2024-11-11T23:57:15.793+0000] {logging_mixin.py:190} INFO - [2024-11-11T23:57:15.793+0000] {dag.py:3239} INFO - Sync 1 DAGs
[2024-11-11T23:57:15.811+0000] {logging_mixin.py:190} INFO - [2024-11-11T23:57:15.810+0000] {dag.py:4180} INFO - Setting next_dagrun for example_task_group_decorator to None, run_after=None
[2024-11-11T23:57:15.835+0000] {processor.py:208} INFO - Processing /home/airflow/.local/lib/python3.12/site-packages/airflow/example_dags/example_task_group_decorator.py took 0.103 seconds
[2024-11-11T23:57:46.083+0000] {processor.py:186} INFO - Started process (PID=1798) to work on /home/airflow/.local/lib/python3.12/site-packages/airflow/example_dags/example_task_group_decorator.py
[2024-11-11T23:57:46.084+0000] {processor.py:914} INFO - Processing file /home/airflow/.local/lib/python3.12/site-packages/airflow/example_dags/example_task_group_decorator.py for tasks to queue
[2024-11-11T23:57:46.087+0000] {logging_mixin.py:190} INFO - [2024-11-11T23:57:46.086+0000] {dagbag.py:588} INFO - Filling up the DagBag from /home/airflow/.local/lib/python3.12/site-packages/airflow/example_dags/example_task_group_decorator.py
[2024-11-11T23:57:46.106+0000] {processor.py:925} INFO - DAG(s) 'example_task_group_decorator' retrieved from /home/airflow/.local/lib/python3.12/site-packages/airflow/example_dags/example_task_group_decorator.py
[2024-11-11T23:57:46.136+0000] {logging_mixin.py:190} INFO - [2024-11-11T23:57:46.136+0000] {dag.py:3239} INFO - Sync 1 DAGs
[2024-11-11T23:57:46.154+0000] {logging_mixin.py:190} INFO - [2024-11-11T23:57:46.154+0000] {dag.py:4180} INFO - Setting next_dagrun for example_task_group_decorator to None, run_after=None
[2024-11-11T23:57:46.182+0000] {processor.py:208} INFO - Processing /home/airflow/.local/lib/python3.12/site-packages/airflow/example_dags/example_task_group_decorator.py took 0.124 seconds
[2024-11-11T23:58:16.492+0000] {processor.py:186} INFO - Started process (PID=1862) to work on /home/airflow/.local/lib/python3.12/site-packages/airflow/example_dags/example_task_group_decorator.py
[2024-11-11T23:58:16.493+0000] {processor.py:914} INFO - Processing file /home/airflow/.local/lib/python3.12/site-packages/airflow/example_dags/example_task_group_decorator.py for tasks to queue
[2024-11-11T23:58:16.496+0000] {logging_mixin.py:190} INFO - [2024-11-11T23:58:16.495+0000] {dagbag.py:588} INFO - Filling up the DagBag from /home/airflow/.local/lib/python3.12/site-packages/airflow/example_dags/example_task_group_decorator.py
[2024-11-11T23:58:16.512+0000] {processor.py:925} INFO - DAG(s) 'example_task_group_decorator' retrieved from /home/airflow/.local/lib/python3.12/site-packages/airflow/example_dags/example_task_group_decorator.py
[2024-11-11T23:58:16.543+0000] {logging_mixin.py:190} INFO - [2024-11-11T23:58:16.543+0000] {dag.py:3239} INFO - Sync 1 DAGs
[2024-11-11T23:58:16.560+0000] {logging_mixin.py:190} INFO - [2024-11-11T23:58:16.560+0000] {dag.py:4180} INFO - Setting next_dagrun for example_task_group_decorator to None, run_after=None
[2024-11-11T23:58:16.584+0000] {processor.py:208} INFO - Processing /home/airflow/.local/lib/python3.12/site-packages/airflow/example_dags/example_task_group_decorator.py took 0.099 seconds
[2024-11-11T23:58:47.026+0000] {processor.py:186} INFO - Started process (PID=1926) to work on /home/airflow/.local/lib/python3.12/site-packages/airflow/example_dags/example_task_group_decorator.py
[2024-11-11T23:58:47.027+0000] {processor.py:914} INFO - Processing file /home/airflow/.local/lib/python3.12/site-packages/airflow/example_dags/example_task_group_decorator.py for tasks to queue
[2024-11-11T23:58:47.030+0000] {logging_mixin.py:190} INFO - [2024-11-11T23:58:47.030+0000] {dagbag.py:588} INFO - Filling up the DagBag from /home/airflow/.local/lib/python3.12/site-packages/airflow/example_dags/example_task_group_decorator.py
[2024-11-11T23:58:47.045+0000] {processor.py:925} INFO - DAG(s) 'example_task_group_decorator' retrieved from /home/airflow/.local/lib/python3.12/site-packages/airflow/example_dags/example_task_group_decorator.py
[2024-11-11T23:58:47.079+0000] {logging_mixin.py:190} INFO - [2024-11-11T23:58:47.078+0000] {dag.py:3239} INFO - Sync 1 DAGs
[2024-11-11T23:58:47.097+0000] {logging_mixin.py:190} INFO - [2024-11-11T23:58:47.097+0000] {dag.py:4180} INFO - Setting next_dagrun for example_task_group_decorator to None, run_after=None
[2024-11-11T23:58:47.127+0000] {processor.py:208} INFO - Processing /home/airflow/.local/lib/python3.12/site-packages/airflow/example_dags/example_task_group_decorator.py took 0.106 seconds
[2024-11-11T23:59:18.169+0000] {processor.py:186} INFO - Started process (PID=1990) to work on /home/airflow/.local/lib/python3.12/site-packages/airflow/example_dags/example_task_group_decorator.py
[2024-11-11T23:59:18.170+0000] {processor.py:914} INFO - Processing file /home/airflow/.local/lib/python3.12/site-packages/airflow/example_dags/example_task_group_decorator.py for tasks to queue
[2024-11-11T23:59:18.173+0000] {logging_mixin.py:190} INFO - [2024-11-11T23:59:18.173+0000] {dagbag.py:588} INFO - Filling up the DagBag from /home/airflow/.local/lib/python3.12/site-packages/airflow/example_dags/example_task_group_decorator.py
[2024-11-11T23:59:18.198+0000] {processor.py:925} INFO - DAG(s) 'example_task_group_decorator' retrieved from /home/airflow/.local/lib/python3.12/site-packages/airflow/example_dags/example_task_group_decorator.py
[2024-11-11T23:59:18.236+0000] {logging_mixin.py:190} INFO - [2024-11-11T23:59:18.235+0000] {dag.py:3239} INFO - Sync 1 DAGs
[2024-11-11T23:59:18.255+0000] {logging_mixin.py:190} INFO - [2024-11-11T23:59:18.255+0000] {dag.py:4180} INFO - Setting next_dagrun for example_task_group_decorator to None, run_after=None
[2024-11-11T23:59:18.286+0000] {processor.py:208} INFO - Processing /home/airflow/.local/lib/python3.12/site-packages/airflow/example_dags/example_task_group_decorator.py took 0.124 seconds
[2024-11-11T23:59:49.460+0000] {processor.py:186} INFO - Started process (PID=2054) to work on /home/airflow/.local/lib/python3.12/site-packages/airflow/example_dags/example_task_group_decorator.py
[2024-11-11T23:59:49.463+0000] {processor.py:914} INFO - Processing file /home/airflow/.local/lib/python3.12/site-packages/airflow/example_dags/example_task_group_decorator.py for tasks to queue
[2024-11-11T23:59:49.467+0000] {logging_mixin.py:190} INFO - [2024-11-11T23:59:49.466+0000] {dagbag.py:588} INFO - Filling up the DagBag from /home/airflow/.local/lib/python3.12/site-packages/airflow/example_dags/example_task_group_decorator.py
[2024-11-11T23:59:49.496+0000] {processor.py:925} INFO - DAG(s) 'example_task_group_decorator' retrieved from /home/airflow/.local/lib/python3.12/site-packages/airflow/example_dags/example_task_group_decorator.py
[2024-11-11T23:59:49.530+0000] {logging_mixin.py:190} INFO - [2024-11-11T23:59:49.530+0000] {dag.py:3239} INFO - Sync 1 DAGs
[2024-11-11T23:59:49.555+0000] {logging_mixin.py:190} INFO - [2024-11-11T23:59:49.554+0000] {dag.py:4180} INFO - Setting next_dagrun for example_task_group_decorator to None, run_after=None
[2024-11-11T23:59:49.584+0000] {processor.py:208} INFO - Processing /home/airflow/.local/lib/python3.12/site-packages/airflow/example_dags/example_task_group_decorator.py took 0.136 seconds
