[2024-11-11T23:44:07.092+0000] {processor.py:186} INFO - Started process (PID=103) to work on /home/airflow/.local/lib/python3.12/site-packages/airflow/example_dags/example_bash_decorator.py
[2024-11-11T23:44:07.093+0000] {processor.py:914} INFO - Processing file /home/airflow/.local/lib/python3.12/site-packages/airflow/example_dags/example_bash_decorator.py for tasks to queue
[2024-11-11T23:44:07.096+0000] {logging_mixin.py:190} INFO - [2024-11-11T23:44:07.096+0000] {dagbag.py:588} INFO - Filling up the DagBag from /home/airflow/.local/lib/python3.12/site-packages/airflow/example_dags/example_bash_decorator.py
[2024-11-11T23:44:07.115+0000] {processor.py:925} INFO - DAG(s) 'example_bash_decorator' retrieved from /home/airflow/.local/lib/python3.12/site-packages/airflow/example_dags/example_bash_decorator.py
[2024-11-11T23:44:07.270+0000] {logging_mixin.py:190} INFO - [2024-11-11T23:44:07.269+0000] {override.py:1911} INFO - Created Permission View: can edit on DAG:example_bash_decorator
[2024-11-11T23:44:07.286+0000] {logging_mixin.py:190} INFO - [2024-11-11T23:44:07.285+0000] {override.py:1911} INFO - Created Permission View: can read on DAG:example_bash_decorator
[2024-11-11T23:44:07.297+0000] {logging_mixin.py:190} INFO - [2024-11-11T23:44:07.297+0000] {override.py:1911} INFO - Created Permission View: can delete on DAG:example_bash_decorator
[2024-11-11T23:44:07.325+0000] {logging_mixin.py:190} INFO - [2024-11-11T23:44:07.325+0000] {override.py:1911} INFO - Created Permission View: menu access on DAG Run:example_bash_decorator
[2024-11-11T23:44:07.338+0000] {logging_mixin.py:190} INFO - [2024-11-11T23:44:07.337+0000] {override.py:1911} INFO - Created Permission View: can read on DAG Run:example_bash_decorator
[2024-11-11T23:44:07.351+0000] {logging_mixin.py:190} INFO - [2024-11-11T23:44:07.351+0000] {override.py:1911} INFO - Created Permission View: can delete on DAG Run:example_bash_decorator
[2024-11-11T23:44:07.365+0000] {logging_mixin.py:190} INFO - [2024-11-11T23:44:07.365+0000] {override.py:1911} INFO - Created Permission View: can create on DAG Run:example_bash_decorator
[2024-11-11T23:44:07.367+0000] {logging_mixin.py:190} INFO - [2024-11-11T23:44:07.367+0000] {dag.py:3239} INFO - Sync 1 DAGs
[2024-11-11T23:44:07.412+0000] {logging_mixin.py:190} INFO - [2024-11-11T23:44:07.412+0000] {dag.py:3262} INFO - Creating ORM DAG for example_bash_decorator
[2024-11-11T23:44:07.413+0000] {logging_mixin.py:190} INFO - [2024-11-11T23:44:07.413+0000] {dag.py:4180} INFO - Setting next_dagrun for example_bash_decorator to None, run_after=None
[2024-11-11T23:44:07.498+0000] {processor.py:208} INFO - Processing /home/airflow/.local/lib/python3.12/site-packages/airflow/example_dags/example_bash_decorator.py took 0.414 seconds
[2024-11-11T23:44:39.195+0000] {processor.py:186} INFO - Started process (PID=166) to work on /home/airflow/.local/lib/python3.12/site-packages/airflow/example_dags/example_bash_decorator.py
[2024-11-11T23:44:39.197+0000] {processor.py:914} INFO - Processing file /home/airflow/.local/lib/python3.12/site-packages/airflow/example_dags/example_bash_decorator.py for tasks to queue
[2024-11-11T23:44:39.208+0000] {logging_mixin.py:190} INFO - [2024-11-11T23:44:39.207+0000] {dagbag.py:588} INFO - Filling up the DagBag from /home/airflow/.local/lib/python3.12/site-packages/airflow/example_dags/example_bash_decorator.py
[2024-11-11T23:44:39.241+0000] {processor.py:925} INFO - DAG(s) 'example_bash_decorator' retrieved from /home/airflow/.local/lib/python3.12/site-packages/airflow/example_dags/example_bash_decorator.py
[2024-11-11T23:44:39.278+0000] {logging_mixin.py:190} INFO - [2024-11-11T23:44:39.278+0000] {dag.py:3239} INFO - Sync 1 DAGs
[2024-11-11T23:44:39.301+0000] {logging_mixin.py:190} INFO - [2024-11-11T23:44:39.300+0000] {dag.py:4180} INFO - Setting next_dagrun for example_bash_decorator to None, run_after=None
[2024-11-11T23:44:39.325+0000] {processor.py:208} INFO - Processing /home/airflow/.local/lib/python3.12/site-packages/airflow/example_dags/example_bash_decorator.py took 0.139 seconds
[2024-11-11T23:45:09.486+0000] {processor.py:186} INFO - Started process (PID=228) to work on /home/airflow/.local/lib/python3.12/site-packages/airflow/example_dags/example_bash_decorator.py
[2024-11-11T23:45:09.487+0000] {processor.py:914} INFO - Processing file /home/airflow/.local/lib/python3.12/site-packages/airflow/example_dags/example_bash_decorator.py for tasks to queue
[2024-11-11T23:45:09.490+0000] {logging_mixin.py:190} INFO - [2024-11-11T23:45:09.490+0000] {dagbag.py:588} INFO - Filling up the DagBag from /home/airflow/.local/lib/python3.12/site-packages/airflow/example_dags/example_bash_decorator.py
[2024-11-11T23:45:09.504+0000] {processor.py:925} INFO - DAG(s) 'example_bash_decorator' retrieved from /home/airflow/.local/lib/python3.12/site-packages/airflow/example_dags/example_bash_decorator.py
[2024-11-11T23:45:09.529+0000] {logging_mixin.py:190} INFO - [2024-11-11T23:45:09.528+0000] {dag.py:3239} INFO - Sync 1 DAGs
[2024-11-11T23:45:09.544+0000] {logging_mixin.py:190} INFO - [2024-11-11T23:45:09.544+0000] {dag.py:4180} INFO - Setting next_dagrun for example_bash_decorator to None, run_after=None
[2024-11-11T23:45:09.570+0000] {processor.py:208} INFO - Processing /home/airflow/.local/lib/python3.12/site-packages/airflow/example_dags/example_bash_decorator.py took 0.089 seconds
[2024-11-11T23:45:40.836+0000] {processor.py:186} INFO - Started process (PID=292) to work on /home/airflow/.local/lib/python3.12/site-packages/airflow/example_dags/example_bash_decorator.py
[2024-11-11T23:45:40.838+0000] {processor.py:914} INFO - Processing file /home/airflow/.local/lib/python3.12/site-packages/airflow/example_dags/example_bash_decorator.py for tasks to queue
[2024-11-11T23:45:40.840+0000] {logging_mixin.py:190} INFO - [2024-11-11T23:45:40.840+0000] {dagbag.py:588} INFO - Filling up the DagBag from /home/airflow/.local/lib/python3.12/site-packages/airflow/example_dags/example_bash_decorator.py
[2024-11-11T23:45:40.856+0000] {processor.py:925} INFO - DAG(s) 'example_bash_decorator' retrieved from /home/airflow/.local/lib/python3.12/site-packages/airflow/example_dags/example_bash_decorator.py
[2024-11-11T23:45:40.878+0000] {logging_mixin.py:190} INFO - [2024-11-11T23:45:40.878+0000] {dag.py:3239} INFO - Sync 1 DAGs
[2024-11-11T23:45:40.891+0000] {logging_mixin.py:190} INFO - [2024-11-11T23:45:40.891+0000] {dag.py:4180} INFO - Setting next_dagrun for example_bash_decorator to None, run_after=None
[2024-11-11T23:45:40.914+0000] {processor.py:208} INFO - Processing /home/airflow/.local/lib/python3.12/site-packages/airflow/example_dags/example_bash_decorator.py took 0.083 seconds
[2024-11-11T23:46:11.139+0000] {processor.py:186} INFO - Started process (PID=355) to work on /home/airflow/.local/lib/python3.12/site-packages/airflow/example_dags/example_bash_decorator.py
[2024-11-11T23:46:11.140+0000] {processor.py:914} INFO - Processing file /home/airflow/.local/lib/python3.12/site-packages/airflow/example_dags/example_bash_decorator.py for tasks to queue
[2024-11-11T23:46:11.143+0000] {logging_mixin.py:190} INFO - [2024-11-11T23:46:11.142+0000] {dagbag.py:588} INFO - Filling up the DagBag from /home/airflow/.local/lib/python3.12/site-packages/airflow/example_dags/example_bash_decorator.py
[2024-11-11T23:46:11.158+0000] {processor.py:925} INFO - DAG(s) 'example_bash_decorator' retrieved from /home/airflow/.local/lib/python3.12/site-packages/airflow/example_dags/example_bash_decorator.py
[2024-11-11T23:46:11.186+0000] {logging_mixin.py:190} INFO - [2024-11-11T23:46:11.186+0000] {dag.py:3239} INFO - Sync 1 DAGs
[2024-11-11T23:46:11.204+0000] {logging_mixin.py:190} INFO - [2024-11-11T23:46:11.204+0000] {dag.py:4180} INFO - Setting next_dagrun for example_bash_decorator to None, run_after=None
[2024-11-11T23:46:11.240+0000] {processor.py:208} INFO - Processing /home/airflow/.local/lib/python3.12/site-packages/airflow/example_dags/example_bash_decorator.py took 0.107 seconds
[2024-11-11T23:46:41.291+0000] {processor.py:186} INFO - Started process (PID=417) to work on /home/airflow/.local/lib/python3.12/site-packages/airflow/example_dags/example_bash_decorator.py
[2024-11-11T23:46:41.292+0000] {processor.py:914} INFO - Processing file /home/airflow/.local/lib/python3.12/site-packages/airflow/example_dags/example_bash_decorator.py for tasks to queue
[2024-11-11T23:46:41.295+0000] {logging_mixin.py:190} INFO - [2024-11-11T23:46:41.295+0000] {dagbag.py:588} INFO - Filling up the DagBag from /home/airflow/.local/lib/python3.12/site-packages/airflow/example_dags/example_bash_decorator.py
[2024-11-11T23:46:41.308+0000] {processor.py:925} INFO - DAG(s) 'example_bash_decorator' retrieved from /home/airflow/.local/lib/python3.12/site-packages/airflow/example_dags/example_bash_decorator.py
[2024-11-11T23:46:41.334+0000] {logging_mixin.py:190} INFO - [2024-11-11T23:46:41.334+0000] {dag.py:3239} INFO - Sync 1 DAGs
[2024-11-11T23:46:41.350+0000] {logging_mixin.py:190} INFO - [2024-11-11T23:46:41.349+0000] {dag.py:4180} INFO - Setting next_dagrun for example_bash_decorator to None, run_after=None
[2024-11-11T23:46:41.372+0000] {processor.py:208} INFO - Processing /home/airflow/.local/lib/python3.12/site-packages/airflow/example_dags/example_bash_decorator.py took 0.087 seconds
[2024-11-11T23:47:11.815+0000] {processor.py:186} INFO - Started process (PID=480) to work on /home/airflow/.local/lib/python3.12/site-packages/airflow/example_dags/example_bash_decorator.py
[2024-11-11T23:47:11.816+0000] {processor.py:914} INFO - Processing file /home/airflow/.local/lib/python3.12/site-packages/airflow/example_dags/example_bash_decorator.py for tasks to queue
[2024-11-11T23:47:11.818+0000] {logging_mixin.py:190} INFO - [2024-11-11T23:47:11.818+0000] {dagbag.py:588} INFO - Filling up the DagBag from /home/airflow/.local/lib/python3.12/site-packages/airflow/example_dags/example_bash_decorator.py
[2024-11-11T23:47:11.833+0000] {processor.py:925} INFO - DAG(s) 'example_bash_decorator' retrieved from /home/airflow/.local/lib/python3.12/site-packages/airflow/example_dags/example_bash_decorator.py
[2024-11-11T23:47:11.855+0000] {logging_mixin.py:190} INFO - [2024-11-11T23:47:11.854+0000] {dag.py:3239} INFO - Sync 1 DAGs
[2024-11-11T23:47:11.869+0000] {logging_mixin.py:190} INFO - [2024-11-11T23:47:11.869+0000] {dag.py:4180} INFO - Setting next_dagrun for example_bash_decorator to None, run_after=None
[2024-11-11T23:47:11.891+0000] {processor.py:208} INFO - Processing /home/airflow/.local/lib/python3.12/site-packages/airflow/example_dags/example_bash_decorator.py took 0.082 seconds
[2024-11-11T23:47:42.493+0000] {processor.py:186} INFO - Started process (PID=543) to work on /home/airflow/.local/lib/python3.12/site-packages/airflow/example_dags/example_bash_decorator.py
[2024-11-11T23:47:42.494+0000] {processor.py:914} INFO - Processing file /home/airflow/.local/lib/python3.12/site-packages/airflow/example_dags/example_bash_decorator.py for tasks to queue
[2024-11-11T23:47:42.497+0000] {logging_mixin.py:190} INFO - [2024-11-11T23:47:42.496+0000] {dagbag.py:588} INFO - Filling up the DagBag from /home/airflow/.local/lib/python3.12/site-packages/airflow/example_dags/example_bash_decorator.py
[2024-11-11T23:47:42.512+0000] {processor.py:925} INFO - DAG(s) 'example_bash_decorator' retrieved from /home/airflow/.local/lib/python3.12/site-packages/airflow/example_dags/example_bash_decorator.py
[2024-11-11T23:47:42.536+0000] {logging_mixin.py:190} INFO - [2024-11-11T23:47:42.536+0000] {dag.py:3239} INFO - Sync 1 DAGs
[2024-11-11T23:47:42.552+0000] {logging_mixin.py:190} INFO - [2024-11-11T23:47:42.551+0000] {dag.py:4180} INFO - Setting next_dagrun for example_bash_decorator to None, run_after=None
[2024-11-11T23:47:42.577+0000] {processor.py:208} INFO - Processing /home/airflow/.local/lib/python3.12/site-packages/airflow/example_dags/example_bash_decorator.py took 0.089 seconds
[2024-11-11T23:48:13.344+0000] {processor.py:186} INFO - Started process (PID=606) to work on /home/airflow/.local/lib/python3.12/site-packages/airflow/example_dags/example_bash_decorator.py
[2024-11-11T23:48:13.345+0000] {processor.py:914} INFO - Processing file /home/airflow/.local/lib/python3.12/site-packages/airflow/example_dags/example_bash_decorator.py for tasks to queue
[2024-11-11T23:48:13.348+0000] {logging_mixin.py:190} INFO - [2024-11-11T23:48:13.347+0000] {dagbag.py:588} INFO - Filling up the DagBag from /home/airflow/.local/lib/python3.12/site-packages/airflow/example_dags/example_bash_decorator.py
[2024-11-11T23:48:13.363+0000] {processor.py:925} INFO - DAG(s) 'example_bash_decorator' retrieved from /home/airflow/.local/lib/python3.12/site-packages/airflow/example_dags/example_bash_decorator.py
[2024-11-11T23:48:13.386+0000] {logging_mixin.py:190} INFO - [2024-11-11T23:48:13.386+0000] {dag.py:3239} INFO - Sync 1 DAGs
[2024-11-11T23:48:13.400+0000] {logging_mixin.py:190} INFO - [2024-11-11T23:48:13.400+0000] {dag.py:4180} INFO - Setting next_dagrun for example_bash_decorator to None, run_after=None
[2024-11-11T23:48:13.423+0000] {processor.py:208} INFO - Processing /home/airflow/.local/lib/python3.12/site-packages/airflow/example_dags/example_bash_decorator.py took 0.086 seconds
[2024-11-11T23:48:44.046+0000] {processor.py:186} INFO - Started process (PID=669) to work on /home/airflow/.local/lib/python3.12/site-packages/airflow/example_dags/example_bash_decorator.py
[2024-11-11T23:48:44.047+0000] {processor.py:914} INFO - Processing file /home/airflow/.local/lib/python3.12/site-packages/airflow/example_dags/example_bash_decorator.py for tasks to queue
[2024-11-11T23:48:44.050+0000] {logging_mixin.py:190} INFO - [2024-11-11T23:48:44.050+0000] {dagbag.py:588} INFO - Filling up the DagBag from /home/airflow/.local/lib/python3.12/site-packages/airflow/example_dags/example_bash_decorator.py
[2024-11-11T23:48:44.066+0000] {processor.py:925} INFO - DAG(s) 'example_bash_decorator' retrieved from /home/airflow/.local/lib/python3.12/site-packages/airflow/example_dags/example_bash_decorator.py
[2024-11-11T23:48:44.093+0000] {logging_mixin.py:190} INFO - [2024-11-11T23:48:44.092+0000] {dag.py:3239} INFO - Sync 1 DAGs
[2024-11-11T23:48:44.108+0000] {logging_mixin.py:190} INFO - [2024-11-11T23:48:44.107+0000] {dag.py:4180} INFO - Setting next_dagrun for example_bash_decorator to None, run_after=None
[2024-11-11T23:48:44.129+0000] {processor.py:208} INFO - Processing /home/airflow/.local/lib/python3.12/site-packages/airflow/example_dags/example_bash_decorator.py took 0.088 seconds
[2024-11-11T23:49:14.575+0000] {processor.py:186} INFO - Started process (PID=733) to work on /home/airflow/.local/lib/python3.12/site-packages/airflow/example_dags/example_bash_decorator.py
[2024-11-11T23:49:14.577+0000] {processor.py:914} INFO - Processing file /home/airflow/.local/lib/python3.12/site-packages/airflow/example_dags/example_bash_decorator.py for tasks to queue
[2024-11-11T23:49:14.580+0000] {logging_mixin.py:190} INFO - [2024-11-11T23:49:14.579+0000] {dagbag.py:588} INFO - Filling up the DagBag from /home/airflow/.local/lib/python3.12/site-packages/airflow/example_dags/example_bash_decorator.py
[2024-11-11T23:49:14.595+0000] {processor.py:925} INFO - DAG(s) 'example_bash_decorator' retrieved from /home/airflow/.local/lib/python3.12/site-packages/airflow/example_dags/example_bash_decorator.py
[2024-11-11T23:49:14.627+0000] {logging_mixin.py:190} INFO - [2024-11-11T23:49:14.627+0000] {dag.py:3239} INFO - Sync 1 DAGs
[2024-11-11T23:49:14.650+0000] {logging_mixin.py:190} INFO - [2024-11-11T23:49:14.649+0000] {dag.py:4180} INFO - Setting next_dagrun for example_bash_decorator to None, run_after=None
[2024-11-11T23:49:14.683+0000] {processor.py:208} INFO - Processing /home/airflow/.local/lib/python3.12/site-packages/airflow/example_dags/example_bash_decorator.py took 0.115 seconds
[2024-11-11T23:49:45.666+0000] {processor.py:186} INFO - Started process (PID=797) to work on /home/airflow/.local/lib/python3.12/site-packages/airflow/example_dags/example_bash_decorator.py
[2024-11-11T23:49:45.668+0000] {processor.py:914} INFO - Processing file /home/airflow/.local/lib/python3.12/site-packages/airflow/example_dags/example_bash_decorator.py for tasks to queue
[2024-11-11T23:49:45.672+0000] {logging_mixin.py:190} INFO - [2024-11-11T23:49:45.672+0000] {dagbag.py:588} INFO - Filling up the DagBag from /home/airflow/.local/lib/python3.12/site-packages/airflow/example_dags/example_bash_decorator.py
[2024-11-11T23:49:45.693+0000] {processor.py:925} INFO - DAG(s) 'example_bash_decorator' retrieved from /home/airflow/.local/lib/python3.12/site-packages/airflow/example_dags/example_bash_decorator.py
[2024-11-11T23:49:45.756+0000] {logging_mixin.py:190} INFO - [2024-11-11T23:49:45.756+0000] {dag.py:3239} INFO - Sync 1 DAGs
[2024-11-11T23:49:45.815+0000] {logging_mixin.py:190} INFO - [2024-11-11T23:49:45.814+0000] {dag.py:4180} INFO - Setting next_dagrun for example_bash_decorator to None, run_after=None
[2024-11-11T23:49:45.885+0000] {processor.py:208} INFO - Processing /home/airflow/.local/lib/python3.12/site-packages/airflow/example_dags/example_bash_decorator.py took 0.225 seconds
[2024-11-11T23:50:16.122+0000] {processor.py:186} INFO - Started process (PID=861) to work on /home/airflow/.local/lib/python3.12/site-packages/airflow/example_dags/example_bash_decorator.py
[2024-11-11T23:50:16.124+0000] {processor.py:914} INFO - Processing file /home/airflow/.local/lib/python3.12/site-packages/airflow/example_dags/example_bash_decorator.py for tasks to queue
[2024-11-11T23:50:16.127+0000] {logging_mixin.py:190} INFO - [2024-11-11T23:50:16.126+0000] {dagbag.py:588} INFO - Filling up the DagBag from /home/airflow/.local/lib/python3.12/site-packages/airflow/example_dags/example_bash_decorator.py
[2024-11-11T23:50:16.146+0000] {processor.py:925} INFO - DAG(s) 'example_bash_decorator' retrieved from /home/airflow/.local/lib/python3.12/site-packages/airflow/example_dags/example_bash_decorator.py
[2024-11-11T23:50:16.172+0000] {logging_mixin.py:190} INFO - [2024-11-11T23:50:16.172+0000] {dag.py:3239} INFO - Sync 1 DAGs
[2024-11-11T23:50:16.187+0000] {logging_mixin.py:190} INFO - [2024-11-11T23:50:16.187+0000] {dag.py:4180} INFO - Setting next_dagrun for example_bash_decorator to None, run_after=None
[2024-11-11T23:50:16.216+0000] {processor.py:208} INFO - Processing /home/airflow/.local/lib/python3.12/site-packages/airflow/example_dags/example_bash_decorator.py took 0.102 seconds
[2024-11-11T23:50:46.359+0000] {processor.py:186} INFO - Started process (PID=924) to work on /home/airflow/.local/lib/python3.12/site-packages/airflow/example_dags/example_bash_decorator.py
[2024-11-11T23:50:46.360+0000] {processor.py:914} INFO - Processing file /home/airflow/.local/lib/python3.12/site-packages/airflow/example_dags/example_bash_decorator.py for tasks to queue
[2024-11-11T23:50:46.363+0000] {logging_mixin.py:190} INFO - [2024-11-11T23:50:46.362+0000] {dagbag.py:588} INFO - Filling up the DagBag from /home/airflow/.local/lib/python3.12/site-packages/airflow/example_dags/example_bash_decorator.py
[2024-11-11T23:50:46.376+0000] {processor.py:925} INFO - DAG(s) 'example_bash_decorator' retrieved from /home/airflow/.local/lib/python3.12/site-packages/airflow/example_dags/example_bash_decorator.py
[2024-11-11T23:50:46.399+0000] {logging_mixin.py:190} INFO - [2024-11-11T23:50:46.398+0000] {dag.py:3239} INFO - Sync 1 DAGs
[2024-11-11T23:50:46.412+0000] {logging_mixin.py:190} INFO - [2024-11-11T23:50:46.412+0000] {dag.py:4180} INFO - Setting next_dagrun for example_bash_decorator to None, run_after=None
[2024-11-11T23:50:46.435+0000] {processor.py:208} INFO - Processing /home/airflow/.local/lib/python3.12/site-packages/airflow/example_dags/example_bash_decorator.py took 0.082 seconds
[2024-11-11T23:51:16.962+0000] {processor.py:186} INFO - Started process (PID=988) to work on /home/airflow/.local/lib/python3.12/site-packages/airflow/example_dags/example_bash_decorator.py
[2024-11-11T23:51:16.963+0000] {processor.py:914} INFO - Processing file /home/airflow/.local/lib/python3.12/site-packages/airflow/example_dags/example_bash_decorator.py for tasks to queue
[2024-11-11T23:51:16.966+0000] {logging_mixin.py:190} INFO - [2024-11-11T23:51:16.965+0000] {dagbag.py:588} INFO - Filling up the DagBag from /home/airflow/.local/lib/python3.12/site-packages/airflow/example_dags/example_bash_decorator.py
[2024-11-11T23:51:16.980+0000] {processor.py:925} INFO - DAG(s) 'example_bash_decorator' retrieved from /home/airflow/.local/lib/python3.12/site-packages/airflow/example_dags/example_bash_decorator.py
[2024-11-11T23:51:17.004+0000] {logging_mixin.py:190} INFO - [2024-11-11T23:51:17.004+0000] {dag.py:3239} INFO - Sync 1 DAGs
[2024-11-11T23:51:17.018+0000] {logging_mixin.py:190} INFO - [2024-11-11T23:51:17.018+0000] {dag.py:4180} INFO - Setting next_dagrun for example_bash_decorator to None, run_after=None
[2024-11-11T23:51:17.042+0000] {processor.py:208} INFO - Processing /home/airflow/.local/lib/python3.12/site-packages/airflow/example_dags/example_bash_decorator.py took 0.086 seconds
[2024-11-11T23:51:47.233+0000] {processor.py:186} INFO - Started process (PID=1052) to work on /home/airflow/.local/lib/python3.12/site-packages/airflow/example_dags/example_bash_decorator.py
[2024-11-11T23:51:47.237+0000] {processor.py:914} INFO - Processing file /home/airflow/.local/lib/python3.12/site-packages/airflow/example_dags/example_bash_decorator.py for tasks to queue
[2024-11-11T23:51:47.243+0000] {logging_mixin.py:190} INFO - [2024-11-11T23:51:47.243+0000] {dagbag.py:588} INFO - Filling up the DagBag from /home/airflow/.local/lib/python3.12/site-packages/airflow/example_dags/example_bash_decorator.py
[2024-11-11T23:51:47.278+0000] {processor.py:925} INFO - DAG(s) 'example_bash_decorator' retrieved from /home/airflow/.local/lib/python3.12/site-packages/airflow/example_dags/example_bash_decorator.py
[2024-11-11T23:51:47.315+0000] {logging_mixin.py:190} INFO - [2024-11-11T23:51:47.315+0000] {dag.py:3239} INFO - Sync 1 DAGs
[2024-11-11T23:51:47.344+0000] {logging_mixin.py:190} INFO - [2024-11-11T23:51:47.344+0000] {dag.py:4180} INFO - Setting next_dagrun for example_bash_decorator to None, run_after=None
[2024-11-11T23:51:47.385+0000] {processor.py:208} INFO - Processing /home/airflow/.local/lib/python3.12/site-packages/airflow/example_dags/example_bash_decorator.py took 0.166 seconds
[2024-11-11T23:52:17.687+0000] {processor.py:186} INFO - Started process (PID=1115) to work on /home/airflow/.local/lib/python3.12/site-packages/airflow/example_dags/example_bash_decorator.py
[2024-11-11T23:52:17.688+0000] {processor.py:914} INFO - Processing file /home/airflow/.local/lib/python3.12/site-packages/airflow/example_dags/example_bash_decorator.py for tasks to queue
[2024-11-11T23:52:17.691+0000] {logging_mixin.py:190} INFO - [2024-11-11T23:52:17.690+0000] {dagbag.py:588} INFO - Filling up the DagBag from /home/airflow/.local/lib/python3.12/site-packages/airflow/example_dags/example_bash_decorator.py
[2024-11-11T23:52:17.705+0000] {processor.py:925} INFO - DAG(s) 'example_bash_decorator' retrieved from /home/airflow/.local/lib/python3.12/site-packages/airflow/example_dags/example_bash_decorator.py
[2024-11-11T23:52:17.729+0000] {logging_mixin.py:190} INFO - [2024-11-11T23:52:17.729+0000] {dag.py:3239} INFO - Sync 1 DAGs
[2024-11-11T23:52:17.748+0000] {logging_mixin.py:190} INFO - [2024-11-11T23:52:17.747+0000] {dag.py:4180} INFO - Setting next_dagrun for example_bash_decorator to None, run_after=None
[2024-11-11T23:52:17.771+0000] {processor.py:208} INFO - Processing /home/airflow/.local/lib/python3.12/site-packages/airflow/example_dags/example_bash_decorator.py took 0.090 seconds
[2024-11-11T23:52:48.144+0000] {processor.py:186} INFO - Started process (PID=1179) to work on /home/airflow/.local/lib/python3.12/site-packages/airflow/example_dags/example_bash_decorator.py
[2024-11-11T23:52:48.145+0000] {processor.py:914} INFO - Processing file /home/airflow/.local/lib/python3.12/site-packages/airflow/example_dags/example_bash_decorator.py for tasks to queue
[2024-11-11T23:52:48.148+0000] {logging_mixin.py:190} INFO - [2024-11-11T23:52:48.148+0000] {dagbag.py:588} INFO - Filling up the DagBag from /home/airflow/.local/lib/python3.12/site-packages/airflow/example_dags/example_bash_decorator.py
[2024-11-11T23:52:48.163+0000] {processor.py:925} INFO - DAG(s) 'example_bash_decorator' retrieved from /home/airflow/.local/lib/python3.12/site-packages/airflow/example_dags/example_bash_decorator.py
[2024-11-11T23:52:48.187+0000] {logging_mixin.py:190} INFO - [2024-11-11T23:52:48.186+0000] {dag.py:3239} INFO - Sync 1 DAGs
[2024-11-11T23:52:48.200+0000] {logging_mixin.py:190} INFO - [2024-11-11T23:52:48.200+0000] {dag.py:4180} INFO - Setting next_dagrun for example_bash_decorator to None, run_after=None
[2024-11-11T23:52:48.228+0000] {processor.py:208} INFO - Processing /home/airflow/.local/lib/python3.12/site-packages/airflow/example_dags/example_bash_decorator.py took 0.090 seconds
[2024-11-11T23:53:18.448+0000] {processor.py:186} INFO - Started process (PID=1244) to work on /home/airflow/.local/lib/python3.12/site-packages/airflow/example_dags/example_bash_decorator.py
[2024-11-11T23:53:18.449+0000] {processor.py:914} INFO - Processing file /home/airflow/.local/lib/python3.12/site-packages/airflow/example_dags/example_bash_decorator.py for tasks to queue
[2024-11-11T23:53:18.454+0000] {logging_mixin.py:190} INFO - [2024-11-11T23:53:18.453+0000] {dagbag.py:588} INFO - Filling up the DagBag from /home/airflow/.local/lib/python3.12/site-packages/airflow/example_dags/example_bash_decorator.py
[2024-11-11T23:53:18.483+0000] {processor.py:925} INFO - DAG(s) 'example_bash_decorator' retrieved from /home/airflow/.local/lib/python3.12/site-packages/airflow/example_dags/example_bash_decorator.py
[2024-11-11T23:53:18.509+0000] {logging_mixin.py:190} INFO - [2024-11-11T23:53:18.509+0000] {dag.py:3239} INFO - Sync 1 DAGs
[2024-11-11T23:53:18.528+0000] {logging_mixin.py:190} INFO - [2024-11-11T23:53:18.528+0000] {dag.py:4180} INFO - Setting next_dagrun for example_bash_decorator to None, run_after=None
[2024-11-11T23:53:18.560+0000] {processor.py:208} INFO - Processing /home/airflow/.local/lib/python3.12/site-packages/airflow/example_dags/example_bash_decorator.py took 0.120 seconds
[2024-11-11T23:53:48.629+0000] {processor.py:186} INFO - Started process (PID=1308) to work on /home/airflow/.local/lib/python3.12/site-packages/airflow/example_dags/example_bash_decorator.py
[2024-11-11T23:53:48.631+0000] {processor.py:914} INFO - Processing file /home/airflow/.local/lib/python3.12/site-packages/airflow/example_dags/example_bash_decorator.py for tasks to queue
[2024-11-11T23:53:48.634+0000] {logging_mixin.py:190} INFO - [2024-11-11T23:53:48.633+0000] {dagbag.py:588} INFO - Filling up the DagBag from /home/airflow/.local/lib/python3.12/site-packages/airflow/example_dags/example_bash_decorator.py
[2024-11-11T23:53:48.651+0000] {processor.py:925} INFO - DAG(s) 'example_bash_decorator' retrieved from /home/airflow/.local/lib/python3.12/site-packages/airflow/example_dags/example_bash_decorator.py
[2024-11-11T23:53:48.676+0000] {logging_mixin.py:190} INFO - [2024-11-11T23:53:48.676+0000] {dag.py:3239} INFO - Sync 1 DAGs
[2024-11-11T23:53:48.692+0000] {logging_mixin.py:190} INFO - [2024-11-11T23:53:48.692+0000] {dag.py:4180} INFO - Setting next_dagrun for example_bash_decorator to None, run_after=None
[2024-11-11T23:53:48.721+0000] {processor.py:208} INFO - Processing /home/airflow/.local/lib/python3.12/site-packages/airflow/example_dags/example_bash_decorator.py took 0.100 seconds
[2024-11-11T23:54:19.406+0000] {processor.py:186} INFO - Started process (PID=1372) to work on /home/airflow/.local/lib/python3.12/site-packages/airflow/example_dags/example_bash_decorator.py
[2024-11-11T23:54:19.407+0000] {processor.py:914} INFO - Processing file /home/airflow/.local/lib/python3.12/site-packages/airflow/example_dags/example_bash_decorator.py for tasks to queue
[2024-11-11T23:54:19.410+0000] {logging_mixin.py:190} INFO - [2024-11-11T23:54:19.409+0000] {dagbag.py:588} INFO - Filling up the DagBag from /home/airflow/.local/lib/python3.12/site-packages/airflow/example_dags/example_bash_decorator.py
[2024-11-11T23:54:19.428+0000] {processor.py:925} INFO - DAG(s) 'example_bash_decorator' retrieved from /home/airflow/.local/lib/python3.12/site-packages/airflow/example_dags/example_bash_decorator.py
[2024-11-11T23:54:19.457+0000] {logging_mixin.py:190} INFO - [2024-11-11T23:54:19.456+0000] {dag.py:3239} INFO - Sync 1 DAGs
[2024-11-11T23:54:19.475+0000] {logging_mixin.py:190} INFO - [2024-11-11T23:54:19.475+0000] {dag.py:4180} INFO - Setting next_dagrun for example_bash_decorator to None, run_after=None
[2024-11-11T23:54:19.501+0000] {processor.py:208} INFO - Processing /home/airflow/.local/lib/python3.12/site-packages/airflow/example_dags/example_bash_decorator.py took 0.102 seconds
[2024-11-11T23:54:50.071+0000] {processor.py:186} INFO - Started process (PID=1436) to work on /home/airflow/.local/lib/python3.12/site-packages/airflow/example_dags/example_bash_decorator.py
[2024-11-11T23:54:50.073+0000] {processor.py:914} INFO - Processing file /home/airflow/.local/lib/python3.12/site-packages/airflow/example_dags/example_bash_decorator.py for tasks to queue
[2024-11-11T23:54:50.075+0000] {logging_mixin.py:190} INFO - [2024-11-11T23:54:50.075+0000] {dagbag.py:588} INFO - Filling up the DagBag from /home/airflow/.local/lib/python3.12/site-packages/airflow/example_dags/example_bash_decorator.py
[2024-11-11T23:54:50.089+0000] {processor.py:925} INFO - DAG(s) 'example_bash_decorator' retrieved from /home/airflow/.local/lib/python3.12/site-packages/airflow/example_dags/example_bash_decorator.py
[2024-11-11T23:54:50.118+0000] {logging_mixin.py:190} INFO - [2024-11-11T23:54:50.118+0000] {dag.py:3239} INFO - Sync 1 DAGs
[2024-11-11T23:54:50.134+0000] {logging_mixin.py:190} INFO - [2024-11-11T23:54:50.134+0000] {dag.py:4180} INFO - Setting next_dagrun for example_bash_decorator to None, run_after=None
[2024-11-11T23:54:50.157+0000] {processor.py:208} INFO - Processing /home/airflow/.local/lib/python3.12/site-packages/airflow/example_dags/example_bash_decorator.py took 0.092 seconds
[2024-11-11T23:55:20.501+0000] {processor.py:186} INFO - Started process (PID=1500) to work on /home/airflow/.local/lib/python3.12/site-packages/airflow/example_dags/example_bash_decorator.py
[2024-11-11T23:55:20.503+0000] {processor.py:914} INFO - Processing file /home/airflow/.local/lib/python3.12/site-packages/airflow/example_dags/example_bash_decorator.py for tasks to queue
[2024-11-11T23:55:20.506+0000] {logging_mixin.py:190} INFO - [2024-11-11T23:55:20.505+0000] {dagbag.py:588} INFO - Filling up the DagBag from /home/airflow/.local/lib/python3.12/site-packages/airflow/example_dags/example_bash_decorator.py
[2024-11-11T23:55:20.527+0000] {processor.py:925} INFO - DAG(s) 'example_bash_decorator' retrieved from /home/airflow/.local/lib/python3.12/site-packages/airflow/example_dags/example_bash_decorator.py
[2024-11-11T23:55:20.567+0000] {logging_mixin.py:190} INFO - [2024-11-11T23:55:20.566+0000] {dag.py:3239} INFO - Sync 1 DAGs
[2024-11-11T23:55:20.581+0000] {logging_mixin.py:190} INFO - [2024-11-11T23:55:20.581+0000] {dag.py:4180} INFO - Setting next_dagrun for example_bash_decorator to None, run_after=None
[2024-11-11T23:55:20.603+0000] {processor.py:208} INFO - Processing /home/airflow/.local/lib/python3.12/site-packages/airflow/example_dags/example_bash_decorator.py took 0.110 seconds
[2024-11-11T23:55:50.833+0000] {processor.py:186} INFO - Started process (PID=1564) to work on /home/airflow/.local/lib/python3.12/site-packages/airflow/example_dags/example_bash_decorator.py
[2024-11-11T23:55:50.834+0000] {processor.py:914} INFO - Processing file /home/airflow/.local/lib/python3.12/site-packages/airflow/example_dags/example_bash_decorator.py for tasks to queue
[2024-11-11T23:55:50.838+0000] {logging_mixin.py:190} INFO - [2024-11-11T23:55:50.837+0000] {dagbag.py:588} INFO - Filling up the DagBag from /home/airflow/.local/lib/python3.12/site-packages/airflow/example_dags/example_bash_decorator.py
[2024-11-11T23:55:50.855+0000] {processor.py:925} INFO - DAG(s) 'example_bash_decorator' retrieved from /home/airflow/.local/lib/python3.12/site-packages/airflow/example_dags/example_bash_decorator.py
[2024-11-11T23:55:50.879+0000] {logging_mixin.py:190} INFO - [2024-11-11T23:55:50.879+0000] {dag.py:3239} INFO - Sync 1 DAGs
[2024-11-11T23:55:50.896+0000] {logging_mixin.py:190} INFO - [2024-11-11T23:55:50.895+0000] {dag.py:4180} INFO - Setting next_dagrun for example_bash_decorator to None, run_after=None
[2024-11-11T23:55:50.920+0000] {processor.py:208} INFO - Processing /home/airflow/.local/lib/python3.12/site-packages/airflow/example_dags/example_bash_decorator.py took 0.093 seconds
[2024-11-11T23:56:21.216+0000] {processor.py:186} INFO - Started process (PID=1628) to work on /home/airflow/.local/lib/python3.12/site-packages/airflow/example_dags/example_bash_decorator.py
[2024-11-11T23:56:21.217+0000] {processor.py:914} INFO - Processing file /home/airflow/.local/lib/python3.12/site-packages/airflow/example_dags/example_bash_decorator.py for tasks to queue
[2024-11-11T23:56:21.220+0000] {logging_mixin.py:190} INFO - [2024-11-11T23:56:21.220+0000] {dagbag.py:588} INFO - Filling up the DagBag from /home/airflow/.local/lib/python3.12/site-packages/airflow/example_dags/example_bash_decorator.py
[2024-11-11T23:56:21.233+0000] {processor.py:925} INFO - DAG(s) 'example_bash_decorator' retrieved from /home/airflow/.local/lib/python3.12/site-packages/airflow/example_dags/example_bash_decorator.py
[2024-11-11T23:56:21.257+0000] {logging_mixin.py:190} INFO - [2024-11-11T23:56:21.256+0000] {dag.py:3239} INFO - Sync 1 DAGs
[2024-11-11T23:56:21.274+0000] {logging_mixin.py:190} INFO - [2024-11-11T23:56:21.274+0000] {dag.py:4180} INFO - Setting next_dagrun for example_bash_decorator to None, run_after=None
[2024-11-11T23:56:21.298+0000] {processor.py:208} INFO - Processing /home/airflow/.local/lib/python3.12/site-packages/airflow/example_dags/example_bash_decorator.py took 0.087 seconds
[2024-11-11T23:56:52.526+0000] {processor.py:186} INFO - Started process (PID=1692) to work on /home/airflow/.local/lib/python3.12/site-packages/airflow/example_dags/example_bash_decorator.py
[2024-11-11T23:56:52.527+0000] {processor.py:914} INFO - Processing file /home/airflow/.local/lib/python3.12/site-packages/airflow/example_dags/example_bash_decorator.py for tasks to queue
[2024-11-11T23:56:52.535+0000] {logging_mixin.py:190} INFO - [2024-11-11T23:56:52.533+0000] {dagbag.py:588} INFO - Filling up the DagBag from /home/airflow/.local/lib/python3.12/site-packages/airflow/example_dags/example_bash_decorator.py
[2024-11-11T23:56:52.555+0000] {processor.py:925} INFO - DAG(s) 'example_bash_decorator' retrieved from /home/airflow/.local/lib/python3.12/site-packages/airflow/example_dags/example_bash_decorator.py
[2024-11-11T23:56:52.585+0000] {logging_mixin.py:190} INFO - [2024-11-11T23:56:52.584+0000] {dag.py:3239} INFO - Sync 1 DAGs
[2024-11-11T23:56:52.609+0000] {logging_mixin.py:190} INFO - [2024-11-11T23:56:52.608+0000] {dag.py:4180} INFO - Setting next_dagrun for example_bash_decorator to None, run_after=None
[2024-11-11T23:56:52.643+0000] {processor.py:208} INFO - Processing /home/airflow/.local/lib/python3.12/site-packages/airflow/example_dags/example_bash_decorator.py took 0.124 seconds
[2024-11-11T23:57:23.179+0000] {processor.py:186} INFO - Started process (PID=1756) to work on /home/airflow/.local/lib/python3.12/site-packages/airflow/example_dags/example_bash_decorator.py
[2024-11-11T23:57:23.180+0000] {processor.py:914} INFO - Processing file /home/airflow/.local/lib/python3.12/site-packages/airflow/example_dags/example_bash_decorator.py for tasks to queue
[2024-11-11T23:57:23.183+0000] {logging_mixin.py:190} INFO - [2024-11-11T23:57:23.183+0000] {dagbag.py:588} INFO - Filling up the DagBag from /home/airflow/.local/lib/python3.12/site-packages/airflow/example_dags/example_bash_decorator.py
[2024-11-11T23:57:23.198+0000] {processor.py:925} INFO - DAG(s) 'example_bash_decorator' retrieved from /home/airflow/.local/lib/python3.12/site-packages/airflow/example_dags/example_bash_decorator.py
[2024-11-11T23:57:23.224+0000] {logging_mixin.py:190} INFO - [2024-11-11T23:57:23.224+0000] {dag.py:3239} INFO - Sync 1 DAGs
[2024-11-11T23:57:23.243+0000] {logging_mixin.py:190} INFO - [2024-11-11T23:57:23.243+0000] {dag.py:4180} INFO - Setting next_dagrun for example_bash_decorator to None, run_after=None
[2024-11-11T23:57:23.266+0000] {processor.py:208} INFO - Processing /home/airflow/.local/lib/python3.12/site-packages/airflow/example_dags/example_bash_decorator.py took 0.092 seconds
[2024-11-11T23:57:53.628+0000] {processor.py:186} INFO - Started process (PID=1820) to work on /home/airflow/.local/lib/python3.12/site-packages/airflow/example_dags/example_bash_decorator.py
[2024-11-11T23:57:53.630+0000] {processor.py:914} INFO - Processing file /home/airflow/.local/lib/python3.12/site-packages/airflow/example_dags/example_bash_decorator.py for tasks to queue
[2024-11-11T23:57:53.633+0000] {logging_mixin.py:190} INFO - [2024-11-11T23:57:53.633+0000] {dagbag.py:588} INFO - Filling up the DagBag from /home/airflow/.local/lib/python3.12/site-packages/airflow/example_dags/example_bash_decorator.py
[2024-11-11T23:57:53.650+0000] {processor.py:925} INFO - DAG(s) 'example_bash_decorator' retrieved from /home/airflow/.local/lib/python3.12/site-packages/airflow/example_dags/example_bash_decorator.py
[2024-11-11T23:57:53.673+0000] {logging_mixin.py:190} INFO - [2024-11-11T23:57:53.673+0000] {dag.py:3239} INFO - Sync 1 DAGs
[2024-11-11T23:57:53.690+0000] {logging_mixin.py:190} INFO - [2024-11-11T23:57:53.690+0000] {dag.py:4180} INFO - Setting next_dagrun for example_bash_decorator to None, run_after=None
[2024-11-11T23:57:53.711+0000] {processor.py:208} INFO - Processing /home/airflow/.local/lib/python3.12/site-packages/airflow/example_dags/example_bash_decorator.py took 0.091 seconds
[2024-11-11T23:58:23.913+0000] {processor.py:186} INFO - Started process (PID=1884) to work on /home/airflow/.local/lib/python3.12/site-packages/airflow/example_dags/example_bash_decorator.py
[2024-11-11T23:58:23.915+0000] {processor.py:914} INFO - Processing file /home/airflow/.local/lib/python3.12/site-packages/airflow/example_dags/example_bash_decorator.py for tasks to queue
[2024-11-11T23:58:23.917+0000] {logging_mixin.py:190} INFO - [2024-11-11T23:58:23.917+0000] {dagbag.py:588} INFO - Filling up the DagBag from /home/airflow/.local/lib/python3.12/site-packages/airflow/example_dags/example_bash_decorator.py
[2024-11-11T23:58:23.932+0000] {processor.py:925} INFO - DAG(s) 'example_bash_decorator' retrieved from /home/airflow/.local/lib/python3.12/site-packages/airflow/example_dags/example_bash_decorator.py
[2024-11-11T23:58:23.956+0000] {logging_mixin.py:190} INFO - [2024-11-11T23:58:23.956+0000] {dag.py:3239} INFO - Sync 1 DAGs
[2024-11-11T23:58:23.972+0000] {logging_mixin.py:190} INFO - [2024-11-11T23:58:23.972+0000] {dag.py:4180} INFO - Setting next_dagrun for example_bash_decorator to None, run_after=None
[2024-11-11T23:58:23.999+0000] {processor.py:208} INFO - Processing /home/airflow/.local/lib/python3.12/site-packages/airflow/example_dags/example_bash_decorator.py took 0.092 seconds
[2024-11-11T23:58:54.988+0000] {processor.py:186} INFO - Started process (PID=1948) to work on /home/airflow/.local/lib/python3.12/site-packages/airflow/example_dags/example_bash_decorator.py
[2024-11-11T23:58:54.990+0000] {processor.py:914} INFO - Processing file /home/airflow/.local/lib/python3.12/site-packages/airflow/example_dags/example_bash_decorator.py for tasks to queue
[2024-11-11T23:58:54.992+0000] {logging_mixin.py:190} INFO - [2024-11-11T23:58:54.992+0000] {dagbag.py:588} INFO - Filling up the DagBag from /home/airflow/.local/lib/python3.12/site-packages/airflow/example_dags/example_bash_decorator.py
[2024-11-11T23:58:55.006+0000] {processor.py:925} INFO - DAG(s) 'example_bash_decorator' retrieved from /home/airflow/.local/lib/python3.12/site-packages/airflow/example_dags/example_bash_decorator.py
[2024-11-11T23:58:55.028+0000] {logging_mixin.py:190} INFO - [2024-11-11T23:58:55.028+0000] {dag.py:3239} INFO - Sync 1 DAGs
[2024-11-11T23:58:55.042+0000] {logging_mixin.py:190} INFO - [2024-11-11T23:58:55.042+0000] {dag.py:4180} INFO - Setting next_dagrun for example_bash_decorator to None, run_after=None
[2024-11-11T23:58:55.064+0000] {processor.py:208} INFO - Processing /home/airflow/.local/lib/python3.12/site-packages/airflow/example_dags/example_bash_decorator.py took 0.083 seconds
[2024-11-11T23:59:25.327+0000] {processor.py:186} INFO - Started process (PID=2012) to work on /home/airflow/.local/lib/python3.12/site-packages/airflow/example_dags/example_bash_decorator.py
[2024-11-11T23:59:25.328+0000] {processor.py:914} INFO - Processing file /home/airflow/.local/lib/python3.12/site-packages/airflow/example_dags/example_bash_decorator.py for tasks to queue
[2024-11-11T23:59:25.334+0000] {logging_mixin.py:190} INFO - [2024-11-11T23:59:25.333+0000] {dagbag.py:588} INFO - Filling up the DagBag from /home/airflow/.local/lib/python3.12/site-packages/airflow/example_dags/example_bash_decorator.py
[2024-11-11T23:59:25.351+0000] {processor.py:925} INFO - DAG(s) 'example_bash_decorator' retrieved from /home/airflow/.local/lib/python3.12/site-packages/airflow/example_dags/example_bash_decorator.py
[2024-11-11T23:59:25.381+0000] {logging_mixin.py:190} INFO - [2024-11-11T23:59:25.381+0000] {dag.py:3239} INFO - Sync 1 DAGs
[2024-11-11T23:59:25.399+0000] {logging_mixin.py:190} INFO - [2024-11-11T23:59:25.399+0000] {dag.py:4180} INFO - Setting next_dagrun for example_bash_decorator to None, run_after=None
[2024-11-11T23:59:25.422+0000] {processor.py:208} INFO - Processing /home/airflow/.local/lib/python3.12/site-packages/airflow/example_dags/example_bash_decorator.py took 0.102 seconds
[2024-11-11T23:59:55.592+0000] {processor.py:186} INFO - Started process (PID=2076) to work on /home/airflow/.local/lib/python3.12/site-packages/airflow/example_dags/example_bash_decorator.py
[2024-11-11T23:59:55.593+0000] {processor.py:914} INFO - Processing file /home/airflow/.local/lib/python3.12/site-packages/airflow/example_dags/example_bash_decorator.py for tasks to queue
[2024-11-11T23:59:55.596+0000] {logging_mixin.py:190} INFO - [2024-11-11T23:59:55.595+0000] {dagbag.py:588} INFO - Filling up the DagBag from /home/airflow/.local/lib/python3.12/site-packages/airflow/example_dags/example_bash_decorator.py
[2024-11-11T23:59:55.611+0000] {processor.py:925} INFO - DAG(s) 'example_bash_decorator' retrieved from /home/airflow/.local/lib/python3.12/site-packages/airflow/example_dags/example_bash_decorator.py
[2024-11-11T23:59:55.636+0000] {logging_mixin.py:190} INFO - [2024-11-11T23:59:55.635+0000] {dag.py:3239} INFO - Sync 1 DAGs
[2024-11-11T23:59:55.656+0000] {logging_mixin.py:190} INFO - [2024-11-11T23:59:55.656+0000] {dag.py:4180} INFO - Setting next_dagrun for example_bash_decorator to None, run_after=None
[2024-11-11T23:59:55.680+0000] {processor.py:208} INFO - Processing /home/airflow/.local/lib/python3.12/site-packages/airflow/example_dags/example_bash_decorator.py took 0.095 seconds
