[2024-11-11T23:44:15.590+0000] {processor.py:186} INFO - Started process (PID=123) to work on /home/airflow/.local/lib/python3.12/site-packages/airflow/example_dags/example_dataset_alias.py
[2024-11-11T23:44:15.591+0000] {processor.py:914} INFO - Processing file /home/airflow/.local/lib/python3.12/site-packages/airflow/example_dags/example_dataset_alias.py for tasks to queue
[2024-11-11T23:44:15.596+0000] {logging_mixin.py:190} INFO - [2024-11-11T23:44:15.596+0000] {dagbag.py:588} INFO - Filling up the DagBag from /home/airflow/.local/lib/python3.12/site-packages/airflow/example_dags/example_dataset_alias.py
[2024-11-11T23:44:16.642+0000] {processor.py:925} INFO - DAG(s) 'dataset_s3_bucket_producer', 'dataset_alias_example_alias_producer', 'dataset_s3_bucket_consumer', 'dataset_alias_example_alias_consumer' retrieved from /home/airflow/.local/lib/python3.12/site-packages/airflow/example_dags/example_dataset_alias.py
[2024-11-11T23:44:16.827+0000] {logging_mixin.py:190} INFO - [2024-11-11T23:44:16.826+0000] {override.py:1911} INFO - Created Permission View: can edit on DAG:dataset_s3_bucket_producer
[2024-11-11T23:44:16.931+0000] {logging_mixin.py:190} INFO - [2024-11-11T23:44:16.930+0000] {override.py:1911} INFO - Created Permission View: can read on DAG:dataset_s3_bucket_producer
[2024-11-11T23:44:17.000+0000] {logging_mixin.py:190} INFO - [2024-11-11T23:44:16.999+0000] {override.py:1911} INFO - Created Permission View: can delete on DAG:dataset_s3_bucket_producer
[2024-11-11T23:44:17.036+0000] {logging_mixin.py:190} INFO - [2024-11-11T23:44:17.036+0000] {override.py:1911} INFO - Created Permission View: menu access on DAG Run:dataset_s3_bucket_producer
[2024-11-11T23:44:17.051+0000] {logging_mixin.py:190} INFO - [2024-11-11T23:44:17.050+0000] {override.py:1911} INFO - Created Permission View: can read on DAG Run:dataset_s3_bucket_producer
[2024-11-11T23:44:17.066+0000] {logging_mixin.py:190} INFO - [2024-11-11T23:44:17.065+0000] {override.py:1911} INFO - Created Permission View: can delete on DAG Run:dataset_s3_bucket_producer
[2024-11-11T23:44:17.080+0000] {logging_mixin.py:190} INFO - [2024-11-11T23:44:17.080+0000] {override.py:1911} INFO - Created Permission View: can create on DAG Run:dataset_s3_bucket_producer
[2024-11-11T23:44:17.110+0000] {logging_mixin.py:190} INFO - [2024-11-11T23:44:17.110+0000] {override.py:1911} INFO - Created Permission View: can edit on DAG:dataset_alias_example_alias_producer
[2024-11-11T23:44:17.123+0000] {logging_mixin.py:190} INFO - [2024-11-11T23:44:17.123+0000] {override.py:1911} INFO - Created Permission View: can read on DAG:dataset_alias_example_alias_producer
[2024-11-11T23:44:17.138+0000] {logging_mixin.py:190} INFO - [2024-11-11T23:44:17.138+0000] {override.py:1911} INFO - Created Permission View: can delete on DAG:dataset_alias_example_alias_producer
[2024-11-11T23:44:17.157+0000] {logging_mixin.py:190} INFO - [2024-11-11T23:44:17.157+0000] {override.py:1911} INFO - Created Permission View: menu access on DAG Run:dataset_alias_example_alias_producer
[2024-11-11T23:44:17.171+0000] {logging_mixin.py:190} INFO - [2024-11-11T23:44:17.170+0000] {override.py:1911} INFO - Created Permission View: can read on DAG Run:dataset_alias_example_alias_producer
[2024-11-11T23:44:17.186+0000] {logging_mixin.py:190} INFO - [2024-11-11T23:44:17.185+0000] {override.py:1911} INFO - Created Permission View: can delete on DAG Run:dataset_alias_example_alias_producer
[2024-11-11T23:44:17.209+0000] {logging_mixin.py:190} INFO - [2024-11-11T23:44:17.209+0000] {override.py:1911} INFO - Created Permission View: can create on DAG Run:dataset_alias_example_alias_producer
[2024-11-11T23:44:17.239+0000] {logging_mixin.py:190} INFO - [2024-11-11T23:44:17.239+0000] {override.py:1911} INFO - Created Permission View: can edit on DAG:dataset_s3_bucket_consumer
[2024-11-11T23:44:17.253+0000] {logging_mixin.py:190} INFO - [2024-11-11T23:44:17.253+0000] {override.py:1911} INFO - Created Permission View: can read on DAG:dataset_s3_bucket_consumer
[2024-11-11T23:44:17.270+0000] {logging_mixin.py:190} INFO - [2024-11-11T23:44:17.270+0000] {override.py:1911} INFO - Created Permission View: can delete on DAG:dataset_s3_bucket_consumer
[2024-11-11T23:44:17.290+0000] {logging_mixin.py:190} INFO - [2024-11-11T23:44:17.290+0000] {override.py:1911} INFO - Created Permission View: menu access on DAG Run:dataset_s3_bucket_consumer
[2024-11-11T23:44:17.305+0000] {logging_mixin.py:190} INFO - [2024-11-11T23:44:17.305+0000] {override.py:1911} INFO - Created Permission View: can read on DAG Run:dataset_s3_bucket_consumer
[2024-11-11T23:44:17.320+0000] {logging_mixin.py:190} INFO - [2024-11-11T23:44:17.319+0000] {override.py:1911} INFO - Created Permission View: can delete on DAG Run:dataset_s3_bucket_consumer
[2024-11-11T23:44:17.334+0000] {logging_mixin.py:190} INFO - [2024-11-11T23:44:17.333+0000] {override.py:1911} INFO - Created Permission View: can create on DAG Run:dataset_s3_bucket_consumer
[2024-11-11T23:44:17.360+0000] {logging_mixin.py:190} INFO - [2024-11-11T23:44:17.360+0000] {override.py:1911} INFO - Created Permission View: can edit on DAG:dataset_alias_example_alias_consumer
[2024-11-11T23:44:17.376+0000] {logging_mixin.py:190} INFO - [2024-11-11T23:44:17.376+0000] {override.py:1911} INFO - Created Permission View: can read on DAG:dataset_alias_example_alias_consumer
[2024-11-11T23:44:17.390+0000] {logging_mixin.py:190} INFO - [2024-11-11T23:44:17.389+0000] {override.py:1911} INFO - Created Permission View: can delete on DAG:dataset_alias_example_alias_consumer
[2024-11-11T23:44:17.416+0000] {logging_mixin.py:190} INFO - [2024-11-11T23:44:17.416+0000] {override.py:1911} INFO - Created Permission View: menu access on DAG Run:dataset_alias_example_alias_consumer
[2024-11-11T23:44:17.433+0000] {logging_mixin.py:190} INFO - [2024-11-11T23:44:17.432+0000] {override.py:1911} INFO - Created Permission View: can read on DAG Run:dataset_alias_example_alias_consumer
[2024-11-11T23:44:17.447+0000] {logging_mixin.py:190} INFO - [2024-11-11T23:44:17.447+0000] {override.py:1911} INFO - Created Permission View: can delete on DAG Run:dataset_alias_example_alias_consumer
[2024-11-11T23:44:17.461+0000] {logging_mixin.py:190} INFO - [2024-11-11T23:44:17.460+0000] {override.py:1911} INFO - Created Permission View: can create on DAG Run:dataset_alias_example_alias_consumer
[2024-11-11T23:44:17.462+0000] {logging_mixin.py:190} INFO - [2024-11-11T23:44:17.462+0000] {dag.py:3239} INFO - Sync 4 DAGs
[2024-11-11T23:44:17.483+0000] {logging_mixin.py:190} INFO - [2024-11-11T23:44:17.482+0000] {dag.py:3262} INFO - Creating ORM DAG for dataset_s3_bucket_producer
[2024-11-11T23:44:17.484+0000] {logging_mixin.py:190} INFO - [2024-11-11T23:44:17.484+0000] {dag.py:3262} INFO - Creating ORM DAG for dataset_alias_example_alias_producer
[2024-11-11T23:44:17.486+0000] {logging_mixin.py:190} INFO - [2024-11-11T23:44:17.485+0000] {dag.py:3262} INFO - Creating ORM DAG for dataset_alias_example_alias_consumer
[2024-11-11T23:44:17.487+0000] {logging_mixin.py:190} INFO - [2024-11-11T23:44:17.487+0000] {dag.py:3262} INFO - Creating ORM DAG for dataset_s3_bucket_consumer
[2024-11-11T23:44:17.501+0000] {logging_mixin.py:190} INFO - [2024-11-11T23:44:17.500+0000] {dag.py:4180} INFO - Setting next_dagrun for dataset_alias_example_alias_consumer to None, run_after=None
[2024-11-11T23:44:17.502+0000] {logging_mixin.py:190} INFO - [2024-11-11T23:44:17.502+0000] {dag.py:4180} INFO - Setting next_dagrun for dataset_alias_example_alias_producer to None, run_after=None
[2024-11-11T23:44:17.503+0000] {logging_mixin.py:190} INFO - [2024-11-11T23:44:17.503+0000] {dag.py:4180} INFO - Setting next_dagrun for dataset_s3_bucket_consumer to None, run_after=None
[2024-11-11T23:44:17.504+0000] {logging_mixin.py:190} INFO - [2024-11-11T23:44:17.504+0000] {dag.py:4180} INFO - Setting next_dagrun for dataset_s3_bucket_producer to None, run_after=None
[2024-11-11T23:44:17.552+0000] {processor.py:208} INFO - Processing /home/airflow/.local/lib/python3.12/site-packages/airflow/example_dags/example_dataset_alias.py took 1.971 seconds
[2024-11-11T23:44:49.187+0000] {processor.py:186} INFO - Started process (PID=186) to work on /home/airflow/.local/lib/python3.12/site-packages/airflow/example_dags/example_dataset_alias.py
[2024-11-11T23:44:49.189+0000] {processor.py:914} INFO - Processing file /home/airflow/.local/lib/python3.12/site-packages/airflow/example_dags/example_dataset_alias.py for tasks to queue
[2024-11-11T23:44:49.194+0000] {logging_mixin.py:190} INFO - [2024-11-11T23:44:49.193+0000] {dagbag.py:588} INFO - Filling up the DagBag from /home/airflow/.local/lib/python3.12/site-packages/airflow/example_dags/example_dataset_alias.py
[2024-11-11T23:44:49.814+0000] {processor.py:925} INFO - DAG(s) 'dataset_alias_example_alias_consumer', 'dataset_alias_example_alias_producer', 'dataset_s3_bucket_consumer', 'dataset_s3_bucket_producer' retrieved from /home/airflow/.local/lib/python3.12/site-packages/airflow/example_dags/example_dataset_alias.py
[2024-11-11T23:44:49.835+0000] {logging_mixin.py:190} INFO - [2024-11-11T23:44:49.835+0000] {dag.py:3239} INFO - Sync 4 DAGs
[2024-11-11T23:44:49.855+0000] {logging_mixin.py:190} INFO - [2024-11-11T23:44:49.854+0000] {dag.py:4180} INFO - Setting next_dagrun for dataset_alias_example_alias_consumer to None, run_after=None
[2024-11-11T23:44:49.858+0000] {logging_mixin.py:190} INFO - [2024-11-11T23:44:49.857+0000] {dag.py:4180} INFO - Setting next_dagrun for dataset_alias_example_alias_producer to None, run_after=None
[2024-11-11T23:44:49.860+0000] {logging_mixin.py:190} INFO - [2024-11-11T23:44:49.860+0000] {dag.py:4180} INFO - Setting next_dagrun for dataset_s3_bucket_consumer to None, run_after=None
[2024-11-11T23:44:49.861+0000] {logging_mixin.py:190} INFO - [2024-11-11T23:44:49.861+0000] {dag.py:4180} INFO - Setting next_dagrun for dataset_s3_bucket_producer to None, run_after=None
[2024-11-11T23:44:49.885+0000] {processor.py:208} INFO - Processing /home/airflow/.local/lib/python3.12/site-packages/airflow/example_dags/example_dataset_alias.py took 0.709 seconds
[2024-11-11T23:45:20.100+0000] {processor.py:186} INFO - Started process (PID=249) to work on /home/airflow/.local/lib/python3.12/site-packages/airflow/example_dags/example_dataset_alias.py
[2024-11-11T23:45:20.102+0000] {processor.py:914} INFO - Processing file /home/airflow/.local/lib/python3.12/site-packages/airflow/example_dags/example_dataset_alias.py for tasks to queue
[2024-11-11T23:45:20.104+0000] {logging_mixin.py:190} INFO - [2024-11-11T23:45:20.104+0000] {dagbag.py:588} INFO - Filling up the DagBag from /home/airflow/.local/lib/python3.12/site-packages/airflow/example_dags/example_dataset_alias.py
[2024-11-11T23:45:20.792+0000] {processor.py:925} INFO - DAG(s) 'dataset_alias_example_alias_producer', 'dataset_s3_bucket_producer', 'dataset_s3_bucket_consumer', 'dataset_alias_example_alias_consumer' retrieved from /home/airflow/.local/lib/python3.12/site-packages/airflow/example_dags/example_dataset_alias.py
[2024-11-11T23:45:20.822+0000] {logging_mixin.py:190} INFO - [2024-11-11T23:45:20.821+0000] {dag.py:3239} INFO - Sync 4 DAGs
[2024-11-11T23:45:20.883+0000] {logging_mixin.py:190} INFO - [2024-11-11T23:45:20.882+0000] {dag.py:4180} INFO - Setting next_dagrun for dataset_alias_example_alias_consumer to None, run_after=None
[2024-11-11T23:45:20.919+0000] {logging_mixin.py:190} INFO - [2024-11-11T23:45:20.919+0000] {dag.py:4180} INFO - Setting next_dagrun for dataset_alias_example_alias_producer to None, run_after=None
[2024-11-11T23:45:20.922+0000] {logging_mixin.py:190} INFO - [2024-11-11T23:45:20.922+0000] {dag.py:4180} INFO - Setting next_dagrun for dataset_s3_bucket_consumer to None, run_after=None
[2024-11-11T23:45:20.925+0000] {logging_mixin.py:190} INFO - [2024-11-11T23:45:20.924+0000] {dag.py:4180} INFO - Setting next_dagrun for dataset_s3_bucket_producer to None, run_after=None
[2024-11-11T23:45:20.962+0000] {processor.py:208} INFO - Processing /home/airflow/.local/lib/python3.12/site-packages/airflow/example_dags/example_dataset_alias.py took 0.868 seconds
[2024-11-11T23:45:51.130+0000] {processor.py:186} INFO - Started process (PID=312) to work on /home/airflow/.local/lib/python3.12/site-packages/airflow/example_dags/example_dataset_alias.py
[2024-11-11T23:45:51.132+0000] {processor.py:914} INFO - Processing file /home/airflow/.local/lib/python3.12/site-packages/airflow/example_dags/example_dataset_alias.py for tasks to queue
[2024-11-11T23:45:51.136+0000] {logging_mixin.py:190} INFO - [2024-11-11T23:45:51.135+0000] {dagbag.py:588} INFO - Filling up the DagBag from /home/airflow/.local/lib/python3.12/site-packages/airflow/example_dags/example_dataset_alias.py
[2024-11-11T23:45:54.285+0000] {processor.py:925} INFO - DAG(s) 'dataset_s3_bucket_consumer', 'dataset_alias_example_alias_producer', 'dataset_s3_bucket_producer', 'dataset_alias_example_alias_consumer' retrieved from /home/airflow/.local/lib/python3.12/site-packages/airflow/example_dags/example_dataset_alias.py
[2024-11-11T23:45:54.312+0000] {logging_mixin.py:190} INFO - [2024-11-11T23:45:54.312+0000] {dag.py:3239} INFO - Sync 4 DAGs
[2024-11-11T23:45:54.339+0000] {logging_mixin.py:190} INFO - [2024-11-11T23:45:54.339+0000] {dag.py:4180} INFO - Setting next_dagrun for dataset_alias_example_alias_consumer to None, run_after=None
[2024-11-11T23:45:54.342+0000] {logging_mixin.py:190} INFO - [2024-11-11T23:45:54.342+0000] {dag.py:4180} INFO - Setting next_dagrun for dataset_alias_example_alias_producer to None, run_after=None
[2024-11-11T23:45:54.344+0000] {logging_mixin.py:190} INFO - [2024-11-11T23:45:54.343+0000] {dag.py:4180} INFO - Setting next_dagrun for dataset_s3_bucket_consumer to None, run_after=None
[2024-11-11T23:45:54.345+0000] {logging_mixin.py:190} INFO - [2024-11-11T23:45:54.345+0000] {dag.py:4180} INFO - Setting next_dagrun for dataset_s3_bucket_producer to None, run_after=None
[2024-11-11T23:45:54.368+0000] {processor.py:208} INFO - Processing /home/airflow/.local/lib/python3.12/site-packages/airflow/example_dags/example_dataset_alias.py took 3.245 seconds
[2024-11-11T23:46:25.573+0000] {processor.py:186} INFO - Started process (PID=379) to work on /home/airflow/.local/lib/python3.12/site-packages/airflow/example_dags/example_dataset_alias.py
[2024-11-11T23:46:25.575+0000] {processor.py:914} INFO - Processing file /home/airflow/.local/lib/python3.12/site-packages/airflow/example_dags/example_dataset_alias.py for tasks to queue
[2024-11-11T23:46:25.577+0000] {logging_mixin.py:190} INFO - [2024-11-11T23:46:25.577+0000] {dagbag.py:588} INFO - Filling up the DagBag from /home/airflow/.local/lib/python3.12/site-packages/airflow/example_dags/example_dataset_alias.py
[2024-11-11T23:46:32.559+0000] {processor.py:925} INFO - DAG(s) 'dataset_s3_bucket_producer', 'dataset_alias_example_alias_producer', 'dataset_alias_example_alias_consumer', 'dataset_s3_bucket_consumer' retrieved from /home/airflow/.local/lib/python3.12/site-packages/airflow/example_dags/example_dataset_alias.py
[2024-11-11T23:46:32.585+0000] {logging_mixin.py:190} INFO - [2024-11-11T23:46:32.585+0000] {dag.py:3239} INFO - Sync 4 DAGs
[2024-11-11T23:46:32.609+0000] {logging_mixin.py:190} INFO - [2024-11-11T23:46:32.609+0000] {dag.py:4180} INFO - Setting next_dagrun for dataset_alias_example_alias_consumer to None, run_after=None
[2024-11-11T23:46:32.612+0000] {logging_mixin.py:190} INFO - [2024-11-11T23:46:32.612+0000] {dag.py:4180} INFO - Setting next_dagrun for dataset_alias_example_alias_producer to None, run_after=None
[2024-11-11T23:46:32.615+0000] {logging_mixin.py:190} INFO - [2024-11-11T23:46:32.614+0000] {dag.py:4180} INFO - Setting next_dagrun for dataset_s3_bucket_consumer to None, run_after=None
[2024-11-11T23:46:32.616+0000] {logging_mixin.py:190} INFO - [2024-11-11T23:46:32.616+0000] {dag.py:4180} INFO - Setting next_dagrun for dataset_s3_bucket_producer to None, run_after=None
[2024-11-11T23:46:32.793+0000] {processor.py:208} INFO - Processing /home/airflow/.local/lib/python3.12/site-packages/airflow/example_dags/example_dataset_alias.py took 7.226 seconds
[2024-11-11T23:47:03.209+0000] {processor.py:186} INFO - Started process (PID=442) to work on /home/airflow/.local/lib/python3.12/site-packages/airflow/example_dags/example_dataset_alias.py
[2024-11-11T23:47:03.216+0000] {processor.py:914} INFO - Processing file /home/airflow/.local/lib/python3.12/site-packages/airflow/example_dags/example_dataset_alias.py for tasks to queue
[2024-11-11T23:47:03.223+0000] {logging_mixin.py:190} INFO - [2024-11-11T23:47:03.222+0000] {dagbag.py:588} INFO - Filling up the DagBag from /home/airflow/.local/lib/python3.12/site-packages/airflow/example_dags/example_dataset_alias.py
[2024-11-11T23:47:04.143+0000] {processor.py:925} INFO - DAG(s) 'dataset_s3_bucket_producer', 'dataset_alias_example_alias_consumer', 'dataset_s3_bucket_consumer', 'dataset_alias_example_alias_producer' retrieved from /home/airflow/.local/lib/python3.12/site-packages/airflow/example_dags/example_dataset_alias.py
[2024-11-11T23:47:04.226+0000] {logging_mixin.py:190} INFO - [2024-11-11T23:47:04.225+0000] {dag.py:3239} INFO - Sync 4 DAGs
[2024-11-11T23:47:04.277+0000] {logging_mixin.py:190} INFO - [2024-11-11T23:47:04.276+0000] {dag.py:4180} INFO - Setting next_dagrun for dataset_alias_example_alias_consumer to None, run_after=None
[2024-11-11T23:47:04.282+0000] {logging_mixin.py:190} INFO - [2024-11-11T23:47:04.282+0000] {dag.py:4180} INFO - Setting next_dagrun for dataset_alias_example_alias_producer to None, run_after=None
[2024-11-11T23:47:04.289+0000] {logging_mixin.py:190} INFO - [2024-11-11T23:47:04.289+0000] {dag.py:4180} INFO - Setting next_dagrun for dataset_s3_bucket_consumer to None, run_after=None
[2024-11-11T23:47:04.291+0000] {logging_mixin.py:190} INFO - [2024-11-11T23:47:04.291+0000] {dag.py:4180} INFO - Setting next_dagrun for dataset_s3_bucket_producer to None, run_after=None
[2024-11-11T23:47:04.356+0000] {processor.py:208} INFO - Processing /home/airflow/.local/lib/python3.12/site-packages/airflow/example_dags/example_dataset_alias.py took 1.157 seconds
[2024-11-11T23:47:35.001+0000] {processor.py:186} INFO - Started process (PID=511) to work on /home/airflow/.local/lib/python3.12/site-packages/airflow/example_dags/example_dataset_alias.py
[2024-11-11T23:47:35.002+0000] {processor.py:914} INFO - Processing file /home/airflow/.local/lib/python3.12/site-packages/airflow/example_dags/example_dataset_alias.py for tasks to queue
[2024-11-11T23:47:35.006+0000] {logging_mixin.py:190} INFO - [2024-11-11T23:47:35.005+0000] {dagbag.py:588} INFO - Filling up the DagBag from /home/airflow/.local/lib/python3.12/site-packages/airflow/example_dags/example_dataset_alias.py
[2024-11-11T23:47:35.805+0000] {processor.py:925} INFO - DAG(s) 'dataset_s3_bucket_producer', 'dataset_s3_bucket_consumer', 'dataset_alias_example_alias_consumer', 'dataset_alias_example_alias_producer' retrieved from /home/airflow/.local/lib/python3.12/site-packages/airflow/example_dags/example_dataset_alias.py
[2024-11-11T23:47:35.831+0000] {logging_mixin.py:190} INFO - [2024-11-11T23:47:35.831+0000] {dag.py:3239} INFO - Sync 4 DAGs
[2024-11-11T23:47:35.855+0000] {logging_mixin.py:190} INFO - [2024-11-11T23:47:35.855+0000] {dag.py:4180} INFO - Setting next_dagrun for dataset_alias_example_alias_consumer to None, run_after=None
[2024-11-11T23:47:35.858+0000] {logging_mixin.py:190} INFO - [2024-11-11T23:47:35.858+0000] {dag.py:4180} INFO - Setting next_dagrun for dataset_alias_example_alias_producer to None, run_after=None
[2024-11-11T23:47:35.861+0000] {logging_mixin.py:190} INFO - [2024-11-11T23:47:35.861+0000] {dag.py:4180} INFO - Setting next_dagrun for dataset_s3_bucket_consumer to None, run_after=None
[2024-11-11T23:47:35.865+0000] {logging_mixin.py:190} INFO - [2024-11-11T23:47:35.865+0000] {dag.py:4180} INFO - Setting next_dagrun for dataset_s3_bucket_producer to None, run_after=None
[2024-11-11T23:47:35.892+0000] {processor.py:208} INFO - Processing /home/airflow/.local/lib/python3.12/site-packages/airflow/example_dags/example_dataset_alias.py took 0.901 seconds
[2024-11-11T23:48:06.861+0000] {processor.py:186} INFO - Started process (PID=578) to work on /home/airflow/.local/lib/python3.12/site-packages/airflow/example_dags/example_dataset_alias.py
[2024-11-11T23:48:06.862+0000] {processor.py:914} INFO - Processing file /home/airflow/.local/lib/python3.12/site-packages/airflow/example_dags/example_dataset_alias.py for tasks to queue
[2024-11-11T23:48:06.864+0000] {logging_mixin.py:190} INFO - [2024-11-11T23:48:06.864+0000] {dagbag.py:588} INFO - Filling up the DagBag from /home/airflow/.local/lib/python3.12/site-packages/airflow/example_dags/example_dataset_alias.py
[2024-11-11T23:48:07.671+0000] {processor.py:925} INFO - DAG(s) 'dataset_alias_example_alias_producer', 'dataset_s3_bucket_producer', 'dataset_s3_bucket_consumer', 'dataset_alias_example_alias_consumer' retrieved from /home/airflow/.local/lib/python3.12/site-packages/airflow/example_dags/example_dataset_alias.py
[2024-11-11T23:48:07.695+0000] {logging_mixin.py:190} INFO - [2024-11-11T23:48:07.694+0000] {dag.py:3239} INFO - Sync 4 DAGs
[2024-11-11T23:48:07.722+0000] {logging_mixin.py:190} INFO - [2024-11-11T23:48:07.721+0000] {dag.py:4180} INFO - Setting next_dagrun for dataset_alias_example_alias_consumer to None, run_after=None
[2024-11-11T23:48:07.727+0000] {logging_mixin.py:190} INFO - [2024-11-11T23:48:07.727+0000] {dag.py:4180} INFO - Setting next_dagrun for dataset_alias_example_alias_producer to None, run_after=None
[2024-11-11T23:48:07.729+0000] {logging_mixin.py:190} INFO - [2024-11-11T23:48:07.729+0000] {dag.py:4180} INFO - Setting next_dagrun for dataset_s3_bucket_consumer to None, run_after=None
[2024-11-11T23:48:07.730+0000] {logging_mixin.py:190} INFO - [2024-11-11T23:48:07.730+0000] {dag.py:4180} INFO - Setting next_dagrun for dataset_s3_bucket_producer to None, run_after=None
[2024-11-11T23:48:07.758+0000] {processor.py:208} INFO - Processing /home/airflow/.local/lib/python3.12/site-packages/airflow/example_dags/example_dataset_alias.py took 0.906 seconds
[2024-11-11T23:48:38.924+0000] {processor.py:186} INFO - Started process (PID=643) to work on /home/airflow/.local/lib/python3.12/site-packages/airflow/example_dags/example_dataset_alias.py
[2024-11-11T23:48:38.927+0000] {processor.py:914} INFO - Processing file /home/airflow/.local/lib/python3.12/site-packages/airflow/example_dags/example_dataset_alias.py for tasks to queue
[2024-11-11T23:48:38.932+0000] {logging_mixin.py:190} INFO - [2024-11-11T23:48:38.932+0000] {dagbag.py:588} INFO - Filling up the DagBag from /home/airflow/.local/lib/python3.12/site-packages/airflow/example_dags/example_dataset_alias.py
[2024-11-11T23:48:39.836+0000] {processor.py:925} INFO - DAG(s) 'dataset_alias_example_alias_producer', 'dataset_alias_example_alias_consumer', 'dataset_s3_bucket_producer', 'dataset_s3_bucket_consumer' retrieved from /home/airflow/.local/lib/python3.12/site-packages/airflow/example_dags/example_dataset_alias.py
[2024-11-11T23:48:39.860+0000] {logging_mixin.py:190} INFO - [2024-11-11T23:48:39.859+0000] {dag.py:3239} INFO - Sync 4 DAGs
[2024-11-11T23:48:39.882+0000] {logging_mixin.py:190} INFO - [2024-11-11T23:48:39.881+0000] {dag.py:4180} INFO - Setting next_dagrun for dataset_alias_example_alias_consumer to None, run_after=None
[2024-11-11T23:48:39.884+0000] {logging_mixin.py:190} INFO - [2024-11-11T23:48:39.884+0000] {dag.py:4180} INFO - Setting next_dagrun for dataset_alias_example_alias_producer to None, run_after=None
[2024-11-11T23:48:39.887+0000] {logging_mixin.py:190} INFO - [2024-11-11T23:48:39.887+0000] {dag.py:4180} INFO - Setting next_dagrun for dataset_s3_bucket_consumer to None, run_after=None
[2024-11-11T23:48:39.889+0000] {logging_mixin.py:190} INFO - [2024-11-11T23:48:39.889+0000] {dag.py:4180} INFO - Setting next_dagrun for dataset_s3_bucket_producer to None, run_after=None
[2024-11-11T23:48:39.916+0000] {processor.py:208} INFO - Processing /home/airflow/.local/lib/python3.12/site-packages/airflow/example_dags/example_dataset_alias.py took 1.000 seconds
[2024-11-11T23:49:10.040+0000] {processor.py:186} INFO - Started process (PID=713) to work on /home/airflow/.local/lib/python3.12/site-packages/airflow/example_dags/example_dataset_alias.py
[2024-11-11T23:49:10.042+0000] {processor.py:914} INFO - Processing file /home/airflow/.local/lib/python3.12/site-packages/airflow/example_dags/example_dataset_alias.py for tasks to queue
[2024-11-11T23:49:10.045+0000] {logging_mixin.py:190} INFO - [2024-11-11T23:49:10.044+0000] {dagbag.py:588} INFO - Filling up the DagBag from /home/airflow/.local/lib/python3.12/site-packages/airflow/example_dags/example_dataset_alias.py
[2024-11-11T23:49:10.706+0000] {processor.py:925} INFO - DAG(s) 'dataset_s3_bucket_consumer', 'dataset_s3_bucket_producer', 'dataset_alias_example_alias_producer', 'dataset_alias_example_alias_consumer' retrieved from /home/airflow/.local/lib/python3.12/site-packages/airflow/example_dags/example_dataset_alias.py
[2024-11-11T23:49:10.733+0000] {logging_mixin.py:190} INFO - [2024-11-11T23:49:10.732+0000] {dag.py:3239} INFO - Sync 4 DAGs
[2024-11-11T23:49:10.756+0000] {logging_mixin.py:190} INFO - [2024-11-11T23:49:10.756+0000] {dag.py:4180} INFO - Setting next_dagrun for dataset_alias_example_alias_consumer to None, run_after=None
[2024-11-11T23:49:10.759+0000] {logging_mixin.py:190} INFO - [2024-11-11T23:49:10.759+0000] {dag.py:4180} INFO - Setting next_dagrun for dataset_alias_example_alias_producer to None, run_after=None
[2024-11-11T23:49:10.762+0000] {logging_mixin.py:190} INFO - [2024-11-11T23:49:10.762+0000] {dag.py:4180} INFO - Setting next_dagrun for dataset_s3_bucket_consumer to None, run_after=None
[2024-11-11T23:49:10.764+0000] {logging_mixin.py:190} INFO - [2024-11-11T23:49:10.764+0000] {dag.py:4180} INFO - Setting next_dagrun for dataset_s3_bucket_producer to None, run_after=None
[2024-11-11T23:49:10.796+0000] {processor.py:208} INFO - Processing /home/airflow/.local/lib/python3.12/site-packages/airflow/example_dags/example_dataset_alias.py took 0.761 seconds
[2024-11-11T23:49:41.075+0000] {processor.py:186} INFO - Started process (PID=779) to work on /home/airflow/.local/lib/python3.12/site-packages/airflow/example_dags/example_dataset_alias.py
[2024-11-11T23:49:41.076+0000] {processor.py:914} INFO - Processing file /home/airflow/.local/lib/python3.12/site-packages/airflow/example_dags/example_dataset_alias.py for tasks to queue
[2024-11-11T23:49:41.078+0000] {logging_mixin.py:190} INFO - [2024-11-11T23:49:41.078+0000] {dagbag.py:588} INFO - Filling up the DagBag from /home/airflow/.local/lib/python3.12/site-packages/airflow/example_dags/example_dataset_alias.py
[2024-11-11T23:49:42.245+0000] {processor.py:925} INFO - DAG(s) 'dataset_alias_example_alias_consumer', 'dataset_s3_bucket_producer', 'dataset_alias_example_alias_producer', 'dataset_s3_bucket_consumer' retrieved from /home/airflow/.local/lib/python3.12/site-packages/airflow/example_dags/example_dataset_alias.py
[2024-11-11T23:49:42.327+0000] {logging_mixin.py:190} INFO - [2024-11-11T23:49:42.326+0000] {dag.py:3239} INFO - Sync 4 DAGs
[2024-11-11T23:49:42.380+0000] {logging_mixin.py:190} INFO - [2024-11-11T23:49:42.379+0000] {dag.py:4180} INFO - Setting next_dagrun for dataset_alias_example_alias_consumer to None, run_after=None
[2024-11-11T23:49:42.387+0000] {logging_mixin.py:190} INFO - [2024-11-11T23:49:42.387+0000] {dag.py:4180} INFO - Setting next_dagrun for dataset_alias_example_alias_producer to None, run_after=None
[2024-11-11T23:49:42.390+0000] {logging_mixin.py:190} INFO - [2024-11-11T23:49:42.390+0000] {dag.py:4180} INFO - Setting next_dagrun for dataset_s3_bucket_consumer to None, run_after=None
[2024-11-11T23:49:42.392+0000] {logging_mixin.py:190} INFO - [2024-11-11T23:49:42.392+0000] {dag.py:4180} INFO - Setting next_dagrun for dataset_s3_bucket_producer to None, run_after=None
[2024-11-11T23:49:42.445+0000] {processor.py:208} INFO - Processing /home/airflow/.local/lib/python3.12/site-packages/airflow/example_dags/example_dataset_alias.py took 1.376 seconds
[2024-11-11T23:50:13.367+0000] {processor.py:186} INFO - Started process (PID=850) to work on /home/airflow/.local/lib/python3.12/site-packages/airflow/example_dags/example_dataset_alias.py
[2024-11-11T23:50:13.369+0000] {processor.py:914} INFO - Processing file /home/airflow/.local/lib/python3.12/site-packages/airflow/example_dags/example_dataset_alias.py for tasks to queue
[2024-11-11T23:50:13.375+0000] {logging_mixin.py:190} INFO - [2024-11-11T23:50:13.373+0000] {dagbag.py:588} INFO - Filling up the DagBag from /home/airflow/.local/lib/python3.12/site-packages/airflow/example_dags/example_dataset_alias.py
[2024-11-11T23:50:14.155+0000] {processor.py:925} INFO - DAG(s) 'dataset_alias_example_alias_consumer', 'dataset_s3_bucket_consumer', 'dataset_alias_example_alias_producer', 'dataset_s3_bucket_producer' retrieved from /home/airflow/.local/lib/python3.12/site-packages/airflow/example_dags/example_dataset_alias.py
[2024-11-11T23:50:14.180+0000] {logging_mixin.py:190} INFO - [2024-11-11T23:50:14.179+0000] {dag.py:3239} INFO - Sync 4 DAGs
[2024-11-11T23:50:14.208+0000] {logging_mixin.py:190} INFO - [2024-11-11T23:50:14.208+0000] {dag.py:4180} INFO - Setting next_dagrun for dataset_alias_example_alias_consumer to None, run_after=None
[2024-11-11T23:50:14.213+0000] {logging_mixin.py:190} INFO - [2024-11-11T23:50:14.212+0000] {dag.py:4180} INFO - Setting next_dagrun for dataset_alias_example_alias_producer to None, run_after=None
[2024-11-11T23:50:14.215+0000] {logging_mixin.py:190} INFO - [2024-11-11T23:50:14.215+0000] {dag.py:4180} INFO - Setting next_dagrun for dataset_s3_bucket_consumer to None, run_after=None
[2024-11-11T23:50:14.218+0000] {logging_mixin.py:190} INFO - [2024-11-11T23:50:14.218+0000] {dag.py:4180} INFO - Setting next_dagrun for dataset_s3_bucket_producer to None, run_after=None
[2024-11-11T23:50:14.251+0000] {processor.py:208} INFO - Processing /home/airflow/.local/lib/python3.12/site-packages/airflow/example_dags/example_dataset_alias.py took 0.891 seconds
[2024-11-11T23:50:45.365+0000] {processor.py:186} INFO - Started process (PID=918) to work on /home/airflow/.local/lib/python3.12/site-packages/airflow/example_dags/example_dataset_alias.py
[2024-11-11T23:50:45.367+0000] {processor.py:914} INFO - Processing file /home/airflow/.local/lib/python3.12/site-packages/airflow/example_dags/example_dataset_alias.py for tasks to queue
[2024-11-11T23:50:45.369+0000] {logging_mixin.py:190} INFO - [2024-11-11T23:50:45.369+0000] {dagbag.py:588} INFO - Filling up the DagBag from /home/airflow/.local/lib/python3.12/site-packages/airflow/example_dags/example_dataset_alias.py
[2024-11-11T23:50:45.945+0000] {processor.py:925} INFO - DAG(s) 'dataset_alias_example_alias_producer', 'dataset_s3_bucket_consumer', 'dataset_alias_example_alias_consumer', 'dataset_s3_bucket_producer' retrieved from /home/airflow/.local/lib/python3.12/site-packages/airflow/example_dags/example_dataset_alias.py
[2024-11-11T23:50:45.971+0000] {logging_mixin.py:190} INFO - [2024-11-11T23:50:45.971+0000] {dag.py:3239} INFO - Sync 4 DAGs
[2024-11-11T23:50:46.001+0000] {logging_mixin.py:190} INFO - [2024-11-11T23:50:46.000+0000] {dag.py:4180} INFO - Setting next_dagrun for dataset_alias_example_alias_consumer to None, run_after=None
[2024-11-11T23:50:46.004+0000] {logging_mixin.py:190} INFO - [2024-11-11T23:50:46.004+0000] {dag.py:4180} INFO - Setting next_dagrun for dataset_alias_example_alias_producer to None, run_after=None
[2024-11-11T23:50:46.006+0000] {logging_mixin.py:190} INFO - [2024-11-11T23:50:46.006+0000] {dag.py:4180} INFO - Setting next_dagrun for dataset_s3_bucket_consumer to None, run_after=None
[2024-11-11T23:50:46.008+0000] {logging_mixin.py:190} INFO - [2024-11-11T23:50:46.008+0000] {dag.py:4180} INFO - Setting next_dagrun for dataset_s3_bucket_producer to None, run_after=None
[2024-11-11T23:50:46.036+0000] {processor.py:208} INFO - Processing /home/airflow/.local/lib/python3.12/site-packages/airflow/example_dags/example_dataset_alias.py took 0.676 seconds
[2024-11-11T23:51:16.196+0000] {processor.py:186} INFO - Started process (PID=982) to work on /home/airflow/.local/lib/python3.12/site-packages/airflow/example_dags/example_dataset_alias.py
[2024-11-11T23:51:16.198+0000] {processor.py:914} INFO - Processing file /home/airflow/.local/lib/python3.12/site-packages/airflow/example_dags/example_dataset_alias.py for tasks to queue
[2024-11-11T23:51:16.200+0000] {logging_mixin.py:190} INFO - [2024-11-11T23:51:16.200+0000] {dagbag.py:588} INFO - Filling up the DagBag from /home/airflow/.local/lib/python3.12/site-packages/airflow/example_dags/example_dataset_alias.py
[2024-11-11T23:51:16.818+0000] {processor.py:925} INFO - DAG(s) 'dataset_s3_bucket_consumer', 'dataset_alias_example_alias_consumer', 'dataset_alias_example_alias_producer', 'dataset_s3_bucket_producer' retrieved from /home/airflow/.local/lib/python3.12/site-packages/airflow/example_dags/example_dataset_alias.py
[2024-11-11T23:51:16.845+0000] {logging_mixin.py:190} INFO - [2024-11-11T23:51:16.844+0000] {dag.py:3239} INFO - Sync 4 DAGs
[2024-11-11T23:51:16.868+0000] {logging_mixin.py:190} INFO - [2024-11-11T23:51:16.868+0000] {dag.py:4180} INFO - Setting next_dagrun for dataset_alias_example_alias_consumer to None, run_after=None
[2024-11-11T23:51:16.872+0000] {logging_mixin.py:190} INFO - [2024-11-11T23:51:16.871+0000] {dag.py:4180} INFO - Setting next_dagrun for dataset_alias_example_alias_producer to None, run_after=None
[2024-11-11T23:51:16.875+0000] {logging_mixin.py:190} INFO - [2024-11-11T23:51:16.875+0000] {dag.py:4180} INFO - Setting next_dagrun for dataset_s3_bucket_consumer to None, run_after=None
[2024-11-11T23:51:16.878+0000] {logging_mixin.py:190} INFO - [2024-11-11T23:51:16.877+0000] {dag.py:4180} INFO - Setting next_dagrun for dataset_s3_bucket_producer to None, run_after=None
[2024-11-11T23:51:16.907+0000] {processor.py:208} INFO - Processing /home/airflow/.local/lib/python3.12/site-packages/airflow/example_dags/example_dataset_alias.py took 0.716 seconds
[2024-11-11T23:51:46.984+0000] {processor.py:186} INFO - Started process (PID=1051) to work on /home/airflow/.local/lib/python3.12/site-packages/airflow/example_dags/example_dataset_alias.py
[2024-11-11T23:51:46.986+0000] {processor.py:914} INFO - Processing file /home/airflow/.local/lib/python3.12/site-packages/airflow/example_dags/example_dataset_alias.py for tasks to queue
[2024-11-11T23:51:46.990+0000] {logging_mixin.py:190} INFO - [2024-11-11T23:51:46.989+0000] {dagbag.py:588} INFO - Filling up the DagBag from /home/airflow/.local/lib/python3.12/site-packages/airflow/example_dags/example_dataset_alias.py
[2024-11-11T23:51:48.048+0000] {processor.py:925} INFO - DAG(s) 'dataset_s3_bucket_consumer', 'dataset_alias_example_alias_producer', 'dataset_alias_example_alias_consumer', 'dataset_s3_bucket_producer' retrieved from /home/airflow/.local/lib/python3.12/site-packages/airflow/example_dags/example_dataset_alias.py
[2024-11-11T23:51:48.080+0000] {logging_mixin.py:190} INFO - [2024-11-11T23:51:48.079+0000] {dag.py:3239} INFO - Sync 4 DAGs
[2024-11-11T23:51:48.111+0000] {logging_mixin.py:190} INFO - [2024-11-11T23:51:48.110+0000] {dag.py:4180} INFO - Setting next_dagrun for dataset_alias_example_alias_consumer to None, run_after=None
[2024-11-11T23:51:48.114+0000] {logging_mixin.py:190} INFO - [2024-11-11T23:51:48.114+0000] {dag.py:4180} INFO - Setting next_dagrun for dataset_alias_example_alias_producer to None, run_after=None
[2024-11-11T23:51:48.119+0000] {logging_mixin.py:190} INFO - [2024-11-11T23:51:48.119+0000] {dag.py:4180} INFO - Setting next_dagrun for dataset_s3_bucket_consumer to None, run_after=None
[2024-11-11T23:51:48.121+0000] {logging_mixin.py:190} INFO - [2024-11-11T23:51:48.121+0000] {dag.py:4180} INFO - Setting next_dagrun for dataset_s3_bucket_producer to None, run_after=None
[2024-11-11T23:51:48.151+0000] {processor.py:208} INFO - Processing /home/airflow/.local/lib/python3.12/site-packages/airflow/example_dags/example_dataset_alias.py took 1.174 seconds
[2024-11-11T23:52:18.287+0000] {processor.py:186} INFO - Started process (PID=1120) to work on /home/airflow/.local/lib/python3.12/site-packages/airflow/example_dags/example_dataset_alias.py
[2024-11-11T23:52:18.289+0000] {processor.py:914} INFO - Processing file /home/airflow/.local/lib/python3.12/site-packages/airflow/example_dags/example_dataset_alias.py for tasks to queue
[2024-11-11T23:52:18.291+0000] {logging_mixin.py:190} INFO - [2024-11-11T23:52:18.291+0000] {dagbag.py:588} INFO - Filling up the DagBag from /home/airflow/.local/lib/python3.12/site-packages/airflow/example_dags/example_dataset_alias.py
[2024-11-11T23:52:18.927+0000] {processor.py:925} INFO - DAG(s) 'dataset_alias_example_alias_producer', 'dataset_s3_bucket_consumer', 'dataset_alias_example_alias_consumer', 'dataset_s3_bucket_producer' retrieved from /home/airflow/.local/lib/python3.12/site-packages/airflow/example_dags/example_dataset_alias.py
[2024-11-11T23:52:18.954+0000] {logging_mixin.py:190} INFO - [2024-11-11T23:52:18.953+0000] {dag.py:3239} INFO - Sync 4 DAGs
[2024-11-11T23:52:18.976+0000] {logging_mixin.py:190} INFO - [2024-11-11T23:52:18.975+0000] {dag.py:4180} INFO - Setting next_dagrun for dataset_alias_example_alias_consumer to None, run_after=None
[2024-11-11T23:52:18.980+0000] {logging_mixin.py:190} INFO - [2024-11-11T23:52:18.980+0000] {dag.py:4180} INFO - Setting next_dagrun for dataset_alias_example_alias_producer to None, run_after=None
[2024-11-11T23:52:18.983+0000] {logging_mixin.py:190} INFO - [2024-11-11T23:52:18.983+0000] {dag.py:4180} INFO - Setting next_dagrun for dataset_s3_bucket_consumer to None, run_after=None
[2024-11-11T23:52:18.986+0000] {logging_mixin.py:190} INFO - [2024-11-11T23:52:18.986+0000] {dag.py:4180} INFO - Setting next_dagrun for dataset_s3_bucket_producer to None, run_after=None
[2024-11-11T23:52:19.037+0000] {processor.py:208} INFO - Processing /home/airflow/.local/lib/python3.12/site-packages/airflow/example_dags/example_dataset_alias.py took 0.759 seconds
[2024-11-11T23:52:49.750+0000] {processor.py:186} INFO - Started process (PID=1186) to work on /home/airflow/.local/lib/python3.12/site-packages/airflow/example_dags/example_dataset_alias.py
[2024-11-11T23:52:49.751+0000] {processor.py:914} INFO - Processing file /home/airflow/.local/lib/python3.12/site-packages/airflow/example_dags/example_dataset_alias.py for tasks to queue
[2024-11-11T23:52:49.753+0000] {logging_mixin.py:190} INFO - [2024-11-11T23:52:49.753+0000] {dagbag.py:588} INFO - Filling up the DagBag from /home/airflow/.local/lib/python3.12/site-packages/airflow/example_dags/example_dataset_alias.py
[2024-11-11T23:52:50.270+0000] {processor.py:925} INFO - DAG(s) 'dataset_s3_bucket_consumer', 'dataset_alias_example_alias_consumer', 'dataset_s3_bucket_producer', 'dataset_alias_example_alias_producer' retrieved from /home/airflow/.local/lib/python3.12/site-packages/airflow/example_dags/example_dataset_alias.py
[2024-11-11T23:52:50.289+0000] {logging_mixin.py:190} INFO - [2024-11-11T23:52:50.289+0000] {dag.py:3239} INFO - Sync 4 DAGs
[2024-11-11T23:52:50.307+0000] {logging_mixin.py:190} INFO - [2024-11-11T23:52:50.307+0000] {dag.py:4180} INFO - Setting next_dagrun for dataset_alias_example_alias_consumer to None, run_after=None
[2024-11-11T23:52:50.310+0000] {logging_mixin.py:190} INFO - [2024-11-11T23:52:50.310+0000] {dag.py:4180} INFO - Setting next_dagrun for dataset_alias_example_alias_producer to None, run_after=None
[2024-11-11T23:52:50.312+0000] {logging_mixin.py:190} INFO - [2024-11-11T23:52:50.312+0000] {dag.py:4180} INFO - Setting next_dagrun for dataset_s3_bucket_consumer to None, run_after=None
[2024-11-11T23:52:50.314+0000] {logging_mixin.py:190} INFO - [2024-11-11T23:52:50.314+0000] {dag.py:4180} INFO - Setting next_dagrun for dataset_s3_bucket_producer to None, run_after=None
[2024-11-11T23:52:50.345+0000] {processor.py:208} INFO - Processing /home/airflow/.local/lib/python3.12/site-packages/airflow/example_dags/example_dataset_alias.py took 0.600 seconds
[2024-11-11T23:53:20.697+0000] {processor.py:186} INFO - Started process (PID=1252) to work on /home/airflow/.local/lib/python3.12/site-packages/airflow/example_dags/example_dataset_alias.py
[2024-11-11T23:53:20.698+0000] {processor.py:914} INFO - Processing file /home/airflow/.local/lib/python3.12/site-packages/airflow/example_dags/example_dataset_alias.py for tasks to queue
[2024-11-11T23:53:20.701+0000] {logging_mixin.py:190} INFO - [2024-11-11T23:53:20.701+0000] {dagbag.py:588} INFO - Filling up the DagBag from /home/airflow/.local/lib/python3.12/site-packages/airflow/example_dags/example_dataset_alias.py
[2024-11-11T23:53:21.363+0000] {processor.py:925} INFO - DAG(s) 'dataset_s3_bucket_producer', 'dataset_alias_example_alias_consumer', 'dataset_alias_example_alias_producer', 'dataset_s3_bucket_consumer' retrieved from /home/airflow/.local/lib/python3.12/site-packages/airflow/example_dags/example_dataset_alias.py
[2024-11-11T23:53:21.389+0000] {logging_mixin.py:190} INFO - [2024-11-11T23:53:21.389+0000] {dag.py:3239} INFO - Sync 4 DAGs
[2024-11-11T23:53:21.411+0000] {logging_mixin.py:190} INFO - [2024-11-11T23:53:21.411+0000] {dag.py:4180} INFO - Setting next_dagrun for dataset_alias_example_alias_consumer to None, run_after=None
[2024-11-11T23:53:21.415+0000] {logging_mixin.py:190} INFO - [2024-11-11T23:53:21.414+0000] {dag.py:4180} INFO - Setting next_dagrun for dataset_alias_example_alias_producer to None, run_after=None
[2024-11-11T23:53:21.417+0000] {logging_mixin.py:190} INFO - [2024-11-11T23:53:21.417+0000] {dag.py:4180} INFO - Setting next_dagrun for dataset_s3_bucket_consumer to None, run_after=None
[2024-11-11T23:53:21.420+0000] {logging_mixin.py:190} INFO - [2024-11-11T23:53:21.420+0000] {dag.py:4180} INFO - Setting next_dagrun for dataset_s3_bucket_producer to None, run_after=None
[2024-11-11T23:53:21.460+0000] {processor.py:208} INFO - Processing /home/airflow/.local/lib/python3.12/site-packages/airflow/example_dags/example_dataset_alias.py took 0.771 seconds
[2024-11-11T23:53:53.378+0000] {processor.py:186} INFO - Started process (PID=1317) to work on /home/airflow/.local/lib/python3.12/site-packages/airflow/example_dags/example_dataset_alias.py
[2024-11-11T23:53:53.382+0000] {processor.py:914} INFO - Processing file /home/airflow/.local/lib/python3.12/site-packages/airflow/example_dags/example_dataset_alias.py for tasks to queue
[2024-11-11T23:53:53.385+0000] {logging_mixin.py:190} INFO - [2024-11-11T23:53:53.384+0000] {dagbag.py:588} INFO - Filling up the DagBag from /home/airflow/.local/lib/python3.12/site-packages/airflow/example_dags/example_dataset_alias.py
[2024-11-11T23:53:58.610+0000] {processor.py:925} INFO - DAG(s) 'dataset_alias_example_alias_consumer', 'dataset_s3_bucket_producer', 'dataset_s3_bucket_consumer', 'dataset_alias_example_alias_producer' retrieved from /home/airflow/.local/lib/python3.12/site-packages/airflow/example_dags/example_dataset_alias.py
[2024-11-11T23:53:58.675+0000] {logging_mixin.py:190} INFO - [2024-11-11T23:53:58.674+0000] {dag.py:3239} INFO - Sync 4 DAGs
[2024-11-11T23:53:58.729+0000] {logging_mixin.py:190} INFO - [2024-11-11T23:53:58.728+0000] {dag.py:4180} INFO - Setting next_dagrun for dataset_alias_example_alias_consumer to None, run_after=None
[2024-11-11T23:53:58.738+0000] {logging_mixin.py:190} INFO - [2024-11-11T23:53:58.738+0000] {dag.py:4180} INFO - Setting next_dagrun for dataset_alias_example_alias_producer to None, run_after=None
[2024-11-11T23:53:58.742+0000] {logging_mixin.py:190} INFO - [2024-11-11T23:53:58.741+0000] {dag.py:4180} INFO - Setting next_dagrun for dataset_s3_bucket_consumer to None, run_after=None
[2024-11-11T23:53:58.744+0000] {logging_mixin.py:190} INFO - [2024-11-11T23:53:58.744+0000] {dag.py:4180} INFO - Setting next_dagrun for dataset_s3_bucket_producer to None, run_after=None
[2024-11-11T23:53:58.787+0000] {processor.py:208} INFO - Processing /home/airflow/.local/lib/python3.12/site-packages/airflow/example_dags/example_dataset_alias.py took 5.419 seconds
[2024-11-11T23:54:30.245+0000] {processor.py:186} INFO - Started process (PID=1389) to work on /home/airflow/.local/lib/python3.12/site-packages/airflow/example_dags/example_dataset_alias.py
[2024-11-11T23:54:30.247+0000] {processor.py:914} INFO - Processing file /home/airflow/.local/lib/python3.12/site-packages/airflow/example_dags/example_dataset_alias.py for tasks to queue
[2024-11-11T23:54:30.249+0000] {logging_mixin.py:190} INFO - [2024-11-11T23:54:30.249+0000] {dagbag.py:588} INFO - Filling up the DagBag from /home/airflow/.local/lib/python3.12/site-packages/airflow/example_dags/example_dataset_alias.py
[2024-11-11T23:54:31.185+0000] {processor.py:925} INFO - DAG(s) 'dataset_s3_bucket_producer', 'dataset_alias_example_alias_consumer', 'dataset_alias_example_alias_producer', 'dataset_s3_bucket_consumer' retrieved from /home/airflow/.local/lib/python3.12/site-packages/airflow/example_dags/example_dataset_alias.py
[2024-11-11T23:54:31.216+0000] {logging_mixin.py:190} INFO - [2024-11-11T23:54:31.215+0000] {dag.py:3239} INFO - Sync 4 DAGs
[2024-11-11T23:54:31.247+0000] {logging_mixin.py:190} INFO - [2024-11-11T23:54:31.247+0000] {dag.py:4180} INFO - Setting next_dagrun for dataset_alias_example_alias_consumer to None, run_after=None
[2024-11-11T23:54:31.252+0000] {logging_mixin.py:190} INFO - [2024-11-11T23:54:31.252+0000] {dag.py:4180} INFO - Setting next_dagrun for dataset_alias_example_alias_producer to None, run_after=None
[2024-11-11T23:54:31.255+0000] {logging_mixin.py:190} INFO - [2024-11-11T23:54:31.255+0000] {dag.py:4180} INFO - Setting next_dagrun for dataset_s3_bucket_consumer to None, run_after=None
[2024-11-11T23:54:31.258+0000] {logging_mixin.py:190} INFO - [2024-11-11T23:54:31.257+0000] {dag.py:4180} INFO - Setting next_dagrun for dataset_s3_bucket_producer to None, run_after=None
[2024-11-11T23:54:31.292+0000] {processor.py:208} INFO - Processing /home/airflow/.local/lib/python3.12/site-packages/airflow/example_dags/example_dataset_alias.py took 1.053 seconds
[2024-11-11T23:55:02.561+0000] {processor.py:186} INFO - Started process (PID=1458) to work on /home/airflow/.local/lib/python3.12/site-packages/airflow/example_dags/example_dataset_alias.py
[2024-11-11T23:55:02.563+0000] {processor.py:914} INFO - Processing file /home/airflow/.local/lib/python3.12/site-packages/airflow/example_dags/example_dataset_alias.py for tasks to queue
[2024-11-11T23:55:02.565+0000] {logging_mixin.py:190} INFO - [2024-11-11T23:55:02.565+0000] {dagbag.py:588} INFO - Filling up the DagBag from /home/airflow/.local/lib/python3.12/site-packages/airflow/example_dags/example_dataset_alias.py
[2024-11-11T23:55:03.288+0000] {processor.py:925} INFO - DAG(s) 'dataset_s3_bucket_consumer', 'dataset_alias_example_alias_consumer', 'dataset_alias_example_alias_producer', 'dataset_s3_bucket_producer' retrieved from /home/airflow/.local/lib/python3.12/site-packages/airflow/example_dags/example_dataset_alias.py
[2024-11-11T23:55:03.318+0000] {logging_mixin.py:190} INFO - [2024-11-11T23:55:03.317+0000] {dag.py:3239} INFO - Sync 4 DAGs
[2024-11-11T23:55:03.342+0000] {logging_mixin.py:190} INFO - [2024-11-11T23:55:03.342+0000] {dag.py:4180} INFO - Setting next_dagrun for dataset_alias_example_alias_consumer to None, run_after=None
[2024-11-11T23:55:03.345+0000] {logging_mixin.py:190} INFO - [2024-11-11T23:55:03.345+0000] {dag.py:4180} INFO - Setting next_dagrun for dataset_alias_example_alias_producer to None, run_after=None
[2024-11-11T23:55:03.348+0000] {logging_mixin.py:190} INFO - [2024-11-11T23:55:03.347+0000] {dag.py:4180} INFO - Setting next_dagrun for dataset_s3_bucket_consumer to None, run_after=None
[2024-11-11T23:55:03.350+0000] {logging_mixin.py:190} INFO - [2024-11-11T23:55:03.350+0000] {dag.py:4180} INFO - Setting next_dagrun for dataset_s3_bucket_producer to None, run_after=None
[2024-11-11T23:55:03.381+0000] {processor.py:208} INFO - Processing /home/airflow/.local/lib/python3.12/site-packages/airflow/example_dags/example_dataset_alias.py took 0.826 seconds
[2024-11-11T23:55:34.683+0000] {processor.py:186} INFO - Started process (PID=1525) to work on /home/airflow/.local/lib/python3.12/site-packages/airflow/example_dags/example_dataset_alias.py
[2024-11-11T23:55:34.685+0000] {processor.py:914} INFO - Processing file /home/airflow/.local/lib/python3.12/site-packages/airflow/example_dags/example_dataset_alias.py for tasks to queue
[2024-11-11T23:55:34.688+0000] {logging_mixin.py:190} INFO - [2024-11-11T23:55:34.687+0000] {dagbag.py:588} INFO - Filling up the DagBag from /home/airflow/.local/lib/python3.12/site-packages/airflow/example_dags/example_dataset_alias.py
[2024-11-11T23:55:35.287+0000] {processor.py:925} INFO - DAG(s) 'dataset_alias_example_alias_consumer', 'dataset_s3_bucket_consumer', 'dataset_s3_bucket_producer', 'dataset_alias_example_alias_producer' retrieved from /home/airflow/.local/lib/python3.12/site-packages/airflow/example_dags/example_dataset_alias.py
[2024-11-11T23:55:35.313+0000] {logging_mixin.py:190} INFO - [2024-11-11T23:55:35.312+0000] {dag.py:3239} INFO - Sync 4 DAGs
[2024-11-11T23:55:35.348+0000] {logging_mixin.py:190} INFO - [2024-11-11T23:55:35.347+0000] {dag.py:4180} INFO - Setting next_dagrun for dataset_alias_example_alias_consumer to None, run_after=None
[2024-11-11T23:55:35.352+0000] {logging_mixin.py:190} INFO - [2024-11-11T23:55:35.352+0000] {dag.py:4180} INFO - Setting next_dagrun for dataset_alias_example_alias_producer to None, run_after=None
[2024-11-11T23:55:35.356+0000] {logging_mixin.py:190} INFO - [2024-11-11T23:55:35.355+0000] {dag.py:4180} INFO - Setting next_dagrun for dataset_s3_bucket_consumer to None, run_after=None
[2024-11-11T23:55:35.358+0000] {logging_mixin.py:190} INFO - [2024-11-11T23:55:35.358+0000] {dag.py:4180} INFO - Setting next_dagrun for dataset_s3_bucket_producer to None, run_after=None
[2024-11-11T23:55:35.393+0000] {processor.py:208} INFO - Processing /home/airflow/.local/lib/python3.12/site-packages/airflow/example_dags/example_dataset_alias.py took 0.718 seconds
[2024-11-11T23:56:06.594+0000] {processor.py:186} INFO - Started process (PID=1596) to work on /home/airflow/.local/lib/python3.12/site-packages/airflow/example_dags/example_dataset_alias.py
[2024-11-11T23:56:06.596+0000] {processor.py:914} INFO - Processing file /home/airflow/.local/lib/python3.12/site-packages/airflow/example_dags/example_dataset_alias.py for tasks to queue
[2024-11-11T23:56:06.599+0000] {logging_mixin.py:190} INFO - [2024-11-11T23:56:06.599+0000] {dagbag.py:588} INFO - Filling up the DagBag from /home/airflow/.local/lib/python3.12/site-packages/airflow/example_dags/example_dataset_alias.py
[2024-11-11T23:56:07.169+0000] {processor.py:925} INFO - DAG(s) 'dataset_s3_bucket_consumer', 'dataset_alias_example_alias_producer', 'dataset_alias_example_alias_consumer', 'dataset_s3_bucket_producer' retrieved from /home/airflow/.local/lib/python3.12/site-packages/airflow/example_dags/example_dataset_alias.py
[2024-11-11T23:56:07.190+0000] {logging_mixin.py:190} INFO - [2024-11-11T23:56:07.190+0000] {dag.py:3239} INFO - Sync 4 DAGs
[2024-11-11T23:56:07.211+0000] {logging_mixin.py:190} INFO - [2024-11-11T23:56:07.211+0000] {dag.py:4180} INFO - Setting next_dagrun for dataset_alias_example_alias_consumer to None, run_after=None
[2024-11-11T23:56:07.214+0000] {logging_mixin.py:190} INFO - [2024-11-11T23:56:07.214+0000] {dag.py:4180} INFO - Setting next_dagrun for dataset_alias_example_alias_producer to None, run_after=None
[2024-11-11T23:56:07.216+0000] {logging_mixin.py:190} INFO - [2024-11-11T23:56:07.216+0000] {dag.py:4180} INFO - Setting next_dagrun for dataset_s3_bucket_consumer to None, run_after=None
[2024-11-11T23:56:07.218+0000] {logging_mixin.py:190} INFO - [2024-11-11T23:56:07.217+0000] {dag.py:4180} INFO - Setting next_dagrun for dataset_s3_bucket_producer to None, run_after=None
[2024-11-11T23:56:07.247+0000] {processor.py:208} INFO - Processing /home/airflow/.local/lib/python3.12/site-packages/airflow/example_dags/example_dataset_alias.py took 0.659 seconds
[2024-11-11T23:56:37.439+0000] {processor.py:186} INFO - Started process (PID=1660) to work on /home/airflow/.local/lib/python3.12/site-packages/airflow/example_dags/example_dataset_alias.py
[2024-11-11T23:56:37.440+0000] {processor.py:914} INFO - Processing file /home/airflow/.local/lib/python3.12/site-packages/airflow/example_dags/example_dataset_alias.py for tasks to queue
[2024-11-11T23:56:37.442+0000] {logging_mixin.py:190} INFO - [2024-11-11T23:56:37.442+0000] {dagbag.py:588} INFO - Filling up the DagBag from /home/airflow/.local/lib/python3.12/site-packages/airflow/example_dags/example_dataset_alias.py
[2024-11-11T23:56:38.057+0000] {processor.py:925} INFO - DAG(s) 'dataset_s3_bucket_consumer', 'dataset_alias_example_alias_producer', 'dataset_s3_bucket_producer', 'dataset_alias_example_alias_consumer' retrieved from /home/airflow/.local/lib/python3.12/site-packages/airflow/example_dags/example_dataset_alias.py
[2024-11-11T23:56:38.084+0000] {logging_mixin.py:190} INFO - [2024-11-11T23:56:38.083+0000] {dag.py:3239} INFO - Sync 4 DAGs
[2024-11-11T23:56:38.110+0000] {logging_mixin.py:190} INFO - [2024-11-11T23:56:38.110+0000] {dag.py:4180} INFO - Setting next_dagrun for dataset_alias_example_alias_consumer to None, run_after=None
[2024-11-11T23:56:38.113+0000] {logging_mixin.py:190} INFO - [2024-11-11T23:56:38.113+0000] {dag.py:4180} INFO - Setting next_dagrun for dataset_alias_example_alias_producer to None, run_after=None
[2024-11-11T23:56:38.115+0000] {logging_mixin.py:190} INFO - [2024-11-11T23:56:38.115+0000] {dag.py:4180} INFO - Setting next_dagrun for dataset_s3_bucket_consumer to None, run_after=None
[2024-11-11T23:56:38.118+0000] {logging_mixin.py:190} INFO - [2024-11-11T23:56:38.117+0000] {dag.py:4180} INFO - Setting next_dagrun for dataset_s3_bucket_producer to None, run_after=None
[2024-11-11T23:56:38.148+0000] {processor.py:208} INFO - Processing /home/airflow/.local/lib/python3.12/site-packages/airflow/example_dags/example_dataset_alias.py took 0.716 seconds
[2024-11-11T23:57:08.942+0000] {processor.py:186} INFO - Started process (PID=1724) to work on /home/airflow/.local/lib/python3.12/site-packages/airflow/example_dags/example_dataset_alias.py
[2024-11-11T23:57:08.943+0000] {processor.py:914} INFO - Processing file /home/airflow/.local/lib/python3.12/site-packages/airflow/example_dags/example_dataset_alias.py for tasks to queue
[2024-11-11T23:57:08.945+0000] {logging_mixin.py:190} INFO - [2024-11-11T23:57:08.944+0000] {dagbag.py:588} INFO - Filling up the DagBag from /home/airflow/.local/lib/python3.12/site-packages/airflow/example_dags/example_dataset_alias.py
[2024-11-11T23:57:09.570+0000] {processor.py:925} INFO - DAG(s) 'dataset_s3_bucket_producer', 'dataset_alias_example_alias_consumer', 'dataset_s3_bucket_consumer', 'dataset_alias_example_alias_producer' retrieved from /home/airflow/.local/lib/python3.12/site-packages/airflow/example_dags/example_dataset_alias.py
[2024-11-11T23:57:09.591+0000] {logging_mixin.py:190} INFO - [2024-11-11T23:57:09.591+0000] {dag.py:3239} INFO - Sync 4 DAGs
[2024-11-11T23:57:09.614+0000] {logging_mixin.py:190} INFO - [2024-11-11T23:57:09.613+0000] {dag.py:4180} INFO - Setting next_dagrun for dataset_alias_example_alias_consumer to None, run_after=None
[2024-11-11T23:57:09.618+0000] {logging_mixin.py:190} INFO - [2024-11-11T23:57:09.618+0000] {dag.py:4180} INFO - Setting next_dagrun for dataset_alias_example_alias_producer to None, run_after=None
[2024-11-11T23:57:09.620+0000] {logging_mixin.py:190} INFO - [2024-11-11T23:57:09.620+0000] {dag.py:4180} INFO - Setting next_dagrun for dataset_s3_bucket_consumer to None, run_after=None
[2024-11-11T23:57:09.623+0000] {logging_mixin.py:190} INFO - [2024-11-11T23:57:09.623+0000] {dag.py:4180} INFO - Setting next_dagrun for dataset_s3_bucket_producer to None, run_after=None
[2024-11-11T23:57:09.665+0000] {processor.py:208} INFO - Processing /home/airflow/.local/lib/python3.12/site-packages/airflow/example_dags/example_dataset_alias.py took 0.728 seconds
[2024-11-11T23:57:40.218+0000] {processor.py:186} INFO - Started process (PID=1788) to work on /home/airflow/.local/lib/python3.12/site-packages/airflow/example_dags/example_dataset_alias.py
[2024-11-11T23:57:40.221+0000] {processor.py:914} INFO - Processing file /home/airflow/.local/lib/python3.12/site-packages/airflow/example_dags/example_dataset_alias.py for tasks to queue
[2024-11-11T23:57:40.226+0000] {logging_mixin.py:190} INFO - [2024-11-11T23:57:40.225+0000] {dagbag.py:588} INFO - Filling up the DagBag from /home/airflow/.local/lib/python3.12/site-packages/airflow/example_dags/example_dataset_alias.py
[2024-11-11T23:57:40.969+0000] {processor.py:925} INFO - DAG(s) 'dataset_alias_example_alias_consumer', 'dataset_s3_bucket_producer', 'dataset_alias_example_alias_producer', 'dataset_s3_bucket_consumer' retrieved from /home/airflow/.local/lib/python3.12/site-packages/airflow/example_dags/example_dataset_alias.py
[2024-11-11T23:57:41.001+0000] {logging_mixin.py:190} INFO - [2024-11-11T23:57:41.000+0000] {dag.py:3239} INFO - Sync 4 DAGs
[2024-11-11T23:57:41.026+0000] {logging_mixin.py:190} INFO - [2024-11-11T23:57:41.026+0000] {dag.py:4180} INFO - Setting next_dagrun for dataset_alias_example_alias_consumer to None, run_after=None
[2024-11-11T23:57:41.031+0000] {logging_mixin.py:190} INFO - [2024-11-11T23:57:41.031+0000] {dag.py:4180} INFO - Setting next_dagrun for dataset_alias_example_alias_producer to None, run_after=None
[2024-11-11T23:57:41.033+0000] {logging_mixin.py:190} INFO - [2024-11-11T23:57:41.033+0000] {dag.py:4180} INFO - Setting next_dagrun for dataset_s3_bucket_consumer to None, run_after=None
[2024-11-11T23:57:41.036+0000] {logging_mixin.py:190} INFO - [2024-11-11T23:57:41.036+0000] {dag.py:4180} INFO - Setting next_dagrun for dataset_s3_bucket_producer to None, run_after=None
[2024-11-11T23:57:41.081+0000] {processor.py:208} INFO - Processing /home/airflow/.local/lib/python3.12/site-packages/airflow/example_dags/example_dataset_alias.py took 0.870 seconds
[2024-11-11T23:58:12.083+0000] {processor.py:186} INFO - Started process (PID=1852) to work on /home/airflow/.local/lib/python3.12/site-packages/airflow/example_dags/example_dataset_alias.py
[2024-11-11T23:58:12.084+0000] {processor.py:914} INFO - Processing file /home/airflow/.local/lib/python3.12/site-packages/airflow/example_dags/example_dataset_alias.py for tasks to queue
[2024-11-11T23:58:12.087+0000] {logging_mixin.py:190} INFO - [2024-11-11T23:58:12.087+0000] {dagbag.py:588} INFO - Filling up the DagBag from /home/airflow/.local/lib/python3.12/site-packages/airflow/example_dags/example_dataset_alias.py
[2024-11-11T23:58:12.691+0000] {processor.py:925} INFO - DAG(s) 'dataset_s3_bucket_consumer', 'dataset_alias_example_alias_consumer', 'dataset_s3_bucket_producer', 'dataset_alias_example_alias_producer' retrieved from /home/airflow/.local/lib/python3.12/site-packages/airflow/example_dags/example_dataset_alias.py
[2024-11-11T23:58:12.716+0000] {logging_mixin.py:190} INFO - [2024-11-11T23:58:12.715+0000] {dag.py:3239} INFO - Sync 4 DAGs
[2024-11-11T23:58:12.738+0000] {logging_mixin.py:190} INFO - [2024-11-11T23:58:12.738+0000] {dag.py:4180} INFO - Setting next_dagrun for dataset_alias_example_alias_consumer to None, run_after=None
[2024-11-11T23:58:12.741+0000] {logging_mixin.py:190} INFO - [2024-11-11T23:58:12.741+0000] {dag.py:4180} INFO - Setting next_dagrun for dataset_alias_example_alias_producer to None, run_after=None
[2024-11-11T23:58:12.743+0000] {logging_mixin.py:190} INFO - [2024-11-11T23:58:12.743+0000] {dag.py:4180} INFO - Setting next_dagrun for dataset_s3_bucket_consumer to None, run_after=None
[2024-11-11T23:58:12.746+0000] {logging_mixin.py:190} INFO - [2024-11-11T23:58:12.745+0000] {dag.py:4180} INFO - Setting next_dagrun for dataset_s3_bucket_producer to None, run_after=None
[2024-11-11T23:58:12.784+0000] {processor.py:208} INFO - Processing /home/airflow/.local/lib/python3.12/site-packages/airflow/example_dags/example_dataset_alias.py took 0.707 seconds
[2024-11-11T23:58:43.747+0000] {processor.py:186} INFO - Started process (PID=1917) to work on /home/airflow/.local/lib/python3.12/site-packages/airflow/example_dags/example_dataset_alias.py
[2024-11-11T23:58:43.748+0000] {processor.py:914} INFO - Processing file /home/airflow/.local/lib/python3.12/site-packages/airflow/example_dags/example_dataset_alias.py for tasks to queue
[2024-11-11T23:58:43.751+0000] {logging_mixin.py:190} INFO - [2024-11-11T23:58:43.750+0000] {dagbag.py:588} INFO - Filling up the DagBag from /home/airflow/.local/lib/python3.12/site-packages/airflow/example_dags/example_dataset_alias.py
[2024-11-11T23:58:44.448+0000] {processor.py:925} INFO - DAG(s) 'dataset_s3_bucket_producer', 'dataset_s3_bucket_consumer', 'dataset_alias_example_alias_producer', 'dataset_alias_example_alias_consumer' retrieved from /home/airflow/.local/lib/python3.12/site-packages/airflow/example_dags/example_dataset_alias.py
[2024-11-11T23:58:44.471+0000] {logging_mixin.py:190} INFO - [2024-11-11T23:58:44.471+0000] {dag.py:3239} INFO - Sync 4 DAGs
[2024-11-11T23:58:44.494+0000] {logging_mixin.py:190} INFO - [2024-11-11T23:58:44.494+0000] {dag.py:4180} INFO - Setting next_dagrun for dataset_alias_example_alias_consumer to None, run_after=None
[2024-11-11T23:58:44.498+0000] {logging_mixin.py:190} INFO - [2024-11-11T23:58:44.497+0000] {dag.py:4180} INFO - Setting next_dagrun for dataset_alias_example_alias_producer to None, run_after=None
[2024-11-11T23:58:44.500+0000] {logging_mixin.py:190} INFO - [2024-11-11T23:58:44.500+0000] {dag.py:4180} INFO - Setting next_dagrun for dataset_s3_bucket_consumer to None, run_after=None
[2024-11-11T23:58:44.502+0000] {logging_mixin.py:190} INFO - [2024-11-11T23:58:44.502+0000] {dag.py:4180} INFO - Setting next_dagrun for dataset_s3_bucket_producer to None, run_after=None
[2024-11-11T23:58:44.537+0000] {processor.py:208} INFO - Processing /home/airflow/.local/lib/python3.12/site-packages/airflow/example_dags/example_dataset_alias.py took 0.797 seconds
[2024-11-11T23:59:15.396+0000] {processor.py:186} INFO - Started process (PID=1981) to work on /home/airflow/.local/lib/python3.12/site-packages/airflow/example_dags/example_dataset_alias.py
[2024-11-11T23:59:15.399+0000] {processor.py:914} INFO - Processing file /home/airflow/.local/lib/python3.12/site-packages/airflow/example_dags/example_dataset_alias.py for tasks to queue
[2024-11-11T23:59:15.402+0000] {logging_mixin.py:190} INFO - [2024-11-11T23:59:15.402+0000] {dagbag.py:588} INFO - Filling up the DagBag from /home/airflow/.local/lib/python3.12/site-packages/airflow/example_dags/example_dataset_alias.py
[2024-11-11T23:59:16.913+0000] {processor.py:925} INFO - DAG(s) 'dataset_alias_example_alias_producer', 'dataset_s3_bucket_producer', 'dataset_s3_bucket_consumer', 'dataset_alias_example_alias_consumer' retrieved from /home/airflow/.local/lib/python3.12/site-packages/airflow/example_dags/example_dataset_alias.py
[2024-11-11T23:59:16.973+0000] {logging_mixin.py:190} INFO - [2024-11-11T23:59:16.972+0000] {dag.py:3239} INFO - Sync 4 DAGs
[2024-11-11T23:59:17.031+0000] {logging_mixin.py:190} INFO - [2024-11-11T23:59:17.030+0000] {dag.py:4180} INFO - Setting next_dagrun for dataset_alias_example_alias_consumer to None, run_after=None
[2024-11-11T23:59:17.039+0000] {logging_mixin.py:190} INFO - [2024-11-11T23:59:17.038+0000] {dag.py:4180} INFO - Setting next_dagrun for dataset_alias_example_alias_producer to None, run_after=None
[2024-11-11T23:59:17.043+0000] {logging_mixin.py:190} INFO - [2024-11-11T23:59:17.042+0000] {dag.py:4180} INFO - Setting next_dagrun for dataset_s3_bucket_consumer to None, run_after=None
[2024-11-11T23:59:17.045+0000] {logging_mixin.py:190} INFO - [2024-11-11T23:59:17.045+0000] {dag.py:4180} INFO - Setting next_dagrun for dataset_s3_bucket_producer to None, run_after=None
[2024-11-11T23:59:17.091+0000] {processor.py:208} INFO - Processing /home/airflow/.local/lib/python3.12/site-packages/airflow/example_dags/example_dataset_alias.py took 1.718 seconds
[2024-11-11T23:59:48.352+0000] {processor.py:186} INFO - Started process (PID=2050) to work on /home/airflow/.local/lib/python3.12/site-packages/airflow/example_dags/example_dataset_alias.py
[2024-11-11T23:59:48.354+0000] {processor.py:914} INFO - Processing file /home/airflow/.local/lib/python3.12/site-packages/airflow/example_dags/example_dataset_alias.py for tasks to queue
[2024-11-11T23:59:48.356+0000] {logging_mixin.py:190} INFO - [2024-11-11T23:59:48.356+0000] {dagbag.py:588} INFO - Filling up the DagBag from /home/airflow/.local/lib/python3.12/site-packages/airflow/example_dags/example_dataset_alias.py
[2024-11-11T23:59:49.070+0000] {processor.py:925} INFO - DAG(s) 'dataset_alias_example_alias_consumer', 'dataset_s3_bucket_consumer', 'dataset_s3_bucket_producer', 'dataset_alias_example_alias_producer' retrieved from /home/airflow/.local/lib/python3.12/site-packages/airflow/example_dags/example_dataset_alias.py
[2024-11-11T23:59:49.110+0000] {logging_mixin.py:190} INFO - [2024-11-11T23:59:49.109+0000] {dag.py:3239} INFO - Sync 4 DAGs
[2024-11-11T23:59:49.154+0000] {logging_mixin.py:190} INFO - [2024-11-11T23:59:49.153+0000] {dag.py:4180} INFO - Setting next_dagrun for dataset_alias_example_alias_consumer to None, run_after=None
[2024-11-11T23:59:49.159+0000] {logging_mixin.py:190} INFO - [2024-11-11T23:59:49.158+0000] {dag.py:4180} INFO - Setting next_dagrun for dataset_alias_example_alias_producer to None, run_after=None
[2024-11-11T23:59:49.163+0000] {logging_mixin.py:190} INFO - [2024-11-11T23:59:49.162+0000] {dag.py:4180} INFO - Setting next_dagrun for dataset_s3_bucket_consumer to None, run_after=None
[2024-11-11T23:59:49.166+0000] {logging_mixin.py:190} INFO - [2024-11-11T23:59:49.165+0000] {dag.py:4180} INFO - Setting next_dagrun for dataset_s3_bucket_producer to None, run_after=None
[2024-11-11T23:59:49.201+0000] {processor.py:208} INFO - Processing /home/airflow/.local/lib/python3.12/site-packages/airflow/example_dags/example_dataset_alias.py took 0.857 seconds
