[2024-11-11T23:44:07.013+0000] {processor.py:186} INFO - Started process (PID=102) to work on /home/airflow/.local/lib/python3.12/site-packages/airflow/example_dags/example_params_ui_tutorial.py
[2024-11-11T23:44:07.015+0000] {processor.py:914} INFO - Processing file /home/airflow/.local/lib/python3.12/site-packages/airflow/example_dags/example_params_ui_tutorial.py for tasks to queue
[2024-11-11T23:44:07.025+0000] {logging_mixin.py:190} INFO - [2024-11-11T23:44:07.024+0000] {dagbag.py:588} INFO - Filling up the DagBag from /home/airflow/.local/lib/python3.12/site-packages/airflow/example_dags/example_params_ui_tutorial.py
[2024-11-11T23:44:07.045+0000] {processor.py:925} INFO - DAG(s) 'example_params_ui_tutorial' retrieved from /home/airflow/.local/lib/python3.12/site-packages/airflow/example_dags/example_params_ui_tutorial.py
[2024-11-11T23:44:07.225+0000] {logging_mixin.py:190} INFO - [2024-11-11T23:44:07.224+0000] {override.py:1911} INFO - Created Permission View: can edit on DAG:example_params_ui_tutorial
[2024-11-11T23:44:07.239+0000] {logging_mixin.py:190} INFO - [2024-11-11T23:44:07.239+0000] {override.py:1911} INFO - Created Permission View: can read on DAG:example_params_ui_tutorial
[2024-11-11T23:44:07.251+0000] {logging_mixin.py:190} INFO - [2024-11-11T23:44:07.251+0000] {override.py:1911} INFO - Created Permission View: can delete on DAG:example_params_ui_tutorial
[2024-11-11T23:44:07.276+0000] {logging_mixin.py:190} INFO - [2024-11-11T23:44:07.275+0000] {override.py:1911} INFO - Created Permission View: menu access on DAG Run:example_params_ui_tutorial
[2024-11-11T23:44:07.290+0000] {logging_mixin.py:190} INFO - [2024-11-11T23:44:07.290+0000] {override.py:1911} INFO - Created Permission View: can read on DAG Run:example_params_ui_tutorial
[2024-11-11T23:44:07.305+0000] {logging_mixin.py:190} INFO - [2024-11-11T23:44:07.304+0000] {override.py:1911} INFO - Created Permission View: can delete on DAG Run:example_params_ui_tutorial
[2024-11-11T23:44:07.321+0000] {logging_mixin.py:190} INFO - [2024-11-11T23:44:07.320+0000] {override.py:1911} INFO - Created Permission View: can create on DAG Run:example_params_ui_tutorial
[2024-11-11T23:44:07.322+0000] {logging_mixin.py:190} INFO - [2024-11-11T23:44:07.321+0000] {dag.py:3239} INFO - Sync 1 DAGs
[2024-11-11T23:44:07.340+0000] {logging_mixin.py:190} INFO - [2024-11-11T23:44:07.339+0000] {dag.py:3262} INFO - Creating ORM DAG for example_params_ui_tutorial
[2024-11-11T23:44:07.342+0000] {logging_mixin.py:190} INFO - [2024-11-11T23:44:07.342+0000] {dag.py:4180} INFO - Setting next_dagrun for example_params_ui_tutorial to None, run_after=None
[2024-11-11T23:44:07.371+0000] {processor.py:208} INFO - Processing /home/airflow/.local/lib/python3.12/site-packages/airflow/example_dags/example_params_ui_tutorial.py took 0.365 seconds
[2024-11-11T23:44:39.184+0000] {processor.py:186} INFO - Started process (PID=165) to work on /home/airflow/.local/lib/python3.12/site-packages/airflow/example_dags/example_params_ui_tutorial.py
[2024-11-11T23:44:39.185+0000] {processor.py:914} INFO - Processing file /home/airflow/.local/lib/python3.12/site-packages/airflow/example_dags/example_params_ui_tutorial.py for tasks to queue
[2024-11-11T23:44:39.189+0000] {logging_mixin.py:190} INFO - [2024-11-11T23:44:39.188+0000] {dagbag.py:588} INFO - Filling up the DagBag from /home/airflow/.local/lib/python3.12/site-packages/airflow/example_dags/example_params_ui_tutorial.py
[2024-11-11T23:44:39.211+0000] {processor.py:925} INFO - DAG(s) 'example_params_ui_tutorial' retrieved from /home/airflow/.local/lib/python3.12/site-packages/airflow/example_dags/example_params_ui_tutorial.py
[2024-11-11T23:44:39.281+0000] {logging_mixin.py:190} INFO - [2024-11-11T23:44:39.281+0000] {dag.py:3239} INFO - Sync 1 DAGs
[2024-11-11T23:44:39.304+0000] {logging_mixin.py:190} INFO - [2024-11-11T23:44:39.304+0000] {dag.py:4180} INFO - Setting next_dagrun for example_params_ui_tutorial to None, run_after=None
[2024-11-11T23:44:39.333+0000] {processor.py:208} INFO - Processing /home/airflow/.local/lib/python3.12/site-packages/airflow/example_dags/example_params_ui_tutorial.py took 0.158 seconds
[2024-11-11T23:45:09.557+0000] {processor.py:186} INFO - Started process (PID=229) to work on /home/airflow/.local/lib/python3.12/site-packages/airflow/example_dags/example_params_ui_tutorial.py
[2024-11-11T23:45:09.558+0000] {processor.py:914} INFO - Processing file /home/airflow/.local/lib/python3.12/site-packages/airflow/example_dags/example_params_ui_tutorial.py for tasks to queue
[2024-11-11T23:45:09.561+0000] {logging_mixin.py:190} INFO - [2024-11-11T23:45:09.561+0000] {dagbag.py:588} INFO - Filling up the DagBag from /home/airflow/.local/lib/python3.12/site-packages/airflow/example_dags/example_params_ui_tutorial.py
[2024-11-11T23:45:09.571+0000] {processor.py:925} INFO - DAG(s) 'example_params_ui_tutorial' retrieved from /home/airflow/.local/lib/python3.12/site-packages/airflow/example_dags/example_params_ui_tutorial.py
[2024-11-11T23:45:09.615+0000] {logging_mixin.py:190} INFO - [2024-11-11T23:45:09.615+0000] {dag.py:3239} INFO - Sync 1 DAGs
[2024-11-11T23:45:09.629+0000] {logging_mixin.py:190} INFO - [2024-11-11T23:45:09.629+0000] {dag.py:4180} INFO - Setting next_dagrun for example_params_ui_tutorial to None, run_after=None
[2024-11-11T23:45:09.658+0000] {processor.py:208} INFO - Processing /home/airflow/.local/lib/python3.12/site-packages/airflow/example_dags/example_params_ui_tutorial.py took 0.106 seconds
[2024-11-11T23:45:40.704+0000] {processor.py:186} INFO - Started process (PID=291) to work on /home/airflow/.local/lib/python3.12/site-packages/airflow/example_dags/example_params_ui_tutorial.py
[2024-11-11T23:45:40.705+0000] {processor.py:914} INFO - Processing file /home/airflow/.local/lib/python3.12/site-packages/airflow/example_dags/example_params_ui_tutorial.py for tasks to queue
[2024-11-11T23:45:40.708+0000] {logging_mixin.py:190} INFO - [2024-11-11T23:45:40.707+0000] {dagbag.py:588} INFO - Filling up the DagBag from /home/airflow/.local/lib/python3.12/site-packages/airflow/example_dags/example_params_ui_tutorial.py
[2024-11-11T23:45:40.716+0000] {processor.py:925} INFO - DAG(s) 'example_params_ui_tutorial' retrieved from /home/airflow/.local/lib/python3.12/site-packages/airflow/example_dags/example_params_ui_tutorial.py
[2024-11-11T23:45:40.757+0000] {logging_mixin.py:190} INFO - [2024-11-11T23:45:40.757+0000] {dag.py:3239} INFO - Sync 1 DAGs
[2024-11-11T23:45:40.773+0000] {logging_mixin.py:190} INFO - [2024-11-11T23:45:40.772+0000] {dag.py:4180} INFO - Setting next_dagrun for example_params_ui_tutorial to None, run_after=None
[2024-11-11T23:45:40.798+0000] {processor.py:208} INFO - Processing /home/airflow/.local/lib/python3.12/site-packages/airflow/example_dags/example_params_ui_tutorial.py took 0.100 seconds
[2024-11-11T23:46:10.893+0000] {processor.py:186} INFO - Started process (PID=354) to work on /home/airflow/.local/lib/python3.12/site-packages/airflow/example_dags/example_params_ui_tutorial.py
[2024-11-11T23:46:10.895+0000] {processor.py:914} INFO - Processing file /home/airflow/.local/lib/python3.12/site-packages/airflow/example_dags/example_params_ui_tutorial.py for tasks to queue
[2024-11-11T23:46:10.905+0000] {logging_mixin.py:190} INFO - [2024-11-11T23:46:10.905+0000] {dagbag.py:588} INFO - Filling up the DagBag from /home/airflow/.local/lib/python3.12/site-packages/airflow/example_dags/example_params_ui_tutorial.py
[2024-11-11T23:46:10.938+0000] {processor.py:925} INFO - DAG(s) 'example_params_ui_tutorial' retrieved from /home/airflow/.local/lib/python3.12/site-packages/airflow/example_dags/example_params_ui_tutorial.py
[2024-11-11T23:46:11.013+0000] {logging_mixin.py:190} INFO - [2024-11-11T23:46:11.013+0000] {dag.py:3239} INFO - Sync 1 DAGs
[2024-11-11T23:46:11.035+0000] {logging_mixin.py:190} INFO - [2024-11-11T23:46:11.035+0000] {dag.py:4180} INFO - Setting next_dagrun for example_params_ui_tutorial to None, run_after=None
[2024-11-11T23:46:11.065+0000] {processor.py:208} INFO - Processing /home/airflow/.local/lib/python3.12/site-packages/airflow/example_dags/example_params_ui_tutorial.py took 0.187 seconds
[2024-11-11T23:46:41.147+0000] {processor.py:186} INFO - Started process (PID=416) to work on /home/airflow/.local/lib/python3.12/site-packages/airflow/example_dags/example_params_ui_tutorial.py
[2024-11-11T23:46:41.148+0000] {processor.py:914} INFO - Processing file /home/airflow/.local/lib/python3.12/site-packages/airflow/example_dags/example_params_ui_tutorial.py for tasks to queue
[2024-11-11T23:46:41.151+0000] {logging_mixin.py:190} INFO - [2024-11-11T23:46:41.150+0000] {dagbag.py:588} INFO - Filling up the DagBag from /home/airflow/.local/lib/python3.12/site-packages/airflow/example_dags/example_params_ui_tutorial.py
[2024-11-11T23:46:41.160+0000] {processor.py:925} INFO - DAG(s) 'example_params_ui_tutorial' retrieved from /home/airflow/.local/lib/python3.12/site-packages/airflow/example_dags/example_params_ui_tutorial.py
[2024-11-11T23:46:41.202+0000] {logging_mixin.py:190} INFO - [2024-11-11T23:46:41.202+0000] {dag.py:3239} INFO - Sync 1 DAGs
[2024-11-11T23:46:41.217+0000] {logging_mixin.py:190} INFO - [2024-11-11T23:46:41.217+0000] {dag.py:4180} INFO - Setting next_dagrun for example_params_ui_tutorial to None, run_after=None
[2024-11-11T23:46:41.241+0000] {processor.py:208} INFO - Processing /home/airflow/.local/lib/python3.12/site-packages/airflow/example_dags/example_params_ui_tutorial.py took 0.102 seconds
[2024-11-11T23:47:11.785+0000] {processor.py:186} INFO - Started process (PID=479) to work on /home/airflow/.local/lib/python3.12/site-packages/airflow/example_dags/example_params_ui_tutorial.py
[2024-11-11T23:47:11.788+0000] {processor.py:914} INFO - Processing file /home/airflow/.local/lib/python3.12/site-packages/airflow/example_dags/example_params_ui_tutorial.py for tasks to queue
[2024-11-11T23:47:11.790+0000] {logging_mixin.py:190} INFO - [2024-11-11T23:47:11.790+0000] {dagbag.py:588} INFO - Filling up the DagBag from /home/airflow/.local/lib/python3.12/site-packages/airflow/example_dags/example_params_ui_tutorial.py
[2024-11-11T23:47:11.800+0000] {processor.py:925} INFO - DAG(s) 'example_params_ui_tutorial' retrieved from /home/airflow/.local/lib/python3.12/site-packages/airflow/example_dags/example_params_ui_tutorial.py
[2024-11-11T23:47:11.840+0000] {logging_mixin.py:190} INFO - [2024-11-11T23:47:11.840+0000] {dag.py:3239} INFO - Sync 1 DAGs
[2024-11-11T23:47:11.854+0000] {logging_mixin.py:190} INFO - [2024-11-11T23:47:11.854+0000] {dag.py:4180} INFO - Setting next_dagrun for example_params_ui_tutorial to None, run_after=None
[2024-11-11T23:47:11.877+0000] {processor.py:208} INFO - Processing /home/airflow/.local/lib/python3.12/site-packages/airflow/example_dags/example_params_ui_tutorial.py took 0.098 seconds
[2024-11-11T23:47:42.453+0000] {processor.py:186} INFO - Started process (PID=542) to work on /home/airflow/.local/lib/python3.12/site-packages/airflow/example_dags/example_params_ui_tutorial.py
[2024-11-11T23:47:42.454+0000] {processor.py:914} INFO - Processing file /home/airflow/.local/lib/python3.12/site-packages/airflow/example_dags/example_params_ui_tutorial.py for tasks to queue
[2024-11-11T23:47:42.457+0000] {logging_mixin.py:190} INFO - [2024-11-11T23:47:42.457+0000] {dagbag.py:588} INFO - Filling up the DagBag from /home/airflow/.local/lib/python3.12/site-packages/airflow/example_dags/example_params_ui_tutorial.py
[2024-11-11T23:47:42.468+0000] {processor.py:925} INFO - DAG(s) 'example_params_ui_tutorial' retrieved from /home/airflow/.local/lib/python3.12/site-packages/airflow/example_dags/example_params_ui_tutorial.py
[2024-11-11T23:47:42.512+0000] {logging_mixin.py:190} INFO - [2024-11-11T23:47:42.512+0000] {dag.py:3239} INFO - Sync 1 DAGs
[2024-11-11T23:47:42.528+0000] {logging_mixin.py:190} INFO - [2024-11-11T23:47:42.528+0000] {dag.py:4180} INFO - Setting next_dagrun for example_params_ui_tutorial to None, run_after=None
[2024-11-11T23:47:42.555+0000] {processor.py:208} INFO - Processing /home/airflow/.local/lib/python3.12/site-packages/airflow/example_dags/example_params_ui_tutorial.py took 0.109 seconds
[2024-11-11T23:48:13.292+0000] {processor.py:186} INFO - Started process (PID=605) to work on /home/airflow/.local/lib/python3.12/site-packages/airflow/example_dags/example_params_ui_tutorial.py
[2024-11-11T23:48:13.293+0000] {processor.py:914} INFO - Processing file /home/airflow/.local/lib/python3.12/site-packages/airflow/example_dags/example_params_ui_tutorial.py for tasks to queue
[2024-11-11T23:48:13.296+0000] {logging_mixin.py:190} INFO - [2024-11-11T23:48:13.296+0000] {dagbag.py:588} INFO - Filling up the DagBag from /home/airflow/.local/lib/python3.12/site-packages/airflow/example_dags/example_params_ui_tutorial.py
[2024-11-11T23:48:13.306+0000] {processor.py:925} INFO - DAG(s) 'example_params_ui_tutorial' retrieved from /home/airflow/.local/lib/python3.12/site-packages/airflow/example_dags/example_params_ui_tutorial.py
[2024-11-11T23:48:13.350+0000] {logging_mixin.py:190} INFO - [2024-11-11T23:48:13.349+0000] {dag.py:3239} INFO - Sync 1 DAGs
[2024-11-11T23:48:13.364+0000] {logging_mixin.py:190} INFO - [2024-11-11T23:48:13.364+0000] {dag.py:4180} INFO - Setting next_dagrun for example_params_ui_tutorial to None, run_after=None
[2024-11-11T23:48:13.386+0000] {processor.py:208} INFO - Processing /home/airflow/.local/lib/python3.12/site-packages/airflow/example_dags/example_params_ui_tutorial.py took 0.100 seconds
[2024-11-11T23:48:43.987+0000] {processor.py:186} INFO - Started process (PID=668) to work on /home/airflow/.local/lib/python3.12/site-packages/airflow/example_dags/example_params_ui_tutorial.py
[2024-11-11T23:48:43.988+0000] {processor.py:914} INFO - Processing file /home/airflow/.local/lib/python3.12/site-packages/airflow/example_dags/example_params_ui_tutorial.py for tasks to queue
[2024-11-11T23:48:43.991+0000] {logging_mixin.py:190} INFO - [2024-11-11T23:48:43.990+0000] {dagbag.py:588} INFO - Filling up the DagBag from /home/airflow/.local/lib/python3.12/site-packages/airflow/example_dags/example_params_ui_tutorial.py
[2024-11-11T23:48:44.000+0000] {processor.py:925} INFO - DAG(s) 'example_params_ui_tutorial' retrieved from /home/airflow/.local/lib/python3.12/site-packages/airflow/example_dags/example_params_ui_tutorial.py
[2024-11-11T23:48:44.050+0000] {logging_mixin.py:190} INFO - [2024-11-11T23:48:44.049+0000] {dag.py:3239} INFO - Sync 1 DAGs
[2024-11-11T23:48:44.065+0000] {logging_mixin.py:190} INFO - [2024-11-11T23:48:44.064+0000] {dag.py:4180} INFO - Setting next_dagrun for example_params_ui_tutorial to None, run_after=None
[2024-11-11T23:48:44.091+0000] {processor.py:208} INFO - Processing /home/airflow/.local/lib/python3.12/site-packages/airflow/example_dags/example_params_ui_tutorial.py took 0.111 seconds
[2024-11-11T23:49:14.425+0000] {processor.py:186} INFO - Started process (PID=731) to work on /home/airflow/.local/lib/python3.12/site-packages/airflow/example_dags/example_params_ui_tutorial.py
[2024-11-11T23:49:14.426+0000] {processor.py:914} INFO - Processing file /home/airflow/.local/lib/python3.12/site-packages/airflow/example_dags/example_params_ui_tutorial.py for tasks to queue
[2024-11-11T23:49:14.429+0000] {logging_mixin.py:190} INFO - [2024-11-11T23:49:14.428+0000] {dagbag.py:588} INFO - Filling up the DagBag from /home/airflow/.local/lib/python3.12/site-packages/airflow/example_dags/example_params_ui_tutorial.py
[2024-11-11T23:49:14.442+0000] {processor.py:925} INFO - DAG(s) 'example_params_ui_tutorial' retrieved from /home/airflow/.local/lib/python3.12/site-packages/airflow/example_dags/example_params_ui_tutorial.py
[2024-11-11T23:49:14.495+0000] {logging_mixin.py:190} INFO - [2024-11-11T23:49:14.494+0000] {dag.py:3239} INFO - Sync 1 DAGs
[2024-11-11T23:49:14.513+0000] {logging_mixin.py:190} INFO - [2024-11-11T23:49:14.513+0000] {dag.py:4180} INFO - Setting next_dagrun for example_params_ui_tutorial to None, run_after=None
[2024-11-11T23:49:14.538+0000] {processor.py:208} INFO - Processing /home/airflow/.local/lib/python3.12/site-packages/airflow/example_dags/example_params_ui_tutorial.py took 0.120 seconds
[2024-11-11T23:49:45.498+0000] {processor.py:186} INFO - Started process (PID=796) to work on /home/airflow/.local/lib/python3.12/site-packages/airflow/example_dags/example_params_ui_tutorial.py
[2024-11-11T23:49:45.500+0000] {processor.py:914} INFO - Processing file /home/airflow/.local/lib/python3.12/site-packages/airflow/example_dags/example_params_ui_tutorial.py for tasks to queue
[2024-11-11T23:49:45.503+0000] {logging_mixin.py:190} INFO - [2024-11-11T23:49:45.502+0000] {dagbag.py:588} INFO - Filling up the DagBag from /home/airflow/.local/lib/python3.12/site-packages/airflow/example_dags/example_params_ui_tutorial.py
[2024-11-11T23:49:45.515+0000] {processor.py:925} INFO - DAG(s) 'example_params_ui_tutorial' retrieved from /home/airflow/.local/lib/python3.12/site-packages/airflow/example_dags/example_params_ui_tutorial.py
[2024-11-11T23:49:45.571+0000] {logging_mixin.py:190} INFO - [2024-11-11T23:49:45.571+0000] {dag.py:3239} INFO - Sync 1 DAGs
[2024-11-11T23:49:45.586+0000] {logging_mixin.py:190} INFO - [2024-11-11T23:49:45.586+0000] {dag.py:4180} INFO - Setting next_dagrun for example_params_ui_tutorial to None, run_after=None
[2024-11-11T23:49:45.616+0000] {processor.py:208} INFO - Processing /home/airflow/.local/lib/python3.12/site-packages/airflow/example_dags/example_params_ui_tutorial.py took 0.125 seconds
[2024-11-11T23:50:15.985+0000] {processor.py:186} INFO - Started process (PID=860) to work on /home/airflow/.local/lib/python3.12/site-packages/airflow/example_dags/example_params_ui_tutorial.py
[2024-11-11T23:50:15.987+0000] {processor.py:914} INFO - Processing file /home/airflow/.local/lib/python3.12/site-packages/airflow/example_dags/example_params_ui_tutorial.py for tasks to queue
[2024-11-11T23:50:15.990+0000] {logging_mixin.py:190} INFO - [2024-11-11T23:50:15.989+0000] {dagbag.py:588} INFO - Filling up the DagBag from /home/airflow/.local/lib/python3.12/site-packages/airflow/example_dags/example_params_ui_tutorial.py
[2024-11-11T23:50:15.998+0000] {processor.py:925} INFO - DAG(s) 'example_params_ui_tutorial' retrieved from /home/airflow/.local/lib/python3.12/site-packages/airflow/example_dags/example_params_ui_tutorial.py
[2024-11-11T23:50:16.044+0000] {logging_mixin.py:190} INFO - [2024-11-11T23:50:16.044+0000] {dag.py:3239} INFO - Sync 1 DAGs
[2024-11-11T23:50:16.060+0000] {logging_mixin.py:190} INFO - [2024-11-11T23:50:16.060+0000] {dag.py:4180} INFO - Setting next_dagrun for example_params_ui_tutorial to None, run_after=None
[2024-11-11T23:50:16.086+0000] {processor.py:208} INFO - Processing /home/airflow/.local/lib/python3.12/site-packages/airflow/example_dags/example_params_ui_tutorial.py took 0.107 seconds
[2024-11-11T23:50:46.334+0000] {processor.py:186} INFO - Started process (PID=923) to work on /home/airflow/.local/lib/python3.12/site-packages/airflow/example_dags/example_params_ui_tutorial.py
[2024-11-11T23:50:46.336+0000] {processor.py:914} INFO - Processing file /home/airflow/.local/lib/python3.12/site-packages/airflow/example_dags/example_params_ui_tutorial.py for tasks to queue
[2024-11-11T23:50:46.338+0000] {logging_mixin.py:190} INFO - [2024-11-11T23:50:46.338+0000] {dagbag.py:588} INFO - Filling up the DagBag from /home/airflow/.local/lib/python3.12/site-packages/airflow/example_dags/example_params_ui_tutorial.py
[2024-11-11T23:50:46.348+0000] {processor.py:925} INFO - DAG(s) 'example_params_ui_tutorial' retrieved from /home/airflow/.local/lib/python3.12/site-packages/airflow/example_dags/example_params_ui_tutorial.py
[2024-11-11T23:50:46.387+0000] {logging_mixin.py:190} INFO - [2024-11-11T23:50:46.387+0000] {dag.py:3239} INFO - Sync 1 DAGs
[2024-11-11T23:50:46.400+0000] {logging_mixin.py:190} INFO - [2024-11-11T23:50:46.400+0000] {dag.py:4180} INFO - Setting next_dagrun for example_params_ui_tutorial to None, run_after=None
[2024-11-11T23:50:46.423+0000] {processor.py:208} INFO - Processing /home/airflow/.local/lib/python3.12/site-packages/airflow/example_dags/example_params_ui_tutorial.py took 0.094 seconds
[2024-11-11T23:51:16.819+0000] {processor.py:186} INFO - Started process (PID=987) to work on /home/airflow/.local/lib/python3.12/site-packages/airflow/example_dags/example_params_ui_tutorial.py
[2024-11-11T23:51:16.820+0000] {processor.py:914} INFO - Processing file /home/airflow/.local/lib/python3.12/site-packages/airflow/example_dags/example_params_ui_tutorial.py for tasks to queue
[2024-11-11T23:51:16.822+0000] {logging_mixin.py:190} INFO - [2024-11-11T23:51:16.822+0000] {dagbag.py:588} INFO - Filling up the DagBag from /home/airflow/.local/lib/python3.12/site-packages/airflow/example_dags/example_params_ui_tutorial.py
[2024-11-11T23:51:16.832+0000] {processor.py:925} INFO - DAG(s) 'example_params_ui_tutorial' retrieved from /home/airflow/.local/lib/python3.12/site-packages/airflow/example_dags/example_params_ui_tutorial.py
[2024-11-11T23:51:16.876+0000] {logging_mixin.py:190} INFO - [2024-11-11T23:51:16.875+0000] {dag.py:3239} INFO - Sync 1 DAGs
[2024-11-11T23:51:16.893+0000] {logging_mixin.py:190} INFO - [2024-11-11T23:51:16.893+0000] {dag.py:4180} INFO - Setting next_dagrun for example_params_ui_tutorial to None, run_after=None
[2024-11-11T23:51:16.920+0000] {processor.py:208} INFO - Processing /home/airflow/.local/lib/python3.12/site-packages/airflow/example_dags/example_params_ui_tutorial.py took 0.107 seconds
[2024-11-11T23:51:46.981+0000] {processor.py:186} INFO - Started process (PID=1050) to work on /home/airflow/.local/lib/python3.12/site-packages/airflow/example_dags/example_params_ui_tutorial.py
[2024-11-11T23:51:46.982+0000] {processor.py:914} INFO - Processing file /home/airflow/.local/lib/python3.12/site-packages/airflow/example_dags/example_params_ui_tutorial.py for tasks to queue
[2024-11-11T23:51:46.985+0000] {logging_mixin.py:190} INFO - [2024-11-11T23:51:46.985+0000] {dagbag.py:588} INFO - Filling up the DagBag from /home/airflow/.local/lib/python3.12/site-packages/airflow/example_dags/example_params_ui_tutorial.py
[2024-11-11T23:51:47.000+0000] {processor.py:925} INFO - DAG(s) 'example_params_ui_tutorial' retrieved from /home/airflow/.local/lib/python3.12/site-packages/airflow/example_dags/example_params_ui_tutorial.py
[2024-11-11T23:51:47.067+0000] {logging_mixin.py:190} INFO - [2024-11-11T23:51:47.067+0000] {dag.py:3239} INFO - Sync 1 DAGs
[2024-11-11T23:51:47.090+0000] {logging_mixin.py:190} INFO - [2024-11-11T23:51:47.090+0000] {dag.py:4180} INFO - Setting next_dagrun for example_params_ui_tutorial to None, run_after=None
[2024-11-11T23:51:47.146+0000] {processor.py:208} INFO - Processing /home/airflow/.local/lib/python3.12/site-packages/airflow/example_dags/example_params_ui_tutorial.py took 0.172 seconds
[2024-11-11T23:52:17.526+0000] {processor.py:186} INFO - Started process (PID=1114) to work on /home/airflow/.local/lib/python3.12/site-packages/airflow/example_dags/example_params_ui_tutorial.py
[2024-11-11T23:52:17.527+0000] {processor.py:914} INFO - Processing file /home/airflow/.local/lib/python3.12/site-packages/airflow/example_dags/example_params_ui_tutorial.py for tasks to queue
[2024-11-11T23:52:17.530+0000] {logging_mixin.py:190} INFO - [2024-11-11T23:52:17.530+0000] {dagbag.py:588} INFO - Filling up the DagBag from /home/airflow/.local/lib/python3.12/site-packages/airflow/example_dags/example_params_ui_tutorial.py
[2024-11-11T23:52:17.541+0000] {processor.py:925} INFO - DAG(s) 'example_params_ui_tutorial' retrieved from /home/airflow/.local/lib/python3.12/site-packages/airflow/example_dags/example_params_ui_tutorial.py
[2024-11-11T23:52:17.586+0000] {logging_mixin.py:190} INFO - [2024-11-11T23:52:17.586+0000] {dag.py:3239} INFO - Sync 1 DAGs
[2024-11-11T23:52:17.605+0000] {logging_mixin.py:190} INFO - [2024-11-11T23:52:17.605+0000] {dag.py:4180} INFO - Setting next_dagrun for example_params_ui_tutorial to None, run_after=None
[2024-11-11T23:52:17.632+0000] {processor.py:208} INFO - Processing /home/airflow/.local/lib/python3.12/site-packages/airflow/example_dags/example_params_ui_tutorial.py took 0.111 seconds
[2024-11-11T23:52:47.980+0000] {processor.py:186} INFO - Started process (PID=1178) to work on /home/airflow/.local/lib/python3.12/site-packages/airflow/example_dags/example_params_ui_tutorial.py
[2024-11-11T23:52:47.981+0000] {processor.py:914} INFO - Processing file /home/airflow/.local/lib/python3.12/site-packages/airflow/example_dags/example_params_ui_tutorial.py for tasks to queue
[2024-11-11T23:52:47.984+0000] {logging_mixin.py:190} INFO - [2024-11-11T23:52:47.983+0000] {dagbag.py:588} INFO - Filling up the DagBag from /home/airflow/.local/lib/python3.12/site-packages/airflow/example_dags/example_params_ui_tutorial.py
[2024-11-11T23:52:47.993+0000] {processor.py:925} INFO - DAG(s) 'example_params_ui_tutorial' retrieved from /home/airflow/.local/lib/python3.12/site-packages/airflow/example_dags/example_params_ui_tutorial.py
[2024-11-11T23:52:48.035+0000] {logging_mixin.py:190} INFO - [2024-11-11T23:52:48.035+0000] {dag.py:3239} INFO - Sync 1 DAGs
[2024-11-11T23:52:48.048+0000] {logging_mixin.py:190} INFO - [2024-11-11T23:52:48.048+0000] {dag.py:4180} INFO - Setting next_dagrun for example_params_ui_tutorial to None, run_after=None
[2024-11-11T23:52:48.104+0000] {processor.py:208} INFO - Processing /home/airflow/.local/lib/python3.12/site-packages/airflow/example_dags/example_params_ui_tutorial.py took 0.131 seconds
[2024-11-11T23:53:18.265+0000] {processor.py:186} INFO - Started process (PID=1242) to work on /home/airflow/.local/lib/python3.12/site-packages/airflow/example_dags/example_params_ui_tutorial.py
[2024-11-11T23:53:18.267+0000] {processor.py:914} INFO - Processing file /home/airflow/.local/lib/python3.12/site-packages/airflow/example_dags/example_params_ui_tutorial.py for tasks to queue
[2024-11-11T23:53:18.271+0000] {logging_mixin.py:190} INFO - [2024-11-11T23:53:18.271+0000] {dagbag.py:588} INFO - Filling up the DagBag from /home/airflow/.local/lib/python3.12/site-packages/airflow/example_dags/example_params_ui_tutorial.py
[2024-11-11T23:53:18.280+0000] {processor.py:925} INFO - DAG(s) 'example_params_ui_tutorial' retrieved from /home/airflow/.local/lib/python3.12/site-packages/airflow/example_dags/example_params_ui_tutorial.py
[2024-11-11T23:53:18.344+0000] {logging_mixin.py:190} INFO - [2024-11-11T23:53:18.344+0000] {dag.py:3239} INFO - Sync 1 DAGs
[2024-11-11T23:53:18.365+0000] {logging_mixin.py:190} INFO - [2024-11-11T23:53:18.365+0000] {dag.py:4180} INFO - Setting next_dagrun for example_params_ui_tutorial to None, run_after=None
[2024-11-11T23:53:18.402+0000] {processor.py:208} INFO - Processing /home/airflow/.local/lib/python3.12/site-packages/airflow/example_dags/example_params_ui_tutorial.py took 0.148 seconds
[2024-11-11T23:53:48.461+0000] {processor.py:186} INFO - Started process (PID=1307) to work on /home/airflow/.local/lib/python3.12/site-packages/airflow/example_dags/example_params_ui_tutorial.py
[2024-11-11T23:53:48.464+0000] {processor.py:914} INFO - Processing file /home/airflow/.local/lib/python3.12/site-packages/airflow/example_dags/example_params_ui_tutorial.py for tasks to queue
[2024-11-11T23:53:48.467+0000] {logging_mixin.py:190} INFO - [2024-11-11T23:53:48.466+0000] {dagbag.py:588} INFO - Filling up the DagBag from /home/airflow/.local/lib/python3.12/site-packages/airflow/example_dags/example_params_ui_tutorial.py
[2024-11-11T23:53:48.476+0000] {processor.py:925} INFO - DAG(s) 'example_params_ui_tutorial' retrieved from /home/airflow/.local/lib/python3.12/site-packages/airflow/example_dags/example_params_ui_tutorial.py
[2024-11-11T23:53:48.535+0000] {logging_mixin.py:190} INFO - [2024-11-11T23:53:48.535+0000] {dag.py:3239} INFO - Sync 1 DAGs
[2024-11-11T23:53:48.552+0000] {logging_mixin.py:190} INFO - [2024-11-11T23:53:48.552+0000] {dag.py:4180} INFO - Setting next_dagrun for example_params_ui_tutorial to None, run_after=None
[2024-11-11T23:53:48.577+0000] {processor.py:208} INFO - Processing /home/airflow/.local/lib/python3.12/site-packages/airflow/example_dags/example_params_ui_tutorial.py took 0.124 seconds
[2024-11-11T23:54:19.322+0000] {processor.py:186} INFO - Started process (PID=1371) to work on /home/airflow/.local/lib/python3.12/site-packages/airflow/example_dags/example_params_ui_tutorial.py
[2024-11-11T23:54:19.323+0000] {processor.py:914} INFO - Processing file /home/airflow/.local/lib/python3.12/site-packages/airflow/example_dags/example_params_ui_tutorial.py for tasks to queue
[2024-11-11T23:54:19.326+0000] {logging_mixin.py:190} INFO - [2024-11-11T23:54:19.326+0000] {dagbag.py:588} INFO - Filling up the DagBag from /home/airflow/.local/lib/python3.12/site-packages/airflow/example_dags/example_params_ui_tutorial.py
[2024-11-11T23:54:19.335+0000] {processor.py:925} INFO - DAG(s) 'example_params_ui_tutorial' retrieved from /home/airflow/.local/lib/python3.12/site-packages/airflow/example_dags/example_params_ui_tutorial.py
[2024-11-11T23:54:19.376+0000] {logging_mixin.py:190} INFO - [2024-11-11T23:54:19.376+0000] {dag.py:3239} INFO - Sync 1 DAGs
[2024-11-11T23:54:19.395+0000] {logging_mixin.py:190} INFO - [2024-11-11T23:54:19.395+0000] {dag.py:4180} INFO - Setting next_dagrun for example_params_ui_tutorial to None, run_after=None
[2024-11-11T23:54:19.418+0000] {processor.py:208} INFO - Processing /home/airflow/.local/lib/python3.12/site-packages/airflow/example_dags/example_params_ui_tutorial.py took 0.102 seconds
[2024-11-11T23:54:50.016+0000] {processor.py:186} INFO - Started process (PID=1435) to work on /home/airflow/.local/lib/python3.12/site-packages/airflow/example_dags/example_params_ui_tutorial.py
[2024-11-11T23:54:50.017+0000] {processor.py:914} INFO - Processing file /home/airflow/.local/lib/python3.12/site-packages/airflow/example_dags/example_params_ui_tutorial.py for tasks to queue
[2024-11-11T23:54:50.020+0000] {logging_mixin.py:190} INFO - [2024-11-11T23:54:50.020+0000] {dagbag.py:588} INFO - Filling up the DagBag from /home/airflow/.local/lib/python3.12/site-packages/airflow/example_dags/example_params_ui_tutorial.py
[2024-11-11T23:54:50.030+0000] {processor.py:925} INFO - DAG(s) 'example_params_ui_tutorial' retrieved from /home/airflow/.local/lib/python3.12/site-packages/airflow/example_dags/example_params_ui_tutorial.py
[2024-11-11T23:54:50.074+0000] {logging_mixin.py:190} INFO - [2024-11-11T23:54:50.073+0000] {dag.py:3239} INFO - Sync 1 DAGs
[2024-11-11T23:54:50.087+0000] {logging_mixin.py:190} INFO - [2024-11-11T23:54:50.087+0000] {dag.py:4180} INFO - Setting next_dagrun for example_params_ui_tutorial to None, run_after=None
[2024-11-11T23:54:50.110+0000] {processor.py:208} INFO - Processing /home/airflow/.local/lib/python3.12/site-packages/airflow/example_dags/example_params_ui_tutorial.py took 0.100 seconds
[2024-11-11T23:55:20.431+0000] {processor.py:186} INFO - Started process (PID=1499) to work on /home/airflow/.local/lib/python3.12/site-packages/airflow/example_dags/example_params_ui_tutorial.py
[2024-11-11T23:55:20.433+0000] {processor.py:914} INFO - Processing file /home/airflow/.local/lib/python3.12/site-packages/airflow/example_dags/example_params_ui_tutorial.py for tasks to queue
[2024-11-11T23:55:20.435+0000] {logging_mixin.py:190} INFO - [2024-11-11T23:55:20.435+0000] {dagbag.py:588} INFO - Filling up the DagBag from /home/airflow/.local/lib/python3.12/site-packages/airflow/example_dags/example_params_ui_tutorial.py
[2024-11-11T23:55:20.446+0000] {processor.py:925} INFO - DAG(s) 'example_params_ui_tutorial' retrieved from /home/airflow/.local/lib/python3.12/site-packages/airflow/example_dags/example_params_ui_tutorial.py
[2024-11-11T23:55:20.492+0000] {logging_mixin.py:190} INFO - [2024-11-11T23:55:20.491+0000] {dag.py:3239} INFO - Sync 1 DAGs
[2024-11-11T23:55:20.511+0000] {logging_mixin.py:190} INFO - [2024-11-11T23:55:20.511+0000] {dag.py:4180} INFO - Setting next_dagrun for example_params_ui_tutorial to None, run_after=None
[2024-11-11T23:55:20.535+0000] {processor.py:208} INFO - Processing /home/airflow/.local/lib/python3.12/site-packages/airflow/example_dags/example_params_ui_tutorial.py took 0.110 seconds
[2024-11-11T23:55:50.777+0000] {processor.py:186} INFO - Started process (PID=1563) to work on /home/airflow/.local/lib/python3.12/site-packages/airflow/example_dags/example_params_ui_tutorial.py
[2024-11-11T23:55:50.779+0000] {processor.py:914} INFO - Processing file /home/airflow/.local/lib/python3.12/site-packages/airflow/example_dags/example_params_ui_tutorial.py for tasks to queue
[2024-11-11T23:55:50.782+0000] {logging_mixin.py:190} INFO - [2024-11-11T23:55:50.781+0000] {dagbag.py:588} INFO - Filling up the DagBag from /home/airflow/.local/lib/python3.12/site-packages/airflow/example_dags/example_params_ui_tutorial.py
[2024-11-11T23:55:50.793+0000] {processor.py:925} INFO - DAG(s) 'example_params_ui_tutorial' retrieved from /home/airflow/.local/lib/python3.12/site-packages/airflow/example_dags/example_params_ui_tutorial.py
[2024-11-11T23:55:50.842+0000] {logging_mixin.py:190} INFO - [2024-11-11T23:55:50.842+0000] {dag.py:3239} INFO - Sync 1 DAGs
[2024-11-11T23:55:50.859+0000] {logging_mixin.py:190} INFO - [2024-11-11T23:55:50.858+0000] {dag.py:4180} INFO - Setting next_dagrun for example_params_ui_tutorial to None, run_after=None
[2024-11-11T23:55:50.884+0000] {processor.py:208} INFO - Processing /home/airflow/.local/lib/python3.12/site-packages/airflow/example_dags/example_params_ui_tutorial.py took 0.113 seconds
[2024-11-11T23:56:21.181+0000] {processor.py:186} INFO - Started process (PID=1627) to work on /home/airflow/.local/lib/python3.12/site-packages/airflow/example_dags/example_params_ui_tutorial.py
[2024-11-11T23:56:21.182+0000] {processor.py:914} INFO - Processing file /home/airflow/.local/lib/python3.12/site-packages/airflow/example_dags/example_params_ui_tutorial.py for tasks to queue
[2024-11-11T23:56:21.185+0000] {logging_mixin.py:190} INFO - [2024-11-11T23:56:21.185+0000] {dagbag.py:588} INFO - Filling up the DagBag from /home/airflow/.local/lib/python3.12/site-packages/airflow/example_dags/example_params_ui_tutorial.py
[2024-11-11T23:56:21.195+0000] {processor.py:925} INFO - DAG(s) 'example_params_ui_tutorial' retrieved from /home/airflow/.local/lib/python3.12/site-packages/airflow/example_dags/example_params_ui_tutorial.py
[2024-11-11T23:56:21.236+0000] {logging_mixin.py:190} INFO - [2024-11-11T23:56:21.236+0000] {dag.py:3239} INFO - Sync 1 DAGs
[2024-11-11T23:56:21.250+0000] {logging_mixin.py:190} INFO - [2024-11-11T23:56:21.250+0000] {dag.py:4180} INFO - Setting next_dagrun for example_params_ui_tutorial to None, run_after=None
[2024-11-11T23:56:21.278+0000] {processor.py:208} INFO - Processing /home/airflow/.local/lib/python3.12/site-packages/airflow/example_dags/example_params_ui_tutorial.py took 0.103 seconds
[2024-11-11T23:56:52.459+0000] {processor.py:186} INFO - Started process (PID=1691) to work on /home/airflow/.local/lib/python3.12/site-packages/airflow/example_dags/example_params_ui_tutorial.py
[2024-11-11T23:56:52.461+0000] {processor.py:914} INFO - Processing file /home/airflow/.local/lib/python3.12/site-packages/airflow/example_dags/example_params_ui_tutorial.py for tasks to queue
[2024-11-11T23:56:52.466+0000] {logging_mixin.py:190} INFO - [2024-11-11T23:56:52.465+0000] {dagbag.py:588} INFO - Filling up the DagBag from /home/airflow/.local/lib/python3.12/site-packages/airflow/example_dags/example_params_ui_tutorial.py
[2024-11-11T23:56:52.500+0000] {processor.py:925} INFO - DAG(s) 'example_params_ui_tutorial' retrieved from /home/airflow/.local/lib/python3.12/site-packages/airflow/example_dags/example_params_ui_tutorial.py
[2024-11-11T23:56:52.557+0000] {logging_mixin.py:190} INFO - [2024-11-11T23:56:52.557+0000] {dag.py:3239} INFO - Sync 1 DAGs
[2024-11-11T23:56:52.578+0000] {logging_mixin.py:190} INFO - [2024-11-11T23:56:52.577+0000] {dag.py:4180} INFO - Setting next_dagrun for example_params_ui_tutorial to None, run_after=None
[2024-11-11T23:56:52.608+0000] {processor.py:208} INFO - Processing /home/airflow/.local/lib/python3.12/site-packages/airflow/example_dags/example_params_ui_tutorial.py took 0.156 seconds
[2024-11-11T23:57:23.179+0000] {processor.py:186} INFO - Started process (PID=1755) to work on /home/airflow/.local/lib/python3.12/site-packages/airflow/example_dags/example_params_ui_tutorial.py
[2024-11-11T23:57:23.180+0000] {processor.py:914} INFO - Processing file /home/airflow/.local/lib/python3.12/site-packages/airflow/example_dags/example_params_ui_tutorial.py for tasks to queue
[2024-11-11T23:57:23.183+0000] {logging_mixin.py:190} INFO - [2024-11-11T23:57:23.183+0000] {dagbag.py:588} INFO - Filling up the DagBag from /home/airflow/.local/lib/python3.12/site-packages/airflow/example_dags/example_params_ui_tutorial.py
[2024-11-11T23:57:23.193+0000] {processor.py:925} INFO - DAG(s) 'example_params_ui_tutorial' retrieved from /home/airflow/.local/lib/python3.12/site-packages/airflow/example_dags/example_params_ui_tutorial.py
[2024-11-11T23:57:23.242+0000] {logging_mixin.py:190} INFO - [2024-11-11T23:57:23.241+0000] {dag.py:3239} INFO - Sync 1 DAGs
[2024-11-11T23:57:23.258+0000] {logging_mixin.py:190} INFO - [2024-11-11T23:57:23.258+0000] {dag.py:4180} INFO - Setting next_dagrun for example_params_ui_tutorial to None, run_after=None
[2024-11-11T23:57:23.283+0000] {processor.py:208} INFO - Processing /home/airflow/.local/lib/python3.12/site-packages/airflow/example_dags/example_params_ui_tutorial.py took 0.109 seconds
[2024-11-11T23:57:53.560+0000] {processor.py:186} INFO - Started process (PID=1819) to work on /home/airflow/.local/lib/python3.12/site-packages/airflow/example_dags/example_params_ui_tutorial.py
[2024-11-11T23:57:53.561+0000] {processor.py:914} INFO - Processing file /home/airflow/.local/lib/python3.12/site-packages/airflow/example_dags/example_params_ui_tutorial.py for tasks to queue
[2024-11-11T23:57:53.563+0000] {logging_mixin.py:190} INFO - [2024-11-11T23:57:53.563+0000] {dagbag.py:588} INFO - Filling up the DagBag from /home/airflow/.local/lib/python3.12/site-packages/airflow/example_dags/example_params_ui_tutorial.py
[2024-11-11T23:57:53.573+0000] {processor.py:925} INFO - DAG(s) 'example_params_ui_tutorial' retrieved from /home/airflow/.local/lib/python3.12/site-packages/airflow/example_dags/example_params_ui_tutorial.py
[2024-11-11T23:57:53.621+0000] {logging_mixin.py:190} INFO - [2024-11-11T23:57:53.620+0000] {dag.py:3239} INFO - Sync 1 DAGs
[2024-11-11T23:57:53.636+0000] {logging_mixin.py:190} INFO - [2024-11-11T23:57:53.636+0000] {dag.py:4180} INFO - Setting next_dagrun for example_params_ui_tutorial to None, run_after=None
[2024-11-11T23:57:53.657+0000] {processor.py:208} INFO - Processing /home/airflow/.local/lib/python3.12/site-packages/airflow/example_dags/example_params_ui_tutorial.py took 0.103 seconds
[2024-11-11T23:58:23.857+0000] {processor.py:186} INFO - Started process (PID=1883) to work on /home/airflow/.local/lib/python3.12/site-packages/airflow/example_dags/example_params_ui_tutorial.py
[2024-11-11T23:58:23.858+0000] {processor.py:914} INFO - Processing file /home/airflow/.local/lib/python3.12/site-packages/airflow/example_dags/example_params_ui_tutorial.py for tasks to queue
[2024-11-11T23:58:23.862+0000] {logging_mixin.py:190} INFO - [2024-11-11T23:58:23.861+0000] {dagbag.py:588} INFO - Filling up the DagBag from /home/airflow/.local/lib/python3.12/site-packages/airflow/example_dags/example_params_ui_tutorial.py
[2024-11-11T23:58:23.871+0000] {processor.py:925} INFO - DAG(s) 'example_params_ui_tutorial' retrieved from /home/airflow/.local/lib/python3.12/site-packages/airflow/example_dags/example_params_ui_tutorial.py
[2024-11-11T23:58:23.918+0000] {logging_mixin.py:190} INFO - [2024-11-11T23:58:23.918+0000] {dag.py:3239} INFO - Sync 1 DAGs
[2024-11-11T23:58:23.933+0000] {logging_mixin.py:190} INFO - [2024-11-11T23:58:23.933+0000] {dag.py:4180} INFO - Setting next_dagrun for example_params_ui_tutorial to None, run_after=None
[2024-11-11T23:58:23.956+0000] {processor.py:208} INFO - Processing /home/airflow/.local/lib/python3.12/site-packages/airflow/example_dags/example_params_ui_tutorial.py took 0.105 seconds
[2024-11-11T23:58:54.919+0000] {processor.py:186} INFO - Started process (PID=1947) to work on /home/airflow/.local/lib/python3.12/site-packages/airflow/example_dags/example_params_ui_tutorial.py
[2024-11-11T23:58:54.921+0000] {processor.py:914} INFO - Processing file /home/airflow/.local/lib/python3.12/site-packages/airflow/example_dags/example_params_ui_tutorial.py for tasks to queue
[2024-11-11T23:58:54.926+0000] {logging_mixin.py:190} INFO - [2024-11-11T23:58:54.925+0000] {dagbag.py:588} INFO - Filling up the DagBag from /home/airflow/.local/lib/python3.12/site-packages/airflow/example_dags/example_params_ui_tutorial.py
[2024-11-11T23:58:54.942+0000] {processor.py:925} INFO - DAG(s) 'example_params_ui_tutorial' retrieved from /home/airflow/.local/lib/python3.12/site-packages/airflow/example_dags/example_params_ui_tutorial.py
[2024-11-11T23:58:54.991+0000] {logging_mixin.py:190} INFO - [2024-11-11T23:58:54.991+0000] {dag.py:3239} INFO - Sync 1 DAGs
[2024-11-11T23:58:55.005+0000] {logging_mixin.py:190} INFO - [2024-11-11T23:58:55.005+0000] {dag.py:4180} INFO - Setting next_dagrun for example_params_ui_tutorial to None, run_after=None
[2024-11-11T23:58:55.026+0000] {processor.py:208} INFO - Processing /home/airflow/.local/lib/python3.12/site-packages/airflow/example_dags/example_params_ui_tutorial.py took 0.114 seconds
[2024-11-11T23:59:25.236+0000] {processor.py:186} INFO - Started process (PID=2011) to work on /home/airflow/.local/lib/python3.12/site-packages/airflow/example_dags/example_params_ui_tutorial.py
[2024-11-11T23:59:25.238+0000] {processor.py:914} INFO - Processing file /home/airflow/.local/lib/python3.12/site-packages/airflow/example_dags/example_params_ui_tutorial.py for tasks to queue
[2024-11-11T23:59:25.241+0000] {logging_mixin.py:190} INFO - [2024-11-11T23:59:25.241+0000] {dagbag.py:588} INFO - Filling up the DagBag from /home/airflow/.local/lib/python3.12/site-packages/airflow/example_dags/example_params_ui_tutorial.py
[2024-11-11T23:59:25.253+0000] {processor.py:925} INFO - DAG(s) 'example_params_ui_tutorial' retrieved from /home/airflow/.local/lib/python3.12/site-packages/airflow/example_dags/example_params_ui_tutorial.py
[2024-11-11T23:59:25.303+0000] {logging_mixin.py:190} INFO - [2024-11-11T23:59:25.303+0000] {dag.py:3239} INFO - Sync 1 DAGs
[2024-11-11T23:59:25.321+0000] {logging_mixin.py:190} INFO - [2024-11-11T23:59:25.321+0000] {dag.py:4180} INFO - Setting next_dagrun for example_params_ui_tutorial to None, run_after=None
[2024-11-11T23:59:25.354+0000] {processor.py:208} INFO - Processing /home/airflow/.local/lib/python3.12/site-packages/airflow/example_dags/example_params_ui_tutorial.py took 0.127 seconds
[2024-11-11T23:59:55.515+0000] {processor.py:186} INFO - Started process (PID=2075) to work on /home/airflow/.local/lib/python3.12/site-packages/airflow/example_dags/example_params_ui_tutorial.py
[2024-11-11T23:59:55.517+0000] {processor.py:914} INFO - Processing file /home/airflow/.local/lib/python3.12/site-packages/airflow/example_dags/example_params_ui_tutorial.py for tasks to queue
[2024-11-11T23:59:55.520+0000] {logging_mixin.py:190} INFO - [2024-11-11T23:59:55.519+0000] {dagbag.py:588} INFO - Filling up the DagBag from /home/airflow/.local/lib/python3.12/site-packages/airflow/example_dags/example_params_ui_tutorial.py
[2024-11-11T23:59:55.529+0000] {processor.py:925} INFO - DAG(s) 'example_params_ui_tutorial' retrieved from /home/airflow/.local/lib/python3.12/site-packages/airflow/example_dags/example_params_ui_tutorial.py
[2024-11-11T23:59:55.576+0000] {logging_mixin.py:190} INFO - [2024-11-11T23:59:55.576+0000] {dag.py:3239} INFO - Sync 1 DAGs
[2024-11-11T23:59:55.591+0000] {logging_mixin.py:190} INFO - [2024-11-11T23:59:55.591+0000] {dag.py:4180} INFO - Setting next_dagrun for example_params_ui_tutorial to None, run_after=None
[2024-11-11T23:59:55.614+0000] {processor.py:208} INFO - Processing /home/airflow/.local/lib/python3.12/site-packages/airflow/example_dags/example_params_ui_tutorial.py took 0.105 seconds
