[2024-11-11T23:44:14.334+0000] {processor.py:186} INFO - Started process (PID=118) to work on /home/airflow/.local/lib/python3.12/site-packages/airflow/example_dags/example_task_group.py
[2024-11-11T23:44:14.335+0000] {processor.py:914} INFO - Processing file /home/airflow/.local/lib/python3.12/site-packages/airflow/example_dags/example_task_group.py for tasks to queue
[2024-11-11T23:44:14.338+0000] {logging_mixin.py:190} INFO - [2024-11-11T23:44:14.337+0000] {dagbag.py:588} INFO - Filling up the DagBag from /home/airflow/.local/lib/python3.12/site-packages/airflow/example_dags/example_task_group.py
[2024-11-11T23:44:14.357+0000] {processor.py:925} INFO - DAG(s) 'example_task_group' retrieved from /home/airflow/.local/lib/python3.12/site-packages/airflow/example_dags/example_task_group.py
[2024-11-11T23:44:14.490+0000] {logging_mixin.py:190} INFO - [2024-11-11T23:44:14.489+0000] {override.py:1911} INFO - Created Permission View: can edit on DAG:example_task_group
[2024-11-11T23:44:14.503+0000] {logging_mixin.py:190} INFO - [2024-11-11T23:44:14.503+0000] {override.py:1911} INFO - Created Permission View: can read on DAG:example_task_group
[2024-11-11T23:44:14.518+0000] {logging_mixin.py:190} INFO - [2024-11-11T23:44:14.517+0000] {override.py:1911} INFO - Created Permission View: can delete on DAG:example_task_group
[2024-11-11T23:44:14.534+0000] {logging_mixin.py:190} INFO - [2024-11-11T23:44:14.534+0000] {override.py:1911} INFO - Created Permission View: menu access on DAG Run:example_task_group
[2024-11-11T23:44:14.551+0000] {logging_mixin.py:190} INFO - [2024-11-11T23:44:14.550+0000] {override.py:1911} INFO - Created Permission View: can read on DAG Run:example_task_group
[2024-11-11T23:44:14.564+0000] {logging_mixin.py:190} INFO - [2024-11-11T23:44:14.563+0000] {override.py:1911} INFO - Created Permission View: can delete on DAG Run:example_task_group
[2024-11-11T23:44:14.576+0000] {logging_mixin.py:190} INFO - [2024-11-11T23:44:14.575+0000] {override.py:1911} INFO - Created Permission View: can create on DAG Run:example_task_group
[2024-11-11T23:44:14.577+0000] {logging_mixin.py:190} INFO - [2024-11-11T23:44:14.576+0000] {dag.py:3239} INFO - Sync 1 DAGs
[2024-11-11T23:44:14.595+0000] {logging_mixin.py:190} INFO - [2024-11-11T23:44:14.594+0000] {dag.py:3262} INFO - Creating ORM DAG for example_task_group
[2024-11-11T23:44:14.596+0000] {logging_mixin.py:190} INFO - [2024-11-11T23:44:14.596+0000] {dag.py:4180} INFO - Setting next_dagrun for example_task_group to None, run_after=None
[2024-11-11T23:44:14.626+0000] {processor.py:208} INFO - Processing /home/airflow/.local/lib/python3.12/site-packages/airflow/example_dags/example_task_group.py took 0.298 seconds
[2024-11-11T23:44:45.447+0000] {processor.py:186} INFO - Started process (PID=181) to work on /home/airflow/.local/lib/python3.12/site-packages/airflow/example_dags/example_task_group.py
[2024-11-11T23:44:45.448+0000] {processor.py:914} INFO - Processing file /home/airflow/.local/lib/python3.12/site-packages/airflow/example_dags/example_task_group.py for tasks to queue
[2024-11-11T23:44:45.451+0000] {logging_mixin.py:190} INFO - [2024-11-11T23:44:45.451+0000] {dagbag.py:588} INFO - Filling up the DagBag from /home/airflow/.local/lib/python3.12/site-packages/airflow/example_dags/example_task_group.py
[2024-11-11T23:44:45.463+0000] {processor.py:925} INFO - DAG(s) 'example_task_group' retrieved from /home/airflow/.local/lib/python3.12/site-packages/airflow/example_dags/example_task_group.py
[2024-11-11T23:44:45.489+0000] {logging_mixin.py:190} INFO - [2024-11-11T23:44:45.489+0000] {dag.py:3239} INFO - Sync 1 DAGs
[2024-11-11T23:44:45.514+0000] {logging_mixin.py:190} INFO - [2024-11-11T23:44:45.514+0000] {dag.py:4180} INFO - Setting next_dagrun for example_task_group to None, run_after=None
[2024-11-11T23:44:45.558+0000] {processor.py:208} INFO - Processing /home/airflow/.local/lib/python3.12/site-packages/airflow/example_dags/example_task_group.py took 0.118 seconds
[2024-11-11T23:45:15.673+0000] {processor.py:186} INFO - Started process (PID=243) to work on /home/airflow/.local/lib/python3.12/site-packages/airflow/example_dags/example_task_group.py
[2024-11-11T23:45:15.674+0000] {processor.py:914} INFO - Processing file /home/airflow/.local/lib/python3.12/site-packages/airflow/example_dags/example_task_group.py for tasks to queue
[2024-11-11T23:45:15.677+0000] {logging_mixin.py:190} INFO - [2024-11-11T23:45:15.676+0000] {dagbag.py:588} INFO - Filling up the DagBag from /home/airflow/.local/lib/python3.12/site-packages/airflow/example_dags/example_task_group.py
[2024-11-11T23:45:15.685+0000] {processor.py:925} INFO - DAG(s) 'example_task_group' retrieved from /home/airflow/.local/lib/python3.12/site-packages/airflow/example_dags/example_task_group.py
[2024-11-11T23:45:15.705+0000] {logging_mixin.py:190} INFO - [2024-11-11T23:45:15.705+0000] {dag.py:3239} INFO - Sync 1 DAGs
[2024-11-11T23:45:15.717+0000] {logging_mixin.py:190} INFO - [2024-11-11T23:45:15.717+0000] {dag.py:4180} INFO - Setting next_dagrun for example_task_group to None, run_after=None
[2024-11-11T23:45:15.744+0000] {processor.py:208} INFO - Processing /home/airflow/.local/lib/python3.12/site-packages/airflow/example_dags/example_task_group.py took 0.077 seconds
[2024-11-11T23:45:45.843+0000] {processor.py:186} INFO - Started process (PID=306) to work on /home/airflow/.local/lib/python3.12/site-packages/airflow/example_dags/example_task_group.py
[2024-11-11T23:45:45.844+0000] {processor.py:914} INFO - Processing file /home/airflow/.local/lib/python3.12/site-packages/airflow/example_dags/example_task_group.py for tasks to queue
[2024-11-11T23:45:45.846+0000] {logging_mixin.py:190} INFO - [2024-11-11T23:45:45.846+0000] {dagbag.py:588} INFO - Filling up the DagBag from /home/airflow/.local/lib/python3.12/site-packages/airflow/example_dags/example_task_group.py
[2024-11-11T23:45:45.854+0000] {processor.py:925} INFO - DAG(s) 'example_task_group' retrieved from /home/airflow/.local/lib/python3.12/site-packages/airflow/example_dags/example_task_group.py
[2024-11-11T23:45:45.878+0000] {logging_mixin.py:190} INFO - [2024-11-11T23:45:45.878+0000] {dag.py:3239} INFO - Sync 1 DAGs
[2024-11-11T23:45:45.893+0000] {logging_mixin.py:190} INFO - [2024-11-11T23:45:45.892+0000] {dag.py:4180} INFO - Setting next_dagrun for example_task_group to None, run_after=None
[2024-11-11T23:45:45.918+0000] {processor.py:208} INFO - Processing /home/airflow/.local/lib/python3.12/site-packages/airflow/example_dags/example_task_group.py took 0.080 seconds
[2024-11-11T23:46:16.616+0000] {processor.py:186} INFO - Started process (PID=369) to work on /home/airflow/.local/lib/python3.12/site-packages/airflow/example_dags/example_task_group.py
[2024-11-11T23:46:16.618+0000] {processor.py:914} INFO - Processing file /home/airflow/.local/lib/python3.12/site-packages/airflow/example_dags/example_task_group.py for tasks to queue
[2024-11-11T23:46:16.621+0000] {logging_mixin.py:190} INFO - [2024-11-11T23:46:16.621+0000] {dagbag.py:588} INFO - Filling up the DagBag from /home/airflow/.local/lib/python3.12/site-packages/airflow/example_dags/example_task_group.py
[2024-11-11T23:46:16.631+0000] {processor.py:925} INFO - DAG(s) 'example_task_group' retrieved from /home/airflow/.local/lib/python3.12/site-packages/airflow/example_dags/example_task_group.py
[2024-11-11T23:46:16.658+0000] {logging_mixin.py:190} INFO - [2024-11-11T23:46:16.658+0000] {dag.py:3239} INFO - Sync 1 DAGs
[2024-11-11T23:46:16.676+0000] {logging_mixin.py:190} INFO - [2024-11-11T23:46:16.676+0000] {dag.py:4180} INFO - Setting next_dagrun for example_task_group to None, run_after=None
[2024-11-11T23:46:16.698+0000] {processor.py:208} INFO - Processing /home/airflow/.local/lib/python3.12/site-packages/airflow/example_dags/example_task_group.py took 0.091 seconds
[2024-11-11T23:46:47.533+0000] {processor.py:186} INFO - Started process (PID=432) to work on /home/airflow/.local/lib/python3.12/site-packages/airflow/example_dags/example_task_group.py
[2024-11-11T23:46:47.534+0000] {processor.py:914} INFO - Processing file /home/airflow/.local/lib/python3.12/site-packages/airflow/example_dags/example_task_group.py for tasks to queue
[2024-11-11T23:46:47.536+0000] {logging_mixin.py:190} INFO - [2024-11-11T23:46:47.536+0000] {dagbag.py:588} INFO - Filling up the DagBag from /home/airflow/.local/lib/python3.12/site-packages/airflow/example_dags/example_task_group.py
[2024-11-11T23:46:47.546+0000] {processor.py:925} INFO - DAG(s) 'example_task_group' retrieved from /home/airflow/.local/lib/python3.12/site-packages/airflow/example_dags/example_task_group.py
[2024-11-11T23:46:47.568+0000] {logging_mixin.py:190} INFO - [2024-11-11T23:46:47.568+0000] {dag.py:3239} INFO - Sync 1 DAGs
[2024-11-11T23:46:47.582+0000] {logging_mixin.py:190} INFO - [2024-11-11T23:46:47.582+0000] {dag.py:4180} INFO - Setting next_dagrun for example_task_group to None, run_after=None
[2024-11-11T23:46:47.607+0000] {processor.py:208} INFO - Processing /home/airflow/.local/lib/python3.12/site-packages/airflow/example_dags/example_task_group.py took 0.080 seconds
[2024-11-11T23:47:18.135+0000] {processor.py:186} INFO - Started process (PID=495) to work on /home/airflow/.local/lib/python3.12/site-packages/airflow/example_dags/example_task_group.py
[2024-11-11T23:47:18.136+0000] {processor.py:914} INFO - Processing file /home/airflow/.local/lib/python3.12/site-packages/airflow/example_dags/example_task_group.py for tasks to queue
[2024-11-11T23:47:18.139+0000] {logging_mixin.py:190} INFO - [2024-11-11T23:47:18.138+0000] {dagbag.py:588} INFO - Filling up the DagBag from /home/airflow/.local/lib/python3.12/site-packages/airflow/example_dags/example_task_group.py
[2024-11-11T23:47:18.147+0000] {processor.py:925} INFO - DAG(s) 'example_task_group' retrieved from /home/airflow/.local/lib/python3.12/site-packages/airflow/example_dags/example_task_group.py
[2024-11-11T23:47:18.169+0000] {logging_mixin.py:190} INFO - [2024-11-11T23:47:18.169+0000] {dag.py:3239} INFO - Sync 1 DAGs
[2024-11-11T23:47:18.185+0000] {logging_mixin.py:190} INFO - [2024-11-11T23:47:18.185+0000] {dag.py:4180} INFO - Setting next_dagrun for example_task_group to None, run_after=None
[2024-11-11T23:47:18.313+0000] {processor.py:208} INFO - Processing /home/airflow/.local/lib/python3.12/site-packages/airflow/example_dags/example_task_group.py took 0.184 seconds
[2024-11-11T23:47:48.797+0000] {processor.py:186} INFO - Started process (PID=558) to work on /home/airflow/.local/lib/python3.12/site-packages/airflow/example_dags/example_task_group.py
[2024-11-11T23:47:48.798+0000] {processor.py:914} INFO - Processing file /home/airflow/.local/lib/python3.12/site-packages/airflow/example_dags/example_task_group.py for tasks to queue
[2024-11-11T23:47:48.801+0000] {logging_mixin.py:190} INFO - [2024-11-11T23:47:48.801+0000] {dagbag.py:588} INFO - Filling up the DagBag from /home/airflow/.local/lib/python3.12/site-packages/airflow/example_dags/example_task_group.py
[2024-11-11T23:47:48.810+0000] {processor.py:925} INFO - DAG(s) 'example_task_group' retrieved from /home/airflow/.local/lib/python3.12/site-packages/airflow/example_dags/example_task_group.py
[2024-11-11T23:47:48.832+0000] {logging_mixin.py:190} INFO - [2024-11-11T23:47:48.832+0000] {dag.py:3239} INFO - Sync 1 DAGs
[2024-11-11T23:47:48.854+0000] {logging_mixin.py:190} INFO - [2024-11-11T23:47:48.854+0000] {dag.py:4180} INFO - Setting next_dagrun for example_task_group to None, run_after=None
[2024-11-11T23:47:48.885+0000] {processor.py:208} INFO - Processing /home/airflow/.local/lib/python3.12/site-packages/airflow/example_dags/example_task_group.py took 0.093 seconds
[2024-11-11T23:48:19.038+0000] {processor.py:186} INFO - Started process (PID=621) to work on /home/airflow/.local/lib/python3.12/site-packages/airflow/example_dags/example_task_group.py
[2024-11-11T23:48:19.039+0000] {processor.py:914} INFO - Processing file /home/airflow/.local/lib/python3.12/site-packages/airflow/example_dags/example_task_group.py for tasks to queue
[2024-11-11T23:48:19.041+0000] {logging_mixin.py:190} INFO - [2024-11-11T23:48:19.041+0000] {dagbag.py:588} INFO - Filling up the DagBag from /home/airflow/.local/lib/python3.12/site-packages/airflow/example_dags/example_task_group.py
[2024-11-11T23:48:19.052+0000] {processor.py:925} INFO - DAG(s) 'example_task_group' retrieved from /home/airflow/.local/lib/python3.12/site-packages/airflow/example_dags/example_task_group.py
[2024-11-11T23:48:19.074+0000] {logging_mixin.py:190} INFO - [2024-11-11T23:48:19.073+0000] {dag.py:3239} INFO - Sync 1 DAGs
[2024-11-11T23:48:19.088+0000] {logging_mixin.py:190} INFO - [2024-11-11T23:48:19.088+0000] {dag.py:4180} INFO - Setting next_dagrun for example_task_group to None, run_after=None
[2024-11-11T23:48:19.117+0000] {processor.py:208} INFO - Processing /home/airflow/.local/lib/python3.12/site-packages/airflow/example_dags/example_task_group.py took 0.087 seconds
[2024-11-11T23:48:49.663+0000] {processor.py:186} INFO - Started process (PID=685) to work on /home/airflow/.local/lib/python3.12/site-packages/airflow/example_dags/example_task_group.py
[2024-11-11T23:48:49.664+0000] {processor.py:914} INFO - Processing file /home/airflow/.local/lib/python3.12/site-packages/airflow/example_dags/example_task_group.py for tasks to queue
[2024-11-11T23:48:49.667+0000] {logging_mixin.py:190} INFO - [2024-11-11T23:48:49.666+0000] {dagbag.py:588} INFO - Filling up the DagBag from /home/airflow/.local/lib/python3.12/site-packages/airflow/example_dags/example_task_group.py
[2024-11-11T23:48:49.685+0000] {processor.py:925} INFO - DAG(s) 'example_task_group' retrieved from /home/airflow/.local/lib/python3.12/site-packages/airflow/example_dags/example_task_group.py
[2024-11-11T23:48:49.733+0000] {logging_mixin.py:190} INFO - [2024-11-11T23:48:49.733+0000] {dag.py:3239} INFO - Sync 1 DAGs
[2024-11-11T23:48:49.761+0000] {logging_mixin.py:190} INFO - [2024-11-11T23:48:49.761+0000] {dag.py:4180} INFO - Setting next_dagrun for example_task_group to None, run_after=None
[2024-11-11T23:48:49.803+0000] {processor.py:208} INFO - Processing /home/airflow/.local/lib/python3.12/site-packages/airflow/example_dags/example_task_group.py took 0.150 seconds
[2024-11-11T23:49:20.530+0000] {processor.py:186} INFO - Started process (PID=749) to work on /home/airflow/.local/lib/python3.12/site-packages/airflow/example_dags/example_task_group.py
[2024-11-11T23:49:20.531+0000] {processor.py:914} INFO - Processing file /home/airflow/.local/lib/python3.12/site-packages/airflow/example_dags/example_task_group.py for tasks to queue
[2024-11-11T23:49:20.535+0000] {logging_mixin.py:190} INFO - [2024-11-11T23:49:20.535+0000] {dagbag.py:588} INFO - Filling up the DagBag from /home/airflow/.local/lib/python3.12/site-packages/airflow/example_dags/example_task_group.py
[2024-11-11T23:49:20.548+0000] {processor.py:925} INFO - DAG(s) 'example_task_group' retrieved from /home/airflow/.local/lib/python3.12/site-packages/airflow/example_dags/example_task_group.py
[2024-11-11T23:49:20.578+0000] {logging_mixin.py:190} INFO - [2024-11-11T23:49:20.577+0000] {dag.py:3239} INFO - Sync 1 DAGs
[2024-11-11T23:49:20.597+0000] {logging_mixin.py:190} INFO - [2024-11-11T23:49:20.596+0000] {dag.py:4180} INFO - Setting next_dagrun for example_task_group to None, run_after=None
[2024-11-11T23:49:20.620+0000] {processor.py:208} INFO - Processing /home/airflow/.local/lib/python3.12/site-packages/airflow/example_dags/example_task_group.py took 0.098 seconds
[2024-11-11T23:49:50.770+0000] {processor.py:186} INFO - Started process (PID=813) to work on /home/airflow/.local/lib/python3.12/site-packages/airflow/example_dags/example_task_group.py
[2024-11-11T23:49:50.775+0000] {processor.py:914} INFO - Processing file /home/airflow/.local/lib/python3.12/site-packages/airflow/example_dags/example_task_group.py for tasks to queue
[2024-11-11T23:49:50.781+0000] {logging_mixin.py:190} INFO - [2024-11-11T23:49:50.780+0000] {dagbag.py:588} INFO - Filling up the DagBag from /home/airflow/.local/lib/python3.12/site-packages/airflow/example_dags/example_task_group.py
[2024-11-11T23:49:50.813+0000] {processor.py:925} INFO - DAG(s) 'example_task_group' retrieved from /home/airflow/.local/lib/python3.12/site-packages/airflow/example_dags/example_task_group.py
[2024-11-11T23:49:50.867+0000] {logging_mixin.py:190} INFO - [2024-11-11T23:49:50.856+0000] {dag.py:3239} INFO - Sync 1 DAGs
[2024-11-11T23:49:50.990+0000] {logging_mixin.py:190} INFO - [2024-11-11T23:49:50.989+0000] {dag.py:4180} INFO - Setting next_dagrun for example_task_group to None, run_after=None
[2024-11-11T23:49:51.038+0000] {processor.py:208} INFO - Processing /home/airflow/.local/lib/python3.12/site-packages/airflow/example_dags/example_task_group.py took 0.301 seconds
[2024-11-11T23:50:21.188+0000] {processor.py:186} INFO - Started process (PID=876) to work on /home/airflow/.local/lib/python3.12/site-packages/airflow/example_dags/example_task_group.py
[2024-11-11T23:50:21.190+0000] {processor.py:914} INFO - Processing file /home/airflow/.local/lib/python3.12/site-packages/airflow/example_dags/example_task_group.py for tasks to queue
[2024-11-11T23:50:21.192+0000] {logging_mixin.py:190} INFO - [2024-11-11T23:50:21.192+0000] {dagbag.py:588} INFO - Filling up the DagBag from /home/airflow/.local/lib/python3.12/site-packages/airflow/example_dags/example_task_group.py
[2024-11-11T23:50:21.201+0000] {processor.py:925} INFO - DAG(s) 'example_task_group' retrieved from /home/airflow/.local/lib/python3.12/site-packages/airflow/example_dags/example_task_group.py
[2024-11-11T23:50:21.225+0000] {logging_mixin.py:190} INFO - [2024-11-11T23:50:21.225+0000] {dag.py:3239} INFO - Sync 1 DAGs
[2024-11-11T23:50:21.239+0000] {logging_mixin.py:190} INFO - [2024-11-11T23:50:21.239+0000] {dag.py:4180} INFO - Setting next_dagrun for example_task_group to None, run_after=None
[2024-11-11T23:50:21.263+0000] {processor.py:208} INFO - Processing /home/airflow/.local/lib/python3.12/site-packages/airflow/example_dags/example_task_group.py took 0.082 seconds
[2024-11-11T23:50:51.353+0000] {processor.py:186} INFO - Started process (PID=940) to work on /home/airflow/.local/lib/python3.12/site-packages/airflow/example_dags/example_task_group.py
[2024-11-11T23:50:51.354+0000] {processor.py:914} INFO - Processing file /home/airflow/.local/lib/python3.12/site-packages/airflow/example_dags/example_task_group.py for tasks to queue
[2024-11-11T23:50:51.356+0000] {logging_mixin.py:190} INFO - [2024-11-11T23:50:51.356+0000] {dagbag.py:588} INFO - Filling up the DagBag from /home/airflow/.local/lib/python3.12/site-packages/airflow/example_dags/example_task_group.py
[2024-11-11T23:50:51.364+0000] {processor.py:925} INFO - DAG(s) 'example_task_group' retrieved from /home/airflow/.local/lib/python3.12/site-packages/airflow/example_dags/example_task_group.py
[2024-11-11T23:50:51.385+0000] {logging_mixin.py:190} INFO - [2024-11-11T23:50:51.385+0000] {dag.py:3239} INFO - Sync 1 DAGs
[2024-11-11T23:50:51.398+0000] {logging_mixin.py:190} INFO - [2024-11-11T23:50:51.398+0000] {dag.py:4180} INFO - Setting next_dagrun for example_task_group to None, run_after=None
[2024-11-11T23:50:51.422+0000] {processor.py:208} INFO - Processing /home/airflow/.local/lib/python3.12/site-packages/airflow/example_dags/example_task_group.py took 0.075 seconds
[2024-11-11T23:51:21.951+0000] {processor.py:186} INFO - Started process (PID=1004) to work on /home/airflow/.local/lib/python3.12/site-packages/airflow/example_dags/example_task_group.py
[2024-11-11T23:51:21.953+0000] {processor.py:914} INFO - Processing file /home/airflow/.local/lib/python3.12/site-packages/airflow/example_dags/example_task_group.py for tasks to queue
[2024-11-11T23:51:21.960+0000] {logging_mixin.py:190} INFO - [2024-11-11T23:51:21.959+0000] {dagbag.py:588} INFO - Filling up the DagBag from /home/airflow/.local/lib/python3.12/site-packages/airflow/example_dags/example_task_group.py
[2024-11-11T23:51:22.000+0000] {processor.py:925} INFO - DAG(s) 'example_task_group' retrieved from /home/airflow/.local/lib/python3.12/site-packages/airflow/example_dags/example_task_group.py
[2024-11-11T23:51:22.043+0000] {logging_mixin.py:190} INFO - [2024-11-11T23:51:22.043+0000] {dag.py:3239} INFO - Sync 1 DAGs
[2024-11-11T23:51:22.064+0000] {logging_mixin.py:190} INFO - [2024-11-11T23:51:22.063+0000] {dag.py:4180} INFO - Setting next_dagrun for example_task_group to None, run_after=None
[2024-11-11T23:51:22.085+0000] {processor.py:208} INFO - Processing /home/airflow/.local/lib/python3.12/site-packages/airflow/example_dags/example_task_group.py took 0.145 seconds
[2024-11-11T23:51:52.902+0000] {processor.py:186} INFO - Started process (PID=1068) to work on /home/airflow/.local/lib/python3.12/site-packages/airflow/example_dags/example_task_group.py
[2024-11-11T23:51:52.903+0000] {processor.py:914} INFO - Processing file /home/airflow/.local/lib/python3.12/site-packages/airflow/example_dags/example_task_group.py for tasks to queue
[2024-11-11T23:51:52.907+0000] {logging_mixin.py:190} INFO - [2024-11-11T23:51:52.907+0000] {dagbag.py:588} INFO - Filling up the DagBag from /home/airflow/.local/lib/python3.12/site-packages/airflow/example_dags/example_task_group.py
[2024-11-11T23:51:52.916+0000] {processor.py:925} INFO - DAG(s) 'example_task_group' retrieved from /home/airflow/.local/lib/python3.12/site-packages/airflow/example_dags/example_task_group.py
[2024-11-11T23:51:52.940+0000] {logging_mixin.py:190} INFO - [2024-11-11T23:51:52.940+0000] {dag.py:3239} INFO - Sync 1 DAGs
[2024-11-11T23:51:52.955+0000] {logging_mixin.py:190} INFO - [2024-11-11T23:51:52.955+0000] {dag.py:4180} INFO - Setting next_dagrun for example_task_group to None, run_after=None
[2024-11-11T23:51:52.980+0000] {processor.py:208} INFO - Processing /home/airflow/.local/lib/python3.12/site-packages/airflow/example_dags/example_task_group.py took 0.087 seconds
[2024-11-11T23:52:23.544+0000] {processor.py:186} INFO - Started process (PID=1131) to work on /home/airflow/.local/lib/python3.12/site-packages/airflow/example_dags/example_task_group.py
[2024-11-11T23:52:23.545+0000] {processor.py:914} INFO - Processing file /home/airflow/.local/lib/python3.12/site-packages/airflow/example_dags/example_task_group.py for tasks to queue
[2024-11-11T23:52:23.548+0000] {logging_mixin.py:190} INFO - [2024-11-11T23:52:23.548+0000] {dagbag.py:588} INFO - Filling up the DagBag from /home/airflow/.local/lib/python3.12/site-packages/airflow/example_dags/example_task_group.py
[2024-11-11T23:52:23.558+0000] {processor.py:925} INFO - DAG(s) 'example_task_group' retrieved from /home/airflow/.local/lib/python3.12/site-packages/airflow/example_dags/example_task_group.py
[2024-11-11T23:52:23.580+0000] {logging_mixin.py:190} INFO - [2024-11-11T23:52:23.580+0000] {dag.py:3239} INFO - Sync 1 DAGs
[2024-11-11T23:52:23.596+0000] {logging_mixin.py:190} INFO - [2024-11-11T23:52:23.595+0000] {dag.py:4180} INFO - Setting next_dagrun for example_task_group to None, run_after=None
[2024-11-11T23:52:23.621+0000] {processor.py:208} INFO - Processing /home/airflow/.local/lib/python3.12/site-packages/airflow/example_dags/example_task_group.py took 0.083 seconds
[2024-11-11T23:52:53.890+0000] {processor.py:186} INFO - Started process (PID=1195) to work on /home/airflow/.local/lib/python3.12/site-packages/airflow/example_dags/example_task_group.py
[2024-11-11T23:52:53.891+0000] {processor.py:914} INFO - Processing file /home/airflow/.local/lib/python3.12/site-packages/airflow/example_dags/example_task_group.py for tasks to queue
[2024-11-11T23:52:53.893+0000] {logging_mixin.py:190} INFO - [2024-11-11T23:52:53.893+0000] {dagbag.py:588} INFO - Filling up the DagBag from /home/airflow/.local/lib/python3.12/site-packages/airflow/example_dags/example_task_group.py
[2024-11-11T23:52:53.902+0000] {processor.py:925} INFO - DAG(s) 'example_task_group' retrieved from /home/airflow/.local/lib/python3.12/site-packages/airflow/example_dags/example_task_group.py
[2024-11-11T23:52:53.924+0000] {logging_mixin.py:190} INFO - [2024-11-11T23:52:53.923+0000] {dag.py:3239} INFO - Sync 1 DAGs
[2024-11-11T23:52:53.936+0000] {logging_mixin.py:190} INFO - [2024-11-11T23:52:53.936+0000] {dag.py:4180} INFO - Setting next_dagrun for example_task_group to None, run_after=None
[2024-11-11T23:52:53.960+0000] {processor.py:208} INFO - Processing /home/airflow/.local/lib/python3.12/site-packages/airflow/example_dags/example_task_group.py took 0.076 seconds
[2024-11-11T23:53:24.193+0000] {processor.py:186} INFO - Started process (PID=1260) to work on /home/airflow/.local/lib/python3.12/site-packages/airflow/example_dags/example_task_group.py
[2024-11-11T23:53:24.195+0000] {processor.py:914} INFO - Processing file /home/airflow/.local/lib/python3.12/site-packages/airflow/example_dags/example_task_group.py for tasks to queue
[2024-11-11T23:53:24.199+0000] {logging_mixin.py:190} INFO - [2024-11-11T23:53:24.199+0000] {dagbag.py:588} INFO - Filling up the DagBag from /home/airflow/.local/lib/python3.12/site-packages/airflow/example_dags/example_task_group.py
[2024-11-11T23:53:24.218+0000] {processor.py:925} INFO - DAG(s) 'example_task_group' retrieved from /home/airflow/.local/lib/python3.12/site-packages/airflow/example_dags/example_task_group.py
[2024-11-11T23:53:24.295+0000] {logging_mixin.py:190} INFO - [2024-11-11T23:53:24.294+0000] {dag.py:3239} INFO - Sync 1 DAGs
[2024-11-11T23:53:24.333+0000] {logging_mixin.py:190} INFO - [2024-11-11T23:53:24.332+0000] {dag.py:4180} INFO - Setting next_dagrun for example_task_group to None, run_after=None
[2024-11-11T23:53:24.393+0000] {processor.py:208} INFO - Processing /home/airflow/.local/lib/python3.12/site-packages/airflow/example_dags/example_task_group.py took 0.218 seconds
[2024-11-11T23:53:58.842+0000] {processor.py:186} INFO - Started process (PID=1325) to work on /home/airflow/.local/lib/python3.12/site-packages/airflow/example_dags/example_task_group.py
[2024-11-11T23:53:58.844+0000] {processor.py:914} INFO - Processing file /home/airflow/.local/lib/python3.12/site-packages/airflow/example_dags/example_task_group.py for tasks to queue
[2024-11-11T23:53:58.849+0000] {logging_mixin.py:190} INFO - [2024-11-11T23:53:58.849+0000] {dagbag.py:588} INFO - Filling up the DagBag from /home/airflow/.local/lib/python3.12/site-packages/airflow/example_dags/example_task_group.py
[2024-11-11T23:53:58.859+0000] {processor.py:925} INFO - DAG(s) 'example_task_group' retrieved from /home/airflow/.local/lib/python3.12/site-packages/airflow/example_dags/example_task_group.py
[2024-11-11T23:53:58.886+0000] {logging_mixin.py:190} INFO - [2024-11-11T23:53:58.886+0000] {dag.py:3239} INFO - Sync 1 DAGs
[2024-11-11T23:53:58.904+0000] {logging_mixin.py:190} INFO - [2024-11-11T23:53:58.903+0000] {dag.py:4180} INFO - Setting next_dagrun for example_task_group to None, run_after=None
[2024-11-11T23:53:58.934+0000] {processor.py:208} INFO - Processing /home/airflow/.local/lib/python3.12/site-packages/airflow/example_dags/example_task_group.py took 0.098 seconds
[2024-11-11T23:54:30.019+0000] {processor.py:186} INFO - Started process (PID=1387) to work on /home/airflow/.local/lib/python3.12/site-packages/airflow/example_dags/example_task_group.py
[2024-11-11T23:54:30.021+0000] {processor.py:914} INFO - Processing file /home/airflow/.local/lib/python3.12/site-packages/airflow/example_dags/example_task_group.py for tasks to queue
[2024-11-11T23:54:30.023+0000] {logging_mixin.py:190} INFO - [2024-11-11T23:54:30.023+0000] {dagbag.py:588} INFO - Filling up the DagBag from /home/airflow/.local/lib/python3.12/site-packages/airflow/example_dags/example_task_group.py
[2024-11-11T23:54:30.033+0000] {processor.py:925} INFO - DAG(s) 'example_task_group' retrieved from /home/airflow/.local/lib/python3.12/site-packages/airflow/example_dags/example_task_group.py
[2024-11-11T23:54:30.055+0000] {logging_mixin.py:190} INFO - [2024-11-11T23:54:30.055+0000] {dag.py:3239} INFO - Sync 1 DAGs
[2024-11-11T23:54:30.072+0000] {logging_mixin.py:190} INFO - [2024-11-11T23:54:30.072+0000] {dag.py:4180} INFO - Setting next_dagrun for example_task_group to None, run_after=None
[2024-11-11T23:54:30.205+0000] {processor.py:208} INFO - Processing /home/airflow/.local/lib/python3.12/site-packages/airflow/example_dags/example_task_group.py took 0.193 seconds
[2024-11-11T23:55:00.811+0000] {processor.py:186} INFO - Started process (PID=1451) to work on /home/airflow/.local/lib/python3.12/site-packages/airflow/example_dags/example_task_group.py
[2024-11-11T23:55:00.812+0000] {processor.py:914} INFO - Processing file /home/airflow/.local/lib/python3.12/site-packages/airflow/example_dags/example_task_group.py for tasks to queue
[2024-11-11T23:55:00.814+0000] {logging_mixin.py:190} INFO - [2024-11-11T23:55:00.814+0000] {dagbag.py:588} INFO - Filling up the DagBag from /home/airflow/.local/lib/python3.12/site-packages/airflow/example_dags/example_task_group.py
[2024-11-11T23:55:00.822+0000] {processor.py:925} INFO - DAG(s) 'example_task_group' retrieved from /home/airflow/.local/lib/python3.12/site-packages/airflow/example_dags/example_task_group.py
[2024-11-11T23:55:00.843+0000] {logging_mixin.py:190} INFO - [2024-11-11T23:55:00.843+0000] {dag.py:3239} INFO - Sync 1 DAGs
[2024-11-11T23:55:00.856+0000] {logging_mixin.py:190} INFO - [2024-11-11T23:55:00.856+0000] {dag.py:4180} INFO - Setting next_dagrun for example_task_group to None, run_after=None
[2024-11-11T23:55:00.880+0000] {processor.py:208} INFO - Processing /home/airflow/.local/lib/python3.12/site-packages/airflow/example_dags/example_task_group.py took 0.075 seconds
[2024-11-11T23:55:31.566+0000] {processor.py:186} INFO - Started process (PID=1515) to work on /home/airflow/.local/lib/python3.12/site-packages/airflow/example_dags/example_task_group.py
[2024-11-11T23:55:31.568+0000] {processor.py:914} INFO - Processing file /home/airflow/.local/lib/python3.12/site-packages/airflow/example_dags/example_task_group.py for tasks to queue
[2024-11-11T23:55:31.572+0000] {logging_mixin.py:190} INFO - [2024-11-11T23:55:31.572+0000] {dagbag.py:588} INFO - Filling up the DagBag from /home/airflow/.local/lib/python3.12/site-packages/airflow/example_dags/example_task_group.py
[2024-11-11T23:55:31.585+0000] {processor.py:925} INFO - DAG(s) 'example_task_group' retrieved from /home/airflow/.local/lib/python3.12/site-packages/airflow/example_dags/example_task_group.py
[2024-11-11T23:55:31.611+0000] {logging_mixin.py:190} INFO - [2024-11-11T23:55:31.611+0000] {dag.py:3239} INFO - Sync 1 DAGs
[2024-11-11T23:55:31.627+0000] {logging_mixin.py:190} INFO - [2024-11-11T23:55:31.627+0000] {dag.py:4180} INFO - Setting next_dagrun for example_task_group to None, run_after=None
[2024-11-11T23:55:31.655+0000] {processor.py:208} INFO - Processing /home/airflow/.local/lib/python3.12/site-packages/airflow/example_dags/example_task_group.py took 0.095 seconds
[2024-11-11T23:56:01.695+0000] {processor.py:186} INFO - Started process (PID=1578) to work on /home/airflow/.local/lib/python3.12/site-packages/airflow/example_dags/example_task_group.py
[2024-11-11T23:56:01.696+0000] {processor.py:914} INFO - Processing file /home/airflow/.local/lib/python3.12/site-packages/airflow/example_dags/example_task_group.py for tasks to queue
[2024-11-11T23:56:01.699+0000] {logging_mixin.py:190} INFO - [2024-11-11T23:56:01.699+0000] {dagbag.py:588} INFO - Filling up the DagBag from /home/airflow/.local/lib/python3.12/site-packages/airflow/example_dags/example_task_group.py
[2024-11-11T23:56:01.710+0000] {processor.py:925} INFO - DAG(s) 'example_task_group' retrieved from /home/airflow/.local/lib/python3.12/site-packages/airflow/example_dags/example_task_group.py
[2024-11-11T23:56:01.733+0000] {logging_mixin.py:190} INFO - [2024-11-11T23:56:01.733+0000] {dag.py:3239} INFO - Sync 1 DAGs
[2024-11-11T23:56:01.747+0000] {logging_mixin.py:190} INFO - [2024-11-11T23:56:01.746+0000] {dag.py:4180} INFO - Setting next_dagrun for example_task_group to None, run_after=None
[2024-11-11T23:56:01.767+0000] {processor.py:208} INFO - Processing /home/airflow/.local/lib/python3.12/site-packages/airflow/example_dags/example_task_group.py took 0.078 seconds
[2024-11-11T23:56:32.094+0000] {processor.py:186} INFO - Started process (PID=1642) to work on /home/airflow/.local/lib/python3.12/site-packages/airflow/example_dags/example_task_group.py
[2024-11-11T23:56:32.095+0000] {processor.py:914} INFO - Processing file /home/airflow/.local/lib/python3.12/site-packages/airflow/example_dags/example_task_group.py for tasks to queue
[2024-11-11T23:56:32.098+0000] {logging_mixin.py:190} INFO - [2024-11-11T23:56:32.097+0000] {dagbag.py:588} INFO - Filling up the DagBag from /home/airflow/.local/lib/python3.12/site-packages/airflow/example_dags/example_task_group.py
[2024-11-11T23:56:32.108+0000] {processor.py:925} INFO - DAG(s) 'example_task_group' retrieved from /home/airflow/.local/lib/python3.12/site-packages/airflow/example_dags/example_task_group.py
[2024-11-11T23:56:32.132+0000] {logging_mixin.py:190} INFO - [2024-11-11T23:56:32.132+0000] {dag.py:3239} INFO - Sync 1 DAGs
[2024-11-11T23:56:32.147+0000] {logging_mixin.py:190} INFO - [2024-11-11T23:56:32.146+0000] {dag.py:4180} INFO - Setting next_dagrun for example_task_group to None, run_after=None
[2024-11-11T23:56:32.171+0000] {processor.py:208} INFO - Processing /home/airflow/.local/lib/python3.12/site-packages/airflow/example_dags/example_task_group.py took 0.082 seconds
[2024-11-11T23:57:02.425+0000] {processor.py:186} INFO - Started process (PID=1706) to work on /home/airflow/.local/lib/python3.12/site-packages/airflow/example_dags/example_task_group.py
[2024-11-11T23:57:02.426+0000] {processor.py:914} INFO - Processing file /home/airflow/.local/lib/python3.12/site-packages/airflow/example_dags/example_task_group.py for tasks to queue
[2024-11-11T23:57:02.429+0000] {logging_mixin.py:190} INFO - [2024-11-11T23:57:02.429+0000] {dagbag.py:588} INFO - Filling up the DagBag from /home/airflow/.local/lib/python3.12/site-packages/airflow/example_dags/example_task_group.py
[2024-11-11T23:57:02.438+0000] {processor.py:925} INFO - DAG(s) 'example_task_group' retrieved from /home/airflow/.local/lib/python3.12/site-packages/airflow/example_dags/example_task_group.py
[2024-11-11T23:57:02.460+0000] {logging_mixin.py:190} INFO - [2024-11-11T23:57:02.460+0000] {dag.py:3239} INFO - Sync 1 DAGs
[2024-11-11T23:57:02.475+0000] {logging_mixin.py:190} INFO - [2024-11-11T23:57:02.475+0000] {dag.py:4180} INFO - Setting next_dagrun for example_task_group to None, run_after=None
[2024-11-11T23:57:02.501+0000] {processor.py:208} INFO - Processing /home/airflow/.local/lib/python3.12/site-packages/airflow/example_dags/example_task_group.py took 0.081 seconds
[2024-11-11T23:57:33.417+0000] {processor.py:186} INFO - Started process (PID=1770) to work on /home/airflow/.local/lib/python3.12/site-packages/airflow/example_dags/example_task_group.py
[2024-11-11T23:57:33.419+0000] {processor.py:914} INFO - Processing file /home/airflow/.local/lib/python3.12/site-packages/airflow/example_dags/example_task_group.py for tasks to queue
[2024-11-11T23:57:33.422+0000] {logging_mixin.py:190} INFO - [2024-11-11T23:57:33.421+0000] {dagbag.py:588} INFO - Filling up the DagBag from /home/airflow/.local/lib/python3.12/site-packages/airflow/example_dags/example_task_group.py
[2024-11-11T23:57:33.431+0000] {processor.py:925} INFO - DAG(s) 'example_task_group' retrieved from /home/airflow/.local/lib/python3.12/site-packages/airflow/example_dags/example_task_group.py
[2024-11-11T23:57:33.455+0000] {logging_mixin.py:190} INFO - [2024-11-11T23:57:33.455+0000] {dag.py:3239} INFO - Sync 1 DAGs
[2024-11-11T23:57:33.471+0000] {logging_mixin.py:190} INFO - [2024-11-11T23:57:33.471+0000] {dag.py:4180} INFO - Setting next_dagrun for example_task_group to None, run_after=None
[2024-11-11T23:57:33.522+0000] {processor.py:208} INFO - Processing /home/airflow/.local/lib/python3.12/site-packages/airflow/example_dags/example_task_group.py took 0.111 seconds
[2024-11-11T23:58:03.675+0000] {processor.py:186} INFO - Started process (PID=1834) to work on /home/airflow/.local/lib/python3.12/site-packages/airflow/example_dags/example_task_group.py
[2024-11-11T23:58:03.676+0000] {processor.py:914} INFO - Processing file /home/airflow/.local/lib/python3.12/site-packages/airflow/example_dags/example_task_group.py for tasks to queue
[2024-11-11T23:58:03.679+0000] {logging_mixin.py:190} INFO - [2024-11-11T23:58:03.678+0000] {dagbag.py:588} INFO - Filling up the DagBag from /home/airflow/.local/lib/python3.12/site-packages/airflow/example_dags/example_task_group.py
[2024-11-11T23:58:03.689+0000] {processor.py:925} INFO - DAG(s) 'example_task_group' retrieved from /home/airflow/.local/lib/python3.12/site-packages/airflow/example_dags/example_task_group.py
[2024-11-11T23:58:03.712+0000] {logging_mixin.py:190} INFO - [2024-11-11T23:58:03.712+0000] {dag.py:3239} INFO - Sync 1 DAGs
[2024-11-11T23:58:03.727+0000] {logging_mixin.py:190} INFO - [2024-11-11T23:58:03.727+0000] {dag.py:4180} INFO - Setting next_dagrun for example_task_group to None, run_after=None
[2024-11-11T23:58:03.754+0000] {processor.py:208} INFO - Processing /home/airflow/.local/lib/python3.12/site-packages/airflow/example_dags/example_task_group.py took 0.084 seconds
[2024-11-11T23:58:33.942+0000] {processor.py:186} INFO - Started process (PID=1898) to work on /home/airflow/.local/lib/python3.12/site-packages/airflow/example_dags/example_task_group.py
[2024-11-11T23:58:33.943+0000] {processor.py:914} INFO - Processing file /home/airflow/.local/lib/python3.12/site-packages/airflow/example_dags/example_task_group.py for tasks to queue
[2024-11-11T23:58:33.946+0000] {logging_mixin.py:190} INFO - [2024-11-11T23:58:33.945+0000] {dagbag.py:588} INFO - Filling up the DagBag from /home/airflow/.local/lib/python3.12/site-packages/airflow/example_dags/example_task_group.py
[2024-11-11T23:58:33.954+0000] {processor.py:925} INFO - DAG(s) 'example_task_group' retrieved from /home/airflow/.local/lib/python3.12/site-packages/airflow/example_dags/example_task_group.py
[2024-11-11T23:58:33.976+0000] {logging_mixin.py:190} INFO - [2024-11-11T23:58:33.976+0000] {dag.py:3239} INFO - Sync 1 DAGs
[2024-11-11T23:58:33.990+0000] {logging_mixin.py:190} INFO - [2024-11-11T23:58:33.989+0000] {dag.py:4180} INFO - Setting next_dagrun for example_task_group to None, run_after=None
[2024-11-11T23:58:34.014+0000] {processor.py:208} INFO - Processing /home/airflow/.local/lib/python3.12/site-packages/airflow/example_dags/example_task_group.py took 0.078 seconds
[2024-11-11T23:59:04.120+0000] {processor.py:186} INFO - Started process (PID=1962) to work on /home/airflow/.local/lib/python3.12/site-packages/airflow/example_dags/example_task_group.py
[2024-11-11T23:59:04.120+0000] {processor.py:914} INFO - Processing file /home/airflow/.local/lib/python3.12/site-packages/airflow/example_dags/example_task_group.py for tasks to queue
[2024-11-11T23:59:04.123+0000] {logging_mixin.py:190} INFO - [2024-11-11T23:59:04.122+0000] {dagbag.py:588} INFO - Filling up the DagBag from /home/airflow/.local/lib/python3.12/site-packages/airflow/example_dags/example_task_group.py
[2024-11-11T23:59:04.131+0000] {processor.py:925} INFO - DAG(s) 'example_task_group' retrieved from /home/airflow/.local/lib/python3.12/site-packages/airflow/example_dags/example_task_group.py
[2024-11-11T23:59:04.152+0000] {logging_mixin.py:190} INFO - [2024-11-11T23:59:04.152+0000] {dag.py:3239} INFO - Sync 1 DAGs
[2024-11-11T23:59:04.165+0000] {logging_mixin.py:190} INFO - [2024-11-11T23:59:04.165+0000] {dag.py:4180} INFO - Setting next_dagrun for example_task_group to None, run_after=None
[2024-11-11T23:59:04.189+0000] {processor.py:208} INFO - Processing /home/airflow/.local/lib/python3.12/site-packages/airflow/example_dags/example_task_group.py took 0.075 seconds
[2024-11-11T23:59:34.494+0000] {processor.py:186} INFO - Started process (PID=2026) to work on /home/airflow/.local/lib/python3.12/site-packages/airflow/example_dags/example_task_group.py
[2024-11-11T23:59:34.496+0000] {processor.py:914} INFO - Processing file /home/airflow/.local/lib/python3.12/site-packages/airflow/example_dags/example_task_group.py for tasks to queue
[2024-11-11T23:59:34.499+0000] {logging_mixin.py:190} INFO - [2024-11-11T23:59:34.499+0000] {dagbag.py:588} INFO - Filling up the DagBag from /home/airflow/.local/lib/python3.12/site-packages/airflow/example_dags/example_task_group.py
[2024-11-11T23:59:34.511+0000] {processor.py:925} INFO - DAG(s) 'example_task_group' retrieved from /home/airflow/.local/lib/python3.12/site-packages/airflow/example_dags/example_task_group.py
[2024-11-11T23:59:34.533+0000] {logging_mixin.py:190} INFO - [2024-11-11T23:59:34.532+0000] {dag.py:3239} INFO - Sync 1 DAGs
[2024-11-11T23:59:34.548+0000] {logging_mixin.py:190} INFO - [2024-11-11T23:59:34.547+0000] {dag.py:4180} INFO - Setting next_dagrun for example_task_group to None, run_after=None
[2024-11-11T23:59:34.573+0000] {processor.py:208} INFO - Processing /home/airflow/.local/lib/python3.12/site-packages/airflow/example_dags/example_task_group.py took 0.085 seconds
