[2024-11-11T23:44:07.416+0000] {processor.py:186} INFO - Started process (PID=104) to work on /home/airflow/.local/lib/python3.12/site-packages/airflow/example_dags/tutorial_dag.py
[2024-11-11T23:44:07.418+0000] {processor.py:914} INFO - Processing file /home/airflow/.local/lib/python3.12/site-packages/airflow/example_dags/tutorial_dag.py for tasks to queue
[2024-11-11T23:44:07.421+0000] {logging_mixin.py:190} INFO - [2024-11-11T23:44:07.421+0000] {dagbag.py:588} INFO - Filling up the DagBag from /home/airflow/.local/lib/python3.12/site-packages/airflow/example_dags/tutorial_dag.py
[2024-11-11T23:44:07.492+0000] {processor.py:925} INFO - DAG(s) 'tutorial_dag' retrieved from /home/airflow/.local/lib/python3.12/site-packages/airflow/example_dags/tutorial_dag.py
[2024-11-11T23:44:07.938+0000] {logging_mixin.py:190} INFO - [2024-11-11T23:44:07.937+0000] {override.py:1911} INFO - Created Permission View: can edit on DAG:tutorial_dag
[2024-11-11T23:44:08.077+0000] {logging_mixin.py:190} INFO - [2024-11-11T23:44:08.077+0000] {override.py:1911} INFO - Created Permission View: can read on DAG:tutorial_dag
[2024-11-11T23:44:08.091+0000] {logging_mixin.py:190} INFO - [2024-11-11T23:44:08.090+0000] {override.py:1911} INFO - Created Permission View: can delete on DAG:tutorial_dag
[2024-11-11T23:44:08.169+0000] {logging_mixin.py:190} INFO - [2024-11-11T23:44:08.169+0000] {override.py:1911} INFO - Created Permission View: menu access on DAG Run:tutorial_dag
[2024-11-11T23:44:08.196+0000] {logging_mixin.py:190} INFO - [2024-11-11T23:44:08.195+0000] {override.py:1911} INFO - Created Permission View: can read on DAG Run:tutorial_dag
[2024-11-11T23:44:08.212+0000] {logging_mixin.py:190} INFO - [2024-11-11T23:44:08.212+0000] {override.py:1911} INFO - Created Permission View: can delete on DAG Run:tutorial_dag
[2024-11-11T23:44:08.226+0000] {logging_mixin.py:190} INFO - [2024-11-11T23:44:08.225+0000] {override.py:1911} INFO - Created Permission View: can create on DAG Run:tutorial_dag
[2024-11-11T23:44:08.227+0000] {logging_mixin.py:190} INFO - [2024-11-11T23:44:08.227+0000] {dag.py:3239} INFO - Sync 1 DAGs
[2024-11-11T23:44:08.248+0000] {logging_mixin.py:190} INFO - [2024-11-11T23:44:08.248+0000] {dag.py:3262} INFO - Creating ORM DAG for tutorial_dag
[2024-11-11T23:44:08.250+0000] {logging_mixin.py:190} INFO - [2024-11-11T23:44:08.249+0000] {dag.py:4180} INFO - Setting next_dagrun for tutorial_dag to None, run_after=None
[2024-11-11T23:44:08.286+0000] {processor.py:208} INFO - Processing /home/airflow/.local/lib/python3.12/site-packages/airflow/example_dags/tutorial_dag.py took 0.876 seconds
[2024-11-11T23:44:39.377+0000] {processor.py:186} INFO - Started process (PID=167) to work on /home/airflow/.local/lib/python3.12/site-packages/airflow/example_dags/tutorial_dag.py
[2024-11-11T23:44:39.379+0000] {processor.py:914} INFO - Processing file /home/airflow/.local/lib/python3.12/site-packages/airflow/example_dags/tutorial_dag.py for tasks to queue
[2024-11-11T23:44:39.382+0000] {logging_mixin.py:190} INFO - [2024-11-11T23:44:39.381+0000] {dagbag.py:588} INFO - Filling up the DagBag from /home/airflow/.local/lib/python3.12/site-packages/airflow/example_dags/tutorial_dag.py
[2024-11-11T23:44:39.391+0000] {processor.py:925} INFO - DAG(s) 'tutorial_dag' retrieved from /home/airflow/.local/lib/python3.12/site-packages/airflow/example_dags/tutorial_dag.py
[2024-11-11T23:44:39.414+0000] {logging_mixin.py:190} INFO - [2024-11-11T23:44:39.413+0000] {dag.py:3239} INFO - Sync 1 DAGs
[2024-11-11T23:44:39.435+0000] {logging_mixin.py:190} INFO - [2024-11-11T23:44:39.435+0000] {dag.py:4180} INFO - Setting next_dagrun for tutorial_dag to None, run_after=None
[2024-11-11T23:44:39.462+0000] {processor.py:208} INFO - Processing /home/airflow/.local/lib/python3.12/site-packages/airflow/example_dags/tutorial_dag.py took 0.091 seconds
[2024-11-11T23:45:09.616+0000] {processor.py:186} INFO - Started process (PID=230) to work on /home/airflow/.local/lib/python3.12/site-packages/airflow/example_dags/tutorial_dag.py
[2024-11-11T23:45:09.617+0000] {processor.py:914} INFO - Processing file /home/airflow/.local/lib/python3.12/site-packages/airflow/example_dags/tutorial_dag.py for tasks to queue
[2024-11-11T23:45:09.620+0000] {logging_mixin.py:190} INFO - [2024-11-11T23:45:09.619+0000] {dagbag.py:588} INFO - Filling up the DagBag from /home/airflow/.local/lib/python3.12/site-packages/airflow/example_dags/tutorial_dag.py
[2024-11-11T23:45:09.627+0000] {processor.py:925} INFO - DAG(s) 'tutorial_dag' retrieved from /home/airflow/.local/lib/python3.12/site-packages/airflow/example_dags/tutorial_dag.py
[2024-11-11T23:45:09.647+0000] {logging_mixin.py:190} INFO - [2024-11-11T23:45:09.647+0000] {dag.py:3239} INFO - Sync 1 DAGs
[2024-11-11T23:45:09.662+0000] {logging_mixin.py:190} INFO - [2024-11-11T23:45:09.662+0000] {dag.py:4180} INFO - Setting next_dagrun for tutorial_dag to None, run_after=None
[2024-11-11T23:45:09.686+0000] {processor.py:208} INFO - Processing /home/airflow/.local/lib/python3.12/site-packages/airflow/example_dags/tutorial_dag.py took 0.076 seconds
[2024-11-11T23:45:40.857+0000] {processor.py:186} INFO - Started process (PID=293) to work on /home/airflow/.local/lib/python3.12/site-packages/airflow/example_dags/tutorial_dag.py
[2024-11-11T23:45:40.858+0000] {processor.py:914} INFO - Processing file /home/airflow/.local/lib/python3.12/site-packages/airflow/example_dags/tutorial_dag.py for tasks to queue
[2024-11-11T23:45:40.861+0000] {logging_mixin.py:190} INFO - [2024-11-11T23:45:40.861+0000] {dagbag.py:588} INFO - Filling up the DagBag from /home/airflow/.local/lib/python3.12/site-packages/airflow/example_dags/tutorial_dag.py
[2024-11-11T23:45:40.869+0000] {processor.py:925} INFO - DAG(s) 'tutorial_dag' retrieved from /home/airflow/.local/lib/python3.12/site-packages/airflow/example_dags/tutorial_dag.py
[2024-11-11T23:45:40.889+0000] {logging_mixin.py:190} INFO - [2024-11-11T23:45:40.888+0000] {dag.py:3239} INFO - Sync 1 DAGs
[2024-11-11T23:45:40.903+0000] {logging_mixin.py:190} INFO - [2024-11-11T23:45:40.903+0000] {dag.py:4180} INFO - Setting next_dagrun for tutorial_dag to None, run_after=None
[2024-11-11T23:45:40.929+0000] {processor.py:208} INFO - Processing /home/airflow/.local/lib/python3.12/site-packages/airflow/example_dags/tutorial_dag.py took 0.078 seconds
[2024-11-11T23:46:11.302+0000] {processor.py:186} INFO - Started process (PID=356) to work on /home/airflow/.local/lib/python3.12/site-packages/airflow/example_dags/tutorial_dag.py
[2024-11-11T23:46:11.304+0000] {processor.py:914} INFO - Processing file /home/airflow/.local/lib/python3.12/site-packages/airflow/example_dags/tutorial_dag.py for tasks to queue
[2024-11-11T23:46:11.308+0000] {logging_mixin.py:190} INFO - [2024-11-11T23:46:11.307+0000] {dagbag.py:588} INFO - Filling up the DagBag from /home/airflow/.local/lib/python3.12/site-packages/airflow/example_dags/tutorial_dag.py
[2024-11-11T23:46:11.320+0000] {processor.py:925} INFO - DAG(s) 'tutorial_dag' retrieved from /home/airflow/.local/lib/python3.12/site-packages/airflow/example_dags/tutorial_dag.py
[2024-11-11T23:46:11.359+0000] {logging_mixin.py:190} INFO - [2024-11-11T23:46:11.359+0000] {dag.py:3239} INFO - Sync 1 DAGs
[2024-11-11T23:46:11.409+0000] {logging_mixin.py:190} INFO - [2024-11-11T23:46:11.408+0000] {dag.py:4180} INFO - Setting next_dagrun for tutorial_dag to None, run_after=None
[2024-11-11T23:46:11.444+0000] {processor.py:208} INFO - Processing /home/airflow/.local/lib/python3.12/site-packages/airflow/example_dags/tutorial_dag.py took 0.157 seconds
[2024-11-11T23:46:42.307+0000] {processor.py:186} INFO - Started process (PID=419) to work on /home/airflow/.local/lib/python3.12/site-packages/airflow/example_dags/tutorial_dag.py
[2024-11-11T23:46:42.308+0000] {processor.py:914} INFO - Processing file /home/airflow/.local/lib/python3.12/site-packages/airflow/example_dags/tutorial_dag.py for tasks to queue
[2024-11-11T23:46:42.311+0000] {logging_mixin.py:190} INFO - [2024-11-11T23:46:42.311+0000] {dagbag.py:588} INFO - Filling up the DagBag from /home/airflow/.local/lib/python3.12/site-packages/airflow/example_dags/tutorial_dag.py
[2024-11-11T23:46:42.319+0000] {processor.py:925} INFO - DAG(s) 'tutorial_dag' retrieved from /home/airflow/.local/lib/python3.12/site-packages/airflow/example_dags/tutorial_dag.py
[2024-11-11T23:46:42.345+0000] {logging_mixin.py:190} INFO - [2024-11-11T23:46:42.344+0000] {dag.py:3239} INFO - Sync 1 DAGs
[2024-11-11T23:46:42.363+0000] {logging_mixin.py:190} INFO - [2024-11-11T23:46:42.363+0000] {dag.py:4180} INFO - Setting next_dagrun for tutorial_dag to None, run_after=None
[2024-11-11T23:46:42.387+0000] {processor.py:208} INFO - Processing /home/airflow/.local/lib/python3.12/site-packages/airflow/example_dags/tutorial_dag.py took 0.086 seconds
[2024-11-11T23:47:12.943+0000] {processor.py:186} INFO - Started process (PID=481) to work on /home/airflow/.local/lib/python3.12/site-packages/airflow/example_dags/tutorial_dag.py
[2024-11-11T23:47:12.945+0000] {processor.py:914} INFO - Processing file /home/airflow/.local/lib/python3.12/site-packages/airflow/example_dags/tutorial_dag.py for tasks to queue
[2024-11-11T23:47:12.949+0000] {logging_mixin.py:190} INFO - [2024-11-11T23:47:12.949+0000] {dagbag.py:588} INFO - Filling up the DagBag from /home/airflow/.local/lib/python3.12/site-packages/airflow/example_dags/tutorial_dag.py
[2024-11-11T23:47:12.965+0000] {processor.py:925} INFO - DAG(s) 'tutorial_dag' retrieved from /home/airflow/.local/lib/python3.12/site-packages/airflow/example_dags/tutorial_dag.py
[2024-11-11T23:47:12.998+0000] {logging_mixin.py:190} INFO - [2024-11-11T23:47:12.998+0000] {dag.py:3239} INFO - Sync 1 DAGs
[2024-11-11T23:47:13.029+0000] {logging_mixin.py:190} INFO - [2024-11-11T23:47:13.028+0000] {dag.py:4180} INFO - Setting next_dagrun for tutorial_dag to None, run_after=None
[2024-11-11T23:47:13.068+0000] {processor.py:208} INFO - Processing /home/airflow/.local/lib/python3.12/site-packages/airflow/example_dags/tutorial_dag.py took 0.136 seconds
[2024-11-11T23:47:43.605+0000] {processor.py:186} INFO - Started process (PID=544) to work on /home/airflow/.local/lib/python3.12/site-packages/airflow/example_dags/tutorial_dag.py
[2024-11-11T23:47:43.606+0000] {processor.py:914} INFO - Processing file /home/airflow/.local/lib/python3.12/site-packages/airflow/example_dags/tutorial_dag.py for tasks to queue
[2024-11-11T23:47:43.609+0000] {logging_mixin.py:190} INFO - [2024-11-11T23:47:43.609+0000] {dagbag.py:588} INFO - Filling up the DagBag from /home/airflow/.local/lib/python3.12/site-packages/airflow/example_dags/tutorial_dag.py
[2024-11-11T23:47:43.619+0000] {processor.py:925} INFO - DAG(s) 'tutorial_dag' retrieved from /home/airflow/.local/lib/python3.12/site-packages/airflow/example_dags/tutorial_dag.py
[2024-11-11T23:47:43.639+0000] {logging_mixin.py:190} INFO - [2024-11-11T23:47:43.639+0000] {dag.py:3239} INFO - Sync 1 DAGs
[2024-11-11T23:47:43.654+0000] {logging_mixin.py:190} INFO - [2024-11-11T23:47:43.654+0000] {dag.py:4180} INFO - Setting next_dagrun for tutorial_dag to None, run_after=None
[2024-11-11T23:47:43.680+0000] {processor.py:208} INFO - Processing /home/airflow/.local/lib/python3.12/site-packages/airflow/example_dags/tutorial_dag.py took 0.080 seconds
[2024-11-11T23:48:14.433+0000] {processor.py:186} INFO - Started process (PID=607) to work on /home/airflow/.local/lib/python3.12/site-packages/airflow/example_dags/tutorial_dag.py
[2024-11-11T23:48:14.434+0000] {processor.py:914} INFO - Processing file /home/airflow/.local/lib/python3.12/site-packages/airflow/example_dags/tutorial_dag.py for tasks to queue
[2024-11-11T23:48:14.437+0000] {logging_mixin.py:190} INFO - [2024-11-11T23:48:14.437+0000] {dagbag.py:588} INFO - Filling up the DagBag from /home/airflow/.local/lib/python3.12/site-packages/airflow/example_dags/tutorial_dag.py
[2024-11-11T23:48:14.447+0000] {processor.py:925} INFO - DAG(s) 'tutorial_dag' retrieved from /home/airflow/.local/lib/python3.12/site-packages/airflow/example_dags/tutorial_dag.py
[2024-11-11T23:48:14.489+0000] {logging_mixin.py:190} INFO - [2024-11-11T23:48:14.489+0000] {dag.py:3239} INFO - Sync 1 DAGs
[2024-11-11T23:48:14.507+0000] {logging_mixin.py:190} INFO - [2024-11-11T23:48:14.507+0000] {dag.py:4180} INFO - Setting next_dagrun for tutorial_dag to None, run_after=None
[2024-11-11T23:48:14.541+0000] {processor.py:208} INFO - Processing /home/airflow/.local/lib/python3.12/site-packages/airflow/example_dags/tutorial_dag.py took 0.114 seconds
[2024-11-11T23:48:45.148+0000] {processor.py:186} INFO - Started process (PID=670) to work on /home/airflow/.local/lib/python3.12/site-packages/airflow/example_dags/tutorial_dag.py
[2024-11-11T23:48:45.150+0000] {processor.py:914} INFO - Processing file /home/airflow/.local/lib/python3.12/site-packages/airflow/example_dags/tutorial_dag.py for tasks to queue
[2024-11-11T23:48:45.154+0000] {logging_mixin.py:190} INFO - [2024-11-11T23:48:45.153+0000] {dagbag.py:588} INFO - Filling up the DagBag from /home/airflow/.local/lib/python3.12/site-packages/airflow/example_dags/tutorial_dag.py
[2024-11-11T23:48:45.161+0000] {processor.py:925} INFO - DAG(s) 'tutorial_dag' retrieved from /home/airflow/.local/lib/python3.12/site-packages/airflow/example_dags/tutorial_dag.py
[2024-11-11T23:48:45.185+0000] {logging_mixin.py:190} INFO - [2024-11-11T23:48:45.185+0000] {dag.py:3239} INFO - Sync 1 DAGs
[2024-11-11T23:48:45.202+0000] {logging_mixin.py:190} INFO - [2024-11-11T23:48:45.202+0000] {dag.py:4180} INFO - Setting next_dagrun for tutorial_dag to None, run_after=None
[2024-11-11T23:48:45.229+0000] {processor.py:208} INFO - Processing /home/airflow/.local/lib/python3.12/site-packages/airflow/example_dags/tutorial_dag.py took 0.087 seconds
[2024-11-11T23:49:15.308+0000] {processor.py:186} INFO - Started process (PID=734) to work on /home/airflow/.local/lib/python3.12/site-packages/airflow/example_dags/tutorial_dag.py
[2024-11-11T23:49:15.309+0000] {processor.py:914} INFO - Processing file /home/airflow/.local/lib/python3.12/site-packages/airflow/example_dags/tutorial_dag.py for tasks to queue
[2024-11-11T23:49:15.312+0000] {logging_mixin.py:190} INFO - [2024-11-11T23:49:15.312+0000] {dagbag.py:588} INFO - Filling up the DagBag from /home/airflow/.local/lib/python3.12/site-packages/airflow/example_dags/tutorial_dag.py
[2024-11-11T23:49:15.319+0000] {processor.py:925} INFO - DAG(s) 'tutorial_dag' retrieved from /home/airflow/.local/lib/python3.12/site-packages/airflow/example_dags/tutorial_dag.py
[2024-11-11T23:49:15.341+0000] {logging_mixin.py:190} INFO - [2024-11-11T23:49:15.341+0000] {dag.py:3239} INFO - Sync 1 DAGs
[2024-11-11T23:49:15.354+0000] {logging_mixin.py:190} INFO - [2024-11-11T23:49:15.354+0000] {dag.py:4180} INFO - Setting next_dagrun for tutorial_dag to None, run_after=None
[2024-11-11T23:49:15.384+0000] {processor.py:208} INFO - Processing /home/airflow/.local/lib/python3.12/site-packages/airflow/example_dags/tutorial_dag.py took 0.082 seconds
[2024-11-11T23:49:45.908+0000] {processor.py:186} INFO - Started process (PID=798) to work on /home/airflow/.local/lib/python3.12/site-packages/airflow/example_dags/tutorial_dag.py
[2024-11-11T23:49:45.909+0000] {processor.py:914} INFO - Processing file /home/airflow/.local/lib/python3.12/site-packages/airflow/example_dags/tutorial_dag.py for tasks to queue
[2024-11-11T23:49:45.913+0000] {logging_mixin.py:190} INFO - [2024-11-11T23:49:45.912+0000] {dagbag.py:588} INFO - Filling up the DagBag from /home/airflow/.local/lib/python3.12/site-packages/airflow/example_dags/tutorial_dag.py
[2024-11-11T23:49:45.928+0000] {processor.py:925} INFO - DAG(s) 'tutorial_dag' retrieved from /home/airflow/.local/lib/python3.12/site-packages/airflow/example_dags/tutorial_dag.py
[2024-11-11T23:49:45.981+0000] {logging_mixin.py:190} INFO - [2024-11-11T23:49:45.981+0000] {dag.py:3239} INFO - Sync 1 DAGs
[2024-11-11T23:49:46.008+0000] {logging_mixin.py:190} INFO - [2024-11-11T23:49:46.008+0000] {dag.py:4180} INFO - Setting next_dagrun for tutorial_dag to None, run_after=None
[2024-11-11T23:49:46.046+0000] {processor.py:208} INFO - Processing /home/airflow/.local/lib/python3.12/site-packages/airflow/example_dags/tutorial_dag.py took 0.153 seconds
[2024-11-11T23:50:16.256+0000] {processor.py:186} INFO - Started process (PID=862) to work on /home/airflow/.local/lib/python3.12/site-packages/airflow/example_dags/tutorial_dag.py
[2024-11-11T23:50:16.260+0000] {processor.py:914} INFO - Processing file /home/airflow/.local/lib/python3.12/site-packages/airflow/example_dags/tutorial_dag.py for tasks to queue
[2024-11-11T23:50:16.263+0000] {logging_mixin.py:190} INFO - [2024-11-11T23:50:16.262+0000] {dagbag.py:588} INFO - Filling up the DagBag from /home/airflow/.local/lib/python3.12/site-packages/airflow/example_dags/tutorial_dag.py
[2024-11-11T23:50:16.271+0000] {processor.py:925} INFO - DAG(s) 'tutorial_dag' retrieved from /home/airflow/.local/lib/python3.12/site-packages/airflow/example_dags/tutorial_dag.py
[2024-11-11T23:50:16.296+0000] {logging_mixin.py:190} INFO - [2024-11-11T23:50:16.296+0000] {dag.py:3239} INFO - Sync 1 DAGs
[2024-11-11T23:50:16.322+0000] {logging_mixin.py:190} INFO - [2024-11-11T23:50:16.321+0000] {dag.py:4180} INFO - Setting next_dagrun for tutorial_dag to None, run_after=None
[2024-11-11T23:50:16.361+0000] {processor.py:208} INFO - Processing /home/airflow/.local/lib/python3.12/site-packages/airflow/example_dags/tutorial_dag.py took 0.111 seconds
[2024-11-11T23:50:46.478+0000] {processor.py:186} INFO - Started process (PID=925) to work on /home/airflow/.local/lib/python3.12/site-packages/airflow/example_dags/tutorial_dag.py
[2024-11-11T23:50:46.479+0000] {processor.py:914} INFO - Processing file /home/airflow/.local/lib/python3.12/site-packages/airflow/example_dags/tutorial_dag.py for tasks to queue
[2024-11-11T23:50:46.482+0000] {logging_mixin.py:190} INFO - [2024-11-11T23:50:46.481+0000] {dagbag.py:588} INFO - Filling up the DagBag from /home/airflow/.local/lib/python3.12/site-packages/airflow/example_dags/tutorial_dag.py
[2024-11-11T23:50:46.489+0000] {processor.py:925} INFO - DAG(s) 'tutorial_dag' retrieved from /home/airflow/.local/lib/python3.12/site-packages/airflow/example_dags/tutorial_dag.py
[2024-11-11T23:50:46.510+0000] {logging_mixin.py:190} INFO - [2024-11-11T23:50:46.510+0000] {dag.py:3239} INFO - Sync 1 DAGs
[2024-11-11T23:50:46.523+0000] {logging_mixin.py:190} INFO - [2024-11-11T23:50:46.522+0000] {dag.py:4180} INFO - Setting next_dagrun for tutorial_dag to None, run_after=None
[2024-11-11T23:50:46.545+0000] {processor.py:208} INFO - Processing /home/airflow/.local/lib/python3.12/site-packages/airflow/example_dags/tutorial_dag.py took 0.073 seconds
[2024-11-11T23:51:17.090+0000] {processor.py:186} INFO - Started process (PID=989) to work on /home/airflow/.local/lib/python3.12/site-packages/airflow/example_dags/tutorial_dag.py
[2024-11-11T23:51:17.092+0000] {processor.py:914} INFO - Processing file /home/airflow/.local/lib/python3.12/site-packages/airflow/example_dags/tutorial_dag.py for tasks to queue
[2024-11-11T23:51:17.095+0000] {logging_mixin.py:190} INFO - [2024-11-11T23:51:17.094+0000] {dagbag.py:588} INFO - Filling up the DagBag from /home/airflow/.local/lib/python3.12/site-packages/airflow/example_dags/tutorial_dag.py
[2024-11-11T23:51:17.103+0000] {processor.py:925} INFO - DAG(s) 'tutorial_dag' retrieved from /home/airflow/.local/lib/python3.12/site-packages/airflow/example_dags/tutorial_dag.py
[2024-11-11T23:51:17.128+0000] {logging_mixin.py:190} INFO - [2024-11-11T23:51:17.128+0000] {dag.py:3239} INFO - Sync 1 DAGs
[2024-11-11T23:51:17.145+0000] {logging_mixin.py:190} INFO - [2024-11-11T23:51:17.145+0000] {dag.py:4180} INFO - Setting next_dagrun for tutorial_dag to None, run_after=None
[2024-11-11T23:51:17.174+0000] {processor.py:208} INFO - Processing /home/airflow/.local/lib/python3.12/site-packages/airflow/example_dags/tutorial_dag.py took 0.090 seconds
[2024-11-11T23:51:47.444+0000] {processor.py:186} INFO - Started process (PID=1053) to work on /home/airflow/.local/lib/python3.12/site-packages/airflow/example_dags/tutorial_dag.py
[2024-11-11T23:51:47.445+0000] {processor.py:914} INFO - Processing file /home/airflow/.local/lib/python3.12/site-packages/airflow/example_dags/tutorial_dag.py for tasks to queue
[2024-11-11T23:51:47.449+0000] {logging_mixin.py:190} INFO - [2024-11-11T23:51:47.448+0000] {dagbag.py:588} INFO - Filling up the DagBag from /home/airflow/.local/lib/python3.12/site-packages/airflow/example_dags/tutorial_dag.py
[2024-11-11T23:51:47.464+0000] {processor.py:925} INFO - DAG(s) 'tutorial_dag' retrieved from /home/airflow/.local/lib/python3.12/site-packages/airflow/example_dags/tutorial_dag.py
[2024-11-11T23:51:47.498+0000] {logging_mixin.py:190} INFO - [2024-11-11T23:51:47.498+0000] {dag.py:3239} INFO - Sync 1 DAGs
[2024-11-11T23:51:47.522+0000] {logging_mixin.py:190} INFO - [2024-11-11T23:51:47.521+0000] {dag.py:4180} INFO - Setting next_dagrun for tutorial_dag to None, run_after=None
[2024-11-11T23:51:47.638+0000] {processor.py:208} INFO - Processing /home/airflow/.local/lib/python3.12/site-packages/airflow/example_dags/tutorial_dag.py took 0.205 seconds
[2024-11-11T23:52:17.829+0000] {processor.py:186} INFO - Started process (PID=1116) to work on /home/airflow/.local/lib/python3.12/site-packages/airflow/example_dags/tutorial_dag.py
[2024-11-11T23:52:17.830+0000] {processor.py:914} INFO - Processing file /home/airflow/.local/lib/python3.12/site-packages/airflow/example_dags/tutorial_dag.py for tasks to queue
[2024-11-11T23:52:17.833+0000] {logging_mixin.py:190} INFO - [2024-11-11T23:52:17.833+0000] {dagbag.py:588} INFO - Filling up the DagBag from /home/airflow/.local/lib/python3.12/site-packages/airflow/example_dags/tutorial_dag.py
[2024-11-11T23:52:17.841+0000] {processor.py:925} INFO - DAG(s) 'tutorial_dag' retrieved from /home/airflow/.local/lib/python3.12/site-packages/airflow/example_dags/tutorial_dag.py
[2024-11-11T23:52:17.865+0000] {logging_mixin.py:190} INFO - [2024-11-11T23:52:17.865+0000] {dag.py:3239} INFO - Sync 1 DAGs
[2024-11-11T23:52:17.886+0000] {logging_mixin.py:190} INFO - [2024-11-11T23:52:17.885+0000] {dag.py:4180} INFO - Setting next_dagrun for tutorial_dag to None, run_after=None
[2024-11-11T23:52:17.909+0000] {processor.py:208} INFO - Processing /home/airflow/.local/lib/python3.12/site-packages/airflow/example_dags/tutorial_dag.py took 0.087 seconds
[2024-11-11T23:52:48.253+0000] {processor.py:186} INFO - Started process (PID=1180) to work on /home/airflow/.local/lib/python3.12/site-packages/airflow/example_dags/tutorial_dag.py
[2024-11-11T23:52:48.255+0000] {processor.py:914} INFO - Processing file /home/airflow/.local/lib/python3.12/site-packages/airflow/example_dags/tutorial_dag.py for tasks to queue
[2024-11-11T23:52:48.258+0000] {logging_mixin.py:190} INFO - [2024-11-11T23:52:48.257+0000] {dagbag.py:588} INFO - Filling up the DagBag from /home/airflow/.local/lib/python3.12/site-packages/airflow/example_dags/tutorial_dag.py
[2024-11-11T23:52:48.265+0000] {processor.py:925} INFO - DAG(s) 'tutorial_dag' retrieved from /home/airflow/.local/lib/python3.12/site-packages/airflow/example_dags/tutorial_dag.py
[2024-11-11T23:52:48.284+0000] {logging_mixin.py:190} INFO - [2024-11-11T23:52:48.284+0000] {dag.py:3239} INFO - Sync 1 DAGs
[2024-11-11T23:52:48.298+0000] {logging_mixin.py:190} INFO - [2024-11-11T23:52:48.298+0000] {dag.py:4180} INFO - Setting next_dagrun for tutorial_dag to None, run_after=None
[2024-11-11T23:52:48.320+0000] {processor.py:208} INFO - Processing /home/airflow/.local/lib/python3.12/site-packages/airflow/example_dags/tutorial_dag.py took 0.073 seconds
[2024-11-11T23:53:18.621+0000] {processor.py:186} INFO - Started process (PID=1245) to work on /home/airflow/.local/lib/python3.12/site-packages/airflow/example_dags/tutorial_dag.py
[2024-11-11T23:53:18.623+0000] {processor.py:914} INFO - Processing file /home/airflow/.local/lib/python3.12/site-packages/airflow/example_dags/tutorial_dag.py for tasks to queue
[2024-11-11T23:53:18.627+0000] {logging_mixin.py:190} INFO - [2024-11-11T23:53:18.626+0000] {dagbag.py:588} INFO - Filling up the DagBag from /home/airflow/.local/lib/python3.12/site-packages/airflow/example_dags/tutorial_dag.py
[2024-11-11T23:53:18.639+0000] {processor.py:925} INFO - DAG(s) 'tutorial_dag' retrieved from /home/airflow/.local/lib/python3.12/site-packages/airflow/example_dags/tutorial_dag.py
[2024-11-11T23:53:18.674+0000] {logging_mixin.py:190} INFO - [2024-11-11T23:53:18.673+0000] {dag.py:3239} INFO - Sync 1 DAGs
[2024-11-11T23:53:18.697+0000] {logging_mixin.py:190} INFO - [2024-11-11T23:53:18.697+0000] {dag.py:4180} INFO - Setting next_dagrun for tutorial_dag to None, run_after=None
[2024-11-11T23:53:18.741+0000] {processor.py:208} INFO - Processing /home/airflow/.local/lib/python3.12/site-packages/airflow/example_dags/tutorial_dag.py took 0.130 seconds
[2024-11-11T23:53:49.718+0000] {processor.py:186} INFO - Started process (PID=1309) to work on /home/airflow/.local/lib/python3.12/site-packages/airflow/example_dags/tutorial_dag.py
[2024-11-11T23:53:49.720+0000] {processor.py:914} INFO - Processing file /home/airflow/.local/lib/python3.12/site-packages/airflow/example_dags/tutorial_dag.py for tasks to queue
[2024-11-11T23:53:49.724+0000] {logging_mixin.py:190} INFO - [2024-11-11T23:53:49.723+0000] {dagbag.py:588} INFO - Filling up the DagBag from /home/airflow/.local/lib/python3.12/site-packages/airflow/example_dags/tutorial_dag.py
[2024-11-11T23:53:49.753+0000] {processor.py:925} INFO - DAG(s) 'tutorial_dag' retrieved from /home/airflow/.local/lib/python3.12/site-packages/airflow/example_dags/tutorial_dag.py
[2024-11-11T23:53:50.002+0000] {logging_mixin.py:190} INFO - [2024-11-11T23:53:50.001+0000] {dag.py:3239} INFO - Sync 1 DAGs
[2024-11-11T23:53:50.230+0000] {logging_mixin.py:190} INFO - [2024-11-11T23:53:50.230+0000] {dag.py:4180} INFO - Setting next_dagrun for tutorial_dag to None, run_after=None
[2024-11-11T23:53:50.401+0000] {processor.py:208} INFO - Processing /home/airflow/.local/lib/python3.12/site-packages/airflow/example_dags/tutorial_dag.py took 0.692 seconds
[2024-11-11T23:54:20.485+0000] {processor.py:186} INFO - Started process (PID=1373) to work on /home/airflow/.local/lib/python3.12/site-packages/airflow/example_dags/tutorial_dag.py
[2024-11-11T23:54:20.487+0000] {processor.py:914} INFO - Processing file /home/airflow/.local/lib/python3.12/site-packages/airflow/example_dags/tutorial_dag.py for tasks to queue
[2024-11-11T23:54:20.490+0000] {logging_mixin.py:190} INFO - [2024-11-11T23:54:20.490+0000] {dagbag.py:588} INFO - Filling up the DagBag from /home/airflow/.local/lib/python3.12/site-packages/airflow/example_dags/tutorial_dag.py
[2024-11-11T23:54:20.500+0000] {processor.py:925} INFO - DAG(s) 'tutorial_dag' retrieved from /home/airflow/.local/lib/python3.12/site-packages/airflow/example_dags/tutorial_dag.py
[2024-11-11T23:54:20.522+0000] {logging_mixin.py:190} INFO - [2024-11-11T23:54:20.522+0000] {dag.py:3239} INFO - Sync 1 DAGs
[2024-11-11T23:54:20.538+0000] {logging_mixin.py:190} INFO - [2024-11-11T23:54:20.538+0000] {dag.py:4180} INFO - Setting next_dagrun for tutorial_dag to None, run_after=None
[2024-11-11T23:54:20.567+0000] {processor.py:208} INFO - Processing /home/airflow/.local/lib/python3.12/site-packages/airflow/example_dags/tutorial_dag.py took 0.090 seconds
[2024-11-11T23:54:51.169+0000] {processor.py:186} INFO - Started process (PID=1437) to work on /home/airflow/.local/lib/python3.12/site-packages/airflow/example_dags/tutorial_dag.py
[2024-11-11T23:54:51.170+0000] {processor.py:914} INFO - Processing file /home/airflow/.local/lib/python3.12/site-packages/airflow/example_dags/tutorial_dag.py for tasks to queue
[2024-11-11T23:54:51.172+0000] {logging_mixin.py:190} INFO - [2024-11-11T23:54:51.172+0000] {dagbag.py:588} INFO - Filling up the DagBag from /home/airflow/.local/lib/python3.12/site-packages/airflow/example_dags/tutorial_dag.py
[2024-11-11T23:54:51.180+0000] {processor.py:925} INFO - DAG(s) 'tutorial_dag' retrieved from /home/airflow/.local/lib/python3.12/site-packages/airflow/example_dags/tutorial_dag.py
[2024-11-11T23:54:51.202+0000] {logging_mixin.py:190} INFO - [2024-11-11T23:54:51.201+0000] {dag.py:3239} INFO - Sync 1 DAGs
[2024-11-11T23:54:51.216+0000] {logging_mixin.py:190} INFO - [2024-11-11T23:54:51.216+0000] {dag.py:4180} INFO - Setting next_dagrun for tutorial_dag to None, run_after=None
[2024-11-11T23:54:51.244+0000] {processor.py:208} INFO - Processing /home/airflow/.local/lib/python3.12/site-packages/airflow/example_dags/tutorial_dag.py took 0.080 seconds
[2024-11-11T23:55:21.603+0000] {processor.py:186} INFO - Started process (PID=1501) to work on /home/airflow/.local/lib/python3.12/site-packages/airflow/example_dags/tutorial_dag.py
[2024-11-11T23:55:21.605+0000] {processor.py:914} INFO - Processing file /home/airflow/.local/lib/python3.12/site-packages/airflow/example_dags/tutorial_dag.py for tasks to queue
[2024-11-11T23:55:21.609+0000] {logging_mixin.py:190} INFO - [2024-11-11T23:55:21.608+0000] {dagbag.py:588} INFO - Filling up the DagBag from /home/airflow/.local/lib/python3.12/site-packages/airflow/example_dags/tutorial_dag.py
[2024-11-11T23:55:21.619+0000] {processor.py:925} INFO - DAG(s) 'tutorial_dag' retrieved from /home/airflow/.local/lib/python3.12/site-packages/airflow/example_dags/tutorial_dag.py
[2024-11-11T23:55:21.645+0000] {logging_mixin.py:190} INFO - [2024-11-11T23:55:21.644+0000] {dag.py:3239} INFO - Sync 1 DAGs
[2024-11-11T23:55:21.665+0000] {logging_mixin.py:190} INFO - [2024-11-11T23:55:21.665+0000] {dag.py:4180} INFO - Setting next_dagrun for tutorial_dag to None, run_after=None
[2024-11-11T23:55:21.700+0000] {processor.py:208} INFO - Processing /home/airflow/.local/lib/python3.12/site-packages/airflow/example_dags/tutorial_dag.py took 0.103 seconds
[2024-11-11T23:55:51.948+0000] {processor.py:186} INFO - Started process (PID=1565) to work on /home/airflow/.local/lib/python3.12/site-packages/airflow/example_dags/tutorial_dag.py
[2024-11-11T23:55:51.949+0000] {processor.py:914} INFO - Processing file /home/airflow/.local/lib/python3.12/site-packages/airflow/example_dags/tutorial_dag.py for tasks to queue
[2024-11-11T23:55:51.952+0000] {logging_mixin.py:190} INFO - [2024-11-11T23:55:51.952+0000] {dagbag.py:588} INFO - Filling up the DagBag from /home/airflow/.local/lib/python3.12/site-packages/airflow/example_dags/tutorial_dag.py
[2024-11-11T23:55:51.960+0000] {processor.py:925} INFO - DAG(s) 'tutorial_dag' retrieved from /home/airflow/.local/lib/python3.12/site-packages/airflow/example_dags/tutorial_dag.py
[2024-11-11T23:55:51.981+0000] {logging_mixin.py:190} INFO - [2024-11-11T23:55:51.980+0000] {dag.py:3239} INFO - Sync 1 DAGs
[2024-11-11T23:55:51.995+0000] {logging_mixin.py:190} INFO - [2024-11-11T23:55:51.995+0000] {dag.py:4180} INFO - Setting next_dagrun for tutorial_dag to None, run_after=None
[2024-11-11T23:55:52.018+0000] {processor.py:208} INFO - Processing /home/airflow/.local/lib/python3.12/site-packages/airflow/example_dags/tutorial_dag.py took 0.076 seconds
[2024-11-11T23:56:22.342+0000] {processor.py:186} INFO - Started process (PID=1629) to work on /home/airflow/.local/lib/python3.12/site-packages/airflow/example_dags/tutorial_dag.py
[2024-11-11T23:56:22.343+0000] {processor.py:914} INFO - Processing file /home/airflow/.local/lib/python3.12/site-packages/airflow/example_dags/tutorial_dag.py for tasks to queue
[2024-11-11T23:56:22.346+0000] {logging_mixin.py:190} INFO - [2024-11-11T23:56:22.346+0000] {dagbag.py:588} INFO - Filling up the DagBag from /home/airflow/.local/lib/python3.12/site-packages/airflow/example_dags/tutorial_dag.py
[2024-11-11T23:56:22.353+0000] {processor.py:925} INFO - DAG(s) 'tutorial_dag' retrieved from /home/airflow/.local/lib/python3.12/site-packages/airflow/example_dags/tutorial_dag.py
[2024-11-11T23:56:22.374+0000] {logging_mixin.py:190} INFO - [2024-11-11T23:56:22.373+0000] {dag.py:3239} INFO - Sync 1 DAGs
[2024-11-11T23:56:22.387+0000] {logging_mixin.py:190} INFO - [2024-11-11T23:56:22.387+0000] {dag.py:4180} INFO - Setting next_dagrun for tutorial_dag to None, run_after=None
[2024-11-11T23:56:22.422+0000] {processor.py:208} INFO - Processing /home/airflow/.local/lib/python3.12/site-packages/airflow/example_dags/tutorial_dag.py took 0.085 seconds
[2024-11-11T23:56:52.657+0000] {processor.py:186} INFO - Started process (PID=1693) to work on /home/airflow/.local/lib/python3.12/site-packages/airflow/example_dags/tutorial_dag.py
[2024-11-11T23:56:52.659+0000] {processor.py:914} INFO - Processing file /home/airflow/.local/lib/python3.12/site-packages/airflow/example_dags/tutorial_dag.py for tasks to queue
[2024-11-11T23:56:52.663+0000] {logging_mixin.py:190} INFO - [2024-11-11T23:56:52.662+0000] {dagbag.py:588} INFO - Filling up the DagBag from /home/airflow/.local/lib/python3.12/site-packages/airflow/example_dags/tutorial_dag.py
[2024-11-11T23:56:52.675+0000] {processor.py:925} INFO - DAG(s) 'tutorial_dag' retrieved from /home/airflow/.local/lib/python3.12/site-packages/airflow/example_dags/tutorial_dag.py
[2024-11-11T23:56:52.698+0000] {logging_mixin.py:190} INFO - [2024-11-11T23:56:52.697+0000] {dag.py:3239} INFO - Sync 1 DAGs
[2024-11-11T23:56:52.717+0000] {logging_mixin.py:190} INFO - [2024-11-11T23:56:52.717+0000] {dag.py:4180} INFO - Setting next_dagrun for tutorial_dag to None, run_after=None
[2024-11-11T23:56:52.751+0000] {processor.py:208} INFO - Processing /home/airflow/.local/lib/python3.12/site-packages/airflow/example_dags/tutorial_dag.py took 0.102 seconds
[2024-11-11T23:57:23.308+0000] {processor.py:186} INFO - Started process (PID=1757) to work on /home/airflow/.local/lib/python3.12/site-packages/airflow/example_dags/tutorial_dag.py
[2024-11-11T23:57:23.309+0000] {processor.py:914} INFO - Processing file /home/airflow/.local/lib/python3.12/site-packages/airflow/example_dags/tutorial_dag.py for tasks to queue
[2024-11-11T23:57:23.312+0000] {logging_mixin.py:190} INFO - [2024-11-11T23:57:23.311+0000] {dagbag.py:588} INFO - Filling up the DagBag from /home/airflow/.local/lib/python3.12/site-packages/airflow/example_dags/tutorial_dag.py
[2024-11-11T23:57:23.319+0000] {processor.py:925} INFO - DAG(s) 'tutorial_dag' retrieved from /home/airflow/.local/lib/python3.12/site-packages/airflow/example_dags/tutorial_dag.py
[2024-11-11T23:57:23.339+0000] {logging_mixin.py:190} INFO - [2024-11-11T23:57:23.339+0000] {dag.py:3239} INFO - Sync 1 DAGs
[2024-11-11T23:57:23.353+0000] {logging_mixin.py:190} INFO - [2024-11-11T23:57:23.353+0000] {dag.py:4180} INFO - Setting next_dagrun for tutorial_dag to None, run_after=None
[2024-11-11T23:57:23.376+0000] {processor.py:208} INFO - Processing /home/airflow/.local/lib/python3.12/site-packages/airflow/example_dags/tutorial_dag.py took 0.075 seconds
[2024-11-11T23:57:53.692+0000] {processor.py:186} INFO - Started process (PID=1821) to work on /home/airflow/.local/lib/python3.12/site-packages/airflow/example_dags/tutorial_dag.py
[2024-11-11T23:57:53.693+0000] {processor.py:914} INFO - Processing file /home/airflow/.local/lib/python3.12/site-packages/airflow/example_dags/tutorial_dag.py for tasks to queue
[2024-11-11T23:57:53.695+0000] {logging_mixin.py:190} INFO - [2024-11-11T23:57:53.695+0000] {dagbag.py:588} INFO - Filling up the DagBag from /home/airflow/.local/lib/python3.12/site-packages/airflow/example_dags/tutorial_dag.py
[2024-11-11T23:57:53.704+0000] {processor.py:925} INFO - DAG(s) 'tutorial_dag' retrieved from /home/airflow/.local/lib/python3.12/site-packages/airflow/example_dags/tutorial_dag.py
[2024-11-11T23:57:53.724+0000] {logging_mixin.py:190} INFO - [2024-11-11T23:57:53.724+0000] {dag.py:3239} INFO - Sync 1 DAGs
[2024-11-11T23:57:53.743+0000] {logging_mixin.py:190} INFO - [2024-11-11T23:57:53.742+0000] {dag.py:4180} INFO - Setting next_dagrun for tutorial_dag to None, run_after=None
[2024-11-11T23:57:53.766+0000] {processor.py:208} INFO - Processing /home/airflow/.local/lib/python3.12/site-packages/airflow/example_dags/tutorial_dag.py took 0.080 seconds
[2024-11-11T23:58:24.000+0000] {processor.py:186} INFO - Started process (PID=1885) to work on /home/airflow/.local/lib/python3.12/site-packages/airflow/example_dags/tutorial_dag.py
[2024-11-11T23:58:24.002+0000] {processor.py:914} INFO - Processing file /home/airflow/.local/lib/python3.12/site-packages/airflow/example_dags/tutorial_dag.py for tasks to queue
[2024-11-11T23:58:24.005+0000] {logging_mixin.py:190} INFO - [2024-11-11T23:58:24.004+0000] {dagbag.py:588} INFO - Filling up the DagBag from /home/airflow/.local/lib/python3.12/site-packages/airflow/example_dags/tutorial_dag.py
[2024-11-11T23:58:24.014+0000] {processor.py:925} INFO - DAG(s) 'tutorial_dag' retrieved from /home/airflow/.local/lib/python3.12/site-packages/airflow/example_dags/tutorial_dag.py
[2024-11-11T23:58:24.037+0000] {logging_mixin.py:190} INFO - [2024-11-11T23:58:24.036+0000] {dag.py:3239} INFO - Sync 1 DAGs
[2024-11-11T23:58:24.054+0000] {logging_mixin.py:190} INFO - [2024-11-11T23:58:24.053+0000] {dag.py:4180} INFO - Setting next_dagrun for tutorial_dag to None, run_after=None
[2024-11-11T23:58:24.079+0000] {processor.py:208} INFO - Processing /home/airflow/.local/lib/python3.12/site-packages/airflow/example_dags/tutorial_dag.py took 0.085 seconds
[2024-11-11T23:58:55.063+0000] {processor.py:186} INFO - Started process (PID=1949) to work on /home/airflow/.local/lib/python3.12/site-packages/airflow/example_dags/tutorial_dag.py
[2024-11-11T23:58:55.064+0000] {processor.py:914} INFO - Processing file /home/airflow/.local/lib/python3.12/site-packages/airflow/example_dags/tutorial_dag.py for tasks to queue
[2024-11-11T23:58:55.067+0000] {logging_mixin.py:190} INFO - [2024-11-11T23:58:55.066+0000] {dagbag.py:588} INFO - Filling up the DagBag from /home/airflow/.local/lib/python3.12/site-packages/airflow/example_dags/tutorial_dag.py
[2024-11-11T23:58:55.075+0000] {processor.py:925} INFO - DAG(s) 'tutorial_dag' retrieved from /home/airflow/.local/lib/python3.12/site-packages/airflow/example_dags/tutorial_dag.py
[2024-11-11T23:58:55.095+0000] {logging_mixin.py:190} INFO - [2024-11-11T23:58:55.094+0000] {dag.py:3239} INFO - Sync 1 DAGs
[2024-11-11T23:58:55.109+0000] {logging_mixin.py:190} INFO - [2024-11-11T23:58:55.109+0000] {dag.py:4180} INFO - Setting next_dagrun for tutorial_dag to None, run_after=None
[2024-11-11T23:58:55.131+0000] {processor.py:208} INFO - Processing /home/airflow/.local/lib/python3.12/site-packages/airflow/example_dags/tutorial_dag.py took 0.074 seconds
[2024-11-11T23:59:25.398+0000] {processor.py:186} INFO - Started process (PID=2013) to work on /home/airflow/.local/lib/python3.12/site-packages/airflow/example_dags/tutorial_dag.py
[2024-11-11T23:59:25.400+0000] {processor.py:914} INFO - Processing file /home/airflow/.local/lib/python3.12/site-packages/airflow/example_dags/tutorial_dag.py for tasks to queue
[2024-11-11T23:59:25.402+0000] {logging_mixin.py:190} INFO - [2024-11-11T23:59:25.402+0000] {dagbag.py:588} INFO - Filling up the DagBag from /home/airflow/.local/lib/python3.12/site-packages/airflow/example_dags/tutorial_dag.py
[2024-11-11T23:59:25.410+0000] {processor.py:925} INFO - DAG(s) 'tutorial_dag' retrieved from /home/airflow/.local/lib/python3.12/site-packages/airflow/example_dags/tutorial_dag.py
[2024-11-11T23:59:25.436+0000] {logging_mixin.py:190} INFO - [2024-11-11T23:59:25.435+0000] {dag.py:3239} INFO - Sync 1 DAGs
[2024-11-11T23:59:25.453+0000] {logging_mixin.py:190} INFO - [2024-11-11T23:59:25.453+0000] {dag.py:4180} INFO - Setting next_dagrun for tutorial_dag to None, run_after=None
[2024-11-11T23:59:25.489+0000] {processor.py:208} INFO - Processing /home/airflow/.local/lib/python3.12/site-packages/airflow/example_dags/tutorial_dag.py took 0.098 seconds
[2024-11-11T23:59:55.661+0000] {processor.py:186} INFO - Started process (PID=2077) to work on /home/airflow/.local/lib/python3.12/site-packages/airflow/example_dags/tutorial_dag.py
[2024-11-11T23:59:55.663+0000] {processor.py:914} INFO - Processing file /home/airflow/.local/lib/python3.12/site-packages/airflow/example_dags/tutorial_dag.py for tasks to queue
[2024-11-11T23:59:55.665+0000] {logging_mixin.py:190} INFO - [2024-11-11T23:59:55.665+0000] {dagbag.py:588} INFO - Filling up the DagBag from /home/airflow/.local/lib/python3.12/site-packages/airflow/example_dags/tutorial_dag.py
[2024-11-11T23:59:55.674+0000] {processor.py:925} INFO - DAG(s) 'tutorial_dag' retrieved from /home/airflow/.local/lib/python3.12/site-packages/airflow/example_dags/tutorial_dag.py
[2024-11-11T23:59:55.697+0000] {logging_mixin.py:190} INFO - [2024-11-11T23:59:55.697+0000] {dag.py:3239} INFO - Sync 1 DAGs
[2024-11-11T23:59:55.712+0000] {logging_mixin.py:190} INFO - [2024-11-11T23:59:55.712+0000] {dag.py:4180} INFO - Setting next_dagrun for tutorial_dag to None, run_after=None
[2024-11-11T23:59:55.735+0000] {processor.py:208} INFO - Processing /home/airflow/.local/lib/python3.12/site-packages/airflow/example_dags/tutorial_dag.py took 0.080 seconds
