[2024-11-11T23:54:03.452+0000] {local_task_job_runner.py:123} INFO - ::group::Pre task execution logs
[2024-11-11T23:54:03.475+0000] {taskinstance.py:2613} INFO - Dependencies all met for dep_context=non-requeueable deps ti=<TaskInstance: brew-dag.connect_api scheduled__2024-11-11T22:30:00+00:00 [queued]>
[2024-11-11T23:54:03.490+0000] {taskinstance.py:2613} INFO - Dependencies all met for dep_context=requeueable deps ti=<TaskInstance: brew-dag.connect_api scheduled__2024-11-11T22:30:00+00:00 [queued]>
[2024-11-11T23:54:03.492+0000] {taskinstance.py:2866} INFO - Starting attempt 1 of 1
[2024-11-11T23:54:03.857+0000] {taskinstance.py:2889} INFO - Executing <Task(PythonOperator): connect_api> on 2024-11-11 22:30:00+00:00
[2024-11-11T23:54:03.953+0000] {warnings.py:112} WARNING - /home/***/.local/lib/python3.12/site-packages/***/task/task_runner/standard_task_runner.py:70: DeprecationWarning: This process (pid=193) is multi-threaded, use of fork() may lead to deadlocks in the child.
  pid = os.fork()

[2024-11-11T23:54:03.956+0000] {standard_task_runner.py:104} INFO - Running: ['***', 'tasks', 'run', 'brew-dag', 'connect_api', 'scheduled__2024-11-11T22:30:00+00:00', '--job-id', '3', '--raw', '--subdir', 'DAGS_FOLDER/brew-dag.py', '--cfg-path', '/tmp/tmp3ntmiplw']
[2024-11-11T23:54:03.958+0000] {standard_task_runner.py:72} INFO - Started process 195 to run task
[2024-11-11T23:54:03.959+0000] {standard_task_runner.py:105} INFO - Job 3: Subtask connect_api
[2024-11-11T23:54:04.174+0000] {task_command.py:467} INFO - Running <TaskInstance: brew-dag.connect_api scheduled__2024-11-11T22:30:00+00:00 [running]> on host a9b2dc2d814a
[2024-11-11T23:54:04.601+0000] {taskinstance.py:3132} INFO - Exporting env vars: AIRFLOW_CTX_DAG_OWNER='***' AIRFLOW_CTX_DAG_ID='brew-dag' AIRFLOW_CTX_TASK_ID='connect_api' AIRFLOW_CTX_EXECUTION_DATE='2024-11-11T22:30:00+00:00' AIRFLOW_CTX_TRY_NUMBER='1' AIRFLOW_CTX_DAG_RUN_ID='scheduled__2024-11-11T22:30:00+00:00'
[2024-11-11T23:54:04.603+0000] {logging_mixin.py:190} INFO - Task instance is in running state
[2024-11-11T23:54:04.604+0000] {logging_mixin.py:190} INFO -  Previous state of the Task instance: queued
[2024-11-11T23:54:04.605+0000] {logging_mixin.py:190} INFO - Current task name:connect_api state:running start_date:2024-11-11 23:54:03.476825+00:00
[2024-11-11T23:54:04.606+0000] {logging_mixin.py:190} INFO - Dag name:brew-dag and current dag run status:running
[2024-11-11T23:54:04.607+0000] {taskinstance.py:731} INFO - ::endgroup::
[2024-11-11T23:54:06.262+0000] {python.py:240} INFO - Done. Returned value was: 200
[2024-11-11T23:54:06.315+0000] {taskinstance.py:340} INFO - ::group::Post task execution logs
[2024-11-11T23:54:06.318+0000] {taskinstance.py:352} INFO - Marking task as SUCCESS. dag_id=brew-dag, task_id=connect_api, run_id=scheduled__2024-11-11T22:30:00+00:00, execution_date=20241111T223000, start_date=20241111T235403, end_date=20241111T235406
[2024-11-11T23:54:06.336+0000] {logging_mixin.py:190} INFO - Task instance in success state
[2024-11-11T23:54:06.336+0000] {logging_mixin.py:190} INFO -  Previous state of the Task instance: running
[2024-11-11T23:54:06.337+0000] {logging_mixin.py:190} INFO - Dag name:brew-dag queued_at:2024-11-11 23:53:40.715344+00:00
[2024-11-11T23:54:06.338+0000] {logging_mixin.py:190} INFO - Task hostname:a9b2dc2d814a operator:PythonOperator
[2024-11-11T23:54:06.361+0000] {local_task_job_runner.py:266} INFO - Task exited with return code 0
[2024-11-11T23:54:06.392+0000] {taskinstance.py:3895} INFO - 1 downstream tasks scheduled from follow-on schedule check
[2024-11-11T23:54:06.397+0000] {local_task_job_runner.py:245} INFO - ::endgroup::
