[2024-11-13T22:56:45.678+0000] {local_task_job_runner.py:123} INFO - ::group::Pre task execution logs
[2024-11-13T22:56:45.698+0000] {taskinstance.py:2613} INFO - Dependencies all met for dep_context=non-requeueable deps ti=<TaskInstance: brew-dag.api_bronze scheduled__2024-11-12T07:00:00+00:00 [queued]>
[2024-11-13T22:56:45.713+0000] {taskinstance.py:2613} INFO - Dependencies all met for dep_context=requeueable deps ti=<TaskInstance: brew-dag.api_bronze scheduled__2024-11-12T07:00:00+00:00 [queued]>
[2024-11-13T22:56:45.715+0000] {taskinstance.py:2866} INFO - Starting attempt 3 of 4
[2024-11-13T22:56:45.739+0000] {taskinstance.py:2889} INFO - Executing <Task(PythonOperator): api_bronze> on 2024-11-12 07:00:00+00:00
[2024-11-13T22:56:45.755+0000] {warnings.py:112} WARNING - /home/***/.local/lib/python3.12/site-packages/***/task/task_runner/standard_task_runner.py:70: DeprecationWarning: This process (pid=396) is multi-threaded, use of fork() may lead to deadlocks in the child.
  pid = os.fork()

[2024-11-13T22:56:45.757+0000] {standard_task_runner.py:104} INFO - Running: ['***', 'tasks', 'run', 'brew-dag', 'api_bronze', 'scheduled__2024-11-12T07:00:00+00:00', '--job-id', '65', '--raw', '--subdir', 'DAGS_FOLDER/brew-dag.py', '--cfg-path', '/tmp/tmpha9ogmag']
[2024-11-13T22:56:45.758+0000] {standard_task_runner.py:72} INFO - Started process 398 to run task
[2024-11-13T22:56:45.759+0000] {standard_task_runner.py:105} INFO - Job 65: Subtask api_bronze
[2024-11-13T22:56:45.831+0000] {task_command.py:467} INFO - Running <TaskInstance: brew-dag.api_bronze scheduled__2024-11-12T07:00:00+00:00 [running]> on host 453aae92f04c
[2024-11-13T22:56:45.994+0000] {taskinstance.py:3132} INFO - Exporting env vars: AIRFLOW_CTX_DAG_EMAIL='nelsonlsn@gmail.com' AIRFLOW_CTX_DAG_OWNER='***' AIRFLOW_CTX_DAG_ID='brew-dag' AIRFLOW_CTX_TASK_ID='api_bronze' AIRFLOW_CTX_EXECUTION_DATE='2024-11-12T07:00:00+00:00' AIRFLOW_CTX_TRY_NUMBER='3' AIRFLOW_CTX_DAG_RUN_ID='scheduled__2024-11-12T07:00:00+00:00'
[2024-11-13T22:56:45.995+0000] {logging_mixin.py:190} INFO - Task instance is in running state
[2024-11-13T22:56:45.996+0000] {logging_mixin.py:190} INFO -  Previous state of the Task instance: queued
[2024-11-13T22:56:45.997+0000] {logging_mixin.py:190} INFO - Current task name:api_bronze state:running start_date:2024-11-13 22:56:45.699327+00:00
[2024-11-13T22:56:45.997+0000] {logging_mixin.py:190} INFO - Dag name:brew-dag and current dag run status:running
[2024-11-13T22:56:45.998+0000] {taskinstance.py:731} INFO - ::endgroup::
[2024-11-13T22:56:46.415+0000] {python.py:240} INFO - Done. Returned value was: None
[2024-11-13T22:56:46.430+0000] {taskinstance.py:340} INFO - ::group::Post task execution logs
[2024-11-13T22:56:46.431+0000] {taskinstance.py:352} INFO - Marking task as SUCCESS. dag_id=brew-dag, task_id=api_bronze, run_id=scheduled__2024-11-12T07:00:00+00:00, execution_date=20241112T070000, start_date=20241113T225645, end_date=20241113T225646
[2024-11-13T22:56:46.447+0000] {logging_mixin.py:190} INFO - Task instance in success state
[2024-11-13T22:56:46.448+0000] {logging_mixin.py:190} INFO -  Previous state of the Task instance: running
[2024-11-13T22:56:46.448+0000] {logging_mixin.py:190} INFO - Dag name:brew-dag queued_at:2024-11-13 22:55:45.891295+00:00
[2024-11-13T22:56:46.449+0000] {logging_mixin.py:190} INFO - Task hostname:453aae92f04c operator:PythonOperator
[2024-11-13T22:56:46.498+0000] {local_task_job_runner.py:266} INFO - Task exited with return code 0
[2024-11-13T22:56:46.529+0000] {taskinstance.py:3895} INFO - 1 downstream tasks scheduled from follow-on schedule check
[2024-11-13T22:56:46.536+0000] {local_task_job_runner.py:245} INFO - ::endgroup::
