[2024-11-13T22:59:28.702+0000] {local_task_job_runner.py:123} INFO - ::group::Pre task execution logs
[2024-11-13T22:59:28.721+0000] {taskinstance.py:2613} INFO - Dependencies all met for dep_context=non-requeueable deps ti=<TaskInstance: brew-dag.api_bronze scheduled__2024-11-12T07:00:00+00:00 [queued]>
[2024-11-13T22:59:28.735+0000] {taskinstance.py:2613} INFO - Dependencies all met for dep_context=requeueable deps ti=<TaskInstance: brew-dag.api_bronze scheduled__2024-11-12T07:00:00+00:00 [queued]>
[2024-11-13T22:59:28.736+0000] {taskinstance.py:2866} INFO - Starting attempt 4 of 5
[2024-11-13T22:59:28.758+0000] {taskinstance.py:2889} INFO - Executing <Task(PythonOperator): api_bronze> on 2024-11-12 07:00:00+00:00
[2024-11-13T22:59:28.772+0000] {warnings.py:112} WARNING - /home/***/.local/lib/python3.12/site-packages/***/task/task_runner/standard_task_runner.py:70: DeprecationWarning: This process (pid=486) is multi-threaded, use of fork() may lead to deadlocks in the child.
  pid = os.fork()

[2024-11-13T22:59:28.775+0000] {standard_task_runner.py:72} INFO - Started process 488 to run task
[2024-11-13T22:59:28.775+0000] {standard_task_runner.py:104} INFO - Running: ['***', 'tasks', 'run', 'brew-dag', 'api_bronze', 'scheduled__2024-11-12T07:00:00+00:00', '--job-id', '72', '--raw', '--subdir', 'DAGS_FOLDER/brew-dag.py', '--cfg-path', '/tmp/tmp7s40hf6u']
[2024-11-13T22:59:28.779+0000] {standard_task_runner.py:105} INFO - Job 72: Subtask api_bronze
[2024-11-13T22:59:28.841+0000] {task_command.py:467} INFO - Running <TaskInstance: brew-dag.api_bronze scheduled__2024-11-12T07:00:00+00:00 [running]> on host 453aae92f04c
[2024-11-13T22:59:28.946+0000] {taskinstance.py:3132} INFO - Exporting env vars: AIRFLOW_CTX_DAG_EMAIL='nelsonlsn@gmail.com' AIRFLOW_CTX_DAG_OWNER='***' AIRFLOW_CTX_DAG_ID='brew-dag' AIRFLOW_CTX_TASK_ID='api_bronze' AIRFLOW_CTX_EXECUTION_DATE='2024-11-12T07:00:00+00:00' AIRFLOW_CTX_TRY_NUMBER='4' AIRFLOW_CTX_DAG_RUN_ID='scheduled__2024-11-12T07:00:00+00:00'
[2024-11-13T22:59:28.948+0000] {logging_mixin.py:190} INFO - Task instance is in running state
[2024-11-13T22:59:28.948+0000] {logging_mixin.py:190} INFO -  Previous state of the Task instance: queued
[2024-11-13T22:59:28.949+0000] {logging_mixin.py:190} INFO - Current task name:api_bronze state:running start_date:2024-11-13 22:59:28.722802+00:00
[2024-11-13T22:59:28.950+0000] {logging_mixin.py:190} INFO - Dag name:brew-dag and current dag run status:running
[2024-11-13T22:59:28.950+0000] {taskinstance.py:731} INFO - ::endgroup::
[2024-11-13T22:59:29.343+0000] {python.py:240} INFO - Done. Returned value was: None
[2024-11-13T22:59:29.356+0000] {taskinstance.py:340} INFO - ::group::Post task execution logs
[2024-11-13T22:59:29.357+0000] {taskinstance.py:352} INFO - Marking task as SUCCESS. dag_id=brew-dag, task_id=api_bronze, run_id=scheduled__2024-11-12T07:00:00+00:00, execution_date=20241112T070000, start_date=20241113T225928, end_date=20241113T225929
[2024-11-13T22:59:29.373+0000] {logging_mixin.py:190} INFO - Task instance in success state
[2024-11-13T22:59:29.374+0000] {logging_mixin.py:190} INFO -  Previous state of the Task instance: running
[2024-11-13T22:59:29.375+0000] {logging_mixin.py:190} INFO - Dag name:brew-dag queued_at:2024-11-13 22:57:57.035135+00:00
[2024-11-13T22:59:29.375+0000] {logging_mixin.py:190} INFO - Task hostname:453aae92f04c operator:PythonOperator
[2024-11-13T22:59:29.396+0000] {local_task_job_runner.py:266} INFO - Task exited with return code 0
[2024-11-13T22:59:29.421+0000] {taskinstance.py:3895} INFO - 1 downstream tasks scheduled from follow-on schedule check
[2024-11-13T22:59:29.426+0000] {local_task_job_runner.py:245} INFO - ::endgroup::
